#
# A fatal error has been detected by the Java Runtime Environment:
#
#  SIGSEGV (0xb) at pc=0x00007fa51a280ae4, pid=5948, tid=5949
#
# JRE version: OpenJDK Runtime Environment (11.0.17+8) (build 11.0.17+8-post-Ubuntu-1ubuntu220.04)
# Java VM: OpenJDK 64-Bit Server VM (11.0.17+8-post-Ubuntu-1ubuntu220.04, mixed mode, sharing, tiered, compressed oops, g1 gc, linux-amd64)
# Problematic frame:
# C  [libLLVM-13.so+0xd54ae4]  llvm::PointerType::get(llvm::Type*, unsigned int)+0x14
#
# No core dump will be written. Core dumps have been disabled. To enable core dumping, try "ulimit -c unlimited" before starting Java again
#
# If you would like to submit a bug report, please visit:
#   https://bugs.launchpad.net/ubuntu/+source/openjdk-lts
# The crash happened outside the Java Virtual Machine in native code.
# See problematic frame for where to report the bug.
#

---------------  S U M M A R Y ------------

Command Line: -Dfile.encoding=UTF-8 Main ./tests/test1.sysy ./tests/test1_ans.txt

Host: 11th Gen Intel(R) Core(TM) i7-1165G7 @ 2.80GHz, 8 cores, 12G, Ubuntu 20.04.5 LTS
Time: Wed Jan 18 12:15:43 2023 CST elapsed time: 0.204691 seconds (0d 0h 0m 0s)

---------------  T H R E A D  ---------------

Current thread (0x00007fa58c016800):  JavaThread "main" [_thread_in_native, id=5949, stack(0x00007fa592ec3000,0x00007fa592fc4000)]

Stack: [0x00007fa592ec3000,0x00007fa592fc4000],  sp=0x00007fa592fc19b0,  free space=1018k
Native frames: (J=compiled Java code, A=aot compiled Java code, j=interpreted, Vv=VM code, C=native code)
C  [libLLVM-13.so+0xd54ae4]  llvm::PointerType::get(llvm::Type*, unsigned int)+0x14

Java frames: (J=compiled Java code, j=interpreted, Vv=VM code)
j  org.bytedeco.llvm.global.LLVM.LLVMBuildGEP(Lorg/bytedeco/llvm/LLVM/LLVMBuilderRef;Lorg/bytedeco/llvm/LLVM/LLVMValueRef;Lorg/bytedeco/javacpp/PointerPointer;ILjava/lang/String;)Lorg/bytedeco/llvm/LLVM/LLVMValueRef;+0
j  FunctionAndVarIRVisitor.visitLVal(LSysYParser$LValContext;)Lorg/bytedeco/llvm/LLVM/LLVMValueRef;+85
j  FunctionAndVarIRVisitor.visitLVal(LSysYParser$LValContext;)Ljava/lang/Object;+2
j  SysYParser$LValContext.accept(Lorg/antlr/v4/runtime/tree/ParseTreeVisitor;)Ljava/lang/Object;+12
j  org.antlr.v4.runtime.tree.AbstractParseTreeVisitor.visit(Lorg/antlr/v4/runtime/tree/ParseTree;)Ljava/lang/Object;+2
j  FunctionAndVarIRVisitor.visitAssignStmt(LSysYParser$AssignStmtContext;)Lorg/bytedeco/llvm/LLVM/LLVMValueRef;+96
j  FunctionAndVarIRVisitor.visitAssignStmt(LSysYParser$AssignStmtContext;)Ljava/lang/Object;+2
j  SysYParser$AssignStmtContext.accept(Lorg/antlr/v4/runtime/tree/ParseTreeVisitor;)Ljava/lang/Object;+12
j  org.antlr.v4.runtime.tree.AbstractParseTreeVisitor.visitChildren(Lorg/antlr/v4/runtime/tree/RuleNode;)Ljava/lang/Object;+46
j  SysYParserBaseVisitor.visitBlockItem(LSysYParser$BlockItemContext;)Ljava/lang/Object;+2
j  SysYParser$BlockItemContext.accept(Lorg/antlr/v4/runtime/tree/ParseTreeVisitor;)Ljava/lang/Object;+12
j  org.antlr.v4.runtime.tree.AbstractParseTreeVisitor.visitChildren(Lorg/antlr/v4/runtime/tree/RuleNode;)Ljava/lang/Object;+46
j  SysYParserBaseVisitor.visitBlock(LSysYParser$BlockContext;)Ljava/lang/Object;+2
j  FunctionAndVarIRVisitor.visitBlock(LSysYParser$BlockContext;)Lorg/bytedeco/llvm/LLVM/LLVMValueRef;+66
j  FunctionAndVarIRVisitor.visitBlock(LSysYParser$BlockContext;)Ljava/lang/Object;+2
j  SysYParser$BlockContext.accept(Lorg/antlr/v4/runtime/tree/ParseTreeVisitor;)Ljava/lang/Object;+12
j  org.antlr.v4.runtime.tree.AbstractParseTreeVisitor.visitChildren(Lorg/antlr/v4/runtime/tree/RuleNode;)Ljava/lang/Object;+46
j  SysYParserBaseVisitor.visitFuncDef(LSysYParser$FuncDefContext;)Ljava/lang/Object;+2
j  FunctionAndVarIRVisitor.visitFuncDef(LSysYParser$FuncDefContext;)Lorg/bytedeco/llvm/LLVM/LLVMValueRef;+565
j  FunctionAndVarIRVisitor.visitFuncDef(LSysYParser$FuncDefContext;)Ljava/lang/Object;+2
j  SysYParser$FuncDefContext.accept(Lorg/antlr/v4/runtime/tree/ParseTreeVisitor;)Ljava/lang/Object;+12
j  org.antlr.v4.runtime.tree.AbstractParseTreeVisitor.visitChildren(Lorg/antlr/v4/runtime/tree/RuleNode;)Ljava/lang/Object;+46
j  SysYParserBaseVisitor.visitCompUnit(LSysYParser$CompUnitContext;)Ljava/lang/Object;+2
j  SysYParser$CompUnitContext.accept(Lorg/antlr/v4/runtime/tree/ParseTreeVisitor;)Ljava/lang/Object;+12
j  org.antlr.v4.runtime.tree.AbstractParseTreeVisitor.visitChildren(Lorg/antlr/v4/runtime/tree/RuleNode;)Ljava/lang/Object;+46
j  SysYParserBaseVisitor.visitProgram(LSysYParser$ProgramContext;)Ljava/lang/Object;+2
j  FunctionAndVarIRVisitor.visitProgram(LSysYParser$ProgramContext;)Lorg/bytedeco/llvm/LLVM/LLVMValueRef;+22
j  FunctionAndVarIRVisitor.visitProgram(LSysYParser$ProgramContext;)Ljava/lang/Object;+2
j  SysYParser$ProgramContext.accept(Lorg/antlr/v4/runtime/tree/ParseTreeVisitor;)Ljava/lang/Object;+12
j  org.antlr.v4.runtime.tree.AbstractParseTreeVisitor.visit(Lorg/antlr/v4/runtime/tree/ParseTree;)Ljava/lang/Object;+2
j  Main.funcAndVarIRGenerate([Ljava/lang/String;)V+76
j  Main.main([Ljava/lang/String;)V+1
v  ~StubRoutines::call_stub

siginfo: si_signo: 11 (SIGSEGV), si_code: 1 (SEGV_MAPERR), si_addr: 0x0000000000000000

Register to memory mapping:

RAX=0x0 is NULL
RBX=0x0 is NULL
RCX=0x00007fa58c541cb0 points into unknown readable memory: 0x00007fa58c53a730 | 30 a7 53 8c a5 7f 00 00
RDX=0x000000000000000d is an unknown value
RSP=0x00007fa592fc19b0 is pointing into the stack for thread: 0x00007fa58c016800
RBP=0x00007fa58c43f140 points into unknown readable memory: 0x00007fa58c541cb0 | b0 1c 54 8c a5 7f 00 00
RSI=0x0 is NULL
RDI=0x0 is NULL
R8 =0x0 is NULL
R9 =0x00007fa58c016800 is a thread
R10=0xfffffffffffff55a is an unknown value
R11=0x00007fa51a158bb0: LLVMBuildGEP+0x0000000000000000 in /root/.javacpp/cache/llvm-13.0.1-1.5.7-linux-x86_64.jar/org/bytedeco/llvm/linux-x86_64/libLLVM-13.so at 0x00007fa51952c000
R12=0x0 is NULL
R13=0x00007fa58c54ac40 points into unknown readable memory: 0x00007fa58c53cd50 | 50 cd 53 8c a5 7f 00 00
R14=0x0000000000000002 is an unknown value
R15=0x00007fa58c541c40 points into unknown readable memory: 0x00007fa58c53a730 | 30 a7 53 8c a5 7f 00 00


Registers:
RAX=0x0000000000000000, RBX=0x0000000000000000, RCX=0x00007fa58c541cb0, RDX=0x000000000000000d
RSP=0x00007fa592fc19b0, RBP=0x00007fa58c43f140, RSI=0x0000000000000000, RDI=0x0000000000000000
R8 =0x0000000000000000, R9 =0x00007fa58c016800, R10=0xfffffffffffff55a, R11=0x00007fa51a158bb0
R12=0x0000000000000000, R13=0x00007fa58c54ac40, R14=0x0000000000000002, R15=0x00007fa58c541c40
RIP=0x00007fa51a280ae4, EFLAGS=0x0000000000010202, CSGSFS=0x002b000000000033, ERR=0x0000000000000004
  TRAPNO=0x000000000000000e

Top of Stack: (sp=0x00007fa592fc19b0)
0x00007fa592fc19b0:   0000000000000000 0000000000000000
0x00007fa592fc19c0:   00000000000000b0 0000000000000003
0x00007fa592fc19d0:   00007fa592fc1bd0 00007fa58c517bc0
0x00007fa592fc19e0:   00007fa58c43f140 00007fa58c53a6d0 

Instructions: (pc=0x00007fa51a280ae4)
0x00007fa51a2809e4:   00 e0 ff ff 75 07 48 85 c9 49 0f 44 c8 45 01 d1
0x00007fa51a2809f4:   45 8d 5a 01 41 21 f9 45 89 c8 49 c1 e0 04 49 01
0x00007fa51a280a04:   c0 49 8b 10 48 85 d2 0f 85 85 00 00 00 4c 89 c0
0x00007fa51a280a14:   e9 e7 f6 ff ff 8b 83 f8 08 00 00 8d 48 01 48 85
0x00007fa51a280a24:   ff 0f 84 fc f6 ff ff 48 8b 07 48 89 fa e9 57 f2
0x00007fa51a280a34:   ff ff 48 85 ff 75 0b 48 81 f9 00 e0 ff ff 49 0f
0x00007fa51a280a44:   44 f8 45 01 d1 45 8d 5a 01 41 21 d1 45 89 c8 49
0x00007fa51a280a54:   c1 e0 04 49 01 c0 49 8b 08 48 85 c9 74 af 45 89
0x00007fa51a280a64:   da e9 3f fc ff ff 48 81 ff 00 e0 ff ff 0f 85 a4
0x00007fa51a280a74:   f7 ff ff 83 7a 08 fe 0f 85 9a f7 ff ff 4d 85 c0
0x00007fa51a280a84:   4c 0f 44 c2 e9 8e f7 ff ff 89 54 24 08 e9 ee fd
0x00007fa51a280a94:   ff ff 45 89 da e9 42 fe ff ff 48 81 fe 00 e0 ff
0x00007fa51a280aa4:   ff 0f 85 51 fa ff ff 83 7a 08 fe 0f 85 47 fa ff
0x00007fa51a280ab4:   ff 48 85 ff 48 0f 44 fa e9 3b fa ff ff e9 c7 42
0x00007fa51a280ac4:   bd ff 66 2e 0f 1f 84 00 00 00 00 00 41 57 41 56
0x00007fa51a280ad4:   41 55 41 54 41 89 f4 55 53 48 89 fb 48 83 ec 28
0x00007fa51a280ae4:   48 8b 3f 48 8b 2f 80 bd d0 08 00 00 00 75 7d 80
0x00007fa51a280af4:   7b 08 0f 75 07 48 83 7b 18 00 74 70 45 85 e4 0f
0x00007fa51a280b04:   85 87 00 00 00 44 8b bd e8 08 00 00 4c 8b ad d8
0x00007fa51a280b14:   08 00 00 45 85 ff 0f 84 50 01 00 00 41 89 de 89
0x00007fa51a280b24:   d8 45 8d 47 ff c1 e8 09 41 c1 ee 04 41 31 c6 44
0x00007fa51a280b34:   89 f7 44 21 c7 89 f8 48 c1 e0 04 49 8d 54 05 00
0x00007fa51a280b44:   48 8b 32 48 39 de 0f 85 70 07 00 00 48 8b 42 08
0x00007fa51a280b54:   4c 8d 72 08 48 85 c0 0f 84 b4 02 00 00 48 83 c4
0x00007fa51a280b64:   28 5b 5d 41 5c 41 5d 41 5e 41 5f c3 48 83 c4 28
0x00007fa51a280b74:   44 89 e6 5b 5d 41 5c 41 5d 41 5e 41 5f e9 ba ef
0x00007fa51a280b84:   ff ff 66 2e 0f 1f 84 00 00 00 00 00 44 8b bd 00
0x00007fa51a280b94:   09 00 00 4c 8b ad f0 08 00 00 45 85 ff 0f 84 51
0x00007fa51a280ba4:   03 00 00 89 d8 89 da 41 8d 77 ff 41 b8 01 00 00
0x00007fa51a280bb4:   00 c1 ea 09 c1 e8 04 89 f7 31 d0 43 8d 14 e4 41
0x00007fa51a280bc4:   8d 14 94 48 c1 e0 20 48 09 d0 48 c1 e2 20 48 83
0x00007fa51a280bd4:   e8 01 48 29 d0 48 89 c2 48 c1 ea 16 48 31 d0 48 


Stack slot to memory mapping:
stack at sp + 0 slots: 0x0 is NULL
stack at sp + 1 slots: 0x0 is NULL
stack at sp + 2 slots: 0x00000000000000b0 is an unknown value
stack at sp + 3 slots: 0x0000000000000003 is an unknown value
stack at sp + 4 slots: 0x00007fa592fc1bd0 is pointing into the stack for thread: 0x00007fa58c016800
stack at sp + 5 slots: 0x00007fa58c517bc0 points into unknown readable memory: 0x00007fa58c517bd0 | d0 7b 51 8c a5 7f 00 00
stack at sp + 6 slots: 0x00007fa58c43f140 points into unknown readable memory: 0x00007fa58c541cb0 | b0 1c 54 8c a5 7f 00 00
stack at sp + 7 slots: 0x00007fa58c53a6d0 points into unknown readable memory: 0x6e696c2d372e352e | 2e 35 2e 37 2d 6c 69 6e


---------------  P R O C E S S  ---------------

Threads class SMR info:
_java_thread_list=0x00007fa53c325300, length=12, elements={
0x00007fa58c016800, 0x00007fa58c186800, 0x00007fa58c188800, 0x00007fa58c191000,
0x00007fa58c193000, 0x00007fa58c195000, 0x00007fa58c197000, 0x00007fa58c199000,
0x00007fa58c1e4000, 0x00007fa58c44f800, 0x00007fa53c322000, 0x00007fa53c323800
}

Java Threads: ( => current thread )
=>0x00007fa58c016800 JavaThread "main" [_thread_in_native, id=5949, stack(0x00007fa592ec3000,0x00007fa592fc4000)]
  0x00007fa58c186800 JavaThread "Reference Handler" daemon [_thread_blocked, id=5957, stack(0x00007fa5900c6000,0x00007fa5901c7000)]
  0x00007fa58c188800 JavaThread "Finalizer" daemon [_thread_blocked, id=5958, stack(0x00007fa5746fc000,0x00007fa5747fd000)]
  0x00007fa58c191000 JavaThread "Signal Dispatcher" daemon [_thread_blocked, id=5959, stack(0x00007fa5741a2000,0x00007fa5742a3000)]
  0x00007fa58c193000 JavaThread "Service Thread" daemon [_thread_blocked, id=5960, stack(0x00007fa5740a1000,0x00007fa5741a2000)]
  0x00007fa58c195000 JavaThread "C2 CompilerThread0" daemon [_thread_in_native, id=5961, stack(0x00007fa56947f000,0x00007fa569580000)]
  0x00007fa58c197000 JavaThread "C1 CompilerThread0" daemon [_thread_blocked, id=5962, stack(0x00007fa56937e000,0x00007fa56947f000)]
  0x00007fa58c199000 JavaThread "Sweeper thread" daemon [_thread_blocked, id=5963, stack(0x00007fa56927d000,0x00007fa56937e000)]
  0x00007fa58c1e4000 JavaThread "Common-Cleaner" daemon [_thread_blocked, id=5966, stack(0x00007fa56907a000,0x00007fa56917b000)]
  0x00007fa58c44f800 JavaThread "JavaCPP Deallocator" daemon [_thread_blocked, id=5973, stack(0x00007fa568f79000,0x00007fa56907a000)]
  0x00007fa53c322000 JavaThread "C2 CompilerThread1" daemon [_thread_blocked, id=5974, stack(0x00007fa568e78000,0x00007fa568f79000)]
  0x00007fa53c323800 JavaThread "C2 CompilerThread2" daemon [_thread_blocked, id=5975, stack(0x00007fa568d77000,0x00007fa568e78000)]

Other Threads:
  0x00007fa58c183800 VMThread "VM Thread" [stack: 0x00007fa5901c9000,0x00007fa5902c9000] [id=5956]
  0x00007fa58c1e1800 WatcherThread [stack: 0x00007fa56917d000,0x00007fa56927d000] [id=5965]
  0x00007fa58c02f000 GCTaskThread "GC Thread#0" [stack: 0x00007fa592b6d000,0x00007fa592c6d000] [id=5950]
  0x00007fa58c07a800 ConcurrentGCThread "G1 Main Marker" [stack: 0x00007fa590f1f000,0x00007fa59101f000] [id=5951]
  0x00007fa58c07c800 ConcurrentGCThread "G1 Conc#0" [stack: 0x00007fa590e1d000,0x00007fa590f1d000] [id=5952]
  0x00007fa58c149800 ConcurrentGCThread "G1 Refine#0" [stack: 0x00007fa590513000,0x00007fa590613000] [id=5953]
  0x00007fa58c14b800 ConcurrentGCThread "G1 Young RemSet Sampling" [stack: 0x00007fa590411000,0x00007fa590511000] [id=5954]

Threads with active compile tasks:
C2 CompilerThread0      206  641       4       java.util.jar.JarFile::getVersionedEntry (85 bytes)

VM state:not at safepoint (normal execution)

VM Mutex/Monitor currently owned by a thread: None

Heap address: 0x000000073b000000, size: 3152 MB, Compressed Oops mode: Zero based, Oop shift amount: 3
Narrow klass base: 0x0000000800000000, Narrow klass shift: 3
Compressed class space size: 1073741824 Address: 0x0000000840000000

Heap:
 garbage-first heap   total 204800K, used 20172K [0x000000073b000000, 0x0000000800000000)
  region size 1024K, 21 young (21504K), 0 survivors (0K)
 Metaspace       used 3503K, capacity 6576K, committed 6656K, reserved 1056768K
  class space    used 404K, capacity 700K, committed 768K, reserved 1048576K
Heap Regions: E=young(eden), S=young(survivor), O=old, HS=humongous(starts), HC=humongous(continues), CS=collection set, F=free, A=archive, TAMS=top-at-mark-start (previous, next)
|   0|0x000000073b000000, 0x000000073b000000, 0x000000073b100000|  0%| F|  |TAMS 0x000000073b000000, 0x000000073b000000| Untracked 
|   1|0x000000073b100000, 0x000000073b100000, 0x000000073b200000|  0%| F|  |TAMS 0x000000073b100000, 0x000000073b100000| Untracked 
|   2|0x000000073b200000, 0x000000073b200000, 0x000000073b300000|  0%| F|  |TAMS 0x000000073b200000, 0x000000073b200000| Untracked 
|   3|0x000000073b300000, 0x000000073b300000, 0x000000073b400000|  0%| F|  |TAMS 0x000000073b300000, 0x000000073b300000| Untracked 
|   4|0x000000073b400000, 0x000000073b400000, 0x000000073b500000|  0%| F|  |TAMS 0x000000073b400000, 0x000000073b400000| Untracked 
|   5|0x000000073b500000, 0x000000073b500000, 0x000000073b600000|  0%| F|  |TAMS 0x000000073b500000, 0x000000073b500000| Untracked 
|   6|0x000000073b600000, 0x000000073b600000, 0x000000073b700000|  0%| F|  |TAMS 0x000000073b600000, 0x000000073b600000| Untracked 
|   7|0x000000073b700000, 0x000000073b700000, 0x000000073b800000|  0%| F|  |TAMS 0x000000073b700000, 0x000000073b700000| Untracked 
|   8|0x000000073b800000, 0x000000073b800000, 0x000000073b900000|  0%| F|  |TAMS 0x000000073b800000, 0x000000073b800000| Untracked 
|   9|0x000000073b900000, 0x000000073b900000, 0x000000073ba00000|  0%| F|  |TAMS 0x000000073b900000, 0x000000073b900000| Untracked 
|  10|0x000000073ba00000, 0x000000073ba00000, 0x000000073bb00000|  0%| F|  |TAMS 0x000000073ba00000, 0x000000073ba00000| Untracked 
|  11|0x000000073bb00000, 0x000000073bb00000, 0x000000073bc00000|  0%| F|  |TAMS 0x000000073bb00000, 0x000000073bb00000| Untracked 
|  12|0x000000073bc00000, 0x000000073bc00000, 0x000000073bd00000|  0%| F|  |TAMS 0x000000073bc00000, 0x000000073bc00000| Untracked 
|  13|0x000000073bd00000, 0x000000073bd00000, 0x000000073be00000|  0%| F|  |TAMS 0x000000073bd00000, 0x000000073bd00000| Untracked 
|  14|0x000000073be00000, 0x000000073be00000, 0x000000073bf00000|  0%| F|  |TAMS 0x000000073be00000, 0x000000073be00000| Untracked 
|  15|0x000000073bf00000, 0x000000073bf00000, 0x000000073c000000|  0%| F|  |TAMS 0x000000073bf00000, 0x000000073bf00000| Untracked 
|  16|0x000000073c000000, 0x000000073c000000, 0x000000073c100000|  0%| F|  |TAMS 0x000000073c000000, 0x000000073c000000| Untracked 
|  17|0x000000073c100000, 0x000000073c100000, 0x000000073c200000|  0%| F|  |TAMS 0x000000073c100000, 0x000000073c100000| Untracked 
|  18|0x000000073c200000, 0x000000073c200000, 0x000000073c300000|  0%| F|  |TAMS 0x000000073c200000, 0x000000073c200000| Untracked 
|  19|0x000000073c300000, 0x000000073c300000, 0x000000073c400000|  0%| F|  |TAMS 0x000000073c300000, 0x000000073c300000| Untracked 
|  20|0x000000073c400000, 0x000000073c400000, 0x000000073c500000|  0%| F|  |TAMS 0x000000073c400000, 0x000000073c400000| Untracked 
|  21|0x000000073c500000, 0x000000073c500000, 0x000000073c600000|  0%| F|  |TAMS 0x000000073c500000, 0x000000073c500000| Untracked 
|  22|0x000000073c600000, 0x000000073c600000, 0x000000073c700000|  0%| F|  |TAMS 0x000000073c600000, 0x000000073c600000| Untracked 
|  23|0x000000073c700000, 0x000000073c700000, 0x000000073c800000|  0%| F|  |TAMS 0x000000073c700000, 0x000000073c700000| Untracked 
|  24|0x000000073c800000, 0x000000073c800000, 0x000000073c900000|  0%| F|  |TAMS 0x000000073c800000, 0x000000073c800000| Untracked 
|  25|0x000000073c900000, 0x000000073c900000, 0x000000073ca00000|  0%| F|  |TAMS 0x000000073c900000, 0x000000073c900000| Untracked 
|  26|0x000000073ca00000, 0x000000073ca00000, 0x000000073cb00000|  0%| F|  |TAMS 0x000000073ca00000, 0x000000073ca00000| Untracked 
|  27|0x000000073cb00000, 0x000000073cb00000, 0x000000073cc00000|  0%| F|  |TAMS 0x000000073cb00000, 0x000000073cb00000| Untracked 
|  28|0x000000073cc00000, 0x000000073cc00000, 0x000000073cd00000|  0%| F|  |TAMS 0x000000073cc00000, 0x000000073cc00000| Untracked 
|  29|0x000000073cd00000, 0x000000073cd00000, 0x000000073ce00000|  0%| F|  |TAMS 0x000000073cd00000, 0x000000073cd00000| Untracked 
|  30|0x000000073ce00000, 0x000000073ce00000, 0x000000073cf00000|  0%| F|  |TAMS 0x000000073ce00000, 0x000000073ce00000| Untracked 
|  31|0x000000073cf00000, 0x000000073cf00000, 0x000000073d000000|  0%| F|  |TAMS 0x000000073cf00000, 0x000000073cf00000| Untracked 
|  32|0x000000073d000000, 0x000000073d000000, 0x000000073d100000|  0%| F|  |TAMS 0x000000073d000000, 0x000000073d000000| Untracked 
|  33|0x000000073d100000, 0x000000073d100000, 0x000000073d200000|  0%| F|  |TAMS 0x000000073d100000, 0x000000073d100000| Untracked 
|  34|0x000000073d200000, 0x000000073d200000, 0x000000073d300000|  0%| F|  |TAMS 0x000000073d200000, 0x000000073d200000| Untracked 
|  35|0x000000073d300000, 0x000000073d300000, 0x000000073d400000|  0%| F|  |TAMS 0x000000073d300000, 0x000000073d300000| Untracked 
|  36|0x000000073d400000, 0x000000073d400000, 0x000000073d500000|  0%| F|  |TAMS 0x000000073d400000, 0x000000073d400000| Untracked 
|  37|0x000000073d500000, 0x000000073d500000, 0x000000073d600000|  0%| F|  |TAMS 0x000000073d500000, 0x000000073d500000| Untracked 
|  38|0x000000073d600000, 0x000000073d600000, 0x000000073d700000|  0%| F|  |TAMS 0x000000073d600000, 0x000000073d600000| Untracked 
|  39|0x000000073d700000, 0x000000073d700000, 0x000000073d800000|  0%| F|  |TAMS 0x000000073d700000, 0x000000073d700000| Untracked 
|  40|0x000000073d800000, 0x000000073d800000, 0x000000073d900000|  0%| F|  |TAMS 0x000000073d800000, 0x000000073d800000| Untracked 
|  41|0x000000073d900000, 0x000000073d900000, 0x000000073da00000|  0%| F|  |TAMS 0x000000073d900000, 0x000000073d900000| Untracked 
|  42|0x000000073da00000, 0x000000073da00000, 0x000000073db00000|  0%| F|  |TAMS 0x000000073da00000, 0x000000073da00000| Untracked 
|  43|0x000000073db00000, 0x000000073db00000, 0x000000073dc00000|  0%| F|  |TAMS 0x000000073db00000, 0x000000073db00000| Untracked 
|  44|0x000000073dc00000, 0x000000073dc00000, 0x000000073dd00000|  0%| F|  |TAMS 0x000000073dc00000, 0x000000073dc00000| Untracked 
|  45|0x000000073dd00000, 0x000000073dd00000, 0x000000073de00000|  0%| F|  |TAMS 0x000000073dd00000, 0x000000073dd00000| Untracked 
|  46|0x000000073de00000, 0x000000073de00000, 0x000000073df00000|  0%| F|  |TAMS 0x000000073de00000, 0x000000073de00000| Untracked 
|  47|0x000000073df00000, 0x000000073df00000, 0x000000073e000000|  0%| F|  |TAMS 0x000000073df00000, 0x000000073df00000| Untracked 
|  48|0x000000073e000000, 0x000000073e000000, 0x000000073e100000|  0%| F|  |TAMS 0x000000073e000000, 0x000000073e000000| Untracked 
|  49|0x000000073e100000, 0x000000073e100000, 0x000000073e200000|  0%| F|  |TAMS 0x000000073e100000, 0x000000073e100000| Untracked 
|  50|0x000000073e200000, 0x000000073e200000, 0x000000073e300000|  0%| F|  |TAMS 0x000000073e200000, 0x000000073e200000| Untracked 
|  51|0x000000073e300000, 0x000000073e300000, 0x000000073e400000|  0%| F|  |TAMS 0x000000073e300000, 0x000000073e300000| Untracked 
|  52|0x000000073e400000, 0x000000073e400000, 0x000000073e500000|  0%| F|  |TAMS 0x000000073e400000, 0x000000073e400000| Untracked 
|  53|0x000000073e500000, 0x000000073e500000, 0x000000073e600000|  0%| F|  |TAMS 0x000000073e500000, 0x000000073e500000| Untracked 
|  54|0x000000073e600000, 0x000000073e600000, 0x000000073e700000|  0%| F|  |TAMS 0x000000073e600000, 0x000000073e600000| Untracked 
|  55|0x000000073e700000, 0x000000073e700000, 0x000000073e800000|  0%| F|  |TAMS 0x000000073e700000, 0x000000073e700000| Untracked 
|  56|0x000000073e800000, 0x000000073e800000, 0x000000073e900000|  0%| F|  |TAMS 0x000000073e800000, 0x000000073e800000| Untracked 
|  57|0x000000073e900000, 0x000000073e900000, 0x000000073ea00000|  0%| F|  |TAMS 0x000000073e900000, 0x000000073e900000| Untracked 
|  58|0x000000073ea00000, 0x000000073ea00000, 0x000000073eb00000|  0%| F|  |TAMS 0x000000073ea00000, 0x000000073ea00000| Untracked 
|  59|0x000000073eb00000, 0x000000073eb00000, 0x000000073ec00000|  0%| F|  |TAMS 0x000000073eb00000, 0x000000073eb00000| Untracked 
|  60|0x000000073ec00000, 0x000000073ec00000, 0x000000073ed00000|  0%| F|  |TAMS 0x000000073ec00000, 0x000000073ec00000| Untracked 
|  61|0x000000073ed00000, 0x000000073ed00000, 0x000000073ee00000|  0%| F|  |TAMS 0x000000073ed00000, 0x000000073ed00000| Untracked 
|  62|0x000000073ee00000, 0x000000073ee00000, 0x000000073ef00000|  0%| F|  |TAMS 0x000000073ee00000, 0x000000073ee00000| Untracked 
|  63|0x000000073ef00000, 0x000000073ef00000, 0x000000073f000000|  0%| F|  |TAMS 0x000000073ef00000, 0x000000073ef00000| Untracked 
|  64|0x000000073f000000, 0x000000073f000000, 0x000000073f100000|  0%| F|  |TAMS 0x000000073f000000, 0x000000073f000000| Untracked 
|  65|0x000000073f100000, 0x000000073f100000, 0x000000073f200000|  0%| F|  |TAMS 0x000000073f100000, 0x000000073f100000| Untracked 
|  66|0x000000073f200000, 0x000000073f200000, 0x000000073f300000|  0%| F|  |TAMS 0x000000073f200000, 0x000000073f200000| Untracked 
|  67|0x000000073f300000, 0x000000073f300000, 0x000000073f400000|  0%| F|  |TAMS 0x000000073f300000, 0x000000073f300000| Untracked 
|  68|0x000000073f400000, 0x000000073f400000, 0x000000073f500000|  0%| F|  |TAMS 0x000000073f400000, 0x000000073f400000| Untracked 
|  69|0x000000073f500000, 0x000000073f500000, 0x000000073f600000|  0%| F|  |TAMS 0x000000073f500000, 0x000000073f500000| Untracked 
|  70|0x000000073f600000, 0x000000073f600000, 0x000000073f700000|  0%| F|  |TAMS 0x000000073f600000, 0x000000073f600000| Untracked 
|  71|0x000000073f700000, 0x000000073f700000, 0x000000073f800000|  0%| F|  |TAMS 0x000000073f700000, 0x000000073f700000| Untracked 
|  72|0x000000073f800000, 0x000000073f800000, 0x000000073f900000|  0%| F|  |TAMS 0x000000073f800000, 0x000000073f800000| Untracked 
|  73|0x000000073f900000, 0x000000073f900000, 0x000000073fa00000|  0%| F|  |TAMS 0x000000073f900000, 0x000000073f900000| Untracked 
|  74|0x000000073fa00000, 0x000000073fa00000, 0x000000073fb00000|  0%| F|  |TAMS 0x000000073fa00000, 0x000000073fa00000| Untracked 
|  75|0x000000073fb00000, 0x000000073fb00000, 0x000000073fc00000|  0%| F|  |TAMS 0x000000073fb00000, 0x000000073fb00000| Untracked 
|  76|0x000000073fc00000, 0x000000073fc00000, 0x000000073fd00000|  0%| F|  |TAMS 0x000000073fc00000, 0x000000073fc00000| Untracked 
|  77|0x000000073fd00000, 0x000000073fd00000, 0x000000073fe00000|  0%| F|  |TAMS 0x000000073fd00000, 0x000000073fd00000| Untracked 
|  78|0x000000073fe00000, 0x000000073fe00000, 0x000000073ff00000|  0%| F|  |TAMS 0x000000073fe00000, 0x000000073fe00000| Untracked 
|  79|0x000000073ff00000, 0x000000073ff00000, 0x0000000740000000|  0%| F|  |TAMS 0x000000073ff00000, 0x000000073ff00000| Untracked 
|  80|0x0000000740000000, 0x0000000740000000, 0x0000000740100000|  0%| F|  |TAMS 0x0000000740000000, 0x0000000740000000| Untracked 
|  81|0x0000000740100000, 0x0000000740100000, 0x0000000740200000|  0%| F|  |TAMS 0x0000000740100000, 0x0000000740100000| Untracked 
|  82|0x0000000740200000, 0x0000000740200000, 0x0000000740300000|  0%| F|  |TAMS 0x0000000740200000, 0x0000000740200000| Untracked 
|  83|0x0000000740300000, 0x0000000740300000, 0x0000000740400000|  0%| F|  |TAMS 0x0000000740300000, 0x0000000740300000| Untracked 
|  84|0x0000000740400000, 0x0000000740400000, 0x0000000740500000|  0%| F|  |TAMS 0x0000000740400000, 0x0000000740400000| Untracked 
|  85|0x0000000740500000, 0x0000000740500000, 0x0000000740600000|  0%| F|  |TAMS 0x0000000740500000, 0x0000000740500000| Untracked 
|  86|0x0000000740600000, 0x0000000740600000, 0x0000000740700000|  0%| F|  |TAMS 0x0000000740600000, 0x0000000740600000| Untracked 
|  87|0x0000000740700000, 0x0000000740700000, 0x0000000740800000|  0%| F|  |TAMS 0x0000000740700000, 0x0000000740700000| Untracked 
|  88|0x0000000740800000, 0x0000000740800000, 0x0000000740900000|  0%| F|  |TAMS 0x0000000740800000, 0x0000000740800000| Untracked 
|  89|0x0000000740900000, 0x0000000740900000, 0x0000000740a00000|  0%| F|  |TAMS 0x0000000740900000, 0x0000000740900000| Untracked 
|  90|0x0000000740a00000, 0x0000000740a00000, 0x0000000740b00000|  0%| F|  |TAMS 0x0000000740a00000, 0x0000000740a00000| Untracked 
|  91|0x0000000740b00000, 0x0000000740b00000, 0x0000000740c00000|  0%| F|  |TAMS 0x0000000740b00000, 0x0000000740b00000| Untracked 
|  92|0x0000000740c00000, 0x0000000740c00000, 0x0000000740d00000|  0%| F|  |TAMS 0x0000000740c00000, 0x0000000740c00000| Untracked 
|  93|0x0000000740d00000, 0x0000000740d00000, 0x0000000740e00000|  0%| F|  |TAMS 0x0000000740d00000, 0x0000000740d00000| Untracked 
|  94|0x0000000740e00000, 0x0000000740e00000, 0x0000000740f00000|  0%| F|  |TAMS 0x0000000740e00000, 0x0000000740e00000| Untracked 
|  95|0x0000000740f00000, 0x0000000740f00000, 0x0000000741000000|  0%| F|  |TAMS 0x0000000740f00000, 0x0000000740f00000| Untracked 
|  96|0x0000000741000000, 0x0000000741000000, 0x0000000741100000|  0%| F|  |TAMS 0x0000000741000000, 0x0000000741000000| Untracked 
|  97|0x0000000741100000, 0x0000000741100000, 0x0000000741200000|  0%| F|  |TAMS 0x0000000741100000, 0x0000000741100000| Untracked 
|  98|0x0000000741200000, 0x0000000741200000, 0x0000000741300000|  0%| F|  |TAMS 0x0000000741200000, 0x0000000741200000| Untracked 
|  99|0x0000000741300000, 0x0000000741300000, 0x0000000741400000|  0%| F|  |TAMS 0x0000000741300000, 0x0000000741300000| Untracked 
| 100|0x0000000741400000, 0x0000000741400000, 0x0000000741500000|  0%| F|  |TAMS 0x0000000741400000, 0x0000000741400000| Untracked 
| 101|0x0000000741500000, 0x0000000741500000, 0x0000000741600000|  0%| F|  |TAMS 0x0000000741500000, 0x0000000741500000| Untracked 
| 102|0x0000000741600000, 0x0000000741600000, 0x0000000741700000|  0%| F|  |TAMS 0x0000000741600000, 0x0000000741600000| Untracked 
| 103|0x0000000741700000, 0x0000000741700000, 0x0000000741800000|  0%| F|  |TAMS 0x0000000741700000, 0x0000000741700000| Untracked 
| 104|0x0000000741800000, 0x0000000741800000, 0x0000000741900000|  0%| F|  |TAMS 0x0000000741800000, 0x0000000741800000| Untracked 
| 105|0x0000000741900000, 0x0000000741900000, 0x0000000741a00000|  0%| F|  |TAMS 0x0000000741900000, 0x0000000741900000| Untracked 
| 106|0x0000000741a00000, 0x0000000741a00000, 0x0000000741b00000|  0%| F|  |TAMS 0x0000000741a00000, 0x0000000741a00000| Untracked 
| 107|0x0000000741b00000, 0x0000000741b00000, 0x0000000741c00000|  0%| F|  |TAMS 0x0000000741b00000, 0x0000000741b00000| Untracked 
| 108|0x0000000741c00000, 0x0000000741c00000, 0x0000000741d00000|  0%| F|  |TAMS 0x0000000741c00000, 0x0000000741c00000| Untracked 
| 109|0x0000000741d00000, 0x0000000741d00000, 0x0000000741e00000|  0%| F|  |TAMS 0x0000000741d00000, 0x0000000741d00000| Untracked 
| 110|0x0000000741e00000, 0x0000000741e00000, 0x0000000741f00000|  0%| F|  |TAMS 0x0000000741e00000, 0x0000000741e00000| Untracked 
| 111|0x0000000741f00000, 0x0000000741f00000, 0x0000000742000000|  0%| F|  |TAMS 0x0000000741f00000, 0x0000000741f00000| Untracked 
| 112|0x0000000742000000, 0x0000000742000000, 0x0000000742100000|  0%| F|  |TAMS 0x0000000742000000, 0x0000000742000000| Untracked 
| 113|0x0000000742100000, 0x0000000742100000, 0x0000000742200000|  0%| F|  |TAMS 0x0000000742100000, 0x0000000742100000| Untracked 
| 114|0x0000000742200000, 0x0000000742200000, 0x0000000742300000|  0%| F|  |TAMS 0x0000000742200000, 0x0000000742200000| Untracked 
| 115|0x0000000742300000, 0x0000000742300000, 0x0000000742400000|  0%| F|  |TAMS 0x0000000742300000, 0x0000000742300000| Untracked 
| 116|0x0000000742400000, 0x0000000742400000, 0x0000000742500000|  0%| F|  |TAMS 0x0000000742400000, 0x0000000742400000| Untracked 
| 117|0x0000000742500000, 0x0000000742500000, 0x0000000742600000|  0%| F|  |TAMS 0x0000000742500000, 0x0000000742500000| Untracked 
| 118|0x0000000742600000, 0x0000000742600000, 0x0000000742700000|  0%| F|  |TAMS 0x0000000742600000, 0x0000000742600000| Untracked 
| 119|0x0000000742700000, 0x0000000742700000, 0x0000000742800000|  0%| F|  |TAMS 0x0000000742700000, 0x0000000742700000| Untracked 
| 120|0x0000000742800000, 0x0000000742800000, 0x0000000742900000|  0%| F|  |TAMS 0x0000000742800000, 0x0000000742800000| Untracked 
| 121|0x0000000742900000, 0x0000000742900000, 0x0000000742a00000|  0%| F|  |TAMS 0x0000000742900000, 0x0000000742900000| Untracked 
| 122|0x0000000742a00000, 0x0000000742a00000, 0x0000000742b00000|  0%| F|  |TAMS 0x0000000742a00000, 0x0000000742a00000| Untracked 
| 123|0x0000000742b00000, 0x0000000742b00000, 0x0000000742c00000|  0%| F|  |TAMS 0x0000000742b00000, 0x0000000742b00000| Untracked 
| 124|0x0000000742c00000, 0x0000000742c00000, 0x0000000742d00000|  0%| F|  |TAMS 0x0000000742c00000, 0x0000000742c00000| Untracked 
| 125|0x0000000742d00000, 0x0000000742d00000, 0x0000000742e00000|  0%| F|  |TAMS 0x0000000742d00000, 0x0000000742d00000| Untracked 
| 126|0x0000000742e00000, 0x0000000742e00000, 0x0000000742f00000|  0%| F|  |TAMS 0x0000000742e00000, 0x0000000742e00000| Untracked 
| 127|0x0000000742f00000, 0x0000000742f00000, 0x0000000743000000|  0%| F|  |TAMS 0x0000000742f00000, 0x0000000742f00000| Untracked 
| 128|0x0000000743000000, 0x0000000743000000, 0x0000000743100000|  0%| F|  |TAMS 0x0000000743000000, 0x0000000743000000| Untracked 
| 129|0x0000000743100000, 0x0000000743100000, 0x0000000743200000|  0%| F|  |TAMS 0x0000000743100000, 0x0000000743100000| Untracked 
| 130|0x0000000743200000, 0x0000000743200000, 0x0000000743300000|  0%| F|  |TAMS 0x0000000743200000, 0x0000000743200000| Untracked 
| 131|0x0000000743300000, 0x0000000743300000, 0x0000000743400000|  0%| F|  |TAMS 0x0000000743300000, 0x0000000743300000| Untracked 
| 132|0x0000000743400000, 0x0000000743400000, 0x0000000743500000|  0%| F|  |TAMS 0x0000000743400000, 0x0000000743400000| Untracked 
| 133|0x0000000743500000, 0x0000000743500000, 0x0000000743600000|  0%| F|  |TAMS 0x0000000743500000, 0x0000000743500000| Untracked 
| 134|0x0000000743600000, 0x0000000743600000, 0x0000000743700000|  0%| F|  |TAMS 0x0000000743600000, 0x0000000743600000| Untracked 
| 135|0x0000000743700000, 0x0000000743700000, 0x0000000743800000|  0%| F|  |TAMS 0x0000000743700000, 0x0000000743700000| Untracked 
| 136|0x0000000743800000, 0x0000000743800000, 0x0000000743900000|  0%| F|  |TAMS 0x0000000743800000, 0x0000000743800000| Untracked 
| 137|0x0000000743900000, 0x0000000743900000, 0x0000000743a00000|  0%| F|  |TAMS 0x0000000743900000, 0x0000000743900000| Untracked 
| 138|0x0000000743a00000, 0x0000000743a00000, 0x0000000743b00000|  0%| F|  |TAMS 0x0000000743a00000, 0x0000000743a00000| Untracked 
| 139|0x0000000743b00000, 0x0000000743b00000, 0x0000000743c00000|  0%| F|  |TAMS 0x0000000743b00000, 0x0000000743b00000| Untracked 
| 140|0x0000000743c00000, 0x0000000743c00000, 0x0000000743d00000|  0%| F|  |TAMS 0x0000000743c00000, 0x0000000743c00000| Untracked 
| 141|0x0000000743d00000, 0x0000000743d00000, 0x0000000743e00000|  0%| F|  |TAMS 0x0000000743d00000, 0x0000000743d00000| Untracked 
| 142|0x0000000743e00000, 0x0000000743e00000, 0x0000000743f00000|  0%| F|  |TAMS 0x0000000743e00000, 0x0000000743e00000| Untracked 
| 143|0x0000000743f00000, 0x0000000743f00000, 0x0000000744000000|  0%| F|  |TAMS 0x0000000743f00000, 0x0000000743f00000| Untracked 
| 144|0x0000000744000000, 0x0000000744000000, 0x0000000744100000|  0%| F|  |TAMS 0x0000000744000000, 0x0000000744000000| Untracked 
| 145|0x0000000744100000, 0x0000000744100000, 0x0000000744200000|  0%| F|  |TAMS 0x0000000744100000, 0x0000000744100000| Untracked 
| 146|0x0000000744200000, 0x0000000744200000, 0x0000000744300000|  0%| F|  |TAMS 0x0000000744200000, 0x0000000744200000| Untracked 
| 147|0x0000000744300000, 0x0000000744300000, 0x0000000744400000|  0%| F|  |TAMS 0x0000000744300000, 0x0000000744300000| Untracked 
| 148|0x0000000744400000, 0x0000000744400000, 0x0000000744500000|  0%| F|  |TAMS 0x0000000744400000, 0x0000000744400000| Untracked 
| 149|0x0000000744500000, 0x0000000744500000, 0x0000000744600000|  0%| F|  |TAMS 0x0000000744500000, 0x0000000744500000| Untracked 
| 150|0x0000000744600000, 0x0000000744600000, 0x0000000744700000|  0%| F|  |TAMS 0x0000000744600000, 0x0000000744600000| Untracked 
| 151|0x0000000744700000, 0x0000000744700000, 0x0000000744800000|  0%| F|  |TAMS 0x0000000744700000, 0x0000000744700000| Untracked 
| 152|0x0000000744800000, 0x0000000744800000, 0x0000000744900000|  0%| F|  |TAMS 0x0000000744800000, 0x0000000744800000| Untracked 
| 153|0x0000000744900000, 0x0000000744900000, 0x0000000744a00000|  0%| F|  |TAMS 0x0000000744900000, 0x0000000744900000| Untracked 
| 154|0x0000000744a00000, 0x0000000744a00000, 0x0000000744b00000|  0%| F|  |TAMS 0x0000000744a00000, 0x0000000744a00000| Untracked 
| 155|0x0000000744b00000, 0x0000000744b00000, 0x0000000744c00000|  0%| F|  |TAMS 0x0000000744b00000, 0x0000000744b00000| Untracked 
| 156|0x0000000744c00000, 0x0000000744c00000, 0x0000000744d00000|  0%| F|  |TAMS 0x0000000744c00000, 0x0000000744c00000| Untracked 
| 157|0x0000000744d00000, 0x0000000744d00000, 0x0000000744e00000|  0%| F|  |TAMS 0x0000000744d00000, 0x0000000744d00000| Untracked 
| 158|0x0000000744e00000, 0x0000000744e00000, 0x0000000744f00000|  0%| F|  |TAMS 0x0000000744e00000, 0x0000000744e00000| Untracked 
| 159|0x0000000744f00000, 0x0000000744f00000, 0x0000000745000000|  0%| F|  |TAMS 0x0000000744f00000, 0x0000000744f00000| Untracked 
| 160|0x0000000745000000, 0x0000000745000000, 0x0000000745100000|  0%| F|  |TAMS 0x0000000745000000, 0x0000000745000000| Untracked 
| 161|0x0000000745100000, 0x0000000745100000, 0x0000000745200000|  0%| F|  |TAMS 0x0000000745100000, 0x0000000745100000| Untracked 
| 162|0x0000000745200000, 0x0000000745200000, 0x0000000745300000|  0%| F|  |TAMS 0x0000000745200000, 0x0000000745200000| Untracked 
| 163|0x0000000745300000, 0x0000000745300000, 0x0000000745400000|  0%| F|  |TAMS 0x0000000745300000, 0x0000000745300000| Untracked 
| 164|0x0000000745400000, 0x0000000745400000, 0x0000000745500000|  0%| F|  |TAMS 0x0000000745400000, 0x0000000745400000| Untracked 
| 165|0x0000000745500000, 0x0000000745500000, 0x0000000745600000|  0%| F|  |TAMS 0x0000000745500000, 0x0000000745500000| Untracked 
| 166|0x0000000745600000, 0x0000000745600000, 0x0000000745700000|  0%| F|  |TAMS 0x0000000745600000, 0x0000000745600000| Untracked 
| 167|0x0000000745700000, 0x0000000745700000, 0x0000000745800000|  0%| F|  |TAMS 0x0000000745700000, 0x0000000745700000| Untracked 
| 168|0x0000000745800000, 0x0000000745800000, 0x0000000745900000|  0%| F|  |TAMS 0x0000000745800000, 0x0000000745800000| Untracked 
| 169|0x0000000745900000, 0x0000000745900000, 0x0000000745a00000|  0%| F|  |TAMS 0x0000000745900000, 0x0000000745900000| Untracked 
| 170|0x0000000745a00000, 0x0000000745a00000, 0x0000000745b00000|  0%| F|  |TAMS 0x0000000745a00000, 0x0000000745a00000| Untracked 
| 171|0x0000000745b00000, 0x0000000745b00000, 0x0000000745c00000|  0%| F|  |TAMS 0x0000000745b00000, 0x0000000745b00000| Untracked 
| 172|0x0000000745c00000, 0x0000000745c00000, 0x0000000745d00000|  0%| F|  |TAMS 0x0000000745c00000, 0x0000000745c00000| Untracked 
| 173|0x0000000745d00000, 0x0000000745d00000, 0x0000000745e00000|  0%| F|  |TAMS 0x0000000745d00000, 0x0000000745d00000| Untracked 
| 174|0x0000000745e00000, 0x0000000745e00000, 0x0000000745f00000|  0%| F|  |TAMS 0x0000000745e00000, 0x0000000745e00000| Untracked 
| 175|0x0000000745f00000, 0x0000000745f00000, 0x0000000746000000|  0%| F|  |TAMS 0x0000000745f00000, 0x0000000745f00000| Untracked 
| 176|0x0000000746000000, 0x0000000746000000, 0x0000000746100000|  0%| F|  |TAMS 0x0000000746000000, 0x0000000746000000| Untracked 
| 177|0x0000000746100000, 0x000000074617b668, 0x0000000746200000| 48%| E|  |TAMS 0x0000000746100000, 0x0000000746100000| Complete 
| 178|0x0000000746200000, 0x0000000746300000, 0x0000000746300000|100%| E|CS|TAMS 0x0000000746200000, 0x0000000746200000| Complete 
| 179|0x0000000746300000, 0x0000000746400000, 0x0000000746400000|100%| E|CS|TAMS 0x0000000746300000, 0x0000000746300000| Complete 
| 180|0x0000000746400000, 0x0000000746500000, 0x0000000746500000|100%| E|CS|TAMS 0x0000000746400000, 0x0000000746400000| Complete 
| 181|0x0000000746500000, 0x0000000746600000, 0x0000000746600000|100%| E|CS|TAMS 0x0000000746500000, 0x0000000746500000| Complete 
| 182|0x0000000746600000, 0x0000000746700000, 0x0000000746700000|100%| E|CS|TAMS 0x0000000746600000, 0x0000000746600000| Complete 
| 183|0x0000000746700000, 0x0000000746800000, 0x0000000746800000|100%| E|CS|TAMS 0x0000000746700000, 0x0000000746700000| Complete 
| 184|0x0000000746800000, 0x0000000746900000, 0x0000000746900000|100%| E|CS|TAMS 0x0000000746800000, 0x0000000746800000| Complete 
| 185|0x0000000746900000, 0x0000000746a00000, 0x0000000746a00000|100%| E|CS|TAMS 0x0000000746900000, 0x0000000746900000| Complete 
| 186|0x0000000746a00000, 0x0000000746b00000, 0x0000000746b00000|100%| E|CS|TAMS 0x0000000746a00000, 0x0000000746a00000| Complete 
| 187|0x0000000746b00000, 0x0000000746c00000, 0x0000000746c00000|100%| E|  |TAMS 0x0000000746b00000, 0x0000000746b00000| Complete 
| 188|0x0000000746c00000, 0x0000000746d00000, 0x0000000746d00000|100%| E|CS|TAMS 0x0000000746c00000, 0x0000000746c00000| Complete 
| 189|0x0000000746d00000, 0x0000000746e00000, 0x0000000746e00000|100%| E|CS|TAMS 0x0000000746d00000, 0x0000000746d00000| Complete 
| 190|0x0000000746e00000, 0x0000000746f00000, 0x0000000746f00000|100%| E|CS|TAMS 0x0000000746e00000, 0x0000000746e00000| Complete 
| 191|0x0000000746f00000, 0x0000000747000000, 0x0000000747000000|100%| E|CS|TAMS 0x0000000746f00000, 0x0000000746f00000| Complete 
| 192|0x0000000747000000, 0x0000000747100000, 0x0000000747100000|100%| E|CS|TAMS 0x0000000747000000, 0x0000000747000000| Complete 
| 193|0x0000000747100000, 0x0000000747200000, 0x0000000747200000|100%| E|CS|TAMS 0x0000000747100000, 0x0000000747100000| Complete 
| 194|0x0000000747200000, 0x0000000747300000, 0x0000000747300000|100%| E|CS|TAMS 0x0000000747200000, 0x0000000747200000| Complete 
| 195|0x0000000747300000, 0x0000000747400000, 0x0000000747400000|100%| E|CS|TAMS 0x0000000747300000, 0x0000000747300000| Complete 
| 196|0x0000000747400000, 0x0000000747500000, 0x0000000747500000|100%| E|CS|TAMS 0x0000000747400000, 0x0000000747400000| Complete 
| 197|0x0000000747500000, 0x0000000747600000, 0x0000000747600000|100%| E|CS|TAMS 0x0000000747500000, 0x0000000747500000| Complete 
|2126|0x00000007bfe00000, 0x00000007bfe48000, 0x00000007bff00000| 28%|OA|  |TAMS 0x00000007bfe00000, 0x00000007bfe00000| Untracked 
|2127|0x00000007bff00000, 0x00000007bff6b000, 0x00000007c0000000| 41%|CA|  |TAMS 0x00000007bff00000, 0x00000007bff00000| Untracked 

Card table byte_map: [0x00007fa591713000,0x00007fa591d3b000] _byte_map_base: 0x00007fa58dd3b000

Marking Bits (Prev, Next): (CMBitMap*) 0x00007fa58c06d4f8, (CMBitMap*) 0x00007fa58c06d530
 Prev Bits: [0x00007fa56cec0000, 0x00007fa570000000)
 Next Bits: [0x00007fa569d80000, 0x00007fa56cec0000)

Polling page: 0x00007fa594808000

Metaspace:

Usage:
  Non-class:      5.74 MB capacity,     3.03 MB ( 53%) used,     2.71 MB ( 47%) free+waste,     4.25 KB ( <1%) overhead. 
      Class:    700.00 KB capacity,   404.38 KB ( 58%) used,   293.50 KB ( 42%) free+waste,     2.12 KB ( <1%) overhead. 
       Both:      6.42 MB capacity,     3.42 MB ( 53%) used,     2.99 MB ( 47%) free+waste,     6.38 KB ( <1%) overhead. 

Virtual space:
  Non-class space:        8.00 MB reserved,       5.75 MB ( 72%) committed 
      Class space:        1.00 GB reserved,     768.00 KB ( <1%) committed 
             Both:        1.01 GB reserved,       6.50 MB ( <1%) committed 

Chunk freelists:
   Non-Class:  12.00 KB
       Class:  4.00 KB
        Both:  16.00 KB

MaxMetaspaceSize: unlimited
CompressedClassSpaceSize: 1.00 GB
Initial GC threshold: 20.80 MB
Current GC threshold: 20.80 MB
CDS: on

CodeHeap 'non-profiled nmethods': size=120032Kb used=191Kb max_used=191Kb free=119840Kb
 bounds [0x00007fa57c2c5000, 0x00007fa57c535000, 0x00007fa5837fd000]
CodeHeap 'profiled nmethods': size=120028Kb used=1193Kb max_used=1193Kb free=118835Kb
 bounds [0x00007fa574d8e000, 0x00007fa574ffe000, 0x00007fa57c2c5000]
CodeHeap 'non-nmethods': size=5700Kb used=1148Kb max_used=1173Kb free=4551Kb
 bounds [0x00007fa5747fd000, 0x00007fa574a6d000, 0x00007fa574d8e000]
 total_blobs=1047 nmethods=652 adapters=309
 compilation: enabled
              stopped_count=0, restarted_count=0
 full_count=0

Compilation events (20 events):
Event: 0.198 Thread 0x00007fa58c197000  645       3       sun.net.util.URLUtil::urlNoFragString (114 bytes)
Event: 0.199 Thread 0x00007fa58c197000 nmethod 645 0x00007fa574ead710 code [0x00007fa574eada60, 0x00007fa574eaece0]
Event: 0.199 Thread 0x00007fa58c197000  646       3       java.lang.String::equalsIgnoreCase (45 bytes)
Event: 0.199 Thread 0x00007fa58c197000 nmethod 646 0x00007fa574eaf310 code [0x00007fa574eaf520, 0x00007fa574eafa80]
Event: 0.199 Thread 0x00007fa58c197000  648       3       org.bytedeco.javacpp.ClassProperties::get (30 bytes)
Event: 0.200 Thread 0x00007fa58c197000 nmethod 648 0x00007fa574eafc90 code [0x00007fa574eafee0, 0x00007fa574eb0830]
Event: 0.200 Thread 0x00007fa58c197000  649       3       java.util.Arrays$ArrayItr::hasNext (18 bytes)
Event: 0.200 Thread 0x00007fa58c197000 nmethod 649 0x00007fa574eb0b90 code [0x00007fa574eb0d40, 0x00007fa574eb0ed0]
Event: 0.200 Thread 0x00007fa58c197000  651       3       java.net.URLStreamHandler::toExternalForm (156 bytes)
Event: 0.200 Thread 0x00007fa53c323800 nmethod 626 0x00007fa57c2f1610 code [0x00007fa57c2f17c0, 0x00007fa57c2f1cb8]
Event: 0.200 Thread 0x00007fa53c323800  650       4       java.lang.String::indexOf (7 bytes)
Event: 0.201 Thread 0x00007fa58c197000 nmethod 651 0x00007fa574eb0f90 code [0x00007fa574eb1440, 0x00007fa574eb34b0]
Event: 0.201 Thread 0x00007fa58c197000  652       3       java.lang.String::<init> (55 bytes)
Event: 0.201 Thread 0x00007fa58c197000 nmethod 652 0x00007fa574eb3e90 code [0x00007fa574eb4080, 0x00007fa574eb4420]
Event: 0.201 Thread 0x00007fa58c197000  653   !   3       java.lang.StringCoding::decode (362 bytes)
Event: 0.203 Thread 0x00007fa53c323800 nmethod 650 0x00007fa57c2f1f10 code [0x00007fa57c2f20a0, 0x00007fa57c2f2278]
Event: 0.203 Thread 0x00007fa58c197000 nmethod 653 0x00007fa574eb4590 code [0x00007fa574eb4a80, 0x00007fa574eb75d0]
Event: 0.203 Thread 0x00007fa58c197000  647       1       sun.nio.fs.NativeBuffer::address (5 bytes)
Event: 0.203 Thread 0x00007fa58c197000 nmethod 647 0x00007fa57c2f2410 code [0x00007fa57c2f25c0, 0x00007fa57c2f2690]
Event: 0.203 Thread 0x00007fa58c197000  639       1       java.util.zip.ZipEntry::getName (5 bytes)

GC Heap History (0 events):
No events

Deoptimization events (20 events):
Event: 0.058 Thread 0x00007fa58c016800 DEOPT PACKING pc=0x00007fa57c2cb108 sp=0x00007fa592fc2430
Event: 0.058 Thread 0x00007fa58c016800 DEOPT UNPACKING pc=0x00007fa5748052a5 sp=0x00007fa592fc23e0 mode 2
Event: 0.096 Thread 0x00007fa58c016800 DEOPT PACKING pc=0x00007fa574da620b sp=0x00007fa592fbcd60
Event: 0.096 Thread 0x00007fa58c016800 DEOPT UNPACKING pc=0x00007fa5748469fa sp=0x00007fa592fbc220 mode 0
Event: 0.096 Thread 0x00007fa58c016800 Uncommon trap: trap_request=0xffffff4d fr.pc=0x00007fa57c2d1424 relative=0x0000000000000364
Event: 0.096 Thread 0x00007fa58c016800 Uncommon trap: reason=unstable_if action=reinterpret pc=0x00007fa57c2d1424 method=java.lang.StringLatin1.indexOf([BI[BII)I @ 91 c2
Event: 0.096 Thread 0x00007fa58c016800 DEOPT PACKING pc=0x00007fa57c2d1424 sp=0x00007fa592fbfcd0
Event: 0.096 Thread 0x00007fa58c016800 DEOPT UNPACKING pc=0x00007fa5748052a5 sp=0x00007fa592fbfc50 mode 2
Event: 0.097 Thread 0x00007fa58c016800 DEOPT PACKING pc=0x00007fa574da68c3 sp=0x00007fa592fbcd30
Event: 0.097 Thread 0x00007fa58c016800 DEOPT UNPACKING pc=0x00007fa5748469fa sp=0x00007fa592fbc220 mode 0
Event: 0.097 Thread 0x00007fa58c016800 DEOPT PACKING pc=0x00007fa574da620b sp=0x00007fa592fbcd60
Event: 0.097 Thread 0x00007fa58c016800 DEOPT UNPACKING pc=0x00007fa5748469fa sp=0x00007fa592fbc220 mode 0
Event: 0.097 Thread 0x00007fa58c016800 DEOPT PACKING pc=0x00007fa574da68c3 sp=0x00007fa592fbcd30
Event: 0.097 Thread 0x00007fa58c016800 DEOPT UNPACKING pc=0x00007fa5748469fa sp=0x00007fa592fbc220 mode 0
Event: 0.112 Thread 0x00007fa58c016800 Uncommon trap: trap_request=0xffffff4d fr.pc=0x00007fa57c2d1b8c relative=0x000000000000024c
Event: 0.112 Thread 0x00007fa58c016800 Uncommon trap: reason=unstable_if action=reinterpret pc=0x00007fa57c2d1b8c method=java.lang.String.startsWith(Ljava/lang/String;I)Z @ 14 c2
Event: 0.112 Thread 0x00007fa58c016800 DEOPT PACKING pc=0x00007fa57c2d1b8c sp=0x00007fa592fc14d0
Event: 0.112 Thread 0x00007fa58c016800 DEOPT UNPACKING pc=0x00007fa5748052a5 sp=0x00007fa592fc1458 mode 2
Event: 0.150 Thread 0x00007fa58c016800 DEOPT PACKING pc=0x00007fa574e44342 sp=0x00007fa592fbe350
Event: 0.150 Thread 0x00007fa58c016800 DEOPT UNPACKING pc=0x00007fa5748469fa sp=0x00007fa592fbd7d8 mode 0

Classes redefined (0 events):
No events

Internal exceptions (20 events):
Event: 0.097 Thread 0x00007fa58c016800 Exception <a 'java/security/PrivilegedActionException'{0x0000000747124448}> (0x0000000747124448) thrown at [src/hotspot/share/prims/jvm.cpp, line 1304]
Event: 0.097 Thread 0x00007fa58c016800 Exception <a 'java/security/PrivilegedActionException'{0x0000000747124718}> (0x0000000747124718) thrown at [src/hotspot/share/prims/jvm.cpp, line 1304]
Event: 0.097 Thread 0x00007fa58c016800 Exception <a 'java/security/PrivilegedActionException'{0x00000007471251e0}> (0x00000007471251e0) thrown at [src/hotspot/share/prims/jvm.cpp, line 1304]
Event: 0.097 Thread 0x00007fa58c016800 Exception <a 'java/security/PrivilegedActionException'{0x00000007471254b0}> (0x00000007471254b0) thrown at [src/hotspot/share/prims/jvm.cpp, line 1304]
Event: 0.097 Thread 0x00007fa58c016800 Exception <a 'java/security/PrivilegedActionException'{0x0000000747125f80}> (0x0000000747125f80) thrown at [src/hotspot/share/prims/jvm.cpp, line 1304]
Event: 0.097 Thread 0x00007fa58c016800 Exception <a 'java/security/PrivilegedActionException'{0x0000000747126250}> (0x0000000747126250) thrown at [src/hotspot/share/prims/jvm.cpp, line 1304]
Event: 0.097 Thread 0x00007fa58c016800 Exception <a 'java/security/PrivilegedActionException'{0x0000000747126d20}> (0x0000000747126d20) thrown at [src/hotspot/share/prims/jvm.cpp, line 1304]
Event: 0.097 Thread 0x00007fa58c016800 Exception <a 'java/security/PrivilegedActionException'{0x0000000747126ff0}> (0x0000000747126ff0) thrown at [src/hotspot/share/prims/jvm.cpp, line 1304]
Event: 0.097 Thread 0x00007fa58c016800 Exception <a 'java/security/PrivilegedActionException'{0x0000000747127ae0}> (0x0000000747127ae0) thrown at [src/hotspot/share/prims/jvm.cpp, line 1304]
Event: 0.097 Thread 0x00007fa58c016800 Exception <a 'java/security/PrivilegedActionException'{0x0000000747127db0}> (0x0000000747127db0) thrown at [src/hotspot/share/prims/jvm.cpp, line 1304]
Event: 0.097 Thread 0x00007fa58c016800 Exception <a 'java/security/PrivilegedActionException'{0x0000000747128880}> (0x0000000747128880) thrown at [src/hotspot/share/prims/jvm.cpp, line 1304]
Event: 0.097 Thread 0x00007fa58c016800 Exception <a 'java/security/PrivilegedActionException'{0x0000000747128b50}> (0x0000000747128b50) thrown at [src/hotspot/share/prims/jvm.cpp, line 1304]
Event: 0.097 Thread 0x00007fa58c016800 Exception <a 'java/security/PrivilegedActionException'{0x0000000747129648}> (0x0000000747129648) thrown at [src/hotspot/share/prims/jvm.cpp, line 1304]
Event: 0.097 Thread 0x00007fa58c016800 Exception <a 'java/security/PrivilegedActionException'{0x0000000747129918}> (0x0000000747129918) thrown at [src/hotspot/share/prims/jvm.cpp, line 1304]
Event: 0.116 Thread 0x00007fa58c016800 Exception <a 'java/lang/NoSuchMethodError'{0x00000007470c0900}: 'int java.lang.invoke.DirectMethodHandle$Holder.invokeStaticInit(java.lang.Object, java.lang.Object, java.lang.Object, java.lang.Object)'> (0x00000007470c0900) thrown at [src/hotspot/share/interpreter/linkResolver.cpp, line 772]
Event: 0.117 Thread 0x00007fa58c016800 Exception <a 'java/lang/IncompatibleClassChangeError'{0x00000007470cade8}: Found class java.lang.Object, but interface was expected> (0x00000007470cade8) thrown at [src/hotspot/share/interpreter/linkResolver.cpp, line 839]
Event: 0.117 Thread 0x00007fa58c016800 Exception <a 'java/lang/NoSuchMethodError'{0x00000007470ce038}: 'void java.lang.invoke.DirectMethodHandle$Holder.invokeStaticInit(java.lang.Object, java.lang.Object)'> (0x00000007470ce038) thrown at [src/hotspot/share/interpreter/linkResolver.cpp, line 772]
Event: 0.118 Thread 0x00007fa58c016800 Exception <a 'java/lang/NoSuchMethodError'{0x00000007470d3d08}: 'int java.lang.invoke.DirectMethodHandle$Holder.invokeStaticInit(java.lang.Object, java.lang.Object)'> (0x00000007470d3d08) thrown at [src/hotspot/share/interpreter/linkResolver.cpp, line 772]
Event: 0.148 Thread 0x00007fa58c016800 Exception <a 'java/security/PrivilegedActionException'{0x0000000746e5b1c8}> (0x0000000746e5b1c8) thrown at [src/hotspot/share/prims/jvm.cpp, line 1304]
Event: 0.148 Thread 0x00007fa58c016800 Exception <a 'java/security/PrivilegedActionException'{0x0000000746e5b498}> (0x0000000746e5b498) thrown at [src/hotspot/share/prims/jvm.cpp, line 1304]

Events (20 events):
Event: 0.200 loading class symtable/symbol/BaseSymbol
Event: 0.200 loading class symtable/symbol/BaseSymbol done
Event: 0.200 loading class symtable/type/BaseType
Event: 0.200 loading class symtable/type/BaseType done
Event: 0.200 loading class symtable/scope/FunctionScope
Event: 0.200 loading class symtable/scope/FunctionScope done
Event: 0.200 loading class symtable/type/FunctionType
Event: 0.200 loading class symtable/type/FunctionType done
Event: 0.200 loading class symtable/symbol/FunctionSymbol
Event: 0.200 loading class symtable/symbol/FunctionSymbol done
Event: 0.200 loading class symtable/symbol/VariableSymbol
Event: 0.200 loading class symtable/symbol/VariableSymbol done
Event: 0.201 loading class symtable/type/ArrayType
Event: 0.201 loading class symtable/type/ArrayType done
Event: 0.202 loading class org/bytedeco/javacpp/PointerScope
Event: 0.202 loading class org/bytedeco/javacpp/PointerScope done
Event: 0.202 loading class org/bytedeco/javacpp/PointerScope$1
Event: 0.202 loading class org/bytedeco/javacpp/PointerScope$1 done
Event: 0.203 loading class symtable/scope/LocalScope
Event: 0.203 loading class symtable/scope/LocalScope done


Dynamic libraries:
73b000000-747600000 rw-p 00000000 00:00 0 
747600000-7bfe00000 ---p 00000000 00:00 0 
7bfe00000-7bfe48000 rw-p 00b0a000 08:10 51914                            /usr/lib/jvm/java-11-openjdk-amd64/lib/server/classes.jsa
7bfe48000-7bff00000 rw-p 00000000 00:00 0 
7bff00000-7bff6b000 rw-p 00a9f000 08:10 51914                            /usr/lib/jvm/java-11-openjdk-amd64/lib/server/classes.jsa
7bff6b000-7c0000000 rw-p 00000000 00:00 0 
7c0000000-800000000 ---p 00000000 00:00 0 
800000000-800002000 rwxp 00001000 08:10 51914                            /usr/lib/jvm/java-11-openjdk-amd64/lib/server/classes.jsa
800002000-8003cc000 rw-p 00003000 08:10 51914                            /usr/lib/jvm/java-11-openjdk-amd64/lib/server/classes.jsa
8003cc000-800a9d000 r--p 003cd000 08:10 51914                            /usr/lib/jvm/java-11-openjdk-amd64/lib/server/classes.jsa
800a9d000-800a9e000 rw-p 00a9e000 08:10 51914                            /usr/lib/jvm/java-11-openjdk-amd64/lib/server/classes.jsa
840000000-8400c0000 rw-p 00000000 00:00 0 
8400c0000-880000000 ---p 00000000 00:00 0 
55673a01f000-55673a020000 r--p 00000000 08:10 51492                      /usr/lib/jvm/java-11-openjdk-amd64/bin/java
55673a020000-55673a021000 r-xp 00001000 08:10 51492                      /usr/lib/jvm/java-11-openjdk-amd64/bin/java
55673a021000-55673a022000 r--p 00002000 08:10 51492                      /usr/lib/jvm/java-11-openjdk-amd64/bin/java
55673a022000-55673a023000 r--p 00002000 08:10 51492                      /usr/lib/jvm/java-11-openjdk-amd64/bin/java
55673a023000-55673a024000 rw-p 00003000 08:10 51492                      /usr/lib/jvm/java-11-openjdk-amd64/bin/java
55673ac25000-55673ac46000 rw-p 00000000 00:00 0                          [heap]
7fa51952c000-7fa519e52000 r--p 00000000 08:10 59050                      /root/.javacpp/cache/llvm-13.0.1-1.5.7-linux-x86_64.jar/org/bytedeco/llvm/linux-x86_64/libLLVM-13.so
7fa519e52000-7fa51d815000 r-xp 00926000 08:10 59050                      /root/.javacpp/cache/llvm-13.0.1-1.5.7-linux-x86_64.jar/org/bytedeco/llvm/linux-x86_64/libLLVM-13.so
7fa51d815000-7fa51fa6a000 r--p 042e9000 08:10 59050                      /root/.javacpp/cache/llvm-13.0.1-1.5.7-linux-x86_64.jar/org/bytedeco/llvm/linux-x86_64/libLLVM-13.so
7fa51fa6a000-7fa51ff7f000 r--p 0653d000 08:10 59050                      /root/.javacpp/cache/llvm-13.0.1-1.5.7-linux-x86_64.jar/org/bytedeco/llvm/linux-x86_64/libLLVM-13.so
7fa51ff7f000-7fa51ff8a000 rw-p 06a52000 08:10 59050                      /root/.javacpp/cache/llvm-13.0.1-1.5.7-linux-x86_64.jar/org/bytedeco/llvm/linux-x86_64/libLLVM-13.so
7fa51ff8a000-7fa520000000 rw-p 00000000 00:00 0 
7fa520000000-7fa5200e3000 rw-p 00000000 00:00 0 
7fa5200e3000-7fa524000000 ---p 00000000 00:00 0 
7fa524000000-7fa524048000 rw-p 00000000 00:00 0 
7fa524048000-7fa528000000 ---p 00000000 00:00 0 
7fa528000000-7fa528021000 rw-p 00000000 00:00 0 
7fa528021000-7fa52c000000 ---p 00000000 00:00 0 
7fa52c000000-7fa52c021000 rw-p 00000000 00:00 0 
7fa52c021000-7fa530000000 ---p 00000000 00:00 0 
7fa530000000-7fa530021000 rw-p 00000000 00:00 0 
7fa530021000-7fa534000000 ---p 00000000 00:00 0 
7fa534000000-7fa534021000 rw-p 00000000 00:00 0 
7fa534021000-7fa538000000 ---p 00000000 00:00 0 
7fa538000000-7fa53830f000 rw-p 00000000 00:00 0 
7fa53830f000-7fa53c000000 ---p 00000000 00:00 0 
7fa53c000000-7fa53c34e000 rw-p 00000000 00:00 0 
7fa53c34e000-7fa540000000 ---p 00000000 00:00 0 
7fa540000000-7fa540021000 rw-p 00000000 00:00 0 
7fa540021000-7fa544000000 ---p 00000000 00:00 0 
7fa544000000-7fa544021000 rw-p 00000000 00:00 0 
7fa544021000-7fa548000000 ---p 00000000 00:00 0 
7fa548000000-7fa548021000 rw-p 00000000 00:00 0 
7fa548021000-7fa54c000000 ---p 00000000 00:00 0 
7fa54c000000-7fa54c021000 rw-p 00000000 00:00 0 
7fa54c021000-7fa550000000 ---p 00000000 00:00 0 
7fa550000000-7fa550021000 rw-p 00000000 00:00 0 
7fa550021000-7fa554000000 ---p 00000000 00:00 0 
7fa554000000-7fa554021000 rw-p 00000000 00:00 0 
7fa554021000-7fa558000000 ---p 00000000 00:00 0 
7fa558000000-7fa558021000 rw-p 00000000 00:00 0 
7fa558021000-7fa55c000000 ---p 00000000 00:00 0 
7fa55c000000-7fa55c021000 rw-p 00000000 00:00 0 
7fa55c021000-7fa560000000 ---p 00000000 00:00 0 
7fa562000000-7fa564000000 rw-p 00000000 00:00 0 
7fa564000000-7fa564021000 rw-p 00000000 00:00 0 
7fa564021000-7fa568000000 ---p 00000000 00:00 0 
7fa568c71000-7fa568cd6000 r--p 00000000 08:10 59056                      /root/.javacpp/cache/llvm-13.0.1-1.5.7-linux-x86_64.jar/org/bytedeco/llvm/linux-x86_64/libjniLLVM.so
7fa568cd6000-7fa568d44000 r-xp 00065000 08:10 59056                      /root/.javacpp/cache/llvm-13.0.1-1.5.7-linux-x86_64.jar/org/bytedeco/llvm/linux-x86_64/libjniLLVM.so
7fa568d44000-7fa568d6f000 r--p 000d3000 08:10 59056                      /root/.javacpp/cache/llvm-13.0.1-1.5.7-linux-x86_64.jar/org/bytedeco/llvm/linux-x86_64/libjniLLVM.so
7fa568d6f000-7fa568d72000 r--p 000fd000 08:10 59056                      /root/.javacpp/cache/llvm-13.0.1-1.5.7-linux-x86_64.jar/org/bytedeco/llvm/linux-x86_64/libjniLLVM.so
7fa568d72000-7fa568d75000 rw-p 00100000 08:10 59056                      /root/.javacpp/cache/llvm-13.0.1-1.5.7-linux-x86_64.jar/org/bytedeco/llvm/linux-x86_64/libjniLLVM.so
7fa568d75000-7fa568d77000 rw-p 00000000 00:00 0 
7fa568d77000-7fa568d7b000 ---p 00000000 00:00 0 
7fa568d7b000-7fa568e78000 rw-p 00000000 00:00 0 
7fa568e78000-7fa568e7c000 ---p 00000000 00:00 0 
7fa568e7c000-7fa568f79000 rw-p 00000000 00:00 0 
7fa568f79000-7fa568f7d000 ---p 00000000 00:00 0 
7fa568f7d000-7fa56907a000 rw-p 00000000 00:00 0 
7fa56907a000-7fa56907e000 ---p 00000000 00:00 0 
7fa56907e000-7fa56917b000 rw-p 00000000 00:00 0 
7fa56917b000-7fa56917c000 ---p 00000000 00:00 0 
7fa56917c000-7fa56927d000 rw-p 00000000 00:00 0 
7fa56927d000-7fa569281000 ---p 00000000 00:00 0 
7fa569281000-7fa56937e000 rw-p 00000000 00:00 0 
7fa56937e000-7fa569382000 ---p 00000000 00:00 0 
7fa569382000-7fa56947f000 rw-p 00000000 00:00 0 
7fa56947f000-7fa569483000 ---p 00000000 00:00 0 
7fa569483000-7fa569b40000 rw-p 00000000 00:00 0 
7fa569b40000-7fa569d80000 ---p 00000000 00:00 0 
7fa569d80000-7fa56a098000 rw-p 00000000 00:00 0 
7fa56a098000-7fa56beb8000 ---p 00000000 00:00 0 
7fa56beb8000-7fa56bec0000 rw-p 00000000 00:00 0 
7fa56bec0000-7fa56cec0000 ---p 00000000 00:00 0 
7fa56cec0000-7fa56d1d8000 rw-p 00000000 00:00 0 
7fa56d1d8000-7fa56eff8000 ---p 00000000 00:00 0 
7fa56eff8000-7fa56f000000 rw-p 00000000 00:00 0 
7fa56f000000-7fa570000000 ---p 00000000 00:00 0 
7fa570000000-7fa570021000 rw-p 00000000 00:00 0 
7fa570021000-7fa574000000 ---p 00000000 00:00 0 
7fa57409c000-7fa57409d000 r--p 00000000 08:10 59054                      /root/.javacpp/cache/llvm-13.0.1-1.5.7-linux-x86_64.jar/org/bytedeco/llvm/linux-x86_64/libRemarks.so.13
7fa57409d000-7fa57409e000 r-xp 00001000 08:10 59054                      /root/.javacpp/cache/llvm-13.0.1-1.5.7-linux-x86_64.jar/org/bytedeco/llvm/linux-x86_64/libRemarks.so.13
7fa57409e000-7fa57409f000 r--p 00002000 08:10 59054                      /root/.javacpp/cache/llvm-13.0.1-1.5.7-linux-x86_64.jar/org/bytedeco/llvm/linux-x86_64/libRemarks.so.13
7fa57409f000-7fa5740a0000 r--p 00002000 08:10 59054                      /root/.javacpp/cache/llvm-13.0.1-1.5.7-linux-x86_64.jar/org/bytedeco/llvm/linux-x86_64/libRemarks.so.13
7fa5740a0000-7fa5740a1000 rw-p 00003000 08:10 59054                      /root/.javacpp/cache/llvm-13.0.1-1.5.7-linux-x86_64.jar/org/bytedeco/llvm/linux-x86_64/libRemarks.so.13
7fa5740a1000-7fa5740a5000 ---p 00000000 00:00 0 
7fa5740a5000-7fa5741a2000 rw-p 00000000 00:00 0 
7fa5741a2000-7fa5741a6000 ---p 00000000 00:00 0 
7fa5741a6000-7fa5742a3000 rw-p 00000000 00:00 0 
7fa5742a3000-7fa574416000 r--p 00000000 08:10 12354                      /usr/lib/locale/C.UTF-8/LC_COLLATE
7fa574416000-7fa5746fc000 r--p 00000000 08:10 4119                       /usr/lib/locale/locale-archive
7fa5746fc000-7fa574700000 ---p 00000000 00:00 0 
7fa574700000-7fa5747fd000 rw-p 00000000 00:00 0 
7fa5747fd000-7fa574a6d000 rwxp 00000000 00:00 0 
7fa574a6d000-7fa574d8e000 ---p 00000000 00:00 0 
7fa574d8e000-7fa574ffe000 rwxp 00000000 00:00 0 
7fa574ffe000-7fa57c2c5000 ---p 00000000 00:00 0 
7fa57c2c5000-7fa57c535000 rwxp 00000000 00:00 0 
7fa57c535000-7fa5837fd000 ---p 00000000 00:00 0 
7fa5837fd000-7fa58c000000 r--s 00000000 08:10 51651                      /usr/lib/jvm/java-11-openjdk-amd64/lib/modules
7fa58c000000-7fa58c54d000 rw-p 00000000 00:00 0 
7fa58c54d000-7fa590000000 ---p 00000000 00:00 0 
7fa590004000-7fa59000b000 r--p 00000000 08:10 59052                      /root/.javacpp/cache/llvm-13.0.1-1.5.7-linux-x86_64.jar/org/bytedeco/llvm/linux-x86_64/libLTO.so.13
7fa59000b000-7fa590013000 r-xp 00007000 08:10 59052                      /root/.javacpp/cache/llvm-13.0.1-1.5.7-linux-x86_64.jar/org/bytedeco/llvm/linux-x86_64/libLTO.so.13
7fa590013000-7fa590015000 r--p 0000f000 08:10 59052                      /root/.javacpp/cache/llvm-13.0.1-1.5.7-linux-x86_64.jar/org/bytedeco/llvm/linux-x86_64/libLTO.so.13
7fa590015000-7fa590016000 r--p 00010000 08:10 59052                      /root/.javacpp/cache/llvm-13.0.1-1.5.7-linux-x86_64.jar/org/bytedeco/llvm/linux-x86_64/libLTO.so.13
7fa590016000-7fa590017000 rw-p 00011000 08:10 59052                      /root/.javacpp/cache/llvm-13.0.1-1.5.7-linux-x86_64.jar/org/bytedeco/llvm/linux-x86_64/libLTO.so.13
7fa590017000-7fa59001b000 r--p 00000000 08:10 59044                      /root/.javacpp/cache/javacpp-1.5.7-linux-x86_64.jar/org/bytedeco/javacpp/linux-x86_64/libjnijavacpp.so
7fa59001b000-7fa590022000 r-xp 00004000 08:10 59044                      /root/.javacpp/cache/javacpp-1.5.7-linux-x86_64.jar/org/bytedeco/javacpp/linux-x86_64/libjnijavacpp.so
7fa590022000-7fa590026000 r--p 0000b000 08:10 59044                      /root/.javacpp/cache/javacpp-1.5.7-linux-x86_64.jar/org/bytedeco/javacpp/linux-x86_64/libjnijavacpp.so
7fa590026000-7fa590027000 r--p 0000e000 08:10 59044                      /root/.javacpp/cache/javacpp-1.5.7-linux-x86_64.jar/org/bytedeco/javacpp/linux-x86_64/libjnijavacpp.so
7fa590027000-7fa590028000 rw-p 0000f000 08:10 59044                      /root/.javacpp/cache/javacpp-1.5.7-linux-x86_64.jar/org/bytedeco/javacpp/linux-x86_64/libjnijavacpp.so
7fa590028000-7fa590059000 rw-p 00000000 00:00 0 
7fa590059000-7fa59005d000 r--p 00000000 08:10 51641                      /usr/lib/jvm/java-11-openjdk-amd64/lib/libnet.so
7fa59005d000-7fa59006b000 r-xp 00004000 08:10 51641                      /usr/lib/jvm/java-11-openjdk-amd64/lib/libnet.so
7fa59006b000-7fa59006f000 r--p 00012000 08:10 51641                      /usr/lib/jvm/java-11-openjdk-amd64/lib/libnet.so
7fa59006f000-7fa590070000 r--p 00015000 08:10 51641                      /usr/lib/jvm/java-11-openjdk-amd64/lib/libnet.so
7fa590070000-7fa590071000 rw-p 00016000 08:10 51641                      /usr/lib/jvm/java-11-openjdk-amd64/lib/libnet.so
7fa590071000-7fa590078000 r--p 00000000 08:10 51642                      /usr/lib/jvm/java-11-openjdk-amd64/lib/libnio.so
7fa590078000-7fa590080000 r-xp 00007000 08:10 51642                      /usr/lib/jvm/java-11-openjdk-amd64/lib/libnio.so
7fa590080000-7fa590083000 r--p 0000f000 08:10 51642                      /usr/lib/jvm/java-11-openjdk-amd64/lib/libnio.so
7fa590083000-7fa590084000 r--p 00011000 08:10 51642                      /usr/lib/jvm/java-11-openjdk-amd64/lib/libnio.so
7fa590084000-7fa590085000 rw-p 00012000 08:10 51642                      /usr/lib/jvm/java-11-openjdk-amd64/lib/libnio.so
7fa590085000-7fa5900b7000 r--p 00000000 08:10 12355                      /usr/lib/locale/C.UTF-8/LC_CTYPE
7fa5900b7000-7fa5900b8000 r--p 00000000 08:10 12361                      /usr/lib/locale/C.UTF-8/LC_NUMERIC
7fa5900b8000-7fa5900b9000 r--p 00000000 08:10 12365                      /usr/lib/locale/C.UTF-8/LC_TIME
7fa5900b9000-7fa5900ba000 r--p 00000000 08:10 12359                      /usr/lib/locale/C.UTF-8/LC_MONETARY
7fa5900ba000-7fa5900bb000 r--p 00000000 08:10 12358                      /usr/lib/locale/C.UTF-8/LC_MESSAGES/SYS_LC_MESSAGES
7fa5900bb000-7fa5900bc000 r--p 00000000 08:10 12363                      /usr/lib/locale/C.UTF-8/LC_PAPER
7fa5900bc000-7fa5900bd000 r--p 00000000 08:10 12360                      /usr/lib/locale/C.UTF-8/LC_NAME
7fa5900bd000-7fa5900be000 r--p 00000000 08:10 12353                      /usr/lib/locale/C.UTF-8/LC_ADDRESS
7fa5900be000-7fa5900bf000 r--p 00000000 08:10 12364                      /usr/lib/locale/C.UTF-8/LC_TELEPHONE
7fa5900bf000-7fa5900c6000 r--s 00000000 08:10 47045                      /usr/lib/x86_64-linux-gnu/gconv/gconv-modules.cache
7fa5900c6000-7fa5900ca000 ---p 00000000 00:00 0 
7fa5900ca000-7fa5901c7000 rw-p 00000000 00:00 0 
7fa5901c7000-7fa5901c8000 ---p 00000000 00:00 0 
7fa5901c8000-7fa59040f000 rw-p 00000000 00:00 0 
7fa59040f000-7fa590410000 ---p 00000000 00:00 0 
7fa590410000-7fa590511000 rw-p 00000000 00:00 0 
7fa590511000-7fa590512000 ---p 00000000 00:00 0 
7fa590512000-7fa590e1b000 rw-p 00000000 00:00 0 
7fa590e1b000-7fa590e1c000 ---p 00000000 00:00 0 
7fa590e1c000-7fa590f1d000 rw-p 00000000 00:00 0 
7fa590f1d000-7fa590f1e000 ---p 00000000 00:00 0 
7fa590f1e000-7fa59114e000 rw-p 00000000 00:00 0 
7fa59114e000-7fa591512000 ---p 00000000 00:00 0 
7fa591512000-7fa591513000 rw-p 00000000 00:00 0 
7fa591513000-7fa591713000 ---p 00000000 00:00 0 
7fa591713000-7fa591776000 rw-p 00000000 00:00 0 
7fa591776000-7fa591b3a000 ---p 00000000 00:00 0 
7fa591b3a000-7fa591b3b000 rw-p 00000000 00:00 0 
7fa591b3b000-7fa591d3b000 ---p 00000000 00:00 0 
7fa591d3b000-7fa591d9e000 rw-p 00000000 00:00 0 
7fa591d9e000-7fa592162000 ---p 00000000 00:00 0 
7fa592162000-7fa592163000 rw-p 00000000 00:00 0 
7fa592163000-7fa592363000 ---p 00000000 00:00 0 
7fa592363000-7fa592b6b000 rw-p 00000000 00:00 0 
7fa592b6b000-7fa592b6c000 ---p 00000000 00:00 0 
7fa592b6c000-7fa592c72000 rw-p 00000000 00:00 0 
7fa592c72000-7fa592d58000 ---p 00000000 00:00 0 
7fa592d58000-7fa592d5d000 rw-p 00000000 00:00 0 
7fa592d5d000-7fa592e43000 ---p 00000000 00:00 0 
7fa592e43000-7fa592e48000 rw-p 00000000 00:00 0 
7fa592e48000-7fa592e4f000 ---p 00000000 00:00 0 
7fa592e4f000-7fa592e51000 r--p 00000000 08:10 51650                      /usr/lib/jvm/java-11-openjdk-amd64/lib/libzip.so
7fa592e51000-7fa592e56000 r-xp 00002000 08:10 51650                      /usr/lib/jvm/java-11-openjdk-amd64/lib/libzip.so
7fa592e56000-7fa592e58000 r--p 00007000 08:10 51650                      /usr/lib/jvm/java-11-openjdk-amd64/lib/libzip.so
7fa592e58000-7fa592e59000 r--p 00008000 08:10 51650                      /usr/lib/jvm/java-11-openjdk-amd64/lib/libzip.so
7fa592e59000-7fa592e5a000 rw-p 00009000 08:10 51650                      /usr/lib/jvm/java-11-openjdk-amd64/lib/libzip.so
7fa592e5a000-7fa592e5d000 r--p 00000000 08:10 44390                      /usr/lib/x86_64-linux-gnu/libnss_files-2.31.so
7fa592e5d000-7fa592e64000 r-xp 00003000 08:10 44390                      /usr/lib/x86_64-linux-gnu/libnss_files-2.31.so
7fa592e64000-7fa592e66000 r--p 0000a000 08:10 44390                      /usr/lib/x86_64-linux-gnu/libnss_files-2.31.so
7fa592e66000-7fa592e67000 r--p 0000b000 08:10 44390                      /usr/lib/x86_64-linux-gnu/libnss_files-2.31.so
7fa592e67000-7fa592e68000 rw-p 0000c000 08:10 44390                      /usr/lib/x86_64-linux-gnu/libnss_files-2.31.so
7fa592e68000-7fa592e6e000 rw-p 00000000 00:00 0 
7fa592e6e000-7fa592e6f000 r--p 00000000 08:10 12357                      /usr/lib/locale/C.UTF-8/LC_MEASUREMENT
7fa592e6f000-7fa592e71000 r--s 0000c000 08:10 23045                      /usr/share/java/java-atk-wrapper.jar
7fa592e71000-7fa592e79000 rw-s 00000000 08:10 4150                       /tmp/hsperfdata_root/5948
7fa592e79000-7fa592e87000 r--p 00000000 08:10 51630                      /usr/lib/jvm/java-11-openjdk-amd64/lib/libjava.so
7fa592e87000-7fa592e9d000 r-xp 0000e000 08:10 51630                      /usr/lib/jvm/java-11-openjdk-amd64/lib/libjava.so
7fa592e9d000-7fa592ea4000 r--p 00024000 08:10 51630                      /usr/lib/jvm/java-11-openjdk-amd64/lib/libjava.so
7fa592ea4000-7fa592ea5000 r--p 0002a000 08:10 51630                      /usr/lib/jvm/java-11-openjdk-amd64/lib/libjava.so
7fa592ea5000-7fa592ea6000 rw-p 0002b000 08:10 51630                      /usr/lib/jvm/java-11-openjdk-amd64/lib/libjava.so
7fa592ea6000-7fa592ea7000 rw-p 00000000 00:00 0 
7fa592ea7000-7fa592eac000 r--p 00000000 08:10 51649                      /usr/lib/jvm/java-11-openjdk-amd64/lib/libverify.so
7fa592eac000-7fa592eb3000 r-xp 00005000 08:10 51649                      /usr/lib/jvm/java-11-openjdk-amd64/lib/libverify.so
7fa592eb3000-7fa592eb5000 r--p 0000c000 08:10 51649                      /usr/lib/jvm/java-11-openjdk-amd64/lib/libverify.so
7fa592eb5000-7fa592eb6000 ---p 0000e000 08:10 51649                      /usr/lib/jvm/java-11-openjdk-amd64/lib/libverify.so
7fa592eb6000-7fa592eb8000 r--p 0000e000 08:10 51649                      /usr/lib/jvm/java-11-openjdk-amd64/lib/libverify.so
7fa592eb8000-7fa592eb9000 rw-p 00010000 08:10 51649                      /usr/lib/jvm/java-11-openjdk-amd64/lib/libverify.so
7fa592eb9000-7fa592ebb000 r--p 00000000 08:10 44399                      /usr/lib/x86_64-linux-gnu/librt-2.31.so
7fa592ebb000-7fa592ebf000 r-xp 00002000 08:10 44399                      /usr/lib/x86_64-linux-gnu/librt-2.31.so
7fa592ebf000-7fa592ec1000 r--p 00006000 08:10 44399                      /usr/lib/x86_64-linux-gnu/librt-2.31.so
7fa592ec1000-7fa592ec2000 r--p 00007000 08:10 44399                      /usr/lib/x86_64-linux-gnu/librt-2.31.so
7fa592ec2000-7fa592ec3000 rw-p 00008000 08:10 44399                      /usr/lib/x86_64-linux-gnu/librt-2.31.so
7fa592ec3000-7fa592ec7000 ---p 00000000 00:00 0 
7fa592ec7000-7fa592fc4000 rw-p 00000000 00:00 0 
7fa592fc4000-7fa592fc7000 r--p 00000000 08:10 26920                      /usr/lib/x86_64-linux-gnu/libgcc_s.so.1
7fa592fc7000-7fa592fd9000 r-xp 00003000 08:10 26920                      /usr/lib/x86_64-linux-gnu/libgcc_s.so.1
7fa592fd9000-7fa592fdd000 r--p 00015000 08:10 26920                      /usr/lib/x86_64-linux-gnu/libgcc_s.so.1
7fa592fdd000-7fa592fde000 r--p 00018000 08:10 26920                      /usr/lib/x86_64-linux-gnu/libgcc_s.so.1
7fa592fde000-7fa592fdf000 rw-p 00019000 08:10 26920                      /usr/lib/x86_64-linux-gnu/libgcc_s.so.1
7fa592fdf000-7fa592fec000 r--p 00000000 08:10 44384                      /usr/lib/x86_64-linux-gnu/libm-2.31.so
7fa592fec000-7fa593093000 r-xp 0000d000 08:10 44384                      /usr/lib/x86_64-linux-gnu/libm-2.31.so
7fa593093000-7fa59312c000 r--p 000b4000 08:10 44384                      /usr/lib/x86_64-linux-gnu/libm-2.31.so
7fa59312c000-7fa59312d000 r--p 0014c000 08:10 44384                      /usr/lib/x86_64-linux-gnu/libm-2.31.so
7fa59312d000-7fa59312e000 rw-p 0014d000 08:10 44384                      /usr/lib/x86_64-linux-gnu/libm-2.31.so
7fa59312e000-7fa5931c4000 r--p 00000000 08:10 27246                      /usr/lib/x86_64-linux-gnu/libstdc++.so.6.0.28
7fa5931c4000-7fa5932b5000 r-xp 00096000 08:10 27246                      /usr/lib/x86_64-linux-gnu/libstdc++.so.6.0.28
7fa5932b5000-7fa5932fe000 r--p 00187000 08:10 27246                      /usr/lib/x86_64-linux-gnu/libstdc++.so.6.0.28
7fa5932fe000-7fa5932ff000 ---p 001d0000 08:10 27246                      /usr/lib/x86_64-linux-gnu/libstdc++.so.6.0.28
7fa5932ff000-7fa59330a000 r--p 001d0000 08:10 27246                      /usr/lib/x86_64-linux-gnu/libstdc++.so.6.0.28
7fa59330a000-7fa59330d000 rw-p 001db000 08:10 27246                      /usr/lib/x86_64-linux-gnu/libstdc++.so.6.0.28
7fa59330d000-7fa593310000 rw-p 00000000 00:00 0 
7fa593310000-7fa593592000 r--p 00000000 08:10 51656                      /usr/lib/jvm/java-11-openjdk-amd64/lib/server/libjvm.so
7fa593592000-7fa59421b000 r-xp 00282000 08:10 51656                      /usr/lib/jvm/java-11-openjdk-amd64/lib/server/libjvm.so
7fa59421b000-7fa594478000 r--p 00f0b000 08:10 51656                      /usr/lib/jvm/java-11-openjdk-amd64/lib/server/libjvm.so
7fa594478000-7fa594479000 ---p 01168000 08:10 51656                      /usr/lib/jvm/java-11-openjdk-amd64/lib/server/libjvm.so
7fa594479000-7fa59453d000 r--p 01168000 08:10 51656                      /usr/lib/jvm/java-11-openjdk-amd64/lib/server/libjvm.so
7fa59453d000-7fa594578000 rw-p 0122c000 08:10 51656                      /usr/lib/jvm/java-11-openjdk-amd64/lib/server/libjvm.so
7fa594578000-7fa5945d1000 rw-p 00000000 00:00 0 
7fa5945d1000-7fa5945d7000 r--p 00000000 08:10 44396                      /usr/lib/x86_64-linux-gnu/libpthread-2.31.so
7fa5945d7000-7fa5945e8000 r-xp 00006000 08:10 44396                      /usr/lib/x86_64-linux-gnu/libpthread-2.31.so
7fa5945e8000-7fa5945ee000 r--p 00017000 08:10 44396                      /usr/lib/x86_64-linux-gnu/libpthread-2.31.so
7fa5945ee000-7fa5945ef000 r--p 0001c000 08:10 44396                      /usr/lib/x86_64-linux-gnu/libpthread-2.31.so
7fa5945ef000-7fa5945f0000 rw-p 0001d000 08:10 44396                      /usr/lib/x86_64-linux-gnu/libpthread-2.31.so
7fa5945f0000-7fa5945f4000 rw-p 00000000 00:00 0 
7fa5945f4000-7fa5945f5000 r--p 00000000 08:10 44383                      /usr/lib/x86_64-linux-gnu/libdl-2.31.so
7fa5945f5000-7fa5945f7000 r-xp 00001000 08:10 44383                      /usr/lib/x86_64-linux-gnu/libdl-2.31.so
7fa5945f7000-7fa5945f8000 r--p 00003000 08:10 44383                      /usr/lib/x86_64-linux-gnu/libdl-2.31.so
7fa5945f8000-7fa5945f9000 r--p 00003000 08:10 44383                      /usr/lib/x86_64-linux-gnu/libdl-2.31.so
7fa5945f9000-7fa5945fa000 rw-p 00004000 08:10 44383                      /usr/lib/x86_64-linux-gnu/libdl-2.31.so
7fa5945fa000-7fa5945fc000 r--p 00000000 08:10 11221                      /usr/lib/x86_64-linux-gnu/libz.so.1.2.11
7fa5945fc000-7fa59460d000 r-xp 00002000 08:10 11221                      /usr/lib/x86_64-linux-gnu/libz.so.1.2.11
7fa59460d000-7fa594613000 r--p 00013000 08:10 11221                      /usr/lib/x86_64-linux-gnu/libz.so.1.2.11
7fa594613000-7fa594614000 ---p 00019000 08:10 11221                      /usr/lib/x86_64-linux-gnu/libz.so.1.2.11
7fa594614000-7fa594615000 r--p 00019000 08:10 11221                      /usr/lib/x86_64-linux-gnu/libz.so.1.2.11
7fa594615000-7fa594616000 rw-p 0001a000 08:10 11221                      /usr/lib/x86_64-linux-gnu/libz.so.1.2.11
7fa594616000-7fa594638000 r--p 00000000 08:10 44382                      /usr/lib/x86_64-linux-gnu/libc-2.31.so
7fa594638000-7fa5947b0000 r-xp 00022000 08:10 44382                      /usr/lib/x86_64-linux-gnu/libc-2.31.so
7fa5947b0000-7fa5947fe000 r--p 0019a000 08:10 44382                      /usr/lib/x86_64-linux-gnu/libc-2.31.so
7fa5947fe000-7fa594802000 r--p 001e7000 08:10 44382                      /usr/lib/x86_64-linux-gnu/libc-2.31.so
7fa594802000-7fa594804000 rw-p 001eb000 08:10 44382                      /usr/lib/x86_64-linux-gnu/libc-2.31.so
7fa594804000-7fa594808000 rw-p 00000000 00:00 0 
7fa594808000-7fa594809000 ---p 00000000 00:00 0 
7fa594809000-7fa59480a000 r--p 00000000 00:00 0 
7fa59480a000-7fa59480c000 r--p 00000000 08:10 51633                      /usr/lib/jvm/java-11-openjdk-amd64/lib/libjimage.so
7fa59480c000-7fa59480f000 r-xp 00002000 08:10 51633                      /usr/lib/jvm/java-11-openjdk-amd64/lib/libjimage.so
7fa59480f000-7fa594810000 r--p 00005000 08:10 51633                      /usr/lib/jvm/java-11-openjdk-amd64/lib/libjimage.so
7fa594810000-7fa594811000 ---p 00006000 08:10 51633                      /usr/lib/jvm/java-11-openjdk-amd64/lib/libjimage.so
7fa594811000-7fa594812000 r--p 00006000 08:10 51633                      /usr/lib/jvm/java-11-openjdk-amd64/lib/libjimage.so
7fa594812000-7fa594813000 rw-p 00007000 08:10 51633                      /usr/lib/jvm/java-11-openjdk-amd64/lib/libjimage.so
7fa594813000-7fa594816000 r--p 00000000 08:10 51615                      /usr/lib/jvm/java-11-openjdk-amd64/lib/jli/libjli.so
7fa594816000-7fa594820000 r-xp 00003000 08:10 51615                      /usr/lib/jvm/java-11-openjdk-amd64/lib/jli/libjli.so
7fa594820000-7fa594823000 r--p 0000d000 08:10 51615                      /usr/lib/jvm/java-11-openjdk-amd64/lib/jli/libjli.so
7fa594823000-7fa594824000 ---p 00010000 08:10 51615                      /usr/lib/jvm/java-11-openjdk-amd64/lib/jli/libjli.so
7fa594824000-7fa594825000 r--p 00010000 08:10 51615                      /usr/lib/jvm/java-11-openjdk-amd64/lib/jli/libjli.so
7fa594825000-7fa594826000 rw-p 00011000 08:10 51615                      /usr/lib/jvm/java-11-openjdk-amd64/lib/jli/libjli.so
7fa594826000-7fa594828000 rw-p 00000000 00:00 0 
7fa594828000-7fa594829000 r--p 00000000 08:10 44378                      /usr/lib/x86_64-linux-gnu/ld-2.31.so
7fa594829000-7fa59484c000 r-xp 00001000 08:10 44378                      /usr/lib/x86_64-linux-gnu/ld-2.31.so
7fa59484c000-7fa594854000 r--p 00024000 08:10 44378                      /usr/lib/x86_64-linux-gnu/ld-2.31.so
7fa594854000-7fa594855000 r--p 00000000 08:10 12356                      /usr/lib/locale/C.UTF-8/LC_IDENTIFICATION
7fa594855000-7fa594856000 r--p 0002c000 08:10 44378                      /usr/lib/x86_64-linux-gnu/ld-2.31.so
7fa594856000-7fa594857000 rw-p 0002d000 08:10 44378                      /usr/lib/x86_64-linux-gnu/ld-2.31.so
7fa594857000-7fa594858000 rw-p 00000000 00:00 0 
7ffdb5924000-7ffdb5946000 rw-p 00000000 00:00 0                          [stack]
7ffdb59bb000-7ffdb59bf000 r--p 00000000 00:00 0                          [vvar]
7ffdb59bf000-7ffdb59c0000 r-xp 00000000 00:00 0                          [vdso]


VM Arguments:
jvm_args: -Dfile.encoding=UTF-8 
java_command: Main ./tests/test1.sysy ./tests/test1_ans.txt
java_class_path (initial): /root/CompilerLab/Lab/target/classes:/usr/local/lib/antlr-4.10.1-complete.jar:/root/.m2/repository/org/bytedeco/llvm-platform/13.0.1-1.5.7/llvm-platform-13.0.1-1.5.7.jar:/root/.m2/repository/org/bytedeco/javacpp-platform/1.5.7/javacpp-platform-1.5.7.jar:/root/.m2/repository/org/bytedeco/javacpp/1.5.7/javacpp-1.5.7.jar:/root/.m2/repository/org/bytedeco/javacpp/1.5.7/javacpp-1.5.7-android-arm.jar:/root/.m2/repository/org/bytedeco/javacpp/1.5.7/javacpp-1.5.7-android-arm64.jar:/root/.m2/repository/org/bytedeco/javacpp/1.5.7/javacpp-1.5.7-android-x86.jar:/root/.m2/repository/org/bytedeco/javacpp/1.5.7/javacpp-1.5.7-android-x86_64.jar:/root/.m2/repository/org/bytedeco/javacpp/1.5.7/javacpp-1.5.7-ios-arm64.jar:/root/.m2/repository/org/bytedeco/javacpp/1.5.7/javacpp-1.5.7-ios-x86_64.jar:/root/.m2/repository/org/bytedeco/javacpp/1.5.7/javacpp-1.5.7-linux-armhf.jar:/root/.m2/repository/org/bytedeco/javacpp/1.5.7/javacpp-1.5.7-linux-arm64.jar:/root/.m2/repository/org/bytedeco/javacpp/1.5.7/javacpp-1.5.7-linux-ppc64le.jar:/root/.m2/repository/org/bytedeco/javacpp/1.5.7/javacpp-1.5.7-linux-x86.jar:/root/.m2/repository/org/bytedeco/javacpp/1.5.7/javacpp-1.5.7-linux-x86_64.jar:/root/.m2/repository/org/bytedeco/javacpp/1.5.7/javacpp-1.5.7-macosx-arm64.jar:/root/.m2/repository/org/bytedeco/javacpp/1.5.7/javacpp-1.5.7-macosx-x86_64.jar:/root/.m2/repository/org/bytedeco/javacpp/1.5.7/javacpp-1.5.7-windows-x86.jar:/root/.m2/repository/org/bytedeco/javacpp/1.5.7/javacpp-1.5.7-windows-x86_64.jar:/root/.m2/repository/org/bytedeco/llvm/13.0.1-1.5.7/llvm-13.0.1-1.5.7.jar:/root/.m2/repository/org/bytedeco/llvm/13.0.1-1.5.7/llvm-13.0.1-1.5.7-linux-x86.jar:/root/.m2/repository/org/bytedeco/llvm/13.0.1-1.5.7/llvm-13.0.1-1.5.7-linux-x86_64.jar:/root/.m2/repository/org/bytedeco/llvm/13.0.1-1.5.7/llvm-13.0.1-1.5.7-linux-armhf.jar:/root/.m2/repository/org/bytedeco/llvm/13.0.1-1.5.7/llvm-13.0.1-1.5.7-linux-arm64.jar:/root/.m2/repository/org/bytedeco/llvm/13.0.1-1.5.7/llv
Launcher Type: SUN_STANDARD

[Global flags]
     intx CICompilerCount                          = 4                                         {product} {ergonomic}
     uint ConcGCThreads                            = 2                                         {product} {ergonomic}
     uint G1ConcRefinementThreads                  = 8                                         {product} {ergonomic}
   size_t G1HeapRegionSize                         = 1048576                                   {product} {ergonomic}
    uintx GCDrainStackTargetSize                   = 64                                        {product} {ergonomic}
   size_t InitialHeapSize                          = 207618048                                 {product} {ergonomic}
   size_t MarkStackSize                            = 4194304                                   {product} {ergonomic}
   size_t MaxHeapSize                              = 3305111552                                {product} {ergonomic}
   size_t MaxNewSize                               = 1982857216                                {product} {ergonomic}
   size_t MinHeapDeltaBytes                        = 1048576                                   {product} {ergonomic}
    uintx NonNMethodCodeHeapSize                   = 5836300                                {pd product} {ergonomic}
    uintx NonProfiledCodeHeapSize                  = 122910970                              {pd product} {ergonomic}
    uintx ProfiledCodeHeapSize                     = 122910970                              {pd product} {ergonomic}
    uintx ReservedCodeCacheSize                    = 251658240                              {pd product} {ergonomic}
     bool SegmentedCodeCache                       = true                                      {product} {ergonomic}
     bool UseCompressedClassPointers               = true                                 {lp64_product} {ergonomic}
     bool UseCompressedOops                        = true                                 {lp64_product} {ergonomic}
     bool UseG1GC                                  = true                                      {product} {ergonomic}

Logging:
Log output configuration:
 #0: stdout all=warning uptime,level,tags
 #1: stderr all=off uptime,level,tags

Environment Variables:
PATH=/usr/local/sbin:/usr/local/bin:/usr/sbin:/usr/bin:/sbin:/bin:/usr/games:/usr/local/games:/usr/lib/wsl/lib:/mnt/c/Program Files (x86)/Common Files/Oracle/Java/javapath:/mnt/c/Python310/Scripts/:/mnt/c/Python310/:/mnt/c/Program Files/MySQL/MySQL Server 8.0/bin:/mnt/c/Windows/system32:/mnt/c/Windows:/mnt/c/Windows/System32/Wbem:/mnt/c/Windows/System32/WindowsPowerShell/v1.0/:/mnt/c/Windows/System32/OpenSSH/:/mnt/c/ProgramData/chocolatey/bin:/mnt/c/Program Files/Pandoc/:/mnt/d//Ne:/mnt/d/Applications/mingw-w64/x86_64-8.1.0-release-win32-seh-rt_v6-rev0/bin:/mnt/c/Program Files/Java/jdk-15.0.2/bin:/mnt/c/Program Files/Java/jdk-15.0.2/jre/bin:/mnt/d/Applications/scala/bin:/mnt/d/Applications/scala/jre/bin:/mnt/d/Applications/Prince/engine/bin:/mnt/d/Applications/Maven/apache-maven-3.8.6/bin:/mnt/c/Program Files/Git/cmd:/mnt/d//Tencent/web/dll:/mnt/d/Applications/nodejs/:/mnt/c/Users/20125/AppData/Local/Programs/Python/Python38/Scripts/:/mnt/c/Users/20125/AppData/Local/Programs/Python/Python38/:/mnt/c/Users/20125/AppData/Local/Microsoft/WindowsApps:/mnt/c/Program Files/JetBrains/IntelliJ IDEA 2021.3/bin:/mnt/c/Program Files/JetBrains/PyCharm 2021.3.1/bin:/mnt/d//JetBrains/WebStorm 2021.3.1/bin:/mnt/d//JetBrains/CLion 2021.3.2/bin:/mnt/c/Users/20125/AppData/Local/GitHubDesktop/bin:/mnt/d//JetBrains/DataGrip 2021.3.4/bin:/mnt/d/Applications/Microsoft VS Code/bin:/mnt/c/Users/20125/AppData/Local/JetBrains/Toolbox/scripts:/mnt/c/Program Files/jdk-15.0.2/jre/bin:/mnt/c/Program Files/jdk-15.0.2/bin:/mnt/c/Users/20125/AppData/Roaming/npm
SHELL=/bin/sh
HOSTTYPE=x86_64
LANG=C.UTF-8
TERM=xterm-256color

Signal Handlers:
SIGSEGV: [libjvm.so+0xe97eb0], sa_mask[0]=11111111011111111101111111111110, sa_flags=SA_RESTART|SA_SIGINFO
SIGBUS: [libjvm.so+0xe97eb0], sa_mask[0]=11111111011111111101111111111110, sa_flags=SA_RESTART|SA_SIGINFO
SIGFPE: [libjvm.so+0xe97eb0], sa_mask[0]=11111111011111111101111111111110, sa_flags=SA_RESTART|SA_SIGINFO
SIGPIPE: [libjvm.so+0xbde850], sa_mask[0]=11111111011111111101111111111110, sa_flags=SA_RESTART|SA_SIGINFO
SIGXFSZ: [libjvm.so+0xbde850], sa_mask[0]=11111111011111111101111111111110, sa_flags=SA_RESTART|SA_SIGINFO
SIGILL: [libjvm.so+0xe97eb0], sa_mask[0]=11111111011111111101111111111110, sa_flags=SA_RESTART|SA_SIGINFO
SIGUSR2: [libjvm.so+0xbde6f0], sa_mask[0]=00000000000000000000000000000000, sa_flags=SA_RESTART|SA_SIGINFO
SIGHUP: [libjvm.so+0xbde9e0], sa_mask[0]=11111111011111111101111111111110, sa_flags=SA_RESTART|SA_SIGINFO
SIGINT: [libjvm.so+0xbde9e0], sa_mask[0]=11111111011111111101111111111110, sa_flags=SA_RESTART|SA_SIGINFO
SIGTERM: [libjvm.so+0xbde9e0], sa_mask[0]=11111111011111111101111111111110, sa_flags=SA_RESTART|SA_SIGINFO
SIGQUIT: [libjvm.so+0xbde9e0], sa_mask[0]=11111111011111111101111111111110, sa_flags=SA_RESTART|SA_SIGINFO


---------------  S Y S T E M  ---------------

OS:DISTRIB_ID=Ubuntu
DISTRIB_RELEASE=20.04
DISTRIB_CODENAME=focal
DISTRIB_DESCRIPTION="Ubuntu 20.04.5 LTS"
uname:Linux 5.10.16.3-microsoft-standard-WSL2 #1 SMP Fri Apr 2 22:23:49 UTC 2021 x86_64
OS uptime: 0 days 0:15 hours
libc:glibc 2.31 NPTL 2.31 
rlimit (soft/hard): STACK 8192k/infinity , CORE 0k/infinity , NPROC 50409/50409 , NOFILE 4096/4096 , AS infinity/infinity , CPU infinity/infinity , DATA infinity/infinity , FSIZE infinity/infinity , MEMLOCK 64k/64k
load average:0.00 0.04 0.06

/proc/meminfo:
MemTotal:       12909048 kB
MemFree:        12528400 kB
MemAvailable:   12513992 kB
Buffers:           17416 kB
Cached:           193120 kB
SwapCached:            0 kB
Active:           156428 kB
Inactive:         111208 kB
Active(anon):         88 kB
Inactive(anon):    57072 kB
Active(file):     156340 kB
Inactive(file):    54136 kB
Unevictable:           0 kB
Mlocked:               0 kB
SwapTotal:       4194304 kB
SwapFree:        4194304 kB
Dirty:               384 kB
Writeback:             0 kB
AnonPages:         57432 kB
Mapped:            56436 kB
Shmem:                72 kB
KReclaimable:      21260 kB
Slab:              47060 kB
SReclaimable:      21260 kB
SUnreclaim:        25800 kB
KernelStack:        2304 kB
PageTables:          500 kB
NFS_Unstable:          0 kB
Bounce:                0 kB
WritebackTmp:          0 kB
CommitLimit:    10648828 kB
Committed_AS:     319820 kB
VmallocTotal:   34359738367 kB
VmallocUsed:       22412 kB
VmallocChunk:          0 kB
Percpu:             2432 kB
AnonHugePages:     63488 kB
ShmemHugePages:        0 kB
ShmemPmdMapped:        0 kB
FileHugePages:         0 kB
FilePmdMapped:         0 kB
HugePages_Total:       0
HugePages_Free:        0
HugePages_Rsvd:        0
HugePages_Surp:        0
Hugepagesize:       2048 kB
Hugetlb:               0 kB
DirectMap4k:       17408 kB
DirectMap2M:     3784704 kB
DirectMap1G:     9437184 kB

/sys/kernel/mm/transparent_hugepage/enabled:
[always] madvise never
/sys/kernel/mm/transparent_hugepage/defrag (defrag/compaction efforts parameter):
always defer defer+madvise [madvise] never

Process Memory:
Virtual Size: 6259736K (peak: 14706388K)
Resident Set Size: 110456K (peak: 110456K) (anon: 55372K, file: 55084K, shmem: 0K)
Swapped out: 0K
C-Heap outstanding allocations: 29848K, retained: 2975K
glibc malloc tunables: (default)

/proc/sys/kernel/threads-max (system-wide limit on the number of threads):
100818
/proc/sys/vm/max_map_count (maximum number of memory map areas a process may have):
65530
/proc/sys/kernel/pid_max (system-wide limit on number of process identifiers):
32768

container (cgroup) information:
container_type: cgroupv1
cpu_cpuset_cpus: 0-7
cpu_memory_nodes: 0
active_processor_count: 8
cpu_quota: no quota
cpu_period: 100000
cpu_shares: no shares
memory_limit_in_bytes: unlimited
memory_and_swap_limit_in_bytes: unlimited
memory_soft_limit_in_bytes: unlimited
memory_usage_in_bytes: 267752 k
memory_max_usage_in_bytes: 183448 k
maximum number of tasks: not supported
current number of tasks: not supported

Hyper-V virtualization detected
Steal ticks since vm start: 0
Steal ticks percentage since vm start:  0.000

CPU:total 8 (initial active 8) (4 cores per cpu, 2 threads per core) family 6 model 140 stepping 1 microcode 0xffffffff, cmov, cx8, fxsr, mmx, sse, sse2, sse3, ssse3, sse4.1, sse4.2, popcnt, avx, avx2, aes, clmul, erms, 3dnowpref, lzcnt, ht, tsc, tscinvbit, bmi1, bmi2, adx, evex, sha, fma
CPU Model and flags from /proc/cpuinfo:
model name	: 11th Gen Intel(R) Core(TM) i7-1165G7 @ 2.80GHz
flags		: fpu vme de pse tsc msr pae mce cx8 apic sep mtrr pge mca cmov pat pse36 clflush mmx fxsr sse sse2 ss ht syscall nx pdpe1gb rdtscp lm constant_tsc rep_good nopl xtopology tsc_reliable nonstop_tsc cpuid pni pclmulqdq ssse3 fma cx16 pcid sse4_1 sse4_2 movbe popcnt aes xsave avx f16c rdrand hypervisor lahf_lm abm 3dnowprefetch invpcid_single ssbd ibrs ibpb stibp ibrs_enhanced fsgsbase bmi1 avx2 smep bmi2 erms invpcid avx512f avx512dq rdseed adx smap avx512ifma clflushopt clwb avx512cd sha_ni avx512bw avx512vl xsaveopt xsavec xgetbv1 xsaves avx512vbmi umip avx512_vbmi2 gfni vaes vpclmulqdq avx512_vnni avx512_bitalg avx512_vpopcntdq rdpid fsrm avx512_vp2intersect flush_l1d arch_capabilities
Online cpus:
0-7
Offline cpus:

BIOS frequency limitation:
<Not Available>
Frequency switch latency (ns):
<Not Available>
Available cpu frequencies:
<Not Available>
Current governor:
<Not Available>
Core performance/turbo boost:
<Not Available>

Memory: 4k page, physical 12909048k(12528400k free), swap 4194304k(4194304k free)

vm_info: OpenJDK 64-Bit Server VM (11.0.17+8-post-Ubuntu-1ubuntu220.04) for linux-amd64 JRE (11.0.17+8-post-Ubuntu-1ubuntu220.04), built on Oct 25 2022 09:30:51 by "unknown" with gcc 9.4.0

END.
