#
# A fatal error has been detected by the Java Runtime Environment:
#
#  SIGSEGV (0xb) at pc=0x00007f4de2280ae4, pid=11999, tid=12000
#
# JRE version: OpenJDK Runtime Environment (11.0.17+8) (build 11.0.17+8-post-Ubuntu-1ubuntu220.04)
# Java VM: OpenJDK 64-Bit Server VM (11.0.17+8-post-Ubuntu-1ubuntu220.04, mixed mode, sharing, tiered, compressed oops, g1 gc, linux-amd64)
# Problematic frame:
# C  [libLLVM-13.so+0xd54ae4]  llvm::PointerType::get(llvm::Type*, unsigned int)+0x14
#
# No core dump will be written. Core dumps have been disabled. To enable core dumping, try "ulimit -c unlimited" before starting Java again
#
# If you would like to submit a bug report, please visit:
#   https://bugs.launchpad.net/ubuntu/+source/openjdk-lts
# The crash happened outside the Java Virtual Machine in native code.
# See problematic frame for where to report the bug.
#

---------------  S U M M A R Y ------------

Command Line: -Dfile.encoding=UTF-8 Main ./tests/test1.sysy ./tests/test1_ans.txt

Host: 11th Gen Intel(R) Core(TM) i7-1165G7 @ 2.80GHz, 8 cores, 12G, Ubuntu 20.04.5 LTS
Time: Tue Jan 17 11:33:58 2023 CST elapsed time: 0.278860 seconds (0d 0h 0m 0s)

---------------  T H R E A D  ---------------

Current thread (0x00007f4e54016800):  JavaThread "main" [_thread_in_native, id=12000, stack(0x00007f4e58cc3000,0x00007f4e58dc4000)]

Stack: [0x00007f4e58cc3000,0x00007f4e58dc4000],  sp=0x00007f4e58dc1810,  free space=1018k
Native frames: (J=compiled Java code, A=aot compiled Java code, j=interpreted, Vv=VM code, C=native code)
C  [libLLVM-13.so+0xd54ae4]  llvm::PointerType::get(llvm::Type*, unsigned int)+0x14

Java frames: (J=compiled Java code, j=interpreted, Vv=VM code)
j  org.bytedeco.llvm.global.LLVM.LLVMBuildGEP(Lorg/bytedeco/llvm/LLVM/LLVMBuilderRef;Lorg/bytedeco/llvm/LLVM/LLVMValueRef;Lorg/bytedeco/javacpp/PointerPointer;ILjava/lang/String;)Lorg/bytedeco/llvm/LLVM/LLVMValueRef;+0
j  FunctionAndVarIRVisitor.visitLVal(LSysYParser$LValContext;)Lorg/bytedeco/llvm/LLVM/LLVMValueRef;+85
j  FunctionAndVarIRVisitor.visitLVal(LSysYParser$LValContext;)Ljava/lang/Object;+2
j  SysYParser$LValContext.accept(Lorg/antlr/v4/runtime/tree/ParseTreeVisitor;)Ljava/lang/Object;+12
j  org.antlr.v4.runtime.tree.AbstractParseTreeVisitor.visit(Lorg/antlr/v4/runtime/tree/ParseTree;)Ljava/lang/Object;+2
j  FunctionAndVarIRVisitor.visitLValExp(LSysYParser$LValExpContext;)Lorg/bytedeco/llvm/LLVM/LLVMValueRef;+5
j  FunctionAndVarIRVisitor.visitLValExp(LSysYParser$LValExpContext;)Ljava/lang/Object;+2
j  SysYParser$LValExpContext.accept(Lorg/antlr/v4/runtime/tree/ParseTreeVisitor;)Ljava/lang/Object;+12
j  org.antlr.v4.runtime.tree.AbstractParseTreeVisitor.visit(Lorg/antlr/v4/runtime/tree/ParseTree;)Ljava/lang/Object;+2
j  FunctionAndVarIRVisitor.visitReturnStmt(LSysYParser$ReturnStmtContext;)Lorg/bytedeco/llvm/LLVM/LLVMValueRef;+12
j  FunctionAndVarIRVisitor.visitReturnStmt(LSysYParser$ReturnStmtContext;)Ljava/lang/Object;+2
j  SysYParser$ReturnStmtContext.accept(Lorg/antlr/v4/runtime/tree/ParseTreeVisitor;)Ljava/lang/Object;+12
j  org.antlr.v4.runtime.tree.AbstractParseTreeVisitor.visitChildren(Lorg/antlr/v4/runtime/tree/RuleNode;)Ljava/lang/Object;+46
j  SysYParserBaseVisitor.visitBlockItem(LSysYParser$BlockItemContext;)Ljava/lang/Object;+2
j  SysYParser$BlockItemContext.accept(Lorg/antlr/v4/runtime/tree/ParseTreeVisitor;)Ljava/lang/Object;+12
j  org.antlr.v4.runtime.tree.AbstractParseTreeVisitor.visitChildren(Lorg/antlr/v4/runtime/tree/RuleNode;)Ljava/lang/Object;+46
j  SysYParserBaseVisitor.visitBlock(LSysYParser$BlockContext;)Ljava/lang/Object;+2
j  FunctionAndVarIRVisitor.visitBlock(LSysYParser$BlockContext;)Lorg/bytedeco/llvm/LLVM/LLVMValueRef;+32
j  FunctionAndVarIRVisitor.visitBlock(LSysYParser$BlockContext;)Ljava/lang/Object;+2
j  SysYParser$BlockContext.accept(Lorg/antlr/v4/runtime/tree/ParseTreeVisitor;)Ljava/lang/Object;+12
j  org.antlr.v4.runtime.tree.AbstractParseTreeVisitor.visitChildren(Lorg/antlr/v4/runtime/tree/RuleNode;)Ljava/lang/Object;+46
j  SysYParserBaseVisitor.visitFuncDef(LSysYParser$FuncDefContext;)Ljava/lang/Object;+2
j  FunctionAndVarIRVisitor.visitFuncDef(LSysYParser$FuncDefContext;)Lorg/bytedeco/llvm/LLVM/LLVMValueRef;+333
j  FunctionAndVarIRVisitor.visitFuncDef(LSysYParser$FuncDefContext;)Ljava/lang/Object;+2
j  SysYParser$FuncDefContext.accept(Lorg/antlr/v4/runtime/tree/ParseTreeVisitor;)Ljava/lang/Object;+12
j  org.antlr.v4.runtime.tree.AbstractParseTreeVisitor.visitChildren(Lorg/antlr/v4/runtime/tree/RuleNode;)Ljava/lang/Object;+46
j  SysYParserBaseVisitor.visitCompUnit(LSysYParser$CompUnitContext;)Ljava/lang/Object;+2
j  SysYParser$CompUnitContext.accept(Lorg/antlr/v4/runtime/tree/ParseTreeVisitor;)Ljava/lang/Object;+12
j  org.antlr.v4.runtime.tree.AbstractParseTreeVisitor.visitChildren(Lorg/antlr/v4/runtime/tree/RuleNode;)Ljava/lang/Object;+46
j  SysYParserBaseVisitor.visitProgram(LSysYParser$ProgramContext;)Ljava/lang/Object;+2
j  FunctionAndVarIRVisitor.visitProgram(LSysYParser$ProgramContext;)Lorg/bytedeco/llvm/LLVM/LLVMValueRef;+2
j  FunctionAndVarIRVisitor.visitProgram(LSysYParser$ProgramContext;)Ljava/lang/Object;+2
j  SysYParser$ProgramContext.accept(Lorg/antlr/v4/runtime/tree/ParseTreeVisitor;)Ljava/lang/Object;+12
j  org.antlr.v4.runtime.tree.AbstractParseTreeVisitor.visit(Lorg/antlr/v4/runtime/tree/ParseTree;)Ljava/lang/Object;+2
j  Main.funcAndVarIRGenerate([Ljava/lang/String;)V+113
j  Main.main([Ljava/lang/String;)V+1
v  ~StubRoutines::call_stub

siginfo: si_signo: 11 (SIGSEGV), si_code: 1 (SEGV_MAPERR), si_addr: 0x0000000000000000

Register to memory mapping:

RAX=0x0 is NULL
RBX=0x0 is NULL
RCX=0x00007f4e54500fa0 points into unknown readable memory: 0x00007f4e544fb7b0 | b0 b7 4f 54 4e 7f 00 00
RDX=0x000000000000000d is an unknown value
RSP=0x00007f4e58dc1810 is pointing into the stack for thread: 0x00007f4e54016800
RBP=0x00007f4e543f7ce0 points into unknown readable memory: 0x00007f4e54500fa0 | a0 0f 50 54 4e 7f 00 00
RSI=0x0 is NULL
RDI=0x0 is NULL
R8 =0x0 is NULL
R9 =0x00007f4e54016800 is a thread
R10=0x0 is NULL
R11=0x00000000000003d8 is an unknown value
R12=0x0 is NULL
R13=0x00007f4e54503860 points into unknown readable memory: 0x00007f4e544fddd0 | d0 dd 4f 54 4e 7f 00 00
R14=0x0000000000000002 is an unknown value
R15=0x00007f4e544fbf38 points into unknown readable memory: 0x00007f4e544fb7b0 | b0 b7 4f 54 4e 7f 00 00


Registers:
RAX=0x0000000000000000, RBX=0x0000000000000000, RCX=0x00007f4e54500fa0, RDX=0x000000000000000d
RSP=0x00007f4e58dc1810, RBP=0x00007f4e543f7ce0, RSI=0x0000000000000000, RDI=0x0000000000000000
R8 =0x0000000000000000, R9 =0x00007f4e54016800, R10=0x0000000000000000, R11=0x00000000000003d8
R12=0x0000000000000000, R13=0x00007f4e54503860, R14=0x0000000000000002, R15=0x00007f4e544fbf38
RIP=0x00007f4de2280ae4, EFLAGS=0x0000000000010202, CSGSFS=0x002b000000000033, ERR=0x0000000000000004
  TRAPNO=0x000000000000000e

Top of Stack: (sp=0x00007f4e58dc1810)
0x00007f4e58dc1810:   00007f4e54016b48 00007f4e28ba5546
0x00007f4e58dc1820:   00000000000000b0 0000000000000003
0x00007f4e58dc1830:   00007f4e58dc1a28 00007f4e544d8c20
0x00007f4e58dc1840:   00007f4e543f7ce0 00007f4e54503a70 

Instructions: (pc=0x00007f4de2280ae4)
0x00007f4de22809e4:   00 e0 ff ff 75 07 48 85 c9 49 0f 44 c8 45 01 d1
0x00007f4de22809f4:   45 8d 5a 01 41 21 f9 45 89 c8 49 c1 e0 04 49 01
0x00007f4de2280a04:   c0 49 8b 10 48 85 d2 0f 85 85 00 00 00 4c 89 c0
0x00007f4de2280a14:   e9 e7 f6 ff ff 8b 83 f8 08 00 00 8d 48 01 48 85
0x00007f4de2280a24:   ff 0f 84 fc f6 ff ff 48 8b 07 48 89 fa e9 57 f2
0x00007f4de2280a34:   ff ff 48 85 ff 75 0b 48 81 f9 00 e0 ff ff 49 0f
0x00007f4de2280a44:   44 f8 45 01 d1 45 8d 5a 01 41 21 d1 45 89 c8 49
0x00007f4de2280a54:   c1 e0 04 49 01 c0 49 8b 08 48 85 c9 74 af 45 89
0x00007f4de2280a64:   da e9 3f fc ff ff 48 81 ff 00 e0 ff ff 0f 85 a4
0x00007f4de2280a74:   f7 ff ff 83 7a 08 fe 0f 85 9a f7 ff ff 4d 85 c0
0x00007f4de2280a84:   4c 0f 44 c2 e9 8e f7 ff ff 89 54 24 08 e9 ee fd
0x00007f4de2280a94:   ff ff 45 89 da e9 42 fe ff ff 48 81 fe 00 e0 ff
0x00007f4de2280aa4:   ff 0f 85 51 fa ff ff 83 7a 08 fe 0f 85 47 fa ff
0x00007f4de2280ab4:   ff 48 85 ff 48 0f 44 fa e9 3b fa ff ff e9 c7 42
0x00007f4de2280ac4:   bd ff 66 2e 0f 1f 84 00 00 00 00 00 41 57 41 56
0x00007f4de2280ad4:   41 55 41 54 41 89 f4 55 53 48 89 fb 48 83 ec 28
0x00007f4de2280ae4:   48 8b 3f 48 8b 2f 80 bd d0 08 00 00 00 75 7d 80
0x00007f4de2280af4:   7b 08 0f 75 07 48 83 7b 18 00 74 70 45 85 e4 0f
0x00007f4de2280b04:   85 87 00 00 00 44 8b bd e8 08 00 00 4c 8b ad d8
0x00007f4de2280b14:   08 00 00 45 85 ff 0f 84 50 01 00 00 41 89 de 89
0x00007f4de2280b24:   d8 45 8d 47 ff c1 e8 09 41 c1 ee 04 41 31 c6 44
0x00007f4de2280b34:   89 f7 44 21 c7 89 f8 48 c1 e0 04 49 8d 54 05 00
0x00007f4de2280b44:   48 8b 32 48 39 de 0f 85 70 07 00 00 48 8b 42 08
0x00007f4de2280b54:   4c 8d 72 08 48 85 c0 0f 84 b4 02 00 00 48 83 c4
0x00007f4de2280b64:   28 5b 5d 41 5c 41 5d 41 5e 41 5f c3 48 83 c4 28
0x00007f4de2280b74:   44 89 e6 5b 5d 41 5c 41 5d 41 5e 41 5f e9 ba ef
0x00007f4de2280b84:   ff ff 66 2e 0f 1f 84 00 00 00 00 00 44 8b bd 00
0x00007f4de2280b94:   09 00 00 4c 8b ad f0 08 00 00 45 85 ff 0f 84 51
0x00007f4de2280ba4:   03 00 00 89 d8 89 da 41 8d 77 ff 41 b8 01 00 00
0x00007f4de2280bb4:   00 c1 ea 09 c1 e8 04 89 f7 31 d0 43 8d 14 e4 41
0x00007f4de2280bc4:   8d 14 94 48 c1 e0 20 48 09 d0 48 c1 e2 20 48 83
0x00007f4de2280bd4:   e8 01 48 29 d0 48 89 c2 48 c1 ea 16 48 31 d0 48 


Stack slot to memory mapping:
stack at sp + 0 slots: 0x00007f4e54016b48 points into unknown readable memory: 0x00007f4e5a343b40 | 40 3b 34 5a 4e 7f 00 00
stack at sp + 1 slots: 0x00007f4e28ba5546: _ZN7JNIEnv_16CallObjectMethodEP8_jobjectP10_jmethodIDz+0x0000000000000086 in /root/.javacpp/cache/llvm-13.0.1-1.5.7-linux-x86_64.jar/org/bytedeco/llvm/linux-x86_64/libjniLLVM.so at 0x00007f4e28ad9000
stack at sp + 2 slots: 0x00000000000000b0 is an unknown value
stack at sp + 3 slots: 0x0000000000000003 is an unknown value
stack at sp + 4 slots: 0x00007f4e58dc1a28 is pointing into the stack for thread: 0x00007f4e54016800
stack at sp + 5 slots: 0x00007f4e544d8c20 points into unknown readable memory: 0x00007f4e544d8c30 | 30 8c 4d 54 4e 7f 00 00
stack at sp + 6 slots: 0x00007f4e543f7ce0 points into unknown readable memory: 0x00007f4e54500fa0 | a0 0f 50 54 4e 7f 00 00
stack at sp + 7 slots: 0x00007f4e54503a70 points into unknown readable memory: 0x696c2d372e352e31 | 31 2e 35 2e 37 2d 6c 69


---------------  P R O C E S S  ---------------

Threads class SMR info:
_java_thread_list=0x00007f4e001ad400, length=12, elements={
0x00007f4e54016800, 0x00007f4e54186800, 0x00007f4e54188800, 0x00007f4e54191000,
0x00007f4e54193000, 0x00007f4e54195000, 0x00007f4e54197000, 0x00007f4e54199000,
0x00007f4e541ec000, 0x00007f4e040e7800, 0x00007f4e54408000, 0x00007f4e001d9000
}

Java Threads: ( => current thread )
=>0x00007f4e54016800 JavaThread "main" [_thread_in_native, id=12000, stack(0x00007f4e58cc3000,0x00007f4e58dc4000)]
  0x00007f4e54186800 JavaThread "Reference Handler" daemon [_thread_blocked, id=12007, stack(0x00007f4e3039e000,0x00007f4e3049f000)]
  0x00007f4e54188800 JavaThread "Finalizer" daemon [_thread_blocked, id=12008, stack(0x00007f4e3029d000,0x00007f4e3039e000)]
  0x00007f4e54191000 JavaThread "Signal Dispatcher" daemon [_thread_blocked, id=12009, stack(0x00007f4e30029000,0x00007f4e3012a000)]
  0x00007f4e54193000 JavaThread "Service Thread" daemon [_thread_blocked, id=12010, stack(0x00007f4e29419000,0x00007f4e2951a000)]
  0x00007f4e54195000 JavaThread "C2 CompilerThread0" daemon [_thread_in_native, id=12011, stack(0x00007f4e29318000,0x00007f4e29419000)]
  0x00007f4e54197000 JavaThread "C1 CompilerThread0" daemon [_thread_blocked, id=12012, stack(0x00007f4e29217000,0x00007f4e29318000)]
  0x00007f4e54199000 JavaThread "Sweeper thread" daemon [_thread_blocked, id=12013, stack(0x00007f4e29116000,0x00007f4e29217000)]
  0x00007f4e541ec000 JavaThread "Common-Cleaner" daemon [_thread_blocked, id=12016, stack(0x00007f4e28f13000,0x00007f4e29014000)]
  0x00007f4e040e7800 JavaThread "C2 CompilerThread1" daemon [_thread_in_native, id=12023, stack(0x00007f4e28de1000,0x00007f4e28ee2000)]
  0x00007f4e54408000 JavaThread "JavaCPP Deallocator" daemon [_thread_blocked, id=12025, stack(0x00007f4e28ce0000,0x00007f4e28de1000)]
  0x00007f4e001d9000 JavaThread "C2 CompilerThread2" daemon [_thread_blocked, id=12027, stack(0x00007f4e28bdf000,0x00007f4e28ce0000)]

Other Threads:
  0x00007f4e54183800 VMThread "VM Thread" [stack: 0x00007f4e304a1000,0x00007f4e305a1000] [id=12006]
  0x00007f4e541ea000 WatcherThread [stack: 0x00007f4e29016000,0x00007f4e29116000] [id=12015]
  0x00007f4e5402f000 GCTaskThread "GC Thread#0" [stack: 0x00007f4e5896d000,0x00007f4e58a6d000] [id=12001]
  0x00007f4e5407a800 ConcurrentGCThread "G1 Main Marker" [stack: 0x00007f4e3c0d5000,0x00007f4e3c1d5000] [id=12002]
  0x00007f4e5407c800 ConcurrentGCThread "G1 Conc#0" [stack: 0x00007f4e31030000,0x00007f4e31130000] [id=12003]
  0x00007f4e54149800 ConcurrentGCThread "G1 Refine#0" [stack: 0x00007f4e30726000,0x00007f4e30826000] [id=12004]
  0x00007f4e5414b800 ConcurrentGCThread "G1 Young RemSet Sampling" [stack: 0x00007f4e30624000,0x00007f4e30724000] [id=12005]

Threads with active compile tasks:
C2 CompilerThread0      281  635  s!   4       jdk.internal.loader.URLClassPath::getLoader (194 bytes)
C2 CompilerThread1      281  633       4       java.util.jar.JarFile::getVersionedEntry (85 bytes)

VM state:not at safepoint (normal execution)

VM Mutex/Monitor currently owned by a thread: None

Heap address: 0x000000073b000000, size: 3152 MB, Compressed Oops mode: Zero based, Oop shift amount: 3
Narrow klass base: 0x0000000800000000, Narrow klass shift: 3
Compressed class space size: 1073741824 Address: 0x0000000840000000

Heap:
 garbage-first heap   total 204800K, used 19148K [0x000000073b000000, 0x0000000800000000)
  region size 1024K, 20 young (20480K), 0 survivors (0K)
 Metaspace       used 3569K, capacity 6704K, committed 6912K, reserved 1056768K
  class space    used 409K, capacity 700K, committed 768K, reserved 1048576K
Heap Regions: E=young(eden), S=young(survivor), O=old, HS=humongous(starts), HC=humongous(continues), CS=collection set, F=free, A=archive, TAMS=top-at-mark-start (previous, next)
|   0|0x000000073b000000, 0x000000073b000000, 0x000000073b100000|  0%| F|  |TAMS 0x000000073b000000, 0x000000073b000000| Untracked 
|   1|0x000000073b100000, 0x000000073b100000, 0x000000073b200000|  0%| F|  |TAMS 0x000000073b100000, 0x000000073b100000| Untracked 
|   2|0x000000073b200000, 0x000000073b200000, 0x000000073b300000|  0%| F|  |TAMS 0x000000073b200000, 0x000000073b200000| Untracked 
|   3|0x000000073b300000, 0x000000073b300000, 0x000000073b400000|  0%| F|  |TAMS 0x000000073b300000, 0x000000073b300000| Untracked 
|   4|0x000000073b400000, 0x000000073b400000, 0x000000073b500000|  0%| F|  |TAMS 0x000000073b400000, 0x000000073b400000| Untracked 
|   5|0x000000073b500000, 0x000000073b500000, 0x000000073b600000|  0%| F|  |TAMS 0x000000073b500000, 0x000000073b500000| Untracked 
|   6|0x000000073b600000, 0x000000073b600000, 0x000000073b700000|  0%| F|  |TAMS 0x000000073b600000, 0x000000073b600000| Untracked 
|   7|0x000000073b700000, 0x000000073b700000, 0x000000073b800000|  0%| F|  |TAMS 0x000000073b700000, 0x000000073b700000| Untracked 
|   8|0x000000073b800000, 0x000000073b800000, 0x000000073b900000|  0%| F|  |TAMS 0x000000073b800000, 0x000000073b800000| Untracked 
|   9|0x000000073b900000, 0x000000073b900000, 0x000000073ba00000|  0%| F|  |TAMS 0x000000073b900000, 0x000000073b900000| Untracked 
|  10|0x000000073ba00000, 0x000000073ba00000, 0x000000073bb00000|  0%| F|  |TAMS 0x000000073ba00000, 0x000000073ba00000| Untracked 
|  11|0x000000073bb00000, 0x000000073bb00000, 0x000000073bc00000|  0%| F|  |TAMS 0x000000073bb00000, 0x000000073bb00000| Untracked 
|  12|0x000000073bc00000, 0x000000073bc00000, 0x000000073bd00000|  0%| F|  |TAMS 0x000000073bc00000, 0x000000073bc00000| Untracked 
|  13|0x000000073bd00000, 0x000000073bd00000, 0x000000073be00000|  0%| F|  |TAMS 0x000000073bd00000, 0x000000073bd00000| Untracked 
|  14|0x000000073be00000, 0x000000073be00000, 0x000000073bf00000|  0%| F|  |TAMS 0x000000073be00000, 0x000000073be00000| Untracked 
|  15|0x000000073bf00000, 0x000000073bf00000, 0x000000073c000000|  0%| F|  |TAMS 0x000000073bf00000, 0x000000073bf00000| Untracked 
|  16|0x000000073c000000, 0x000000073c000000, 0x000000073c100000|  0%| F|  |TAMS 0x000000073c000000, 0x000000073c000000| Untracked 
|  17|0x000000073c100000, 0x000000073c100000, 0x000000073c200000|  0%| F|  |TAMS 0x000000073c100000, 0x000000073c100000| Untracked 
|  18|0x000000073c200000, 0x000000073c200000, 0x000000073c300000|  0%| F|  |TAMS 0x000000073c200000, 0x000000073c200000| Untracked 
|  19|0x000000073c300000, 0x000000073c300000, 0x000000073c400000|  0%| F|  |TAMS 0x000000073c300000, 0x000000073c300000| Untracked 
|  20|0x000000073c400000, 0x000000073c400000, 0x000000073c500000|  0%| F|  |TAMS 0x000000073c400000, 0x000000073c400000| Untracked 
|  21|0x000000073c500000, 0x000000073c500000, 0x000000073c600000|  0%| F|  |TAMS 0x000000073c500000, 0x000000073c500000| Untracked 
|  22|0x000000073c600000, 0x000000073c600000, 0x000000073c700000|  0%| F|  |TAMS 0x000000073c600000, 0x000000073c600000| Untracked 
|  23|0x000000073c700000, 0x000000073c700000, 0x000000073c800000|  0%| F|  |TAMS 0x000000073c700000, 0x000000073c700000| Untracked 
|  24|0x000000073c800000, 0x000000073c800000, 0x000000073c900000|  0%| F|  |TAMS 0x000000073c800000, 0x000000073c800000| Untracked 
|  25|0x000000073c900000, 0x000000073c900000, 0x000000073ca00000|  0%| F|  |TAMS 0x000000073c900000, 0x000000073c900000| Untracked 
|  26|0x000000073ca00000, 0x000000073ca00000, 0x000000073cb00000|  0%| F|  |TAMS 0x000000073ca00000, 0x000000073ca00000| Untracked 
|  27|0x000000073cb00000, 0x000000073cb00000, 0x000000073cc00000|  0%| F|  |TAMS 0x000000073cb00000, 0x000000073cb00000| Untracked 
|  28|0x000000073cc00000, 0x000000073cc00000, 0x000000073cd00000|  0%| F|  |TAMS 0x000000073cc00000, 0x000000073cc00000| Untracked 
|  29|0x000000073cd00000, 0x000000073cd00000, 0x000000073ce00000|  0%| F|  |TAMS 0x000000073cd00000, 0x000000073cd00000| Untracked 
|  30|0x000000073ce00000, 0x000000073ce00000, 0x000000073cf00000|  0%| F|  |TAMS 0x000000073ce00000, 0x000000073ce00000| Untracked 
|  31|0x000000073cf00000, 0x000000073cf00000, 0x000000073d000000|  0%| F|  |TAMS 0x000000073cf00000, 0x000000073cf00000| Untracked 
|  32|0x000000073d000000, 0x000000073d000000, 0x000000073d100000|  0%| F|  |TAMS 0x000000073d000000, 0x000000073d000000| Untracked 
|  33|0x000000073d100000, 0x000000073d100000, 0x000000073d200000|  0%| F|  |TAMS 0x000000073d100000, 0x000000073d100000| Untracked 
|  34|0x000000073d200000, 0x000000073d200000, 0x000000073d300000|  0%| F|  |TAMS 0x000000073d200000, 0x000000073d200000| Untracked 
|  35|0x000000073d300000, 0x000000073d300000, 0x000000073d400000|  0%| F|  |TAMS 0x000000073d300000, 0x000000073d300000| Untracked 
|  36|0x000000073d400000, 0x000000073d400000, 0x000000073d500000|  0%| F|  |TAMS 0x000000073d400000, 0x000000073d400000| Untracked 
|  37|0x000000073d500000, 0x000000073d500000, 0x000000073d600000|  0%| F|  |TAMS 0x000000073d500000, 0x000000073d500000| Untracked 
|  38|0x000000073d600000, 0x000000073d600000, 0x000000073d700000|  0%| F|  |TAMS 0x000000073d600000, 0x000000073d600000| Untracked 
|  39|0x000000073d700000, 0x000000073d700000, 0x000000073d800000|  0%| F|  |TAMS 0x000000073d700000, 0x000000073d700000| Untracked 
|  40|0x000000073d800000, 0x000000073d800000, 0x000000073d900000|  0%| F|  |TAMS 0x000000073d800000, 0x000000073d800000| Untracked 
|  41|0x000000073d900000, 0x000000073d900000, 0x000000073da00000|  0%| F|  |TAMS 0x000000073d900000, 0x000000073d900000| Untracked 
|  42|0x000000073da00000, 0x000000073da00000, 0x000000073db00000|  0%| F|  |TAMS 0x000000073da00000, 0x000000073da00000| Untracked 
|  43|0x000000073db00000, 0x000000073db00000, 0x000000073dc00000|  0%| F|  |TAMS 0x000000073db00000, 0x000000073db00000| Untracked 
|  44|0x000000073dc00000, 0x000000073dc00000, 0x000000073dd00000|  0%| F|  |TAMS 0x000000073dc00000, 0x000000073dc00000| Untracked 
|  45|0x000000073dd00000, 0x000000073dd00000, 0x000000073de00000|  0%| F|  |TAMS 0x000000073dd00000, 0x000000073dd00000| Untracked 
|  46|0x000000073de00000, 0x000000073de00000, 0x000000073df00000|  0%| F|  |TAMS 0x000000073de00000, 0x000000073de00000| Untracked 
|  47|0x000000073df00000, 0x000000073df00000, 0x000000073e000000|  0%| F|  |TAMS 0x000000073df00000, 0x000000073df00000| Untracked 
|  48|0x000000073e000000, 0x000000073e000000, 0x000000073e100000|  0%| F|  |TAMS 0x000000073e000000, 0x000000073e000000| Untracked 
|  49|0x000000073e100000, 0x000000073e100000, 0x000000073e200000|  0%| F|  |TAMS 0x000000073e100000, 0x000000073e100000| Untracked 
|  50|0x000000073e200000, 0x000000073e200000, 0x000000073e300000|  0%| F|  |TAMS 0x000000073e200000, 0x000000073e200000| Untracked 
|  51|0x000000073e300000, 0x000000073e300000, 0x000000073e400000|  0%| F|  |TAMS 0x000000073e300000, 0x000000073e300000| Untracked 
|  52|0x000000073e400000, 0x000000073e400000, 0x000000073e500000|  0%| F|  |TAMS 0x000000073e400000, 0x000000073e400000| Untracked 
|  53|0x000000073e500000, 0x000000073e500000, 0x000000073e600000|  0%| F|  |TAMS 0x000000073e500000, 0x000000073e500000| Untracked 
|  54|0x000000073e600000, 0x000000073e600000, 0x000000073e700000|  0%| F|  |TAMS 0x000000073e600000, 0x000000073e600000| Untracked 
|  55|0x000000073e700000, 0x000000073e700000, 0x000000073e800000|  0%| F|  |TAMS 0x000000073e700000, 0x000000073e700000| Untracked 
|  56|0x000000073e800000, 0x000000073e800000, 0x000000073e900000|  0%| F|  |TAMS 0x000000073e800000, 0x000000073e800000| Untracked 
|  57|0x000000073e900000, 0x000000073e900000, 0x000000073ea00000|  0%| F|  |TAMS 0x000000073e900000, 0x000000073e900000| Untracked 
|  58|0x000000073ea00000, 0x000000073ea00000, 0x000000073eb00000|  0%| F|  |TAMS 0x000000073ea00000, 0x000000073ea00000| Untracked 
|  59|0x000000073eb00000, 0x000000073eb00000, 0x000000073ec00000|  0%| F|  |TAMS 0x000000073eb00000, 0x000000073eb00000| Untracked 
|  60|0x000000073ec00000, 0x000000073ec00000, 0x000000073ed00000|  0%| F|  |TAMS 0x000000073ec00000, 0x000000073ec00000| Untracked 
|  61|0x000000073ed00000, 0x000000073ed00000, 0x000000073ee00000|  0%| F|  |TAMS 0x000000073ed00000, 0x000000073ed00000| Untracked 
|  62|0x000000073ee00000, 0x000000073ee00000, 0x000000073ef00000|  0%| F|  |TAMS 0x000000073ee00000, 0x000000073ee00000| Untracked 
|  63|0x000000073ef00000, 0x000000073ef00000, 0x000000073f000000|  0%| F|  |TAMS 0x000000073ef00000, 0x000000073ef00000| Untracked 
|  64|0x000000073f000000, 0x000000073f000000, 0x000000073f100000|  0%| F|  |TAMS 0x000000073f000000, 0x000000073f000000| Untracked 
|  65|0x000000073f100000, 0x000000073f100000, 0x000000073f200000|  0%| F|  |TAMS 0x000000073f100000, 0x000000073f100000| Untracked 
|  66|0x000000073f200000, 0x000000073f200000, 0x000000073f300000|  0%| F|  |TAMS 0x000000073f200000, 0x000000073f200000| Untracked 
|  67|0x000000073f300000, 0x000000073f300000, 0x000000073f400000|  0%| F|  |TAMS 0x000000073f300000, 0x000000073f300000| Untracked 
|  68|0x000000073f400000, 0x000000073f400000, 0x000000073f500000|  0%| F|  |TAMS 0x000000073f400000, 0x000000073f400000| Untracked 
|  69|0x000000073f500000, 0x000000073f500000, 0x000000073f600000|  0%| F|  |TAMS 0x000000073f500000, 0x000000073f500000| Untracked 
|  70|0x000000073f600000, 0x000000073f600000, 0x000000073f700000|  0%| F|  |TAMS 0x000000073f600000, 0x000000073f600000| Untracked 
|  71|0x000000073f700000, 0x000000073f700000, 0x000000073f800000|  0%| F|  |TAMS 0x000000073f700000, 0x000000073f700000| Untracked 
|  72|0x000000073f800000, 0x000000073f800000, 0x000000073f900000|  0%| F|  |TAMS 0x000000073f800000, 0x000000073f800000| Untracked 
|  73|0x000000073f900000, 0x000000073f900000, 0x000000073fa00000|  0%| F|  |TAMS 0x000000073f900000, 0x000000073f900000| Untracked 
|  74|0x000000073fa00000, 0x000000073fa00000, 0x000000073fb00000|  0%| F|  |TAMS 0x000000073fa00000, 0x000000073fa00000| Untracked 
|  75|0x000000073fb00000, 0x000000073fb00000, 0x000000073fc00000|  0%| F|  |TAMS 0x000000073fb00000, 0x000000073fb00000| Untracked 
|  76|0x000000073fc00000, 0x000000073fc00000, 0x000000073fd00000|  0%| F|  |TAMS 0x000000073fc00000, 0x000000073fc00000| Untracked 
|  77|0x000000073fd00000, 0x000000073fd00000, 0x000000073fe00000|  0%| F|  |TAMS 0x000000073fd00000, 0x000000073fd00000| Untracked 
|  78|0x000000073fe00000, 0x000000073fe00000, 0x000000073ff00000|  0%| F|  |TAMS 0x000000073fe00000, 0x000000073fe00000| Untracked 
|  79|0x000000073ff00000, 0x000000073ff00000, 0x0000000740000000|  0%| F|  |TAMS 0x000000073ff00000, 0x000000073ff00000| Untracked 
|  80|0x0000000740000000, 0x0000000740000000, 0x0000000740100000|  0%| F|  |TAMS 0x0000000740000000, 0x0000000740000000| Untracked 
|  81|0x0000000740100000, 0x0000000740100000, 0x0000000740200000|  0%| F|  |TAMS 0x0000000740100000, 0x0000000740100000| Untracked 
|  82|0x0000000740200000, 0x0000000740200000, 0x0000000740300000|  0%| F|  |TAMS 0x0000000740200000, 0x0000000740200000| Untracked 
|  83|0x0000000740300000, 0x0000000740300000, 0x0000000740400000|  0%| F|  |TAMS 0x0000000740300000, 0x0000000740300000| Untracked 
|  84|0x0000000740400000, 0x0000000740400000, 0x0000000740500000|  0%| F|  |TAMS 0x0000000740400000, 0x0000000740400000| Untracked 
|  85|0x0000000740500000, 0x0000000740500000, 0x0000000740600000|  0%| F|  |TAMS 0x0000000740500000, 0x0000000740500000| Untracked 
|  86|0x0000000740600000, 0x0000000740600000, 0x0000000740700000|  0%| F|  |TAMS 0x0000000740600000, 0x0000000740600000| Untracked 
|  87|0x0000000740700000, 0x0000000740700000, 0x0000000740800000|  0%| F|  |TAMS 0x0000000740700000, 0x0000000740700000| Untracked 
|  88|0x0000000740800000, 0x0000000740800000, 0x0000000740900000|  0%| F|  |TAMS 0x0000000740800000, 0x0000000740800000| Untracked 
|  89|0x0000000740900000, 0x0000000740900000, 0x0000000740a00000|  0%| F|  |TAMS 0x0000000740900000, 0x0000000740900000| Untracked 
|  90|0x0000000740a00000, 0x0000000740a00000, 0x0000000740b00000|  0%| F|  |TAMS 0x0000000740a00000, 0x0000000740a00000| Untracked 
|  91|0x0000000740b00000, 0x0000000740b00000, 0x0000000740c00000|  0%| F|  |TAMS 0x0000000740b00000, 0x0000000740b00000| Untracked 
|  92|0x0000000740c00000, 0x0000000740c00000, 0x0000000740d00000|  0%| F|  |TAMS 0x0000000740c00000, 0x0000000740c00000| Untracked 
|  93|0x0000000740d00000, 0x0000000740d00000, 0x0000000740e00000|  0%| F|  |TAMS 0x0000000740d00000, 0x0000000740d00000| Untracked 
|  94|0x0000000740e00000, 0x0000000740e00000, 0x0000000740f00000|  0%| F|  |TAMS 0x0000000740e00000, 0x0000000740e00000| Untracked 
|  95|0x0000000740f00000, 0x0000000740f00000, 0x0000000741000000|  0%| F|  |TAMS 0x0000000740f00000, 0x0000000740f00000| Untracked 
|  96|0x0000000741000000, 0x0000000741000000, 0x0000000741100000|  0%| F|  |TAMS 0x0000000741000000, 0x0000000741000000| Untracked 
|  97|0x0000000741100000, 0x0000000741100000, 0x0000000741200000|  0%| F|  |TAMS 0x0000000741100000, 0x0000000741100000| Untracked 
|  98|0x0000000741200000, 0x0000000741200000, 0x0000000741300000|  0%| F|  |TAMS 0x0000000741200000, 0x0000000741200000| Untracked 
|  99|0x0000000741300000, 0x0000000741300000, 0x0000000741400000|  0%| F|  |TAMS 0x0000000741300000, 0x0000000741300000| Untracked 
| 100|0x0000000741400000, 0x0000000741400000, 0x0000000741500000|  0%| F|  |TAMS 0x0000000741400000, 0x0000000741400000| Untracked 
| 101|0x0000000741500000, 0x0000000741500000, 0x0000000741600000|  0%| F|  |TAMS 0x0000000741500000, 0x0000000741500000| Untracked 
| 102|0x0000000741600000, 0x0000000741600000, 0x0000000741700000|  0%| F|  |TAMS 0x0000000741600000, 0x0000000741600000| Untracked 
| 103|0x0000000741700000, 0x0000000741700000, 0x0000000741800000|  0%| F|  |TAMS 0x0000000741700000, 0x0000000741700000| Untracked 
| 104|0x0000000741800000, 0x0000000741800000, 0x0000000741900000|  0%| F|  |TAMS 0x0000000741800000, 0x0000000741800000| Untracked 
| 105|0x0000000741900000, 0x0000000741900000, 0x0000000741a00000|  0%| F|  |TAMS 0x0000000741900000, 0x0000000741900000| Untracked 
| 106|0x0000000741a00000, 0x0000000741a00000, 0x0000000741b00000|  0%| F|  |TAMS 0x0000000741a00000, 0x0000000741a00000| Untracked 
| 107|0x0000000741b00000, 0x0000000741b00000, 0x0000000741c00000|  0%| F|  |TAMS 0x0000000741b00000, 0x0000000741b00000| Untracked 
| 108|0x0000000741c00000, 0x0000000741c00000, 0x0000000741d00000|  0%| F|  |TAMS 0x0000000741c00000, 0x0000000741c00000| Untracked 
| 109|0x0000000741d00000, 0x0000000741d00000, 0x0000000741e00000|  0%| F|  |TAMS 0x0000000741d00000, 0x0000000741d00000| Untracked 
| 110|0x0000000741e00000, 0x0000000741e00000, 0x0000000741f00000|  0%| F|  |TAMS 0x0000000741e00000, 0x0000000741e00000| Untracked 
| 111|0x0000000741f00000, 0x0000000741f00000, 0x0000000742000000|  0%| F|  |TAMS 0x0000000741f00000, 0x0000000741f00000| Untracked 
| 112|0x0000000742000000, 0x0000000742000000, 0x0000000742100000|  0%| F|  |TAMS 0x0000000742000000, 0x0000000742000000| Untracked 
| 113|0x0000000742100000, 0x0000000742100000, 0x0000000742200000|  0%| F|  |TAMS 0x0000000742100000, 0x0000000742100000| Untracked 
| 114|0x0000000742200000, 0x0000000742200000, 0x0000000742300000|  0%| F|  |TAMS 0x0000000742200000, 0x0000000742200000| Untracked 
| 115|0x0000000742300000, 0x0000000742300000, 0x0000000742400000|  0%| F|  |TAMS 0x0000000742300000, 0x0000000742300000| Untracked 
| 116|0x0000000742400000, 0x0000000742400000, 0x0000000742500000|  0%| F|  |TAMS 0x0000000742400000, 0x0000000742400000| Untracked 
| 117|0x0000000742500000, 0x0000000742500000, 0x0000000742600000|  0%| F|  |TAMS 0x0000000742500000, 0x0000000742500000| Untracked 
| 118|0x0000000742600000, 0x0000000742600000, 0x0000000742700000|  0%| F|  |TAMS 0x0000000742600000, 0x0000000742600000| Untracked 
| 119|0x0000000742700000, 0x0000000742700000, 0x0000000742800000|  0%| F|  |TAMS 0x0000000742700000, 0x0000000742700000| Untracked 
| 120|0x0000000742800000, 0x0000000742800000, 0x0000000742900000|  0%| F|  |TAMS 0x0000000742800000, 0x0000000742800000| Untracked 
| 121|0x0000000742900000, 0x0000000742900000, 0x0000000742a00000|  0%| F|  |TAMS 0x0000000742900000, 0x0000000742900000| Untracked 
| 122|0x0000000742a00000, 0x0000000742a00000, 0x0000000742b00000|  0%| F|  |TAMS 0x0000000742a00000, 0x0000000742a00000| Untracked 
| 123|0x0000000742b00000, 0x0000000742b00000, 0x0000000742c00000|  0%| F|  |TAMS 0x0000000742b00000, 0x0000000742b00000| Untracked 
| 124|0x0000000742c00000, 0x0000000742c00000, 0x0000000742d00000|  0%| F|  |TAMS 0x0000000742c00000, 0x0000000742c00000| Untracked 
| 125|0x0000000742d00000, 0x0000000742d00000, 0x0000000742e00000|  0%| F|  |TAMS 0x0000000742d00000, 0x0000000742d00000| Untracked 
| 126|0x0000000742e00000, 0x0000000742e00000, 0x0000000742f00000|  0%| F|  |TAMS 0x0000000742e00000, 0x0000000742e00000| Untracked 
| 127|0x0000000742f00000, 0x0000000742f00000, 0x0000000743000000|  0%| F|  |TAMS 0x0000000742f00000, 0x0000000742f00000| Untracked 
| 128|0x0000000743000000, 0x0000000743000000, 0x0000000743100000|  0%| F|  |TAMS 0x0000000743000000, 0x0000000743000000| Untracked 
| 129|0x0000000743100000, 0x0000000743100000, 0x0000000743200000|  0%| F|  |TAMS 0x0000000743100000, 0x0000000743100000| Untracked 
| 130|0x0000000743200000, 0x0000000743200000, 0x0000000743300000|  0%| F|  |TAMS 0x0000000743200000, 0x0000000743200000| Untracked 
| 131|0x0000000743300000, 0x0000000743300000, 0x0000000743400000|  0%| F|  |TAMS 0x0000000743300000, 0x0000000743300000| Untracked 
| 132|0x0000000743400000, 0x0000000743400000, 0x0000000743500000|  0%| F|  |TAMS 0x0000000743400000, 0x0000000743400000| Untracked 
| 133|0x0000000743500000, 0x0000000743500000, 0x0000000743600000|  0%| F|  |TAMS 0x0000000743500000, 0x0000000743500000| Untracked 
| 134|0x0000000743600000, 0x0000000743600000, 0x0000000743700000|  0%| F|  |TAMS 0x0000000743600000, 0x0000000743600000| Untracked 
| 135|0x0000000743700000, 0x0000000743700000, 0x0000000743800000|  0%| F|  |TAMS 0x0000000743700000, 0x0000000743700000| Untracked 
| 136|0x0000000743800000, 0x0000000743800000, 0x0000000743900000|  0%| F|  |TAMS 0x0000000743800000, 0x0000000743800000| Untracked 
| 137|0x0000000743900000, 0x0000000743900000, 0x0000000743a00000|  0%| F|  |TAMS 0x0000000743900000, 0x0000000743900000| Untracked 
| 138|0x0000000743a00000, 0x0000000743a00000, 0x0000000743b00000|  0%| F|  |TAMS 0x0000000743a00000, 0x0000000743a00000| Untracked 
| 139|0x0000000743b00000, 0x0000000743b00000, 0x0000000743c00000|  0%| F|  |TAMS 0x0000000743b00000, 0x0000000743b00000| Untracked 
| 140|0x0000000743c00000, 0x0000000743c00000, 0x0000000743d00000|  0%| F|  |TAMS 0x0000000743c00000, 0x0000000743c00000| Untracked 
| 141|0x0000000743d00000, 0x0000000743d00000, 0x0000000743e00000|  0%| F|  |TAMS 0x0000000743d00000, 0x0000000743d00000| Untracked 
| 142|0x0000000743e00000, 0x0000000743e00000, 0x0000000743f00000|  0%| F|  |TAMS 0x0000000743e00000, 0x0000000743e00000| Untracked 
| 143|0x0000000743f00000, 0x0000000743f00000, 0x0000000744000000|  0%| F|  |TAMS 0x0000000743f00000, 0x0000000743f00000| Untracked 
| 144|0x0000000744000000, 0x0000000744000000, 0x0000000744100000|  0%| F|  |TAMS 0x0000000744000000, 0x0000000744000000| Untracked 
| 145|0x0000000744100000, 0x0000000744100000, 0x0000000744200000|  0%| F|  |TAMS 0x0000000744100000, 0x0000000744100000| Untracked 
| 146|0x0000000744200000, 0x0000000744200000, 0x0000000744300000|  0%| F|  |TAMS 0x0000000744200000, 0x0000000744200000| Untracked 
| 147|0x0000000744300000, 0x0000000744300000, 0x0000000744400000|  0%| F|  |TAMS 0x0000000744300000, 0x0000000744300000| Untracked 
| 148|0x0000000744400000, 0x0000000744400000, 0x0000000744500000|  0%| F|  |TAMS 0x0000000744400000, 0x0000000744400000| Untracked 
| 149|0x0000000744500000, 0x0000000744500000, 0x0000000744600000|  0%| F|  |TAMS 0x0000000744500000, 0x0000000744500000| Untracked 
| 150|0x0000000744600000, 0x0000000744600000, 0x0000000744700000|  0%| F|  |TAMS 0x0000000744600000, 0x0000000744600000| Untracked 
| 151|0x0000000744700000, 0x0000000744700000, 0x0000000744800000|  0%| F|  |TAMS 0x0000000744700000, 0x0000000744700000| Untracked 
| 152|0x0000000744800000, 0x0000000744800000, 0x0000000744900000|  0%| F|  |TAMS 0x0000000744800000, 0x0000000744800000| Untracked 
| 153|0x0000000744900000, 0x0000000744900000, 0x0000000744a00000|  0%| F|  |TAMS 0x0000000744900000, 0x0000000744900000| Untracked 
| 154|0x0000000744a00000, 0x0000000744a00000, 0x0000000744b00000|  0%| F|  |TAMS 0x0000000744a00000, 0x0000000744a00000| Untracked 
| 155|0x0000000744b00000, 0x0000000744b00000, 0x0000000744c00000|  0%| F|  |TAMS 0x0000000744b00000, 0x0000000744b00000| Untracked 
| 156|0x0000000744c00000, 0x0000000744c00000, 0x0000000744d00000|  0%| F|  |TAMS 0x0000000744c00000, 0x0000000744c00000| Untracked 
| 157|0x0000000744d00000, 0x0000000744d00000, 0x0000000744e00000|  0%| F|  |TAMS 0x0000000744d00000, 0x0000000744d00000| Untracked 
| 158|0x0000000744e00000, 0x0000000744e00000, 0x0000000744f00000|  0%| F|  |TAMS 0x0000000744e00000, 0x0000000744e00000| Untracked 
| 159|0x0000000744f00000, 0x0000000744f00000, 0x0000000745000000|  0%| F|  |TAMS 0x0000000744f00000, 0x0000000744f00000| Untracked 
| 160|0x0000000745000000, 0x0000000745000000, 0x0000000745100000|  0%| F|  |TAMS 0x0000000745000000, 0x0000000745000000| Untracked 
| 161|0x0000000745100000, 0x0000000745100000, 0x0000000745200000|  0%| F|  |TAMS 0x0000000745100000, 0x0000000745100000| Untracked 
| 162|0x0000000745200000, 0x0000000745200000, 0x0000000745300000|  0%| F|  |TAMS 0x0000000745200000, 0x0000000745200000| Untracked 
| 163|0x0000000745300000, 0x0000000745300000, 0x0000000745400000|  0%| F|  |TAMS 0x0000000745300000, 0x0000000745300000| Untracked 
| 164|0x0000000745400000, 0x0000000745400000, 0x0000000745500000|  0%| F|  |TAMS 0x0000000745400000, 0x0000000745400000| Untracked 
| 165|0x0000000745500000, 0x0000000745500000, 0x0000000745600000|  0%| F|  |TAMS 0x0000000745500000, 0x0000000745500000| Untracked 
| 166|0x0000000745600000, 0x0000000745600000, 0x0000000745700000|  0%| F|  |TAMS 0x0000000745600000, 0x0000000745600000| Untracked 
| 167|0x0000000745700000, 0x0000000745700000, 0x0000000745800000|  0%| F|  |TAMS 0x0000000745700000, 0x0000000745700000| Untracked 
| 168|0x0000000745800000, 0x0000000745800000, 0x0000000745900000|  0%| F|  |TAMS 0x0000000745800000, 0x0000000745800000| Untracked 
| 169|0x0000000745900000, 0x0000000745900000, 0x0000000745a00000|  0%| F|  |TAMS 0x0000000745900000, 0x0000000745900000| Untracked 
| 170|0x0000000745a00000, 0x0000000745a00000, 0x0000000745b00000|  0%| F|  |TAMS 0x0000000745a00000, 0x0000000745a00000| Untracked 
| 171|0x0000000745b00000, 0x0000000745b00000, 0x0000000745c00000|  0%| F|  |TAMS 0x0000000745b00000, 0x0000000745b00000| Untracked 
| 172|0x0000000745c00000, 0x0000000745c00000, 0x0000000745d00000|  0%| F|  |TAMS 0x0000000745c00000, 0x0000000745c00000| Untracked 
| 173|0x0000000745d00000, 0x0000000745d00000, 0x0000000745e00000|  0%| F|  |TAMS 0x0000000745d00000, 0x0000000745d00000| Untracked 
| 174|0x0000000745e00000, 0x0000000745e00000, 0x0000000745f00000|  0%| F|  |TAMS 0x0000000745e00000, 0x0000000745e00000| Untracked 
| 175|0x0000000745f00000, 0x0000000745f00000, 0x0000000746000000|  0%| F|  |TAMS 0x0000000745f00000, 0x0000000745f00000| Untracked 
| 176|0x0000000746000000, 0x0000000746000000, 0x0000000746100000|  0%| F|  |TAMS 0x0000000746000000, 0x0000000746000000| Untracked 
| 177|0x0000000746100000, 0x0000000746100000, 0x0000000746200000|  0%| F|  |TAMS 0x0000000746100000, 0x0000000746100000| Untracked 
| 178|0x0000000746200000, 0x0000000746300000, 0x0000000746300000|100%| E|  |TAMS 0x0000000746200000, 0x0000000746200000| Complete 
| 179|0x0000000746300000, 0x0000000746400000, 0x0000000746400000|100%| E|CS|TAMS 0x0000000746300000, 0x0000000746300000| Complete 
| 180|0x0000000746400000, 0x0000000746500000, 0x0000000746500000|100%| E|CS|TAMS 0x0000000746400000, 0x0000000746400000| Complete 
| 181|0x0000000746500000, 0x0000000746600000, 0x0000000746600000|100%| E|CS|TAMS 0x0000000746500000, 0x0000000746500000| Complete 
| 182|0x0000000746600000, 0x0000000746700000, 0x0000000746700000|100%| E|CS|TAMS 0x0000000746600000, 0x0000000746600000| Complete 
| 183|0x0000000746700000, 0x0000000746800000, 0x0000000746800000|100%| E|CS|TAMS 0x0000000746700000, 0x0000000746700000| Complete 
| 184|0x0000000746800000, 0x0000000746900000, 0x0000000746900000|100%| E|CS|TAMS 0x0000000746800000, 0x0000000746800000| Complete 
| 185|0x0000000746900000, 0x0000000746a00000, 0x0000000746a00000|100%| E|CS|TAMS 0x0000000746900000, 0x0000000746900000| Complete 
| 186|0x0000000746a00000, 0x0000000746b00000, 0x0000000746b00000|100%| E|CS|TAMS 0x0000000746a00000, 0x0000000746a00000| Complete 
| 187|0x0000000746b00000, 0x0000000746c00000, 0x0000000746c00000|100%| E|  |TAMS 0x0000000746b00000, 0x0000000746b00000| Complete 
| 188|0x0000000746c00000, 0x0000000746d00000, 0x0000000746d00000|100%| E|CS|TAMS 0x0000000746c00000, 0x0000000746c00000| Complete 
| 189|0x0000000746d00000, 0x0000000746e00000, 0x0000000746e00000|100%| E|CS|TAMS 0x0000000746d00000, 0x0000000746d00000| Complete 
| 190|0x0000000746e00000, 0x0000000746f00000, 0x0000000746f00000|100%| E|CS|TAMS 0x0000000746e00000, 0x0000000746e00000| Complete 
| 191|0x0000000746f00000, 0x0000000747000000, 0x0000000747000000|100%| E|CS|TAMS 0x0000000746f00000, 0x0000000746f00000| Complete 
| 192|0x0000000747000000, 0x0000000747100000, 0x0000000747100000|100%| E|CS|TAMS 0x0000000747000000, 0x0000000747000000| Complete 
| 193|0x0000000747100000, 0x0000000747200000, 0x0000000747200000|100%| E|CS|TAMS 0x0000000747100000, 0x0000000747100000| Complete 
| 194|0x0000000747200000, 0x0000000747300000, 0x0000000747300000|100%| E|CS|TAMS 0x0000000747200000, 0x0000000747200000| Complete 
| 195|0x0000000747300000, 0x0000000747400000, 0x0000000747400000|100%| E|CS|TAMS 0x0000000747300000, 0x0000000747300000| Complete 
| 196|0x0000000747400000, 0x0000000747500000, 0x0000000747500000|100%| E|CS|TAMS 0x0000000747400000, 0x0000000747400000| Complete 
| 197|0x0000000747500000, 0x0000000747600000, 0x0000000747600000|100%| E|CS|TAMS 0x0000000747500000, 0x0000000747500000| Complete 
|2126|0x00000007bfe00000, 0x00000007bfe48000, 0x00000007bff00000| 28%|OA|  |TAMS 0x00000007bfe00000, 0x00000007bfe00000| Untracked 
|2127|0x00000007bff00000, 0x00000007bff6b000, 0x00000007c0000000| 41%|CA|  |TAMS 0x00000007bff00000, 0x00000007bff00000| Untracked 

Card table byte_map: [0x00007f4e379d8000,0x00007f4e38000000] _byte_map_base: 0x00007f4e34000000

Marking Bits (Prev, Next): (CMBitMap*) 0x00007f4e5406d4f8, (CMBitMap*) 0x00007f4e5406d530
 Prev Bits: [0x00007f4e34270000, 0x00007f4e373b0000)
 Next Bits: [0x00007f4e31130000, 0x00007f4e34270000)

Polling page: 0x00007f4e5a608000

Metaspace:

Usage:
  Non-class:      5.86 MB capacity,     3.09 MB ( 53%) used,     2.77 MB ( 47%) free+waste,     4.38 KB ( <1%) overhead. 
      Class:    700.00 KB capacity,   409.27 KB ( 58%) used,   288.60 KB ( 41%) free+waste,     2.12 KB ( <1%) overhead. 
       Both:      6.55 MB capacity,     3.49 MB ( 53%) used,     3.05 MB ( 47%) free+waste,     6.50 KB ( <1%) overhead. 

Virtual space:
  Non-class space:        8.00 MB reserved,       6.00 MB ( 75%) committed 
      Class space:        1.00 GB reserved,     768.00 KB ( <1%) committed 
             Both:        1.01 GB reserved,       6.75 MB ( <1%) committed 

Chunk freelists:
   Non-Class:  12.00 KB
       Class:  4.00 KB
        Both:  16.00 KB

MaxMetaspaceSize: unlimited
CompressedClassSpaceSize: 1.00 GB
Initial GC threshold: 20.80 MB
Current GC threshold: 20.80 MB
CDS: on

CodeHeap 'non-profiled nmethods': size=120032Kb used=192Kb max_used=192Kb free=119839Kb
 bounds [0x00007f4e442c5000, 0x00007f4e44535000, 0x00007f4e4b7fd000]
CodeHeap 'profiled nmethods': size=120028Kb used=1142Kb max_used=1142Kb free=118885Kb
 bounds [0x00007f4e3cd8e000, 0x00007f4e3cffe000, 0x00007f4e442c5000]
CodeHeap 'non-nmethods': size=5700Kb used=1147Kb max_used=1171Kb free=4552Kb
 bounds [0x00007f4e3c7fd000, 0x00007f4e3ca6d000, 0x00007f4e3cd8e000]
 total_blobs=1036 nmethods=641 adapters=309
 compilation: enabled
              stopped_count=0, restarted_count=0
 full_count=0

Compilation events (20 events):
Event: 0.272 Thread 0x00007f4e54197000  636       3       java.lang.String::equalsIgnoreCase (45 bytes)
Event: 0.272 Thread 0x00007f4e54197000 nmethod 636 0x00007f4e3cea6010 code [0x00007f4e3cea6220, 0x00007f4e3cea6780]
Event: 0.272 Thread 0x00007f4e54197000  638       3       org.bytedeco.javacpp.ClassProperties::get (30 bytes)
Event: 0.273 Thread 0x00007f4e54197000 nmethod 638 0x00007f4e3cea6990 code [0x00007f4e3cea6be0, 0x00007f4e3cea7530]
Event: 0.273 Thread 0x00007f4e54197000  639       3       java.util.Arrays$ArrayItr::hasNext (18 bytes)
Event: 0.273 Thread 0x00007f4e54197000 nmethod 639 0x00007f4e3cea7890 code [0x00007f4e3cea7a40, 0x00007f4e3cea7bd0]
Event: 0.273 Thread 0x00007f4e54197000  641       3       jdk.internal.misc.VM::initLevel (4 bytes)
Event: 0.273 Thread 0x00007f4e54197000 nmethod 641 0x00007f4e3cea7c90 code [0x00007f4e3cea7e40, 0x00007f4e3cea7f30]
Event: 0.273 Thread 0x00007f4e54197000  640       3       jdk.internal.misc.VM::isModuleSystemInited (13 bytes)
Event: 0.273 Thread 0x00007f4e54197000 nmethod 640 0x00007f4e3cea7f90 code [0x00007f4e3cea8140, 0x00007f4e3cea82d0]
Event: 0.273 Thread 0x00007f4e54197000  637       1       sun.nio.fs.NativeBuffer::address (5 bytes)
Event: 0.273 Thread 0x00007f4e54197000 nmethod 637 0x00007f4e442f4c10 code [0x00007f4e442f4dc0, 0x00007f4e442f4e90]
Event: 0.273 Thread 0x00007f4e54197000  628       3       sun.net.www.protocol.jar.Handler::parseURL (212 bytes)
Event: 0.275 Thread 0x00007f4e54197000 nmethod 628 0x00007f4e3cea8390 code [0x00007f4e3cea8720, 0x00007f4e3cea9ae0]
Event: 0.275 Thread 0x00007f4e54197000  642       3       java.nio.CharBuffer::arrayOffset (35 bytes)
Event: 0.275 Thread 0x00007f4e54197000 nmethod 642 0x00007f4e3ceaa390 code [0x00007f4e3ceaa560, 0x00007f4e3ceaa850]
Event: 0.275 Thread 0x00007f4e54197000  632       1       java.util.zip.ZipEntry::getName (5 bytes)
Event: 0.275 Thread 0x00007f4e54197000 nmethod 632 0x00007f4e442f4f10 code [0x00007f4e442f50c0, 0x00007f4e442f5190]
Event: 0.275 Thread 0x00007f4e54197000  643       3       jdk.internal.loader.BuiltinClassLoader::isSealed (70 bytes)
Event: 0.276 Thread 0x00007f4e54197000 nmethod 643 0x00007f4e3ceaa990 code [0x00007f4e3ceaac20, 0x00007f4e3ceab720]

GC Heap History (0 events):
No events

Deoptimization events (18 events):
Event: 0.076 Thread 0x00007f4e54016800 Uncommon trap: trap_request=0xffffff4d fr.pc=0x00007f4e442c9688 relative=0x0000000000000068
Event: 0.076 Thread 0x00007f4e54016800 Uncommon trap: reason=unstable_if action=reinterpret pc=0x00007f4e442c9688 method=java.lang.String.isLatin1()Z @ 10 c2
Event: 0.076 Thread 0x00007f4e54016800 DEOPT PACKING pc=0x00007f4e442c9688 sp=0x00007f4e58dc2420
Event: 0.076 Thread 0x00007f4e54016800 DEOPT UNPACKING pc=0x00007f4e3c8052a5 sp=0x00007f4e58dc23d0 mode 2
Event: 0.138 Thread 0x00007f4e54016800 Uncommon trap: trap_request=0xffffff4d fr.pc=0x00007f4e442d14a0 relative=0x0000000000000360
Event: 0.138 Thread 0x00007f4e54016800 Uncommon trap: reason=unstable_if action=reinterpret pc=0x00007f4e442d14a0 method=java.lang.StringLatin1.indexOf([BI[BII)I @ 91 c2
Event: 0.138 Thread 0x00007f4e54016800 DEOPT PACKING pc=0x00007f4e442d14a0 sp=0x00007f4e58dbfca0
Event: 0.138 Thread 0x00007f4e54016800 DEOPT UNPACKING pc=0x00007f4e3c8052a5 sp=0x00007f4e58dbfc20 mode 2
Event: 0.139 Thread 0x00007f4e54016800 DEOPT PACKING pc=0x00007f4e3cda5443 sp=0x00007f4e58dbcd20
Event: 0.139 Thread 0x00007f4e54016800 DEOPT UNPACKING pc=0x00007f4e3c8469fa sp=0x00007f4e58dbc210 mode 0
Event: 0.141 Thread 0x00007f4e54016800 DEOPT PACKING pc=0x00007f4e3cda5443 sp=0x00007f4e58dbcd20
Event: 0.141 Thread 0x00007f4e54016800 DEOPT UNPACKING pc=0x00007f4e3c8469fa sp=0x00007f4e58dbc210 mode 0
Event: 0.157 Thread 0x00007f4e54016800 Uncommon trap: trap_request=0xffffff4d fr.pc=0x00007f4e442d1f0c relative=0x000000000000024c
Event: 0.157 Thread 0x00007f4e54016800 Uncommon trap: reason=unstable_if action=reinterpret pc=0x00007f4e442d1f0c method=java.lang.String.startsWith(Ljava/lang/String;I)Z @ 14 c2
Event: 0.157 Thread 0x00007f4e54016800 DEOPT PACKING pc=0x00007f4e442d1f0c sp=0x00007f4e58dc14c0
Event: 0.157 Thread 0x00007f4e54016800 DEOPT UNPACKING pc=0x00007f4e3c8052a5 sp=0x00007f4e58dc1448 mode 2
Event: 0.157 Thread 0x00007f4e54016800 DEOPT PACKING pc=0x00007f4e3ce15142 sp=0x00007f4e58dc0730
Event: 0.157 Thread 0x00007f4e54016800 DEOPT UNPACKING pc=0x00007f4e3c8469fa sp=0x00007f4e58dbfbb8 mode 0

Classes redefined (0 events):
No events

Internal exceptions (20 events):
Event: 0.139 Thread 0x00007f4e54016800 Exception <a 'java/security/PrivilegedActionException'{0x000000074714f580}> (0x000000074714f580) thrown at [src/hotspot/share/prims/jvm.cpp, line 1304]
Event: 0.139 Thread 0x00007f4e54016800 Exception <a 'java/security/PrivilegedActionException'{0x000000074714f850}> (0x000000074714f850) thrown at [src/hotspot/share/prims/jvm.cpp, line 1304]
Event: 0.139 Thread 0x00007f4e54016800 Exception <a 'java/security/PrivilegedActionException'{0x0000000747150318}> (0x0000000747150318) thrown at [src/hotspot/share/prims/jvm.cpp, line 1304]
Event: 0.139 Thread 0x00007f4e54016800 Exception <a 'java/security/PrivilegedActionException'{0x00000007471505e8}> (0x00000007471505e8) thrown at [src/hotspot/share/prims/jvm.cpp, line 1304]
Event: 0.139 Thread 0x00007f4e54016800 Exception <a 'java/security/PrivilegedActionException'{0x00000007471510b8}> (0x00000007471510b8) thrown at [src/hotspot/share/prims/jvm.cpp, line 1304]
Event: 0.139 Thread 0x00007f4e54016800 Exception <a 'java/security/PrivilegedActionException'{0x0000000747151388}> (0x0000000747151388) thrown at [src/hotspot/share/prims/jvm.cpp, line 1304]
Event: 0.139 Thread 0x00007f4e54016800 Exception <a 'java/security/PrivilegedActionException'{0x0000000747151e58}> (0x0000000747151e58) thrown at [src/hotspot/share/prims/jvm.cpp, line 1304]
Event: 0.139 Thread 0x00007f4e54016800 Exception <a 'java/security/PrivilegedActionException'{0x0000000747152128}> (0x0000000747152128) thrown at [src/hotspot/share/prims/jvm.cpp, line 1304]
Event: 0.139 Thread 0x00007f4e54016800 Exception <a 'java/security/PrivilegedActionException'{0x0000000747152c18}> (0x0000000747152c18) thrown at [src/hotspot/share/prims/jvm.cpp, line 1304]
Event: 0.139 Thread 0x00007f4e54016800 Exception <a 'java/security/PrivilegedActionException'{0x0000000747152ee8}> (0x0000000747152ee8) thrown at [src/hotspot/share/prims/jvm.cpp, line 1304]
Event: 0.139 Thread 0x00007f4e54016800 Exception <a 'java/security/PrivilegedActionException'{0x00000007471539b8}> (0x00000007471539b8) thrown at [src/hotspot/share/prims/jvm.cpp, line 1304]
Event: 0.139 Thread 0x00007f4e54016800 Exception <a 'java/security/PrivilegedActionException'{0x0000000747153c88}> (0x0000000747153c88) thrown at [src/hotspot/share/prims/jvm.cpp, line 1304]
Event: 0.139 Thread 0x00007f4e54016800 Exception <a 'java/security/PrivilegedActionException'{0x0000000747154780}> (0x0000000747154780) thrown at [src/hotspot/share/prims/jvm.cpp, line 1304]
Event: 0.139 Thread 0x00007f4e54016800 Exception <a 'java/security/PrivilegedActionException'{0x0000000747154a50}> (0x0000000747154a50) thrown at [src/hotspot/share/prims/jvm.cpp, line 1304]
Event: 0.164 Thread 0x00007f4e54016800 Exception <a 'java/lang/NoSuchMethodError'{0x00000007470e56f8}: 'int java.lang.invoke.DirectMethodHandle$Holder.invokeStaticInit(java.lang.Object, java.lang.Object, java.lang.Object, java.lang.Object)'> (0x00000007470e56f8) thrown at [src/hotspot/share/interpreter/linkResolver.cpp, line 772]
Event: 0.165 Thread 0x00007f4e54016800 Exception <a 'java/lang/IncompatibleClassChangeError'{0x00000007470efbe0}: Found class java.lang.Object, but interface was expected> (0x00000007470efbe0) thrown at [src/hotspot/share/interpreter/linkResolver.cpp, line 839]
Event: 0.165 Thread 0x00007f4e54016800 Exception <a 'java/lang/NoSuchMethodError'{0x00000007470f2e30}: 'void java.lang.invoke.DirectMethodHandle$Holder.invokeStaticInit(java.lang.Object, java.lang.Object)'> (0x00000007470f2e30) thrown at [src/hotspot/share/interpreter/linkResolver.cpp, line 772]
Event: 0.166 Thread 0x00007f4e54016800 Exception <a 'java/lang/NoSuchMethodError'{0x00000007470f90e8}: 'int java.lang.invoke.DirectMethodHandle$Holder.invokeStaticInit(java.lang.Object, java.lang.Object)'> (0x00000007470f90e8) thrown at [src/hotspot/share/interpreter/linkResolver.cpp, line 772]
Event: 0.204 Thread 0x00007f4e54016800 Exception <a 'java/security/PrivilegedActionException'{0x0000000746e80008}> (0x0000000746e80008) thrown at [src/hotspot/share/prims/jvm.cpp, line 1304]
Event: 0.204 Thread 0x00007f4e54016800 Exception <a 'java/security/PrivilegedActionException'{0x0000000746e802d8}> (0x0000000746e802d8) thrown at [src/hotspot/share/prims/jvm.cpp, line 1304]

Events (20 events):
Event: 0.270 loading class org/bytedeco/llvm/LLVM/LLVMTargetRef
Event: 0.270 loading class org/bytedeco/llvm/LLVM/LLVMTargetRef done
Event: 0.270 loading class org/bytedeco/llvm/LLVM/LLVMPassManagerBuilderRef
Event: 0.270 loading class org/bytedeco/llvm/LLVM/LLVMPassManagerBuilderRef done
Event: 0.270 loading class org/bytedeco/llvm/LLVM/LLVMPassBuilderOptionsRef
Event: 0.270 loading class org/bytedeco/llvm/LLVM/LLVMPassBuilderOptionsRef done
Event: 0.271 loading class org/bytedeco/llvm/LLVM/Pass
Event: 0.271 loading class org/bytedeco/llvm/LLVM/Pass done
Event: 0.271 loading class org/bytedeco/llvm/LLVM/LLVMNamedMDNodeRef
Event: 0.271 loading class org/bytedeco/llvm/LLVM/LLVMNamedMDNodeRef done
Event: 0.271 loading class org/bytedeco/llvm/LLVM/LLVMUseRef
Event: 0.271 loading class org/bytedeco/llvm/LLVM/LLVMUseRef done
Event: 0.273 loading class java/util/Stack
Event: 0.273 loading class java/util/Stack done
Event: 0.273 Executing VM operation: Deoptimize
Event: 0.273 Executing VM operation: Deoptimize done
Event: 0.275 loading class org/bytedeco/javacpp/PointerScope
Event: 0.275 loading class org/bytedeco/javacpp/PointerScope done
Event: 0.275 loading class org/bytedeco/javacpp/PointerScope$1
Event: 0.275 loading class org/bytedeco/javacpp/PointerScope$1 done


Dynamic libraries:
73b000000-747600000 rw-p 00000000 00:00 0 
747600000-7bfe00000 ---p 00000000 00:00 0 
7bfe00000-7bfe48000 rw-p 00b0a000 08:10 51914                            /usr/lib/jvm/java-11-openjdk-amd64/lib/server/classes.jsa
7bfe48000-7bff00000 rw-p 00000000 00:00 0 
7bff00000-7bff6b000 rw-p 00a9f000 08:10 51914                            /usr/lib/jvm/java-11-openjdk-amd64/lib/server/classes.jsa
7bff6b000-7c0000000 rw-p 00000000 00:00 0 
7c0000000-800000000 ---p 00000000 00:00 0 
800000000-800002000 rwxp 00001000 08:10 51914                            /usr/lib/jvm/java-11-openjdk-amd64/lib/server/classes.jsa
800002000-8003cc000 rw-p 00003000 08:10 51914                            /usr/lib/jvm/java-11-openjdk-amd64/lib/server/classes.jsa
8003cc000-800a9d000 r--p 003cd000 08:10 51914                            /usr/lib/jvm/java-11-openjdk-amd64/lib/server/classes.jsa
800a9d000-800a9e000 rw-p 00a9e000 08:10 51914                            /usr/lib/jvm/java-11-openjdk-amd64/lib/server/classes.jsa
840000000-8400c0000 rw-p 00000000 00:00 0 
8400c0000-880000000 ---p 00000000 00:00 0 
557a1d420000-557a1d421000 r--p 00000000 08:10 51492                      /usr/lib/jvm/java-11-openjdk-amd64/bin/java
557a1d421000-557a1d422000 r-xp 00001000 08:10 51492                      /usr/lib/jvm/java-11-openjdk-amd64/bin/java
557a1d422000-557a1d423000 r--p 00002000 08:10 51492                      /usr/lib/jvm/java-11-openjdk-amd64/bin/java
557a1d423000-557a1d424000 r--p 00002000 08:10 51492                      /usr/lib/jvm/java-11-openjdk-amd64/bin/java
557a1d424000-557a1d425000 rw-p 00003000 08:10 51492                      /usr/lib/jvm/java-11-openjdk-amd64/bin/java
557a1e29e000-557a1e2bf000 rw-p 00000000 00:00 0                          [heap]
7f4de152c000-7f4de1e52000 r--p 00000000 08:10 59050                      /root/.javacpp/cache/llvm-13.0.1-1.5.7-linux-x86_64.jar/org/bytedeco/llvm/linux-x86_64/libLLVM-13.so
7f4de1e52000-7f4de5815000 r-xp 00926000 08:10 59050                      /root/.javacpp/cache/llvm-13.0.1-1.5.7-linux-x86_64.jar/org/bytedeco/llvm/linux-x86_64/libLLVM-13.so
7f4de5815000-7f4de7a6a000 r--p 042e9000 08:10 59050                      /root/.javacpp/cache/llvm-13.0.1-1.5.7-linux-x86_64.jar/org/bytedeco/llvm/linux-x86_64/libLLVM-13.so
7f4de7a6a000-7f4de7f7f000 r--p 0653d000 08:10 59050                      /root/.javacpp/cache/llvm-13.0.1-1.5.7-linux-x86_64.jar/org/bytedeco/llvm/linux-x86_64/libLLVM-13.so
7f4de7f7f000-7f4de7f8a000 rw-p 06a52000 08:10 59050                      /root/.javacpp/cache/llvm-13.0.1-1.5.7-linux-x86_64.jar/org/bytedeco/llvm/linux-x86_64/libLLVM-13.so
7f4de7f8a000-7f4de8000000 rw-p 00000000 00:00 0 
7f4de8000000-7f4de8021000 rw-p 00000000 00:00 0 
7f4de8021000-7f4dec000000 ---p 00000000 00:00 0 
7f4dec000000-7f4dec050000 rw-p 00000000 00:00 0 
7f4dec050000-7f4df0000000 ---p 00000000 00:00 0 
7f4df0000000-7f4df0021000 rw-p 00000000 00:00 0 
7f4df0021000-7f4df4000000 ---p 00000000 00:00 0 
7f4df4000000-7f4df41f0000 rw-p 00000000 00:00 0 
7f4df41f0000-7f4df8000000 ---p 00000000 00:00 0 
7f4df8000000-7f4df8021000 rw-p 00000000 00:00 0 
7f4df8021000-7f4dfc000000 ---p 00000000 00:00 0 
7f4dfc000000-7f4dfc021000 rw-p 00000000 00:00 0 
7f4dfc021000-7f4e00000000 ---p 00000000 00:00 0 
7f4e00000000-7f4e003e4000 rw-p 00000000 00:00 0 
7f4e003e4000-7f4e04000000 ---p 00000000 00:00 0 
7f4e04000000-7f4e04252000 rw-p 00000000 00:00 0 
7f4e04252000-7f4e08000000 ---p 00000000 00:00 0 
7f4e08000000-7f4e08021000 rw-p 00000000 00:00 0 
7f4e08021000-7f4e0c000000 ---p 00000000 00:00 0 
7f4e0c000000-7f4e0c021000 rw-p 00000000 00:00 0 
7f4e0c021000-7f4e10000000 ---p 00000000 00:00 0 
7f4e10000000-7f4e10021000 rw-p 00000000 00:00 0 
7f4e10021000-7f4e14000000 ---p 00000000 00:00 0 
7f4e14000000-7f4e14021000 rw-p 00000000 00:00 0 
7f4e14021000-7f4e18000000 ---p 00000000 00:00 0 
7f4e18000000-7f4e18021000 rw-p 00000000 00:00 0 
7f4e18021000-7f4e1c000000 ---p 00000000 00:00 0 
7f4e1c000000-7f4e1c021000 rw-p 00000000 00:00 0 
7f4e1c021000-7f4e20000000 ---p 00000000 00:00 0 
7f4e20000000-7f4e20021000 rw-p 00000000 00:00 0 
7f4e20021000-7f4e24000000 ---p 00000000 00:00 0 
7f4e24000000-7f4e24021000 rw-p 00000000 00:00 0 
7f4e24021000-7f4e28000000 ---p 00000000 00:00 0 
7f4e28ad9000-7f4e28b3e000 r--p 00000000 08:10 59056                      /root/.javacpp/cache/llvm-13.0.1-1.5.7-linux-x86_64.jar/org/bytedeco/llvm/linux-x86_64/libjniLLVM.so
7f4e28b3e000-7f4e28bac000 r-xp 00065000 08:10 59056                      /root/.javacpp/cache/llvm-13.0.1-1.5.7-linux-x86_64.jar/org/bytedeco/llvm/linux-x86_64/libjniLLVM.so
7f4e28bac000-7f4e28bd7000 r--p 000d3000 08:10 59056                      /root/.javacpp/cache/llvm-13.0.1-1.5.7-linux-x86_64.jar/org/bytedeco/llvm/linux-x86_64/libjniLLVM.so
7f4e28bd7000-7f4e28bda000 r--p 000fd000 08:10 59056                      /root/.javacpp/cache/llvm-13.0.1-1.5.7-linux-x86_64.jar/org/bytedeco/llvm/linux-x86_64/libjniLLVM.so
7f4e28bda000-7f4e28bdd000 rw-p 00100000 08:10 59056                      /root/.javacpp/cache/llvm-13.0.1-1.5.7-linux-x86_64.jar/org/bytedeco/llvm/linux-x86_64/libjniLLVM.so
7f4e28bdd000-7f4e28bdf000 rw-p 00000000 00:00 0 
7f4e28bdf000-7f4e28be3000 ---p 00000000 00:00 0 
7f4e28be3000-7f4e28ce0000 rw-p 00000000 00:00 0 
7f4e28ce0000-7f4e28ce4000 ---p 00000000 00:00 0 
7f4e28ce4000-7f4e28de1000 rw-p 00000000 00:00 0 
7f4e28de1000-7f4e28de5000 ---p 00000000 00:00 0 
7f4e28de5000-7f4e28f13000 rw-p 00000000 00:00 0 
7f4e28f13000-7f4e28f17000 ---p 00000000 00:00 0 
7f4e28f17000-7f4e29014000 rw-p 00000000 00:00 0 
7f4e29014000-7f4e29015000 ---p 00000000 00:00 0 
7f4e29015000-7f4e29116000 rw-p 00000000 00:00 0 
7f4e29116000-7f4e2911a000 ---p 00000000 00:00 0 
7f4e2911a000-7f4e29217000 rw-p 00000000 00:00 0 
7f4e29217000-7f4e2921b000 ---p 00000000 00:00 0 
7f4e2921b000-7f4e29318000 rw-p 00000000 00:00 0 
7f4e29318000-7f4e2931c000 ---p 00000000 00:00 0 
7f4e2931c000-7f4e29419000 rw-p 00000000 00:00 0 
7f4e29419000-7f4e2941d000 ---p 00000000 00:00 0 
7f4e2941d000-7f4e2951a000 rw-p 00000000 00:00 0 
7f4e2951a000-7f4e29800000 r--p 00000000 08:10 4119                       /usr/lib/locale/locale-archive
7f4e29800000-7f4e29e00000 rw-p 00000000 00:00 0 
7f4e29e00000-7f4e2a000000 ---p 00000000 00:00 0 
7f4e2a000000-7f4e2c000000 rw-p 00000000 00:00 0 
7f4e2c000000-7f4e2c021000 rw-p 00000000 00:00 0 
7f4e2c021000-7f4e30000000 ---p 00000000 00:00 0 
7f4e30029000-7f4e3002d000 ---p 00000000 00:00 0 
7f4e3002d000-7f4e3012a000 rw-p 00000000 00:00 0 
7f4e3012a000-7f4e3029d000 r--p 00000000 08:10 12354                      /usr/lib/locale/C.UTF-8/LC_COLLATE
7f4e3029d000-7f4e302a1000 ---p 00000000 00:00 0 
7f4e302a1000-7f4e3039e000 rw-p 00000000 00:00 0 
7f4e3039e000-7f4e303a2000 ---p 00000000 00:00 0 
7f4e303a2000-7f4e3049f000 rw-p 00000000 00:00 0 
7f4e3049f000-7f4e304a0000 ---p 00000000 00:00 0 
7f4e304a0000-7f4e30622000 rw-p 00000000 00:00 0 
7f4e30622000-7f4e30623000 ---p 00000000 00:00 0 
7f4e30623000-7f4e30724000 rw-p 00000000 00:00 0 
7f4e30724000-7f4e30725000 ---p 00000000 00:00 0 
7f4e30725000-7f4e3102e000 rw-p 00000000 00:00 0 
7f4e3102e000-7f4e3102f000 ---p 00000000 00:00 0 
7f4e3102f000-7f4e31448000 rw-p 00000000 00:00 0 
7f4e31448000-7f4e33268000 ---p 00000000 00:00 0 
7f4e33268000-7f4e33270000 rw-p 00000000 00:00 0 
7f4e33270000-7f4e34270000 ---p 00000000 00:00 0 
7f4e34270000-7f4e34588000 rw-p 00000000 00:00 0 
7f4e34588000-7f4e363a8000 ---p 00000000 00:00 0 
7f4e363a8000-7f4e363b0000 rw-p 00000000 00:00 0 
7f4e363b0000-7f4e373b0000 ---p 00000000 00:00 0 
7f4e373b0000-7f4e37413000 rw-p 00000000 00:00 0 
7f4e37413000-7f4e377d7000 ---p 00000000 00:00 0 
7f4e377d7000-7f4e377d8000 rw-p 00000000 00:00 0 
7f4e377d8000-7f4e379d8000 ---p 00000000 00:00 0 
7f4e379d8000-7f4e37a3b000 rw-p 00000000 00:00 0 
7f4e37a3b000-7f4e37dff000 ---p 00000000 00:00 0 
7f4e37dff000-7f4e37e00000 rw-p 00000000 00:00 0 
7f4e37e00000-7f4e38000000 ---p 00000000 00:00 0 
7f4e38000000-7f4e38021000 rw-p 00000000 00:00 0 
7f4e38021000-7f4e3c000000 ---p 00000000 00:00 0 
7f4e3c00a000-7f4e3c011000 r--p 00000000 08:10 59052                      /root/.javacpp/cache/llvm-13.0.1-1.5.7-linux-x86_64.jar/org/bytedeco/llvm/linux-x86_64/libLTO.so.13
7f4e3c011000-7f4e3c019000 r-xp 00007000 08:10 59052                      /root/.javacpp/cache/llvm-13.0.1-1.5.7-linux-x86_64.jar/org/bytedeco/llvm/linux-x86_64/libLTO.so.13
7f4e3c019000-7f4e3c01b000 r--p 0000f000 08:10 59052                      /root/.javacpp/cache/llvm-13.0.1-1.5.7-linux-x86_64.jar/org/bytedeco/llvm/linux-x86_64/libLTO.so.13
7f4e3c01b000-7f4e3c01c000 r--p 00010000 08:10 59052                      /root/.javacpp/cache/llvm-13.0.1-1.5.7-linux-x86_64.jar/org/bytedeco/llvm/linux-x86_64/libLTO.so.13
7f4e3c01c000-7f4e3c01d000 rw-p 00011000 08:10 59052                      /root/.javacpp/cache/llvm-13.0.1-1.5.7-linux-x86_64.jar/org/bytedeco/llvm/linux-x86_64/libLTO.so.13
7f4e3c01d000-7f4e3c021000 r--p 00000000 08:10 59044                      /root/.javacpp/cache/javacpp-1.5.7-linux-x86_64.jar/org/bytedeco/javacpp/linux-x86_64/libjnijavacpp.so
7f4e3c021000-7f4e3c028000 r-xp 00004000 08:10 59044                      /root/.javacpp/cache/javacpp-1.5.7-linux-x86_64.jar/org/bytedeco/javacpp/linux-x86_64/libjnijavacpp.so
7f4e3c028000-7f4e3c02c000 r--p 0000b000 08:10 59044                      /root/.javacpp/cache/javacpp-1.5.7-linux-x86_64.jar/org/bytedeco/javacpp/linux-x86_64/libjnijavacpp.so
7f4e3c02c000-7f4e3c02d000 r--p 0000e000 08:10 59044                      /root/.javacpp/cache/javacpp-1.5.7-linux-x86_64.jar/org/bytedeco/javacpp/linux-x86_64/libjnijavacpp.so
7f4e3c02d000-7f4e3c02e000 rw-p 0000f000 08:10 59044                      /root/.javacpp/cache/javacpp-1.5.7-linux-x86_64.jar/org/bytedeco/javacpp/linux-x86_64/libjnijavacpp.so
7f4e3c02e000-7f4e3c032000 r--p 00000000 08:10 51641                      /usr/lib/jvm/java-11-openjdk-amd64/lib/libnet.so
7f4e3c032000-7f4e3c040000 r-xp 00004000 08:10 51641                      /usr/lib/jvm/java-11-openjdk-amd64/lib/libnet.so
7f4e3c040000-7f4e3c044000 r--p 00012000 08:10 51641                      /usr/lib/jvm/java-11-openjdk-amd64/lib/libnet.so
7f4e3c044000-7f4e3c045000 r--p 00015000 08:10 51641                      /usr/lib/jvm/java-11-openjdk-amd64/lib/libnet.so
7f4e3c045000-7f4e3c046000 rw-p 00016000 08:10 51641                      /usr/lib/jvm/java-11-openjdk-amd64/lib/libnet.so
7f4e3c046000-7f4e3c078000 r--p 00000000 08:10 12355                      /usr/lib/locale/C.UTF-8/LC_CTYPE
7f4e3c078000-7f4e3c0d3000 rw-p 00000000 00:00 0 
7f4e3c0d3000-7f4e3c0d4000 ---p 00000000 00:00 0 
7f4e3c0d4000-7f4e3c238000 rw-p 00000000 00:00 0 
7f4e3c238000-7f4e3c5fc000 ---p 00000000 00:00 0 
7f4e3c5fc000-7f4e3c5fd000 rw-p 00000000 00:00 0 
7f4e3c5fd000-7f4e3c7fd000 ---p 00000000 00:00 0 
7f4e3c7fd000-7f4e3ca6d000 rwxp 00000000 00:00 0 
7f4e3ca6d000-7f4e3cd8e000 ---p 00000000 00:00 0 
7f4e3cd8e000-7f4e3cffe000 rwxp 00000000 00:00 0 
7f4e3cffe000-7f4e442c5000 ---p 00000000 00:00 0 
7f4e442c5000-7f4e44535000 rwxp 00000000 00:00 0 
7f4e44535000-7f4e4b7fd000 ---p 00000000 00:00 0 
7f4e4b7fd000-7f4e54000000 r--s 00000000 08:10 51651                      /usr/lib/jvm/java-11-openjdk-amd64/lib/modules
7f4e54000000-7f4e54505000 rw-p 00000000 00:00 0 
7f4e54505000-7f4e58000000 ---p 00000000 00:00 0 
7f4e58005000-7f4e58006000 r--p 00000000 08:10 59054                      /root/.javacpp/cache/llvm-13.0.1-1.5.7-linux-x86_64.jar/org/bytedeco/llvm/linux-x86_64/libRemarks.so.13
7f4e58006000-7f4e58007000 r-xp 00001000 08:10 59054                      /root/.javacpp/cache/llvm-13.0.1-1.5.7-linux-x86_64.jar/org/bytedeco/llvm/linux-x86_64/libRemarks.so.13
7f4e58007000-7f4e58008000 r--p 00002000 08:10 59054                      /root/.javacpp/cache/llvm-13.0.1-1.5.7-linux-x86_64.jar/org/bytedeco/llvm/linux-x86_64/libRemarks.so.13
7f4e58008000-7f4e58009000 r--p 00002000 08:10 59054                      /root/.javacpp/cache/llvm-13.0.1-1.5.7-linux-x86_64.jar/org/bytedeco/llvm/linux-x86_64/libRemarks.so.13
7f4e58009000-7f4e5800a000 rw-p 00003000 08:10 59054                      /root/.javacpp/cache/llvm-13.0.1-1.5.7-linux-x86_64.jar/org/bytedeco/llvm/linux-x86_64/libRemarks.so.13
7f4e5800a000-7f4e58011000 r--p 00000000 08:10 51642                      /usr/lib/jvm/java-11-openjdk-amd64/lib/libnio.so
7f4e58011000-7f4e58019000 r-xp 00007000 08:10 51642                      /usr/lib/jvm/java-11-openjdk-amd64/lib/libnio.so
7f4e58019000-7f4e5801c000 r--p 0000f000 08:10 51642                      /usr/lib/jvm/java-11-openjdk-amd64/lib/libnio.so
7f4e5801c000-7f4e5801d000 r--p 00011000 08:10 51642                      /usr/lib/jvm/java-11-openjdk-amd64/lib/libnio.so
7f4e5801d000-7f4e5801e000 rw-p 00012000 08:10 51642                      /usr/lib/jvm/java-11-openjdk-amd64/lib/libnio.so
7f4e5801e000-7f4e5801f000 r--p 00000000 08:10 12361                      /usr/lib/locale/C.UTF-8/LC_NUMERIC
7f4e5801f000-7f4e58020000 r--p 00000000 08:10 12365                      /usr/lib/locale/C.UTF-8/LC_TIME
7f4e58020000-7f4e58021000 r--p 00000000 08:10 12359                      /usr/lib/locale/C.UTF-8/LC_MONETARY
7f4e58021000-7f4e58022000 r--p 00000000 08:10 12358                      /usr/lib/locale/C.UTF-8/LC_MESSAGES/SYS_LC_MESSAGES
7f4e58022000-7f4e58023000 r--p 00000000 08:10 12363                      /usr/lib/locale/C.UTF-8/LC_PAPER
7f4e58023000-7f4e58024000 r--p 00000000 08:10 12360                      /usr/lib/locale/C.UTF-8/LC_NAME
7f4e58024000-7f4e58025000 r--p 00000000 08:10 12353                      /usr/lib/locale/C.UTF-8/LC_ADDRESS
7f4e58025000-7f4e58026000 r--p 00000000 08:10 12364                      /usr/lib/locale/C.UTF-8/LC_TELEPHONE
7f4e58026000-7f4e5802d000 r--s 00000000 08:10 47045                      /usr/lib/x86_64-linux-gnu/gconv/gconv-modules.cache
7f4e5802d000-7f4e5896b000 rw-p 00000000 00:00 0 
7f4e5896b000-7f4e5896c000 ---p 00000000 00:00 0 
7f4e5896c000-7f4e58a72000 rw-p 00000000 00:00 0 
7f4e58a72000-7f4e58b58000 ---p 00000000 00:00 0 
7f4e58b58000-7f4e58b5d000 rw-p 00000000 00:00 0 
7f4e58b5d000-7f4e58c43000 ---p 00000000 00:00 0 
7f4e58c43000-7f4e58c48000 rw-p 00000000 00:00 0 
7f4e58c48000-7f4e58c4f000 ---p 00000000 00:00 0 
7f4e58c4f000-7f4e58c51000 r--p 00000000 08:10 51650                      /usr/lib/jvm/java-11-openjdk-amd64/lib/libzip.so
7f4e58c51000-7f4e58c56000 r-xp 00002000 08:10 51650                      /usr/lib/jvm/java-11-openjdk-amd64/lib/libzip.so
7f4e58c56000-7f4e58c58000 r--p 00007000 08:10 51650                      /usr/lib/jvm/java-11-openjdk-amd64/lib/libzip.so
7f4e58c58000-7f4e58c59000 r--p 00008000 08:10 51650                      /usr/lib/jvm/java-11-openjdk-amd64/lib/libzip.so
7f4e58c59000-7f4e58c5a000 rw-p 00009000 08:10 51650                      /usr/lib/jvm/java-11-openjdk-amd64/lib/libzip.so
7f4e58c5a000-7f4e58c5d000 r--p 00000000 08:10 44390                      /usr/lib/x86_64-linux-gnu/libnss_files-2.31.so
7f4e58c5d000-7f4e58c64000 r-xp 00003000 08:10 44390                      /usr/lib/x86_64-linux-gnu/libnss_files-2.31.so
7f4e58c64000-7f4e58c66000 r--p 0000a000 08:10 44390                      /usr/lib/x86_64-linux-gnu/libnss_files-2.31.so
7f4e58c66000-7f4e58c67000 r--p 0000b000 08:10 44390                      /usr/lib/x86_64-linux-gnu/libnss_files-2.31.so
7f4e58c67000-7f4e58c68000 rw-p 0000c000 08:10 44390                      /usr/lib/x86_64-linux-gnu/libnss_files-2.31.so
7f4e58c68000-7f4e58c6e000 rw-p 00000000 00:00 0 
7f4e58c6e000-7f4e58c6f000 r--p 00000000 08:10 12357                      /usr/lib/locale/C.UTF-8/LC_MEASUREMENT
7f4e58c6f000-7f4e58c71000 r--s 0000c000 08:10 23045                      /usr/share/java/java-atk-wrapper.jar
7f4e58c71000-7f4e58c79000 rw-s 00000000 08:10 53373                      /tmp/hsperfdata_root/11999
7f4e58c79000-7f4e58c87000 r--p 00000000 08:10 51630                      /usr/lib/jvm/java-11-openjdk-amd64/lib/libjava.so
7f4e58c87000-7f4e58c9d000 r-xp 0000e000 08:10 51630                      /usr/lib/jvm/java-11-openjdk-amd64/lib/libjava.so
7f4e58c9d000-7f4e58ca4000 r--p 00024000 08:10 51630                      /usr/lib/jvm/java-11-openjdk-amd64/lib/libjava.so
7f4e58ca4000-7f4e58ca5000 r--p 0002a000 08:10 51630                      /usr/lib/jvm/java-11-openjdk-amd64/lib/libjava.so
7f4e58ca5000-7f4e58ca6000 rw-p 0002b000 08:10 51630                      /usr/lib/jvm/java-11-openjdk-amd64/lib/libjava.so
7f4e58ca6000-7f4e58ca7000 rw-p 00000000 00:00 0 
7f4e58ca7000-7f4e58cac000 r--p 00000000 08:10 51649                      /usr/lib/jvm/java-11-openjdk-amd64/lib/libverify.so
7f4e58cac000-7f4e58cb3000 r-xp 00005000 08:10 51649                      /usr/lib/jvm/java-11-openjdk-amd64/lib/libverify.so
7f4e58cb3000-7f4e58cb5000 r--p 0000c000 08:10 51649                      /usr/lib/jvm/java-11-openjdk-amd64/lib/libverify.so
7f4e58cb5000-7f4e58cb6000 ---p 0000e000 08:10 51649                      /usr/lib/jvm/java-11-openjdk-amd64/lib/libverify.so
7f4e58cb6000-7f4e58cb8000 r--p 0000e000 08:10 51649                      /usr/lib/jvm/java-11-openjdk-amd64/lib/libverify.so
7f4e58cb8000-7f4e58cb9000 rw-p 00010000 08:10 51649                      /usr/lib/jvm/java-11-openjdk-amd64/lib/libverify.so
7f4e58cb9000-7f4e58cbb000 r--p 00000000 08:10 44399                      /usr/lib/x86_64-linux-gnu/librt-2.31.so
7f4e58cbb000-7f4e58cbf000 r-xp 00002000 08:10 44399                      /usr/lib/x86_64-linux-gnu/librt-2.31.so
7f4e58cbf000-7f4e58cc1000 r--p 00006000 08:10 44399                      /usr/lib/x86_64-linux-gnu/librt-2.31.so
7f4e58cc1000-7f4e58cc2000 r--p 00007000 08:10 44399                      /usr/lib/x86_64-linux-gnu/librt-2.31.so
7f4e58cc2000-7f4e58cc3000 rw-p 00008000 08:10 44399                      /usr/lib/x86_64-linux-gnu/librt-2.31.so
7f4e58cc3000-7f4e58cc7000 ---p 00000000 00:00 0 
7f4e58cc7000-7f4e58dc4000 rw-p 00000000 00:00 0 
7f4e58dc4000-7f4e58dc7000 r--p 00000000 08:10 26920                      /usr/lib/x86_64-linux-gnu/libgcc_s.so.1
7f4e58dc7000-7f4e58dd9000 r-xp 00003000 08:10 26920                      /usr/lib/x86_64-linux-gnu/libgcc_s.so.1
7f4e58dd9000-7f4e58ddd000 r--p 00015000 08:10 26920                      /usr/lib/x86_64-linux-gnu/libgcc_s.so.1
7f4e58ddd000-7f4e58dde000 r--p 00018000 08:10 26920                      /usr/lib/x86_64-linux-gnu/libgcc_s.so.1
7f4e58dde000-7f4e58ddf000 rw-p 00019000 08:10 26920                      /usr/lib/x86_64-linux-gnu/libgcc_s.so.1
7f4e58ddf000-7f4e58dec000 r--p 00000000 08:10 44384                      /usr/lib/x86_64-linux-gnu/libm-2.31.so
7f4e58dec000-7f4e58e93000 r-xp 0000d000 08:10 44384                      /usr/lib/x86_64-linux-gnu/libm-2.31.so
7f4e58e93000-7f4e58f2c000 r--p 000b4000 08:10 44384                      /usr/lib/x86_64-linux-gnu/libm-2.31.so
7f4e58f2c000-7f4e58f2d000 r--p 0014c000 08:10 44384                      /usr/lib/x86_64-linux-gnu/libm-2.31.so
7f4e58f2d000-7f4e58f2e000 rw-p 0014d000 08:10 44384                      /usr/lib/x86_64-linux-gnu/libm-2.31.so
7f4e58f2e000-7f4e58fc4000 r--p 00000000 08:10 27246                      /usr/lib/x86_64-linux-gnu/libstdc++.so.6.0.28
7f4e58fc4000-7f4e590b5000 r-xp 00096000 08:10 27246                      /usr/lib/x86_64-linux-gnu/libstdc++.so.6.0.28
7f4e590b5000-7f4e590fe000 r--p 00187000 08:10 27246                      /usr/lib/x86_64-linux-gnu/libstdc++.so.6.0.28
7f4e590fe000-7f4e590ff000 ---p 001d0000 08:10 27246                      /usr/lib/x86_64-linux-gnu/libstdc++.so.6.0.28
7f4e590ff000-7f4e5910a000 r--p 001d0000 08:10 27246                      /usr/lib/x86_64-linux-gnu/libstdc++.so.6.0.28
7f4e5910a000-7f4e5910d000 rw-p 001db000 08:10 27246                      /usr/lib/x86_64-linux-gnu/libstdc++.so.6.0.28
7f4e5910d000-7f4e59110000 rw-p 00000000 00:00 0 
7f4e59110000-7f4e59392000 r--p 00000000 08:10 51656                      /usr/lib/jvm/java-11-openjdk-amd64/lib/server/libjvm.so
7f4e59392000-7f4e5a01b000 r-xp 00282000 08:10 51656                      /usr/lib/jvm/java-11-openjdk-amd64/lib/server/libjvm.so
7f4e5a01b000-7f4e5a278000 r--p 00f0b000 08:10 51656                      /usr/lib/jvm/java-11-openjdk-amd64/lib/server/libjvm.so
7f4e5a278000-7f4e5a279000 ---p 01168000 08:10 51656                      /usr/lib/jvm/java-11-openjdk-amd64/lib/server/libjvm.so
7f4e5a279000-7f4e5a33d000 r--p 01168000 08:10 51656                      /usr/lib/jvm/java-11-openjdk-amd64/lib/server/libjvm.so
7f4e5a33d000-7f4e5a378000 rw-p 0122c000 08:10 51656                      /usr/lib/jvm/java-11-openjdk-amd64/lib/server/libjvm.so
7f4e5a378000-7f4e5a3d1000 rw-p 00000000 00:00 0 
7f4e5a3d1000-7f4e5a3d7000 r--p 00000000 08:10 44396                      /usr/lib/x86_64-linux-gnu/libpthread-2.31.so
7f4e5a3d7000-7f4e5a3e8000 r-xp 00006000 08:10 44396                      /usr/lib/x86_64-linux-gnu/libpthread-2.31.so
7f4e5a3e8000-7f4e5a3ee000 r--p 00017000 08:10 44396                      /usr/lib/x86_64-linux-gnu/libpthread-2.31.so
7f4e5a3ee000-7f4e5a3ef000 r--p 0001c000 08:10 44396                      /usr/lib/x86_64-linux-gnu/libpthread-2.31.so
7f4e5a3ef000-7f4e5a3f0000 rw-p 0001d000 08:10 44396                      /usr/lib/x86_64-linux-gnu/libpthread-2.31.so
7f4e5a3f0000-7f4e5a3f4000 rw-p 00000000 00:00 0 
7f4e5a3f4000-7f4e5a3f5000 r--p 00000000 08:10 44383                      /usr/lib/x86_64-linux-gnu/libdl-2.31.so
7f4e5a3f5000-7f4e5a3f7000 r-xp 00001000 08:10 44383                      /usr/lib/x86_64-linux-gnu/libdl-2.31.so
7f4e5a3f7000-7f4e5a3f8000 r--p 00003000 08:10 44383                      /usr/lib/x86_64-linux-gnu/libdl-2.31.so
7f4e5a3f8000-7f4e5a3f9000 r--p 00003000 08:10 44383                      /usr/lib/x86_64-linux-gnu/libdl-2.31.so
7f4e5a3f9000-7f4e5a3fa000 rw-p 00004000 08:10 44383                      /usr/lib/x86_64-linux-gnu/libdl-2.31.so
7f4e5a3fa000-7f4e5a3fc000 r--p 00000000 08:10 11221                      /usr/lib/x86_64-linux-gnu/libz.so.1.2.11
7f4e5a3fc000-7f4e5a40d000 r-xp 00002000 08:10 11221                      /usr/lib/x86_64-linux-gnu/libz.so.1.2.11
7f4e5a40d000-7f4e5a413000 r--p 00013000 08:10 11221                      /usr/lib/x86_64-linux-gnu/libz.so.1.2.11
7f4e5a413000-7f4e5a414000 ---p 00019000 08:10 11221                      /usr/lib/x86_64-linux-gnu/libz.so.1.2.11
7f4e5a414000-7f4e5a415000 r--p 00019000 08:10 11221                      /usr/lib/x86_64-linux-gnu/libz.so.1.2.11
7f4e5a415000-7f4e5a416000 rw-p 0001a000 08:10 11221                      /usr/lib/x86_64-linux-gnu/libz.so.1.2.11
7f4e5a416000-7f4e5a438000 r--p 00000000 08:10 44382                      /usr/lib/x86_64-linux-gnu/libc-2.31.so
7f4e5a438000-7f4e5a5b0000 r-xp 00022000 08:10 44382                      /usr/lib/x86_64-linux-gnu/libc-2.31.so
7f4e5a5b0000-7f4e5a5fe000 r--p 0019a000 08:10 44382                      /usr/lib/x86_64-linux-gnu/libc-2.31.so
7f4e5a5fe000-7f4e5a602000 r--p 001e7000 08:10 44382                      /usr/lib/x86_64-linux-gnu/libc-2.31.so
7f4e5a602000-7f4e5a604000 rw-p 001eb000 08:10 44382                      /usr/lib/x86_64-linux-gnu/libc-2.31.so
7f4e5a604000-7f4e5a608000 rw-p 00000000 00:00 0 
7f4e5a608000-7f4e5a609000 ---p 00000000 00:00 0 
7f4e5a609000-7f4e5a60a000 r--p 00000000 00:00 0 
7f4e5a60a000-7f4e5a60c000 r--p 00000000 08:10 51633                      /usr/lib/jvm/java-11-openjdk-amd64/lib/libjimage.so
7f4e5a60c000-7f4e5a60f000 r-xp 00002000 08:10 51633                      /usr/lib/jvm/java-11-openjdk-amd64/lib/libjimage.so
7f4e5a60f000-7f4e5a610000 r--p 00005000 08:10 51633                      /usr/lib/jvm/java-11-openjdk-amd64/lib/libjimage.so
7f4e5a610000-7f4e5a611000 ---p 00006000 08:10 51633                      /usr/lib/jvm/java-11-openjdk-amd64/lib/libjimage.so
7f4e5a611000-7f4e5a612000 r--p 00006000 08:10 51633                      /usr/lib/jvm/java-11-openjdk-amd64/lib/libjimage.so
7f4e5a612000-7f4e5a613000 rw-p 00007000 08:10 51633                      /usr/lib/jvm/java-11-openjdk-amd64/lib/libjimage.so
7f4e5a613000-7f4e5a616000 r--p 00000000 08:10 51615                      /usr/lib/jvm/java-11-openjdk-amd64/lib/jli/libjli.so
7f4e5a616000-7f4e5a620000 r-xp 00003000 08:10 51615                      /usr/lib/jvm/java-11-openjdk-amd64/lib/jli/libjli.so
7f4e5a620000-7f4e5a623000 r--p 0000d000 08:10 51615                      /usr/lib/jvm/java-11-openjdk-amd64/lib/jli/libjli.so
7f4e5a623000-7f4e5a624000 ---p 00010000 08:10 51615                      /usr/lib/jvm/java-11-openjdk-amd64/lib/jli/libjli.so
7f4e5a624000-7f4e5a625000 r--p 00010000 08:10 51615                      /usr/lib/jvm/java-11-openjdk-amd64/lib/jli/libjli.so
7f4e5a625000-7f4e5a626000 rw-p 00011000 08:10 51615                      /usr/lib/jvm/java-11-openjdk-amd64/lib/jli/libjli.so
7f4e5a626000-7f4e5a628000 rw-p 00000000 00:00 0 
7f4e5a628000-7f4e5a629000 r--p 00000000 08:10 44378                      /usr/lib/x86_64-linux-gnu/ld-2.31.so
7f4e5a629000-7f4e5a64c000 r-xp 00001000 08:10 44378                      /usr/lib/x86_64-linux-gnu/ld-2.31.so
7f4e5a64c000-7f4e5a654000 r--p 00024000 08:10 44378                      /usr/lib/x86_64-linux-gnu/ld-2.31.so
7f4e5a654000-7f4e5a655000 r--p 00000000 08:10 12356                      /usr/lib/locale/C.UTF-8/LC_IDENTIFICATION
7f4e5a655000-7f4e5a656000 r--p 0002c000 08:10 44378                      /usr/lib/x86_64-linux-gnu/ld-2.31.so
7f4e5a656000-7f4e5a657000 rw-p 0002d000 08:10 44378                      /usr/lib/x86_64-linux-gnu/ld-2.31.so
7f4e5a657000-7f4e5a658000 rw-p 00000000 00:00 0 
7ffc3a7a9000-7ffc3a7cb000 rw-p 00000000 00:00 0                          [stack]
7ffc3a7d0000-7ffc3a7d4000 r--p 00000000 00:00 0                          [vvar]
7ffc3a7d4000-7ffc3a7d5000 r-xp 00000000 00:00 0                          [vdso]


VM Arguments:
jvm_args: -Dfile.encoding=UTF-8 
java_command: Main ./tests/test1.sysy ./tests/test1_ans.txt
java_class_path (initial): /root/CompilerLab/Lab/target/classes:/usr/local/lib/antlr-4.10.1-complete.jar:/root/.m2/repository/org/bytedeco/llvm-platform/13.0.1-1.5.7/llvm-platform-13.0.1-1.5.7.jar:/root/.m2/repository/org/bytedeco/javacpp-platform/1.5.7/javacpp-platform-1.5.7.jar:/root/.m2/repository/org/bytedeco/javacpp/1.5.7/javacpp-1.5.7.jar:/root/.m2/repository/org/bytedeco/javacpp/1.5.7/javacpp-1.5.7-android-arm.jar:/root/.m2/repository/org/bytedeco/javacpp/1.5.7/javacpp-1.5.7-android-arm64.jar:/root/.m2/repository/org/bytedeco/javacpp/1.5.7/javacpp-1.5.7-android-x86.jar:/root/.m2/repository/org/bytedeco/javacpp/1.5.7/javacpp-1.5.7-android-x86_64.jar:/root/.m2/repository/org/bytedeco/javacpp/1.5.7/javacpp-1.5.7-ios-arm64.jar:/root/.m2/repository/org/bytedeco/javacpp/1.5.7/javacpp-1.5.7-ios-x86_64.jar:/root/.m2/repository/org/bytedeco/javacpp/1.5.7/javacpp-1.5.7-linux-armhf.jar:/root/.m2/repository/org/bytedeco/javacpp/1.5.7/javacpp-1.5.7-linux-arm64.jar:/root/.m2/repository/org/bytedeco/javacpp/1.5.7/javacpp-1.5.7-linux-ppc64le.jar:/root/.m2/repository/org/bytedeco/javacpp/1.5.7/javacpp-1.5.7-linux-x86.jar:/root/.m2/repository/org/bytedeco/javacpp/1.5.7/javacpp-1.5.7-linux-x86_64.jar:/root/.m2/repository/org/bytedeco/javacpp/1.5.7/javacpp-1.5.7-macosx-arm64.jar:/root/.m2/repository/org/bytedeco/javacpp/1.5.7/javacpp-1.5.7-macosx-x86_64.jar:/root/.m2/repository/org/bytedeco/javacpp/1.5.7/javacpp-1.5.7-windows-x86.jar:/root/.m2/repository/org/bytedeco/javacpp/1.5.7/javacpp-1.5.7-windows-x86_64.jar:/root/.m2/repository/org/bytedeco/llvm/13.0.1-1.5.7/llvm-13.0.1-1.5.7.jar:/root/.m2/repository/org/bytedeco/llvm/13.0.1-1.5.7/llvm-13.0.1-1.5.7-linux-x86.jar:/root/.m2/repository/org/bytedeco/llvm/13.0.1-1.5.7/llvm-13.0.1-1.5.7-linux-x86_64.jar:/root/.m2/repository/org/bytedeco/llvm/13.0.1-1.5.7/llvm-13.0.1-1.5.7-linux-armhf.jar:/root/.m2/repository/org/bytedeco/llvm/13.0.1-1.5.7/llvm-13.0.1-1.5.7-linux-arm64.jar:/root/.m2/repository/org/bytedeco/llvm/13.0.1-1.5.7/llv
Launcher Type: SUN_STANDARD

[Global flags]
     intx CICompilerCount                          = 4                                         {product} {ergonomic}
     uint ConcGCThreads                            = 2                                         {product} {ergonomic}
     uint G1ConcRefinementThreads                  = 8                                         {product} {ergonomic}
   size_t G1HeapRegionSize                         = 1048576                                   {product} {ergonomic}
    uintx GCDrainStackTargetSize                   = 64                                        {product} {ergonomic}
   size_t InitialHeapSize                          = 207618048                                 {product} {ergonomic}
   size_t MarkStackSize                            = 4194304                                   {product} {ergonomic}
   size_t MaxHeapSize                              = 3305111552                                {product} {ergonomic}
   size_t MaxNewSize                               = 1982857216                                {product} {ergonomic}
   size_t MinHeapDeltaBytes                        = 1048576                                   {product} {ergonomic}
    uintx NonNMethodCodeHeapSize                   = 5836300                                {pd product} {ergonomic}
    uintx NonProfiledCodeHeapSize                  = 122910970                              {pd product} {ergonomic}
    uintx ProfiledCodeHeapSize                     = 122910970                              {pd product} {ergonomic}
    uintx ReservedCodeCacheSize                    = 251658240                              {pd product} {ergonomic}
     bool SegmentedCodeCache                       = true                                      {product} {ergonomic}
     bool UseCompressedClassPointers               = true                                 {lp64_product} {ergonomic}
     bool UseCompressedOops                        = true                                 {lp64_product} {ergonomic}
     bool UseG1GC                                  = true                                      {product} {ergonomic}

Logging:
Log output configuration:
 #0: stdout all=warning uptime,level,tags
 #1: stderr all=off uptime,level,tags

Environment Variables:
PATH=/usr/local/sbin:/usr/local/bin:/usr/sbin:/usr/bin:/sbin:/bin:/usr/games:/usr/local/games:/usr/lib/wsl/lib:/mnt/c/Program Files (x86)/Common Files/Oracle/Java/javapath:/mnt/c/Python310/Scripts/:/mnt/c/Python310/:/mnt/c/Program Files/MySQL/MySQL Server 8.0/bin:/mnt/c/Windows/system32:/mnt/c/Windows:/mnt/c/Windows/System32/Wbem:/mnt/c/Windows/System32/WindowsPowerShell/v1.0/:/mnt/c/Windows/System32/OpenSSH/:/mnt/c/ProgramData/chocolatey/bin:/mnt/c/Program Files/Pandoc/:/mnt/d//Ne:/mnt/d/Applications/mingw-w64/x86_64-8.1.0-release-win32-seh-rt_v6-rev0/bin:/mnt/c/Program Files/Java/jdk-15.0.2/bin:/mnt/c/Program Files/Java/jdk-15.0.2/jre/bin:/mnt/d/Applications/scala/bin:/mnt/d/Applications/scala/jre/bin:/mnt/d/Applications/Prince/engine/bin:/mnt/d/Applications/Maven/apache-maven-3.8.6/bin:/mnt/c/Program Files/Git/cmd:/mnt/d//Tencent/web/dll:/mnt/d/Applications/nodejs/:/mnt/c/Users/20125/AppData/Local/Programs/Python/Python38/Scripts/:/mnt/c/Users/20125/AppData/Local/Programs/Python/Python38/:/mnt/c/Users/20125/AppData/Local/Microsoft/WindowsApps:/mnt/c/Program Files/JetBrains/IntelliJ IDEA 2021.3/bin:/mnt/c/Program Files/JetBrains/PyCharm 2021.3.1/bin:/mnt/d//JetBrains/WebStorm 2021.3.1/bin:/mnt/d//JetBrains/CLion 2021.3.2/bin:/mnt/c/Users/20125/AppData/Local/GitHubDesktop/bin:/mnt/d//JetBrains/DataGrip 2021.3.4/bin:/mnt/d/Applications/Microsoft VS Code/bin:/mnt/c/Users/20125/AppData/Local/JetBrains/Toolbox/scripts:/mnt/c/Program Files/jdk-15.0.2/jre/bin:/mnt/c/Program Files/jdk-15.0.2/bin:/mnt/c/Users/20125/AppData/Roaming/npm
SHELL=/bin/sh
HOSTTYPE=x86_64
LANG=C.UTF-8
TERM=xterm-256color

Signal Handlers:
SIGSEGV: [libjvm.so+0xe97eb0], sa_mask[0]=11111111011111111101111111111110, sa_flags=SA_RESTART|SA_SIGINFO
SIGBUS: [libjvm.so+0xe97eb0], sa_mask[0]=11111111011111111101111111111110, sa_flags=SA_RESTART|SA_SIGINFO
SIGFPE: [libjvm.so+0xe97eb0], sa_mask[0]=11111111011111111101111111111110, sa_flags=SA_RESTART|SA_SIGINFO
SIGPIPE: [libjvm.so+0xbde850], sa_mask[0]=11111111011111111101111111111110, sa_flags=SA_RESTART|SA_SIGINFO
SIGXFSZ: [libjvm.so+0xbde850], sa_mask[0]=11111111011111111101111111111110, sa_flags=SA_RESTART|SA_SIGINFO
SIGILL: [libjvm.so+0xe97eb0], sa_mask[0]=11111111011111111101111111111110, sa_flags=SA_RESTART|SA_SIGINFO
SIGUSR2: [libjvm.so+0xbde6f0], sa_mask[0]=00000000000000000000000000000000, sa_flags=SA_RESTART|SA_SIGINFO
SIGHUP: [libjvm.so+0xbde9e0], sa_mask[0]=11111111011111111101111111111110, sa_flags=SA_RESTART|SA_SIGINFO
SIGINT: [libjvm.so+0xbde9e0], sa_mask[0]=11111111011111111101111111111110, sa_flags=SA_RESTART|SA_SIGINFO
SIGTERM: [libjvm.so+0xbde9e0], sa_mask[0]=11111111011111111101111111111110, sa_flags=SA_RESTART|SA_SIGINFO
SIGQUIT: [libjvm.so+0xbde9e0], sa_mask[0]=11111111011111111101111111111110, sa_flags=SA_RESTART|SA_SIGINFO


---------------  S Y S T E M  ---------------

OS:DISTRIB_ID=Ubuntu
DISTRIB_RELEASE=20.04
DISTRIB_CODENAME=focal
DISTRIB_DESCRIPTION="Ubuntu 20.04.5 LTS"
uname:Linux 5.10.16.3-microsoft-standard-WSL2 #1 SMP Fri Apr 2 22:23:49 UTC 2021 x86_64
OS uptime: 0 days 1:32 hours
libc:glibc 2.31 NPTL 2.31 
rlimit (soft/hard): STACK 8192k/infinity , CORE 0k/infinity , NPROC 50409/50409 , NOFILE 4096/4096 , AS infinity/infinity , CPU infinity/infinity , DATA infinity/infinity , FSIZE infinity/infinity , MEMLOCK 64k/64k
load average:0.00 0.02 0.00

/proc/meminfo:
MemTotal:       12909048 kB
MemFree:        12319308 kB
MemAvailable:   12389928 kB
Buffers:           19464 kB
Cached:           275712 kB
SwapCached:            0 kB
Active:           164548 kB
Inactive:         305016 kB
Active(anon):        100 kB
Inactive(anon):   174352 kB
Active(file):     164448 kB
Inactive(file):   130664 kB
Unevictable:           0 kB
Mlocked:               0 kB
SwapTotal:       4194304 kB
SwapFree:        4194304 kB
Dirty:              1292 kB
Writeback:             0 kB
AnonPages:        174600 kB
Mapped:            59812 kB
Shmem:                72 kB
KReclaimable:      22048 kB
Slab:              48212 kB
SReclaimable:      22048 kB
SUnreclaim:        26164 kB
KernelStack:        2752 kB
PageTables:         1408 kB
NFS_Unstable:          0 kB
Bounce:                0 kB
WritebackTmp:          0 kB
CommitLimit:    10648828 kB
Committed_AS:     668136 kB
VmallocTotal:   34359738367 kB
VmallocUsed:       22940 kB
VmallocChunk:          0 kB
Percpu:             2432 kB
AnonHugePages:     63488 kB
ShmemHugePages:        0 kB
ShmemPmdMapped:        0 kB
FileHugePages:         0 kB
FilePmdMapped:         0 kB
HugePages_Total:       0
HugePages_Free:        0
HugePages_Rsvd:        0
HugePages_Surp:        0
Hugepagesize:       2048 kB
Hugetlb:               0 kB
DirectMap4k:       17408 kB
DirectMap2M:     3784704 kB
DirectMap1G:     9437184 kB

/sys/kernel/mm/transparent_hugepage/enabled:
[always] madvise never
/sys/kernel/mm/transparent_hugepage/defrag (defrag/compaction efforts parameter):
always defer defer+madvise [madvise] never

Process Memory:
Virtual Size: 6259736K (peak: 14706388K)
Resident Set Size: 108372K (peak: 108372K) (anon: 53692K, file: 54680K, shmem: 0K)
Swapped out: 0K
C-Heap outstanding allocations: 31087K, retained: 2760K
glibc malloc tunables: (default)

/proc/sys/kernel/threads-max (system-wide limit on the number of threads):
100818
/proc/sys/vm/max_map_count (maximum number of memory map areas a process may have):
65530
/proc/sys/kernel/pid_max (system-wide limit on number of process identifiers):
32768

container (cgroup) information:
container_type: cgroupv1
cpu_cpuset_cpus: 0-7
cpu_memory_nodes: 0
active_processor_count: 8
cpu_quota: no quota
cpu_period: 100000
cpu_shares: no shares
memory_limit_in_bytes: unlimited
memory_and_swap_limit_in_bytes: unlimited
memory_soft_limit_in_bytes: unlimited
memory_usage_in_bytes: 470228 k
memory_max_usage_in_bytes: 248084 k
maximum number of tasks: not supported
current number of tasks: not supported

Hyper-V virtualization detected
Steal ticks since vm start: 0
Steal ticks percentage since vm start:  0.000

CPU:total 8 (initial active 8) (4 cores per cpu, 2 threads per core) family 6 model 140 stepping 1 microcode 0xffffffff, cmov, cx8, fxsr, mmx, sse, sse2, sse3, ssse3, sse4.1, sse4.2, popcnt, avx, avx2, aes, clmul, erms, 3dnowpref, lzcnt, ht, tsc, tscinvbit, bmi1, bmi2, adx, evex, sha, fma
CPU Model and flags from /proc/cpuinfo:
model name	: 11th Gen Intel(R) Core(TM) i7-1165G7 @ 2.80GHz
flags		: fpu vme de pse tsc msr pae mce cx8 apic sep mtrr pge mca cmov pat pse36 clflush mmx fxsr sse sse2 ss ht syscall nx pdpe1gb rdtscp lm constant_tsc rep_good nopl xtopology tsc_reliable nonstop_tsc cpuid pni pclmulqdq ssse3 fma cx16 pcid sse4_1 sse4_2 movbe popcnt aes xsave avx f16c rdrand hypervisor lahf_lm abm 3dnowprefetch invpcid_single ssbd ibrs ibpb stibp ibrs_enhanced fsgsbase bmi1 avx2 smep bmi2 erms invpcid avx512f avx512dq rdseed adx smap avx512ifma clflushopt clwb avx512cd sha_ni avx512bw avx512vl xsaveopt xsavec xgetbv1 xsaves avx512vbmi umip avx512_vbmi2 gfni vaes vpclmulqdq avx512_vnni avx512_bitalg avx512_vpopcntdq rdpid fsrm avx512_vp2intersect flush_l1d arch_capabilities
Online cpus:
0-7
Offline cpus:

BIOS frequency limitation:
<Not Available>
Frequency switch latency (ns):
<Not Available>
Available cpu frequencies:
<Not Available>
Current governor:
<Not Available>
Core performance/turbo boost:
<Not Available>

Memory: 4k page, physical 12909048k(12318300k free), swap 4194304k(4194304k free)

vm_info: OpenJDK 64-Bit Server VM (11.0.17+8-post-Ubuntu-1ubuntu220.04) for linux-amd64 JRE (11.0.17+8-post-Ubuntu-1ubuntu220.04), built on Oct 25 2022 09:30:51 by "unknown" with gcc 9.4.0

END.
