#
# A fatal error has been detected by the Java Runtime Environment:
#
#  SIGSEGV (0xb) at pc=0x00007fdd16280c31, pid=12490, tid=12491
#
# JRE version: OpenJDK Runtime Environment (11.0.17+8) (build 11.0.17+8-post-Ubuntu-1ubuntu220.04)
# Java VM: OpenJDK 64-Bit Server VM (11.0.17+8-post-Ubuntu-1ubuntu220.04, mixed mode, sharing, tiered, compressed oops, g1 gc, linux-amd64)
# Problematic frame:
# C  [libLLVM-13.so+0xd54c31]  llvm::PointerType::get(llvm::Type*, unsigned int)+0x161
#
# No core dump will be written. Core dumps have been disabled. To enable core dumping, try "ulimit -c unlimited" before starting Java again
#
# If you would like to submit a bug report, please visit:
#   https://bugs.launchpad.net/ubuntu/+source/openjdk-lts
# The crash happened outside the Java Virtual Machine in native code.
# See problematic frame for where to report the bug.
#

---------------  S U M M A R Y ------------

Command Line: -Dfile.encoding=UTF-8 Main ./tests/test1.sysy ./tests/test1_ans.txt

Host: 11th Gen Intel(R) Core(TM) i7-1165G7 @ 2.80GHz, 8 cores, 12G, Ubuntu 20.04.5 LTS
Time: Wed Jan 18 12:38:52 2023 CST elapsed time: 0.239726 seconds (0d 0h 0m 0s)

---------------  T H R E A D  ---------------

Current thread (0x00007fdd88016800):  JavaThread "main" [_thread_in_native, id=12491, stack(0x00007fdd8e873000,0x00007fdd8e974000)]

Stack: [0x00007fdd8e873000,0x00007fdd8e974000],  sp=0x00007fdd8e971780,  free space=1017k
Native frames: (J=compiled Java code, A=aot compiled Java code, j=interpreted, Vv=VM code, C=native code)
C  [libLLVM-13.so+0xd54c31]  llvm::PointerType::get(llvm::Type*, unsigned int)+0x161

Java frames: (J=compiled Java code, j=interpreted, Vv=VM code)
j  org.bytedeco.llvm.global.LLVM.LLVMBuildGEP(Lorg/bytedeco/llvm/LLVM/LLVMBuilderRef;Lorg/bytedeco/llvm/LLVM/LLVMValueRef;Lorg/bytedeco/javacpp/PointerPointer;ILjava/lang/String;)Lorg/bytedeco/llvm/LLVM/LLVMValueRef;+0
j  FunctionAndVarIRVisitor.visitLVal(LSysYParser$LValContext;)Lorg/bytedeco/llvm/LLVM/LLVMValueRef;+91
j  FunctionAndVarIRVisitor.visitLVal(LSysYParser$LValContext;)Ljava/lang/Object;+2
j  SysYParser$LValContext.accept(Lorg/antlr/v4/runtime/tree/ParseTreeVisitor;)Ljava/lang/Object;+12
j  org.antlr.v4.runtime.tree.AbstractParseTreeVisitor.visit(Lorg/antlr/v4/runtime/tree/ParseTree;)Ljava/lang/Object;+2
j  FunctionAndVarIRVisitor.visitLValExp(LSysYParser$LValExpContext;)Lorg/bytedeco/llvm/LLVM/LLVMValueRef;+5
j  FunctionAndVarIRVisitor.visitLValExp(LSysYParser$LValExpContext;)Ljava/lang/Object;+2
j  SysYParser$LValExpContext.accept(Lorg/antlr/v4/runtime/tree/ParseTreeVisitor;)Ljava/lang/Object;+12
j  org.antlr.v4.runtime.tree.AbstractParseTreeVisitor.visitChildren(Lorg/antlr/v4/runtime/tree/RuleNode;)Ljava/lang/Object;+46
j  SysYParserBaseVisitor.visitExpStmt(LSysYParser$ExpStmtContext;)Ljava/lang/Object;+2
j  FunctionAndVarIRVisitor.visitExpStmt(LSysYParser$ExpStmtContext;)Lorg/bytedeco/llvm/LLVM/LLVMValueRef;+18
j  FunctionAndVarIRVisitor.visitExpStmt(LSysYParser$ExpStmtContext;)Ljava/lang/Object;+2
j  SysYParser$ExpStmtContext.accept(Lorg/antlr/v4/runtime/tree/ParseTreeVisitor;)Ljava/lang/Object;+12
j  org.antlr.v4.runtime.tree.AbstractParseTreeVisitor.visitChildren(Lorg/antlr/v4/runtime/tree/RuleNode;)Ljava/lang/Object;+46
j  SysYParserBaseVisitor.visitBlockItem(LSysYParser$BlockItemContext;)Ljava/lang/Object;+2
j  SysYParser$BlockItemContext.accept(Lorg/antlr/v4/runtime/tree/ParseTreeVisitor;)Ljava/lang/Object;+12
j  org.antlr.v4.runtime.tree.AbstractParseTreeVisitor.visitChildren(Lorg/antlr/v4/runtime/tree/RuleNode;)Ljava/lang/Object;+46
j  SysYParserBaseVisitor.visitBlock(LSysYParser$BlockContext;)Ljava/lang/Object;+2
j  FunctionAndVarIRVisitor.visitBlock(LSysYParser$BlockContext;)Lorg/bytedeco/llvm/LLVM/LLVMValueRef;+66
j  FunctionAndVarIRVisitor.visitBlock(LSysYParser$BlockContext;)Ljava/lang/Object;+2
j  SysYParser$BlockContext.accept(Lorg/antlr/v4/runtime/tree/ParseTreeVisitor;)Ljava/lang/Object;+12
j  org.antlr.v4.runtime.tree.AbstractParseTreeVisitor.visitChildren(Lorg/antlr/v4/runtime/tree/RuleNode;)Ljava/lang/Object;+46
j  SysYParserBaseVisitor.visitFuncDef(LSysYParser$FuncDefContext;)Ljava/lang/Object;+2
j  FunctionAndVarIRVisitor.visitFuncDef(LSysYParser$FuncDefContext;)Lorg/bytedeco/llvm/LLVM/LLVMValueRef;+565
j  FunctionAndVarIRVisitor.visitFuncDef(LSysYParser$FuncDefContext;)Ljava/lang/Object;+2
j  SysYParser$FuncDefContext.accept(Lorg/antlr/v4/runtime/tree/ParseTreeVisitor;)Ljava/lang/Object;+12
j  org.antlr.v4.runtime.tree.AbstractParseTreeVisitor.visitChildren(Lorg/antlr/v4/runtime/tree/RuleNode;)Ljava/lang/Object;+46
j  SysYParserBaseVisitor.visitCompUnit(LSysYParser$CompUnitContext;)Ljava/lang/Object;+2
j  SysYParser$CompUnitContext.accept(Lorg/antlr/v4/runtime/tree/ParseTreeVisitor;)Ljava/lang/Object;+12
j  org.antlr.v4.runtime.tree.AbstractParseTreeVisitor.visitChildren(Lorg/antlr/v4/runtime/tree/RuleNode;)Ljava/lang/Object;+46
j  SysYParserBaseVisitor.visitProgram(LSysYParser$ProgramContext;)Ljava/lang/Object;+2
j  FunctionAndVarIRVisitor.visitProgram(LSysYParser$ProgramContext;)Lorg/bytedeco/llvm/LLVM/LLVMValueRef;+22
j  FunctionAndVarIRVisitor.visitProgram(LSysYParser$ProgramContext;)Ljava/lang/Object;+2
j  SysYParser$ProgramContext.accept(Lorg/antlr/v4/runtime/tree/ParseTreeVisitor;)Ljava/lang/Object;+12
j  org.antlr.v4.runtime.tree.AbstractParseTreeVisitor.visit(Lorg/antlr/v4/runtime/tree/ParseTree;)Ljava/lang/Object;+2
j  Main.funcAndVarIRGenerate([Ljava/lang/String;)V+76
j  Main.main([Ljava/lang/String;)V+1
v  ~StubRoutines::call_stub

siginfo: si_signo: 11 (SIGSEGV), si_code: 1 (SEGV_MAPERR), si_addr: 0x0000000c06240498

Register to memory mapping:

RAX=0x0000000180c48093 is an unknown value
RBX=0x00007fdd8851a420 points into unknown readable memory: 0x00007fdd8851a440 | 40 a4 51 88 dd 7f 00 00
RCX=0x0000000c06240498 is an unknown value
RDX=0x0 is NULL
RSP=0x00007fdd8e971780 is pointing into the stack for thread: 0x00007fdd88016800
RBP=0x00007fdd8851a460 points into unknown readable memory: 0x00007fdd88518f70 | 70 8f 51 88 dd 7f 00 00
RSI=0x000000008851bb3f is an unknown value
RDI=0x0000000080418031 is an unknown value
R8 =0x0000000000000001 is an unknown value
R9 =0x00007fdd88016800 is a thread
R10=0xfffffffffffff55a is an unknown value
R11=0x00007fdd16158bb0: LLVMBuildGEP+0x0000000000000000 in /root/.javacpp/cache/llvm-13.0.1-1.5.7-linux-x86_64.jar/org/bytedeco/llvm/linux-x86_64/libLLVM-13.so at 0x00007fdd1552c000
R12=0x0000000000000020 is an unknown value
R13=0x0 is NULL
R14=0x6bd95252e0e9c4b1 is an unknown value
R15=0x000000008851bb40 is an unknown value


Registers:
RAX=0x0000000180c48093, RBX=0x00007fdd8851a420, RCX=0x0000000c06240498, RDX=0x0000000000000000
RSP=0x00007fdd8e971780, RBP=0x00007fdd8851a460, RSI=0x000000008851bb3f, RDI=0x0000000080418031
R8 =0x0000000000000001, R9 =0x00007fdd88016800, R10=0xfffffffffffff55a, R11=0x00007fdd16158bb0
R12=0x0000000000000020, R13=0x0000000000000000, R14=0x6bd95252e0e9c4b1, R15=0x000000008851bb40
RIP=0x00007fdd16280c31, EFLAGS=0x0000000000010282, CSGSFS=0x002b000000000033, ERR=0x0000000000000004
  TRAPNO=0x000000000000000e

Top of Stack: (sp=0x00007fdd8e971780)
0x00007fdd8e971780:   0000000000000000 0000000000000000
0x00007fdd8e971790:   0000000000000090 0000000000000002
0x00007fdd8e9717a0:   00007fdd8e9719a0 00007fdd884f7910
0x00007fdd8e9717b0:   00007fdd88515d40 00007fdd88528220 

Instructions: (pc=0x00007fdd16280c31)
0x00007fdd16280b31:   31 c6 44 89 f7 44 21 c7 89 f8 48 c1 e0 04 49 8d
0x00007fdd16280b41:   54 05 00 48 8b 32 48 39 de 0f 85 70 07 00 00 48
0x00007fdd16280b51:   8b 42 08 4c 8d 72 08 48 85 c0 0f 84 b4 02 00 00
0x00007fdd16280b61:   48 83 c4 28 5b 5d 41 5c 41 5d 41 5e 41 5f c3 48
0x00007fdd16280b71:   83 c4 28 44 89 e6 5b 5d 41 5c 41 5d 41 5e 41 5f
0x00007fdd16280b81:   e9 ba ef ff ff 66 2e 0f 1f 84 00 00 00 00 00 44
0x00007fdd16280b91:   8b bd 00 09 00 00 4c 8b ad f0 08 00 00 45 85 ff
0x00007fdd16280ba1:   0f 84 51 03 00 00 89 d8 89 da 41 8d 77 ff 41 b8
0x00007fdd16280bb1:   01 00 00 00 c1 ea 09 c1 e8 04 89 f7 31 d0 43 8d
0x00007fdd16280bc1:   14 e4 41 8d 14 94 48 c1 e0 20 48 09 d0 48 c1 e2
0x00007fdd16280bd1:   20 48 83 e8 01 48 29 d0 48 89 c2 48 c1 ea 16 48
0x00007fdd16280be1:   31 d0 48 89 c2 48 83 e8 01 48 c1 e2 0d 48 29 d0
0x00007fdd16280bf1:   48 89 c2 48 c1 ea 08 48 31 d0 31 d2 4c 8d 34 c0
0x00007fdd16280c01:   4c 89 f0 48 c1 e8 0f 49 31 c6 4c 89 f0 49 83 ee
0x00007fdd16280c11:   01 48 c1 e0 1b 49 29 c6 4c 89 f0 48 c1 e8 1f 49
0x00007fdd16280c21:   31 c6 44 21 f7 89 f8 48 8d 04 40 49 8d 4c c5 00
0x00007fdd16280c31:   48 8b 01 48 39 d8 0f 84 23 05 00 00 48 3d 00 f0
0x00007fdd16280c41:   ff ff 0f 84 77 04 00 00 48 3d 00 e0 ff ff 75 0d
0x00007fdd16280c51:   83 79 08 fe 75 07 48 85 d2 48 0f 44 d1 44 01 c7
0x00007fdd16280c61:   41 83 c0 01 21 f7 eb bd 0f 1f 80 00 00 00 00 43
0x00007fdd16280c71:   8d 54 3f ff be 08 00 00 00 48 89 d0 48 d1 e8 48
0x00007fdd16280c81:   09 d0 48 89 c2 48 c1 ea 02 48 09 d0 48 89 c2 48
0x00007fdd16280c91:   c1 ea 04 48 09 d0 48 89 c2 48 c1 ea 08 48 09 d0
0x00007fdd16280ca1:   48 89 c2 48 c1 ea 10 48 09 d0 ba 40 00 00 00 48
0x00007fdd16280cb1:   83 c0 01 83 f8 40 0f 42 c2 89 85 e8 08 00 00 89
0x00007fdd16280cc1:   c7 48 c1 e7 04 e8 85 04 da ff 48 89 85 d8 08 00
0x00007fdd16280cd1:   00 4d 85 ed 0f 84 e9 0a 00 00 8b 8d e8 08 00 00
0x00007fdd16280ce1:   44 89 fe 48 89 c2 48 c7 85 e0 08 00 00 00 00 00
0x00007fdd16280cf1:   00 48 c1 e6 04 49 89 c9 48 c1 e1 04 49 89 f7 4d
0x00007fdd16280d01:   8d 44 35 00 48 01 c1 48 39 c8 74 13 0f 1f 00 48
0x00007fdd16280d11:   c7 02 00 f0 ff ff 48 83 c2 10 48 39 d1 75 f0 4c
0x00007fdd16280d21:   89 ea 45 8d 71 ff 4d 39 c5 74 61 0f 1f 40 00 48 


Stack slot to memory mapping:
stack at sp + 0 slots: 0x0 is NULL
stack at sp + 1 slots: 0x0 is NULL
stack at sp + 2 slots: 0x0000000000000090 is an unknown value
stack at sp + 3 slots: 0x0000000000000002 is an unknown value
stack at sp + 4 slots: 0x00007fdd8e9719a0 is pointing into the stack for thread: 0x00007fdd88016800
stack at sp + 5 slots: 0x00007fdd884f7910 points into unknown readable memory: 0x00007fdd884f7920 | 20 79 4f 88 dd 7f 00 00
stack at sp + 6 slots: 0x00007fdd88515d40 points into unknown readable memory: 0x00007fdd88530bf0 | f0 0b 53 88 dd 7f 00 00
stack at sp + 7 slots: 0x00007fdd88528220 points into unknown readable memory: 0x564c4c5f6d766c6c | 6c 6c 76 6d 5f 4c 4c 56


---------------  P R O C E S S  ---------------

Threads class SMR info:
_java_thread_list=0x00007fdd3829c040, length=12, elements={
0x00007fdd88016800, 0x00007fdd88186800, 0x00007fdd88190800, 0x00007fdd88199000,
0x00007fdd8819b000, 0x00007fdd8819d000, 0x00007fdd8819f000, 0x00007fdd881a1000,
0x00007fdd881f4000, 0x00007fdd8842f800, 0x00007fdd38304000, 0x00007fdd3829a800
}

Java Threads: ( => current thread )
=>0x00007fdd88016800 JavaThread "main" [_thread_in_native, id=12491, stack(0x00007fdd8e873000,0x00007fdd8e974000)]
  0x00007fdd88186800 JavaThread "Reference Handler" daemon [_thread_blocked, id=12498, stack(0x00007fdd70219000,0x00007fdd7031a000)]
  0x00007fdd88190800 JavaThread "Finalizer" daemon [_thread_blocked, id=12499, stack(0x00007fdd70118000,0x00007fdd70219000)]
  0x00007fdd88199000 JavaThread "Signal Dispatcher" daemon [_thread_blocked, id=12500, stack(0x00007fdd70017000,0x00007fdd70118000)]
  0x00007fdd8819b000 JavaThread "Service Thread" daemon [_thread_blocked, id=12501, stack(0x00007fdd65026000,0x00007fdd65127000)]
  0x00007fdd8819d000 JavaThread "C2 CompilerThread0" daemon [_thread_in_native, id=12502, stack(0x00007fdd64f25000,0x00007fdd65026000)]
  0x00007fdd8819f000 JavaThread "C1 CompilerThread0" daemon [_thread_blocked, id=12503, stack(0x00007fdd64e24000,0x00007fdd64f25000)]
  0x00007fdd881a1000 JavaThread "Sweeper thread" daemon [_thread_blocked, id=12504, stack(0x00007fdd64d23000,0x00007fdd64e24000)]
  0x00007fdd881f4000 JavaThread "Common-Cleaner" daemon [_thread_blocked, id=12507, stack(0x00007fdd64b20000,0x00007fdd64c21000)]
  0x00007fdd8842f800 JavaThread "JavaCPP Deallocator" daemon [_thread_blocked, id=12516, stack(0x00007fdd649d6000,0x00007fdd64ad7000)]
  0x00007fdd38304000 JavaThread "C2 CompilerThread1" daemon [_thread_in_native, id=12517, stack(0x00007fdd648d5000,0x00007fdd649d6000)]
  0x00007fdd3829a800 JavaThread "C2 CompilerThread2" daemon [_thread_blocked, id=12518, stack(0x00007fdd647d4000,0x00007fdd648d5000)]

Other Threads:
  0x00007fdd88183800 VMThread "VM Thread" [stack: 0x00007fdd7031c000,0x00007fdd7041c000] [id=12497]
  0x00007fdd881f1800 WatcherThread [stack: 0x00007fdd64c23000,0x00007fdd64d23000] [id=12506]
  0x00007fdd8802f000 GCTaskThread "GC Thread#0" [stack: 0x00007fdd8e51d000,0x00007fdd8e61d000] [id=12492]
  0x00007fdd8807a800 ConcurrentGCThread "G1 Main Marker" [stack: 0x00007fdd8c8cf000,0x00007fdd8c9cf000] [id=12493]
  0x00007fdd8807c800 ConcurrentGCThread "G1 Conc#0" [stack: 0x00007fdd8c7cd000,0x00007fdd8c8cd000] [id=12494]
  0x00007fdd88149800 ConcurrentGCThread "G1 Refine#0" [stack: 0x00007fdd705fc000,0x00007fdd706fc000] [id=12495]
  0x00007fdd8814b800 ConcurrentGCThread "G1 Young RemSet Sampling" [stack: 0x00007fdd704fa000,0x00007fdd705fa000] [id=12496]

Threads with active compile tasks:
C2 CompilerThread0      242  677       4       java.util.jar.JarFile::getVersionedEntry (85 bytes)
C2 CompilerThread1      242  678  s!   4       jdk.internal.loader.URLClassPath::getLoader (194 bytes)

VM state:not at safepoint (normal execution)

VM Mutex/Monitor currently owned by a thread: None

Heap address: 0x000000073b000000, size: 3152 MB, Compressed Oops mode: Zero based, Oop shift amount: 3
Narrow klass base: 0x0000000800000000, Narrow klass shift: 3
Compressed class space size: 1073741824 Address: 0x0000000840000000

Heap:
 garbage-first heap   total 204800K, used 20172K [0x000000073b000000, 0x0000000800000000)
  region size 1024K, 21 young (21504K), 0 survivors (0K)
 Metaspace       used 3551K, capacity 6640K, committed 6912K, reserved 1056768K
  class space    used 404K, capacity 700K, committed 768K, reserved 1048576K
Heap Regions: E=young(eden), S=young(survivor), O=old, HS=humongous(starts), HC=humongous(continues), CS=collection set, F=free, A=archive, TAMS=top-at-mark-start (previous, next)
|   0|0x000000073b000000, 0x000000073b000000, 0x000000073b100000|  0%| F|  |TAMS 0x000000073b000000, 0x000000073b000000| Untracked 
|   1|0x000000073b100000, 0x000000073b100000, 0x000000073b200000|  0%| F|  |TAMS 0x000000073b100000, 0x000000073b100000| Untracked 
|   2|0x000000073b200000, 0x000000073b200000, 0x000000073b300000|  0%| F|  |TAMS 0x000000073b200000, 0x000000073b200000| Untracked 
|   3|0x000000073b300000, 0x000000073b300000, 0x000000073b400000|  0%| F|  |TAMS 0x000000073b300000, 0x000000073b300000| Untracked 
|   4|0x000000073b400000, 0x000000073b400000, 0x000000073b500000|  0%| F|  |TAMS 0x000000073b400000, 0x000000073b400000| Untracked 
|   5|0x000000073b500000, 0x000000073b500000, 0x000000073b600000|  0%| F|  |TAMS 0x000000073b500000, 0x000000073b500000| Untracked 
|   6|0x000000073b600000, 0x000000073b600000, 0x000000073b700000|  0%| F|  |TAMS 0x000000073b600000, 0x000000073b600000| Untracked 
|   7|0x000000073b700000, 0x000000073b700000, 0x000000073b800000|  0%| F|  |TAMS 0x000000073b700000, 0x000000073b700000| Untracked 
|   8|0x000000073b800000, 0x000000073b800000, 0x000000073b900000|  0%| F|  |TAMS 0x000000073b800000, 0x000000073b800000| Untracked 
|   9|0x000000073b900000, 0x000000073b900000, 0x000000073ba00000|  0%| F|  |TAMS 0x000000073b900000, 0x000000073b900000| Untracked 
|  10|0x000000073ba00000, 0x000000073ba00000, 0x000000073bb00000|  0%| F|  |TAMS 0x000000073ba00000, 0x000000073ba00000| Untracked 
|  11|0x000000073bb00000, 0x000000073bb00000, 0x000000073bc00000|  0%| F|  |TAMS 0x000000073bb00000, 0x000000073bb00000| Untracked 
|  12|0x000000073bc00000, 0x000000073bc00000, 0x000000073bd00000|  0%| F|  |TAMS 0x000000073bc00000, 0x000000073bc00000| Untracked 
|  13|0x000000073bd00000, 0x000000073bd00000, 0x000000073be00000|  0%| F|  |TAMS 0x000000073bd00000, 0x000000073bd00000| Untracked 
|  14|0x000000073be00000, 0x000000073be00000, 0x000000073bf00000|  0%| F|  |TAMS 0x000000073be00000, 0x000000073be00000| Untracked 
|  15|0x000000073bf00000, 0x000000073bf00000, 0x000000073c000000|  0%| F|  |TAMS 0x000000073bf00000, 0x000000073bf00000| Untracked 
|  16|0x000000073c000000, 0x000000073c000000, 0x000000073c100000|  0%| F|  |TAMS 0x000000073c000000, 0x000000073c000000| Untracked 
|  17|0x000000073c100000, 0x000000073c100000, 0x000000073c200000|  0%| F|  |TAMS 0x000000073c100000, 0x000000073c100000| Untracked 
|  18|0x000000073c200000, 0x000000073c200000, 0x000000073c300000|  0%| F|  |TAMS 0x000000073c200000, 0x000000073c200000| Untracked 
|  19|0x000000073c300000, 0x000000073c300000, 0x000000073c400000|  0%| F|  |TAMS 0x000000073c300000, 0x000000073c300000| Untracked 
|  20|0x000000073c400000, 0x000000073c400000, 0x000000073c500000|  0%| F|  |TAMS 0x000000073c400000, 0x000000073c400000| Untracked 
|  21|0x000000073c500000, 0x000000073c500000, 0x000000073c600000|  0%| F|  |TAMS 0x000000073c500000, 0x000000073c500000| Untracked 
|  22|0x000000073c600000, 0x000000073c600000, 0x000000073c700000|  0%| F|  |TAMS 0x000000073c600000, 0x000000073c600000| Untracked 
|  23|0x000000073c700000, 0x000000073c700000, 0x000000073c800000|  0%| F|  |TAMS 0x000000073c700000, 0x000000073c700000| Untracked 
|  24|0x000000073c800000, 0x000000073c800000, 0x000000073c900000|  0%| F|  |TAMS 0x000000073c800000, 0x000000073c800000| Untracked 
|  25|0x000000073c900000, 0x000000073c900000, 0x000000073ca00000|  0%| F|  |TAMS 0x000000073c900000, 0x000000073c900000| Untracked 
|  26|0x000000073ca00000, 0x000000073ca00000, 0x000000073cb00000|  0%| F|  |TAMS 0x000000073ca00000, 0x000000073ca00000| Untracked 
|  27|0x000000073cb00000, 0x000000073cb00000, 0x000000073cc00000|  0%| F|  |TAMS 0x000000073cb00000, 0x000000073cb00000| Untracked 
|  28|0x000000073cc00000, 0x000000073cc00000, 0x000000073cd00000|  0%| F|  |TAMS 0x000000073cc00000, 0x000000073cc00000| Untracked 
|  29|0x000000073cd00000, 0x000000073cd00000, 0x000000073ce00000|  0%| F|  |TAMS 0x000000073cd00000, 0x000000073cd00000| Untracked 
|  30|0x000000073ce00000, 0x000000073ce00000, 0x000000073cf00000|  0%| F|  |TAMS 0x000000073ce00000, 0x000000073ce00000| Untracked 
|  31|0x000000073cf00000, 0x000000073cf00000, 0x000000073d000000|  0%| F|  |TAMS 0x000000073cf00000, 0x000000073cf00000| Untracked 
|  32|0x000000073d000000, 0x000000073d000000, 0x000000073d100000|  0%| F|  |TAMS 0x000000073d000000, 0x000000073d000000| Untracked 
|  33|0x000000073d100000, 0x000000073d100000, 0x000000073d200000|  0%| F|  |TAMS 0x000000073d100000, 0x000000073d100000| Untracked 
|  34|0x000000073d200000, 0x000000073d200000, 0x000000073d300000|  0%| F|  |TAMS 0x000000073d200000, 0x000000073d200000| Untracked 
|  35|0x000000073d300000, 0x000000073d300000, 0x000000073d400000|  0%| F|  |TAMS 0x000000073d300000, 0x000000073d300000| Untracked 
|  36|0x000000073d400000, 0x000000073d400000, 0x000000073d500000|  0%| F|  |TAMS 0x000000073d400000, 0x000000073d400000| Untracked 
|  37|0x000000073d500000, 0x000000073d500000, 0x000000073d600000|  0%| F|  |TAMS 0x000000073d500000, 0x000000073d500000| Untracked 
|  38|0x000000073d600000, 0x000000073d600000, 0x000000073d700000|  0%| F|  |TAMS 0x000000073d600000, 0x000000073d600000| Untracked 
|  39|0x000000073d700000, 0x000000073d700000, 0x000000073d800000|  0%| F|  |TAMS 0x000000073d700000, 0x000000073d700000| Untracked 
|  40|0x000000073d800000, 0x000000073d800000, 0x000000073d900000|  0%| F|  |TAMS 0x000000073d800000, 0x000000073d800000| Untracked 
|  41|0x000000073d900000, 0x000000073d900000, 0x000000073da00000|  0%| F|  |TAMS 0x000000073d900000, 0x000000073d900000| Untracked 
|  42|0x000000073da00000, 0x000000073da00000, 0x000000073db00000|  0%| F|  |TAMS 0x000000073da00000, 0x000000073da00000| Untracked 
|  43|0x000000073db00000, 0x000000073db00000, 0x000000073dc00000|  0%| F|  |TAMS 0x000000073db00000, 0x000000073db00000| Untracked 
|  44|0x000000073dc00000, 0x000000073dc00000, 0x000000073dd00000|  0%| F|  |TAMS 0x000000073dc00000, 0x000000073dc00000| Untracked 
|  45|0x000000073dd00000, 0x000000073dd00000, 0x000000073de00000|  0%| F|  |TAMS 0x000000073dd00000, 0x000000073dd00000| Untracked 
|  46|0x000000073de00000, 0x000000073de00000, 0x000000073df00000|  0%| F|  |TAMS 0x000000073de00000, 0x000000073de00000| Untracked 
|  47|0x000000073df00000, 0x000000073df00000, 0x000000073e000000|  0%| F|  |TAMS 0x000000073df00000, 0x000000073df00000| Untracked 
|  48|0x000000073e000000, 0x000000073e000000, 0x000000073e100000|  0%| F|  |TAMS 0x000000073e000000, 0x000000073e000000| Untracked 
|  49|0x000000073e100000, 0x000000073e100000, 0x000000073e200000|  0%| F|  |TAMS 0x000000073e100000, 0x000000073e100000| Untracked 
|  50|0x000000073e200000, 0x000000073e200000, 0x000000073e300000|  0%| F|  |TAMS 0x000000073e200000, 0x000000073e200000| Untracked 
|  51|0x000000073e300000, 0x000000073e300000, 0x000000073e400000|  0%| F|  |TAMS 0x000000073e300000, 0x000000073e300000| Untracked 
|  52|0x000000073e400000, 0x000000073e400000, 0x000000073e500000|  0%| F|  |TAMS 0x000000073e400000, 0x000000073e400000| Untracked 
|  53|0x000000073e500000, 0x000000073e500000, 0x000000073e600000|  0%| F|  |TAMS 0x000000073e500000, 0x000000073e500000| Untracked 
|  54|0x000000073e600000, 0x000000073e600000, 0x000000073e700000|  0%| F|  |TAMS 0x000000073e600000, 0x000000073e600000| Untracked 
|  55|0x000000073e700000, 0x000000073e700000, 0x000000073e800000|  0%| F|  |TAMS 0x000000073e700000, 0x000000073e700000| Untracked 
|  56|0x000000073e800000, 0x000000073e800000, 0x000000073e900000|  0%| F|  |TAMS 0x000000073e800000, 0x000000073e800000| Untracked 
|  57|0x000000073e900000, 0x000000073e900000, 0x000000073ea00000|  0%| F|  |TAMS 0x000000073e900000, 0x000000073e900000| Untracked 
|  58|0x000000073ea00000, 0x000000073ea00000, 0x000000073eb00000|  0%| F|  |TAMS 0x000000073ea00000, 0x000000073ea00000| Untracked 
|  59|0x000000073eb00000, 0x000000073eb00000, 0x000000073ec00000|  0%| F|  |TAMS 0x000000073eb00000, 0x000000073eb00000| Untracked 
|  60|0x000000073ec00000, 0x000000073ec00000, 0x000000073ed00000|  0%| F|  |TAMS 0x000000073ec00000, 0x000000073ec00000| Untracked 
|  61|0x000000073ed00000, 0x000000073ed00000, 0x000000073ee00000|  0%| F|  |TAMS 0x000000073ed00000, 0x000000073ed00000| Untracked 
|  62|0x000000073ee00000, 0x000000073ee00000, 0x000000073ef00000|  0%| F|  |TAMS 0x000000073ee00000, 0x000000073ee00000| Untracked 
|  63|0x000000073ef00000, 0x000000073ef00000, 0x000000073f000000|  0%| F|  |TAMS 0x000000073ef00000, 0x000000073ef00000| Untracked 
|  64|0x000000073f000000, 0x000000073f000000, 0x000000073f100000|  0%| F|  |TAMS 0x000000073f000000, 0x000000073f000000| Untracked 
|  65|0x000000073f100000, 0x000000073f100000, 0x000000073f200000|  0%| F|  |TAMS 0x000000073f100000, 0x000000073f100000| Untracked 
|  66|0x000000073f200000, 0x000000073f200000, 0x000000073f300000|  0%| F|  |TAMS 0x000000073f200000, 0x000000073f200000| Untracked 
|  67|0x000000073f300000, 0x000000073f300000, 0x000000073f400000|  0%| F|  |TAMS 0x000000073f300000, 0x000000073f300000| Untracked 
|  68|0x000000073f400000, 0x000000073f400000, 0x000000073f500000|  0%| F|  |TAMS 0x000000073f400000, 0x000000073f400000| Untracked 
|  69|0x000000073f500000, 0x000000073f500000, 0x000000073f600000|  0%| F|  |TAMS 0x000000073f500000, 0x000000073f500000| Untracked 
|  70|0x000000073f600000, 0x000000073f600000, 0x000000073f700000|  0%| F|  |TAMS 0x000000073f600000, 0x000000073f600000| Untracked 
|  71|0x000000073f700000, 0x000000073f700000, 0x000000073f800000|  0%| F|  |TAMS 0x000000073f700000, 0x000000073f700000| Untracked 
|  72|0x000000073f800000, 0x000000073f800000, 0x000000073f900000|  0%| F|  |TAMS 0x000000073f800000, 0x000000073f800000| Untracked 
|  73|0x000000073f900000, 0x000000073f900000, 0x000000073fa00000|  0%| F|  |TAMS 0x000000073f900000, 0x000000073f900000| Untracked 
|  74|0x000000073fa00000, 0x000000073fa00000, 0x000000073fb00000|  0%| F|  |TAMS 0x000000073fa00000, 0x000000073fa00000| Untracked 
|  75|0x000000073fb00000, 0x000000073fb00000, 0x000000073fc00000|  0%| F|  |TAMS 0x000000073fb00000, 0x000000073fb00000| Untracked 
|  76|0x000000073fc00000, 0x000000073fc00000, 0x000000073fd00000|  0%| F|  |TAMS 0x000000073fc00000, 0x000000073fc00000| Untracked 
|  77|0x000000073fd00000, 0x000000073fd00000, 0x000000073fe00000|  0%| F|  |TAMS 0x000000073fd00000, 0x000000073fd00000| Untracked 
|  78|0x000000073fe00000, 0x000000073fe00000, 0x000000073ff00000|  0%| F|  |TAMS 0x000000073fe00000, 0x000000073fe00000| Untracked 
|  79|0x000000073ff00000, 0x000000073ff00000, 0x0000000740000000|  0%| F|  |TAMS 0x000000073ff00000, 0x000000073ff00000| Untracked 
|  80|0x0000000740000000, 0x0000000740000000, 0x0000000740100000|  0%| F|  |TAMS 0x0000000740000000, 0x0000000740000000| Untracked 
|  81|0x0000000740100000, 0x0000000740100000, 0x0000000740200000|  0%| F|  |TAMS 0x0000000740100000, 0x0000000740100000| Untracked 
|  82|0x0000000740200000, 0x0000000740200000, 0x0000000740300000|  0%| F|  |TAMS 0x0000000740200000, 0x0000000740200000| Untracked 
|  83|0x0000000740300000, 0x0000000740300000, 0x0000000740400000|  0%| F|  |TAMS 0x0000000740300000, 0x0000000740300000| Untracked 
|  84|0x0000000740400000, 0x0000000740400000, 0x0000000740500000|  0%| F|  |TAMS 0x0000000740400000, 0x0000000740400000| Untracked 
|  85|0x0000000740500000, 0x0000000740500000, 0x0000000740600000|  0%| F|  |TAMS 0x0000000740500000, 0x0000000740500000| Untracked 
|  86|0x0000000740600000, 0x0000000740600000, 0x0000000740700000|  0%| F|  |TAMS 0x0000000740600000, 0x0000000740600000| Untracked 
|  87|0x0000000740700000, 0x0000000740700000, 0x0000000740800000|  0%| F|  |TAMS 0x0000000740700000, 0x0000000740700000| Untracked 
|  88|0x0000000740800000, 0x0000000740800000, 0x0000000740900000|  0%| F|  |TAMS 0x0000000740800000, 0x0000000740800000| Untracked 
|  89|0x0000000740900000, 0x0000000740900000, 0x0000000740a00000|  0%| F|  |TAMS 0x0000000740900000, 0x0000000740900000| Untracked 
|  90|0x0000000740a00000, 0x0000000740a00000, 0x0000000740b00000|  0%| F|  |TAMS 0x0000000740a00000, 0x0000000740a00000| Untracked 
|  91|0x0000000740b00000, 0x0000000740b00000, 0x0000000740c00000|  0%| F|  |TAMS 0x0000000740b00000, 0x0000000740b00000| Untracked 
|  92|0x0000000740c00000, 0x0000000740c00000, 0x0000000740d00000|  0%| F|  |TAMS 0x0000000740c00000, 0x0000000740c00000| Untracked 
|  93|0x0000000740d00000, 0x0000000740d00000, 0x0000000740e00000|  0%| F|  |TAMS 0x0000000740d00000, 0x0000000740d00000| Untracked 
|  94|0x0000000740e00000, 0x0000000740e00000, 0x0000000740f00000|  0%| F|  |TAMS 0x0000000740e00000, 0x0000000740e00000| Untracked 
|  95|0x0000000740f00000, 0x0000000740f00000, 0x0000000741000000|  0%| F|  |TAMS 0x0000000740f00000, 0x0000000740f00000| Untracked 
|  96|0x0000000741000000, 0x0000000741000000, 0x0000000741100000|  0%| F|  |TAMS 0x0000000741000000, 0x0000000741000000| Untracked 
|  97|0x0000000741100000, 0x0000000741100000, 0x0000000741200000|  0%| F|  |TAMS 0x0000000741100000, 0x0000000741100000| Untracked 
|  98|0x0000000741200000, 0x0000000741200000, 0x0000000741300000|  0%| F|  |TAMS 0x0000000741200000, 0x0000000741200000| Untracked 
|  99|0x0000000741300000, 0x0000000741300000, 0x0000000741400000|  0%| F|  |TAMS 0x0000000741300000, 0x0000000741300000| Untracked 
| 100|0x0000000741400000, 0x0000000741400000, 0x0000000741500000|  0%| F|  |TAMS 0x0000000741400000, 0x0000000741400000| Untracked 
| 101|0x0000000741500000, 0x0000000741500000, 0x0000000741600000|  0%| F|  |TAMS 0x0000000741500000, 0x0000000741500000| Untracked 
| 102|0x0000000741600000, 0x0000000741600000, 0x0000000741700000|  0%| F|  |TAMS 0x0000000741600000, 0x0000000741600000| Untracked 
| 103|0x0000000741700000, 0x0000000741700000, 0x0000000741800000|  0%| F|  |TAMS 0x0000000741700000, 0x0000000741700000| Untracked 
| 104|0x0000000741800000, 0x0000000741800000, 0x0000000741900000|  0%| F|  |TAMS 0x0000000741800000, 0x0000000741800000| Untracked 
| 105|0x0000000741900000, 0x0000000741900000, 0x0000000741a00000|  0%| F|  |TAMS 0x0000000741900000, 0x0000000741900000| Untracked 
| 106|0x0000000741a00000, 0x0000000741a00000, 0x0000000741b00000|  0%| F|  |TAMS 0x0000000741a00000, 0x0000000741a00000| Untracked 
| 107|0x0000000741b00000, 0x0000000741b00000, 0x0000000741c00000|  0%| F|  |TAMS 0x0000000741b00000, 0x0000000741b00000| Untracked 
| 108|0x0000000741c00000, 0x0000000741c00000, 0x0000000741d00000|  0%| F|  |TAMS 0x0000000741c00000, 0x0000000741c00000| Untracked 
| 109|0x0000000741d00000, 0x0000000741d00000, 0x0000000741e00000|  0%| F|  |TAMS 0x0000000741d00000, 0x0000000741d00000| Untracked 
| 110|0x0000000741e00000, 0x0000000741e00000, 0x0000000741f00000|  0%| F|  |TAMS 0x0000000741e00000, 0x0000000741e00000| Untracked 
| 111|0x0000000741f00000, 0x0000000741f00000, 0x0000000742000000|  0%| F|  |TAMS 0x0000000741f00000, 0x0000000741f00000| Untracked 
| 112|0x0000000742000000, 0x0000000742000000, 0x0000000742100000|  0%| F|  |TAMS 0x0000000742000000, 0x0000000742000000| Untracked 
| 113|0x0000000742100000, 0x0000000742100000, 0x0000000742200000|  0%| F|  |TAMS 0x0000000742100000, 0x0000000742100000| Untracked 
| 114|0x0000000742200000, 0x0000000742200000, 0x0000000742300000|  0%| F|  |TAMS 0x0000000742200000, 0x0000000742200000| Untracked 
| 115|0x0000000742300000, 0x0000000742300000, 0x0000000742400000|  0%| F|  |TAMS 0x0000000742300000, 0x0000000742300000| Untracked 
| 116|0x0000000742400000, 0x0000000742400000, 0x0000000742500000|  0%| F|  |TAMS 0x0000000742400000, 0x0000000742400000| Untracked 
| 117|0x0000000742500000, 0x0000000742500000, 0x0000000742600000|  0%| F|  |TAMS 0x0000000742500000, 0x0000000742500000| Untracked 
| 118|0x0000000742600000, 0x0000000742600000, 0x0000000742700000|  0%| F|  |TAMS 0x0000000742600000, 0x0000000742600000| Untracked 
| 119|0x0000000742700000, 0x0000000742700000, 0x0000000742800000|  0%| F|  |TAMS 0x0000000742700000, 0x0000000742700000| Untracked 
| 120|0x0000000742800000, 0x0000000742800000, 0x0000000742900000|  0%| F|  |TAMS 0x0000000742800000, 0x0000000742800000| Untracked 
| 121|0x0000000742900000, 0x0000000742900000, 0x0000000742a00000|  0%| F|  |TAMS 0x0000000742900000, 0x0000000742900000| Untracked 
| 122|0x0000000742a00000, 0x0000000742a00000, 0x0000000742b00000|  0%| F|  |TAMS 0x0000000742a00000, 0x0000000742a00000| Untracked 
| 123|0x0000000742b00000, 0x0000000742b00000, 0x0000000742c00000|  0%| F|  |TAMS 0x0000000742b00000, 0x0000000742b00000| Untracked 
| 124|0x0000000742c00000, 0x0000000742c00000, 0x0000000742d00000|  0%| F|  |TAMS 0x0000000742c00000, 0x0000000742c00000| Untracked 
| 125|0x0000000742d00000, 0x0000000742d00000, 0x0000000742e00000|  0%| F|  |TAMS 0x0000000742d00000, 0x0000000742d00000| Untracked 
| 126|0x0000000742e00000, 0x0000000742e00000, 0x0000000742f00000|  0%| F|  |TAMS 0x0000000742e00000, 0x0000000742e00000| Untracked 
| 127|0x0000000742f00000, 0x0000000742f00000, 0x0000000743000000|  0%| F|  |TAMS 0x0000000742f00000, 0x0000000742f00000| Untracked 
| 128|0x0000000743000000, 0x0000000743000000, 0x0000000743100000|  0%| F|  |TAMS 0x0000000743000000, 0x0000000743000000| Untracked 
| 129|0x0000000743100000, 0x0000000743100000, 0x0000000743200000|  0%| F|  |TAMS 0x0000000743100000, 0x0000000743100000| Untracked 
| 130|0x0000000743200000, 0x0000000743200000, 0x0000000743300000|  0%| F|  |TAMS 0x0000000743200000, 0x0000000743200000| Untracked 
| 131|0x0000000743300000, 0x0000000743300000, 0x0000000743400000|  0%| F|  |TAMS 0x0000000743300000, 0x0000000743300000| Untracked 
| 132|0x0000000743400000, 0x0000000743400000, 0x0000000743500000|  0%| F|  |TAMS 0x0000000743400000, 0x0000000743400000| Untracked 
| 133|0x0000000743500000, 0x0000000743500000, 0x0000000743600000|  0%| F|  |TAMS 0x0000000743500000, 0x0000000743500000| Untracked 
| 134|0x0000000743600000, 0x0000000743600000, 0x0000000743700000|  0%| F|  |TAMS 0x0000000743600000, 0x0000000743600000| Untracked 
| 135|0x0000000743700000, 0x0000000743700000, 0x0000000743800000|  0%| F|  |TAMS 0x0000000743700000, 0x0000000743700000| Untracked 
| 136|0x0000000743800000, 0x0000000743800000, 0x0000000743900000|  0%| F|  |TAMS 0x0000000743800000, 0x0000000743800000| Untracked 
| 137|0x0000000743900000, 0x0000000743900000, 0x0000000743a00000|  0%| F|  |TAMS 0x0000000743900000, 0x0000000743900000| Untracked 
| 138|0x0000000743a00000, 0x0000000743a00000, 0x0000000743b00000|  0%| F|  |TAMS 0x0000000743a00000, 0x0000000743a00000| Untracked 
| 139|0x0000000743b00000, 0x0000000743b00000, 0x0000000743c00000|  0%| F|  |TAMS 0x0000000743b00000, 0x0000000743b00000| Untracked 
| 140|0x0000000743c00000, 0x0000000743c00000, 0x0000000743d00000|  0%| F|  |TAMS 0x0000000743c00000, 0x0000000743c00000| Untracked 
| 141|0x0000000743d00000, 0x0000000743d00000, 0x0000000743e00000|  0%| F|  |TAMS 0x0000000743d00000, 0x0000000743d00000| Untracked 
| 142|0x0000000743e00000, 0x0000000743e00000, 0x0000000743f00000|  0%| F|  |TAMS 0x0000000743e00000, 0x0000000743e00000| Untracked 
| 143|0x0000000743f00000, 0x0000000743f00000, 0x0000000744000000|  0%| F|  |TAMS 0x0000000743f00000, 0x0000000743f00000| Untracked 
| 144|0x0000000744000000, 0x0000000744000000, 0x0000000744100000|  0%| F|  |TAMS 0x0000000744000000, 0x0000000744000000| Untracked 
| 145|0x0000000744100000, 0x0000000744100000, 0x0000000744200000|  0%| F|  |TAMS 0x0000000744100000, 0x0000000744100000| Untracked 
| 146|0x0000000744200000, 0x0000000744200000, 0x0000000744300000|  0%| F|  |TAMS 0x0000000744200000, 0x0000000744200000| Untracked 
| 147|0x0000000744300000, 0x0000000744300000, 0x0000000744400000|  0%| F|  |TAMS 0x0000000744300000, 0x0000000744300000| Untracked 
| 148|0x0000000744400000, 0x0000000744400000, 0x0000000744500000|  0%| F|  |TAMS 0x0000000744400000, 0x0000000744400000| Untracked 
| 149|0x0000000744500000, 0x0000000744500000, 0x0000000744600000|  0%| F|  |TAMS 0x0000000744500000, 0x0000000744500000| Untracked 
| 150|0x0000000744600000, 0x0000000744600000, 0x0000000744700000|  0%| F|  |TAMS 0x0000000744600000, 0x0000000744600000| Untracked 
| 151|0x0000000744700000, 0x0000000744700000, 0x0000000744800000|  0%| F|  |TAMS 0x0000000744700000, 0x0000000744700000| Untracked 
| 152|0x0000000744800000, 0x0000000744800000, 0x0000000744900000|  0%| F|  |TAMS 0x0000000744800000, 0x0000000744800000| Untracked 
| 153|0x0000000744900000, 0x0000000744900000, 0x0000000744a00000|  0%| F|  |TAMS 0x0000000744900000, 0x0000000744900000| Untracked 
| 154|0x0000000744a00000, 0x0000000744a00000, 0x0000000744b00000|  0%| F|  |TAMS 0x0000000744a00000, 0x0000000744a00000| Untracked 
| 155|0x0000000744b00000, 0x0000000744b00000, 0x0000000744c00000|  0%| F|  |TAMS 0x0000000744b00000, 0x0000000744b00000| Untracked 
| 156|0x0000000744c00000, 0x0000000744c00000, 0x0000000744d00000|  0%| F|  |TAMS 0x0000000744c00000, 0x0000000744c00000| Untracked 
| 157|0x0000000744d00000, 0x0000000744d00000, 0x0000000744e00000|  0%| F|  |TAMS 0x0000000744d00000, 0x0000000744d00000| Untracked 
| 158|0x0000000744e00000, 0x0000000744e00000, 0x0000000744f00000|  0%| F|  |TAMS 0x0000000744e00000, 0x0000000744e00000| Untracked 
| 159|0x0000000744f00000, 0x0000000744f00000, 0x0000000745000000|  0%| F|  |TAMS 0x0000000744f00000, 0x0000000744f00000| Untracked 
| 160|0x0000000745000000, 0x0000000745000000, 0x0000000745100000|  0%| F|  |TAMS 0x0000000745000000, 0x0000000745000000| Untracked 
| 161|0x0000000745100000, 0x0000000745100000, 0x0000000745200000|  0%| F|  |TAMS 0x0000000745100000, 0x0000000745100000| Untracked 
| 162|0x0000000745200000, 0x0000000745200000, 0x0000000745300000|  0%| F|  |TAMS 0x0000000745200000, 0x0000000745200000| Untracked 
| 163|0x0000000745300000, 0x0000000745300000, 0x0000000745400000|  0%| F|  |TAMS 0x0000000745300000, 0x0000000745300000| Untracked 
| 164|0x0000000745400000, 0x0000000745400000, 0x0000000745500000|  0%| F|  |TAMS 0x0000000745400000, 0x0000000745400000| Untracked 
| 165|0x0000000745500000, 0x0000000745500000, 0x0000000745600000|  0%| F|  |TAMS 0x0000000745500000, 0x0000000745500000| Untracked 
| 166|0x0000000745600000, 0x0000000745600000, 0x0000000745700000|  0%| F|  |TAMS 0x0000000745600000, 0x0000000745600000| Untracked 
| 167|0x0000000745700000, 0x0000000745700000, 0x0000000745800000|  0%| F|  |TAMS 0x0000000745700000, 0x0000000745700000| Untracked 
| 168|0x0000000745800000, 0x0000000745800000, 0x0000000745900000|  0%| F|  |TAMS 0x0000000745800000, 0x0000000745800000| Untracked 
| 169|0x0000000745900000, 0x0000000745900000, 0x0000000745a00000|  0%| F|  |TAMS 0x0000000745900000, 0x0000000745900000| Untracked 
| 170|0x0000000745a00000, 0x0000000745a00000, 0x0000000745b00000|  0%| F|  |TAMS 0x0000000745a00000, 0x0000000745a00000| Untracked 
| 171|0x0000000745b00000, 0x0000000745b00000, 0x0000000745c00000|  0%| F|  |TAMS 0x0000000745b00000, 0x0000000745b00000| Untracked 
| 172|0x0000000745c00000, 0x0000000745c00000, 0x0000000745d00000|  0%| F|  |TAMS 0x0000000745c00000, 0x0000000745c00000| Untracked 
| 173|0x0000000745d00000, 0x0000000745d00000, 0x0000000745e00000|  0%| F|  |TAMS 0x0000000745d00000, 0x0000000745d00000| Untracked 
| 174|0x0000000745e00000, 0x0000000745e00000, 0x0000000745f00000|  0%| F|  |TAMS 0x0000000745e00000, 0x0000000745e00000| Untracked 
| 175|0x0000000745f00000, 0x0000000745f00000, 0x0000000746000000|  0%| F|  |TAMS 0x0000000745f00000, 0x0000000745f00000| Untracked 
| 176|0x0000000746000000, 0x0000000746000000, 0x0000000746100000|  0%| F|  |TAMS 0x0000000746000000, 0x0000000746000000| Untracked 
| 177|0x0000000746100000, 0x000000074617b620, 0x0000000746200000| 48%| E|  |TAMS 0x0000000746100000, 0x0000000746100000| Complete 
| 178|0x0000000746200000, 0x0000000746300000, 0x0000000746300000|100%| E|CS|TAMS 0x0000000746200000, 0x0000000746200000| Complete 
| 179|0x0000000746300000, 0x0000000746400000, 0x0000000746400000|100%| E|CS|TAMS 0x0000000746300000, 0x0000000746300000| Complete 
| 180|0x0000000746400000, 0x0000000746500000, 0x0000000746500000|100%| E|CS|TAMS 0x0000000746400000, 0x0000000746400000| Complete 
| 181|0x0000000746500000, 0x0000000746600000, 0x0000000746600000|100%| E|CS|TAMS 0x0000000746500000, 0x0000000746500000| Complete 
| 182|0x0000000746600000, 0x0000000746700000, 0x0000000746700000|100%| E|CS|TAMS 0x0000000746600000, 0x0000000746600000| Complete 
| 183|0x0000000746700000, 0x0000000746800000, 0x0000000746800000|100%| E|CS|TAMS 0x0000000746700000, 0x0000000746700000| Complete 
| 184|0x0000000746800000, 0x0000000746900000, 0x0000000746900000|100%| E|CS|TAMS 0x0000000746800000, 0x0000000746800000| Complete 
| 185|0x0000000746900000, 0x0000000746a00000, 0x0000000746a00000|100%| E|CS|TAMS 0x0000000746900000, 0x0000000746900000| Complete 
| 186|0x0000000746a00000, 0x0000000746b00000, 0x0000000746b00000|100%| E|CS|TAMS 0x0000000746a00000, 0x0000000746a00000| Complete 
| 187|0x0000000746b00000, 0x0000000746c00000, 0x0000000746c00000|100%| E|CS|TAMS 0x0000000746b00000, 0x0000000746b00000| Complete 
| 188|0x0000000746c00000, 0x0000000746cfffd0, 0x0000000746d00000| 99%| E|  |TAMS 0x0000000746c00000, 0x0000000746c00000| Complete 
| 189|0x0000000746d00000, 0x0000000746e00000, 0x0000000746e00000|100%| E|CS|TAMS 0x0000000746d00000, 0x0000000746d00000| Complete 
| 190|0x0000000746e00000, 0x0000000746f00000, 0x0000000746f00000|100%| E|CS|TAMS 0x0000000746e00000, 0x0000000746e00000| Complete 
| 191|0x0000000746f00000, 0x0000000747000000, 0x0000000747000000|100%| E|CS|TAMS 0x0000000746f00000, 0x0000000746f00000| Complete 
| 192|0x0000000747000000, 0x0000000747100000, 0x0000000747100000|100%| E|CS|TAMS 0x0000000747000000, 0x0000000747000000| Complete 
| 193|0x0000000747100000, 0x0000000747200000, 0x0000000747200000|100%| E|CS|TAMS 0x0000000747100000, 0x0000000747100000| Complete 
| 194|0x0000000747200000, 0x0000000747300000, 0x0000000747300000|100%| E|CS|TAMS 0x0000000747200000, 0x0000000747200000| Complete 
| 195|0x0000000747300000, 0x0000000747400000, 0x0000000747400000|100%| E|CS|TAMS 0x0000000747300000, 0x0000000747300000| Complete 
| 196|0x0000000747400000, 0x0000000747500000, 0x0000000747500000|100%| E|CS|TAMS 0x0000000747400000, 0x0000000747400000| Complete 
| 197|0x0000000747500000, 0x0000000747600000, 0x0000000747600000|100%| E|CS|TAMS 0x0000000747500000, 0x0000000747500000| Complete 
|2126|0x00000007bfe00000, 0x00000007bfe48000, 0x00000007bff00000| 28%|OA|  |TAMS 0x00000007bfe00000, 0x00000007bfe00000| Untracked 
|2127|0x00000007bff00000, 0x00000007bff6b000, 0x00000007c0000000| 41%|CA|  |TAMS 0x00000007bff00000, 0x00000007bff00000| Untracked 

Card table byte_map: [0x00007fdd8d0c3000,0x00007fdd8d6eb000] _byte_map_base: 0x00007fdd896eb000

Marking Bits (Prev, Next): (CMBitMap*) 0x00007fdd8806d4f8, (CMBitMap*) 0x00007fdd8806d530
 Prev Bits: [0x00007fdd68ec0000, 0x00007fdd6c000000)
 Next Bits: [0x00007fdd65d80000, 0x00007fdd68ec0000)

Polling page: 0x00007fdd901b8000

Metaspace:

Usage:
  Non-class:      5.80 MB capacity,     3.07 MB ( 53%) used,     2.72 MB ( 47%) free+waste,     4.31 KB ( <1%) overhead. 
      Class:    700.00 KB capacity,   404.38 KB ( 58%) used,   293.50 KB ( 42%) free+waste,     2.12 KB ( <1%) overhead. 
       Both:      6.48 MB capacity,     3.47 MB ( 53%) used,     3.01 MB ( 46%) free+waste,     6.44 KB ( <1%) overhead. 

Virtual space:
  Non-class space:        8.00 MB reserved,       6.00 MB ( 75%) committed 
      Class space:        1.00 GB reserved,     768.00 KB ( <1%) committed 
             Both:        1.01 GB reserved,       6.75 MB ( <1%) committed 

Chunk freelists:
   Non-Class:  12.00 KB
       Class:  4.00 KB
        Both:  16.00 KB

MaxMetaspaceSize: unlimited
CompressedClassSpaceSize: 1.00 GB
Initial GC threshold: 20.80 MB
Current GC threshold: 20.80 MB
CDS: on

CodeHeap 'non-profiled nmethods': size=120032Kb used=197Kb max_used=197Kb free=119834Kb
 bounds [0x00007fdd782c5000, 0x00007fdd78535000, 0x00007fdd7f7fd000]
CodeHeap 'profiled nmethods': size=120028Kb used=1275Kb max_used=1275Kb free=118752Kb
 bounds [0x00007fdd70d8e000, 0x00007fdd70ffe000, 0x00007fdd782c5000]
CodeHeap 'non-nmethods': size=5700Kb used=1147Kb max_used=1166Kb free=4552Kb
 bounds [0x00007fdd707fd000, 0x00007fdd70a6d000, 0x00007fdd70d8e000]
 total_blobs=1081 nmethods=686 adapters=309
 compilation: enabled
              stopped_count=0, restarted_count=0
 full_count=0

Compilation events (20 events):
Event: 0.232 Thread 0x00007fdd8819f000  679       3       java.net.URLStreamHandler::toExternalForm (156 bytes)
Event: 0.234 Thread 0x00007fdd8819f000 nmethod 679 0x00007fdd70ec4590 code [0x00007fdd70ec4a40, 0x00007fdd70ec6ab0]
Event: 0.234 Thread 0x00007fdd8819f000  680   !   3       jdk.internal.loader.URLClassPath$JarLoader::checkResource (78 bytes)
Event: 0.234 Thread 0x00007fdd8819f000 nmethod 680 0x00007fdd70ec7490 code [0x00007fdd70ec76e0, 0x00007fdd70ec8100]
Event: 0.234 Thread 0x00007fdd8819f000  682       3       sun.reflect.annotation.AnnotationInvocationHandler::invoke (178 bytes)
Event: 0.235 Thread 0x00007fdd8819f000 nmethod 682 0x00007fdd70ec8590 code [0x00007fdd70ec88a0, 0x00007fdd70ec9a00]
Event: 0.235 Thread 0x00007fdd8819f000  683       3       java.util.regex.Pattern::has (15 bytes)
Event: 0.235 Thread 0x00007fdd8819f000 nmethod 683 0x00007fdd70ec9f90 code [0x00007fdd70eca140, 0x00007fdd70eca2b0]
Event: 0.235 Thread 0x00007fdd8819f000  681       1       sun.nio.fs.NativeBuffer::address (5 bytes)
Event: 0.235 Thread 0x00007fdd8819f000 nmethod 681 0x00007fdd782f3a90 code [0x00007fdd782f3c40, 0x00007fdd782f3d10]
Event: 0.236 Thread 0x00007fdd8819f000  685       3       java.lang.ClassLoader::definePackage (84 bytes)
Event: 0.237 Thread 0x00007fdd8819f000 nmethod 685 0x00007fdd70eca310 code [0x00007fdd70eca620, 0x00007fdd70ecb7b0]
Event: 0.237 Thread 0x00007fdd8819f000  686       3       java.lang.Package::isSealed (26 bytes)
Event: 0.237 Thread 0x00007fdd8819f000 nmethod 686 0x00007fdd70ecbd10 code [0x00007fdd70ecbee0, 0x00007fdd70ecc210]
Event: 0.237 Thread 0x00007fdd8819f000  687       3       java.nio.ByteBuffer::arrayOffset (35 bytes)
Event: 0.237 Thread 0x00007fdd8819f000 nmethod 687 0x00007fdd70ecc310 code [0x00007fdd70ecc4e0, 0x00007fdd70ecc7d0]
Event: 0.237 Thread 0x00007fdd8819f000  688       3       java.nio.CharBuffer::arrayOffset (35 bytes)
Event: 0.237 Thread 0x00007fdd8819f000 nmethod 688 0x00007fdd70ecc910 code [0x00007fdd70eccae0, 0x00007fdd70eccdd0]
Event: 0.238 Thread 0x00007fdd3829a800 nmethod 626 0x00007fdd782f3d90 code [0x00007fdd782f3fa0, 0x00007fdd782f5538]
Event: 0.238 Thread 0x00007fdd3829a800  684       4       java.lang.String::indexOf (7 bytes)

GC Heap History (0 events):
No events

Deoptimization events (12 events):
Event: 0.129 Thread 0x00007fdd88016800 Uncommon trap: trap_request=0xffffff4d fr.pc=0x00007fdd782d1e20 relative=0x0000000000000360
Event: 0.129 Thread 0x00007fdd88016800 Uncommon trap: reason=unstable_if action=reinterpret pc=0x00007fdd782d1e20 method=java.lang.StringLatin1.indexOf([BI[BII)I @ 91 c2
Event: 0.129 Thread 0x00007fdd88016800 DEOPT PACKING pc=0x00007fdd782d1e20 sp=0x00007fdd8e96fa60
Event: 0.129 Thread 0x00007fdd88016800 DEOPT UNPACKING pc=0x00007fdd708052a5 sp=0x00007fdd8e96f9e0 mode 2
Event: 0.130 Thread 0x00007fdd88016800 DEOPT PACKING pc=0x00007fdd70da8dc3 sp=0x00007fdd8e96cd30
Event: 0.130 Thread 0x00007fdd88016800 DEOPT UNPACKING pc=0x00007fdd708469fa sp=0x00007fdd8e96c220 mode 0
Event: 0.145 Thread 0x00007fdd88016800 Uncommon trap: trap_request=0xffffff4d fr.pc=0x00007fdd782d258c relative=0x000000000000024c
Event: 0.145 Thread 0x00007fdd88016800 Uncommon trap: reason=unstable_if action=reinterpret pc=0x00007fdd782d258c method=java.lang.String.startsWith(Ljava/lang/String;I)Z @ 14 c2
Event: 0.145 Thread 0x00007fdd88016800 DEOPT PACKING pc=0x00007fdd782d258c sp=0x00007fdd8e9714d0
Event: 0.145 Thread 0x00007fdd88016800 DEOPT UNPACKING pc=0x00007fdd708052a5 sp=0x00007fdd8e971458 mode 2
Event: 0.145 Thread 0x00007fdd88016800 DEOPT PACKING pc=0x00007fdd70e333c2 sp=0x00007fdd8e9707a0
Event: 0.145 Thread 0x00007fdd88016800 DEOPT UNPACKING pc=0x00007fdd708469fa sp=0x00007fdd8e96fc28 mode 0

Classes redefined (0 events):
No events

Internal exceptions (20 events):
Event: 0.130 Thread 0x00007fdd88016800 Exception <a 'java/security/PrivilegedActionException'{0x00000007471361a0}> (0x00000007471361a0) thrown at [src/hotspot/share/prims/jvm.cpp, line 1304]
Event: 0.130 Thread 0x00007fdd88016800 Exception <a 'java/security/PrivilegedActionException'{0x0000000747136470}> (0x0000000747136470) thrown at [src/hotspot/share/prims/jvm.cpp, line 1304]
Event: 0.130 Thread 0x00007fdd88016800 Exception <a 'java/security/PrivilegedActionException'{0x0000000747136f38}> (0x0000000747136f38) thrown at [src/hotspot/share/prims/jvm.cpp, line 1304]
Event: 0.130 Thread 0x00007fdd88016800 Exception <a 'java/security/PrivilegedActionException'{0x0000000747137208}> (0x0000000747137208) thrown at [src/hotspot/share/prims/jvm.cpp, line 1304]
Event: 0.130 Thread 0x00007fdd88016800 Exception <a 'java/security/PrivilegedActionException'{0x0000000747137cd8}> (0x0000000747137cd8) thrown at [src/hotspot/share/prims/jvm.cpp, line 1304]
Event: 0.130 Thread 0x00007fdd88016800 Exception <a 'java/security/PrivilegedActionException'{0x0000000747137fa8}> (0x0000000747137fa8) thrown at [src/hotspot/share/prims/jvm.cpp, line 1304]
Event: 0.130 Thread 0x00007fdd88016800 Exception <a 'java/security/PrivilegedActionException'{0x0000000747138a78}> (0x0000000747138a78) thrown at [src/hotspot/share/prims/jvm.cpp, line 1304]
Event: 0.130 Thread 0x00007fdd88016800 Exception <a 'java/security/PrivilegedActionException'{0x0000000747138d48}> (0x0000000747138d48) thrown at [src/hotspot/share/prims/jvm.cpp, line 1304]
Event: 0.130 Thread 0x00007fdd88016800 Exception <a 'java/security/PrivilegedActionException'{0x0000000747139838}> (0x0000000747139838) thrown at [src/hotspot/share/prims/jvm.cpp, line 1304]
Event: 0.130 Thread 0x00007fdd88016800 Exception <a 'java/security/PrivilegedActionException'{0x0000000747139b08}> (0x0000000747139b08) thrown at [src/hotspot/share/prims/jvm.cpp, line 1304]
Event: 0.130 Thread 0x00007fdd88016800 Exception <a 'java/security/PrivilegedActionException'{0x000000074713a5d8}> (0x000000074713a5d8) thrown at [src/hotspot/share/prims/jvm.cpp, line 1304]
Event: 0.130 Thread 0x00007fdd88016800 Exception <a 'java/security/PrivilegedActionException'{0x000000074713a8a8}> (0x000000074713a8a8) thrown at [src/hotspot/share/prims/jvm.cpp, line 1304]
Event: 0.130 Thread 0x00007fdd88016800 Exception <a 'java/security/PrivilegedActionException'{0x000000074713b3a0}> (0x000000074713b3a0) thrown at [src/hotspot/share/prims/jvm.cpp, line 1304]
Event: 0.130 Thread 0x00007fdd88016800 Exception <a 'java/security/PrivilegedActionException'{0x000000074713b670}> (0x000000074713b670) thrown at [src/hotspot/share/prims/jvm.cpp, line 1304]
Event: 0.149 Thread 0x00007fdd88016800 Exception <a 'java/lang/NoSuchMethodError'{0x00000007470cf970}: 'int java.lang.invoke.DirectMethodHandle$Holder.invokeStaticInit(java.lang.Object, java.lang.Object, java.lang.Object, java.lang.Object)'> (0x00000007470cf970) thrown at [src/hotspot/share/interpreter/linkResolver.cpp, line 772]
Event: 0.150 Thread 0x00007fdd88016800 Exception <a 'java/lang/IncompatibleClassChangeError'{0x00000007470d9e58}: Found class java.lang.Object, but interface was expected> (0x00000007470d9e58) thrown at [src/hotspot/share/interpreter/linkResolver.cpp, line 839]
Event: 0.151 Thread 0x00007fdd88016800 Exception <a 'java/lang/NoSuchMethodError'{0x00000007470dd0a8}: 'void java.lang.invoke.DirectMethodHandle$Holder.invokeStaticInit(java.lang.Object, java.lang.Object)'> (0x00000007470dd0a8) thrown at [src/hotspot/share/interpreter/linkResolver.cpp, line 772]
Event: 0.151 Thread 0x00007fdd88016800 Exception <a 'java/lang/NoSuchMethodError'{0x00000007470e2df8}: 'int java.lang.invoke.DirectMethodHandle$Holder.invokeStaticInit(java.lang.Object, java.lang.Object)'> (0x00000007470e2df8) thrown at [src/hotspot/share/interpreter/linkResolver.cpp, line 772]
Event: 0.181 Thread 0x00007fdd88016800 Exception <a 'java/security/PrivilegedActionException'{0x0000000746e683a8}> (0x0000000746e683a8) thrown at [src/hotspot/share/prims/jvm.cpp, line 1304]
Event: 0.181 Thread 0x00007fdd88016800 Exception <a 'java/security/PrivilegedActionException'{0x0000000746e68678}> (0x0000000746e68678) thrown at [src/hotspot/share/prims/jvm.cpp, line 1304]

Events (20 events):
Event: 0.236 loading class symtable/symbol/BaseSymbol
Event: 0.236 loading class symtable/symbol/BaseSymbol done
Event: 0.236 loading class symtable/type/BaseType
Event: 0.236 loading class symtable/type/BaseType done
Event: 0.236 loading class symtable/symbol/VariableSymbol
Event: 0.236 loading class symtable/symbol/VariableSymbol done
Event: 0.236 loading class symtable/type/ArrayType
Event: 0.236 loading class symtable/type/ArrayType done
Event: 0.237 loading class org/bytedeco/javacpp/PointerScope
Event: 0.237 loading class org/bytedeco/javacpp/PointerScope done
Event: 0.237 loading class org/bytedeco/javacpp/PointerScope$1
Event: 0.237 loading class org/bytedeco/javacpp/PointerScope$1 done
Event: 0.238 loading class symtable/scope/FunctionScope
Event: 0.238 loading class symtable/scope/FunctionScope done
Event: 0.238 loading class symtable/type/FunctionType
Event: 0.238 loading class symtable/type/FunctionType done
Event: 0.238 loading class symtable/symbol/FunctionSymbol
Event: 0.238 loading class symtable/symbol/FunctionSymbol done
Event: 0.238 loading class symtable/scope/LocalScope
Event: 0.238 loading class symtable/scope/LocalScope done


Dynamic libraries:
73b000000-747600000 rw-p 00000000 00:00 0 
747600000-7bfe00000 ---p 00000000 00:00 0 
7bfe00000-7bfe48000 rw-p 00b0a000 08:10 51914                            /usr/lib/jvm/java-11-openjdk-amd64/lib/server/classes.jsa
7bfe48000-7bff00000 rw-p 00000000 00:00 0 
7bff00000-7bff6b000 rw-p 00a9f000 08:10 51914                            /usr/lib/jvm/java-11-openjdk-amd64/lib/server/classes.jsa
7bff6b000-7c0000000 rw-p 00000000 00:00 0 
7c0000000-800000000 ---p 00000000 00:00 0 
800000000-800002000 rwxp 00001000 08:10 51914                            /usr/lib/jvm/java-11-openjdk-amd64/lib/server/classes.jsa
800002000-8003cc000 rw-p 00003000 08:10 51914                            /usr/lib/jvm/java-11-openjdk-amd64/lib/server/classes.jsa
8003cc000-800a9d000 r--p 003cd000 08:10 51914                            /usr/lib/jvm/java-11-openjdk-amd64/lib/server/classes.jsa
800a9d000-800a9e000 rw-p 00a9e000 08:10 51914                            /usr/lib/jvm/java-11-openjdk-amd64/lib/server/classes.jsa
840000000-8400c0000 rw-p 00000000 00:00 0 
8400c0000-880000000 ---p 00000000 00:00 0 
56160f7cc000-56160f7cd000 r--p 00000000 08:10 51492                      /usr/lib/jvm/java-11-openjdk-amd64/bin/java
56160f7cd000-56160f7ce000 r-xp 00001000 08:10 51492                      /usr/lib/jvm/java-11-openjdk-amd64/bin/java
56160f7ce000-56160f7cf000 r--p 00002000 08:10 51492                      /usr/lib/jvm/java-11-openjdk-amd64/bin/java
56160f7cf000-56160f7d0000 r--p 00002000 08:10 51492                      /usr/lib/jvm/java-11-openjdk-amd64/bin/java
56160f7d0000-56160f7d1000 rw-p 00003000 08:10 51492                      /usr/lib/jvm/java-11-openjdk-amd64/bin/java
56161056b000-56161058c000 rw-p 00000000 00:00 0                          [heap]
7fdd1552c000-7fdd15e52000 r--p 00000000 08:10 59050                      /root/.javacpp/cache/llvm-13.0.1-1.5.7-linux-x86_64.jar/org/bytedeco/llvm/linux-x86_64/libLLVM-13.so
7fdd15e52000-7fdd19815000 r-xp 00926000 08:10 59050                      /root/.javacpp/cache/llvm-13.0.1-1.5.7-linux-x86_64.jar/org/bytedeco/llvm/linux-x86_64/libLLVM-13.so
7fdd19815000-7fdd1ba6a000 r--p 042e9000 08:10 59050                      /root/.javacpp/cache/llvm-13.0.1-1.5.7-linux-x86_64.jar/org/bytedeco/llvm/linux-x86_64/libLLVM-13.so
7fdd1ba6a000-7fdd1bf7f000 r--p 0653d000 08:10 59050                      /root/.javacpp/cache/llvm-13.0.1-1.5.7-linux-x86_64.jar/org/bytedeco/llvm/linux-x86_64/libLLVM-13.so
7fdd1bf7f000-7fdd1bf8a000 rw-p 06a52000 08:10 59050                      /root/.javacpp/cache/llvm-13.0.1-1.5.7-linux-x86_64.jar/org/bytedeco/llvm/linux-x86_64/libLLVM-13.so
7fdd1bf8a000-7fdd1c000000 rw-p 00000000 00:00 0 
7fdd1c000000-7fdd1c0c2000 rw-p 00000000 00:00 0 
7fdd1c0c2000-7fdd20000000 ---p 00000000 00:00 0 
7fdd20000000-7fdd200dd000 rw-p 00000000 00:00 0 
7fdd200dd000-7fdd24000000 ---p 00000000 00:00 0 
7fdd24000000-7fdd24021000 rw-p 00000000 00:00 0 
7fdd24021000-7fdd28000000 ---p 00000000 00:00 0 
7fdd28000000-7fdd28021000 rw-p 00000000 00:00 0 
7fdd28021000-7fdd2c000000 ---p 00000000 00:00 0 
7fdd2c000000-7fdd2c021000 rw-p 00000000 00:00 0 
7fdd2c021000-7fdd30000000 ---p 00000000 00:00 0 
7fdd30000000-7fdd30021000 rw-p 00000000 00:00 0 
7fdd30021000-7fdd34000000 ---p 00000000 00:00 0 
7fdd34000000-7fdd34400000 rw-p 00000000 00:00 0 
7fdd34400000-7fdd38000000 ---p 00000000 00:00 0 
7fdd38000000-7fdd38319000 rw-p 00000000 00:00 0 
7fdd38319000-7fdd3c000000 ---p 00000000 00:00 0 
7fdd3c000000-7fdd3c021000 rw-p 00000000 00:00 0 
7fdd3c021000-7fdd40000000 ---p 00000000 00:00 0 
7fdd40000000-7fdd40021000 rw-p 00000000 00:00 0 
7fdd40021000-7fdd44000000 ---p 00000000 00:00 0 
7fdd44000000-7fdd44021000 rw-p 00000000 00:00 0 
7fdd44021000-7fdd48000000 ---p 00000000 00:00 0 
7fdd48000000-7fdd48021000 rw-p 00000000 00:00 0 
7fdd48021000-7fdd4c000000 ---p 00000000 00:00 0 
7fdd4c000000-7fdd4c021000 rw-p 00000000 00:00 0 
7fdd4c021000-7fdd50000000 ---p 00000000 00:00 0 
7fdd50000000-7fdd50021000 rw-p 00000000 00:00 0 
7fdd50021000-7fdd54000000 ---p 00000000 00:00 0 
7fdd54000000-7fdd54021000 rw-p 00000000 00:00 0 
7fdd54021000-7fdd58000000 ---p 00000000 00:00 0 
7fdd58000000-7fdd58021000 rw-p 00000000 00:00 0 
7fdd58021000-7fdd5c000000 ---p 00000000 00:00 0 
7fdd5e000000-7fdd60000000 rw-p 00000000 00:00 0 
7fdd60000000-7fdd60021000 rw-p 00000000 00:00 0 
7fdd60021000-7fdd64000000 ---p 00000000 00:00 0 
7fdd646bb000-7fdd64720000 r--p 00000000 08:10 59056                      /root/.javacpp/cache/llvm-13.0.1-1.5.7-linux-x86_64.jar/org/bytedeco/llvm/linux-x86_64/libjniLLVM.so
7fdd64720000-7fdd6478e000 r-xp 00065000 08:10 59056                      /root/.javacpp/cache/llvm-13.0.1-1.5.7-linux-x86_64.jar/org/bytedeco/llvm/linux-x86_64/libjniLLVM.so
7fdd6478e000-7fdd647b9000 r--p 000d3000 08:10 59056                      /root/.javacpp/cache/llvm-13.0.1-1.5.7-linux-x86_64.jar/org/bytedeco/llvm/linux-x86_64/libjniLLVM.so
7fdd647b9000-7fdd647bc000 r--p 000fd000 08:10 59056                      /root/.javacpp/cache/llvm-13.0.1-1.5.7-linux-x86_64.jar/org/bytedeco/llvm/linux-x86_64/libjniLLVM.so
7fdd647bc000-7fdd647bf000 rw-p 00100000 08:10 59056                      /root/.javacpp/cache/llvm-13.0.1-1.5.7-linux-x86_64.jar/org/bytedeco/llvm/linux-x86_64/libjniLLVM.so
7fdd647bf000-7fdd647c1000 rw-p 00000000 00:00 0 
7fdd647c1000-7fdd647c8000 r--p 00000000 08:10 59052                      /root/.javacpp/cache/llvm-13.0.1-1.5.7-linux-x86_64.jar/org/bytedeco/llvm/linux-x86_64/libLTO.so.13
7fdd647c8000-7fdd647d0000 r-xp 00007000 08:10 59052                      /root/.javacpp/cache/llvm-13.0.1-1.5.7-linux-x86_64.jar/org/bytedeco/llvm/linux-x86_64/libLTO.so.13
7fdd647d0000-7fdd647d2000 r--p 0000f000 08:10 59052                      /root/.javacpp/cache/llvm-13.0.1-1.5.7-linux-x86_64.jar/org/bytedeco/llvm/linux-x86_64/libLTO.so.13
7fdd647d2000-7fdd647d3000 r--p 00010000 08:10 59052                      /root/.javacpp/cache/llvm-13.0.1-1.5.7-linux-x86_64.jar/org/bytedeco/llvm/linux-x86_64/libLTO.so.13
7fdd647d3000-7fdd647d4000 rw-p 00011000 08:10 59052                      /root/.javacpp/cache/llvm-13.0.1-1.5.7-linux-x86_64.jar/org/bytedeco/llvm/linux-x86_64/libLTO.so.13
7fdd647d4000-7fdd647d8000 ---p 00000000 00:00 0 
7fdd647d8000-7fdd648d5000 rw-p 00000000 00:00 0 
7fdd648d5000-7fdd648d9000 ---p 00000000 00:00 0 
7fdd648d9000-7fdd649d6000 rw-p 00000000 00:00 0 
7fdd649d6000-7fdd649da000 ---p 00000000 00:00 0 
7fdd649da000-7fdd64b08000 rw-p 00000000 00:00 0 
7fdd64b08000-7fdd64b0c000 r--p 00000000 08:10 51641                      /usr/lib/jvm/java-11-openjdk-amd64/lib/libnet.so
7fdd64b0c000-7fdd64b1a000 r-xp 00004000 08:10 51641                      /usr/lib/jvm/java-11-openjdk-amd64/lib/libnet.so
7fdd64b1a000-7fdd64b1e000 r--p 00012000 08:10 51641                      /usr/lib/jvm/java-11-openjdk-amd64/lib/libnet.so
7fdd64b1e000-7fdd64b1f000 r--p 00015000 08:10 51641                      /usr/lib/jvm/java-11-openjdk-amd64/lib/libnet.so
7fdd64b1f000-7fdd64b20000 rw-p 00016000 08:10 51641                      /usr/lib/jvm/java-11-openjdk-amd64/lib/libnet.so
7fdd64b20000-7fdd64b24000 ---p 00000000 00:00 0 
7fdd64b24000-7fdd64c21000 rw-p 00000000 00:00 0 
7fdd64c21000-7fdd64c22000 ---p 00000000 00:00 0 
7fdd64c22000-7fdd64d23000 rw-p 00000000 00:00 0 
7fdd64d23000-7fdd64d27000 ---p 00000000 00:00 0 
7fdd64d27000-7fdd64e24000 rw-p 00000000 00:00 0 
7fdd64e24000-7fdd64e28000 ---p 00000000 00:00 0 
7fdd64e28000-7fdd64f25000 rw-p 00000000 00:00 0 
7fdd64f25000-7fdd64f29000 ---p 00000000 00:00 0 
7fdd64f29000-7fdd65026000 rw-p 00000000 00:00 0 
7fdd65026000-7fdd6502a000 ---p 00000000 00:00 0 
7fdd6502a000-7fdd65127000 rw-p 00000000 00:00 0 
7fdd65127000-7fdd6529a000 r--p 00000000 08:10 12354                      /usr/lib/locale/C.UTF-8/LC_COLLATE
7fdd6529a000-7fdd65580000 r--p 00000000 08:10 4119                       /usr/lib/locale/locale-archive
7fdd65580000-7fdd65b80000 rw-p 00000000 00:00 0 
7fdd65b80000-7fdd65d80000 ---p 00000000 00:00 0 
7fdd65d80000-7fdd66098000 rw-p 00000000 00:00 0 
7fdd66098000-7fdd67eb8000 ---p 00000000 00:00 0 
7fdd67eb8000-7fdd67ec0000 rw-p 00000000 00:00 0 
7fdd67ec0000-7fdd68ec0000 ---p 00000000 00:00 0 
7fdd68ec0000-7fdd691d8000 rw-p 00000000 00:00 0 
7fdd691d8000-7fdd6aff8000 ---p 00000000 00:00 0 
7fdd6aff8000-7fdd6b000000 rw-p 00000000 00:00 0 
7fdd6b000000-7fdd6c000000 ---p 00000000 00:00 0 
7fdd6c000000-7fdd6c021000 rw-p 00000000 00:00 0 
7fdd6c021000-7fdd70000000 ---p 00000000 00:00 0 
7fdd70006000-7fdd7000a000 r--p 00000000 08:10 59044                      /root/.javacpp/cache/javacpp-1.5.7-linux-x86_64.jar/org/bytedeco/javacpp/linux-x86_64/libjnijavacpp.so
7fdd7000a000-7fdd70011000 r-xp 00004000 08:10 59044                      /root/.javacpp/cache/javacpp-1.5.7-linux-x86_64.jar/org/bytedeco/javacpp/linux-x86_64/libjnijavacpp.so
7fdd70011000-7fdd70015000 r--p 0000b000 08:10 59044                      /root/.javacpp/cache/javacpp-1.5.7-linux-x86_64.jar/org/bytedeco/javacpp/linux-x86_64/libjnijavacpp.so
7fdd70015000-7fdd70016000 r--p 0000e000 08:10 59044                      /root/.javacpp/cache/javacpp-1.5.7-linux-x86_64.jar/org/bytedeco/javacpp/linux-x86_64/libjnijavacpp.so
7fdd70016000-7fdd70017000 rw-p 0000f000 08:10 59044                      /root/.javacpp/cache/javacpp-1.5.7-linux-x86_64.jar/org/bytedeco/javacpp/linux-x86_64/libjnijavacpp.so
7fdd70017000-7fdd7001b000 ---p 00000000 00:00 0 
7fdd7001b000-7fdd70118000 rw-p 00000000 00:00 0 
7fdd70118000-7fdd7011c000 ---p 00000000 00:00 0 
7fdd7011c000-7fdd70219000 rw-p 00000000 00:00 0 
7fdd70219000-7fdd7021d000 ---p 00000000 00:00 0 
7fdd7021d000-7fdd7031a000 rw-p 00000000 00:00 0 
7fdd7031a000-7fdd7031b000 ---p 00000000 00:00 0 
7fdd7031b000-7fdd704f8000 rw-p 00000000 00:00 0 
7fdd704f8000-7fdd704f9000 ---p 00000000 00:00 0 
7fdd704f9000-7fdd705fa000 rw-p 00000000 00:00 0 
7fdd705fa000-7fdd705fb000 ---p 00000000 00:00 0 
7fdd705fb000-7fdd707fd000 rw-p 00000000 00:00 0 
7fdd707fd000-7fdd70a6d000 rwxp 00000000 00:00 0 
7fdd70a6d000-7fdd70d8e000 ---p 00000000 00:00 0 
7fdd70d8e000-7fdd70ffe000 rwxp 00000000 00:00 0 
7fdd70ffe000-7fdd782c5000 ---p 00000000 00:00 0 
7fdd782c5000-7fdd78535000 rwxp 00000000 00:00 0 
7fdd78535000-7fdd7f7fd000 ---p 00000000 00:00 0 
7fdd7f7fd000-7fdd88000000 r--s 00000000 08:10 51651                      /usr/lib/jvm/java-11-openjdk-amd64/lib/modules
7fdd88000000-7fdd88545000 rw-p 00000000 00:00 0 
7fdd88545000-7fdd8c000000 ---p 00000000 00:00 0 
7fdd8c000000-7fdd8c001000 r--p 00000000 08:10 59054                      /root/.javacpp/cache/llvm-13.0.1-1.5.7-linux-x86_64.jar/org/bytedeco/llvm/linux-x86_64/libRemarks.so.13
7fdd8c001000-7fdd8c002000 r-xp 00001000 08:10 59054                      /root/.javacpp/cache/llvm-13.0.1-1.5.7-linux-x86_64.jar/org/bytedeco/llvm/linux-x86_64/libRemarks.so.13
7fdd8c002000-7fdd8c003000 r--p 00002000 08:10 59054                      /root/.javacpp/cache/llvm-13.0.1-1.5.7-linux-x86_64.jar/org/bytedeco/llvm/linux-x86_64/libRemarks.so.13
7fdd8c003000-7fdd8c004000 r--p 00002000 08:10 59054                      /root/.javacpp/cache/llvm-13.0.1-1.5.7-linux-x86_64.jar/org/bytedeco/llvm/linux-x86_64/libRemarks.so.13
7fdd8c004000-7fdd8c005000 rw-p 00003000 08:10 59054                      /root/.javacpp/cache/llvm-13.0.1-1.5.7-linux-x86_64.jar/org/bytedeco/llvm/linux-x86_64/libRemarks.so.13
7fdd8c005000-7fdd8c00c000 r--p 00000000 08:10 51642                      /usr/lib/jvm/java-11-openjdk-amd64/lib/libnio.so
7fdd8c00c000-7fdd8c014000 r-xp 00007000 08:10 51642                      /usr/lib/jvm/java-11-openjdk-amd64/lib/libnio.so
7fdd8c014000-7fdd8c017000 r--p 0000f000 08:10 51642                      /usr/lib/jvm/java-11-openjdk-amd64/lib/libnio.so
7fdd8c017000-7fdd8c018000 r--p 00011000 08:10 51642                      /usr/lib/jvm/java-11-openjdk-amd64/lib/libnio.so
7fdd8c018000-7fdd8c019000 rw-p 00012000 08:10 51642                      /usr/lib/jvm/java-11-openjdk-amd64/lib/libnio.so
7fdd8c019000-7fdd8c04b000 r--p 00000000 08:10 12355                      /usr/lib/locale/C.UTF-8/LC_CTYPE
7fdd8c04b000-7fdd8c04c000 r--p 00000000 08:10 12361                      /usr/lib/locale/C.UTF-8/LC_NUMERIC
7fdd8c04c000-7fdd8c04d000 r--p 00000000 08:10 12365                      /usr/lib/locale/C.UTF-8/LC_TIME
7fdd8c04d000-7fdd8c04e000 r--p 00000000 08:10 12359                      /usr/lib/locale/C.UTF-8/LC_MONETARY
7fdd8c04e000-7fdd8c04f000 r--p 00000000 08:10 12358                      /usr/lib/locale/C.UTF-8/LC_MESSAGES/SYS_LC_MESSAGES
7fdd8c04f000-7fdd8c050000 r--p 00000000 08:10 12363                      /usr/lib/locale/C.UTF-8/LC_PAPER
7fdd8c050000-7fdd8c051000 r--p 00000000 08:10 12360                      /usr/lib/locale/C.UTF-8/LC_NAME
7fdd8c051000-7fdd8c052000 r--p 00000000 08:10 12353                      /usr/lib/locale/C.UTF-8/LC_ADDRESS
7fdd8c052000-7fdd8c053000 r--p 00000000 08:10 12364                      /usr/lib/locale/C.UTF-8/LC_TELEPHONE
7fdd8c053000-7fdd8c05a000 r--s 00000000 08:10 47045                      /usr/lib/x86_64-linux-gnu/gconv/gconv-modules.cache
7fdd8c05a000-7fdd8c7cb000 rw-p 00000000 00:00 0 
7fdd8c7cb000-7fdd8c7cc000 ---p 00000000 00:00 0 
7fdd8c7cc000-7fdd8c8cd000 rw-p 00000000 00:00 0 
7fdd8c8cd000-7fdd8c8ce000 ---p 00000000 00:00 0 
7fdd8c8ce000-7fdd8cafe000 rw-p 00000000 00:00 0 
7fdd8cafe000-7fdd8cec2000 ---p 00000000 00:00 0 
7fdd8cec2000-7fdd8cec3000 rw-p 00000000 00:00 0 
7fdd8cec3000-7fdd8d0c3000 ---p 00000000 00:00 0 
7fdd8d0c3000-7fdd8d126000 rw-p 00000000 00:00 0 
7fdd8d126000-7fdd8d4ea000 ---p 00000000 00:00 0 
7fdd8d4ea000-7fdd8d4eb000 rw-p 00000000 00:00 0 
7fdd8d4eb000-7fdd8d6eb000 ---p 00000000 00:00 0 
7fdd8d6eb000-7fdd8d74e000 rw-p 00000000 00:00 0 
7fdd8d74e000-7fdd8db12000 ---p 00000000 00:00 0 
7fdd8db12000-7fdd8db13000 rw-p 00000000 00:00 0 
7fdd8db13000-7fdd8dd13000 ---p 00000000 00:00 0 
7fdd8dd13000-7fdd8e51b000 rw-p 00000000 00:00 0 
7fdd8e51b000-7fdd8e51c000 ---p 00000000 00:00 0 
7fdd8e51c000-7fdd8e622000 rw-p 00000000 00:00 0 
7fdd8e622000-7fdd8e708000 ---p 00000000 00:00 0 
7fdd8e708000-7fdd8e70d000 rw-p 00000000 00:00 0 
7fdd8e70d000-7fdd8e7f3000 ---p 00000000 00:00 0 
7fdd8e7f3000-7fdd8e7f8000 rw-p 00000000 00:00 0 
7fdd8e7f8000-7fdd8e7ff000 ---p 00000000 00:00 0 
7fdd8e7ff000-7fdd8e801000 r--p 00000000 08:10 51650                      /usr/lib/jvm/java-11-openjdk-amd64/lib/libzip.so
7fdd8e801000-7fdd8e806000 r-xp 00002000 08:10 51650                      /usr/lib/jvm/java-11-openjdk-amd64/lib/libzip.so
7fdd8e806000-7fdd8e808000 r--p 00007000 08:10 51650                      /usr/lib/jvm/java-11-openjdk-amd64/lib/libzip.so
7fdd8e808000-7fdd8e809000 r--p 00008000 08:10 51650                      /usr/lib/jvm/java-11-openjdk-amd64/lib/libzip.so
7fdd8e809000-7fdd8e80a000 rw-p 00009000 08:10 51650                      /usr/lib/jvm/java-11-openjdk-amd64/lib/libzip.so
7fdd8e80a000-7fdd8e80d000 r--p 00000000 08:10 44390                      /usr/lib/x86_64-linux-gnu/libnss_files-2.31.so
7fdd8e80d000-7fdd8e814000 r-xp 00003000 08:10 44390                      /usr/lib/x86_64-linux-gnu/libnss_files-2.31.so
7fdd8e814000-7fdd8e816000 r--p 0000a000 08:10 44390                      /usr/lib/x86_64-linux-gnu/libnss_files-2.31.so
7fdd8e816000-7fdd8e817000 r--p 0000b000 08:10 44390                      /usr/lib/x86_64-linux-gnu/libnss_files-2.31.so
7fdd8e817000-7fdd8e818000 rw-p 0000c000 08:10 44390                      /usr/lib/x86_64-linux-gnu/libnss_files-2.31.so
7fdd8e818000-7fdd8e81e000 rw-p 00000000 00:00 0 
7fdd8e81e000-7fdd8e81f000 r--p 00000000 08:10 12357                      /usr/lib/locale/C.UTF-8/LC_MEASUREMENT
7fdd8e81f000-7fdd8e821000 r--s 0000c000 08:10 23045                      /usr/share/java/java-atk-wrapper.jar
7fdd8e821000-7fdd8e829000 rw-s 00000000 08:10 53471                      /tmp/hsperfdata_root/12490
7fdd8e829000-7fdd8e837000 r--p 00000000 08:10 51630                      /usr/lib/jvm/java-11-openjdk-amd64/lib/libjava.so
7fdd8e837000-7fdd8e84d000 r-xp 0000e000 08:10 51630                      /usr/lib/jvm/java-11-openjdk-amd64/lib/libjava.so
7fdd8e84d000-7fdd8e854000 r--p 00024000 08:10 51630                      /usr/lib/jvm/java-11-openjdk-amd64/lib/libjava.so
7fdd8e854000-7fdd8e855000 r--p 0002a000 08:10 51630                      /usr/lib/jvm/java-11-openjdk-amd64/lib/libjava.so
7fdd8e855000-7fdd8e856000 rw-p 0002b000 08:10 51630                      /usr/lib/jvm/java-11-openjdk-amd64/lib/libjava.so
7fdd8e856000-7fdd8e857000 rw-p 00000000 00:00 0 
7fdd8e857000-7fdd8e85c000 r--p 00000000 08:10 51649                      /usr/lib/jvm/java-11-openjdk-amd64/lib/libverify.so
7fdd8e85c000-7fdd8e863000 r-xp 00005000 08:10 51649                      /usr/lib/jvm/java-11-openjdk-amd64/lib/libverify.so
7fdd8e863000-7fdd8e865000 r--p 0000c000 08:10 51649                      /usr/lib/jvm/java-11-openjdk-amd64/lib/libverify.so
7fdd8e865000-7fdd8e866000 ---p 0000e000 08:10 51649                      /usr/lib/jvm/java-11-openjdk-amd64/lib/libverify.so
7fdd8e866000-7fdd8e868000 r--p 0000e000 08:10 51649                      /usr/lib/jvm/java-11-openjdk-amd64/lib/libverify.so
7fdd8e868000-7fdd8e869000 rw-p 00010000 08:10 51649                      /usr/lib/jvm/java-11-openjdk-amd64/lib/libverify.so
7fdd8e869000-7fdd8e86b000 r--p 00000000 08:10 44399                      /usr/lib/x86_64-linux-gnu/librt-2.31.so
7fdd8e86b000-7fdd8e86f000 r-xp 00002000 08:10 44399                      /usr/lib/x86_64-linux-gnu/librt-2.31.so
7fdd8e86f000-7fdd8e871000 r--p 00006000 08:10 44399                      /usr/lib/x86_64-linux-gnu/librt-2.31.so
7fdd8e871000-7fdd8e872000 r--p 00007000 08:10 44399                      /usr/lib/x86_64-linux-gnu/librt-2.31.so
7fdd8e872000-7fdd8e873000 rw-p 00008000 08:10 44399                      /usr/lib/x86_64-linux-gnu/librt-2.31.so
7fdd8e873000-7fdd8e877000 ---p 00000000 00:00 0 
7fdd8e877000-7fdd8e974000 rw-p 00000000 00:00 0 
7fdd8e974000-7fdd8e977000 r--p 00000000 08:10 26920                      /usr/lib/x86_64-linux-gnu/libgcc_s.so.1
7fdd8e977000-7fdd8e989000 r-xp 00003000 08:10 26920                      /usr/lib/x86_64-linux-gnu/libgcc_s.so.1
7fdd8e989000-7fdd8e98d000 r--p 00015000 08:10 26920                      /usr/lib/x86_64-linux-gnu/libgcc_s.so.1
7fdd8e98d000-7fdd8e98e000 r--p 00018000 08:10 26920                      /usr/lib/x86_64-linux-gnu/libgcc_s.so.1
7fdd8e98e000-7fdd8e98f000 rw-p 00019000 08:10 26920                      /usr/lib/x86_64-linux-gnu/libgcc_s.so.1
7fdd8e98f000-7fdd8e99c000 r--p 00000000 08:10 44384                      /usr/lib/x86_64-linux-gnu/libm-2.31.so
7fdd8e99c000-7fdd8ea43000 r-xp 0000d000 08:10 44384                      /usr/lib/x86_64-linux-gnu/libm-2.31.so
7fdd8ea43000-7fdd8eadc000 r--p 000b4000 08:10 44384                      /usr/lib/x86_64-linux-gnu/libm-2.31.so
7fdd8eadc000-7fdd8eadd000 r--p 0014c000 08:10 44384                      /usr/lib/x86_64-linux-gnu/libm-2.31.so
7fdd8eadd000-7fdd8eade000 rw-p 0014d000 08:10 44384                      /usr/lib/x86_64-linux-gnu/libm-2.31.so
7fdd8eade000-7fdd8eb74000 r--p 00000000 08:10 27246                      /usr/lib/x86_64-linux-gnu/libstdc++.so.6.0.28
7fdd8eb74000-7fdd8ec65000 r-xp 00096000 08:10 27246                      /usr/lib/x86_64-linux-gnu/libstdc++.so.6.0.28
7fdd8ec65000-7fdd8ecae000 r--p 00187000 08:10 27246                      /usr/lib/x86_64-linux-gnu/libstdc++.so.6.0.28
7fdd8ecae000-7fdd8ecaf000 ---p 001d0000 08:10 27246                      /usr/lib/x86_64-linux-gnu/libstdc++.so.6.0.28
7fdd8ecaf000-7fdd8ecba000 r--p 001d0000 08:10 27246                      /usr/lib/x86_64-linux-gnu/libstdc++.so.6.0.28
7fdd8ecba000-7fdd8ecbd000 rw-p 001db000 08:10 27246                      /usr/lib/x86_64-linux-gnu/libstdc++.so.6.0.28
7fdd8ecbd000-7fdd8ecc0000 rw-p 00000000 00:00 0 
7fdd8ecc0000-7fdd8ef42000 r--p 00000000 08:10 51656                      /usr/lib/jvm/java-11-openjdk-amd64/lib/server/libjvm.so
7fdd8ef42000-7fdd8fbcb000 r-xp 00282000 08:10 51656                      /usr/lib/jvm/java-11-openjdk-amd64/lib/server/libjvm.so
7fdd8fbcb000-7fdd8fe28000 r--p 00f0b000 08:10 51656                      /usr/lib/jvm/java-11-openjdk-amd64/lib/server/libjvm.so
7fdd8fe28000-7fdd8fe29000 ---p 01168000 08:10 51656                      /usr/lib/jvm/java-11-openjdk-amd64/lib/server/libjvm.so
7fdd8fe29000-7fdd8feed000 r--p 01168000 08:10 51656                      /usr/lib/jvm/java-11-openjdk-amd64/lib/server/libjvm.so
7fdd8feed000-7fdd8ff28000 rw-p 0122c000 08:10 51656                      /usr/lib/jvm/java-11-openjdk-amd64/lib/server/libjvm.so
7fdd8ff28000-7fdd8ff81000 rw-p 00000000 00:00 0 
7fdd8ff81000-7fdd8ff87000 r--p 00000000 08:10 44396                      /usr/lib/x86_64-linux-gnu/libpthread-2.31.so
7fdd8ff87000-7fdd8ff98000 r-xp 00006000 08:10 44396                      /usr/lib/x86_64-linux-gnu/libpthread-2.31.so
7fdd8ff98000-7fdd8ff9e000 r--p 00017000 08:10 44396                      /usr/lib/x86_64-linux-gnu/libpthread-2.31.so
7fdd8ff9e000-7fdd8ff9f000 r--p 0001c000 08:10 44396                      /usr/lib/x86_64-linux-gnu/libpthread-2.31.so
7fdd8ff9f000-7fdd8ffa0000 rw-p 0001d000 08:10 44396                      /usr/lib/x86_64-linux-gnu/libpthread-2.31.so
7fdd8ffa0000-7fdd8ffa4000 rw-p 00000000 00:00 0 
7fdd8ffa4000-7fdd8ffa5000 r--p 00000000 08:10 44383                      /usr/lib/x86_64-linux-gnu/libdl-2.31.so
7fdd8ffa5000-7fdd8ffa7000 r-xp 00001000 08:10 44383                      /usr/lib/x86_64-linux-gnu/libdl-2.31.so
7fdd8ffa7000-7fdd8ffa8000 r--p 00003000 08:10 44383                      /usr/lib/x86_64-linux-gnu/libdl-2.31.so
7fdd8ffa8000-7fdd8ffa9000 r--p 00003000 08:10 44383                      /usr/lib/x86_64-linux-gnu/libdl-2.31.so
7fdd8ffa9000-7fdd8ffaa000 rw-p 00004000 08:10 44383                      /usr/lib/x86_64-linux-gnu/libdl-2.31.so
7fdd8ffaa000-7fdd8ffac000 r--p 00000000 08:10 11221                      /usr/lib/x86_64-linux-gnu/libz.so.1.2.11
7fdd8ffac000-7fdd8ffbd000 r-xp 00002000 08:10 11221                      /usr/lib/x86_64-linux-gnu/libz.so.1.2.11
7fdd8ffbd000-7fdd8ffc3000 r--p 00013000 08:10 11221                      /usr/lib/x86_64-linux-gnu/libz.so.1.2.11
7fdd8ffc3000-7fdd8ffc4000 ---p 00019000 08:10 11221                      /usr/lib/x86_64-linux-gnu/libz.so.1.2.11
7fdd8ffc4000-7fdd8ffc5000 r--p 00019000 08:10 11221                      /usr/lib/x86_64-linux-gnu/libz.so.1.2.11
7fdd8ffc5000-7fdd8ffc6000 rw-p 0001a000 08:10 11221                      /usr/lib/x86_64-linux-gnu/libz.so.1.2.11
7fdd8ffc6000-7fdd8ffe8000 r--p 00000000 08:10 44382                      /usr/lib/x86_64-linux-gnu/libc-2.31.so
7fdd8ffe8000-7fdd90160000 r-xp 00022000 08:10 44382                      /usr/lib/x86_64-linux-gnu/libc-2.31.so
7fdd90160000-7fdd901ae000 r--p 0019a000 08:10 44382                      /usr/lib/x86_64-linux-gnu/libc-2.31.so
7fdd901ae000-7fdd901b2000 r--p 001e7000 08:10 44382                      /usr/lib/x86_64-linux-gnu/libc-2.31.so
7fdd901b2000-7fdd901b4000 rw-p 001eb000 08:10 44382                      /usr/lib/x86_64-linux-gnu/libc-2.31.so
7fdd901b4000-7fdd901b8000 rw-p 00000000 00:00 0 
7fdd901b8000-7fdd901b9000 ---p 00000000 00:00 0 
7fdd901b9000-7fdd901ba000 r--p 00000000 00:00 0 
7fdd901ba000-7fdd901bc000 r--p 00000000 08:10 51633                      /usr/lib/jvm/java-11-openjdk-amd64/lib/libjimage.so
7fdd901bc000-7fdd901bf000 r-xp 00002000 08:10 51633                      /usr/lib/jvm/java-11-openjdk-amd64/lib/libjimage.so
7fdd901bf000-7fdd901c0000 r--p 00005000 08:10 51633                      /usr/lib/jvm/java-11-openjdk-amd64/lib/libjimage.so
7fdd901c0000-7fdd901c1000 ---p 00006000 08:10 51633                      /usr/lib/jvm/java-11-openjdk-amd64/lib/libjimage.so
7fdd901c1000-7fdd901c2000 r--p 00006000 08:10 51633                      /usr/lib/jvm/java-11-openjdk-amd64/lib/libjimage.so
7fdd901c2000-7fdd901c3000 rw-p 00007000 08:10 51633                      /usr/lib/jvm/java-11-openjdk-amd64/lib/libjimage.so
7fdd901c3000-7fdd901c6000 r--p 00000000 08:10 51615                      /usr/lib/jvm/java-11-openjdk-amd64/lib/jli/libjli.so
7fdd901c6000-7fdd901d0000 r-xp 00003000 08:10 51615                      /usr/lib/jvm/java-11-openjdk-amd64/lib/jli/libjli.so
7fdd901d0000-7fdd901d3000 r--p 0000d000 08:10 51615                      /usr/lib/jvm/java-11-openjdk-amd64/lib/jli/libjli.so
7fdd901d3000-7fdd901d4000 ---p 00010000 08:10 51615                      /usr/lib/jvm/java-11-openjdk-amd64/lib/jli/libjli.so
7fdd901d4000-7fdd901d5000 r--p 00010000 08:10 51615                      /usr/lib/jvm/java-11-openjdk-amd64/lib/jli/libjli.so
7fdd901d5000-7fdd901d6000 rw-p 00011000 08:10 51615                      /usr/lib/jvm/java-11-openjdk-amd64/lib/jli/libjli.so
7fdd901d6000-7fdd901d8000 rw-p 00000000 00:00 0 
7fdd901d8000-7fdd901d9000 r--p 00000000 08:10 44378                      /usr/lib/x86_64-linux-gnu/ld-2.31.so
7fdd901d9000-7fdd901fc000 r-xp 00001000 08:10 44378                      /usr/lib/x86_64-linux-gnu/ld-2.31.so
7fdd901fc000-7fdd90204000 r--p 00024000 08:10 44378                      /usr/lib/x86_64-linux-gnu/ld-2.31.so
7fdd90204000-7fdd90205000 r--p 00000000 08:10 12356                      /usr/lib/locale/C.UTF-8/LC_IDENTIFICATION
7fdd90205000-7fdd90206000 r--p 0002c000 08:10 44378                      /usr/lib/x86_64-linux-gnu/ld-2.31.so
7fdd90206000-7fdd90207000 rw-p 0002d000 08:10 44378                      /usr/lib/x86_64-linux-gnu/ld-2.31.so
7fdd90207000-7fdd90208000 rw-p 00000000 00:00 0 
7ffdc4737000-7ffdc4759000 rw-p 00000000 00:00 0                          [stack]
7ffdc4770000-7ffdc4774000 r--p 00000000 00:00 0                          [vvar]
7ffdc4774000-7ffdc4775000 r-xp 00000000 00:00 0                          [vdso]


VM Arguments:
jvm_args: -Dfile.encoding=UTF-8 
java_command: Main ./tests/test1.sysy ./tests/test1_ans.txt
java_class_path (initial): /root/CompilerLab/Lab/target/classes:/usr/local/lib/antlr-4.10.1-complete.jar:/root/.m2/repository/org/bytedeco/llvm-platform/13.0.1-1.5.7/llvm-platform-13.0.1-1.5.7.jar:/root/.m2/repository/org/bytedeco/javacpp-platform/1.5.7/javacpp-platform-1.5.7.jar:/root/.m2/repository/org/bytedeco/javacpp/1.5.7/javacpp-1.5.7.jar:/root/.m2/repository/org/bytedeco/javacpp/1.5.7/javacpp-1.5.7-android-arm.jar:/root/.m2/repository/org/bytedeco/javacpp/1.5.7/javacpp-1.5.7-android-arm64.jar:/root/.m2/repository/org/bytedeco/javacpp/1.5.7/javacpp-1.5.7-android-x86.jar:/root/.m2/repository/org/bytedeco/javacpp/1.5.7/javacpp-1.5.7-android-x86_64.jar:/root/.m2/repository/org/bytedeco/javacpp/1.5.7/javacpp-1.5.7-ios-arm64.jar:/root/.m2/repository/org/bytedeco/javacpp/1.5.7/javacpp-1.5.7-ios-x86_64.jar:/root/.m2/repository/org/bytedeco/javacpp/1.5.7/javacpp-1.5.7-linux-armhf.jar:/root/.m2/repository/org/bytedeco/javacpp/1.5.7/javacpp-1.5.7-linux-arm64.jar:/root/.m2/repository/org/bytedeco/javacpp/1.5.7/javacpp-1.5.7-linux-ppc64le.jar:/root/.m2/repository/org/bytedeco/javacpp/1.5.7/javacpp-1.5.7-linux-x86.jar:/root/.m2/repository/org/bytedeco/javacpp/1.5.7/javacpp-1.5.7-linux-x86_64.jar:/root/.m2/repository/org/bytedeco/javacpp/1.5.7/javacpp-1.5.7-macosx-arm64.jar:/root/.m2/repository/org/bytedeco/javacpp/1.5.7/javacpp-1.5.7-macosx-x86_64.jar:/root/.m2/repository/org/bytedeco/javacpp/1.5.7/javacpp-1.5.7-windows-x86.jar:/root/.m2/repository/org/bytedeco/javacpp/1.5.7/javacpp-1.5.7-windows-x86_64.jar:/root/.m2/repository/org/bytedeco/llvm/13.0.1-1.5.7/llvm-13.0.1-1.5.7.jar:/root/.m2/repository/org/bytedeco/llvm/13.0.1-1.5.7/llvm-13.0.1-1.5.7-linux-x86.jar:/root/.m2/repository/org/bytedeco/llvm/13.0.1-1.5.7/llvm-13.0.1-1.5.7-linux-x86_64.jar:/root/.m2/repository/org/bytedeco/llvm/13.0.1-1.5.7/llvm-13.0.1-1.5.7-linux-armhf.jar:/root/.m2/repository/org/bytedeco/llvm/13.0.1-1.5.7/llvm-13.0.1-1.5.7-linux-arm64.jar:/root/.m2/repository/org/bytedeco/llvm/13.0.1-1.5.7/llv
Launcher Type: SUN_STANDARD

[Global flags]
     intx CICompilerCount                          = 4                                         {product} {ergonomic}
     uint ConcGCThreads                            = 2                                         {product} {ergonomic}
     uint G1ConcRefinementThreads                  = 8                                         {product} {ergonomic}
   size_t G1HeapRegionSize                         = 1048576                                   {product} {ergonomic}
    uintx GCDrainStackTargetSize                   = 64                                        {product} {ergonomic}
   size_t InitialHeapSize                          = 207618048                                 {product} {ergonomic}
   size_t MarkStackSize                            = 4194304                                   {product} {ergonomic}
   size_t MaxHeapSize                              = 3305111552                                {product} {ergonomic}
   size_t MaxNewSize                               = 1982857216                                {product} {ergonomic}
   size_t MinHeapDeltaBytes                        = 1048576                                   {product} {ergonomic}
    uintx NonNMethodCodeHeapSize                   = 5836300                                {pd product} {ergonomic}
    uintx NonProfiledCodeHeapSize                  = 122910970                              {pd product} {ergonomic}
    uintx ProfiledCodeHeapSize                     = 122910970                              {pd product} {ergonomic}
    uintx ReservedCodeCacheSize                    = 251658240                              {pd product} {ergonomic}
     bool SegmentedCodeCache                       = true                                      {product} {ergonomic}
     bool UseCompressedClassPointers               = true                                 {lp64_product} {ergonomic}
     bool UseCompressedOops                        = true                                 {lp64_product} {ergonomic}
     bool UseG1GC                                  = true                                      {product} {ergonomic}

Logging:
Log output configuration:
 #0: stdout all=warning uptime,level,tags
 #1: stderr all=off uptime,level,tags

Environment Variables:
PATH=/usr/local/sbin:/usr/local/bin:/usr/sbin:/usr/bin:/sbin:/bin:/usr/games:/usr/local/games:/usr/lib/wsl/lib:/mnt/c/Program Files (x86)/Common Files/Oracle/Java/javapath:/mnt/c/Python310/Scripts/:/mnt/c/Python310/:/mnt/c/Program Files/MySQL/MySQL Server 8.0/bin:/mnt/c/Windows/system32:/mnt/c/Windows:/mnt/c/Windows/System32/Wbem:/mnt/c/Windows/System32/WindowsPowerShell/v1.0/:/mnt/c/Windows/System32/OpenSSH/:/mnt/c/ProgramData/chocolatey/bin:/mnt/c/Program Files/Pandoc/:/mnt/d//Ne:/mnt/d/Applications/mingw-w64/x86_64-8.1.0-release-win32-seh-rt_v6-rev0/bin:/mnt/c/Program Files/Java/jdk-15.0.2/bin:/mnt/c/Program Files/Java/jdk-15.0.2/jre/bin:/mnt/d/Applications/scala/bin:/mnt/d/Applications/scala/jre/bin:/mnt/d/Applications/Prince/engine/bin:/mnt/d/Applications/Maven/apache-maven-3.8.6/bin:/mnt/c/Program Files/Git/cmd:/mnt/d//Tencent/web/dll:/mnt/d/Applications/nodejs/:/mnt/c/Users/20125/AppData/Local/Programs/Python/Python38/Scripts/:/mnt/c/Users/20125/AppData/Local/Programs/Python/Python38/:/mnt/c/Users/20125/AppData/Local/Microsoft/WindowsApps:/mnt/c/Program Files/JetBrains/IntelliJ IDEA 2021.3/bin:/mnt/c/Program Files/JetBrains/PyCharm 2021.3.1/bin:/mnt/d//JetBrains/WebStorm 2021.3.1/bin:/mnt/d//JetBrains/CLion 2021.3.2/bin:/mnt/c/Users/20125/AppData/Local/GitHubDesktop/bin:/mnt/d//JetBrains/DataGrip 2021.3.4/bin:/mnt/d/Applications/Microsoft VS Code/bin:/mnt/c/Users/20125/AppData/Local/JetBrains/Toolbox/scripts:/mnt/c/Program Files/jdk-15.0.2/jre/bin:/mnt/c/Program Files/jdk-15.0.2/bin:/mnt/c/Users/20125/AppData/Roaming/npm
SHELL=/bin/sh
HOSTTYPE=x86_64
LANG=C.UTF-8
TERM=xterm-256color

Signal Handlers:
SIGSEGV: [libjvm.so+0xe97eb0], sa_mask[0]=11111111011111111101111111111110, sa_flags=SA_RESTART|SA_SIGINFO
SIGBUS: [libjvm.so+0xe97eb0], sa_mask[0]=11111111011111111101111111111110, sa_flags=SA_RESTART|SA_SIGINFO
SIGFPE: [libjvm.so+0xe97eb0], sa_mask[0]=11111111011111111101111111111110, sa_flags=SA_RESTART|SA_SIGINFO
SIGPIPE: [libjvm.so+0xbde850], sa_mask[0]=11111111011111111101111111111110, sa_flags=SA_RESTART|SA_SIGINFO
SIGXFSZ: [libjvm.so+0xbde850], sa_mask[0]=11111111011111111101111111111110, sa_flags=SA_RESTART|SA_SIGINFO
SIGILL: [libjvm.so+0xe97eb0], sa_mask[0]=11111111011111111101111111111110, sa_flags=SA_RESTART|SA_SIGINFO
SIGUSR2: [libjvm.so+0xbde6f0], sa_mask[0]=00000000000000000000000000000000, sa_flags=SA_RESTART|SA_SIGINFO
SIGHUP: [libjvm.so+0xbde9e0], sa_mask[0]=11111111011111111101111111111110, sa_flags=SA_RESTART|SA_SIGINFO
SIGINT: [libjvm.so+0xbde9e0], sa_mask[0]=11111111011111111101111111111110, sa_flags=SA_RESTART|SA_SIGINFO
SIGTERM: [libjvm.so+0xbde9e0], sa_mask[0]=11111111011111111101111111111110, sa_flags=SA_RESTART|SA_SIGINFO
SIGQUIT: [libjvm.so+0xbde9e0], sa_mask[0]=11111111011111111101111111111110, sa_flags=SA_RESTART|SA_SIGINFO


---------------  S Y S T E M  ---------------

OS:DISTRIB_ID=Ubuntu
DISTRIB_RELEASE=20.04
DISTRIB_CODENAME=focal
DISTRIB_DESCRIPTION="Ubuntu 20.04.5 LTS"
uname:Linux 5.10.16.3-microsoft-standard-WSL2 #1 SMP Fri Apr 2 22:23:49 UTC 2021 x86_64
OS uptime: 0 days 0:38 hours
libc:glibc 2.31 NPTL 2.31 
rlimit (soft/hard): STACK 8192k/infinity , CORE 0k/infinity , NPROC 50409/50409 , NOFILE 4096/4096 , AS infinity/infinity , CPU infinity/infinity , DATA infinity/infinity , FSIZE infinity/infinity , MEMLOCK 64k/64k
load average:0.14 0.07 0.03

/proc/meminfo:
MemTotal:       12909048 kB
MemFree:        12400900 kB
MemAvailable:   12388680 kB
Buffers:           18592 kB
Cached:           194028 kB
SwapCached:            0 kB
Active:           157784 kB
Inactive:         232444 kB
Active(anon):         88 kB
Inactive(anon):   177580 kB
Active(file):     157696 kB
Inactive(file):    54864 kB
Unevictable:           0 kB
Mlocked:               0 kB
SwapTotal:       4194304 kB
SwapFree:        4194304 kB
Dirty:               900 kB
Writeback:             0 kB
AnonPages:        177672 kB
Mapped:            58772 kB
Shmem:                72 kB
KReclaimable:      21468 kB
Slab:              47412 kB
SReclaimable:      21468 kB
SUnreclaim:        25944 kB
KernelStack:        2816 kB
PageTables:         1156 kB
NFS_Unstable:          0 kB
Bounce:                0 kB
WritebackTmp:          0 kB
CommitLimit:    10648828 kB
Committed_AS:     663504 kB
VmallocTotal:   34359738367 kB
VmallocUsed:       22868 kB
VmallocChunk:          0 kB
Percpu:             2432 kB
AnonHugePages:     71680 kB
ShmemHugePages:        0 kB
ShmemPmdMapped:        0 kB
FileHugePages:         0 kB
FilePmdMapped:         0 kB
HugePages_Total:       0
HugePages_Free:        0
HugePages_Rsvd:        0
HugePages_Surp:        0
Hugepagesize:       2048 kB
Hugetlb:               0 kB
DirectMap4k:       17408 kB
DirectMap2M:     3784704 kB
DirectMap1G:     9437184 kB

/sys/kernel/mm/transparent_hugepage/enabled:
[always] madvise never
/sys/kernel/mm/transparent_hugepage/defrag (defrag/compaction efforts parameter):
always defer defer+madvise [madvise] never

Process Memory:
Virtual Size: 6259736K (peak: 14706388K)
Resident Set Size: 112496K (peak: 112652K) (anon: 56612K, file: 55884K, shmem: 0K)
Swapped out: 0K
C-Heap outstanding allocations: 31332K, retained: 2691K
glibc malloc tunables: (default)

/proc/sys/kernel/threads-max (system-wide limit on the number of threads):
100818
/proc/sys/vm/max_map_count (maximum number of memory map areas a process may have):
65530
/proc/sys/kernel/pid_max (system-wide limit on number of process identifiers):
32768

container (cgroup) information:
container_type: cgroupv1
cpu_cpuset_cpus: 0-7
cpu_memory_nodes: 0
active_processor_count: 8
cpu_quota: no quota
cpu_period: 100000
cpu_shares: no shares
memory_limit_in_bytes: unlimited
memory_and_swap_limit_in_bytes: unlimited
memory_soft_limit_in_bytes: unlimited
memory_usage_in_bytes: 390276 k
memory_max_usage_in_bytes: 365428 k
maximum number of tasks: not supported
current number of tasks: not supported

Hyper-V virtualization detected
Steal ticks since vm start: 0
Steal ticks percentage since vm start:  0.000

CPU:total 8 (initial active 8) (4 cores per cpu, 2 threads per core) family 6 model 140 stepping 1 microcode 0xffffffff, cmov, cx8, fxsr, mmx, sse, sse2, sse3, ssse3, sse4.1, sse4.2, popcnt, avx, avx2, aes, clmul, erms, 3dnowpref, lzcnt, ht, tsc, tscinvbit, bmi1, bmi2, adx, evex, sha, fma
CPU Model and flags from /proc/cpuinfo:
model name	: 11th Gen Intel(R) Core(TM) i7-1165G7 @ 2.80GHz
flags		: fpu vme de pse tsc msr pae mce cx8 apic sep mtrr pge mca cmov pat pse36 clflush mmx fxsr sse sse2 ss ht syscall nx pdpe1gb rdtscp lm constant_tsc rep_good nopl xtopology tsc_reliable nonstop_tsc cpuid pni pclmulqdq ssse3 fma cx16 pcid sse4_1 sse4_2 movbe popcnt aes xsave avx f16c rdrand hypervisor lahf_lm abm 3dnowprefetch invpcid_single ssbd ibrs ibpb stibp ibrs_enhanced fsgsbase bmi1 avx2 smep bmi2 erms invpcid avx512f avx512dq rdseed adx smap avx512ifma clflushopt clwb avx512cd sha_ni avx512bw avx512vl xsaveopt xsavec xgetbv1 xsaves avx512vbmi umip avx512_vbmi2 gfni vaes vpclmulqdq avx512_vnni avx512_bitalg avx512_vpopcntdq rdpid fsrm avx512_vp2intersect flush_l1d arch_capabilities
Online cpus:
0-7
Offline cpus:

BIOS frequency limitation:
<Not Available>
Frequency switch latency (ns):
<Not Available>
Available cpu frequencies:
<Not Available>
Current governor:
<Not Available>
Core performance/turbo boost:
<Not Available>

Memory: 4k page, physical 12909048k(12400640k free), swap 4194304k(4194304k free)

vm_info: OpenJDK 64-Bit Server VM (11.0.17+8-post-Ubuntu-1ubuntu220.04) for linux-amd64 JRE (11.0.17+8-post-Ubuntu-1ubuntu220.04), built on Oct 25 2022 09:30:51 by "unknown" with gcc 9.4.0

END.
