#
# A fatal error has been detected by the Java Runtime Environment:
#
#  SIGSEGV (0xb) at pc=0x00007f6bc21efc0a, pid=5876, tid=5877
#
# JRE version: OpenJDK Runtime Environment (11.0.17+8) (build 11.0.17+8-post-Ubuntu-1ubuntu220.04)
# Java VM: OpenJDK 64-Bit Server VM (11.0.17+8-post-Ubuntu-1ubuntu220.04, mixed mode, sharing, tiered, compressed oops, g1 gc, linux-amd64)
# Problematic frame:
# C  [libLLVM-13.so+0xcc3c0a]  llvm::GetElementPtrInst::init(llvm::Value*, llvm::ArrayRef<llvm::Value*>, llvm::Twine const&)+0xba
#
# No core dump will be written. Core dumps have been disabled. To enable core dumping, try "ulimit -c unlimited" before starting Java again
#
# If you would like to submit a bug report, please visit:
#   https://bugs.launchpad.net/ubuntu/+source/openjdk-lts
# The crash happened outside the Java Virtual Machine in native code.
# See problematic frame for where to report the bug.
#

---------------  S U M M A R Y ------------

Command Line: -Dfile.encoding=UTF-8 Main ./tests/test1.sysy ./tests/test1_ans.txt

Host: 11th Gen Intel(R) Core(TM) i7-1165G7 @ 2.80GHz, 8 cores, 12G, Ubuntu 20.04.3 LTS
Time: Sun Jan  8 18:42:55 2023 CST elapsed time: 0.257550 seconds (0d 0h 0m 0s)

---------------  T H R E A D  ---------------

Current thread (0x00007f6c2c016800):  JavaThread "main" [_thread_in_native, id=5877, stack(0x00007f6c3395f000,0x00007f6c33a60000)]

Stack: [0x00007f6c3395f000,0x00007f6c33a60000],  sp=0x00007f6c33a5daa8,  free space=1018k
Native frames: (J=compiled Java code, A=aot compiled Java code, j=interpreted, Vv=VM code, C=native code)
C  [libLLVM-13.so+0xcc3c0a]  llvm::GetElementPtrInst::init(llvm::Value*, llvm::ArrayRef<llvm::Value*>, llvm::Twine const&)+0xba

Java frames: (J=compiled Java code, j=interpreted, Vv=VM code)
j  org.bytedeco.llvm.global.LLVM.LLVMBuildGEP(Lorg/bytedeco/llvm/LLVM/LLVMBuilderRef;Lorg/bytedeco/llvm/LLVM/LLVMValueRef;Lorg/bytedeco/javacpp/PointerPointer;ILjava/lang/String;)Lorg/bytedeco/llvm/LLVM/LLVMValueRef;+0
j  FunctionAndVarIRVisitor.visitVarDef(LSysYParser$VarDefContext;)Lorg/bytedeco/llvm/LLVM/LLVMValueRef;+155
j  FunctionAndVarIRVisitor.visitVarDef(LSysYParser$VarDefContext;)Ljava/lang/Object;+2
j  SysYParser$VarDefContext.accept(Lorg/antlr/v4/runtime/tree/ParseTreeVisitor;)Ljava/lang/Object;+12
j  org.antlr.v4.runtime.tree.AbstractParseTreeVisitor.visitChildren(Lorg/antlr/v4/runtime/tree/RuleNode;)Ljava/lang/Object;+46
j  SysYParserBaseVisitor.visitVarDecl(LSysYParser$VarDeclContext;)Ljava/lang/Object;+2
j  SysYParser$VarDeclContext.accept(Lorg/antlr/v4/runtime/tree/ParseTreeVisitor;)Ljava/lang/Object;+12
j  org.antlr.v4.runtime.tree.AbstractParseTreeVisitor.visitChildren(Lorg/antlr/v4/runtime/tree/RuleNode;)Ljava/lang/Object;+46
j  SysYParserBaseVisitor.visitDecl(LSysYParser$DeclContext;)Ljava/lang/Object;+2
j  SysYParser$DeclContext.accept(Lorg/antlr/v4/runtime/tree/ParseTreeVisitor;)Ljava/lang/Object;+12
j  org.antlr.v4.runtime.tree.AbstractParseTreeVisitor.visitChildren(Lorg/antlr/v4/runtime/tree/RuleNode;)Ljava/lang/Object;+46
j  SysYParserBaseVisitor.visitBlockItem(LSysYParser$BlockItemContext;)Ljava/lang/Object;+2
j  SysYParser$BlockItemContext.accept(Lorg/antlr/v4/runtime/tree/ParseTreeVisitor;)Ljava/lang/Object;+12
j  org.antlr.v4.runtime.tree.AbstractParseTreeVisitor.visitChildren(Lorg/antlr/v4/runtime/tree/RuleNode;)Ljava/lang/Object;+46
j  SysYParserBaseVisitor.visitBlock(LSysYParser$BlockContext;)Ljava/lang/Object;+2
j  SysYParser$BlockContext.accept(Lorg/antlr/v4/runtime/tree/ParseTreeVisitor;)Ljava/lang/Object;+12
j  org.antlr.v4.runtime.tree.AbstractParseTreeVisitor.visitChildren(Lorg/antlr/v4/runtime/tree/RuleNode;)Ljava/lang/Object;+46
j  SysYParserBaseVisitor.visitFuncDef(LSysYParser$FuncDefContext;)Ljava/lang/Object;+2
j  FunctionAndVarIRVisitor.visitFuncDef(LSysYParser$FuncDefContext;)Lorg/bytedeco/llvm/LLVM/LLVMValueRef;+115
j  FunctionAndVarIRVisitor.visitFuncDef(LSysYParser$FuncDefContext;)Ljava/lang/Object;+2
j  SysYParser$FuncDefContext.accept(Lorg/antlr/v4/runtime/tree/ParseTreeVisitor;)Ljava/lang/Object;+12
j  org.antlr.v4.runtime.tree.AbstractParseTreeVisitor.visitChildren(Lorg/antlr/v4/runtime/tree/RuleNode;)Ljava/lang/Object;+46
j  SysYParserBaseVisitor.visitCompUnit(LSysYParser$CompUnitContext;)Ljava/lang/Object;+2
j  SysYParser$CompUnitContext.accept(Lorg/antlr/v4/runtime/tree/ParseTreeVisitor;)Ljava/lang/Object;+12
j  org.antlr.v4.runtime.tree.AbstractParseTreeVisitor.visit(Lorg/antlr/v4/runtime/tree/ParseTree;)Ljava/lang/Object;+2
j  FunctionAndVarIRVisitor.visitProgram(LSysYParser$ProgramContext;)Lorg/bytedeco/llvm/LLVM/LLVMValueRef;+5
j  FunctionAndVarIRVisitor.visitProgram(LSysYParser$ProgramContext;)Ljava/lang/Object;+2
j  SysYParser$ProgramContext.accept(Lorg/antlr/v4/runtime/tree/ParseTreeVisitor;)Ljava/lang/Object;+12
j  org.antlr.v4.runtime.tree.AbstractParseTreeVisitor.visit(Lorg/antlr/v4/runtime/tree/ParseTree;)Ljava/lang/Object;+2
j  Main.funcAndVarIRGenerate([Ljava/lang/String;)V+76
j  Main.main([Ljava/lang/String;)V+1
v  ~StubRoutines::call_stub

siginfo: si_signo: 11 (SIGSEGV), si_code: 1 (SEGV_MAPERR), si_addr: 0x000000000000201d

Register to memory mapping:

RAX=0x00007f6c2c4fb550 points into unknown readable memory: 0x00007f6c2c4f5228 | 28 52 4f 2c 6c 7f 00 00
RBX=0x00007f6c2c4d1c90 points into unknown readable memory: 0x00007f6c2c4d1ca0 | a0 1c 4d 2c 6c 7f 00 00
RCX=0x00007f6c2c4f5228 points into unknown readable memory: 0x00007f6c2c4f4aa0 | a0 4a 4f 2c 6c 7f 00 00
RDX=0x00007f6c2c4f70c0 points into unknown readable memory: 0x00007f6c2c4f5228 | 28 52 4f 2c 6c 7f 00 00
RSP=0x00007f6c33a5daa8 is pointing into the stack for thread: 0x00007f6c2c016800
RBP=0x00007f6c2c3f9990 points into unknown readable memory: 0x00007f6c2c4fa3f0 | f0 a3 4f 2c 6c 7f 00 00
RSI=0x0000000000000001 is an unknown value
RDI=0x00007f6c2c4fb570 points into unknown readable memory: 0x00007f6c2c4fa3f0 | f0 a3 4f 2c 6c 7f 00 00
R8 =0x00007f6c33a5db00 is pointing into the stack for thread: 0x00007f6c2c016800
R9 =0x000000000000200d is an unknown value
R10=0x00007f6c2c4f5230 points into unknown readable memory: 0x000000000000200d | 0d 20 00 00 00 00 00 00
R11=0x00007f6c2c4fb558 points into unknown readable memory: 0x000000000000200d | 0d 20 00 00 00 00 00 00
R12=0x00007f6c2c4fb570 points into unknown readable memory: 0x00007f6c2c4fa3f0 | f0 a3 4f 2c 6c 7f 00 00
R13=0x00007f6c2c4f70c0 points into unknown readable memory: 0x00007f6c2c4f5228 | 28 52 4f 2c 6c 7f 00 00
R14=0x0000000000000001 is an unknown value
R15=0x00007f6c2c4fa3c0 points into unknown readable memory: 0x00007f6c2c4f4aa0 | a0 4a 4f 2c 6c 7f 00 00


Registers:
RAX=0x00007f6c2c4fb550, RBX=0x00007f6c2c4d1c90, RCX=0x00007f6c2c4f5228, RDX=0x00007f6c2c4f70c0
RSP=0x00007f6c33a5daa8, RBP=0x00007f6c2c3f9990, RSI=0x0000000000000001, RDI=0x00007f6c2c4fb570
R8 =0x00007f6c33a5db00, R9 =0x000000000000200d, R10=0x00007f6c2c4f5230, R11=0x00007f6c2c4fb558
R12=0x00007f6c2c4fb570, R13=0x00007f6c2c4f70c0, R14=0x0000000000000001, R15=0x00007f6c2c4fa3c0
RIP=0x00007f6bc21efc0a, EFLAGS=0x0000000000010202, CSGSFS=0x002b000000000033, ERR=0x0000000000000006
  TRAPNO=0x000000000000000e

Top of Stack: (sp=0x00007f6c33a5daa8)
0x00007f6c33a5daa8:   00007f6bc2158d92 0000000000000000
0x00007f6c33a5dab8:   00007f6c2c4fb530 0000000000000002
0x00007f6c33a5dac8:   00007f6c2c4fa3f0 00007f6c2c4fcc60
0x00007f6c33a5dad8:   0000000000000000 0000000000000000 

Instructions: (pc=0x00007f6bc21efc0a)
0x00007f6bc21efb0a:   b5 08 00 4d 89 e9 ba 23 00 00 00 48 89 df 48 89
0x00007f6bc21efb1a:   c6 45 31 c0 31 c9 e8 0b 4f ff ff 0f b7 53 12 40
0x00007f6bc21efb2a:   88 6b 3c 83 e2 f8 44 09 e2 66 89 53 12 48 83 c4
0x00007f6bc21efb3a:   08 5b 5d 41 5c 41 5d c3 66 2e 0f 1f 84 00 00 00
0x00007f6bc21efb4a:   00 00 0f 1f 40 00 8b 47 14 49 89 fb 25 ff ff ff
0x00007f6bc21efb5a:   07 48 c1 e0 05 49 29 c3 49 83 3b 00 4c 89 d8 74
0x00007f6bc21efb6a:   14 4d 8b 4b 08 4d 8b 53 10 4d 89 0a 4d 85 c9 74
0x00007f6bc21efb7a:   04 4d 89 51 10 48 89 30 48 85 f6 74 21 4c 8b 4e
0x00007f6bc21efb8a:   08 4c 8d 56 08 4c 89 48 08 4d 85 c9 74 08 4c 8d
0x00007f6bc21efb9a:   58 08 4d 89 59 10 4c 89 50 10 48 89 46 08 8b 77
0x00007f6bc21efbaa:   14 b8 01 00 00 00 48 c1 e1 03 81 e6 ff ff ff 07
0x00007f6bc21efbba:   48 29 f0 48 89 ce 48 c1 e0 05 48 c1 fe 03 48 01
0x00007f6bc21efbca:   f8 48 85 c9 7e 54 48 83 38 00 48 8b 0a 74 14 4c
0x00007f6bc21efbda:   8b 48 08 4c 8b 50 10 4d 89 0a 4d 85 c9 74 04 4d
0x00007f6bc21efbea:   89 51 10 48 89 08 48 85 c9 74 21 4c 8b 49 08 4c
0x00007f6bc21efbfa:   8d 51 08 4c 89 48 08 4d 85 c9 74 08 4c 8d 58 08
0x00007f6bc21efc0a:   4d 89 59 10 4c 89 50 10 48 89 41 08 48 83 c2 08
0x00007f6bc21efc1a:   48 83 c0 20 48 83 ee 01 75 ac 4c 89 c6 e9 f4 e8
0x00007f6bc21efc2a:   09 00 0f 1f 40 00 55 48 89 f9 48 89 f5 ba 22 00
0x00007f6bc21efc3a:   00 00 53 45 31 c9 48 89 fb 48 83 ec 08 44 8b 46
0x00007f6bc21efc4a:   14 48 8b 36 41 81 e0 ff ff ff 07 44 89 c0 48 c1
0x00007f6bc21efc5a:   e0 05 48 29 c1 e8 4c 4d ff ff 8b 43 14 8b 55 14
0x00007f6bc21efc6a:   48 89 de f3 0f 6f 45 40 25 ff ff ff 07 81 e2 ff
0x00007f6bc21efc7a:   ff ff 07 48 c1 e0 05 48 c1 e2 05 0f 11 43 40 48
0x00007f6bc21efc8a:   29 c6 48 89 f0 48 89 ee 48 29 d6 48 85 d2 74 59
0x00007f6bc21efc9a:   48 01 c2 0f 1f 00 48 83 38 00 48 8b 0e 74 14 48
0x00007f6bc21efcaa:   8b 78 08 4c 8b 40 10 49 89 38 48 85 ff 74 04 4c
0x00007f6bc21efcba:   89 47 10 48 89 08 48 85 c9 74 21 48 8b 79 08 4c
0x00007f6bc21efcca:   8d 41 08 48 89 78 08 48 85 ff 74 08 4c 8d 48 08
0x00007f6bc21efcda:   4c 89 4f 10 4c 89 40 10 48 89 41 08 48 83 c0 20
0x00007f6bc21efcea:   48 83 c6 20 48 39 d0 75 ad 0f b6 45 11 83 e0 fe
0x00007f6bc21efcfa:   89 c2 0f b6 43 11 83 e0 01 09 d0 88 43 11 48 83 


Stack slot to memory mapping:
stack at sp + 0 slots: 0x00007f6bc2158d92: LLVMBuildGEP+0x00000000000001e2 in /root/.javacpp/cache/llvm-13.0.1-1.5.7-linux-x86_64.jar/org/bytedeco/llvm/linux-x86_64/libLLVM-13.so at 0x00007f6bc152c000
stack at sp + 1 slots: 0x0 is NULL
stack at sp + 2 slots: 0x00007f6c2c4fb530 points into unknown readable memory: 0x00007f6c2c3f9990 | 90 99 3f 2c 6c 7f 00 00
stack at sp + 3 slots: 0x0000000000000002 is an unknown value
stack at sp + 4 slots: 0x00007f6c2c4fa3f0 points into unknown readable memory: 0x00007f6c2c4f4aa0 | a0 4a 4f 2c 6c 7f 00 00
stack at sp + 5 slots: 0x00007f6c2c4fcc60 points into unknown readable memory: 0x007265746e696f70 | 70 6f 69 6e 74 65 72 00
stack at sp + 6 slots: 0x0 is NULL
stack at sp + 7 slots: 0x0 is NULL


---------------  P R O C E S S  ---------------

Threads class SMR info:
_java_thread_list=0x00007f6bdc23d220, length=12, elements={
0x00007f6c2c016800, 0x00007f6c2c186800, 0x00007f6c2c188800, 0x00007f6c2c191000,
0x00007f6c2c193000, 0x00007f6c2c195000, 0x00007f6c2c197000, 0x00007f6c2c199000,
0x00007f6c2c1f4000, 0x00007f6c2c409800, 0x00007f6bdc239800, 0x00007f6bdc23b800
}

Java Threads: ( => current thread )
=>0x00007f6c2c016800 JavaThread "main" [_thread_in_native, id=5877, stack(0x00007f6c3395f000,0x00007f6c33a60000)]
  0x00007f6c2c186800 JavaThread "Reference Handler" daemon [_thread_blocked, id=5885, stack(0x00007f6c30361000,0x00007f6c30462000)]
  0x00007f6c2c188800 JavaThread "Finalizer" daemon [_thread_blocked, id=5886, stack(0x00007f6c30260000,0x00007f6c30361000)]
  0x00007f6c2c191000 JavaThread "Signal Dispatcher" daemon [_thread_blocked, id=5887, stack(0x00007f6c14416000,0x00007f6c14517000)]
  0x00007f6c2c193000 JavaThread "Service Thread" daemon [_thread_blocked, id=5888, stack(0x00007f6c14315000,0x00007f6c14416000)]
  0x00007f6c2c195000 JavaThread "C2 CompilerThread0" daemon [_thread_in_native, id=5889, stack(0x00007f6c14214000,0x00007f6c14315000)]
  0x00007f6c2c197000 JavaThread "C1 CompilerThread0" daemon [_thread_blocked, id=5890, stack(0x00007f6c14113000,0x00007f6c14214000)]
  0x00007f6c2c199000 JavaThread "Sweeper thread" daemon [_thread_blocked, id=5891, stack(0x00007f6c14012000,0x00007f6c14113000)]
  0x00007f6c2c1f4000 JavaThread "Common-Cleaner" daemon [_thread_blocked, id=5893, stack(0x00007f6c09b7d000,0x00007f6c09c7e000)]
  0x00007f6c2c409800 JavaThread "JavaCPP Deallocator" daemon [_thread_blocked, id=5902, stack(0x00007f6c09a7c000,0x00007f6c09b7d000)]
  0x00007f6bdc239800 JavaThread "C2 CompilerThread1" daemon [_thread_blocked, id=5906, stack(0x00007f6c0997b000,0x00007f6c09a7c000)]
  0x00007f6bdc23b800 JavaThread "C2 CompilerThread2" daemon [_thread_blocked, id=5908, stack(0x00007f6c0987a000,0x00007f6c0997b000)]

Other Threads:
  0x00007f6c2c183800 VMThread "VM Thread" [stack: 0x00007f6c30464000,0x00007f6c30564000] [id=5884]
  0x00007f6c2c1f1800 WatcherThread [stack: 0x00007f6c09c80000,0x00007f6c09d80000] [id=5892]
  0x00007f6c2c02f000 GCTaskThread "GC Thread#0" [stack: 0x00007f6c33608000,0x00007f6c33708000] [id=5879]
  0x00007f6c2c07a800 ConcurrentGCThread "G1 Main Marker" [stack: 0x00007f6c319ba000,0x00007f6c31aba000] [id=5880]
  0x00007f6c2c07c800 ConcurrentGCThread "G1 Conc#0" [stack: 0x00007f6c318b8000,0x00007f6c319b8000] [id=5881]
  0x00007f6c2c149800 ConcurrentGCThread "G1 Refine#0" [stack: 0x00007f6c30fae000,0x00007f6c310ae000] [id=5882]
  0x00007f6c2c14b800 ConcurrentGCThread "G1 Young RemSet Sampling" [stack: 0x00007f6c30eac000,0x00007f6c30fac000] [id=5883]

Threads with active compile tasks:
C2 CompilerThread0      261  659       4       java.util.jar.JarFile::getVersionedEntry (85 bytes)

VM state:not at safepoint (normal execution)

VM Mutex/Monitor currently owned by a thread: None

Heap address: 0x000000073b000000, size: 3152 MB, Compressed Oops mode: Zero based, Oop shift amount: 3
Narrow klass base: 0x0000000800000000, Narrow klass shift: 3
Compressed class space size: 1073741824 Address: 0x0000000840000000

Heap:
 garbage-first heap   total 204800K, used 20172K [0x000000073b000000, 0x0000000800000000)
  region size 1024K, 21 young (21504K), 0 survivors (0K)
 Metaspace       used 3439K, capacity 6480K, committed 6656K, reserved 1056768K
  class space    used 392K, capacity 668K, committed 768K, reserved 1048576K
Heap Regions: E=young(eden), S=young(survivor), O=old, HS=humongous(starts), HC=humongous(continues), CS=collection set, F=free, A=archive, TAMS=top-at-mark-start (previous, next)
|   0|0x000000073b000000, 0x000000073b000000, 0x000000073b100000|  0%| F|  |TAMS 0x000000073b000000, 0x000000073b000000| Untracked 
|   1|0x000000073b100000, 0x000000073b100000, 0x000000073b200000|  0%| F|  |TAMS 0x000000073b100000, 0x000000073b100000| Untracked 
|   2|0x000000073b200000, 0x000000073b200000, 0x000000073b300000|  0%| F|  |TAMS 0x000000073b200000, 0x000000073b200000| Untracked 
|   3|0x000000073b300000, 0x000000073b300000, 0x000000073b400000|  0%| F|  |TAMS 0x000000073b300000, 0x000000073b300000| Untracked 
|   4|0x000000073b400000, 0x000000073b400000, 0x000000073b500000|  0%| F|  |TAMS 0x000000073b400000, 0x000000073b400000| Untracked 
|   5|0x000000073b500000, 0x000000073b500000, 0x000000073b600000|  0%| F|  |TAMS 0x000000073b500000, 0x000000073b500000| Untracked 
|   6|0x000000073b600000, 0x000000073b600000, 0x000000073b700000|  0%| F|  |TAMS 0x000000073b600000, 0x000000073b600000| Untracked 
|   7|0x000000073b700000, 0x000000073b700000, 0x000000073b800000|  0%| F|  |TAMS 0x000000073b700000, 0x000000073b700000| Untracked 
|   8|0x000000073b800000, 0x000000073b800000, 0x000000073b900000|  0%| F|  |TAMS 0x000000073b800000, 0x000000073b800000| Untracked 
|   9|0x000000073b900000, 0x000000073b900000, 0x000000073ba00000|  0%| F|  |TAMS 0x000000073b900000, 0x000000073b900000| Untracked 
|  10|0x000000073ba00000, 0x000000073ba00000, 0x000000073bb00000|  0%| F|  |TAMS 0x000000073ba00000, 0x000000073ba00000| Untracked 
|  11|0x000000073bb00000, 0x000000073bb00000, 0x000000073bc00000|  0%| F|  |TAMS 0x000000073bb00000, 0x000000073bb00000| Untracked 
|  12|0x000000073bc00000, 0x000000073bc00000, 0x000000073bd00000|  0%| F|  |TAMS 0x000000073bc00000, 0x000000073bc00000| Untracked 
|  13|0x000000073bd00000, 0x000000073bd00000, 0x000000073be00000|  0%| F|  |TAMS 0x000000073bd00000, 0x000000073bd00000| Untracked 
|  14|0x000000073be00000, 0x000000073be00000, 0x000000073bf00000|  0%| F|  |TAMS 0x000000073be00000, 0x000000073be00000| Untracked 
|  15|0x000000073bf00000, 0x000000073bf00000, 0x000000073c000000|  0%| F|  |TAMS 0x000000073bf00000, 0x000000073bf00000| Untracked 
|  16|0x000000073c000000, 0x000000073c000000, 0x000000073c100000|  0%| F|  |TAMS 0x000000073c000000, 0x000000073c000000| Untracked 
|  17|0x000000073c100000, 0x000000073c100000, 0x000000073c200000|  0%| F|  |TAMS 0x000000073c100000, 0x000000073c100000| Untracked 
|  18|0x000000073c200000, 0x000000073c200000, 0x000000073c300000|  0%| F|  |TAMS 0x000000073c200000, 0x000000073c200000| Untracked 
|  19|0x000000073c300000, 0x000000073c300000, 0x000000073c400000|  0%| F|  |TAMS 0x000000073c300000, 0x000000073c300000| Untracked 
|  20|0x000000073c400000, 0x000000073c400000, 0x000000073c500000|  0%| F|  |TAMS 0x000000073c400000, 0x000000073c400000| Untracked 
|  21|0x000000073c500000, 0x000000073c500000, 0x000000073c600000|  0%| F|  |TAMS 0x000000073c500000, 0x000000073c500000| Untracked 
|  22|0x000000073c600000, 0x000000073c600000, 0x000000073c700000|  0%| F|  |TAMS 0x000000073c600000, 0x000000073c600000| Untracked 
|  23|0x000000073c700000, 0x000000073c700000, 0x000000073c800000|  0%| F|  |TAMS 0x000000073c700000, 0x000000073c700000| Untracked 
|  24|0x000000073c800000, 0x000000073c800000, 0x000000073c900000|  0%| F|  |TAMS 0x000000073c800000, 0x000000073c800000| Untracked 
|  25|0x000000073c900000, 0x000000073c900000, 0x000000073ca00000|  0%| F|  |TAMS 0x000000073c900000, 0x000000073c900000| Untracked 
|  26|0x000000073ca00000, 0x000000073ca00000, 0x000000073cb00000|  0%| F|  |TAMS 0x000000073ca00000, 0x000000073ca00000| Untracked 
|  27|0x000000073cb00000, 0x000000073cb00000, 0x000000073cc00000|  0%| F|  |TAMS 0x000000073cb00000, 0x000000073cb00000| Untracked 
|  28|0x000000073cc00000, 0x000000073cc00000, 0x000000073cd00000|  0%| F|  |TAMS 0x000000073cc00000, 0x000000073cc00000| Untracked 
|  29|0x000000073cd00000, 0x000000073cd00000, 0x000000073ce00000|  0%| F|  |TAMS 0x000000073cd00000, 0x000000073cd00000| Untracked 
|  30|0x000000073ce00000, 0x000000073ce00000, 0x000000073cf00000|  0%| F|  |TAMS 0x000000073ce00000, 0x000000073ce00000| Untracked 
|  31|0x000000073cf00000, 0x000000073cf00000, 0x000000073d000000|  0%| F|  |TAMS 0x000000073cf00000, 0x000000073cf00000| Untracked 
|  32|0x000000073d000000, 0x000000073d000000, 0x000000073d100000|  0%| F|  |TAMS 0x000000073d000000, 0x000000073d000000| Untracked 
|  33|0x000000073d100000, 0x000000073d100000, 0x000000073d200000|  0%| F|  |TAMS 0x000000073d100000, 0x000000073d100000| Untracked 
|  34|0x000000073d200000, 0x000000073d200000, 0x000000073d300000|  0%| F|  |TAMS 0x000000073d200000, 0x000000073d200000| Untracked 
|  35|0x000000073d300000, 0x000000073d300000, 0x000000073d400000|  0%| F|  |TAMS 0x000000073d300000, 0x000000073d300000| Untracked 
|  36|0x000000073d400000, 0x000000073d400000, 0x000000073d500000|  0%| F|  |TAMS 0x000000073d400000, 0x000000073d400000| Untracked 
|  37|0x000000073d500000, 0x000000073d500000, 0x000000073d600000|  0%| F|  |TAMS 0x000000073d500000, 0x000000073d500000| Untracked 
|  38|0x000000073d600000, 0x000000073d600000, 0x000000073d700000|  0%| F|  |TAMS 0x000000073d600000, 0x000000073d600000| Untracked 
|  39|0x000000073d700000, 0x000000073d700000, 0x000000073d800000|  0%| F|  |TAMS 0x000000073d700000, 0x000000073d700000| Untracked 
|  40|0x000000073d800000, 0x000000073d800000, 0x000000073d900000|  0%| F|  |TAMS 0x000000073d800000, 0x000000073d800000| Untracked 
|  41|0x000000073d900000, 0x000000073d900000, 0x000000073da00000|  0%| F|  |TAMS 0x000000073d900000, 0x000000073d900000| Untracked 
|  42|0x000000073da00000, 0x000000073da00000, 0x000000073db00000|  0%| F|  |TAMS 0x000000073da00000, 0x000000073da00000| Untracked 
|  43|0x000000073db00000, 0x000000073db00000, 0x000000073dc00000|  0%| F|  |TAMS 0x000000073db00000, 0x000000073db00000| Untracked 
|  44|0x000000073dc00000, 0x000000073dc00000, 0x000000073dd00000|  0%| F|  |TAMS 0x000000073dc00000, 0x000000073dc00000| Untracked 
|  45|0x000000073dd00000, 0x000000073dd00000, 0x000000073de00000|  0%| F|  |TAMS 0x000000073dd00000, 0x000000073dd00000| Untracked 
|  46|0x000000073de00000, 0x000000073de00000, 0x000000073df00000|  0%| F|  |TAMS 0x000000073de00000, 0x000000073de00000| Untracked 
|  47|0x000000073df00000, 0x000000073df00000, 0x000000073e000000|  0%| F|  |TAMS 0x000000073df00000, 0x000000073df00000| Untracked 
|  48|0x000000073e000000, 0x000000073e000000, 0x000000073e100000|  0%| F|  |TAMS 0x000000073e000000, 0x000000073e000000| Untracked 
|  49|0x000000073e100000, 0x000000073e100000, 0x000000073e200000|  0%| F|  |TAMS 0x000000073e100000, 0x000000073e100000| Untracked 
|  50|0x000000073e200000, 0x000000073e200000, 0x000000073e300000|  0%| F|  |TAMS 0x000000073e200000, 0x000000073e200000| Untracked 
|  51|0x000000073e300000, 0x000000073e300000, 0x000000073e400000|  0%| F|  |TAMS 0x000000073e300000, 0x000000073e300000| Untracked 
|  52|0x000000073e400000, 0x000000073e400000, 0x000000073e500000|  0%| F|  |TAMS 0x000000073e400000, 0x000000073e400000| Untracked 
|  53|0x000000073e500000, 0x000000073e500000, 0x000000073e600000|  0%| F|  |TAMS 0x000000073e500000, 0x000000073e500000| Untracked 
|  54|0x000000073e600000, 0x000000073e600000, 0x000000073e700000|  0%| F|  |TAMS 0x000000073e600000, 0x000000073e600000| Untracked 
|  55|0x000000073e700000, 0x000000073e700000, 0x000000073e800000|  0%| F|  |TAMS 0x000000073e700000, 0x000000073e700000| Untracked 
|  56|0x000000073e800000, 0x000000073e800000, 0x000000073e900000|  0%| F|  |TAMS 0x000000073e800000, 0x000000073e800000| Untracked 
|  57|0x000000073e900000, 0x000000073e900000, 0x000000073ea00000|  0%| F|  |TAMS 0x000000073e900000, 0x000000073e900000| Untracked 
|  58|0x000000073ea00000, 0x000000073ea00000, 0x000000073eb00000|  0%| F|  |TAMS 0x000000073ea00000, 0x000000073ea00000| Untracked 
|  59|0x000000073eb00000, 0x000000073eb00000, 0x000000073ec00000|  0%| F|  |TAMS 0x000000073eb00000, 0x000000073eb00000| Untracked 
|  60|0x000000073ec00000, 0x000000073ec00000, 0x000000073ed00000|  0%| F|  |TAMS 0x000000073ec00000, 0x000000073ec00000| Untracked 
|  61|0x000000073ed00000, 0x000000073ed00000, 0x000000073ee00000|  0%| F|  |TAMS 0x000000073ed00000, 0x000000073ed00000| Untracked 
|  62|0x000000073ee00000, 0x000000073ee00000, 0x000000073ef00000|  0%| F|  |TAMS 0x000000073ee00000, 0x000000073ee00000| Untracked 
|  63|0x000000073ef00000, 0x000000073ef00000, 0x000000073f000000|  0%| F|  |TAMS 0x000000073ef00000, 0x000000073ef00000| Untracked 
|  64|0x000000073f000000, 0x000000073f000000, 0x000000073f100000|  0%| F|  |TAMS 0x000000073f000000, 0x000000073f000000| Untracked 
|  65|0x000000073f100000, 0x000000073f100000, 0x000000073f200000|  0%| F|  |TAMS 0x000000073f100000, 0x000000073f100000| Untracked 
|  66|0x000000073f200000, 0x000000073f200000, 0x000000073f300000|  0%| F|  |TAMS 0x000000073f200000, 0x000000073f200000| Untracked 
|  67|0x000000073f300000, 0x000000073f300000, 0x000000073f400000|  0%| F|  |TAMS 0x000000073f300000, 0x000000073f300000| Untracked 
|  68|0x000000073f400000, 0x000000073f400000, 0x000000073f500000|  0%| F|  |TAMS 0x000000073f400000, 0x000000073f400000| Untracked 
|  69|0x000000073f500000, 0x000000073f500000, 0x000000073f600000|  0%| F|  |TAMS 0x000000073f500000, 0x000000073f500000| Untracked 
|  70|0x000000073f600000, 0x000000073f600000, 0x000000073f700000|  0%| F|  |TAMS 0x000000073f600000, 0x000000073f600000| Untracked 
|  71|0x000000073f700000, 0x000000073f700000, 0x000000073f800000|  0%| F|  |TAMS 0x000000073f700000, 0x000000073f700000| Untracked 
|  72|0x000000073f800000, 0x000000073f800000, 0x000000073f900000|  0%| F|  |TAMS 0x000000073f800000, 0x000000073f800000| Untracked 
|  73|0x000000073f900000, 0x000000073f900000, 0x000000073fa00000|  0%| F|  |TAMS 0x000000073f900000, 0x000000073f900000| Untracked 
|  74|0x000000073fa00000, 0x000000073fa00000, 0x000000073fb00000|  0%| F|  |TAMS 0x000000073fa00000, 0x000000073fa00000| Untracked 
|  75|0x000000073fb00000, 0x000000073fb00000, 0x000000073fc00000|  0%| F|  |TAMS 0x000000073fb00000, 0x000000073fb00000| Untracked 
|  76|0x000000073fc00000, 0x000000073fc00000, 0x000000073fd00000|  0%| F|  |TAMS 0x000000073fc00000, 0x000000073fc00000| Untracked 
|  77|0x000000073fd00000, 0x000000073fd00000, 0x000000073fe00000|  0%| F|  |TAMS 0x000000073fd00000, 0x000000073fd00000| Untracked 
|  78|0x000000073fe00000, 0x000000073fe00000, 0x000000073ff00000|  0%| F|  |TAMS 0x000000073fe00000, 0x000000073fe00000| Untracked 
|  79|0x000000073ff00000, 0x000000073ff00000, 0x0000000740000000|  0%| F|  |TAMS 0x000000073ff00000, 0x000000073ff00000| Untracked 
|  80|0x0000000740000000, 0x0000000740000000, 0x0000000740100000|  0%| F|  |TAMS 0x0000000740000000, 0x0000000740000000| Untracked 
|  81|0x0000000740100000, 0x0000000740100000, 0x0000000740200000|  0%| F|  |TAMS 0x0000000740100000, 0x0000000740100000| Untracked 
|  82|0x0000000740200000, 0x0000000740200000, 0x0000000740300000|  0%| F|  |TAMS 0x0000000740200000, 0x0000000740200000| Untracked 
|  83|0x0000000740300000, 0x0000000740300000, 0x0000000740400000|  0%| F|  |TAMS 0x0000000740300000, 0x0000000740300000| Untracked 
|  84|0x0000000740400000, 0x0000000740400000, 0x0000000740500000|  0%| F|  |TAMS 0x0000000740400000, 0x0000000740400000| Untracked 
|  85|0x0000000740500000, 0x0000000740500000, 0x0000000740600000|  0%| F|  |TAMS 0x0000000740500000, 0x0000000740500000| Untracked 
|  86|0x0000000740600000, 0x0000000740600000, 0x0000000740700000|  0%| F|  |TAMS 0x0000000740600000, 0x0000000740600000| Untracked 
|  87|0x0000000740700000, 0x0000000740700000, 0x0000000740800000|  0%| F|  |TAMS 0x0000000740700000, 0x0000000740700000| Untracked 
|  88|0x0000000740800000, 0x0000000740800000, 0x0000000740900000|  0%| F|  |TAMS 0x0000000740800000, 0x0000000740800000| Untracked 
|  89|0x0000000740900000, 0x0000000740900000, 0x0000000740a00000|  0%| F|  |TAMS 0x0000000740900000, 0x0000000740900000| Untracked 
|  90|0x0000000740a00000, 0x0000000740a00000, 0x0000000740b00000|  0%| F|  |TAMS 0x0000000740a00000, 0x0000000740a00000| Untracked 
|  91|0x0000000740b00000, 0x0000000740b00000, 0x0000000740c00000|  0%| F|  |TAMS 0x0000000740b00000, 0x0000000740b00000| Untracked 
|  92|0x0000000740c00000, 0x0000000740c00000, 0x0000000740d00000|  0%| F|  |TAMS 0x0000000740c00000, 0x0000000740c00000| Untracked 
|  93|0x0000000740d00000, 0x0000000740d00000, 0x0000000740e00000|  0%| F|  |TAMS 0x0000000740d00000, 0x0000000740d00000| Untracked 
|  94|0x0000000740e00000, 0x0000000740e00000, 0x0000000740f00000|  0%| F|  |TAMS 0x0000000740e00000, 0x0000000740e00000| Untracked 
|  95|0x0000000740f00000, 0x0000000740f00000, 0x0000000741000000|  0%| F|  |TAMS 0x0000000740f00000, 0x0000000740f00000| Untracked 
|  96|0x0000000741000000, 0x0000000741000000, 0x0000000741100000|  0%| F|  |TAMS 0x0000000741000000, 0x0000000741000000| Untracked 
|  97|0x0000000741100000, 0x0000000741100000, 0x0000000741200000|  0%| F|  |TAMS 0x0000000741100000, 0x0000000741100000| Untracked 
|  98|0x0000000741200000, 0x0000000741200000, 0x0000000741300000|  0%| F|  |TAMS 0x0000000741200000, 0x0000000741200000| Untracked 
|  99|0x0000000741300000, 0x0000000741300000, 0x0000000741400000|  0%| F|  |TAMS 0x0000000741300000, 0x0000000741300000| Untracked 
| 100|0x0000000741400000, 0x0000000741400000, 0x0000000741500000|  0%| F|  |TAMS 0x0000000741400000, 0x0000000741400000| Untracked 
| 101|0x0000000741500000, 0x0000000741500000, 0x0000000741600000|  0%| F|  |TAMS 0x0000000741500000, 0x0000000741500000| Untracked 
| 102|0x0000000741600000, 0x0000000741600000, 0x0000000741700000|  0%| F|  |TAMS 0x0000000741600000, 0x0000000741600000| Untracked 
| 103|0x0000000741700000, 0x0000000741700000, 0x0000000741800000|  0%| F|  |TAMS 0x0000000741700000, 0x0000000741700000| Untracked 
| 104|0x0000000741800000, 0x0000000741800000, 0x0000000741900000|  0%| F|  |TAMS 0x0000000741800000, 0x0000000741800000| Untracked 
| 105|0x0000000741900000, 0x0000000741900000, 0x0000000741a00000|  0%| F|  |TAMS 0x0000000741900000, 0x0000000741900000| Untracked 
| 106|0x0000000741a00000, 0x0000000741a00000, 0x0000000741b00000|  0%| F|  |TAMS 0x0000000741a00000, 0x0000000741a00000| Untracked 
| 107|0x0000000741b00000, 0x0000000741b00000, 0x0000000741c00000|  0%| F|  |TAMS 0x0000000741b00000, 0x0000000741b00000| Untracked 
| 108|0x0000000741c00000, 0x0000000741c00000, 0x0000000741d00000|  0%| F|  |TAMS 0x0000000741c00000, 0x0000000741c00000| Untracked 
| 109|0x0000000741d00000, 0x0000000741d00000, 0x0000000741e00000|  0%| F|  |TAMS 0x0000000741d00000, 0x0000000741d00000| Untracked 
| 110|0x0000000741e00000, 0x0000000741e00000, 0x0000000741f00000|  0%| F|  |TAMS 0x0000000741e00000, 0x0000000741e00000| Untracked 
| 111|0x0000000741f00000, 0x0000000741f00000, 0x0000000742000000|  0%| F|  |TAMS 0x0000000741f00000, 0x0000000741f00000| Untracked 
| 112|0x0000000742000000, 0x0000000742000000, 0x0000000742100000|  0%| F|  |TAMS 0x0000000742000000, 0x0000000742000000| Untracked 
| 113|0x0000000742100000, 0x0000000742100000, 0x0000000742200000|  0%| F|  |TAMS 0x0000000742100000, 0x0000000742100000| Untracked 
| 114|0x0000000742200000, 0x0000000742200000, 0x0000000742300000|  0%| F|  |TAMS 0x0000000742200000, 0x0000000742200000| Untracked 
| 115|0x0000000742300000, 0x0000000742300000, 0x0000000742400000|  0%| F|  |TAMS 0x0000000742300000, 0x0000000742300000| Untracked 
| 116|0x0000000742400000, 0x0000000742400000, 0x0000000742500000|  0%| F|  |TAMS 0x0000000742400000, 0x0000000742400000| Untracked 
| 117|0x0000000742500000, 0x0000000742500000, 0x0000000742600000|  0%| F|  |TAMS 0x0000000742500000, 0x0000000742500000| Untracked 
| 118|0x0000000742600000, 0x0000000742600000, 0x0000000742700000|  0%| F|  |TAMS 0x0000000742600000, 0x0000000742600000| Untracked 
| 119|0x0000000742700000, 0x0000000742700000, 0x0000000742800000|  0%| F|  |TAMS 0x0000000742700000, 0x0000000742700000| Untracked 
| 120|0x0000000742800000, 0x0000000742800000, 0x0000000742900000|  0%| F|  |TAMS 0x0000000742800000, 0x0000000742800000| Untracked 
| 121|0x0000000742900000, 0x0000000742900000, 0x0000000742a00000|  0%| F|  |TAMS 0x0000000742900000, 0x0000000742900000| Untracked 
| 122|0x0000000742a00000, 0x0000000742a00000, 0x0000000742b00000|  0%| F|  |TAMS 0x0000000742a00000, 0x0000000742a00000| Untracked 
| 123|0x0000000742b00000, 0x0000000742b00000, 0x0000000742c00000|  0%| F|  |TAMS 0x0000000742b00000, 0x0000000742b00000| Untracked 
| 124|0x0000000742c00000, 0x0000000742c00000, 0x0000000742d00000|  0%| F|  |TAMS 0x0000000742c00000, 0x0000000742c00000| Untracked 
| 125|0x0000000742d00000, 0x0000000742d00000, 0x0000000742e00000|  0%| F|  |TAMS 0x0000000742d00000, 0x0000000742d00000| Untracked 
| 126|0x0000000742e00000, 0x0000000742e00000, 0x0000000742f00000|  0%| F|  |TAMS 0x0000000742e00000, 0x0000000742e00000| Untracked 
| 127|0x0000000742f00000, 0x0000000742f00000, 0x0000000743000000|  0%| F|  |TAMS 0x0000000742f00000, 0x0000000742f00000| Untracked 
| 128|0x0000000743000000, 0x0000000743000000, 0x0000000743100000|  0%| F|  |TAMS 0x0000000743000000, 0x0000000743000000| Untracked 
| 129|0x0000000743100000, 0x0000000743100000, 0x0000000743200000|  0%| F|  |TAMS 0x0000000743100000, 0x0000000743100000| Untracked 
| 130|0x0000000743200000, 0x0000000743200000, 0x0000000743300000|  0%| F|  |TAMS 0x0000000743200000, 0x0000000743200000| Untracked 
| 131|0x0000000743300000, 0x0000000743300000, 0x0000000743400000|  0%| F|  |TAMS 0x0000000743300000, 0x0000000743300000| Untracked 
| 132|0x0000000743400000, 0x0000000743400000, 0x0000000743500000|  0%| F|  |TAMS 0x0000000743400000, 0x0000000743400000| Untracked 
| 133|0x0000000743500000, 0x0000000743500000, 0x0000000743600000|  0%| F|  |TAMS 0x0000000743500000, 0x0000000743500000| Untracked 
| 134|0x0000000743600000, 0x0000000743600000, 0x0000000743700000|  0%| F|  |TAMS 0x0000000743600000, 0x0000000743600000| Untracked 
| 135|0x0000000743700000, 0x0000000743700000, 0x0000000743800000|  0%| F|  |TAMS 0x0000000743700000, 0x0000000743700000| Untracked 
| 136|0x0000000743800000, 0x0000000743800000, 0x0000000743900000|  0%| F|  |TAMS 0x0000000743800000, 0x0000000743800000| Untracked 
| 137|0x0000000743900000, 0x0000000743900000, 0x0000000743a00000|  0%| F|  |TAMS 0x0000000743900000, 0x0000000743900000| Untracked 
| 138|0x0000000743a00000, 0x0000000743a00000, 0x0000000743b00000|  0%| F|  |TAMS 0x0000000743a00000, 0x0000000743a00000| Untracked 
| 139|0x0000000743b00000, 0x0000000743b00000, 0x0000000743c00000|  0%| F|  |TAMS 0x0000000743b00000, 0x0000000743b00000| Untracked 
| 140|0x0000000743c00000, 0x0000000743c00000, 0x0000000743d00000|  0%| F|  |TAMS 0x0000000743c00000, 0x0000000743c00000| Untracked 
| 141|0x0000000743d00000, 0x0000000743d00000, 0x0000000743e00000|  0%| F|  |TAMS 0x0000000743d00000, 0x0000000743d00000| Untracked 
| 142|0x0000000743e00000, 0x0000000743e00000, 0x0000000743f00000|  0%| F|  |TAMS 0x0000000743e00000, 0x0000000743e00000| Untracked 
| 143|0x0000000743f00000, 0x0000000743f00000, 0x0000000744000000|  0%| F|  |TAMS 0x0000000743f00000, 0x0000000743f00000| Untracked 
| 144|0x0000000744000000, 0x0000000744000000, 0x0000000744100000|  0%| F|  |TAMS 0x0000000744000000, 0x0000000744000000| Untracked 
| 145|0x0000000744100000, 0x0000000744100000, 0x0000000744200000|  0%| F|  |TAMS 0x0000000744100000, 0x0000000744100000| Untracked 
| 146|0x0000000744200000, 0x0000000744200000, 0x0000000744300000|  0%| F|  |TAMS 0x0000000744200000, 0x0000000744200000| Untracked 
| 147|0x0000000744300000, 0x0000000744300000, 0x0000000744400000|  0%| F|  |TAMS 0x0000000744300000, 0x0000000744300000| Untracked 
| 148|0x0000000744400000, 0x0000000744400000, 0x0000000744500000|  0%| F|  |TAMS 0x0000000744400000, 0x0000000744400000| Untracked 
| 149|0x0000000744500000, 0x0000000744500000, 0x0000000744600000|  0%| F|  |TAMS 0x0000000744500000, 0x0000000744500000| Untracked 
| 150|0x0000000744600000, 0x0000000744600000, 0x0000000744700000|  0%| F|  |TAMS 0x0000000744600000, 0x0000000744600000| Untracked 
| 151|0x0000000744700000, 0x0000000744700000, 0x0000000744800000|  0%| F|  |TAMS 0x0000000744700000, 0x0000000744700000| Untracked 
| 152|0x0000000744800000, 0x0000000744800000, 0x0000000744900000|  0%| F|  |TAMS 0x0000000744800000, 0x0000000744800000| Untracked 
| 153|0x0000000744900000, 0x0000000744900000, 0x0000000744a00000|  0%| F|  |TAMS 0x0000000744900000, 0x0000000744900000| Untracked 
| 154|0x0000000744a00000, 0x0000000744a00000, 0x0000000744b00000|  0%| F|  |TAMS 0x0000000744a00000, 0x0000000744a00000| Untracked 
| 155|0x0000000744b00000, 0x0000000744b00000, 0x0000000744c00000|  0%| F|  |TAMS 0x0000000744b00000, 0x0000000744b00000| Untracked 
| 156|0x0000000744c00000, 0x0000000744c00000, 0x0000000744d00000|  0%| F|  |TAMS 0x0000000744c00000, 0x0000000744c00000| Untracked 
| 157|0x0000000744d00000, 0x0000000744d00000, 0x0000000744e00000|  0%| F|  |TAMS 0x0000000744d00000, 0x0000000744d00000| Untracked 
| 158|0x0000000744e00000, 0x0000000744e00000, 0x0000000744f00000|  0%| F|  |TAMS 0x0000000744e00000, 0x0000000744e00000| Untracked 
| 159|0x0000000744f00000, 0x0000000744f00000, 0x0000000745000000|  0%| F|  |TAMS 0x0000000744f00000, 0x0000000744f00000| Untracked 
| 160|0x0000000745000000, 0x0000000745000000, 0x0000000745100000|  0%| F|  |TAMS 0x0000000745000000, 0x0000000745000000| Untracked 
| 161|0x0000000745100000, 0x0000000745100000, 0x0000000745200000|  0%| F|  |TAMS 0x0000000745100000, 0x0000000745100000| Untracked 
| 162|0x0000000745200000, 0x0000000745200000, 0x0000000745300000|  0%| F|  |TAMS 0x0000000745200000, 0x0000000745200000| Untracked 
| 163|0x0000000745300000, 0x0000000745300000, 0x0000000745400000|  0%| F|  |TAMS 0x0000000745300000, 0x0000000745300000| Untracked 
| 164|0x0000000745400000, 0x0000000745400000, 0x0000000745500000|  0%| F|  |TAMS 0x0000000745400000, 0x0000000745400000| Untracked 
| 165|0x0000000745500000, 0x0000000745500000, 0x0000000745600000|  0%| F|  |TAMS 0x0000000745500000, 0x0000000745500000| Untracked 
| 166|0x0000000745600000, 0x0000000745600000, 0x0000000745700000|  0%| F|  |TAMS 0x0000000745600000, 0x0000000745600000| Untracked 
| 167|0x0000000745700000, 0x0000000745700000, 0x0000000745800000|  0%| F|  |TAMS 0x0000000745700000, 0x0000000745700000| Untracked 
| 168|0x0000000745800000, 0x0000000745800000, 0x0000000745900000|  0%| F|  |TAMS 0x0000000745800000, 0x0000000745800000| Untracked 
| 169|0x0000000745900000, 0x0000000745900000, 0x0000000745a00000|  0%| F|  |TAMS 0x0000000745900000, 0x0000000745900000| Untracked 
| 170|0x0000000745a00000, 0x0000000745a00000, 0x0000000745b00000|  0%| F|  |TAMS 0x0000000745a00000, 0x0000000745a00000| Untracked 
| 171|0x0000000745b00000, 0x0000000745b00000, 0x0000000745c00000|  0%| F|  |TAMS 0x0000000745b00000, 0x0000000745b00000| Untracked 
| 172|0x0000000745c00000, 0x0000000745c00000, 0x0000000745d00000|  0%| F|  |TAMS 0x0000000745c00000, 0x0000000745c00000| Untracked 
| 173|0x0000000745d00000, 0x0000000745d00000, 0x0000000745e00000|  0%| F|  |TAMS 0x0000000745d00000, 0x0000000745d00000| Untracked 
| 174|0x0000000745e00000, 0x0000000745e00000, 0x0000000745f00000|  0%| F|  |TAMS 0x0000000745e00000, 0x0000000745e00000| Untracked 
| 175|0x0000000745f00000, 0x0000000745f00000, 0x0000000746000000|  0%| F|  |TAMS 0x0000000745f00000, 0x0000000745f00000| Untracked 
| 176|0x0000000746000000, 0x0000000746000000, 0x0000000746100000|  0%| F|  |TAMS 0x0000000746000000, 0x0000000746000000| Untracked 
| 177|0x0000000746100000, 0x000000074617b6c0, 0x0000000746200000| 48%| E|  |TAMS 0x0000000746100000, 0x0000000746100000| Complete 
| 178|0x0000000746200000, 0x0000000746300000, 0x0000000746300000|100%| E|CS|TAMS 0x0000000746200000, 0x0000000746200000| Complete 
| 179|0x0000000746300000, 0x0000000746400000, 0x0000000746400000|100%| E|CS|TAMS 0x0000000746300000, 0x0000000746300000| Complete 
| 180|0x0000000746400000, 0x0000000746500000, 0x0000000746500000|100%| E|CS|TAMS 0x0000000746400000, 0x0000000746400000| Complete 
| 181|0x0000000746500000, 0x0000000746600000, 0x0000000746600000|100%| E|CS|TAMS 0x0000000746500000, 0x0000000746500000| Complete 
| 182|0x0000000746600000, 0x0000000746700000, 0x0000000746700000|100%| E|CS|TAMS 0x0000000746600000, 0x0000000746600000| Complete 
| 183|0x0000000746700000, 0x0000000746800000, 0x0000000746800000|100%| E|CS|TAMS 0x0000000746700000, 0x0000000746700000| Complete 
| 184|0x0000000746800000, 0x0000000746900000, 0x0000000746900000|100%| E|CS|TAMS 0x0000000746800000, 0x0000000746800000| Complete 
| 185|0x0000000746900000, 0x0000000746a00000, 0x0000000746a00000|100%| E|CS|TAMS 0x0000000746900000, 0x0000000746900000| Complete 
| 186|0x0000000746a00000, 0x0000000746b00000, 0x0000000746b00000|100%| E|CS|TAMS 0x0000000746a00000, 0x0000000746a00000| Complete 
| 187|0x0000000746b00000, 0x0000000746c00000, 0x0000000746c00000|100%| E|CS|TAMS 0x0000000746b00000, 0x0000000746b00000| Complete 
| 188|0x0000000746c00000, 0x0000000746d00000, 0x0000000746d00000|100%| E|  |TAMS 0x0000000746c00000, 0x0000000746c00000| Complete 
| 189|0x0000000746d00000, 0x0000000746e00000, 0x0000000746e00000|100%| E|CS|TAMS 0x0000000746d00000, 0x0000000746d00000| Complete 
| 190|0x0000000746e00000, 0x0000000746f00000, 0x0000000746f00000|100%| E|CS|TAMS 0x0000000746e00000, 0x0000000746e00000| Complete 
| 191|0x0000000746f00000, 0x0000000747000000, 0x0000000747000000|100%| E|CS|TAMS 0x0000000746f00000, 0x0000000746f00000| Complete 
| 192|0x0000000747000000, 0x0000000747100000, 0x0000000747100000|100%| E|CS|TAMS 0x0000000747000000, 0x0000000747000000| Complete 
| 193|0x0000000747100000, 0x0000000747200000, 0x0000000747200000|100%| E|CS|TAMS 0x0000000747100000, 0x0000000747100000| Complete 
| 194|0x0000000747200000, 0x0000000747300000, 0x0000000747300000|100%| E|CS|TAMS 0x0000000747200000, 0x0000000747200000| Complete 
| 195|0x0000000747300000, 0x0000000747400000, 0x0000000747400000|100%| E|CS|TAMS 0x0000000747300000, 0x0000000747300000| Complete 
| 196|0x0000000747400000, 0x0000000747500000, 0x0000000747500000|100%| E|CS|TAMS 0x0000000747400000, 0x0000000747400000| Complete 
| 197|0x0000000747500000, 0x0000000747600000, 0x0000000747600000|100%| E|CS|TAMS 0x0000000747500000, 0x0000000747500000| Complete 
|2126|0x00000007bfe00000, 0x00000007bfe48000, 0x00000007bff00000| 28%|OA|  |TAMS 0x00000007bfe00000, 0x00000007bfe00000| Untracked 
|2127|0x00000007bff00000, 0x00000007bff6b000, 0x00000007c0000000| 41%|CA|  |TAMS 0x00000007bff00000, 0x00000007bff00000| Untracked 

Card table byte_map: [0x00007f6c321ae000,0x00007f6c327d6000] _byte_map_base: 0x00007f6c2e7d6000

Marking Bits (Prev, Next): (CMBitMap*) 0x00007f6c2c06d4f8, (CMBitMap*) 0x00007f6c2c06d530
 Prev Bits: [0x00007f6c0cec0000, 0x00007f6c10000000)
 Next Bits: [0x00007f6c09d80000, 0x00007f6c0cec0000)

Polling page: 0x00007f6c352a4000

Metaspace:

Usage:
  Non-class:      5.68 MB capacity,     2.98 MB ( 52%) used,     2.70 MB ( 47%) free+waste,     4.19 KB ( <1%) overhead. 
      Class:    668.00 KB capacity,   392.25 KB ( 59%) used,   273.69 KB ( 41%) free+waste,     2.06 KB ( <1%) overhead. 
       Both:      6.33 MB capacity,     3.36 MB ( 53%) used,     2.96 MB ( 47%) free+waste,     6.25 KB ( <1%) overhead. 

Virtual space:
  Non-class space:        8.00 MB reserved,       5.75 MB ( 72%) committed 
      Class space:        1.00 GB reserved,     768.00 KB ( <1%) committed 
             Both:        1.01 GB reserved,       6.50 MB ( <1%) committed 

Chunk freelists:
   Non-Class:  44.00 KB
       Class:  4.00 KB
        Both:  48.00 KB

MaxMetaspaceSize: unlimited
CompressedClassSpaceSize: 1.00 GB
Initial GC threshold: 20.80 MB
Current GC threshold: 20.80 MB
CDS: on

CodeHeap 'non-profiled nmethods': size=120032Kb used=184Kb max_used=184Kb free=119847Kb
 bounds [0x00007f6c1c2c5000, 0x00007f6c1c535000, 0x00007f6c237fd000]
CodeHeap 'profiled nmethods': size=120028Kb used=1229Kb max_used=1229Kb free=118798Kb
 bounds [0x00007f6c14d8e000, 0x00007f6c14ffe000, 0x00007f6c1c2c5000]
CodeHeap 'non-nmethods': size=5700Kb used=1146Kb max_used=1173Kb free=4553Kb
 bounds [0x00007f6c147fd000, 0x00007f6c14a6d000, 0x00007f6c14d8e000]
 total_blobs=1066 nmethods=671 adapters=309
 compilation: enabled
              stopped_count=0, restarted_count=0
 full_count=0

Compilation events (20 events):
Event: 0.250 Thread 0x00007f6c2c197000  663       3       jdk.internal.loader.URLClassPath$JarLoader$2::getManifest (26 bytes)
Event: 0.250 Thread 0x00007f6c2c197000 nmethod 663 0x00007f6c14eb9f10 code [0x00007f6c14eba120, 0x00007f6c14eba620]
Event: 0.251 Thread 0x00007f6c2c197000  664   !   3       jdk.internal.loader.URLClassPath$JarLoader::checkResource (78 bytes)
Event: 0.251 Thread 0x00007f6c2c197000 nmethod 664 0x00007f6c14eba890 code [0x00007f6c14ebaae0, 0x00007f6c14ebb500]
Event: 0.251 Thread 0x00007f6c2c197000  665       1       sun.nio.fs.NativeBuffer::address (5 bytes)
Event: 0.251 Thread 0x00007f6c2c197000 nmethod 665 0x00007f6c1c2f2a90 code [0x00007f6c1c2f2c40, 0x00007f6c1c2f2d10]
Event: 0.252 Thread 0x00007f6c2c197000  666       3       sun.reflect.annotation.AnnotationInvocationHandler::invoke (178 bytes)
Event: 0.252 Thread 0x00007f6bdc239800  670       4       java.lang.String::indexOf (7 bytes)
Event: 0.253 Thread 0x00007f6c2c197000 nmethod 666 0x00007f6c14ebb990 code [0x00007f6c14ebbca0, 0x00007f6c14ebce00]
Event: 0.253 Thread 0x00007f6c2c197000  668       3       java.util.Arrays$ArrayItr::hasNext (18 bytes)
Event: 0.253 Thread 0x00007f6c2c197000 nmethod 668 0x00007f6c14ebd390 code [0x00007f6c14ebd540, 0x00007f6c14ebd6d0]
Event: 0.253 Thread 0x00007f6c2c197000  669       3       java.net.URLStreamHandler::toExternalForm (156 bytes)
Event: 0.254 Thread 0x00007f6c2c197000 nmethod 669 0x00007f6c14ebd790 code [0x00007f6c14ebdc40, 0x00007f6c14ebfcb0]
Event: 0.254 Thread 0x00007f6c2c197000  667       3       java.lang.reflect.Method::getParameterCount (6 bytes)
Event: 0.254 Thread 0x00007f6c2c197000 nmethod 667 0x00007f6c14ec0690 code [0x00007f6c14ec0840, 0x00007f6c14ec0970]
Event: 0.255 Thread 0x00007f6bdc239800 nmethod 670 0x00007f6c1c2f2d90 code [0x00007f6c1c2f2f20, 0x00007f6c1c2f30f8]
Event: 0.255 Thread 0x00007f6c2c197000  671       3       java.nio.ByteBuffer::arrayOffset (35 bytes)
Event: 0.255 Thread 0x00007f6c2c197000 nmethod 671 0x00007f6c14ec0a10 code [0x00007f6c14ec0be0, 0x00007f6c14ec0ed0]
Event: 0.255 Thread 0x00007f6c2c197000  672       3       java.nio.CharBuffer::arrayOffset (35 bytes)
Event: 0.255 Thread 0x00007f6c2c197000 nmethod 672 0x00007f6c14ec1010 code [0x00007f6c14ec11e0, 0x00007f6c14ec14d0]

GC Heap History (0 events):
No events

Deoptimization events (16 events):
Event: 0.066 Thread 0x00007f6c2c016800 Uncommon trap: trap_request=0xffffff4d fr.pc=0x00007f6c1c2c9388 relative=0x0000000000000068
Event: 0.066 Thread 0x00007f6c2c016800 Uncommon trap: reason=unstable_if action=reinterpret pc=0x00007f6c1c2c9388 method=java.lang.String.isLatin1()Z @ 10 c2
Event: 0.066 Thread 0x00007f6c2c016800 DEOPT PACKING pc=0x00007f6c1c2c9388 sp=0x00007f6c33a5e430
Event: 0.066 Thread 0x00007f6c2c016800 DEOPT UNPACKING pc=0x00007f6c148052a5 sp=0x00007f6c33a5e3e0 mode 2
Event: 0.115 Thread 0x00007f6c2c016800 Uncommon trap: trap_request=0xffffff4d fr.pc=0x00007f6c1c2d19a0 relative=0x0000000000000360
Event: 0.115 Thread 0x00007f6c2c016800 Uncommon trap: reason=unstable_if action=reinterpret pc=0x00007f6c1c2d19a0 method=java.lang.StringLatin1.indexOf([BI[BII)I @ 91 c2
Event: 0.115 Thread 0x00007f6c2c016800 DEOPT PACKING pc=0x00007f6c1c2d19a0 sp=0x00007f6c33a5ba60
Event: 0.115 Thread 0x00007f6c2c016800 DEOPT UNPACKING pc=0x00007f6c148052a5 sp=0x00007f6c33a5b9e0 mode 2
Event: 0.117 Thread 0x00007f6c2c016800 DEOPT PACKING pc=0x00007f6c14da4ec3 sp=0x00007f6c33a58d30
Event: 0.117 Thread 0x00007f6c2c016800 DEOPT UNPACKING pc=0x00007f6c148469fa sp=0x00007f6c33a58220 mode 0
Event: 0.135 Thread 0x00007f6c2c016800 Uncommon trap: trap_request=0xffffff4d fr.pc=0x00007f6c1c2d210c relative=0x000000000000024c
Event: 0.135 Thread 0x00007f6c2c016800 Uncommon trap: reason=unstable_if action=reinterpret pc=0x00007f6c1c2d210c method=java.lang.String.startsWith(Ljava/lang/String;I)Z @ 14 c2
Event: 0.135 Thread 0x00007f6c2c016800 DEOPT PACKING pc=0x00007f6c1c2d210c sp=0x00007f6c33a5d4d0
Event: 0.135 Thread 0x00007f6c2c016800 DEOPT UNPACKING pc=0x00007f6c148052a5 sp=0x00007f6c33a5d458 mode 2
Event: 0.135 Thread 0x00007f6c2c016800 DEOPT PACKING pc=0x00007f6c14e1fb42 sp=0x00007f6c33a5c7a0
Event: 0.135 Thread 0x00007f6c2c016800 DEOPT UNPACKING pc=0x00007f6c148469fa sp=0x00007f6c33a5bc28 mode 0

Classes redefined (0 events):
No events

Internal exceptions (20 events):
Event: 0.117 Thread 0x00007f6c2c016800 Exception <a 'java/security/PrivilegedActionException'{0x00000007471027f8}> (0x00000007471027f8) thrown at [src/hotspot/share/prims/jvm.cpp, line 1304]
Event: 0.117 Thread 0x00007f6c2c016800 Exception <a 'java/security/PrivilegedActionException'{0x0000000747102ac8}> (0x0000000747102ac8) thrown at [src/hotspot/share/prims/jvm.cpp, line 1304]
Event: 0.117 Thread 0x00007f6c2c016800 Exception <a 'java/security/PrivilegedActionException'{0x0000000747103590}> (0x0000000747103590) thrown at [src/hotspot/share/prims/jvm.cpp, line 1304]
Event: 0.117 Thread 0x00007f6c2c016800 Exception <a 'java/security/PrivilegedActionException'{0x0000000747103860}> (0x0000000747103860) thrown at [src/hotspot/share/prims/jvm.cpp, line 1304]
Event: 0.117 Thread 0x00007f6c2c016800 Exception <a 'java/security/PrivilegedActionException'{0x0000000747104330}> (0x0000000747104330) thrown at [src/hotspot/share/prims/jvm.cpp, line 1304]
Event: 0.117 Thread 0x00007f6c2c016800 Exception <a 'java/security/PrivilegedActionException'{0x0000000747104600}> (0x0000000747104600) thrown at [src/hotspot/share/prims/jvm.cpp, line 1304]
Event: 0.117 Thread 0x00007f6c2c016800 Exception <a 'java/security/PrivilegedActionException'{0x00000007471050d0}> (0x00000007471050d0) thrown at [src/hotspot/share/prims/jvm.cpp, line 1304]
Event: 0.117 Thread 0x00007f6c2c016800 Exception <a 'java/security/PrivilegedActionException'{0x00000007471053a0}> (0x00000007471053a0) thrown at [src/hotspot/share/prims/jvm.cpp, line 1304]
Event: 0.117 Thread 0x00007f6c2c016800 Exception <a 'java/security/PrivilegedActionException'{0x0000000747105e90}> (0x0000000747105e90) thrown at [src/hotspot/share/prims/jvm.cpp, line 1304]
Event: 0.117 Thread 0x00007f6c2c016800 Exception <a 'java/security/PrivilegedActionException'{0x0000000747106160}> (0x0000000747106160) thrown at [src/hotspot/share/prims/jvm.cpp, line 1304]
Event: 0.117 Thread 0x00007f6c2c016800 Exception <a 'java/security/PrivilegedActionException'{0x0000000747106c30}> (0x0000000747106c30) thrown at [src/hotspot/share/prims/jvm.cpp, line 1304]
Event: 0.117 Thread 0x00007f6c2c016800 Exception <a 'java/security/PrivilegedActionException'{0x0000000747106f00}> (0x0000000747106f00) thrown at [src/hotspot/share/prims/jvm.cpp, line 1304]
Event: 0.117 Thread 0x00007f6c2c016800 Exception <a 'java/security/PrivilegedActionException'{0x00000007471079f8}> (0x00000007471079f8) thrown at [src/hotspot/share/prims/jvm.cpp, line 1304]
Event: 0.117 Thread 0x00007f6c2c016800 Exception <a 'java/security/PrivilegedActionException'{0x0000000747107cc8}> (0x0000000747107cc8) thrown at [src/hotspot/share/prims/jvm.cpp, line 1304]
Event: 0.143 Thread 0x00007f6c2c016800 Exception <a 'java/lang/NoSuchMethodError'{0x00000007470a0cf8}: 'int java.lang.invoke.DirectMethodHandle$Holder.invokeStaticInit(java.lang.Object, java.lang.Object, java.lang.Object, java.lang.Object)'> (0x00000007470a0cf8) thrown at [src/hotspot/share/interpreter/linkResolver.cpp, line 772]
Event: 0.144 Thread 0x00007f6c2c016800 Exception <a 'java/lang/IncompatibleClassChangeError'{0x00000007470ab1e0}: Found class java.lang.Object, but interface was expected> (0x00000007470ab1e0) thrown at [src/hotspot/share/interpreter/linkResolver.cpp, line 839]
Event: 0.145 Thread 0x00007f6c2c016800 Exception <a 'java/lang/NoSuchMethodError'{0x00000007470ae430}: 'void java.lang.invoke.DirectMethodHandle$Holder.invokeStaticInit(java.lang.Object, java.lang.Object)'> (0x00000007470ae430) thrown at [src/hotspot/share/interpreter/linkResolver.cpp, line 772]
Event: 0.146 Thread 0x00007f6c2c016800 Exception <a 'java/lang/NoSuchMethodError'{0x00000007470b4100}: 'int java.lang.invoke.DirectMethodHandle$Holder.invokeStaticInit(java.lang.Object, java.lang.Object)'> (0x00000007470b4100) thrown at [src/hotspot/share/interpreter/linkResolver.cpp, line 772]
Event: 0.188 Thread 0x00007f6c2c016800 Exception <a 'java/security/PrivilegedActionException'{0x0000000746e31f78}> (0x0000000746e31f78) thrown at [src/hotspot/share/prims/jvm.cpp, line 1304]
Event: 0.188 Thread 0x00007f6c2c016800 Exception <a 'java/security/PrivilegedActionException'{0x0000000746e32248}> (0x0000000746e32248) thrown at [src/hotspot/share/prims/jvm.cpp, line 1304]

Events (20 events):
Event: 0.250 loading class org/bytedeco/llvm/LLVM/LLVMRelocationIteratorRef
Event: 0.250 loading class org/bytedeco/llvm/LLVM/LLVMRelocationIteratorRef done
Event: 0.250 loading class org/bytedeco/llvm/LLVM/LLVMObjectFileRef
Event: 0.250 loading class org/bytedeco/llvm/LLVM/LLVMObjectFileRef done
Event: 0.250 loading class org/bytedeco/llvm/LLVM/LLVMTargetRef
Event: 0.250 loading class org/bytedeco/llvm/LLVM/LLVMTargetRef done
Event: 0.250 loading class org/bytedeco/llvm/LLVM/LLVMPassManagerBuilderRef
Event: 0.250 loading class org/bytedeco/llvm/LLVM/LLVMPassManagerBuilderRef done
Event: 0.251 loading class org/bytedeco/llvm/LLVM/LLVMPassBuilderOptionsRef
Event: 0.251 loading class org/bytedeco/llvm/LLVM/LLVMPassBuilderOptionsRef done
Event: 0.251 loading class org/bytedeco/llvm/LLVM/Pass
Event: 0.251 loading class org/bytedeco/llvm/LLVM/Pass done
Event: 0.251 loading class org/bytedeco/llvm/LLVM/LLVMNamedMDNodeRef
Event: 0.251 loading class org/bytedeco/llvm/LLVM/LLVMNamedMDNodeRef done
Event: 0.251 loading class org/bytedeco/llvm/LLVM/LLVMUseRef
Event: 0.251 loading class org/bytedeco/llvm/LLVM/LLVMUseRef done
Event: 0.255 loading class org/bytedeco/javacpp/PointerScope
Event: 0.255 loading class org/bytedeco/javacpp/PointerScope done
Event: 0.256 loading class org/bytedeco/javacpp/PointerScope$1
Event: 0.256 loading class org/bytedeco/javacpp/PointerScope$1 done


Dynamic libraries:
73b000000-747600000 rw-p 00000000 00:00 0 
747600000-7bfe00000 ---p 00000000 00:00 0 
7bfe00000-7bfe48000 rw-p 00b0a000 08:10 51914                            /usr/lib/jvm/java-11-openjdk-amd64/lib/server/classes.jsa
7bfe48000-7bff00000 rw-p 00000000 00:00 0 
7bff00000-7bff6b000 rw-p 00a9f000 08:10 51914                            /usr/lib/jvm/java-11-openjdk-amd64/lib/server/classes.jsa
7bff6b000-7c0000000 rw-p 00000000 00:00 0 
7c0000000-800000000 ---p 00000000 00:00 0 
800000000-800002000 rwxp 00001000 08:10 51914                            /usr/lib/jvm/java-11-openjdk-amd64/lib/server/classes.jsa
800002000-8003cc000 rw-p 00003000 08:10 51914                            /usr/lib/jvm/java-11-openjdk-amd64/lib/server/classes.jsa
8003cc000-800a9d000 r--p 003cd000 08:10 51914                            /usr/lib/jvm/java-11-openjdk-amd64/lib/server/classes.jsa
800a9d000-800a9e000 rw-p 00a9e000 08:10 51914                            /usr/lib/jvm/java-11-openjdk-amd64/lib/server/classes.jsa
840000000-8400c0000 rw-p 00000000 00:00 0 
8400c0000-880000000 ---p 00000000 00:00 0 
55fb25179000-55fb2517a000 r--p 00000000 08:10 51492                      /usr/lib/jvm/java-11-openjdk-amd64/bin/java
55fb2517a000-55fb2517b000 r-xp 00001000 08:10 51492                      /usr/lib/jvm/java-11-openjdk-amd64/bin/java
55fb2517b000-55fb2517c000 r--p 00002000 08:10 51492                      /usr/lib/jvm/java-11-openjdk-amd64/bin/java
55fb2517c000-55fb2517d000 r--p 00002000 08:10 51492                      /usr/lib/jvm/java-11-openjdk-amd64/bin/java
55fb2517d000-55fb2517e000 rw-p 00003000 08:10 51492                      /usr/lib/jvm/java-11-openjdk-amd64/bin/java
55fb25bc8000-55fb25be9000 rw-p 00000000 00:00 0                          [heap]
7f6bb4000000-7f6bb4025000 rw-p 00000000 00:00 0 
7f6bb4025000-7f6bb8000000 ---p 00000000 00:00 0 
7f6bbc000000-7f6bbc04a000 rw-p 00000000 00:00 0 
7f6bbc04a000-7f6bc0000000 ---p 00000000 00:00 0 
7f6bc152c000-7f6bc1e52000 r--p 00000000 08:10 59050                      /root/.javacpp/cache/llvm-13.0.1-1.5.7-linux-x86_64.jar/org/bytedeco/llvm/linux-x86_64/libLLVM-13.so
7f6bc1e52000-7f6bc5815000 r-xp 00926000 08:10 59050                      /root/.javacpp/cache/llvm-13.0.1-1.5.7-linux-x86_64.jar/org/bytedeco/llvm/linux-x86_64/libLLVM-13.so
7f6bc5815000-7f6bc7a6a000 r--p 042e9000 08:10 59050                      /root/.javacpp/cache/llvm-13.0.1-1.5.7-linux-x86_64.jar/org/bytedeco/llvm/linux-x86_64/libLLVM-13.so
7f6bc7a6a000-7f6bc7f7f000 r--p 0653d000 08:10 59050                      /root/.javacpp/cache/llvm-13.0.1-1.5.7-linux-x86_64.jar/org/bytedeco/llvm/linux-x86_64/libLLVM-13.so
7f6bc7f7f000-7f6bc7f8a000 rw-p 06a52000 08:10 59050                      /root/.javacpp/cache/llvm-13.0.1-1.5.7-linux-x86_64.jar/org/bytedeco/llvm/linux-x86_64/libLLVM-13.so
7f6bc7f8a000-7f6bc8000000 rw-p 00000000 00:00 0 
7f6bc8000000-7f6bc8021000 rw-p 00000000 00:00 0 
7f6bc8021000-7f6bcc000000 ---p 00000000 00:00 0 
7f6bcc000000-7f6bcc021000 rw-p 00000000 00:00 0 
7f6bcc021000-7f6bd0000000 ---p 00000000 00:00 0 
7f6bd0000000-7f6bd0021000 rw-p 00000000 00:00 0 
7f6bd0021000-7f6bd4000000 ---p 00000000 00:00 0 
7f6bd4000000-7f6bd4021000 rw-p 00000000 00:00 0 
7f6bd4021000-7f6bd8000000 ---p 00000000 00:00 0 
7f6bd8000000-7f6bd83c3000 rw-p 00000000 00:00 0 
7f6bd83c3000-7f6bdc000000 ---p 00000000 00:00 0 
7f6bdc000000-7f6bdc309000 rw-p 00000000 00:00 0 
7f6bdc309000-7f6be0000000 ---p 00000000 00:00 0 
7f6be0000000-7f6be0021000 rw-p 00000000 00:00 0 
7f6be0021000-7f6be4000000 ---p 00000000 00:00 0 
7f6be4000000-7f6be4021000 rw-p 00000000 00:00 0 
7f6be4021000-7f6be8000000 ---p 00000000 00:00 0 
7f6be8000000-7f6be8021000 rw-p 00000000 00:00 0 
7f6be8021000-7f6bec000000 ---p 00000000 00:00 0 
7f6bec000000-7f6bec021000 rw-p 00000000 00:00 0 
7f6bec021000-7f6bf0000000 ---p 00000000 00:00 0 
7f6bf0000000-7f6bf0021000 rw-p 00000000 00:00 0 
7f6bf0021000-7f6bf4000000 ---p 00000000 00:00 0 
7f6bf4000000-7f6bf4021000 rw-p 00000000 00:00 0 
7f6bf4021000-7f6bf8000000 ---p 00000000 00:00 0 
7f6bf8000000-7f6bf8021000 rw-p 00000000 00:00 0 
7f6bf8021000-7f6bfc000000 ---p 00000000 00:00 0 
7f6bfc000000-7f6bfc021000 rw-p 00000000 00:00 0 
7f6bfc021000-7f6c00000000 ---p 00000000 00:00 0 
7f6c02000000-7f6c04000000 rw-p 00000000 00:00 0 
7f6c04000000-7f6c04021000 rw-p 00000000 00:00 0 
7f6c04021000-7f6c08000000 ---p 00000000 00:00 0 
7f6c09774000-7f6c097d9000 r--p 00000000 08:10 59056                      /root/.javacpp/cache/llvm-13.0.1-1.5.7-linux-x86_64.jar/org/bytedeco/llvm/linux-x86_64/libjniLLVM.so
7f6c097d9000-7f6c09847000 r-xp 00065000 08:10 59056                      /root/.javacpp/cache/llvm-13.0.1-1.5.7-linux-x86_64.jar/org/bytedeco/llvm/linux-x86_64/libjniLLVM.so
7f6c09847000-7f6c09872000 r--p 000d3000 08:10 59056                      /root/.javacpp/cache/llvm-13.0.1-1.5.7-linux-x86_64.jar/org/bytedeco/llvm/linux-x86_64/libjniLLVM.so
7f6c09872000-7f6c09875000 r--p 000fd000 08:10 59056                      /root/.javacpp/cache/llvm-13.0.1-1.5.7-linux-x86_64.jar/org/bytedeco/llvm/linux-x86_64/libjniLLVM.so
7f6c09875000-7f6c09878000 rw-p 00100000 08:10 59056                      /root/.javacpp/cache/llvm-13.0.1-1.5.7-linux-x86_64.jar/org/bytedeco/llvm/linux-x86_64/libjniLLVM.so
7f6c09878000-7f6c0987a000 rw-p 00000000 00:00 0 
7f6c0987a000-7f6c0987e000 ---p 00000000 00:00 0 
7f6c0987e000-7f6c0997b000 rw-p 00000000 00:00 0 
7f6c0997b000-7f6c0997f000 ---p 00000000 00:00 0 
7f6c0997f000-7f6c09a7c000 rw-p 00000000 00:00 0 
7f6c09a7c000-7f6c09a80000 ---p 00000000 00:00 0 
7f6c09a80000-7f6c09b7d000 rw-p 00000000 00:00 0 
7f6c09b7d000-7f6c09b81000 ---p 00000000 00:00 0 
7f6c09b81000-7f6c09c7e000 rw-p 00000000 00:00 0 
7f6c09c7e000-7f6c09c7f000 ---p 00000000 00:00 0 
7f6c09c7f000-7f6c0a098000 rw-p 00000000 00:00 0 
7f6c0a098000-7f6c0beb8000 ---p 00000000 00:00 0 
7f6c0beb8000-7f6c0bec0000 rw-p 00000000 00:00 0 
7f6c0bec0000-7f6c0cec0000 ---p 00000000 00:00 0 
7f6c0cec0000-7f6c0d1d8000 rw-p 00000000 00:00 0 
7f6c0d1d8000-7f6c0eff8000 ---p 00000000 00:00 0 
7f6c0eff8000-7f6c0f000000 rw-p 00000000 00:00 0 
7f6c0f000000-7f6c10000000 ---p 00000000 00:00 0 
7f6c10000000-7f6c10021000 rw-p 00000000 00:00 0 
7f6c10021000-7f6c14000000 ---p 00000000 00:00 0 
7f6c14012000-7f6c14016000 ---p 00000000 00:00 0 
7f6c14016000-7f6c14113000 rw-p 00000000 00:00 0 
7f6c14113000-7f6c14117000 ---p 00000000 00:00 0 
7f6c14117000-7f6c14214000 rw-p 00000000 00:00 0 
7f6c14214000-7f6c14218000 ---p 00000000 00:00 0 
7f6c14218000-7f6c14315000 rw-p 00000000 00:00 0 
7f6c14315000-7f6c14319000 ---p 00000000 00:00 0 
7f6c14319000-7f6c14416000 rw-p 00000000 00:00 0 
7f6c14416000-7f6c1441a000 ---p 00000000 00:00 0 
7f6c1441a000-7f6c14517000 rw-p 00000000 00:00 0 
7f6c14517000-7f6c147fd000 r--p 00000000 08:10 37757                      /usr/lib/locale/locale-archive
7f6c147fd000-7f6c14a6d000 rwxp 00000000 00:00 0 
7f6c14a6d000-7f6c14d8e000 ---p 00000000 00:00 0 
7f6c14d8e000-7f6c14ffe000 rwxp 00000000 00:00 0 
7f6c14ffe000-7f6c1c2c5000 ---p 00000000 00:00 0 
7f6c1c2c5000-7f6c1c535000 rwxp 00000000 00:00 0 
7f6c1c535000-7f6c237fd000 ---p 00000000 00:00 0 
7f6c237fd000-7f6c2c000000 r--s 00000000 08:10 51651                      /usr/lib/jvm/java-11-openjdk-amd64/lib/modules
7f6c2c000000-7f6c2c4ff000 rw-p 00000000 00:00 0 
7f6c2c4ff000-7f6c30000000 ---p 00000000 00:00 0 
7f6c30026000-7f6c30027000 r--p 00000000 08:10 59054                      /root/.javacpp/cache/llvm-13.0.1-1.5.7-linux-x86_64.jar/org/bytedeco/llvm/linux-x86_64/libRemarks.so.13
7f6c30027000-7f6c30028000 r-xp 00001000 08:10 59054                      /root/.javacpp/cache/llvm-13.0.1-1.5.7-linux-x86_64.jar/org/bytedeco/llvm/linux-x86_64/libRemarks.so.13
7f6c30028000-7f6c30029000 r--p 00002000 08:10 59054                      /root/.javacpp/cache/llvm-13.0.1-1.5.7-linux-x86_64.jar/org/bytedeco/llvm/linux-x86_64/libRemarks.so.13
7f6c30029000-7f6c3002a000 r--p 00002000 08:10 59054                      /root/.javacpp/cache/llvm-13.0.1-1.5.7-linux-x86_64.jar/org/bytedeco/llvm/linux-x86_64/libRemarks.so.13
7f6c3002a000-7f6c3002b000 rw-p 00003000 08:10 59054                      /root/.javacpp/cache/llvm-13.0.1-1.5.7-linux-x86_64.jar/org/bytedeco/llvm/linux-x86_64/libRemarks.so.13
7f6c3002b000-7f6c30032000 r--p 00000000 08:10 59052                      /root/.javacpp/cache/llvm-13.0.1-1.5.7-linux-x86_64.jar/org/bytedeco/llvm/linux-x86_64/libLTO.so.13
7f6c30032000-7f6c3003a000 r-xp 00007000 08:10 59052                      /root/.javacpp/cache/llvm-13.0.1-1.5.7-linux-x86_64.jar/org/bytedeco/llvm/linux-x86_64/libLTO.so.13
7f6c3003a000-7f6c3003c000 r--p 0000f000 08:10 59052                      /root/.javacpp/cache/llvm-13.0.1-1.5.7-linux-x86_64.jar/org/bytedeco/llvm/linux-x86_64/libLTO.so.13
7f6c3003c000-7f6c3003d000 r--p 00010000 08:10 59052                      /root/.javacpp/cache/llvm-13.0.1-1.5.7-linux-x86_64.jar/org/bytedeco/llvm/linux-x86_64/libLTO.so.13
7f6c3003d000-7f6c3003e000 rw-p 00011000 08:10 59052                      /root/.javacpp/cache/llvm-13.0.1-1.5.7-linux-x86_64.jar/org/bytedeco/llvm/linux-x86_64/libLTO.so.13
7f6c3003e000-7f6c30042000 r--p 00000000 08:10 59044                      /root/.javacpp/cache/javacpp-1.5.7-linux-x86_64.jar/org/bytedeco/javacpp/linux-x86_64/libjnijavacpp.so
7f6c30042000-7f6c30049000 r-xp 00004000 08:10 59044                      /root/.javacpp/cache/javacpp-1.5.7-linux-x86_64.jar/org/bytedeco/javacpp/linux-x86_64/libjnijavacpp.so
7f6c30049000-7f6c3004d000 r--p 0000b000 08:10 59044                      /root/.javacpp/cache/javacpp-1.5.7-linux-x86_64.jar/org/bytedeco/javacpp/linux-x86_64/libjnijavacpp.so
7f6c3004d000-7f6c3004e000 r--p 0000e000 08:10 59044                      /root/.javacpp/cache/javacpp-1.5.7-linux-x86_64.jar/org/bytedeco/javacpp/linux-x86_64/libjnijavacpp.so
7f6c3004e000-7f6c3004f000 rw-p 0000f000 08:10 59044                      /root/.javacpp/cache/javacpp-1.5.7-linux-x86_64.jar/org/bytedeco/javacpp/linux-x86_64/libjnijavacpp.so
7f6c3004f000-7f6c30080000 rw-p 00000000 00:00 0 
7f6c30080000-7f6c30084000 r--p 00000000 08:10 51641                      /usr/lib/jvm/java-11-openjdk-amd64/lib/libnet.so
7f6c30084000-7f6c30092000 r-xp 00004000 08:10 51641                      /usr/lib/jvm/java-11-openjdk-amd64/lib/libnet.so
7f6c30092000-7f6c30096000 r--p 00012000 08:10 51641                      /usr/lib/jvm/java-11-openjdk-amd64/lib/libnet.so
7f6c30096000-7f6c30097000 r--p 00015000 08:10 51641                      /usr/lib/jvm/java-11-openjdk-amd64/lib/libnet.so
7f6c30097000-7f6c30098000 rw-p 00016000 08:10 51641                      /usr/lib/jvm/java-11-openjdk-amd64/lib/libnet.so
7f6c30098000-7f6c3009f000 r--p 00000000 08:10 51642                      /usr/lib/jvm/java-11-openjdk-amd64/lib/libnio.so
7f6c3009f000-7f6c300a7000 r-xp 00007000 08:10 51642                      /usr/lib/jvm/java-11-openjdk-amd64/lib/libnio.so
7f6c300a7000-7f6c300aa000 r--p 0000f000 08:10 51642                      /usr/lib/jvm/java-11-openjdk-amd64/lib/libnio.so
7f6c300aa000-7f6c300ab000 r--p 00011000 08:10 51642                      /usr/lib/jvm/java-11-openjdk-amd64/lib/libnio.so
7f6c300ab000-7f6c300ac000 rw-p 00012000 08:10 51642                      /usr/lib/jvm/java-11-openjdk-amd64/lib/libnio.so
7f6c300ac000-7f6c300de000 r--p 00000000 08:10 37760                      /usr/lib/locale/C.UTF-8/LC_CTYPE
7f6c300de000-7f6c300df000 r--p 00000000 08:10 37766                      /usr/lib/locale/C.UTF-8/LC_NUMERIC
7f6c300df000-7f6c300e0000 r--p 00000000 08:10 37769                      /usr/lib/locale/C.UTF-8/LC_TIME
7f6c300e0000-7f6c30253000 r--p 00000000 08:10 37759                      /usr/lib/locale/C.UTF-8/LC_COLLATE
7f6c30253000-7f6c30254000 r--p 00000000 08:10 37764                      /usr/lib/locale/C.UTF-8/LC_MONETARY
7f6c30254000-7f6c30255000 r--p 00000000 08:10 37770                      /usr/lib/locale/C.UTF-8/LC_MESSAGES/SYS_LC_MESSAGES
7f6c30255000-7f6c30256000 r--p 00000000 08:10 37767                      /usr/lib/locale/C.UTF-8/LC_PAPER
7f6c30256000-7f6c30257000 r--p 00000000 08:10 37765                      /usr/lib/locale/C.UTF-8/LC_NAME
7f6c30257000-7f6c30258000 r--p 00000000 08:10 37758                      /usr/lib/locale/C.UTF-8/LC_ADDRESS
7f6c30258000-7f6c30259000 r--p 00000000 08:10 37768                      /usr/lib/locale/C.UTF-8/LC_TELEPHONE
7f6c30259000-7f6c30260000 r--s 00000000 08:10 28968                      /usr/lib/x86_64-linux-gnu/gconv/gconv-modules.cache
7f6c30260000-7f6c30264000 ---p 00000000 00:00 0 
7f6c30264000-7f6c30361000 rw-p 00000000 00:00 0 
7f6c30361000-7f6c30365000 ---p 00000000 00:00 0 
7f6c30365000-7f6c30462000 rw-p 00000000 00:00 0 
7f6c30462000-7f6c30463000 ---p 00000000 00:00 0 
7f6c30463000-7f6c30c28000 rw-p 00000000 00:00 0 
7f6c30c28000-7f6c30e68000 ---p 00000000 00:00 0 
7f6c30e68000-7f6c30eaa000 rw-p 00000000 00:00 0 
7f6c30eaa000-7f6c30eab000 ---p 00000000 00:00 0 
7f6c30eab000-7f6c30fac000 rw-p 00000000 00:00 0 
7f6c30fac000-7f6c30fad000 ---p 00000000 00:00 0 
7f6c30fad000-7f6c318b6000 rw-p 00000000 00:00 0 
7f6c318b6000-7f6c318b7000 ---p 00000000 00:00 0 
7f6c318b7000-7f6c319b8000 rw-p 00000000 00:00 0 
7f6c319b8000-7f6c319b9000 ---p 00000000 00:00 0 
7f6c319b9000-7f6c31be9000 rw-p 00000000 00:00 0 
7f6c31be9000-7f6c31fad000 ---p 00000000 00:00 0 
7f6c31fad000-7f6c31fae000 rw-p 00000000 00:00 0 
7f6c31fae000-7f6c321ae000 ---p 00000000 00:00 0 
7f6c321ae000-7f6c32211000 rw-p 00000000 00:00 0 
7f6c32211000-7f6c325d5000 ---p 00000000 00:00 0 
7f6c325d5000-7f6c325d6000 rw-p 00000000 00:00 0 
7f6c325d6000-7f6c327d6000 ---p 00000000 00:00 0 
7f6c327d6000-7f6c32839000 rw-p 00000000 00:00 0 
7f6c32839000-7f6c32bfd000 ---p 00000000 00:00 0 
7f6c32bfd000-7f6c32bfe000 rw-p 00000000 00:00 0 
7f6c32bfe000-7f6c32dfe000 ---p 00000000 00:00 0 
7f6c32dfe000-7f6c33606000 rw-p 00000000 00:00 0 
7f6c33606000-7f6c33607000 ---p 00000000 00:00 0 
7f6c33607000-7f6c3370d000 rw-p 00000000 00:00 0 
7f6c3370d000-7f6c337f3000 ---p 00000000 00:00 0 
7f6c337f3000-7f6c337f8000 rw-p 00000000 00:00 0 
7f6c337f8000-7f6c338de000 ---p 00000000 00:00 0 
7f6c338de000-7f6c338e3000 rw-p 00000000 00:00 0 
7f6c338e3000-7f6c338ea000 ---p 00000000 00:00 0 
7f6c338ea000-7f6c338ec000 r--p 00000000 08:10 51650                      /usr/lib/jvm/java-11-openjdk-amd64/lib/libzip.so
7f6c338ec000-7f6c338f1000 r-xp 00002000 08:10 51650                      /usr/lib/jvm/java-11-openjdk-amd64/lib/libzip.so
7f6c338f1000-7f6c338f3000 r--p 00007000 08:10 51650                      /usr/lib/jvm/java-11-openjdk-amd64/lib/libzip.so
7f6c338f3000-7f6c338f4000 r--p 00008000 08:10 51650                      /usr/lib/jvm/java-11-openjdk-amd64/lib/libzip.so
7f6c338f4000-7f6c338f5000 rw-p 00009000 08:10 51650                      /usr/lib/jvm/java-11-openjdk-amd64/lib/libzip.so
7f6c338f5000-7f6c338f8000 r--p 00000000 08:10 27115                      /usr/lib/x86_64-linux-gnu/libnss_files-2.31.so
7f6c338f8000-7f6c338ff000 r-xp 00003000 08:10 27115                      /usr/lib/x86_64-linux-gnu/libnss_files-2.31.so
7f6c338ff000-7f6c33901000 r--p 0000a000 08:10 27115                      /usr/lib/x86_64-linux-gnu/libnss_files-2.31.so
7f6c33901000-7f6c33902000 r--p 0000b000 08:10 27115                      /usr/lib/x86_64-linux-gnu/libnss_files-2.31.so
7f6c33902000-7f6c33903000 rw-p 0000c000 08:10 27115                      /usr/lib/x86_64-linux-gnu/libnss_files-2.31.so
7f6c33903000-7f6c33909000 rw-p 00000000 00:00 0 
7f6c33909000-7f6c3390a000 r--p 00000000 08:10 37762                      /usr/lib/locale/C.UTF-8/LC_MEASUREMENT
7f6c3390a000-7f6c3390c000 r--s 0000c000 08:10 23045                      /usr/share/java/java-atk-wrapper.jar
7f6c3390c000-7f6c33914000 rw-s 00000000 08:10 59149                      /tmp/hsperfdata_root/5876
7f6c33914000-7f6c33922000 r--p 00000000 08:10 51630                      /usr/lib/jvm/java-11-openjdk-amd64/lib/libjava.so
7f6c33922000-7f6c33938000 r-xp 0000e000 08:10 51630                      /usr/lib/jvm/java-11-openjdk-amd64/lib/libjava.so
7f6c33938000-7f6c3393f000 r--p 00024000 08:10 51630                      /usr/lib/jvm/java-11-openjdk-amd64/lib/libjava.so
7f6c3393f000-7f6c33940000 r--p 0002a000 08:10 51630                      /usr/lib/jvm/java-11-openjdk-amd64/lib/libjava.so
7f6c33940000-7f6c33941000 rw-p 0002b000 08:10 51630                      /usr/lib/jvm/java-11-openjdk-amd64/lib/libjava.so
7f6c33941000-7f6c33942000 rw-p 00000000 00:00 0 
7f6c33942000-7f6c33947000 r--p 00000000 08:10 51649                      /usr/lib/jvm/java-11-openjdk-amd64/lib/libverify.so
7f6c33947000-7f6c3394e000 r-xp 00005000 08:10 51649                      /usr/lib/jvm/java-11-openjdk-amd64/lib/libverify.so
7f6c3394e000-7f6c33950000 r--p 0000c000 08:10 51649                      /usr/lib/jvm/java-11-openjdk-amd64/lib/libverify.so
7f6c33950000-7f6c33951000 ---p 0000e000 08:10 51649                      /usr/lib/jvm/java-11-openjdk-amd64/lib/libverify.so
7f6c33951000-7f6c33953000 r--p 0000e000 08:10 51649                      /usr/lib/jvm/java-11-openjdk-amd64/lib/libverify.so
7f6c33953000-7f6c33954000 rw-p 00010000 08:10 51649                      /usr/lib/jvm/java-11-openjdk-amd64/lib/libverify.so
7f6c33954000-7f6c33957000 r--p 00000000 08:10 27205                      /usr/lib/x86_64-linux-gnu/librt-2.31.so
7f6c33957000-7f6c3395b000 r-xp 00003000 08:10 27205                      /usr/lib/x86_64-linux-gnu/librt-2.31.so
7f6c3395b000-7f6c3395c000 r--p 00007000 08:10 27205                      /usr/lib/x86_64-linux-gnu/librt-2.31.so
7f6c3395c000-7f6c3395d000 ---p 00008000 08:10 27205                      /usr/lib/x86_64-linux-gnu/librt-2.31.so
7f6c3395d000-7f6c3395e000 r--p 00008000 08:10 27205                      /usr/lib/x86_64-linux-gnu/librt-2.31.so
7f6c3395e000-7f6c3395f000 rw-p 00009000 08:10 27205                      /usr/lib/x86_64-linux-gnu/librt-2.31.so
7f6c3395f000-7f6c33963000 ---p 00000000 00:00 0 
7f6c33963000-7f6c33a60000 rw-p 00000000 00:00 0 
7f6c33a60000-7f6c33a63000 r--p 00000000 08:10 26920                      /usr/lib/x86_64-linux-gnu/libgcc_s.so.1
7f6c33a63000-7f6c33a75000 r-xp 00003000 08:10 26920                      /usr/lib/x86_64-linux-gnu/libgcc_s.so.1
7f6c33a75000-7f6c33a79000 r--p 00015000 08:10 26920                      /usr/lib/x86_64-linux-gnu/libgcc_s.so.1
7f6c33a79000-7f6c33a7a000 r--p 00018000 08:10 26920                      /usr/lib/x86_64-linux-gnu/libgcc_s.so.1
7f6c33a7a000-7f6c33a7b000 rw-p 00019000 08:10 26920                      /usr/lib/x86_64-linux-gnu/libgcc_s.so.1
7f6c33a7b000-7f6c33a8a000 r--p 00000000 08:10 27062                      /usr/lib/x86_64-linux-gnu/libm-2.31.so
7f6c33a8a000-7f6c33b31000 r-xp 0000f000 08:10 27062                      /usr/lib/x86_64-linux-gnu/libm-2.31.so
7f6c33b31000-7f6c33bc8000 r--p 000b6000 08:10 27062                      /usr/lib/x86_64-linux-gnu/libm-2.31.so
7f6c33bc8000-7f6c33bc9000 r--p 0014c000 08:10 27062                      /usr/lib/x86_64-linux-gnu/libm-2.31.so
7f6c33bc9000-7f6c33bca000 rw-p 0014d000 08:10 27062                      /usr/lib/x86_64-linux-gnu/libm-2.31.so
7f6c33bca000-7f6c33c60000 r--p 00000000 08:10 27246                      /usr/lib/x86_64-linux-gnu/libstdc++.so.6.0.28
7f6c33c60000-7f6c33d51000 r-xp 00096000 08:10 27246                      /usr/lib/x86_64-linux-gnu/libstdc++.so.6.0.28
7f6c33d51000-7f6c33d9a000 r--p 00187000 08:10 27246                      /usr/lib/x86_64-linux-gnu/libstdc++.so.6.0.28
7f6c33d9a000-7f6c33d9b000 ---p 001d0000 08:10 27246                      /usr/lib/x86_64-linux-gnu/libstdc++.so.6.0.28
7f6c33d9b000-7f6c33da6000 r--p 001d0000 08:10 27246                      /usr/lib/x86_64-linux-gnu/libstdc++.so.6.0.28
7f6c33da6000-7f6c33da9000 rw-p 001db000 08:10 27246                      /usr/lib/x86_64-linux-gnu/libstdc++.so.6.0.28
7f6c33da9000-7f6c33dac000 rw-p 00000000 00:00 0 
7f6c33dac000-7f6c3402e000 r--p 00000000 08:10 51656                      /usr/lib/jvm/java-11-openjdk-amd64/lib/server/libjvm.so
7f6c3402e000-7f6c34cb7000 r-xp 00282000 08:10 51656                      /usr/lib/jvm/java-11-openjdk-amd64/lib/server/libjvm.so
7f6c34cb7000-7f6c34f14000 r--p 00f0b000 08:10 51656                      /usr/lib/jvm/java-11-openjdk-amd64/lib/server/libjvm.so
7f6c34f14000-7f6c34f15000 ---p 01168000 08:10 51656                      /usr/lib/jvm/java-11-openjdk-amd64/lib/server/libjvm.so
7f6c34f15000-7f6c34fd9000 r--p 01168000 08:10 51656                      /usr/lib/jvm/java-11-openjdk-amd64/lib/server/libjvm.so
7f6c34fd9000-7f6c35014000 rw-p 0122c000 08:10 51656                      /usr/lib/jvm/java-11-openjdk-amd64/lib/server/libjvm.so
7f6c35014000-7f6c3506d000 rw-p 00000000 00:00 0 
7f6c3506d000-7f6c35074000 r--p 00000000 08:10 27189                      /usr/lib/x86_64-linux-gnu/libpthread-2.31.so
7f6c35074000-7f6c35085000 r-xp 00007000 08:10 27189                      /usr/lib/x86_64-linux-gnu/libpthread-2.31.so
7f6c35085000-7f6c3508a000 r--p 00018000 08:10 27189                      /usr/lib/x86_64-linux-gnu/libpthread-2.31.so
7f6c3508a000-7f6c3508b000 r--p 0001c000 08:10 27189                      /usr/lib/x86_64-linux-gnu/libpthread-2.31.so
7f6c3508b000-7f6c3508c000 rw-p 0001d000 08:10 27189                      /usr/lib/x86_64-linux-gnu/libpthread-2.31.so
7f6c3508c000-7f6c35090000 rw-p 00000000 00:00 0 
7f6c35090000-7f6c35091000 r--p 00000000 08:10 26843                      /usr/lib/x86_64-linux-gnu/libdl-2.31.so
7f6c35091000-7f6c35093000 r-xp 00001000 08:10 26843                      /usr/lib/x86_64-linux-gnu/libdl-2.31.so
7f6c35093000-7f6c35094000 r--p 00003000 08:10 26843                      /usr/lib/x86_64-linux-gnu/libdl-2.31.so
7f6c35094000-7f6c35095000 r--p 00003000 08:10 26843                      /usr/lib/x86_64-linux-gnu/libdl-2.31.so
7f6c35095000-7f6c35096000 rw-p 00004000 08:10 26843                      /usr/lib/x86_64-linux-gnu/libdl-2.31.so
7f6c35096000-7f6c35098000 r--p 00000000 08:10 27422                      /usr/lib/x86_64-linux-gnu/libz.so.1.2.11
7f6c35098000-7f6c350a9000 r-xp 00002000 08:10 27422                      /usr/lib/x86_64-linux-gnu/libz.so.1.2.11
7f6c350a9000-7f6c350af000 r--p 00013000 08:10 27422                      /usr/lib/x86_64-linux-gnu/libz.so.1.2.11
7f6c350af000-7f6c350b0000 ---p 00019000 08:10 27422                      /usr/lib/x86_64-linux-gnu/libz.so.1.2.11
7f6c350b0000-7f6c350b1000 r--p 00019000 08:10 27422                      /usr/lib/x86_64-linux-gnu/libz.so.1.2.11
7f6c350b1000-7f6c350b2000 rw-p 0001a000 08:10 27422                      /usr/lib/x86_64-linux-gnu/libz.so.1.2.11
7f6c350b2000-7f6c350d7000 r--p 00000000 08:10 26805                      /usr/lib/x86_64-linux-gnu/libc-2.31.so
7f6c350d7000-7f6c3524f000 r-xp 00025000 08:10 26805                      /usr/lib/x86_64-linux-gnu/libc-2.31.so
7f6c3524f000-7f6c35299000 r--p 0019d000 08:10 26805                      /usr/lib/x86_64-linux-gnu/libc-2.31.so
7f6c35299000-7f6c3529a000 ---p 001e7000 08:10 26805                      /usr/lib/x86_64-linux-gnu/libc-2.31.so
7f6c3529a000-7f6c3529d000 r--p 001e7000 08:10 26805                      /usr/lib/x86_64-linux-gnu/libc-2.31.so
7f6c3529d000-7f6c352a0000 rw-p 001ea000 08:10 26805                      /usr/lib/x86_64-linux-gnu/libc-2.31.so
7f6c352a0000-7f6c352a4000 rw-p 00000000 00:00 0 
7f6c352a4000-7f6c352a5000 ---p 00000000 00:00 0 
7f6c352a5000-7f6c352a6000 r--p 00000000 00:00 0 
7f6c352a6000-7f6c352a8000 r--p 00000000 08:10 51633                      /usr/lib/jvm/java-11-openjdk-amd64/lib/libjimage.so
7f6c352a8000-7f6c352ab000 r-xp 00002000 08:10 51633                      /usr/lib/jvm/java-11-openjdk-amd64/lib/libjimage.so
7f6c352ab000-7f6c352ac000 r--p 00005000 08:10 51633                      /usr/lib/jvm/java-11-openjdk-amd64/lib/libjimage.so
7f6c352ac000-7f6c352ad000 ---p 00006000 08:10 51633                      /usr/lib/jvm/java-11-openjdk-amd64/lib/libjimage.so
7f6c352ad000-7f6c352ae000 r--p 00006000 08:10 51633                      /usr/lib/jvm/java-11-openjdk-amd64/lib/libjimage.so
7f6c352ae000-7f6c352af000 rw-p 00007000 08:10 51633                      /usr/lib/jvm/java-11-openjdk-amd64/lib/libjimage.so
7f6c352af000-7f6c352b2000 r--p 00000000 08:10 51615                      /usr/lib/jvm/java-11-openjdk-amd64/lib/jli/libjli.so
7f6c352b2000-7f6c352bc000 r-xp 00003000 08:10 51615                      /usr/lib/jvm/java-11-openjdk-amd64/lib/jli/libjli.so
7f6c352bc000-7f6c352bf000 r--p 0000d000 08:10 51615                      /usr/lib/jvm/java-11-openjdk-amd64/lib/jli/libjli.so
7f6c352bf000-7f6c352c0000 ---p 00010000 08:10 51615                      /usr/lib/jvm/java-11-openjdk-amd64/lib/jli/libjli.so
7f6c352c0000-7f6c352c1000 r--p 00010000 08:10 51615                      /usr/lib/jvm/java-11-openjdk-amd64/lib/jli/libjli.so
7f6c352c1000-7f6c352c2000 rw-p 00011000 08:10 51615                      /usr/lib/jvm/java-11-openjdk-amd64/lib/jli/libjli.so
7f6c352c2000-7f6c352c4000 rw-p 00000000 00:00 0 
7f6c352c4000-7f6c352c5000 r--p 00000000 08:10 26735                      /usr/lib/x86_64-linux-gnu/ld-2.31.so
7f6c352c5000-7f6c352e8000 r-xp 00001000 08:10 26735                      /usr/lib/x86_64-linux-gnu/ld-2.31.so
7f6c352e8000-7f6c352f0000 r--p 00024000 08:10 26735                      /usr/lib/x86_64-linux-gnu/ld-2.31.so
7f6c352f0000-7f6c352f1000 r--p 00000000 08:10 37761                      /usr/lib/locale/C.UTF-8/LC_IDENTIFICATION
7f6c352f1000-7f6c352f2000 r--p 0002c000 08:10 26735                      /usr/lib/x86_64-linux-gnu/ld-2.31.so
7f6c352f2000-7f6c352f3000 rw-p 0002d000 08:10 26735                      /usr/lib/x86_64-linux-gnu/ld-2.31.so
7f6c352f3000-7f6c352f4000 rw-p 00000000 00:00 0 
7ffc7fc45000-7ffc7fc67000 rw-p 00000000 00:00 0                          [stack]
7ffc7fcbf000-7ffc7fcc3000 r--p 00000000 00:00 0                          [vvar]
7ffc7fcc3000-7ffc7fcc4000 r-xp 00000000 00:00 0                          [vdso]


VM Arguments:
jvm_args: -Dfile.encoding=UTF-8 
java_command: Main ./tests/test1.sysy ./tests/test1_ans.txt
java_class_path (initial): /root/CompilerLab/Lab/target/classes:/usr/local/lib/antlr-4.10.1-complete.jar:/root/.m2/repository/org/bytedeco/llvm-platform/13.0.1-1.5.7/llvm-platform-13.0.1-1.5.7.jar:/root/.m2/repository/org/bytedeco/javacpp-platform/1.5.7/javacpp-platform-1.5.7.jar:/root/.m2/repository/org/bytedeco/javacpp/1.5.7/javacpp-1.5.7.jar:/root/.m2/repository/org/bytedeco/javacpp/1.5.7/javacpp-1.5.7-android-arm.jar:/root/.m2/repository/org/bytedeco/javacpp/1.5.7/javacpp-1.5.7-android-arm64.jar:/root/.m2/repository/org/bytedeco/javacpp/1.5.7/javacpp-1.5.7-android-x86.jar:/root/.m2/repository/org/bytedeco/javacpp/1.5.7/javacpp-1.5.7-android-x86_64.jar:/root/.m2/repository/org/bytedeco/javacpp/1.5.7/javacpp-1.5.7-ios-arm64.jar:/root/.m2/repository/org/bytedeco/javacpp/1.5.7/javacpp-1.5.7-ios-x86_64.jar:/root/.m2/repository/org/bytedeco/javacpp/1.5.7/javacpp-1.5.7-linux-armhf.jar:/root/.m2/repository/org/bytedeco/javacpp/1.5.7/javacpp-1.5.7-linux-arm64.jar:/root/.m2/repository/org/bytedeco/javacpp/1.5.7/javacpp-1.5.7-linux-ppc64le.jar:/root/.m2/repository/org/bytedeco/javacpp/1.5.7/javacpp-1.5.7-linux-x86.jar:/root/.m2/repository/org/bytedeco/javacpp/1.5.7/javacpp-1.5.7-linux-x86_64.jar:/root/.m2/repository/org/bytedeco/javacpp/1.5.7/javacpp-1.5.7-macosx-arm64.jar:/root/.m2/repository/org/bytedeco/javacpp/1.5.7/javacpp-1.5.7-macosx-x86_64.jar:/root/.m2/repository/org/bytedeco/javacpp/1.5.7/javacpp-1.5.7-windows-x86.jar:/root/.m2/repository/org/bytedeco/javacpp/1.5.7/javacpp-1.5.7-windows-x86_64.jar:/root/.m2/repository/org/bytedeco/llvm/13.0.1-1.5.7/llvm-13.0.1-1.5.7.jar:/root/.m2/repository/org/bytedeco/llvm/13.0.1-1.5.7/llvm-13.0.1-1.5.7-linux-x86.jar:/root/.m2/repository/org/bytedeco/llvm/13.0.1-1.5.7/llvm-13.0.1-1.5.7-linux-x86_64.jar:/root/.m2/repository/org/bytedeco/llvm/13.0.1-1.5.7/llvm-13.0.1-1.5.7-linux-armhf.jar:/root/.m2/repository/org/bytedeco/llvm/13.0.1-1.5.7/llvm-13.0.1-1.5.7-linux-arm64.jar:/root/.m2/repository/org/bytedeco/llvm/13.0.1-1.5.7/llv
Launcher Type: SUN_STANDARD

[Global flags]
     intx CICompilerCount                          = 4                                         {product} {ergonomic}
     uint ConcGCThreads                            = 2                                         {product} {ergonomic}
     uint G1ConcRefinementThreads                  = 8                                         {product} {ergonomic}
   size_t G1HeapRegionSize                         = 1048576                                   {product} {ergonomic}
    uintx GCDrainStackTargetSize                   = 64                                        {product} {ergonomic}
   size_t InitialHeapSize                          = 207618048                                 {product} {ergonomic}
   size_t MarkStackSize                            = 4194304                                   {product} {ergonomic}
   size_t MaxHeapSize                              = 3305111552                                {product} {ergonomic}
   size_t MaxNewSize                               = 1982857216                                {product} {ergonomic}
   size_t MinHeapDeltaBytes                        = 1048576                                   {product} {ergonomic}
    uintx NonNMethodCodeHeapSize                   = 5836300                                {pd product} {ergonomic}
    uintx NonProfiledCodeHeapSize                  = 122910970                              {pd product} {ergonomic}
    uintx ProfiledCodeHeapSize                     = 122910970                              {pd product} {ergonomic}
    uintx ReservedCodeCacheSize                    = 251658240                              {pd product} {ergonomic}
     bool SegmentedCodeCache                       = true                                      {product} {ergonomic}
     bool UseCompressedClassPointers               = true                                 {lp64_product} {ergonomic}
     bool UseCompressedOops                        = true                                 {lp64_product} {ergonomic}
     bool UseG1GC                                  = true                                      {product} {ergonomic}

Logging:
Log output configuration:
 #0: stdout all=warning uptime,level,tags
 #1: stderr all=off uptime,level,tags

Environment Variables:
PATH=/usr/local/sbin:/usr/local/bin:/usr/sbin:/usr/bin:/sbin:/bin:/usr/games:/usr/local/games:/usr/lib/wsl/lib:/mnt/c/Program Files (x86)/Common Files/Oracle/Java/javapath:/mnt/c/Python310/Scripts/:/mnt/c/Python310/:/mnt/c/Program Files/MySQL/MySQL Server 8.0/bin:/mnt/c/Windows/system32:/mnt/c/Windows:/mnt/c/Windows/System32/Wbem:/mnt/c/Windows/System32/WindowsPowerShell/v1.0/:/mnt/c/Windows/System32/OpenSSH/:/mnt/c/ProgramData/chocolatey/bin:/mnt/c/Program Files/Pandoc/:/mnt/d//Ne:/mnt/d/Applications/mingw-w64/x86_64-8.1.0-release-win32-seh-rt_v6-rev0/bin:/mnt/c/Program Files/Java/jdk-15.0.2/bin:/mnt/c/Program Files/Java/jdk-15.0.2/jre/bin:/mnt/d/Applications/scala/bin:/mnt/d/Applications/scala/jre/bin:/mnt/d/Applications/Prince/engine/bin:/mnt/d/Applications/Maven/apache-maven-3.8.6/bin:/mnt/c/Program Files/Git/cmd:/mnt/d//Tencent/web/dll:/mnt/d/Applications/nodejs/:/mnt/c/Users/20125/AppData/Local/Programs/Python/Python38/Scripts/:/mnt/c/Users/20125/AppData/Local/Programs/Python/Python38/:/mnt/c/Users/20125/AppData/Local/Microsoft/WindowsApps:/mnt/c/Program Files/JetBrains/IntelliJ IDEA 2021.3/bin:/mnt/c/Program Files/JetBrains/PyCharm 2021.3.1/bin:/mnt/d//JetBrains/WebStorm 2021.3.1/bin:/mnt/d//JetBrains/CLion 2021.3.2/bin:/mnt/c/Users/20125/AppData/Local/GitHubDesktop/bin:/mnt/d//JetBrains/DataGrip 2021.3.4/bin:/mnt/d/Applications/Microsoft VS Code/bin:/mnt/c/Users/20125/AppData/Local/JetBrains/Toolbox/scripts:/mnt/c/Program Files/jdk-15.0.2/jre/bin:/mnt/c/Program Files/jdk-15.0.2/bin:/mnt/c/Users/20125/AppData/Roaming/npm
SHELL=/bin/sh
HOSTTYPE=x86_64
LANG=C.UTF-8
TERM=xterm-256color

Signal Handlers:
SIGSEGV: [libjvm.so+0xe97eb0], sa_mask[0]=11111111011111111101111111111110, sa_flags=SA_RESTART|SA_SIGINFO
SIGBUS: [libjvm.so+0xe97eb0], sa_mask[0]=11111111011111111101111111111110, sa_flags=SA_RESTART|SA_SIGINFO
SIGFPE: [libjvm.so+0xe97eb0], sa_mask[0]=11111111011111111101111111111110, sa_flags=SA_RESTART|SA_SIGINFO
SIGPIPE: [libjvm.so+0xbde850], sa_mask[0]=11111111011111111101111111111110, sa_flags=SA_RESTART|SA_SIGINFO
SIGXFSZ: [libjvm.so+0xbde850], sa_mask[0]=11111111011111111101111111111110, sa_flags=SA_RESTART|SA_SIGINFO
SIGILL: [libjvm.so+0xe97eb0], sa_mask[0]=11111111011111111101111111111110, sa_flags=SA_RESTART|SA_SIGINFO
SIGUSR2: [libjvm.so+0xbde6f0], sa_mask[0]=00000000000000000000000000000000, sa_flags=SA_RESTART|SA_SIGINFO
SIGHUP: [libjvm.so+0xbde9e0], sa_mask[0]=11111111011111111101111111111110, sa_flags=SA_RESTART|SA_SIGINFO
SIGINT: [libjvm.so+0xbde9e0], sa_mask[0]=11111111011111111101111111111110, sa_flags=SA_RESTART|SA_SIGINFO
SIGTERM: [libjvm.so+0xbde9e0], sa_mask[0]=11111111011111111101111111111110, sa_flags=SA_RESTART|SA_SIGINFO
SIGQUIT: [libjvm.so+0xbde9e0], sa_mask[0]=11111111011111111101111111111110, sa_flags=SA_RESTART|SA_SIGINFO


---------------  S Y S T E M  ---------------

OS:DISTRIB_ID=Ubuntu
DISTRIB_RELEASE=20.04
DISTRIB_CODENAME=focal
DISTRIB_DESCRIPTION="Ubuntu 20.04.3 LTS"
uname:Linux 5.10.16.3-microsoft-standard-WSL2 #1 SMP Fri Apr 2 22:23:49 UTC 2021 x86_64
OS uptime: 0 days 20:35 hours
libc:glibc 2.31 NPTL 2.31 
rlimit (soft/hard): STACK 8192k/infinity , CORE 0k/infinity , NPROC 50409/50409 , NOFILE 4096/4096 , AS infinity/infinity , CPU infinity/infinity , DATA infinity/infinity , FSIZE infinity/infinity , MEMLOCK 64k/64k
load average:0.34 0.12 0.29

/proc/meminfo:
MemTotal:       12909048 kB
MemFree:        12132248 kB
MemAvailable:   12247996 kB
Buffers:           21844 kB
Cached:           318268 kB
SwapCached:            0 kB
Active:           204824 kB
Inactive:         443980 kB
Active(anon):        104 kB
Inactive(anon):   308652 kB
Active(file):     204720 kB
Inactive(file):   135328 kB
Unevictable:           0 kB
Mlocked:               0 kB
SwapTotal:       4194304 kB
SwapFree:        4194304 kB
Dirty:               596 kB
Writeback:             0 kB
AnonPages:        309036 kB
Mapped:            60420 kB
Shmem:                72 kB
KReclaimable:      22432 kB
Slab:              49308 kB
SReclaimable:      22432 kB
SUnreclaim:        26876 kB
KernelStack:        3232 kB
PageTables:         2224 kB
NFS_Unstable:          0 kB
Bounce:                0 kB
WritebackTmp:          0 kB
CommitLimit:    10648828 kB
Committed_AS:    1010972 kB
VmallocTotal:   34359738367 kB
VmallocUsed:       23396 kB
VmallocChunk:          0 kB
Percpu:             2432 kB
AnonHugePages:    163840 kB
ShmemHugePages:        0 kB
ShmemPmdMapped:        0 kB
FileHugePages:         0 kB
FilePmdMapped:         0 kB
HugePages_Total:       0
HugePages_Free:        0
HugePages_Rsvd:        0
HugePages_Surp:        0
Hugepagesize:       2048 kB
Hugetlb:               0 kB
DirectMap4k:       17408 kB
DirectMap2M:     3784704 kB
DirectMap1G:     9437184 kB

/sys/kernel/mm/transparent_hugepage/enabled:
[always] madvise never
/sys/kernel/mm/transparent_hugepage/defrag (defrag/compaction efforts parameter):
always defer defer+madvise [madvise] never

Process Memory:
Virtual Size: 6259740K (peak: 14706392K)
Resident Set Size: 108032K (peak: 108544K) (anon: 53032K, file: 55000K, shmem: 0K)
Swapped out: 0K
C-Heap outstanding allocations: 29091K, retained: 2672K
glibc malloc tunables: (default)

/proc/sys/kernel/threads-max (system-wide limit on the number of threads):
100818
/proc/sys/vm/max_map_count (maximum number of memory map areas a process may have):
65530
/proc/sys/kernel/pid_max (system-wide limit on number of process identifiers):
32768

container (cgroup) information:
container_type: cgroupv1
cpu_cpuset_cpus: 0-7
cpu_memory_nodes: 0
active_processor_count: 8
cpu_quota: no quota
cpu_period: 100000
cpu_shares: no shares
memory_limit_in_bytes: unlimited
memory_and_swap_limit_in_bytes: unlimited
memory_soft_limit_in_bytes: unlimited
memory_usage_in_bytes: 648612 k
memory_max_usage_in_bytes: 423232 k
maximum number of tasks: not supported
current number of tasks: not supported

Hyper-V virtualization detected
Steal ticks since vm start: 0
Steal ticks percentage since vm start:  0.000

CPU:total 8 (initial active 8) (4 cores per cpu, 2 threads per core) family 6 model 140 stepping 1 microcode 0xffffffff, cmov, cx8, fxsr, mmx, sse, sse2, sse3, ssse3, sse4.1, sse4.2, popcnt, avx, avx2, aes, clmul, erms, 3dnowpref, lzcnt, ht, tsc, tscinvbit, bmi1, bmi2, adx, evex, sha, fma
CPU Model and flags from /proc/cpuinfo:
model name	: 11th Gen Intel(R) Core(TM) i7-1165G7 @ 2.80GHz
flags		: fpu vme de pse tsc msr pae mce cx8 apic sep mtrr pge mca cmov pat pse36 clflush mmx fxsr sse sse2 ss ht syscall nx pdpe1gb rdtscp lm constant_tsc rep_good nopl xtopology tsc_reliable nonstop_tsc cpuid pni pclmulqdq ssse3 fma cx16 pcid sse4_1 sse4_2 movbe popcnt aes xsave avx f16c rdrand hypervisor lahf_lm abm 3dnowprefetch invpcid_single ssbd ibrs ibpb stibp ibrs_enhanced fsgsbase bmi1 avx2 smep bmi2 erms invpcid avx512f avx512dq rdseed adx smap avx512ifma clflushopt clwb avx512cd sha_ni avx512bw avx512vl xsaveopt xsavec xgetbv1 xsaves avx512vbmi umip avx512_vbmi2 gfni vaes vpclmulqdq avx512_vnni avx512_bitalg avx512_vpopcntdq rdpid fsrm avx512_vp2intersect flush_l1d arch_capabilities
Online cpus:
0-7
Offline cpus:

BIOS frequency limitation:
<Not Available>
Frequency switch latency (ns):
<Not Available>
Available cpu frequencies:
<Not Available>
Current governor:
<Not Available>
Core performance/turbo boost:
<Not Available>

Memory: 4k page, physical 12909048k(12132248k free), swap 4194304k(4194304k free)

vm_info: OpenJDK 64-Bit Server VM (11.0.17+8-post-Ubuntu-1ubuntu220.04) for linux-amd64 JRE (11.0.17+8-post-Ubuntu-1ubuntu220.04), built on Oct 25 2022 09:30:51 by "unknown" with gcc 9.4.0

END.
