#
# A fatal error has been detected by the Java Runtime Environment:
#
#  SIGSEGV (0xb) at pc=0x00007f2bea1efe36, pid=4195, tid=4196
#
# JRE version: OpenJDK Runtime Environment (11.0.17+8) (build 11.0.17+8-post-Ubuntu-1ubuntu220.04)
# Java VM: OpenJDK 64-Bit Server VM (11.0.17+8-post-Ubuntu-1ubuntu220.04, mixed mode, sharing, tiered, compressed oops, g1 gc, linux-amd64)
# Problematic frame:
# C  [libLLVM-13.so+0xcc3e36]  llvm::GetElementPtrInst::getIndexedType(llvm::Type*, llvm::ArrayRef<llvm::Value*>)+0x66
#
# No core dump will be written. Core dumps have been disabled. To enable core dumping, try "ulimit -c unlimited" before starting Java again
#
# If you would like to submit a bug report, please visit:
#   https://bugs.launchpad.net/ubuntu/+source/openjdk-lts
# The crash happened outside the Java Virtual Machine in native code.
# See problematic frame for where to report the bug.
#

---------------  S U M M A R Y ------------

Command Line: -Dfile.encoding=UTF-8 Main ./tests/test1.sysy ./tests/test1_ans.txt

Host: 11th Gen Intel(R) Core(TM) i7-1165G7 @ 2.80GHz, 8 cores, 12G, Ubuntu 20.04.3 LTS
Time: Sun Jan  8 18:42:02 2023 CST elapsed time: 0.221543 seconds (0d 0h 0m 0s)

---------------  T H R E A D  ---------------

Current thread (0x00007f2c5c016800):  JavaThread "main" [_thread_in_native, id=4196, stack(0x00007f2c6266c000,0x00007f2c6276d000)]

Stack: [0x00007f2c6266c000,0x00007f2c6276d000],  sp=0x00007f2c6276aa80,  free space=1018k
Native frames: (J=compiled Java code, A=aot compiled Java code, j=interpreted, Vv=VM code, C=native code)
C  [libLLVM-13.so+0xcc3e36]  llvm::GetElementPtrInst::getIndexedType(llvm::Type*, llvm::ArrayRef<llvm::Value*>)+0x66

Java frames: (J=compiled Java code, j=interpreted, Vv=VM code)
j  org.bytedeco.llvm.global.LLVM.LLVMBuildGEP(Lorg/bytedeco/llvm/LLVM/LLVMBuilderRef;Lorg/bytedeco/llvm/LLVM/LLVMValueRef;Lorg/bytedeco/javacpp/PointerPointer;ILjava/lang/String;)Lorg/bytedeco/llvm/LLVM/LLVMValueRef;+0
j  FunctionAndVarIRVisitor.visitVarDef(LSysYParser$VarDefContext;)Lorg/bytedeco/llvm/LLVM/LLVMValueRef;+155
j  FunctionAndVarIRVisitor.visitVarDef(LSysYParser$VarDefContext;)Ljava/lang/Object;+2
j  SysYParser$VarDefContext.accept(Lorg/antlr/v4/runtime/tree/ParseTreeVisitor;)Ljava/lang/Object;+12
j  org.antlr.v4.runtime.tree.AbstractParseTreeVisitor.visitChildren(Lorg/antlr/v4/runtime/tree/RuleNode;)Ljava/lang/Object;+46
j  SysYParserBaseVisitor.visitVarDecl(LSysYParser$VarDeclContext;)Ljava/lang/Object;+2
j  SysYParser$VarDeclContext.accept(Lorg/antlr/v4/runtime/tree/ParseTreeVisitor;)Ljava/lang/Object;+12
j  org.antlr.v4.runtime.tree.AbstractParseTreeVisitor.visitChildren(Lorg/antlr/v4/runtime/tree/RuleNode;)Ljava/lang/Object;+46
j  SysYParserBaseVisitor.visitDecl(LSysYParser$DeclContext;)Ljava/lang/Object;+2
j  SysYParser$DeclContext.accept(Lorg/antlr/v4/runtime/tree/ParseTreeVisitor;)Ljava/lang/Object;+12
j  org.antlr.v4.runtime.tree.AbstractParseTreeVisitor.visitChildren(Lorg/antlr/v4/runtime/tree/RuleNode;)Ljava/lang/Object;+46
j  SysYParserBaseVisitor.visitBlockItem(LSysYParser$BlockItemContext;)Ljava/lang/Object;+2
j  SysYParser$BlockItemContext.accept(Lorg/antlr/v4/runtime/tree/ParseTreeVisitor;)Ljava/lang/Object;+12
j  org.antlr.v4.runtime.tree.AbstractParseTreeVisitor.visitChildren(Lorg/antlr/v4/runtime/tree/RuleNode;)Ljava/lang/Object;+46
j  SysYParserBaseVisitor.visitBlock(LSysYParser$BlockContext;)Ljava/lang/Object;+2
j  SysYParser$BlockContext.accept(Lorg/antlr/v4/runtime/tree/ParseTreeVisitor;)Ljava/lang/Object;+12
j  org.antlr.v4.runtime.tree.AbstractParseTreeVisitor.visitChildren(Lorg/antlr/v4/runtime/tree/RuleNode;)Ljava/lang/Object;+46
j  SysYParserBaseVisitor.visitFuncDef(LSysYParser$FuncDefContext;)Ljava/lang/Object;+2
j  FunctionAndVarIRVisitor.visitFuncDef(LSysYParser$FuncDefContext;)Lorg/bytedeco/llvm/LLVM/LLVMValueRef;+115
j  FunctionAndVarIRVisitor.visitFuncDef(LSysYParser$FuncDefContext;)Ljava/lang/Object;+2
j  SysYParser$FuncDefContext.accept(Lorg/antlr/v4/runtime/tree/ParseTreeVisitor;)Ljava/lang/Object;+12
j  org.antlr.v4.runtime.tree.AbstractParseTreeVisitor.visitChildren(Lorg/antlr/v4/runtime/tree/RuleNode;)Ljava/lang/Object;+46
j  SysYParserBaseVisitor.visitCompUnit(LSysYParser$CompUnitContext;)Ljava/lang/Object;+2
j  SysYParser$CompUnitContext.accept(Lorg/antlr/v4/runtime/tree/ParseTreeVisitor;)Ljava/lang/Object;+12
j  org.antlr.v4.runtime.tree.AbstractParseTreeVisitor.visit(Lorg/antlr/v4/runtime/tree/ParseTree;)Ljava/lang/Object;+2
j  FunctionAndVarIRVisitor.visitProgram(LSysYParser$ProgramContext;)Lorg/bytedeco/llvm/LLVM/LLVMValueRef;+5
j  FunctionAndVarIRVisitor.visitProgram(LSysYParser$ProgramContext;)Ljava/lang/Object;+2
j  SysYParser$ProgramContext.accept(Lorg/antlr/v4/runtime/tree/ParseTreeVisitor;)Ljava/lang/Object;+12
j  org.antlr.v4.runtime.tree.AbstractParseTreeVisitor.visit(Lorg/antlr/v4/runtime/tree/ParseTree;)Ljava/lang/Object;+2
j  Main.funcAndVarIRGenerate([Ljava/lang/String;)V+76
j  Main.main([Ljava/lang/String;)V+1
v  ~StubRoutines::call_stub

siginfo: si_signo: 11 (SIGSEGV), si_code: 1 (SEGV_MAPERR), si_addr: 0x0000000000000000

Register to memory mapping:

RAX=0x0000000000000012 is an unknown value
RBX=0x00007f2c5c4e7068 points into unknown readable memory: 0x0000000000000000 | 00 00 00 00 00 00 00 00
RCX=0x00007f2c5c4ea360 points into unknown readable memory: 0x00007f2c5c4e4a40 | 40 4a 4e 5c 2c 7f 00 00
RDX=0x0000000000000002 is an unknown value
RSP=0x00007f2c6276aa80 is pointing into the stack for thread: 0x00007f2c5c016800
RBP=0x00007f2c5c4ea330 points into unknown readable memory: 0x00007f2c5c4e4a40 | 40 4a 4e 5c 2c 7f 00 00
RSI=0x00007f2c5c4e7060 points into unknown readable memory: 0x00007f2c5c4e51c8 | c8 51 4e 5c 2c 7f 00 00
RDI=0x00007f2c5c4ea330 points into unknown readable memory: 0x00007f2c5c4e4a40 | 40 4a 4e 5c 2c 7f 00 00
R8 =0x0 is NULL
R9 =0x00007f2c5c016800 is a thread
R10=0xfffffffffffff55a is an unknown value
R11=0x00007f2bea158bb0: LLVMBuildGEP+0x0000000000000000 in /root/.javacpp/cache/llvm-13.0.1-1.5.7-linux-x86_64.jar/org/bytedeco/llvm/linux-x86_64/libLLVM-13.so at 0x00007f2be952c000
R12=0x00007f2c5c4e7070 points into unknown readable memory: 0x000000000000000f | 0f 00 00 00 00 00 00 00
R13=0x0 is NULL
R14=0x0000000000000002 is an unknown value
R15=0x00007f2c5c4ea330 points into unknown readable memory: 0x00007f2c5c4e4a40 | 40 4a 4e 5c 2c 7f 00 00


Registers:
RAX=0x0000000000000012, RBX=0x00007f2c5c4e7068, RCX=0x00007f2c5c4ea360, RDX=0x0000000000000002
RSP=0x00007f2c6276aa80, RBP=0x00007f2c5c4ea330, RSI=0x00007f2c5c4e7060, RDI=0x00007f2c5c4ea330
R8 =0x0000000000000000, R9 =0x00007f2c5c016800, R10=0xfffffffffffff55a, R11=0x00007f2bea158bb0
R12=0x00007f2c5c4e7070, R13=0x0000000000000000, R14=0x0000000000000002, R15=0x00007f2c5c4ea330
RIP=0x00007f2bea1efe36, EFLAGS=0x0000000000010202, CSGSFS=0x002b000000000033, ERR=0x0000000000000004
  TRAPNO=0x000000000000000e

Top of Stack: (sp=0x00007f2c6276aa80)
0x00007f2c6276aa80:   0000000000000060 00007f2c5c4c2060
0x00007f2c6276aa90:   00007f2c5c3e99e0 00007f2c5c4e49e0
0x00007f2c6276aaa0:   00007f2c5c4e7060 00007f2bea158c9a
0x00007f2c6276aab0:   0000000000000000 00007f2c5c4e4980 

Instructions: (pc=0x00007f2bea1efe36)
0x00007f2bea1efd36:   89 ef 5d 41 5c e9 40 d1 08 00 48 8b 36 0f b6 56
0x00007f2bea1efd46:   08 89 d1 83 ea 12 83 fa 01 77 0b 48 8b 56 10 48
0x00007f2bea1efd56:   8b 12 0f b6 4a 08 80 f9 0d 75 07 83 e8 11 3c 02
0x00007f2bea1efd66:   76 10 48 83 c4 08 31 c0 5d 41 5c c3 66 0f 1f 44
0x00007f2bea1efd76:   00 00 48 8b 45 18 48 83 c4 08 5d 41 5c c3 66 2e
0x00007f2bea1efd86:   0f 1f 84 00 00 00 00 00 66 90 0f b6 47 08 3c 10
0x00007f2bea1efd96:   75 18 8b 47 0c 48 39 c6 73 28 48 8b 47 10 4c 8b
0x00007f2bea1efda6:   04 f0 4c 89 c0 c3 0f 1f 40 00 83 e8 11 45 31 c0
0x00007f2bea1efdb6:   3c 02 77 ee 4c 8b 47 18 4c 89 c0 c3 66 0f 1f 44
0x00007f2bea1efdc6:   00 00 45 31 c0 eb db 0f 1f 00 48 89 f8 48 85 d2
0x00007f2bea1efdd6:   0f 84 a4 00 00 00 41 55 41 54 4c 8d 24 d6 55 48
0x00007f2bea1efde6:   89 fd 53 48 8d 5e 08 48 83 ec 08 4c 39 e3 75 35
0x00007f2bea1efdf6:   eb 7a 0f 1f 84 00 00 00 00 00 4c 89 ee 48 89 ef
0x00007f2bea1efe06:   e8 a5 d0 08 00 84 c0 74 61 48 89 ef 4c 89 ee e8
0x00007f2bea1efe16:   66 d0 08 00 48 89 c5 48 85 ed 74 4e 48 83 c3 08
0x00007f2bea1efe26:   49 39 dc 74 5d 0f b6 45 08 4c 8b 2b 3c 10 74 ca
0x00007f2bea1efe36:   49 8b 75 00 0f b6 4e 08 89 ca 83 e9 12 83 f9 01
0x00007f2bea1efe46:   77 0b 48 8b 56 10 48 8b 12 0f b6 52 08 80 fa 0d
0x00007f2bea1efe56:   75 18 3c 11 75 0c 48 8b 6d 18 eb bb 66 0f 1f 44
0x00007f2bea1efe66:   00 00 83 e8 12 83 f8 01 76 ec 31 c0 48 83 c4 08
0x00007f2bea1efe76:   5b 5d 41 5c 41 5d c3 0f 1f 00 c3 0f 1f 80 00 00
0x00007f2bea1efe86:   00 00 48 83 c4 08 48 89 e8 5b 5d 41 5c 41 5d c3
0x00007f2bea1efe96:   66 2e 0f 1f 84 00 00 00 00 00 48 89 f8 48 85 d2
0x00007f2bea1efea6:   0f 84 a4 00 00 00 41 55 41 54 4c 8d 24 d6 55 48
0x00007f2bea1efeb6:   89 fd 53 48 8d 5e 08 48 83 ec 08 4c 39 e3 75 35
0x00007f2bea1efec6:   eb 7a 0f 1f 84 00 00 00 00 00 4c 89 ee 48 89 ef
0x00007f2bea1efed6:   e8 d5 cf 08 00 84 c0 74 61 48 89 ef 4c 89 ee e8
0x00007f2bea1efee6:   96 cf 08 00 48 89 c5 48 85 ed 74 4e 48 83 c3 08
0x00007f2bea1efef6:   49 39 dc 74 5d 0f b6 45 08 4c 8b 2b 3c 10 74 ca
0x00007f2bea1eff06:   49 8b 75 00 0f b6 4e 08 89 ca 83 e9 12 83 f9 01
0x00007f2bea1eff16:   77 0b 48 8b 56 10 48 8b 12 0f b6 52 08 80 fa 0d
0x00007f2bea1eff26:   75 18 3c 11 75 0c 48 8b 6d 18 eb bb 66 0f 1f 44 


Stack slot to memory mapping:
stack at sp + 0 slots: 0x0000000000000060 is an unknown value
stack at sp + 1 slots: 0x00007f2c5c4c2060 points into unknown readable memory: 0x00007f2c5c4c2070 | 70 20 4c 5c 2c 7f 00 00
stack at sp + 2 slots: 0x00007f2c5c3e99e0 points into unknown readable memory: 0x00007f2c5c4ea360 | 60 a3 4e 5c 2c 7f 00 00
stack at sp + 3 slots: 0x00007f2c5c4e49e0 points into unknown readable memory: 0x6e696c2d372e352e | 2e 35 2e 37 2d 6c 69 6e
stack at sp + 4 slots: 0x00007f2c5c4e7060 points into unknown readable memory: 0x00007f2c5c4e51c8 | c8 51 4e 5c 2c 7f 00 00
stack at sp + 5 slots: 0x00007f2bea158c9a: LLVMBuildGEP+0x00000000000000ea in /root/.javacpp/cache/llvm-13.0.1-1.5.7-linux-x86_64.jar/org/bytedeco/llvm/linux-x86_64/libLLVM-13.so at 0x00007f2be952c000
stack at sp + 6 slots: 0x0 is NULL
stack at sp + 7 slots: 0x00007f2c5c4e4980 points into unknown readable memory: 0x0000000000000000 | 00 00 00 00 00 00 00 00


---------------  P R O C E S S  ---------------

Threads class SMR info:
_java_thread_list=0x00007f2c080c06f0, length=12, elements={
0x00007f2c5c016800, 0x00007f2c5c186800, 0x00007f2c5c188800, 0x00007f2c5c191000,
0x00007f2c5c193000, 0x00007f2c5c195000, 0x00007f2c5c197000, 0x00007f2c5c199000,
0x00007f2c5c214800, 0x00007f2c5c3f8800, 0x00007f2c080be000, 0x00007f2c080bf800
}

Java Threads: ( => current thread )
=>0x00007f2c5c016800 JavaThread "main" [_thread_in_native, id=4196, stack(0x00007f2c6266c000,0x00007f2c6276d000)]
  0x00007f2c5c186800 JavaThread "Reference Handler" daemon [_thread_blocked, id=4204, stack(0x00007f2c44017000,0x00007f2c44118000)]
  0x00007f2c5c188800 JavaThread "Finalizer" daemon [_thread_blocked, id=4205, stack(0x00007f2c3947f000,0x00007f2c39580000)]
  0x00007f2c5c191000 JavaThread "Signal Dispatcher" daemon [_thread_blocked, id=4206, stack(0x00007f2c38f25000,0x00007f2c39026000)]
  0x00007f2c5c193000 JavaThread "Service Thread" daemon [_thread_blocked, id=4207, stack(0x00007f2c38e24000,0x00007f2c38f25000)]
  0x00007f2c5c195000 JavaThread "C2 CompilerThread0" daemon [_thread_in_native, id=4208, stack(0x00007f2c38d23000,0x00007f2c38e24000)]
  0x00007f2c5c197000 JavaThread "C1 CompilerThread0" daemon [_thread_blocked, id=4209, stack(0x00007f2c38c22000,0x00007f2c38d23000)]
  0x00007f2c5c199000 JavaThread "Sweeper thread" daemon [_thread_blocked, id=4210, stack(0x00007f2c38b21000,0x00007f2c38c22000)]
  0x00007f2c5c214800 JavaThread "Common-Cleaner" daemon [_thread_blocked, id=4212, stack(0x00007f2c3891e000,0x00007f2c38a1f000)]
  0x00007f2c5c3f8800 JavaThread "JavaCPP Deallocator" daemon [_thread_blocked, id=4220, stack(0x00007f2c387d4000,0x00007f2c388d5000)]
  0x00007f2c080be000 JavaThread "C2 CompilerThread1" daemon [_thread_blocked, id=4221, stack(0x00007f2c386d3000,0x00007f2c387d4000)]
  0x00007f2c080bf800 JavaThread "C2 CompilerThread2" daemon [_thread_blocked, id=4222, stack(0x00007f2c385d2000,0x00007f2c386d3000)]

Other Threads:
  0x00007f2c5c183800 VMThread "VM Thread" [stack: 0x00007f2c4411a000,0x00007f2c4421a000] [id=4203]
  0x00007f2c5c212000 WatcherThread [stack: 0x00007f2c38a21000,0x00007f2c38b21000] [id=4211]
  0x00007f2c5c02f000 GCTaskThread "GC Thread#0" [stack: 0x00007f2c62315000,0x00007f2c62415000] [id=4197]
  0x00007f2c5c07a800 ConcurrentGCThread "G1 Main Marker" [stack: 0x00007f2c606c7000,0x00007f2c607c7000] [id=4198]
  0x00007f2c5c07c800 ConcurrentGCThread "G1 Conc#0" [stack: 0x00007f2c605c5000,0x00007f2c606c5000] [id=4199]
  0x00007f2c5c149800 ConcurrentGCThread "G1 Refine#0" [stack: 0x00007f2c443fa000,0x00007f2c444fa000] [id=4201]
  0x00007f2c5c14b800 ConcurrentGCThread "G1 Young RemSet Sampling" [stack: 0x00007f2c442f8000,0x00007f2c443f8000] [id=4202]

Threads with active compile tasks:
C2 CompilerThread0      225  607       4       java.util.jar.JarFile::getVersionedEntry (85 bytes)

VM state:not at safepoint (normal execution)

VM Mutex/Monitor currently owned by a thread: None

Heap address: 0x000000073b000000, size: 3152 MB, Compressed Oops mode: Zero based, Oop shift amount: 3
Narrow klass base: 0x0000000800000000, Narrow klass shift: 3
Compressed class space size: 1073741824 Address: 0x0000000840000000

Heap:
 garbage-first heap   total 204800K, used 20172K [0x000000073b000000, 0x0000000800000000)
  region size 1024K, 21 young (21504K), 0 survivors (0K)
 Metaspace       used 3402K, capacity 6480K, committed 6656K, reserved 1056768K
  class space    used 392K, capacity 668K, committed 768K, reserved 1048576K
Heap Regions: E=young(eden), S=young(survivor), O=old, HS=humongous(starts), HC=humongous(continues), CS=collection set, F=free, A=archive, TAMS=top-at-mark-start (previous, next)
|   0|0x000000073b000000, 0x000000073b000000, 0x000000073b100000|  0%| F|  |TAMS 0x000000073b000000, 0x000000073b000000| Untracked 
|   1|0x000000073b100000, 0x000000073b100000, 0x000000073b200000|  0%| F|  |TAMS 0x000000073b100000, 0x000000073b100000| Untracked 
|   2|0x000000073b200000, 0x000000073b200000, 0x000000073b300000|  0%| F|  |TAMS 0x000000073b200000, 0x000000073b200000| Untracked 
|   3|0x000000073b300000, 0x000000073b300000, 0x000000073b400000|  0%| F|  |TAMS 0x000000073b300000, 0x000000073b300000| Untracked 
|   4|0x000000073b400000, 0x000000073b400000, 0x000000073b500000|  0%| F|  |TAMS 0x000000073b400000, 0x000000073b400000| Untracked 
|   5|0x000000073b500000, 0x000000073b500000, 0x000000073b600000|  0%| F|  |TAMS 0x000000073b500000, 0x000000073b500000| Untracked 
|   6|0x000000073b600000, 0x000000073b600000, 0x000000073b700000|  0%| F|  |TAMS 0x000000073b600000, 0x000000073b600000| Untracked 
|   7|0x000000073b700000, 0x000000073b700000, 0x000000073b800000|  0%| F|  |TAMS 0x000000073b700000, 0x000000073b700000| Untracked 
|   8|0x000000073b800000, 0x000000073b800000, 0x000000073b900000|  0%| F|  |TAMS 0x000000073b800000, 0x000000073b800000| Untracked 
|   9|0x000000073b900000, 0x000000073b900000, 0x000000073ba00000|  0%| F|  |TAMS 0x000000073b900000, 0x000000073b900000| Untracked 
|  10|0x000000073ba00000, 0x000000073ba00000, 0x000000073bb00000|  0%| F|  |TAMS 0x000000073ba00000, 0x000000073ba00000| Untracked 
|  11|0x000000073bb00000, 0x000000073bb00000, 0x000000073bc00000|  0%| F|  |TAMS 0x000000073bb00000, 0x000000073bb00000| Untracked 
|  12|0x000000073bc00000, 0x000000073bc00000, 0x000000073bd00000|  0%| F|  |TAMS 0x000000073bc00000, 0x000000073bc00000| Untracked 
|  13|0x000000073bd00000, 0x000000073bd00000, 0x000000073be00000|  0%| F|  |TAMS 0x000000073bd00000, 0x000000073bd00000| Untracked 
|  14|0x000000073be00000, 0x000000073be00000, 0x000000073bf00000|  0%| F|  |TAMS 0x000000073be00000, 0x000000073be00000| Untracked 
|  15|0x000000073bf00000, 0x000000073bf00000, 0x000000073c000000|  0%| F|  |TAMS 0x000000073bf00000, 0x000000073bf00000| Untracked 
|  16|0x000000073c000000, 0x000000073c000000, 0x000000073c100000|  0%| F|  |TAMS 0x000000073c000000, 0x000000073c000000| Untracked 
|  17|0x000000073c100000, 0x000000073c100000, 0x000000073c200000|  0%| F|  |TAMS 0x000000073c100000, 0x000000073c100000| Untracked 
|  18|0x000000073c200000, 0x000000073c200000, 0x000000073c300000|  0%| F|  |TAMS 0x000000073c200000, 0x000000073c200000| Untracked 
|  19|0x000000073c300000, 0x000000073c300000, 0x000000073c400000|  0%| F|  |TAMS 0x000000073c300000, 0x000000073c300000| Untracked 
|  20|0x000000073c400000, 0x000000073c400000, 0x000000073c500000|  0%| F|  |TAMS 0x000000073c400000, 0x000000073c400000| Untracked 
|  21|0x000000073c500000, 0x000000073c500000, 0x000000073c600000|  0%| F|  |TAMS 0x000000073c500000, 0x000000073c500000| Untracked 
|  22|0x000000073c600000, 0x000000073c600000, 0x000000073c700000|  0%| F|  |TAMS 0x000000073c600000, 0x000000073c600000| Untracked 
|  23|0x000000073c700000, 0x000000073c700000, 0x000000073c800000|  0%| F|  |TAMS 0x000000073c700000, 0x000000073c700000| Untracked 
|  24|0x000000073c800000, 0x000000073c800000, 0x000000073c900000|  0%| F|  |TAMS 0x000000073c800000, 0x000000073c800000| Untracked 
|  25|0x000000073c900000, 0x000000073c900000, 0x000000073ca00000|  0%| F|  |TAMS 0x000000073c900000, 0x000000073c900000| Untracked 
|  26|0x000000073ca00000, 0x000000073ca00000, 0x000000073cb00000|  0%| F|  |TAMS 0x000000073ca00000, 0x000000073ca00000| Untracked 
|  27|0x000000073cb00000, 0x000000073cb00000, 0x000000073cc00000|  0%| F|  |TAMS 0x000000073cb00000, 0x000000073cb00000| Untracked 
|  28|0x000000073cc00000, 0x000000073cc00000, 0x000000073cd00000|  0%| F|  |TAMS 0x000000073cc00000, 0x000000073cc00000| Untracked 
|  29|0x000000073cd00000, 0x000000073cd00000, 0x000000073ce00000|  0%| F|  |TAMS 0x000000073cd00000, 0x000000073cd00000| Untracked 
|  30|0x000000073ce00000, 0x000000073ce00000, 0x000000073cf00000|  0%| F|  |TAMS 0x000000073ce00000, 0x000000073ce00000| Untracked 
|  31|0x000000073cf00000, 0x000000073cf00000, 0x000000073d000000|  0%| F|  |TAMS 0x000000073cf00000, 0x000000073cf00000| Untracked 
|  32|0x000000073d000000, 0x000000073d000000, 0x000000073d100000|  0%| F|  |TAMS 0x000000073d000000, 0x000000073d000000| Untracked 
|  33|0x000000073d100000, 0x000000073d100000, 0x000000073d200000|  0%| F|  |TAMS 0x000000073d100000, 0x000000073d100000| Untracked 
|  34|0x000000073d200000, 0x000000073d200000, 0x000000073d300000|  0%| F|  |TAMS 0x000000073d200000, 0x000000073d200000| Untracked 
|  35|0x000000073d300000, 0x000000073d300000, 0x000000073d400000|  0%| F|  |TAMS 0x000000073d300000, 0x000000073d300000| Untracked 
|  36|0x000000073d400000, 0x000000073d400000, 0x000000073d500000|  0%| F|  |TAMS 0x000000073d400000, 0x000000073d400000| Untracked 
|  37|0x000000073d500000, 0x000000073d500000, 0x000000073d600000|  0%| F|  |TAMS 0x000000073d500000, 0x000000073d500000| Untracked 
|  38|0x000000073d600000, 0x000000073d600000, 0x000000073d700000|  0%| F|  |TAMS 0x000000073d600000, 0x000000073d600000| Untracked 
|  39|0x000000073d700000, 0x000000073d700000, 0x000000073d800000|  0%| F|  |TAMS 0x000000073d700000, 0x000000073d700000| Untracked 
|  40|0x000000073d800000, 0x000000073d800000, 0x000000073d900000|  0%| F|  |TAMS 0x000000073d800000, 0x000000073d800000| Untracked 
|  41|0x000000073d900000, 0x000000073d900000, 0x000000073da00000|  0%| F|  |TAMS 0x000000073d900000, 0x000000073d900000| Untracked 
|  42|0x000000073da00000, 0x000000073da00000, 0x000000073db00000|  0%| F|  |TAMS 0x000000073da00000, 0x000000073da00000| Untracked 
|  43|0x000000073db00000, 0x000000073db00000, 0x000000073dc00000|  0%| F|  |TAMS 0x000000073db00000, 0x000000073db00000| Untracked 
|  44|0x000000073dc00000, 0x000000073dc00000, 0x000000073dd00000|  0%| F|  |TAMS 0x000000073dc00000, 0x000000073dc00000| Untracked 
|  45|0x000000073dd00000, 0x000000073dd00000, 0x000000073de00000|  0%| F|  |TAMS 0x000000073dd00000, 0x000000073dd00000| Untracked 
|  46|0x000000073de00000, 0x000000073de00000, 0x000000073df00000|  0%| F|  |TAMS 0x000000073de00000, 0x000000073de00000| Untracked 
|  47|0x000000073df00000, 0x000000073df00000, 0x000000073e000000|  0%| F|  |TAMS 0x000000073df00000, 0x000000073df00000| Untracked 
|  48|0x000000073e000000, 0x000000073e000000, 0x000000073e100000|  0%| F|  |TAMS 0x000000073e000000, 0x000000073e000000| Untracked 
|  49|0x000000073e100000, 0x000000073e100000, 0x000000073e200000|  0%| F|  |TAMS 0x000000073e100000, 0x000000073e100000| Untracked 
|  50|0x000000073e200000, 0x000000073e200000, 0x000000073e300000|  0%| F|  |TAMS 0x000000073e200000, 0x000000073e200000| Untracked 
|  51|0x000000073e300000, 0x000000073e300000, 0x000000073e400000|  0%| F|  |TAMS 0x000000073e300000, 0x000000073e300000| Untracked 
|  52|0x000000073e400000, 0x000000073e400000, 0x000000073e500000|  0%| F|  |TAMS 0x000000073e400000, 0x000000073e400000| Untracked 
|  53|0x000000073e500000, 0x000000073e500000, 0x000000073e600000|  0%| F|  |TAMS 0x000000073e500000, 0x000000073e500000| Untracked 
|  54|0x000000073e600000, 0x000000073e600000, 0x000000073e700000|  0%| F|  |TAMS 0x000000073e600000, 0x000000073e600000| Untracked 
|  55|0x000000073e700000, 0x000000073e700000, 0x000000073e800000|  0%| F|  |TAMS 0x000000073e700000, 0x000000073e700000| Untracked 
|  56|0x000000073e800000, 0x000000073e800000, 0x000000073e900000|  0%| F|  |TAMS 0x000000073e800000, 0x000000073e800000| Untracked 
|  57|0x000000073e900000, 0x000000073e900000, 0x000000073ea00000|  0%| F|  |TAMS 0x000000073e900000, 0x000000073e900000| Untracked 
|  58|0x000000073ea00000, 0x000000073ea00000, 0x000000073eb00000|  0%| F|  |TAMS 0x000000073ea00000, 0x000000073ea00000| Untracked 
|  59|0x000000073eb00000, 0x000000073eb00000, 0x000000073ec00000|  0%| F|  |TAMS 0x000000073eb00000, 0x000000073eb00000| Untracked 
|  60|0x000000073ec00000, 0x000000073ec00000, 0x000000073ed00000|  0%| F|  |TAMS 0x000000073ec00000, 0x000000073ec00000| Untracked 
|  61|0x000000073ed00000, 0x000000073ed00000, 0x000000073ee00000|  0%| F|  |TAMS 0x000000073ed00000, 0x000000073ed00000| Untracked 
|  62|0x000000073ee00000, 0x000000073ee00000, 0x000000073ef00000|  0%| F|  |TAMS 0x000000073ee00000, 0x000000073ee00000| Untracked 
|  63|0x000000073ef00000, 0x000000073ef00000, 0x000000073f000000|  0%| F|  |TAMS 0x000000073ef00000, 0x000000073ef00000| Untracked 
|  64|0x000000073f000000, 0x000000073f000000, 0x000000073f100000|  0%| F|  |TAMS 0x000000073f000000, 0x000000073f000000| Untracked 
|  65|0x000000073f100000, 0x000000073f100000, 0x000000073f200000|  0%| F|  |TAMS 0x000000073f100000, 0x000000073f100000| Untracked 
|  66|0x000000073f200000, 0x000000073f200000, 0x000000073f300000|  0%| F|  |TAMS 0x000000073f200000, 0x000000073f200000| Untracked 
|  67|0x000000073f300000, 0x000000073f300000, 0x000000073f400000|  0%| F|  |TAMS 0x000000073f300000, 0x000000073f300000| Untracked 
|  68|0x000000073f400000, 0x000000073f400000, 0x000000073f500000|  0%| F|  |TAMS 0x000000073f400000, 0x000000073f400000| Untracked 
|  69|0x000000073f500000, 0x000000073f500000, 0x000000073f600000|  0%| F|  |TAMS 0x000000073f500000, 0x000000073f500000| Untracked 
|  70|0x000000073f600000, 0x000000073f600000, 0x000000073f700000|  0%| F|  |TAMS 0x000000073f600000, 0x000000073f600000| Untracked 
|  71|0x000000073f700000, 0x000000073f700000, 0x000000073f800000|  0%| F|  |TAMS 0x000000073f700000, 0x000000073f700000| Untracked 
|  72|0x000000073f800000, 0x000000073f800000, 0x000000073f900000|  0%| F|  |TAMS 0x000000073f800000, 0x000000073f800000| Untracked 
|  73|0x000000073f900000, 0x000000073f900000, 0x000000073fa00000|  0%| F|  |TAMS 0x000000073f900000, 0x000000073f900000| Untracked 
|  74|0x000000073fa00000, 0x000000073fa00000, 0x000000073fb00000|  0%| F|  |TAMS 0x000000073fa00000, 0x000000073fa00000| Untracked 
|  75|0x000000073fb00000, 0x000000073fb00000, 0x000000073fc00000|  0%| F|  |TAMS 0x000000073fb00000, 0x000000073fb00000| Untracked 
|  76|0x000000073fc00000, 0x000000073fc00000, 0x000000073fd00000|  0%| F|  |TAMS 0x000000073fc00000, 0x000000073fc00000| Untracked 
|  77|0x000000073fd00000, 0x000000073fd00000, 0x000000073fe00000|  0%| F|  |TAMS 0x000000073fd00000, 0x000000073fd00000| Untracked 
|  78|0x000000073fe00000, 0x000000073fe00000, 0x000000073ff00000|  0%| F|  |TAMS 0x000000073fe00000, 0x000000073fe00000| Untracked 
|  79|0x000000073ff00000, 0x000000073ff00000, 0x0000000740000000|  0%| F|  |TAMS 0x000000073ff00000, 0x000000073ff00000| Untracked 
|  80|0x0000000740000000, 0x0000000740000000, 0x0000000740100000|  0%| F|  |TAMS 0x0000000740000000, 0x0000000740000000| Untracked 
|  81|0x0000000740100000, 0x0000000740100000, 0x0000000740200000|  0%| F|  |TAMS 0x0000000740100000, 0x0000000740100000| Untracked 
|  82|0x0000000740200000, 0x0000000740200000, 0x0000000740300000|  0%| F|  |TAMS 0x0000000740200000, 0x0000000740200000| Untracked 
|  83|0x0000000740300000, 0x0000000740300000, 0x0000000740400000|  0%| F|  |TAMS 0x0000000740300000, 0x0000000740300000| Untracked 
|  84|0x0000000740400000, 0x0000000740400000, 0x0000000740500000|  0%| F|  |TAMS 0x0000000740400000, 0x0000000740400000| Untracked 
|  85|0x0000000740500000, 0x0000000740500000, 0x0000000740600000|  0%| F|  |TAMS 0x0000000740500000, 0x0000000740500000| Untracked 
|  86|0x0000000740600000, 0x0000000740600000, 0x0000000740700000|  0%| F|  |TAMS 0x0000000740600000, 0x0000000740600000| Untracked 
|  87|0x0000000740700000, 0x0000000740700000, 0x0000000740800000|  0%| F|  |TAMS 0x0000000740700000, 0x0000000740700000| Untracked 
|  88|0x0000000740800000, 0x0000000740800000, 0x0000000740900000|  0%| F|  |TAMS 0x0000000740800000, 0x0000000740800000| Untracked 
|  89|0x0000000740900000, 0x0000000740900000, 0x0000000740a00000|  0%| F|  |TAMS 0x0000000740900000, 0x0000000740900000| Untracked 
|  90|0x0000000740a00000, 0x0000000740a00000, 0x0000000740b00000|  0%| F|  |TAMS 0x0000000740a00000, 0x0000000740a00000| Untracked 
|  91|0x0000000740b00000, 0x0000000740b00000, 0x0000000740c00000|  0%| F|  |TAMS 0x0000000740b00000, 0x0000000740b00000| Untracked 
|  92|0x0000000740c00000, 0x0000000740c00000, 0x0000000740d00000|  0%| F|  |TAMS 0x0000000740c00000, 0x0000000740c00000| Untracked 
|  93|0x0000000740d00000, 0x0000000740d00000, 0x0000000740e00000|  0%| F|  |TAMS 0x0000000740d00000, 0x0000000740d00000| Untracked 
|  94|0x0000000740e00000, 0x0000000740e00000, 0x0000000740f00000|  0%| F|  |TAMS 0x0000000740e00000, 0x0000000740e00000| Untracked 
|  95|0x0000000740f00000, 0x0000000740f00000, 0x0000000741000000|  0%| F|  |TAMS 0x0000000740f00000, 0x0000000740f00000| Untracked 
|  96|0x0000000741000000, 0x0000000741000000, 0x0000000741100000|  0%| F|  |TAMS 0x0000000741000000, 0x0000000741000000| Untracked 
|  97|0x0000000741100000, 0x0000000741100000, 0x0000000741200000|  0%| F|  |TAMS 0x0000000741100000, 0x0000000741100000| Untracked 
|  98|0x0000000741200000, 0x0000000741200000, 0x0000000741300000|  0%| F|  |TAMS 0x0000000741200000, 0x0000000741200000| Untracked 
|  99|0x0000000741300000, 0x0000000741300000, 0x0000000741400000|  0%| F|  |TAMS 0x0000000741300000, 0x0000000741300000| Untracked 
| 100|0x0000000741400000, 0x0000000741400000, 0x0000000741500000|  0%| F|  |TAMS 0x0000000741400000, 0x0000000741400000| Untracked 
| 101|0x0000000741500000, 0x0000000741500000, 0x0000000741600000|  0%| F|  |TAMS 0x0000000741500000, 0x0000000741500000| Untracked 
| 102|0x0000000741600000, 0x0000000741600000, 0x0000000741700000|  0%| F|  |TAMS 0x0000000741600000, 0x0000000741600000| Untracked 
| 103|0x0000000741700000, 0x0000000741700000, 0x0000000741800000|  0%| F|  |TAMS 0x0000000741700000, 0x0000000741700000| Untracked 
| 104|0x0000000741800000, 0x0000000741800000, 0x0000000741900000|  0%| F|  |TAMS 0x0000000741800000, 0x0000000741800000| Untracked 
| 105|0x0000000741900000, 0x0000000741900000, 0x0000000741a00000|  0%| F|  |TAMS 0x0000000741900000, 0x0000000741900000| Untracked 
| 106|0x0000000741a00000, 0x0000000741a00000, 0x0000000741b00000|  0%| F|  |TAMS 0x0000000741a00000, 0x0000000741a00000| Untracked 
| 107|0x0000000741b00000, 0x0000000741b00000, 0x0000000741c00000|  0%| F|  |TAMS 0x0000000741b00000, 0x0000000741b00000| Untracked 
| 108|0x0000000741c00000, 0x0000000741c00000, 0x0000000741d00000|  0%| F|  |TAMS 0x0000000741c00000, 0x0000000741c00000| Untracked 
| 109|0x0000000741d00000, 0x0000000741d00000, 0x0000000741e00000|  0%| F|  |TAMS 0x0000000741d00000, 0x0000000741d00000| Untracked 
| 110|0x0000000741e00000, 0x0000000741e00000, 0x0000000741f00000|  0%| F|  |TAMS 0x0000000741e00000, 0x0000000741e00000| Untracked 
| 111|0x0000000741f00000, 0x0000000741f00000, 0x0000000742000000|  0%| F|  |TAMS 0x0000000741f00000, 0x0000000741f00000| Untracked 
| 112|0x0000000742000000, 0x0000000742000000, 0x0000000742100000|  0%| F|  |TAMS 0x0000000742000000, 0x0000000742000000| Untracked 
| 113|0x0000000742100000, 0x0000000742100000, 0x0000000742200000|  0%| F|  |TAMS 0x0000000742100000, 0x0000000742100000| Untracked 
| 114|0x0000000742200000, 0x0000000742200000, 0x0000000742300000|  0%| F|  |TAMS 0x0000000742200000, 0x0000000742200000| Untracked 
| 115|0x0000000742300000, 0x0000000742300000, 0x0000000742400000|  0%| F|  |TAMS 0x0000000742300000, 0x0000000742300000| Untracked 
| 116|0x0000000742400000, 0x0000000742400000, 0x0000000742500000|  0%| F|  |TAMS 0x0000000742400000, 0x0000000742400000| Untracked 
| 117|0x0000000742500000, 0x0000000742500000, 0x0000000742600000|  0%| F|  |TAMS 0x0000000742500000, 0x0000000742500000| Untracked 
| 118|0x0000000742600000, 0x0000000742600000, 0x0000000742700000|  0%| F|  |TAMS 0x0000000742600000, 0x0000000742600000| Untracked 
| 119|0x0000000742700000, 0x0000000742700000, 0x0000000742800000|  0%| F|  |TAMS 0x0000000742700000, 0x0000000742700000| Untracked 
| 120|0x0000000742800000, 0x0000000742800000, 0x0000000742900000|  0%| F|  |TAMS 0x0000000742800000, 0x0000000742800000| Untracked 
| 121|0x0000000742900000, 0x0000000742900000, 0x0000000742a00000|  0%| F|  |TAMS 0x0000000742900000, 0x0000000742900000| Untracked 
| 122|0x0000000742a00000, 0x0000000742a00000, 0x0000000742b00000|  0%| F|  |TAMS 0x0000000742a00000, 0x0000000742a00000| Untracked 
| 123|0x0000000742b00000, 0x0000000742b00000, 0x0000000742c00000|  0%| F|  |TAMS 0x0000000742b00000, 0x0000000742b00000| Untracked 
| 124|0x0000000742c00000, 0x0000000742c00000, 0x0000000742d00000|  0%| F|  |TAMS 0x0000000742c00000, 0x0000000742c00000| Untracked 
| 125|0x0000000742d00000, 0x0000000742d00000, 0x0000000742e00000|  0%| F|  |TAMS 0x0000000742d00000, 0x0000000742d00000| Untracked 
| 126|0x0000000742e00000, 0x0000000742e00000, 0x0000000742f00000|  0%| F|  |TAMS 0x0000000742e00000, 0x0000000742e00000| Untracked 
| 127|0x0000000742f00000, 0x0000000742f00000, 0x0000000743000000|  0%| F|  |TAMS 0x0000000742f00000, 0x0000000742f00000| Untracked 
| 128|0x0000000743000000, 0x0000000743000000, 0x0000000743100000|  0%| F|  |TAMS 0x0000000743000000, 0x0000000743000000| Untracked 
| 129|0x0000000743100000, 0x0000000743100000, 0x0000000743200000|  0%| F|  |TAMS 0x0000000743100000, 0x0000000743100000| Untracked 
| 130|0x0000000743200000, 0x0000000743200000, 0x0000000743300000|  0%| F|  |TAMS 0x0000000743200000, 0x0000000743200000| Untracked 
| 131|0x0000000743300000, 0x0000000743300000, 0x0000000743400000|  0%| F|  |TAMS 0x0000000743300000, 0x0000000743300000| Untracked 
| 132|0x0000000743400000, 0x0000000743400000, 0x0000000743500000|  0%| F|  |TAMS 0x0000000743400000, 0x0000000743400000| Untracked 
| 133|0x0000000743500000, 0x0000000743500000, 0x0000000743600000|  0%| F|  |TAMS 0x0000000743500000, 0x0000000743500000| Untracked 
| 134|0x0000000743600000, 0x0000000743600000, 0x0000000743700000|  0%| F|  |TAMS 0x0000000743600000, 0x0000000743600000| Untracked 
| 135|0x0000000743700000, 0x0000000743700000, 0x0000000743800000|  0%| F|  |TAMS 0x0000000743700000, 0x0000000743700000| Untracked 
| 136|0x0000000743800000, 0x0000000743800000, 0x0000000743900000|  0%| F|  |TAMS 0x0000000743800000, 0x0000000743800000| Untracked 
| 137|0x0000000743900000, 0x0000000743900000, 0x0000000743a00000|  0%| F|  |TAMS 0x0000000743900000, 0x0000000743900000| Untracked 
| 138|0x0000000743a00000, 0x0000000743a00000, 0x0000000743b00000|  0%| F|  |TAMS 0x0000000743a00000, 0x0000000743a00000| Untracked 
| 139|0x0000000743b00000, 0x0000000743b00000, 0x0000000743c00000|  0%| F|  |TAMS 0x0000000743b00000, 0x0000000743b00000| Untracked 
| 140|0x0000000743c00000, 0x0000000743c00000, 0x0000000743d00000|  0%| F|  |TAMS 0x0000000743c00000, 0x0000000743c00000| Untracked 
| 141|0x0000000743d00000, 0x0000000743d00000, 0x0000000743e00000|  0%| F|  |TAMS 0x0000000743d00000, 0x0000000743d00000| Untracked 
| 142|0x0000000743e00000, 0x0000000743e00000, 0x0000000743f00000|  0%| F|  |TAMS 0x0000000743e00000, 0x0000000743e00000| Untracked 
| 143|0x0000000743f00000, 0x0000000743f00000, 0x0000000744000000|  0%| F|  |TAMS 0x0000000743f00000, 0x0000000743f00000| Untracked 
| 144|0x0000000744000000, 0x0000000744000000, 0x0000000744100000|  0%| F|  |TAMS 0x0000000744000000, 0x0000000744000000| Untracked 
| 145|0x0000000744100000, 0x0000000744100000, 0x0000000744200000|  0%| F|  |TAMS 0x0000000744100000, 0x0000000744100000| Untracked 
| 146|0x0000000744200000, 0x0000000744200000, 0x0000000744300000|  0%| F|  |TAMS 0x0000000744200000, 0x0000000744200000| Untracked 
| 147|0x0000000744300000, 0x0000000744300000, 0x0000000744400000|  0%| F|  |TAMS 0x0000000744300000, 0x0000000744300000| Untracked 
| 148|0x0000000744400000, 0x0000000744400000, 0x0000000744500000|  0%| F|  |TAMS 0x0000000744400000, 0x0000000744400000| Untracked 
| 149|0x0000000744500000, 0x0000000744500000, 0x0000000744600000|  0%| F|  |TAMS 0x0000000744500000, 0x0000000744500000| Untracked 
| 150|0x0000000744600000, 0x0000000744600000, 0x0000000744700000|  0%| F|  |TAMS 0x0000000744600000, 0x0000000744600000| Untracked 
| 151|0x0000000744700000, 0x0000000744700000, 0x0000000744800000|  0%| F|  |TAMS 0x0000000744700000, 0x0000000744700000| Untracked 
| 152|0x0000000744800000, 0x0000000744800000, 0x0000000744900000|  0%| F|  |TAMS 0x0000000744800000, 0x0000000744800000| Untracked 
| 153|0x0000000744900000, 0x0000000744900000, 0x0000000744a00000|  0%| F|  |TAMS 0x0000000744900000, 0x0000000744900000| Untracked 
| 154|0x0000000744a00000, 0x0000000744a00000, 0x0000000744b00000|  0%| F|  |TAMS 0x0000000744a00000, 0x0000000744a00000| Untracked 
| 155|0x0000000744b00000, 0x0000000744b00000, 0x0000000744c00000|  0%| F|  |TAMS 0x0000000744b00000, 0x0000000744b00000| Untracked 
| 156|0x0000000744c00000, 0x0000000744c00000, 0x0000000744d00000|  0%| F|  |TAMS 0x0000000744c00000, 0x0000000744c00000| Untracked 
| 157|0x0000000744d00000, 0x0000000744d00000, 0x0000000744e00000|  0%| F|  |TAMS 0x0000000744d00000, 0x0000000744d00000| Untracked 
| 158|0x0000000744e00000, 0x0000000744e00000, 0x0000000744f00000|  0%| F|  |TAMS 0x0000000744e00000, 0x0000000744e00000| Untracked 
| 159|0x0000000744f00000, 0x0000000744f00000, 0x0000000745000000|  0%| F|  |TAMS 0x0000000744f00000, 0x0000000744f00000| Untracked 
| 160|0x0000000745000000, 0x0000000745000000, 0x0000000745100000|  0%| F|  |TAMS 0x0000000745000000, 0x0000000745000000| Untracked 
| 161|0x0000000745100000, 0x0000000745100000, 0x0000000745200000|  0%| F|  |TAMS 0x0000000745100000, 0x0000000745100000| Untracked 
| 162|0x0000000745200000, 0x0000000745200000, 0x0000000745300000|  0%| F|  |TAMS 0x0000000745200000, 0x0000000745200000| Untracked 
| 163|0x0000000745300000, 0x0000000745300000, 0x0000000745400000|  0%| F|  |TAMS 0x0000000745300000, 0x0000000745300000| Untracked 
| 164|0x0000000745400000, 0x0000000745400000, 0x0000000745500000|  0%| F|  |TAMS 0x0000000745400000, 0x0000000745400000| Untracked 
| 165|0x0000000745500000, 0x0000000745500000, 0x0000000745600000|  0%| F|  |TAMS 0x0000000745500000, 0x0000000745500000| Untracked 
| 166|0x0000000745600000, 0x0000000745600000, 0x0000000745700000|  0%| F|  |TAMS 0x0000000745600000, 0x0000000745600000| Untracked 
| 167|0x0000000745700000, 0x0000000745700000, 0x0000000745800000|  0%| F|  |TAMS 0x0000000745700000, 0x0000000745700000| Untracked 
| 168|0x0000000745800000, 0x0000000745800000, 0x0000000745900000|  0%| F|  |TAMS 0x0000000745800000, 0x0000000745800000| Untracked 
| 169|0x0000000745900000, 0x0000000745900000, 0x0000000745a00000|  0%| F|  |TAMS 0x0000000745900000, 0x0000000745900000| Untracked 
| 170|0x0000000745a00000, 0x0000000745a00000, 0x0000000745b00000|  0%| F|  |TAMS 0x0000000745a00000, 0x0000000745a00000| Untracked 
| 171|0x0000000745b00000, 0x0000000745b00000, 0x0000000745c00000|  0%| F|  |TAMS 0x0000000745b00000, 0x0000000745b00000| Untracked 
| 172|0x0000000745c00000, 0x0000000745c00000, 0x0000000745d00000|  0%| F|  |TAMS 0x0000000745c00000, 0x0000000745c00000| Untracked 
| 173|0x0000000745d00000, 0x0000000745d00000, 0x0000000745e00000|  0%| F|  |TAMS 0x0000000745d00000, 0x0000000745d00000| Untracked 
| 174|0x0000000745e00000, 0x0000000745e00000, 0x0000000745f00000|  0%| F|  |TAMS 0x0000000745e00000, 0x0000000745e00000| Untracked 
| 175|0x0000000745f00000, 0x0000000745f00000, 0x0000000746000000|  0%| F|  |TAMS 0x0000000745f00000, 0x0000000745f00000| Untracked 
| 176|0x0000000746000000, 0x0000000746000000, 0x0000000746100000|  0%| F|  |TAMS 0x0000000746000000, 0x0000000746000000| Untracked 
| 177|0x0000000746100000, 0x000000074617b6c0, 0x0000000746200000| 48%| E|  |TAMS 0x0000000746100000, 0x0000000746100000| Complete 
| 178|0x0000000746200000, 0x0000000746300000, 0x0000000746300000|100%| E|CS|TAMS 0x0000000746200000, 0x0000000746200000| Complete 
| 179|0x0000000746300000, 0x0000000746400000, 0x0000000746400000|100%| E|CS|TAMS 0x0000000746300000, 0x0000000746300000| Complete 
| 180|0x0000000746400000, 0x0000000746500000, 0x0000000746500000|100%| E|CS|TAMS 0x0000000746400000, 0x0000000746400000| Complete 
| 181|0x0000000746500000, 0x0000000746600000, 0x0000000746600000|100%| E|CS|TAMS 0x0000000746500000, 0x0000000746500000| Complete 
| 182|0x0000000746600000, 0x0000000746700000, 0x0000000746700000|100%| E|CS|TAMS 0x0000000746600000, 0x0000000746600000| Complete 
| 183|0x0000000746700000, 0x0000000746800000, 0x0000000746800000|100%| E|CS|TAMS 0x0000000746700000, 0x0000000746700000| Complete 
| 184|0x0000000746800000, 0x0000000746900000, 0x0000000746900000|100%| E|CS|TAMS 0x0000000746800000, 0x0000000746800000| Complete 
| 185|0x0000000746900000, 0x0000000746a00000, 0x0000000746a00000|100%| E|CS|TAMS 0x0000000746900000, 0x0000000746900000| Complete 
| 186|0x0000000746a00000, 0x0000000746b00000, 0x0000000746b00000|100%| E|CS|TAMS 0x0000000746a00000, 0x0000000746a00000| Complete 
| 187|0x0000000746b00000, 0x0000000746c00000, 0x0000000746c00000|100%| E|CS|TAMS 0x0000000746b00000, 0x0000000746b00000| Complete 
| 188|0x0000000746c00000, 0x0000000746d00000, 0x0000000746d00000|100%| E|  |TAMS 0x0000000746c00000, 0x0000000746c00000| Complete 
| 189|0x0000000746d00000, 0x0000000746e00000, 0x0000000746e00000|100%| E|CS|TAMS 0x0000000746d00000, 0x0000000746d00000| Complete 
| 190|0x0000000746e00000, 0x0000000746f00000, 0x0000000746f00000|100%| E|CS|TAMS 0x0000000746e00000, 0x0000000746e00000| Complete 
| 191|0x0000000746f00000, 0x0000000747000000, 0x0000000747000000|100%| E|CS|TAMS 0x0000000746f00000, 0x0000000746f00000| Complete 
| 192|0x0000000747000000, 0x0000000747100000, 0x0000000747100000|100%| E|CS|TAMS 0x0000000747000000, 0x0000000747000000| Complete 
| 193|0x0000000747100000, 0x0000000747200000, 0x0000000747200000|100%| E|CS|TAMS 0x0000000747100000, 0x0000000747100000| Complete 
| 194|0x0000000747200000, 0x0000000747300000, 0x0000000747300000|100%| E|CS|TAMS 0x0000000747200000, 0x0000000747200000| Complete 
| 195|0x0000000747300000, 0x0000000747400000, 0x0000000747400000|100%| E|CS|TAMS 0x0000000747300000, 0x0000000747300000| Complete 
| 196|0x0000000747400000, 0x0000000747500000, 0x0000000747500000|100%| E|CS|TAMS 0x0000000747400000, 0x0000000747400000| Complete 
| 197|0x0000000747500000, 0x0000000747600000, 0x0000000747600000|100%| E|CS|TAMS 0x0000000747500000, 0x0000000747500000| Complete 
|2126|0x00000007bfe00000, 0x00000007bfe48000, 0x00000007bff00000| 28%|OA|  |TAMS 0x00000007bfe00000, 0x00000007bfe00000| Untracked 
|2127|0x00000007bff00000, 0x00000007bff6b000, 0x00000007c0000000| 41%|CA|  |TAMS 0x00000007bff00000, 0x00000007bff00000| Untracked 

Card table byte_map: [0x00007f2c60ebb000,0x00007f2c614e3000] _byte_map_base: 0x00007f2c5d4e3000

Marking Bits (Prev, Next): (CMBitMap*) 0x00007f2c5c06d4f8, (CMBitMap*) 0x00007f2c5c06d530
 Prev Bits: [0x00007f2c3cec0000, 0x00007f2c40000000)
 Next Bits: [0x00007f2c39d80000, 0x00007f2c3cec0000)

Polling page: 0x00007f2c63fb1000

Metaspace:

Usage:
  Non-class:      5.68 MB capacity,     2.94 MB ( 52%) used,     2.73 MB ( 48%) free+waste,     4.19 KB ( <1%) overhead. 
      Class:    668.00 KB capacity,   392.25 KB ( 59%) used,   273.69 KB ( 41%) free+waste,     2.06 KB ( <1%) overhead. 
       Both:      6.33 MB capacity,     3.32 MB ( 53%) used,     3.00 MB ( 47%) free+waste,     6.25 KB ( <1%) overhead. 

Virtual space:
  Non-class space:        8.00 MB reserved,       5.75 MB ( 72%) committed 
      Class space:        1.00 GB reserved,     768.00 KB ( <1%) committed 
             Both:        1.01 GB reserved,       6.50 MB ( <1%) committed 

Chunk freelists:
   Non-Class:  12.00 KB
       Class:  4.00 KB
        Both:  16.00 KB

MaxMetaspaceSize: unlimited
CompressedClassSpaceSize: 1.00 GB
Initial GC threshold: 20.80 MB
Current GC threshold: 20.80 MB
CDS: on

CodeHeap 'non-profiled nmethods': size=120032Kb used=185Kb max_used=185Kb free=119846Kb
 bounds [0x00007f2c4c2c5000, 0x00007f2c4c535000, 0x00007f2c537fd000]
CodeHeap 'profiled nmethods': size=120028Kb used=1108Kb max_used=1108Kb free=118919Kb
 bounds [0x00007f2c44d8e000, 0x00007f2c44ffe000, 0x00007f2c4c2c5000]
CodeHeap 'non-nmethods': size=5700Kb used=1146Kb max_used=1170Kb free=4553Kb
 bounds [0x00007f2c447fd000, 0x00007f2c44a6d000, 0x00007f2c44d8e000]
 total_blobs=1018 nmethods=623 adapters=309
 compilation: enabled
              stopped_count=0, restarted_count=0
 full_count=0

Compilation events (20 events):
Event: 0.217 Thread 0x00007f2c5c197000 nmethod 613 0x00007f2c44e98590 code [0x00007f2c44e988e0, 0x00007f2c44e99b60]
Event: 0.217 Thread 0x00007f2c5c197000  616       3       org.bytedeco.javacpp.ClassProperties::get (30 bytes)
Event: 0.217 Thread 0x00007f2c5c197000 nmethod 616 0x00007f2c44e9a190 code [0x00007f2c44e9a3e0, 0x00007f2c44e9ad30]
Event: 0.217 Thread 0x00007f2c5c197000  617       3       java.util.Arrays$ArrayItr::hasNext (18 bytes)
Event: 0.218 Thread 0x00007f2c5c197000 nmethod 617 0x00007f2c44e9b090 code [0x00007f2c44e9b240, 0x00007f2c44e9b3d0]
Event: 0.218 Thread 0x00007f2c5c197000  615       3       sun.reflect.annotation.AnnotationInvocationHandler::invoke (178 bytes)
Event: 0.219 Thread 0x00007f2c5c197000 nmethod 615 0x00007f2c44e9b490 code [0x00007f2c44e9b7a0, 0x00007f2c44e9c900]
Event: 0.219 Thread 0x00007f2c5c197000  618       3       java.net.URL::toString (5 bytes)
Event: 0.219 Thread 0x00007f2c5c197000 nmethod 618 0x00007f2c44e9ce90 code [0x00007f2c44e9d060, 0x00007f2c44e9d2a0]
Event: 0.219 Thread 0x00007f2c5c197000  620       3       java.nio.ByteBuffer::arrayOffset (35 bytes)
Event: 0.219 Thread 0x00007f2c080be000 nmethod 561 0x00007f2c4c2f0a90 code [0x00007f2c4c2f0ca0, 0x00007f2c4c2f2238]
Event: 0.219 Thread 0x00007f2c5c197000 nmethod 620 0x00007f2c44e9d390 code [0x00007f2c44e9d560, 0x00007f2c44e9d850]
Event: 0.219 Thread 0x00007f2c5c197000  621       3       java.nio.CharBuffer::arrayOffset (35 bytes)
Event: 0.219 Thread 0x00007f2c5c197000 nmethod 621 0x00007f2c44e9d990 code [0x00007f2c44e9db60, 0x00007f2c44e9de50]
Event: 0.219 Thread 0x00007f2c5c197000  622       3       java.io.UnixFileSystem::getBooleanAttributes (49 bytes)
Event: 0.219 Thread 0x00007f2c080bf800 nmethod 619 0x00007f2c4c2f2d90 code [0x00007f2c4c2f2f20, 0x00007f2c4c2f30f8]
Event: 0.220 Thread 0x00007f2c5c197000 nmethod 622 0x00007f2c44e9df90 code [0x00007f2c44e9e1e0, 0x00007f2c44e9e950]
Event: 0.220 Thread 0x00007f2c5c197000  614       1       sun.nio.fs.NativeBuffer::address (5 bytes)
Event: 0.220 Thread 0x00007f2c5c197000 nmethod 614 0x00007f2c4c2f3290 code [0x00007f2c4c2f3440, 0x00007f2c4c2f3510]
Event: 0.220 Thread 0x00007f2c5c197000  623       3       java.lang.String::<init> (55 bytes)

GC Heap History (0 events):
No events

Deoptimization events (16 events):
Event: 0.060 Thread 0x00007f2c5c016800 Uncommon trap: trap_request=0xffffff4d fr.pc=0x00007f2c4c2c9688 relative=0x0000000000000068
Event: 0.060 Thread 0x00007f2c5c016800 Uncommon trap: reason=unstable_if action=reinterpret pc=0x00007f2c4c2c9688 method=java.lang.String.isLatin1()Z @ 10 c2
Event: 0.060 Thread 0x00007f2c5c016800 DEOPT PACKING pc=0x00007f2c4c2c9688 sp=0x00007f2c6276b430
Event: 0.060 Thread 0x00007f2c5c016800 DEOPT UNPACKING pc=0x00007f2c448052a5 sp=0x00007f2c6276b3e0 mode 2
Event: 0.101 Thread 0x00007f2c5c016800 DEOPT PACKING pc=0x00007f2c44da280b sp=0x00007f2c62765de0
Event: 0.101 Thread 0x00007f2c5c016800 DEOPT UNPACKING pc=0x00007f2c448469fa sp=0x00007f2c627652a0 mode 0
Event: 0.102 Thread 0x00007f2c5c016800 Uncommon trap: trap_request=0xffffff4d fr.pc=0x00007f2c4c2d12a0 relative=0x0000000000000360
Event: 0.102 Thread 0x00007f2c5c016800 Uncommon trap: reason=unstable_if action=reinterpret pc=0x00007f2c4c2d12a0 method=java.lang.StringLatin1.indexOf([BI[BII)I @ 91 c2
Event: 0.102 Thread 0x00007f2c5c016800 DEOPT PACKING pc=0x00007f2c4c2d12a0 sp=0x00007f2c62768d30
Event: 0.102 Thread 0x00007f2c5c016800 DEOPT UNPACKING pc=0x00007f2c448052a5 sp=0x00007f2c62768cb0 mode 2
Event: 0.121 Thread 0x00007f2c5c016800 Uncommon trap: trap_request=0xffffff4d fr.pc=0x00007f2c4c2d2f0c relative=0x000000000000024c
Event: 0.121 Thread 0x00007f2c5c016800 Uncommon trap: reason=unstable_if action=reinterpret pc=0x00007f2c4c2d2f0c method=java.lang.String.startsWith(Ljava/lang/String;I)Z @ 14 c2
Event: 0.121 Thread 0x00007f2c5c016800 DEOPT PACKING pc=0x00007f2c4c2d2f0c sp=0x00007f2c6276a4d0
Event: 0.121 Thread 0x00007f2c5c016800 DEOPT UNPACKING pc=0x00007f2c448052a5 sp=0x00007f2c6276a458 mode 2
Event: 0.150 Thread 0x00007f2c5c016800 DEOPT PACKING pc=0x00007f2c44e120c2 sp=0x00007f2c62769a60
Event: 0.150 Thread 0x00007f2c5c016800 DEOPT UNPACKING pc=0x00007f2c448469fa sp=0x00007f2c62768ee8 mode 0

Classes redefined (0 events):
No events

Internal exceptions (20 events):
Event: 0.103 Thread 0x00007f2c5c016800 Exception <a 'java/security/PrivilegedActionException'{0x00000007471027f8}> (0x00000007471027f8) thrown at [src/hotspot/share/prims/jvm.cpp, line 1304]
Event: 0.103 Thread 0x00007f2c5c016800 Exception <a 'java/security/PrivilegedActionException'{0x0000000747102ac8}> (0x0000000747102ac8) thrown at [src/hotspot/share/prims/jvm.cpp, line 1304]
Event: 0.103 Thread 0x00007f2c5c016800 Exception <a 'java/security/PrivilegedActionException'{0x0000000747103590}> (0x0000000747103590) thrown at [src/hotspot/share/prims/jvm.cpp, line 1304]
Event: 0.103 Thread 0x00007f2c5c016800 Exception <a 'java/security/PrivilegedActionException'{0x0000000747103860}> (0x0000000747103860) thrown at [src/hotspot/share/prims/jvm.cpp, line 1304]
Event: 0.103 Thread 0x00007f2c5c016800 Exception <a 'java/security/PrivilegedActionException'{0x0000000747104330}> (0x0000000747104330) thrown at [src/hotspot/share/prims/jvm.cpp, line 1304]
Event: 0.103 Thread 0x00007f2c5c016800 Exception <a 'java/security/PrivilegedActionException'{0x0000000747104600}> (0x0000000747104600) thrown at [src/hotspot/share/prims/jvm.cpp, line 1304]
Event: 0.103 Thread 0x00007f2c5c016800 Exception <a 'java/security/PrivilegedActionException'{0x00000007471050d0}> (0x00000007471050d0) thrown at [src/hotspot/share/prims/jvm.cpp, line 1304]
Event: 0.103 Thread 0x00007f2c5c016800 Exception <a 'java/security/PrivilegedActionException'{0x00000007471053a0}> (0x00000007471053a0) thrown at [src/hotspot/share/prims/jvm.cpp, line 1304]
Event: 0.103 Thread 0x00007f2c5c016800 Exception <a 'java/security/PrivilegedActionException'{0x0000000747105e90}> (0x0000000747105e90) thrown at [src/hotspot/share/prims/jvm.cpp, line 1304]
Event: 0.103 Thread 0x00007f2c5c016800 Exception <a 'java/security/PrivilegedActionException'{0x0000000747106160}> (0x0000000747106160) thrown at [src/hotspot/share/prims/jvm.cpp, line 1304]
Event: 0.103 Thread 0x00007f2c5c016800 Exception <a 'java/security/PrivilegedActionException'{0x0000000747106c30}> (0x0000000747106c30) thrown at [src/hotspot/share/prims/jvm.cpp, line 1304]
Event: 0.103 Thread 0x00007f2c5c016800 Exception <a 'java/security/PrivilegedActionException'{0x0000000747106f00}> (0x0000000747106f00) thrown at [src/hotspot/share/prims/jvm.cpp, line 1304]
Event: 0.103 Thread 0x00007f2c5c016800 Exception <a 'java/security/PrivilegedActionException'{0x00000007471079f8}> (0x00000007471079f8) thrown at [src/hotspot/share/prims/jvm.cpp, line 1304]
Event: 0.103 Thread 0x00007f2c5c016800 Exception <a 'java/security/PrivilegedActionException'{0x0000000747107cc8}> (0x0000000747107cc8) thrown at [src/hotspot/share/prims/jvm.cpp, line 1304]
Event: 0.125 Thread 0x00007f2c5c016800 Exception <a 'java/lang/NoSuchMethodError'{0x00000007470a0cf8}: 'int java.lang.invoke.DirectMethodHandle$Holder.invokeStaticInit(java.lang.Object, java.lang.Object, java.lang.Object, java.lang.Object)'> (0x00000007470a0cf8) thrown at [src/hotspot/share/interpreter/linkResolver.cpp, line 772]
Event: 0.126 Thread 0x00007f2c5c016800 Exception <a 'java/lang/IncompatibleClassChangeError'{0x00000007470ab1e0}: Found class java.lang.Object, but interface was expected> (0x00000007470ab1e0) thrown at [src/hotspot/share/interpreter/linkResolver.cpp, line 839]
Event: 0.127 Thread 0x00007f2c5c016800 Exception <a 'java/lang/NoSuchMethodError'{0x00000007470ae430}: 'void java.lang.invoke.DirectMethodHandle$Holder.invokeStaticInit(java.lang.Object, java.lang.Object)'> (0x00000007470ae430) thrown at [src/hotspot/share/interpreter/linkResolver.cpp, line 772]
Event: 0.127 Thread 0x00007f2c5c016800 Exception <a 'java/lang/NoSuchMethodError'{0x00000007470b4180}: 'int java.lang.invoke.DirectMethodHandle$Holder.invokeStaticInit(java.lang.Object, java.lang.Object)'> (0x00000007470b4180) thrown at [src/hotspot/share/interpreter/linkResolver.cpp, line 772]
Event: 0.160 Thread 0x00007f2c5c016800 Exception <a 'java/security/PrivilegedActionException'{0x0000000746e31f78}> (0x0000000746e31f78) thrown at [src/hotspot/share/prims/jvm.cpp, line 1304]
Event: 0.160 Thread 0x00007f2c5c016800 Exception <a 'java/security/PrivilegedActionException'{0x0000000746e32248}> (0x0000000746e32248) thrown at [src/hotspot/share/prims/jvm.cpp, line 1304]

Events (20 events):
Event: 0.215 loading class org/bytedeco/llvm/LLVM/LLVMRelocationIteratorRef
Event: 0.215 loading class org/bytedeco/llvm/LLVM/LLVMRelocationIteratorRef done
Event: 0.215 loading class org/bytedeco/llvm/LLVM/LLVMObjectFileRef
Event: 0.215 loading class org/bytedeco/llvm/LLVM/LLVMObjectFileRef done
Event: 0.215 loading class org/bytedeco/llvm/LLVM/LLVMTargetRef
Event: 0.215 loading class org/bytedeco/llvm/LLVM/LLVMTargetRef done
Event: 0.215 loading class org/bytedeco/llvm/LLVM/LLVMPassManagerBuilderRef
Event: 0.215 loading class org/bytedeco/llvm/LLVM/LLVMPassManagerBuilderRef done
Event: 0.215 loading class org/bytedeco/llvm/LLVM/LLVMPassBuilderOptionsRef
Event: 0.215 loading class org/bytedeco/llvm/LLVM/LLVMPassBuilderOptionsRef done
Event: 0.215 loading class org/bytedeco/llvm/LLVM/Pass
Event: 0.215 loading class org/bytedeco/llvm/LLVM/Pass done
Event: 0.215 loading class org/bytedeco/llvm/LLVM/LLVMNamedMDNodeRef
Event: 0.215 loading class org/bytedeco/llvm/LLVM/LLVMNamedMDNodeRef done
Event: 0.216 loading class org/bytedeco/llvm/LLVM/LLVMUseRef
Event: 0.216 loading class org/bytedeco/llvm/LLVM/LLVMUseRef done
Event: 0.219 loading class org/bytedeco/javacpp/PointerScope
Event: 0.219 loading class org/bytedeco/javacpp/PointerScope done
Event: 0.220 loading class org/bytedeco/javacpp/PointerScope$1
Event: 0.220 loading class org/bytedeco/javacpp/PointerScope$1 done


Dynamic libraries:
73b000000-747600000 rw-p 00000000 00:00 0 
747600000-7bfe00000 ---p 00000000 00:00 0 
7bfe00000-7bfe48000 rw-p 00b0a000 08:10 51914                            /usr/lib/jvm/java-11-openjdk-amd64/lib/server/classes.jsa
7bfe48000-7bff00000 rw-p 00000000 00:00 0 
7bff00000-7bff6b000 rw-p 00a9f000 08:10 51914                            /usr/lib/jvm/java-11-openjdk-amd64/lib/server/classes.jsa
7bff6b000-7c0000000 rw-p 00000000 00:00 0 
7c0000000-800000000 ---p 00000000 00:00 0 
800000000-800002000 rwxp 00001000 08:10 51914                            /usr/lib/jvm/java-11-openjdk-amd64/lib/server/classes.jsa
800002000-8003cc000 rw-p 00003000 08:10 51914                            /usr/lib/jvm/java-11-openjdk-amd64/lib/server/classes.jsa
8003cc000-800a9d000 r--p 003cd000 08:10 51914                            /usr/lib/jvm/java-11-openjdk-amd64/lib/server/classes.jsa
800a9d000-800a9e000 rw-p 00a9e000 08:10 51914                            /usr/lib/jvm/java-11-openjdk-amd64/lib/server/classes.jsa
840000000-8400c0000 rw-p 00000000 00:00 0 
8400c0000-880000000 ---p 00000000 00:00 0 
563253910000-563253911000 r--p 00000000 08:10 51492                      /usr/lib/jvm/java-11-openjdk-amd64/bin/java
563253911000-563253912000 r-xp 00001000 08:10 51492                      /usr/lib/jvm/java-11-openjdk-amd64/bin/java
563253912000-563253913000 r--p 00002000 08:10 51492                      /usr/lib/jvm/java-11-openjdk-amd64/bin/java
563253913000-563253914000 r--p 00002000 08:10 51492                      /usr/lib/jvm/java-11-openjdk-amd64/bin/java
563253914000-563253915000 rw-p 00003000 08:10 51492                      /usr/lib/jvm/java-11-openjdk-amd64/bin/java
563253e07000-563253e28000 rw-p 00000000 00:00 0                          [heap]
7f2be952c000-7f2be9e52000 r--p 00000000 08:10 59050                      /root/.javacpp/cache/llvm-13.0.1-1.5.7-linux-x86_64.jar/org/bytedeco/llvm/linux-x86_64/libLLVM-13.so
7f2be9e52000-7f2bed815000 r-xp 00926000 08:10 59050                      /root/.javacpp/cache/llvm-13.0.1-1.5.7-linux-x86_64.jar/org/bytedeco/llvm/linux-x86_64/libLLVM-13.so
7f2bed815000-7f2befa6a000 r--p 042e9000 08:10 59050                      /root/.javacpp/cache/llvm-13.0.1-1.5.7-linux-x86_64.jar/org/bytedeco/llvm/linux-x86_64/libLLVM-13.so
7f2befa6a000-7f2beff7f000 r--p 0653d000 08:10 59050                      /root/.javacpp/cache/llvm-13.0.1-1.5.7-linux-x86_64.jar/org/bytedeco/llvm/linux-x86_64/libLLVM-13.so
7f2beff7f000-7f2beff8a000 rw-p 06a52000 08:10 59050                      /root/.javacpp/cache/llvm-13.0.1-1.5.7-linux-x86_64.jar/org/bytedeco/llvm/linux-x86_64/libLLVM-13.so
7f2beff8a000-7f2bf0000000 rw-p 00000000 00:00 0 
7f2bf0000000-7f2bf00dd000 rw-p 00000000 00:00 0 
7f2bf00dd000-7f2bf4000000 ---p 00000000 00:00 0 
7f2bf4000000-7f2bf404a000 rw-p 00000000 00:00 0 
7f2bf404a000-7f2bf8000000 ---p 00000000 00:00 0 
7f2bf8000000-7f2bf8021000 rw-p 00000000 00:00 0 
7f2bf8021000-7f2bfc000000 ---p 00000000 00:00 0 
7f2bfc000000-7f2bfc021000 rw-p 00000000 00:00 0 
7f2bfc021000-7f2c00000000 ---p 00000000 00:00 0 
7f2c00000000-7f2c00021000 rw-p 00000000 00:00 0 
7f2c00021000-7f2c04000000 ---p 00000000 00:00 0 
7f2c04000000-7f2c04021000 rw-p 00000000 00:00 0 
7f2c04021000-7f2c08000000 ---p 00000000 00:00 0 
7f2c08000000-7f2c082b9000 rw-p 00000000 00:00 0 
7f2c082b9000-7f2c0c000000 ---p 00000000 00:00 0 
7f2c0c000000-7f2c0c43d000 rw-p 00000000 00:00 0 
7f2c0c43d000-7f2c10000000 ---p 00000000 00:00 0 
7f2c10000000-7f2c10021000 rw-p 00000000 00:00 0 
7f2c10021000-7f2c14000000 ---p 00000000 00:00 0 
7f2c14000000-7f2c14021000 rw-p 00000000 00:00 0 
7f2c14021000-7f2c18000000 ---p 00000000 00:00 0 
7f2c18000000-7f2c18021000 rw-p 00000000 00:00 0 
7f2c18021000-7f2c1c000000 ---p 00000000 00:00 0 
7f2c1c000000-7f2c1c021000 rw-p 00000000 00:00 0 
7f2c1c021000-7f2c20000000 ---p 00000000 00:00 0 
7f2c20000000-7f2c20021000 rw-p 00000000 00:00 0 
7f2c20021000-7f2c24000000 ---p 00000000 00:00 0 
7f2c24000000-7f2c24021000 rw-p 00000000 00:00 0 
7f2c24021000-7f2c28000000 ---p 00000000 00:00 0 
7f2c28000000-7f2c28021000 rw-p 00000000 00:00 0 
7f2c28021000-7f2c2c000000 ---p 00000000 00:00 0 
7f2c2c000000-7f2c2c021000 rw-p 00000000 00:00 0 
7f2c2c021000-7f2c30000000 ---p 00000000 00:00 0 
7f2c32000000-7f2c34000000 rw-p 00000000 00:00 0 
7f2c34000000-7f2c34021000 rw-p 00000000 00:00 0 
7f2c34021000-7f2c38000000 ---p 00000000 00:00 0 
7f2c384b4000-7f2c38519000 r--p 00000000 08:10 59056                      /root/.javacpp/cache/llvm-13.0.1-1.5.7-linux-x86_64.jar/org/bytedeco/llvm/linux-x86_64/libjniLLVM.so
7f2c38519000-7f2c38587000 r-xp 00065000 08:10 59056                      /root/.javacpp/cache/llvm-13.0.1-1.5.7-linux-x86_64.jar/org/bytedeco/llvm/linux-x86_64/libjniLLVM.so
7f2c38587000-7f2c385b2000 r--p 000d3000 08:10 59056                      /root/.javacpp/cache/llvm-13.0.1-1.5.7-linux-x86_64.jar/org/bytedeco/llvm/linux-x86_64/libjniLLVM.so
7f2c385b2000-7f2c385b5000 r--p 000fd000 08:10 59056                      /root/.javacpp/cache/llvm-13.0.1-1.5.7-linux-x86_64.jar/org/bytedeco/llvm/linux-x86_64/libjniLLVM.so
7f2c385b5000-7f2c385b8000 rw-p 00100000 08:10 59056                      /root/.javacpp/cache/llvm-13.0.1-1.5.7-linux-x86_64.jar/org/bytedeco/llvm/linux-x86_64/libjniLLVM.so
7f2c385b8000-7f2c385ba000 rw-p 00000000 00:00 0 
7f2c385ba000-7f2c385bb000 r--p 00000000 08:10 59054                      /root/.javacpp/cache/llvm-13.0.1-1.5.7-linux-x86_64.jar/org/bytedeco/llvm/linux-x86_64/libRemarks.so.13
7f2c385bb000-7f2c385bc000 r-xp 00001000 08:10 59054                      /root/.javacpp/cache/llvm-13.0.1-1.5.7-linux-x86_64.jar/org/bytedeco/llvm/linux-x86_64/libRemarks.so.13
7f2c385bc000-7f2c385bd000 r--p 00002000 08:10 59054                      /root/.javacpp/cache/llvm-13.0.1-1.5.7-linux-x86_64.jar/org/bytedeco/llvm/linux-x86_64/libRemarks.so.13
7f2c385bd000-7f2c385be000 r--p 00002000 08:10 59054                      /root/.javacpp/cache/llvm-13.0.1-1.5.7-linux-x86_64.jar/org/bytedeco/llvm/linux-x86_64/libRemarks.so.13
7f2c385be000-7f2c385bf000 rw-p 00003000 08:10 59054                      /root/.javacpp/cache/llvm-13.0.1-1.5.7-linux-x86_64.jar/org/bytedeco/llvm/linux-x86_64/libRemarks.so.13
7f2c385bf000-7f2c385c6000 r--p 00000000 08:10 59052                      /root/.javacpp/cache/llvm-13.0.1-1.5.7-linux-x86_64.jar/org/bytedeco/llvm/linux-x86_64/libLTO.so.13
7f2c385c6000-7f2c385ce000 r-xp 00007000 08:10 59052                      /root/.javacpp/cache/llvm-13.0.1-1.5.7-linux-x86_64.jar/org/bytedeco/llvm/linux-x86_64/libLTO.so.13
7f2c385ce000-7f2c385d0000 r--p 0000f000 08:10 59052                      /root/.javacpp/cache/llvm-13.0.1-1.5.7-linux-x86_64.jar/org/bytedeco/llvm/linux-x86_64/libLTO.so.13
7f2c385d0000-7f2c385d1000 r--p 00010000 08:10 59052                      /root/.javacpp/cache/llvm-13.0.1-1.5.7-linux-x86_64.jar/org/bytedeco/llvm/linux-x86_64/libLTO.so.13
7f2c385d1000-7f2c385d2000 rw-p 00011000 08:10 59052                      /root/.javacpp/cache/llvm-13.0.1-1.5.7-linux-x86_64.jar/org/bytedeco/llvm/linux-x86_64/libLTO.so.13
7f2c385d2000-7f2c385d6000 ---p 00000000 00:00 0 
7f2c385d6000-7f2c386d3000 rw-p 00000000 00:00 0 
7f2c386d3000-7f2c386d7000 ---p 00000000 00:00 0 
7f2c386d7000-7f2c387d4000 rw-p 00000000 00:00 0 
7f2c387d4000-7f2c387d8000 ---p 00000000 00:00 0 
7f2c387d8000-7f2c38906000 rw-p 00000000 00:00 0 
7f2c38906000-7f2c3890a000 r--p 00000000 08:10 51641                      /usr/lib/jvm/java-11-openjdk-amd64/lib/libnet.so
7f2c3890a000-7f2c38918000 r-xp 00004000 08:10 51641                      /usr/lib/jvm/java-11-openjdk-amd64/lib/libnet.so
7f2c38918000-7f2c3891c000 r--p 00012000 08:10 51641                      /usr/lib/jvm/java-11-openjdk-amd64/lib/libnet.so
7f2c3891c000-7f2c3891d000 r--p 00015000 08:10 51641                      /usr/lib/jvm/java-11-openjdk-amd64/lib/libnet.so
7f2c3891d000-7f2c3891e000 rw-p 00016000 08:10 51641                      /usr/lib/jvm/java-11-openjdk-amd64/lib/libnet.so
7f2c3891e000-7f2c38922000 ---p 00000000 00:00 0 
7f2c38922000-7f2c38a1f000 rw-p 00000000 00:00 0 
7f2c38a1f000-7f2c38a20000 ---p 00000000 00:00 0 
7f2c38a20000-7f2c38b21000 rw-p 00000000 00:00 0 
7f2c38b21000-7f2c38b25000 ---p 00000000 00:00 0 
7f2c38b25000-7f2c38c22000 rw-p 00000000 00:00 0 
7f2c38c22000-7f2c38c26000 ---p 00000000 00:00 0 
7f2c38c26000-7f2c38d23000 rw-p 00000000 00:00 0 
7f2c38d23000-7f2c38d27000 ---p 00000000 00:00 0 
7f2c38d27000-7f2c38e24000 rw-p 00000000 00:00 0 
7f2c38e24000-7f2c38e28000 ---p 00000000 00:00 0 
7f2c38e28000-7f2c38f25000 rw-p 00000000 00:00 0 
7f2c38f25000-7f2c38f29000 ---p 00000000 00:00 0 
7f2c38f29000-7f2c39026000 rw-p 00000000 00:00 0 
7f2c39026000-7f2c39199000 r--p 00000000 08:10 37759                      /usr/lib/locale/C.UTF-8/LC_COLLATE
7f2c39199000-7f2c3947f000 r--p 00000000 08:10 37757                      /usr/lib/locale/locale-archive
7f2c3947f000-7f2c39483000 ---p 00000000 00:00 0 
7f2c39483000-7f2c39b40000 rw-p 00000000 00:00 0 
7f2c39b40000-7f2c39d80000 ---p 00000000 00:00 0 
7f2c39d80000-7f2c3a098000 rw-p 00000000 00:00 0 
7f2c3a098000-7f2c3beb8000 ---p 00000000 00:00 0 
7f2c3beb8000-7f2c3bec0000 rw-p 00000000 00:00 0 
7f2c3bec0000-7f2c3cec0000 ---p 00000000 00:00 0 
7f2c3cec0000-7f2c3d1d8000 rw-p 00000000 00:00 0 
7f2c3d1d8000-7f2c3eff8000 ---p 00000000 00:00 0 
7f2c3eff8000-7f2c3f000000 rw-p 00000000 00:00 0 
7f2c3f000000-7f2c40000000 ---p 00000000 00:00 0 
7f2c40000000-7f2c40021000 rw-p 00000000 00:00 0 
7f2c40021000-7f2c44000000 ---p 00000000 00:00 0 
7f2c44003000-7f2c4400a000 r--p 00000000 08:10 51642                      /usr/lib/jvm/java-11-openjdk-amd64/lib/libnio.so
7f2c4400a000-7f2c44012000 r-xp 00007000 08:10 51642                      /usr/lib/jvm/java-11-openjdk-amd64/lib/libnio.so
7f2c44012000-7f2c44015000 r--p 0000f000 08:10 51642                      /usr/lib/jvm/java-11-openjdk-amd64/lib/libnio.so
7f2c44015000-7f2c44016000 r--p 00011000 08:10 51642                      /usr/lib/jvm/java-11-openjdk-amd64/lib/libnio.so
7f2c44016000-7f2c44017000 rw-p 00012000 08:10 51642                      /usr/lib/jvm/java-11-openjdk-amd64/lib/libnio.so
7f2c44017000-7f2c4401b000 ---p 00000000 00:00 0 
7f2c4401b000-7f2c44118000 rw-p 00000000 00:00 0 
7f2c44118000-7f2c44119000 ---p 00000000 00:00 0 
7f2c44119000-7f2c442f6000 rw-p 00000000 00:00 0 
7f2c442f6000-7f2c442f7000 ---p 00000000 00:00 0 
7f2c442f7000-7f2c443f8000 rw-p 00000000 00:00 0 
7f2c443f8000-7f2c443f9000 ---p 00000000 00:00 0 
7f2c443f9000-7f2c447fd000 rw-p 00000000 00:00 0 
7f2c447fd000-7f2c44a6d000 rwxp 00000000 00:00 0 
7f2c44a6d000-7f2c44d8e000 ---p 00000000 00:00 0 
7f2c44d8e000-7f2c44ffe000 rwxp 00000000 00:00 0 
7f2c44ffe000-7f2c4c2c5000 ---p 00000000 00:00 0 
7f2c4c2c5000-7f2c4c535000 rwxp 00000000 00:00 0 
7f2c4c535000-7f2c537fd000 ---p 00000000 00:00 0 
7f2c537fd000-7f2c5c000000 r--s 00000000 08:10 51651                      /usr/lib/jvm/java-11-openjdk-amd64/lib/modules
7f2c5c000000-7f2c5c4ef000 rw-p 00000000 00:00 0 
7f2c5c4ef000-7f2c60000000 ---p 00000000 00:00 0 
7f2c60002000-7f2c60006000 r--p 00000000 08:10 59044                      /root/.javacpp/cache/javacpp-1.5.7-linux-x86_64.jar/org/bytedeco/javacpp/linux-x86_64/libjnijavacpp.so
7f2c60006000-7f2c6000d000 r-xp 00004000 08:10 59044                      /root/.javacpp/cache/javacpp-1.5.7-linux-x86_64.jar/org/bytedeco/javacpp/linux-x86_64/libjnijavacpp.so
7f2c6000d000-7f2c60011000 r--p 0000b000 08:10 59044                      /root/.javacpp/cache/javacpp-1.5.7-linux-x86_64.jar/org/bytedeco/javacpp/linux-x86_64/libjnijavacpp.so
7f2c60011000-7f2c60012000 r--p 0000e000 08:10 59044                      /root/.javacpp/cache/javacpp-1.5.7-linux-x86_64.jar/org/bytedeco/javacpp/linux-x86_64/libjnijavacpp.so
7f2c60012000-7f2c60013000 rw-p 0000f000 08:10 59044                      /root/.javacpp/cache/javacpp-1.5.7-linux-x86_64.jar/org/bytedeco/javacpp/linux-x86_64/libjnijavacpp.so
7f2c60013000-7f2c60045000 r--p 00000000 08:10 37760                      /usr/lib/locale/C.UTF-8/LC_CTYPE
7f2c60045000-7f2c60046000 r--p 00000000 08:10 37766                      /usr/lib/locale/C.UTF-8/LC_NUMERIC
7f2c60046000-7f2c60047000 r--p 00000000 08:10 37769                      /usr/lib/locale/C.UTF-8/LC_TIME
7f2c60047000-7f2c60048000 r--p 00000000 08:10 37764                      /usr/lib/locale/C.UTF-8/LC_MONETARY
7f2c60048000-7f2c60049000 r--p 00000000 08:10 37770                      /usr/lib/locale/C.UTF-8/LC_MESSAGES/SYS_LC_MESSAGES
7f2c60049000-7f2c6004a000 r--p 00000000 08:10 37767                      /usr/lib/locale/C.UTF-8/LC_PAPER
7f2c6004a000-7f2c6004b000 r--p 00000000 08:10 37765                      /usr/lib/locale/C.UTF-8/LC_NAME
7f2c6004b000-7f2c6004c000 r--p 00000000 08:10 37758                      /usr/lib/locale/C.UTF-8/LC_ADDRESS
7f2c6004c000-7f2c6004d000 r--p 00000000 08:10 37768                      /usr/lib/locale/C.UTF-8/LC_TELEPHONE
7f2c6004d000-7f2c60054000 r--s 00000000 08:10 28968                      /usr/lib/x86_64-linux-gnu/gconv/gconv-modules.cache
7f2c60054000-7f2c605c3000 rw-p 00000000 00:00 0 
7f2c605c3000-7f2c605c4000 ---p 00000000 00:00 0 
7f2c605c4000-7f2c606c5000 rw-p 00000000 00:00 0 
7f2c606c5000-7f2c606c6000 ---p 00000000 00:00 0 
7f2c606c6000-7f2c608f6000 rw-p 00000000 00:00 0 
7f2c608f6000-7f2c60cba000 ---p 00000000 00:00 0 
7f2c60cba000-7f2c60cbb000 rw-p 00000000 00:00 0 
7f2c60cbb000-7f2c60ebb000 ---p 00000000 00:00 0 
7f2c60ebb000-7f2c60f1e000 rw-p 00000000 00:00 0 
7f2c60f1e000-7f2c612e2000 ---p 00000000 00:00 0 
7f2c612e2000-7f2c612e3000 rw-p 00000000 00:00 0 
7f2c612e3000-7f2c614e3000 ---p 00000000 00:00 0 
7f2c614e3000-7f2c61546000 rw-p 00000000 00:00 0 
7f2c61546000-7f2c6190a000 ---p 00000000 00:00 0 
7f2c6190a000-7f2c6190b000 rw-p 00000000 00:00 0 
7f2c6190b000-7f2c61b0b000 ---p 00000000 00:00 0 
7f2c61b0b000-7f2c62313000 rw-p 00000000 00:00 0 
7f2c62313000-7f2c62314000 ---p 00000000 00:00 0 
7f2c62314000-7f2c6241a000 rw-p 00000000 00:00 0 
7f2c6241a000-7f2c62500000 ---p 00000000 00:00 0 
7f2c62500000-7f2c62505000 rw-p 00000000 00:00 0 
7f2c62505000-7f2c625eb000 ---p 00000000 00:00 0 
7f2c625eb000-7f2c625f0000 rw-p 00000000 00:00 0 
7f2c625f0000-7f2c625f7000 ---p 00000000 00:00 0 
7f2c625f7000-7f2c625f9000 r--p 00000000 08:10 51650                      /usr/lib/jvm/java-11-openjdk-amd64/lib/libzip.so
7f2c625f9000-7f2c625fe000 r-xp 00002000 08:10 51650                      /usr/lib/jvm/java-11-openjdk-amd64/lib/libzip.so
7f2c625fe000-7f2c62600000 r--p 00007000 08:10 51650                      /usr/lib/jvm/java-11-openjdk-amd64/lib/libzip.so
7f2c62600000-7f2c62601000 r--p 00008000 08:10 51650                      /usr/lib/jvm/java-11-openjdk-amd64/lib/libzip.so
7f2c62601000-7f2c62602000 rw-p 00009000 08:10 51650                      /usr/lib/jvm/java-11-openjdk-amd64/lib/libzip.so
7f2c62602000-7f2c62605000 r--p 00000000 08:10 27115                      /usr/lib/x86_64-linux-gnu/libnss_files-2.31.so
7f2c62605000-7f2c6260c000 r-xp 00003000 08:10 27115                      /usr/lib/x86_64-linux-gnu/libnss_files-2.31.so
7f2c6260c000-7f2c6260e000 r--p 0000a000 08:10 27115                      /usr/lib/x86_64-linux-gnu/libnss_files-2.31.so
7f2c6260e000-7f2c6260f000 r--p 0000b000 08:10 27115                      /usr/lib/x86_64-linux-gnu/libnss_files-2.31.so
7f2c6260f000-7f2c62610000 rw-p 0000c000 08:10 27115                      /usr/lib/x86_64-linux-gnu/libnss_files-2.31.so
7f2c62610000-7f2c62616000 rw-p 00000000 00:00 0 
7f2c62616000-7f2c62617000 r--p 00000000 08:10 37762                      /usr/lib/locale/C.UTF-8/LC_MEASUREMENT
7f2c62617000-7f2c62619000 r--s 0000c000 08:10 23045                      /usr/share/java/java-atk-wrapper.jar
7f2c62619000-7f2c62621000 rw-s 00000000 08:10 59144                      /tmp/hsperfdata_root/4195
7f2c62621000-7f2c6262f000 r--p 00000000 08:10 51630                      /usr/lib/jvm/java-11-openjdk-amd64/lib/libjava.so
7f2c6262f000-7f2c62645000 r-xp 0000e000 08:10 51630                      /usr/lib/jvm/java-11-openjdk-amd64/lib/libjava.so
7f2c62645000-7f2c6264c000 r--p 00024000 08:10 51630                      /usr/lib/jvm/java-11-openjdk-amd64/lib/libjava.so
7f2c6264c000-7f2c6264d000 r--p 0002a000 08:10 51630                      /usr/lib/jvm/java-11-openjdk-amd64/lib/libjava.so
7f2c6264d000-7f2c6264e000 rw-p 0002b000 08:10 51630                      /usr/lib/jvm/java-11-openjdk-amd64/lib/libjava.so
7f2c6264e000-7f2c6264f000 rw-p 00000000 00:00 0 
7f2c6264f000-7f2c62654000 r--p 00000000 08:10 51649                      /usr/lib/jvm/java-11-openjdk-amd64/lib/libverify.so
7f2c62654000-7f2c6265b000 r-xp 00005000 08:10 51649                      /usr/lib/jvm/java-11-openjdk-amd64/lib/libverify.so
7f2c6265b000-7f2c6265d000 r--p 0000c000 08:10 51649                      /usr/lib/jvm/java-11-openjdk-amd64/lib/libverify.so
7f2c6265d000-7f2c6265e000 ---p 0000e000 08:10 51649                      /usr/lib/jvm/java-11-openjdk-amd64/lib/libverify.so
7f2c6265e000-7f2c62660000 r--p 0000e000 08:10 51649                      /usr/lib/jvm/java-11-openjdk-amd64/lib/libverify.so
7f2c62660000-7f2c62661000 rw-p 00010000 08:10 51649                      /usr/lib/jvm/java-11-openjdk-amd64/lib/libverify.so
7f2c62661000-7f2c62664000 r--p 00000000 08:10 27205                      /usr/lib/x86_64-linux-gnu/librt-2.31.so
7f2c62664000-7f2c62668000 r-xp 00003000 08:10 27205                      /usr/lib/x86_64-linux-gnu/librt-2.31.so
7f2c62668000-7f2c62669000 r--p 00007000 08:10 27205                      /usr/lib/x86_64-linux-gnu/librt-2.31.so
7f2c62669000-7f2c6266a000 ---p 00008000 08:10 27205                      /usr/lib/x86_64-linux-gnu/librt-2.31.so
7f2c6266a000-7f2c6266b000 r--p 00008000 08:10 27205                      /usr/lib/x86_64-linux-gnu/librt-2.31.so
7f2c6266b000-7f2c6266c000 rw-p 00009000 08:10 27205                      /usr/lib/x86_64-linux-gnu/librt-2.31.so
7f2c6266c000-7f2c62670000 ---p 00000000 00:00 0 
7f2c62670000-7f2c6276d000 rw-p 00000000 00:00 0 
7f2c6276d000-7f2c62770000 r--p 00000000 08:10 26920                      /usr/lib/x86_64-linux-gnu/libgcc_s.so.1
7f2c62770000-7f2c62782000 r-xp 00003000 08:10 26920                      /usr/lib/x86_64-linux-gnu/libgcc_s.so.1
7f2c62782000-7f2c62786000 r--p 00015000 08:10 26920                      /usr/lib/x86_64-linux-gnu/libgcc_s.so.1
7f2c62786000-7f2c62787000 r--p 00018000 08:10 26920                      /usr/lib/x86_64-linux-gnu/libgcc_s.so.1
7f2c62787000-7f2c62788000 rw-p 00019000 08:10 26920                      /usr/lib/x86_64-linux-gnu/libgcc_s.so.1
7f2c62788000-7f2c62797000 r--p 00000000 08:10 27062                      /usr/lib/x86_64-linux-gnu/libm-2.31.so
7f2c62797000-7f2c6283e000 r-xp 0000f000 08:10 27062                      /usr/lib/x86_64-linux-gnu/libm-2.31.so
7f2c6283e000-7f2c628d5000 r--p 000b6000 08:10 27062                      /usr/lib/x86_64-linux-gnu/libm-2.31.so
7f2c628d5000-7f2c628d6000 r--p 0014c000 08:10 27062                      /usr/lib/x86_64-linux-gnu/libm-2.31.so
7f2c628d6000-7f2c628d7000 rw-p 0014d000 08:10 27062                      /usr/lib/x86_64-linux-gnu/libm-2.31.so
7f2c628d7000-7f2c6296d000 r--p 00000000 08:10 27246                      /usr/lib/x86_64-linux-gnu/libstdc++.so.6.0.28
7f2c6296d000-7f2c62a5e000 r-xp 00096000 08:10 27246                      /usr/lib/x86_64-linux-gnu/libstdc++.so.6.0.28
7f2c62a5e000-7f2c62aa7000 r--p 00187000 08:10 27246                      /usr/lib/x86_64-linux-gnu/libstdc++.so.6.0.28
7f2c62aa7000-7f2c62aa8000 ---p 001d0000 08:10 27246                      /usr/lib/x86_64-linux-gnu/libstdc++.so.6.0.28
7f2c62aa8000-7f2c62ab3000 r--p 001d0000 08:10 27246                      /usr/lib/x86_64-linux-gnu/libstdc++.so.6.0.28
7f2c62ab3000-7f2c62ab6000 rw-p 001db000 08:10 27246                      /usr/lib/x86_64-linux-gnu/libstdc++.so.6.0.28
7f2c62ab6000-7f2c62ab9000 rw-p 00000000 00:00 0 
7f2c62ab9000-7f2c62d3b000 r--p 00000000 08:10 51656                      /usr/lib/jvm/java-11-openjdk-amd64/lib/server/libjvm.so
7f2c62d3b000-7f2c639c4000 r-xp 00282000 08:10 51656                      /usr/lib/jvm/java-11-openjdk-amd64/lib/server/libjvm.so
7f2c639c4000-7f2c63c21000 r--p 00f0b000 08:10 51656                      /usr/lib/jvm/java-11-openjdk-amd64/lib/server/libjvm.so
7f2c63c21000-7f2c63c22000 ---p 01168000 08:10 51656                      /usr/lib/jvm/java-11-openjdk-amd64/lib/server/libjvm.so
7f2c63c22000-7f2c63ce6000 r--p 01168000 08:10 51656                      /usr/lib/jvm/java-11-openjdk-amd64/lib/server/libjvm.so
7f2c63ce6000-7f2c63d21000 rw-p 0122c000 08:10 51656                      /usr/lib/jvm/java-11-openjdk-amd64/lib/server/libjvm.so
7f2c63d21000-7f2c63d7a000 rw-p 00000000 00:00 0 
7f2c63d7a000-7f2c63d81000 r--p 00000000 08:10 27189                      /usr/lib/x86_64-linux-gnu/libpthread-2.31.so
7f2c63d81000-7f2c63d92000 r-xp 00007000 08:10 27189                      /usr/lib/x86_64-linux-gnu/libpthread-2.31.so
7f2c63d92000-7f2c63d97000 r--p 00018000 08:10 27189                      /usr/lib/x86_64-linux-gnu/libpthread-2.31.so
7f2c63d97000-7f2c63d98000 r--p 0001c000 08:10 27189                      /usr/lib/x86_64-linux-gnu/libpthread-2.31.so
7f2c63d98000-7f2c63d99000 rw-p 0001d000 08:10 27189                      /usr/lib/x86_64-linux-gnu/libpthread-2.31.so
7f2c63d99000-7f2c63d9d000 rw-p 00000000 00:00 0 
7f2c63d9d000-7f2c63d9e000 r--p 00000000 08:10 26843                      /usr/lib/x86_64-linux-gnu/libdl-2.31.so
7f2c63d9e000-7f2c63da0000 r-xp 00001000 08:10 26843                      /usr/lib/x86_64-linux-gnu/libdl-2.31.so
7f2c63da0000-7f2c63da1000 r--p 00003000 08:10 26843                      /usr/lib/x86_64-linux-gnu/libdl-2.31.so
7f2c63da1000-7f2c63da2000 r--p 00003000 08:10 26843                      /usr/lib/x86_64-linux-gnu/libdl-2.31.so
7f2c63da2000-7f2c63da3000 rw-p 00004000 08:10 26843                      /usr/lib/x86_64-linux-gnu/libdl-2.31.so
7f2c63da3000-7f2c63da5000 r--p 00000000 08:10 27422                      /usr/lib/x86_64-linux-gnu/libz.so.1.2.11
7f2c63da5000-7f2c63db6000 r-xp 00002000 08:10 27422                      /usr/lib/x86_64-linux-gnu/libz.so.1.2.11
7f2c63db6000-7f2c63dbc000 r--p 00013000 08:10 27422                      /usr/lib/x86_64-linux-gnu/libz.so.1.2.11
7f2c63dbc000-7f2c63dbd000 ---p 00019000 08:10 27422                      /usr/lib/x86_64-linux-gnu/libz.so.1.2.11
7f2c63dbd000-7f2c63dbe000 r--p 00019000 08:10 27422                      /usr/lib/x86_64-linux-gnu/libz.so.1.2.11
7f2c63dbe000-7f2c63dbf000 rw-p 0001a000 08:10 27422                      /usr/lib/x86_64-linux-gnu/libz.so.1.2.11
7f2c63dbf000-7f2c63de4000 r--p 00000000 08:10 26805                      /usr/lib/x86_64-linux-gnu/libc-2.31.so
7f2c63de4000-7f2c63f5c000 r-xp 00025000 08:10 26805                      /usr/lib/x86_64-linux-gnu/libc-2.31.so
7f2c63f5c000-7f2c63fa6000 r--p 0019d000 08:10 26805                      /usr/lib/x86_64-linux-gnu/libc-2.31.so
7f2c63fa6000-7f2c63fa7000 ---p 001e7000 08:10 26805                      /usr/lib/x86_64-linux-gnu/libc-2.31.so
7f2c63fa7000-7f2c63faa000 r--p 001e7000 08:10 26805                      /usr/lib/x86_64-linux-gnu/libc-2.31.so
7f2c63faa000-7f2c63fad000 rw-p 001ea000 08:10 26805                      /usr/lib/x86_64-linux-gnu/libc-2.31.so
7f2c63fad000-7f2c63fb1000 rw-p 00000000 00:00 0 
7f2c63fb1000-7f2c63fb2000 ---p 00000000 00:00 0 
7f2c63fb2000-7f2c63fb3000 r--p 00000000 00:00 0 
7f2c63fb3000-7f2c63fb5000 r--p 00000000 08:10 51633                      /usr/lib/jvm/java-11-openjdk-amd64/lib/libjimage.so
7f2c63fb5000-7f2c63fb8000 r-xp 00002000 08:10 51633                      /usr/lib/jvm/java-11-openjdk-amd64/lib/libjimage.so
7f2c63fb8000-7f2c63fb9000 r--p 00005000 08:10 51633                      /usr/lib/jvm/java-11-openjdk-amd64/lib/libjimage.so
7f2c63fb9000-7f2c63fba000 ---p 00006000 08:10 51633                      /usr/lib/jvm/java-11-openjdk-amd64/lib/libjimage.so
7f2c63fba000-7f2c63fbb000 r--p 00006000 08:10 51633                      /usr/lib/jvm/java-11-openjdk-amd64/lib/libjimage.so
7f2c63fbb000-7f2c63fbc000 rw-p 00007000 08:10 51633                      /usr/lib/jvm/java-11-openjdk-amd64/lib/libjimage.so
7f2c63fbc000-7f2c63fbf000 r--p 00000000 08:10 51615                      /usr/lib/jvm/java-11-openjdk-amd64/lib/jli/libjli.so
7f2c63fbf000-7f2c63fc9000 r-xp 00003000 08:10 51615                      /usr/lib/jvm/java-11-openjdk-amd64/lib/jli/libjli.so
7f2c63fc9000-7f2c63fcc000 r--p 0000d000 08:10 51615                      /usr/lib/jvm/java-11-openjdk-amd64/lib/jli/libjli.so
7f2c63fcc000-7f2c63fcd000 ---p 00010000 08:10 51615                      /usr/lib/jvm/java-11-openjdk-amd64/lib/jli/libjli.so
7f2c63fcd000-7f2c63fce000 r--p 00010000 08:10 51615                      /usr/lib/jvm/java-11-openjdk-amd64/lib/jli/libjli.so
7f2c63fce000-7f2c63fcf000 rw-p 00011000 08:10 51615                      /usr/lib/jvm/java-11-openjdk-amd64/lib/jli/libjli.so
7f2c63fcf000-7f2c63fd1000 rw-p 00000000 00:00 0 
7f2c63fd1000-7f2c63fd2000 r--p 00000000 08:10 26735                      /usr/lib/x86_64-linux-gnu/ld-2.31.so
7f2c63fd2000-7f2c63ff5000 r-xp 00001000 08:10 26735                      /usr/lib/x86_64-linux-gnu/ld-2.31.so
7f2c63ff5000-7f2c63ffd000 r--p 00024000 08:10 26735                      /usr/lib/x86_64-linux-gnu/ld-2.31.so
7f2c63ffd000-7f2c63ffe000 r--p 00000000 08:10 37761                      /usr/lib/locale/C.UTF-8/LC_IDENTIFICATION
7f2c63ffe000-7f2c63fff000 r--p 0002c000 08:10 26735                      /usr/lib/x86_64-linux-gnu/ld-2.31.so
7f2c63fff000-7f2c64000000 rw-p 0002d000 08:10 26735                      /usr/lib/x86_64-linux-gnu/ld-2.31.so
7f2c64000000-7f2c64001000 rw-p 00000000 00:00 0 
7ffc25323000-7ffc25345000 rw-p 00000000 00:00 0                          [stack]
7ffc2537d000-7ffc25381000 r--p 00000000 00:00 0                          [vvar]
7ffc25381000-7ffc25382000 r-xp 00000000 00:00 0                          [vdso]


VM Arguments:
jvm_args: -Dfile.encoding=UTF-8 
java_command: Main ./tests/test1.sysy ./tests/test1_ans.txt
java_class_path (initial): /root/CompilerLab/Lab/target/classes:/usr/local/lib/antlr-4.10.1-complete.jar:/root/.m2/repository/org/bytedeco/llvm-platform/13.0.1-1.5.7/llvm-platform-13.0.1-1.5.7.jar:/root/.m2/repository/org/bytedeco/javacpp-platform/1.5.7/javacpp-platform-1.5.7.jar:/root/.m2/repository/org/bytedeco/javacpp/1.5.7/javacpp-1.5.7.jar:/root/.m2/repository/org/bytedeco/javacpp/1.5.7/javacpp-1.5.7-android-arm.jar:/root/.m2/repository/org/bytedeco/javacpp/1.5.7/javacpp-1.5.7-android-arm64.jar:/root/.m2/repository/org/bytedeco/javacpp/1.5.7/javacpp-1.5.7-android-x86.jar:/root/.m2/repository/org/bytedeco/javacpp/1.5.7/javacpp-1.5.7-android-x86_64.jar:/root/.m2/repository/org/bytedeco/javacpp/1.5.7/javacpp-1.5.7-ios-arm64.jar:/root/.m2/repository/org/bytedeco/javacpp/1.5.7/javacpp-1.5.7-ios-x86_64.jar:/root/.m2/repository/org/bytedeco/javacpp/1.5.7/javacpp-1.5.7-linux-armhf.jar:/root/.m2/repository/org/bytedeco/javacpp/1.5.7/javacpp-1.5.7-linux-arm64.jar:/root/.m2/repository/org/bytedeco/javacpp/1.5.7/javacpp-1.5.7-linux-ppc64le.jar:/root/.m2/repository/org/bytedeco/javacpp/1.5.7/javacpp-1.5.7-linux-x86.jar:/root/.m2/repository/org/bytedeco/javacpp/1.5.7/javacpp-1.5.7-linux-x86_64.jar:/root/.m2/repository/org/bytedeco/javacpp/1.5.7/javacpp-1.5.7-macosx-arm64.jar:/root/.m2/repository/org/bytedeco/javacpp/1.5.7/javacpp-1.5.7-macosx-x86_64.jar:/root/.m2/repository/org/bytedeco/javacpp/1.5.7/javacpp-1.5.7-windows-x86.jar:/root/.m2/repository/org/bytedeco/javacpp/1.5.7/javacpp-1.5.7-windows-x86_64.jar:/root/.m2/repository/org/bytedeco/llvm/13.0.1-1.5.7/llvm-13.0.1-1.5.7.jar:/root/.m2/repository/org/bytedeco/llvm/13.0.1-1.5.7/llvm-13.0.1-1.5.7-linux-x86.jar:/root/.m2/repository/org/bytedeco/llvm/13.0.1-1.5.7/llvm-13.0.1-1.5.7-linux-x86_64.jar:/root/.m2/repository/org/bytedeco/llvm/13.0.1-1.5.7/llvm-13.0.1-1.5.7-linux-armhf.jar:/root/.m2/repository/org/bytedeco/llvm/13.0.1-1.5.7/llvm-13.0.1-1.5.7-linux-arm64.jar:/root/.m2/repository/org/bytedeco/llvm/13.0.1-1.5.7/llv
Launcher Type: SUN_STANDARD

[Global flags]
     intx CICompilerCount                          = 4                                         {product} {ergonomic}
     uint ConcGCThreads                            = 2                                         {product} {ergonomic}
     uint G1ConcRefinementThreads                  = 8                                         {product} {ergonomic}
   size_t G1HeapRegionSize                         = 1048576                                   {product} {ergonomic}
    uintx GCDrainStackTargetSize                   = 64                                        {product} {ergonomic}
   size_t InitialHeapSize                          = 207618048                                 {product} {ergonomic}
   size_t MarkStackSize                            = 4194304                                   {product} {ergonomic}
   size_t MaxHeapSize                              = 3305111552                                {product} {ergonomic}
   size_t MaxNewSize                               = 1982857216                                {product} {ergonomic}
   size_t MinHeapDeltaBytes                        = 1048576                                   {product} {ergonomic}
    uintx NonNMethodCodeHeapSize                   = 5836300                                {pd product} {ergonomic}
    uintx NonProfiledCodeHeapSize                  = 122910970                              {pd product} {ergonomic}
    uintx ProfiledCodeHeapSize                     = 122910970                              {pd product} {ergonomic}
    uintx ReservedCodeCacheSize                    = 251658240                              {pd product} {ergonomic}
     bool SegmentedCodeCache                       = true                                      {product} {ergonomic}
     bool UseCompressedClassPointers               = true                                 {lp64_product} {ergonomic}
     bool UseCompressedOops                        = true                                 {lp64_product} {ergonomic}
     bool UseG1GC                                  = true                                      {product} {ergonomic}

Logging:
Log output configuration:
 #0: stdout all=warning uptime,level,tags
 #1: stderr all=off uptime,level,tags

Environment Variables:
PATH=/usr/local/sbin:/usr/local/bin:/usr/sbin:/usr/bin:/sbin:/bin:/usr/games:/usr/local/games:/usr/lib/wsl/lib:/mnt/c/Program Files (x86)/Common Files/Oracle/Java/javapath:/mnt/c/Python310/Scripts/:/mnt/c/Python310/:/mnt/c/Program Files/MySQL/MySQL Server 8.0/bin:/mnt/c/Windows/system32:/mnt/c/Windows:/mnt/c/Windows/System32/Wbem:/mnt/c/Windows/System32/WindowsPowerShell/v1.0/:/mnt/c/Windows/System32/OpenSSH/:/mnt/c/ProgramData/chocolatey/bin:/mnt/c/Program Files/Pandoc/:/mnt/d//Ne:/mnt/d/Applications/mingw-w64/x86_64-8.1.0-release-win32-seh-rt_v6-rev0/bin:/mnt/c/Program Files/Java/jdk-15.0.2/bin:/mnt/c/Program Files/Java/jdk-15.0.2/jre/bin:/mnt/d/Applications/scala/bin:/mnt/d/Applications/scala/jre/bin:/mnt/d/Applications/Prince/engine/bin:/mnt/d/Applications/Maven/apache-maven-3.8.6/bin:/mnt/c/Program Files/Git/cmd:/mnt/d//Tencent/web/dll:/mnt/d/Applications/nodejs/:/mnt/c/Users/20125/AppData/Local/Programs/Python/Python38/Scripts/:/mnt/c/Users/20125/AppData/Local/Programs/Python/Python38/:/mnt/c/Users/20125/AppData/Local/Microsoft/WindowsApps:/mnt/c/Program Files/JetBrains/IntelliJ IDEA 2021.3/bin:/mnt/c/Program Files/JetBrains/PyCharm 2021.3.1/bin:/mnt/d//JetBrains/WebStorm 2021.3.1/bin:/mnt/d//JetBrains/CLion 2021.3.2/bin:/mnt/c/Users/20125/AppData/Local/GitHubDesktop/bin:/mnt/d//JetBrains/DataGrip 2021.3.4/bin:/mnt/d/Applications/Microsoft VS Code/bin:/mnt/c/Users/20125/AppData/Local/JetBrains/Toolbox/scripts:/mnt/c/Program Files/jdk-15.0.2/jre/bin:/mnt/c/Program Files/jdk-15.0.2/bin:/mnt/c/Users/20125/AppData/Roaming/npm
SHELL=/bin/sh
HOSTTYPE=x86_64
LANG=C.UTF-8
TERM=xterm-256color

Signal Handlers:
SIGSEGV: [libjvm.so+0xe97eb0], sa_mask[0]=11111111011111111101111111111110, sa_flags=SA_RESTART|SA_SIGINFO
SIGBUS: [libjvm.so+0xe97eb0], sa_mask[0]=11111111011111111101111111111110, sa_flags=SA_RESTART|SA_SIGINFO
SIGFPE: [libjvm.so+0xe97eb0], sa_mask[0]=11111111011111111101111111111110, sa_flags=SA_RESTART|SA_SIGINFO
SIGPIPE: [libjvm.so+0xbde850], sa_mask[0]=11111111011111111101111111111110, sa_flags=SA_RESTART|SA_SIGINFO
SIGXFSZ: [libjvm.so+0xbde850], sa_mask[0]=11111111011111111101111111111110, sa_flags=SA_RESTART|SA_SIGINFO
SIGILL: [libjvm.so+0xe97eb0], sa_mask[0]=11111111011111111101111111111110, sa_flags=SA_RESTART|SA_SIGINFO
SIGUSR2: [libjvm.so+0xbde6f0], sa_mask[0]=00000000000000000000000000000000, sa_flags=SA_RESTART|SA_SIGINFO
SIGHUP: [libjvm.so+0xbde9e0], sa_mask[0]=11111111011111111101111111111110, sa_flags=SA_RESTART|SA_SIGINFO
SIGINT: [libjvm.so+0xbde9e0], sa_mask[0]=11111111011111111101111111111110, sa_flags=SA_RESTART|SA_SIGINFO
SIGTERM: [libjvm.so+0xbde9e0], sa_mask[0]=11111111011111111101111111111110, sa_flags=SA_RESTART|SA_SIGINFO
SIGQUIT: [libjvm.so+0xbde9e0], sa_mask[0]=11111111011111111101111111111110, sa_flags=SA_RESTART|SA_SIGINFO


---------------  S Y S T E M  ---------------

OS:DISTRIB_ID=Ubuntu
DISTRIB_RELEASE=20.04
DISTRIB_CODENAME=focal
DISTRIB_DESCRIPTION="Ubuntu 20.04.3 LTS"
uname:Linux 5.10.16.3-microsoft-standard-WSL2 #1 SMP Fri Apr 2 22:23:49 UTC 2021 x86_64
OS uptime: 0 days 20:34 hours
libc:glibc 2.31 NPTL 2.31 
rlimit (soft/hard): STACK 8192k/infinity , CORE 0k/infinity , NPROC 50409/50409 , NOFILE 4096/4096 , AS infinity/infinity , CPU infinity/infinity , DATA infinity/infinity , FSIZE infinity/infinity , MEMLOCK 64k/64k
load average:0.05 0.07 0.29

/proc/meminfo:
MemTotal:       12909048 kB
MemFree:        12132716 kB
MemAvailable:   12248124 kB
Buffers:           21764 kB
Cached:           318032 kB
SwapCached:            0 kB
Active:           204724 kB
Inactive:         447088 kB
Active(anon):        100 kB
Inactive(anon):   311980 kB
Active(file):     204624 kB
Inactive(file):   135108 kB
Unevictable:           0 kB
Mlocked:               0 kB
SwapTotal:       4194304 kB
SwapFree:        4194304 kB
Dirty:               632 kB
Writeback:             0 kB
AnonPages:        312012 kB
Mapped:            60168 kB
Shmem:                72 kB
KReclaimable:      22380 kB
Slab:              49056 kB
SReclaimable:      22380 kB
SUnreclaim:        26676 kB
KernelStack:        3104 kB
PageTables:         2020 kB
NFS_Unstable:          0 kB
Bounce:                0 kB
WritebackTmp:          0 kB
CommitLimit:    10648828 kB
Committed_AS:    1010892 kB
VmallocTotal:   34359738367 kB
VmallocUsed:       23316 kB
VmallocChunk:          0 kB
Percpu:             2432 kB
AnonHugePages:    165888 kB
ShmemHugePages:        0 kB
ShmemPmdMapped:        0 kB
FileHugePages:         0 kB
FilePmdMapped:         0 kB
HugePages_Total:       0
HugePages_Free:        0
HugePages_Rsvd:        0
HugePages_Surp:        0
Hugepagesize:       2048 kB
Hugetlb:               0 kB
DirectMap4k:       17408 kB
DirectMap2M:     3784704 kB
DirectMap1G:     9437184 kB

/sys/kernel/mm/transparent_hugepage/enabled:
[always] madvise never
/sys/kernel/mm/transparent_hugepage/defrag (defrag/compaction efforts parameter):
always defer defer+madvise [madvise] never

Process Memory:
Virtual Size: 6259740K (peak: 14706392K)
Resident Set Size: 110372K (peak: 110372K) (anon: 55256K, file: 55116K, shmem: 0K)
Swapped out: 0K
C-Heap outstanding allocations: 29759K, retained: 3232K
glibc malloc tunables: (default)

/proc/sys/kernel/threads-max (system-wide limit on the number of threads):
100818
/proc/sys/vm/max_map_count (maximum number of memory map areas a process may have):
65530
/proc/sys/kernel/pid_max (system-wide limit on number of process identifiers):
32768

container (cgroup) information:
container_type: cgroupv1
cpu_cpuset_cpus: 0-7
cpu_memory_nodes: 0
active_processor_count: 8
cpu_quota: no quota
cpu_period: 100000
cpu_shares: no shares
memory_limit_in_bytes: unlimited
memory_and_swap_limit_in_bytes: unlimited
memory_soft_limit_in_bytes: unlimited
memory_usage_in_bytes: 652176 k
memory_max_usage_in_bytes: 410628 k
maximum number of tasks: not supported
current number of tasks: not supported

Hyper-V virtualization detected
Steal ticks since vm start: 0
Steal ticks percentage since vm start:  0.000

CPU:total 8 (initial active 8) (4 cores per cpu, 2 threads per core) family 6 model 140 stepping 1 microcode 0xffffffff, cmov, cx8, fxsr, mmx, sse, sse2, sse3, ssse3, sse4.1, sse4.2, popcnt, avx, avx2, aes, clmul, erms, 3dnowpref, lzcnt, ht, tsc, tscinvbit, bmi1, bmi2, adx, evex, sha, fma
CPU Model and flags from /proc/cpuinfo:
model name	: 11th Gen Intel(R) Core(TM) i7-1165G7 @ 2.80GHz
flags		: fpu vme de pse tsc msr pae mce cx8 apic sep mtrr pge mca cmov pat pse36 clflush mmx fxsr sse sse2 ss ht syscall nx pdpe1gb rdtscp lm constant_tsc rep_good nopl xtopology tsc_reliable nonstop_tsc cpuid pni pclmulqdq ssse3 fma cx16 pcid sse4_1 sse4_2 movbe popcnt aes xsave avx f16c rdrand hypervisor lahf_lm abm 3dnowprefetch invpcid_single ssbd ibrs ibpb stibp ibrs_enhanced fsgsbase bmi1 avx2 smep bmi2 erms invpcid avx512f avx512dq rdseed adx smap avx512ifma clflushopt clwb avx512cd sha_ni avx512bw avx512vl xsaveopt xsavec xgetbv1 xsaves avx512vbmi umip avx512_vbmi2 gfni vaes vpclmulqdq avx512_vnni avx512_bitalg avx512_vpopcntdq rdpid fsrm avx512_vp2intersect flush_l1d arch_capabilities
Online cpus:
0-7
Offline cpus:

BIOS frequency limitation:
<Not Available>
Frequency switch latency (ns):
<Not Available>
Available cpu frequencies:
<Not Available>
Current governor:
<Not Available>
Core performance/turbo boost:
<Not Available>

Memory: 4k page, physical 12909048k(12132716k free), swap 4194304k(4194304k free)

vm_info: OpenJDK 64-Bit Server VM (11.0.17+8-post-Ubuntu-1ubuntu220.04) for linux-amd64 JRE (11.0.17+8-post-Ubuntu-1ubuntu220.04), built on Oct 25 2022 09:30:51 by "unknown" with gcc 9.4.0

END.
