#
# A fatal error has been detected by the Java Runtime Environment:
#
#  SIGSEGV (0xb) at pc=0x00007f7446158ce0, pid=21708, tid=21709
#
# JRE version: OpenJDK Runtime Environment (11.0.17+8) (build 11.0.17+8-post-Ubuntu-1ubuntu220.04)
# Java VM: OpenJDK 64-Bit Server VM (11.0.17+8-post-Ubuntu-1ubuntu220.04, mixed mode, sharing, tiered, compressed oops, g1 gc, linux-amd64)
# Problematic frame:
# C  [libLLVM-13.so+0xc2cce0]  LLVMBuildGEP+0x130
#
# No core dump will be written. Core dumps have been disabled. To enable core dumping, try "ulimit -c unlimited" before starting Java again
#
# If you would like to submit a bug report, please visit:
#   https://bugs.launchpad.net/ubuntu/+source/openjdk-lts
# The crash happened outside the Java Virtual Machine in native code.
# See problematic frame for where to report the bug.
#

---------------  S U M M A R Y ------------

Command Line: -agentlib:jdwp=transport=dt_socket,address=*:12345,suspend=y,server=y -Dfile.encoding=UTF-8 Main ./tests/test1.sysy ./tests/test1_ans.txt

Host: 11th Gen Intel(R) Core(TM) i7-1165G7 @ 2.80GHz, 8 cores, 12G, Ubuntu 20.04.3 LTS
Time: Sun Jan  8 18:15:09 2023 CST elapsed time: 15.685640 seconds (0d 0h 0m 15s)

---------------  T H R E A D  ---------------

Current thread (0x00007f74c0017800):  JavaThread "main" [_thread_in_native, id=21709, stack(0x00007f74c4ee2000,0x00007f74c4fe3000)]

Stack: [0x00007f74c4ee2000,0x00007f74c4fe3000],  sp=0x00007f74c4fe0ac0,  free space=1018k
Native frames: (J=compiled Java code, A=aot compiled Java code, j=interpreted, Vv=VM code, C=native code)
C  [libLLVM-13.so+0xc2cce0]  LLVMBuildGEP+0x130

Java frames: (J=compiled Java code, j=interpreted, Vv=VM code)
j  org.bytedeco.llvm.global.LLVM.LLVMBuildGEP(Lorg/bytedeco/llvm/LLVM/LLVMBuilderRef;Lorg/bytedeco/llvm/LLVM/LLVMValueRef;Lorg/bytedeco/javacpp/PointerPointer;ILjava/lang/String;)Lorg/bytedeco/llvm/LLVM/LLVMValueRef;+0
j  FunctionAndVarIRVisitor.visitVarDef(LSysYParser$VarDefContext;)Lorg/bytedeco/llvm/LLVM/LLVMValueRef;+142
j  FunctionAndVarIRVisitor.visitVarDef(LSysYParser$VarDefContext;)Ljava/lang/Object;+2
j  SysYParser$VarDefContext.accept(Lorg/antlr/v4/runtime/tree/ParseTreeVisitor;)Ljava/lang/Object;+12
j  org.antlr.v4.runtime.tree.AbstractParseTreeVisitor.visitChildren(Lorg/antlr/v4/runtime/tree/RuleNode;)Ljava/lang/Object;+46
j  SysYParserBaseVisitor.visitVarDecl(LSysYParser$VarDeclContext;)Ljava/lang/Object;+2
j  SysYParser$VarDeclContext.accept(Lorg/antlr/v4/runtime/tree/ParseTreeVisitor;)Ljava/lang/Object;+12
j  org.antlr.v4.runtime.tree.AbstractParseTreeVisitor.visitChildren(Lorg/antlr/v4/runtime/tree/RuleNode;)Ljava/lang/Object;+46
j  SysYParserBaseVisitor.visitDecl(LSysYParser$DeclContext;)Ljava/lang/Object;+2
j  SysYParser$DeclContext.accept(Lorg/antlr/v4/runtime/tree/ParseTreeVisitor;)Ljava/lang/Object;+12
j  org.antlr.v4.runtime.tree.AbstractParseTreeVisitor.visitChildren(Lorg/antlr/v4/runtime/tree/RuleNode;)Ljava/lang/Object;+46
j  SysYParserBaseVisitor.visitBlockItem(LSysYParser$BlockItemContext;)Ljava/lang/Object;+2
j  SysYParser$BlockItemContext.accept(Lorg/antlr/v4/runtime/tree/ParseTreeVisitor;)Ljava/lang/Object;+12
j  org.antlr.v4.runtime.tree.AbstractParseTreeVisitor.visitChildren(Lorg/antlr/v4/runtime/tree/RuleNode;)Ljava/lang/Object;+46
j  SysYParserBaseVisitor.visitBlock(LSysYParser$BlockContext;)Ljava/lang/Object;+2
j  SysYParser$BlockContext.accept(Lorg/antlr/v4/runtime/tree/ParseTreeVisitor;)Ljava/lang/Object;+12
j  org.antlr.v4.runtime.tree.AbstractParseTreeVisitor.visitChildren(Lorg/antlr/v4/runtime/tree/RuleNode;)Ljava/lang/Object;+46
j  SysYParserBaseVisitor.visitFuncDef(LSysYParser$FuncDefContext;)Ljava/lang/Object;+2
j  FunctionAndVarIRVisitor.visitFuncDef(LSysYParser$FuncDefContext;)Lorg/bytedeco/llvm/LLVM/LLVMValueRef;+115
j  FunctionAndVarIRVisitor.visitFuncDef(LSysYParser$FuncDefContext;)Ljava/lang/Object;+2
j  SysYParser$FuncDefContext.accept(Lorg/antlr/v4/runtime/tree/ParseTreeVisitor;)Ljava/lang/Object;+12
j  org.antlr.v4.runtime.tree.AbstractParseTreeVisitor.visitChildren(Lorg/antlr/v4/runtime/tree/RuleNode;)Ljava/lang/Object;+46
j  SysYParserBaseVisitor.visitCompUnit(LSysYParser$CompUnitContext;)Ljava/lang/Object;+2
j  SysYParser$CompUnitContext.accept(Lorg/antlr/v4/runtime/tree/ParseTreeVisitor;)Ljava/lang/Object;+12
j  org.antlr.v4.runtime.tree.AbstractParseTreeVisitor.visit(Lorg/antlr/v4/runtime/tree/ParseTree;)Ljava/lang/Object;+2
j  FunctionAndVarIRVisitor.visitProgram(LSysYParser$ProgramContext;)Lorg/bytedeco/llvm/LLVM/LLVMValueRef;+5
j  FunctionAndVarIRVisitor.visitProgram(LSysYParser$ProgramContext;)Ljava/lang/Object;+2
j  SysYParser$ProgramContext.accept(Lorg/antlr/v4/runtime/tree/ParseTreeVisitor;)Ljava/lang/Object;+12
j  org.antlr.v4.runtime.tree.AbstractParseTreeVisitor.visit(Lorg/antlr/v4/runtime/tree/ParseTree;)Ljava/lang/Object;+2
j  Main.funcAndVarIRGenerate([Ljava/lang/String;)V+76
j  Main.main([Ljava/lang/String;)V+1
v  ~StubRoutines::call_stub

siginfo: si_signo: 11 (SIGSEGV), si_code: 1 (SEGV_MAPERR), si_addr: 0x0000000000000000

Register to memory mapping:

RAX=0x0 is NULL
RBX=0x00007f74c04cc240 points into unknown readable memory: 0x00007f74c04cc250 | 50 c2 4c c0 74 7f 00 00
RCX=0x00007f74c04f7bc0 points into unknown readable memory: 0x00007f74c04ef1a0 | a0 f1 4e c0 74 7f 00 00
RDX=0x00007f74c04f7bc0 points into unknown readable memory: 0x00007f74c04ef1a0 | a0 f1 4e c0 74 7f 00 00
RSP=0x00007f74c4fe0ac0 is pointing into the stack for thread: 0x00007f74c0017800
RBP=0x00007f74c03f3080 points into unknown readable memory: 0x00007f74c04f7bc0 | c0 7b 4f c0 74 7f 00 00
RSI=0x0000000000000008 is an unknown value
RDI=0x00007f74c04f7bc0 points into unknown readable memory: 0x00007f74c04ef1a0 | a0 f1 4e c0 74 7f 00 00
R8 =0x000000000000003f is an unknown value
R9 =0x00007f74c0017800 is a thread
R10=0x0 is NULL
R11=0x00000000000003d8 is an unknown value
R12=0x00007f74c04f4fb0 points into unknown readable memory: 0x4c5f6d766c6c5f6f | 6f 5f 6c 6c 76 6d 5f 4c
R13=0x0 is NULL
R14=0x0000000000000001 is an unknown value
R15=0x00007f74c04f7b90 points into unknown readable memory: 0x00007f74c04ef1a0 | a0 f1 4e c0 74 7f 00 00


Registers:
RAX=0x0000000000000000, RBX=0x00007f74c04cc240, RCX=0x00007f74c04f7bc0, RDX=0x00007f74c04f7bc0
RSP=0x00007f74c4fe0ac0, RBP=0x00007f74c03f3080, RSI=0x0000000000000008, RDI=0x00007f74c04f7bc0
R8 =0x000000000000003f, R9 =0x00007f74c0017800, R10=0x0000000000000000, R11=0x00000000000003d8
R12=0x00007f74c04f4fb0, R13=0x0000000000000000, R14=0x0000000000000001, R15=0x00007f74c04f7b90
RIP=0x00007f7446158ce0, EFLAGS=0x0000000000010293, CSGSFS=0x002b000000000033, ERR=0x0000000000000004
  TRAPNO=0x000000000000000e

Top of Stack: (sp=0x00007f74c4fe0ac0)
0x00007f74c4fe0ac0:   0000000000000000 00007f74c04f4f70
0x00007f74c4fe0ad0:   0000000000000002 00007f74c04f7bc0
0x00007f74c4fe0ae0:   00007f7460002ab0 00007f74c0017800
0x00007f74c4fe0af0:   00007f74c0017800 0000000000000000 

Instructions: (pc=0x00007f7446158ce0)
0x00007f7446158be0:   48 8b 00 be 01 01 00 00 41 80 38 00 4c 8b 78 18
0x00007f7446158bf0:   66 89 74 24 40 74 0a 4c 89 44 24 20 c6 44 24 40
0x00007f7446158c00:   03 80 7d 10 12 77 29 4d 85 f6 0f 84 e8 01 00 00
0x00007f7446158c10:   31 c0 eb 11 0f 1f 40 00 48 83 c0 01 49 39 c6 0f
0x00007f7446158c20:   84 d3 01 00 00 49 8b 54 c5 00 80 7a 10 12 76 e8
0x00007f7446158c30:   b8 01 01 00 00 bf 50 00 00 00 66 89 44 24 70 8d
0x00007f7446158c40:   41 01 89 c6 89 44 24 10 e8 33 07 13 00 49 89 c4
0x00007f7446158c50:   8b 44 24 10 4c 89 e1 48 c1 e0 05 48 29 c1 48 89
0x00007f7446158c60:   4c 24 08 48 8b 4d 00 0f b6 41 08 83 e8 12 83 f8
0x00007f7446158c70:   01 77 07 48 8b 41 10 48 8b 08 44 8b 41 08 4c 89
0x00007f7446158c80:   ee 4c 89 ff 4c 89 f2 48 89 4c 24 18 41 c1 e8 08
0x00007f7446158c90:   44 89 44 24 14 e8 36 71 09 00 48 8b 4c 24 18 44
0x00007f7446158ca0:   8b 44 24 14 48 89 c7 48 83 79 18 00 44 89 c6 0f
0x00007f7446158cb0:   84 e3 01 00 00 e8 16 7e 12 00 48 8b 55 00 48 89
0x00007f7446158cc0:   c7 0f b6 42 08 83 f8 12 0f 84 e6 01 00 00 83 f8
0x00007f7446158cd0:   13 74 5d 4b 8d 74 f5 00 49 39 f5 74 6a 4c 89 e8
0x00007f7446158ce0:   48 8b 10 48 8b 0a 0f b6 51 08 83 fa 12 74 21 83
0x00007f7446158cf0:   fa 13 0f 84 c8 01 00 00 48 83 c0 08 48 39 c6 74
0x00007f7446158d00:   46 48 8b 10 48 8b 0a 0f b6 51 08 83 fa 12 75 df
0x00007f7446158d10:   8b 41 20 31 f6 48 c1 e6 20 48 09 c6 e8 9f 62 12
0x00007f7446158d20:   00 48 89 c7 eb 21 66 2e 0f 1f 84 00 00 00 00 00
0x00007f7446158d30:   8b 72 20 b8 01 00 00 00 48 c1 e0 20 48 09 c6 e8
0x00007f7446158d40:   7c 62 12 00 48 89 c7 44 8b 44 24 10 48 8b 4c 24
0x00007f7446158d50:   08 45 31 c9 48 89 fe ba 22 00 00 00 4c 89 e7 e8
0x00007f7446158d60:   4c bc 08 00 4d 89 7c 24 40 4c 89 ee 4c 89 f2 4c
0x00007f7446158d70:   89 ff e8 59 70 09 00 48 89 ee 4c 8d 44 24 50 4c
0x00007f7446158d80:   89 ea 49 89 44 24 48 4c 89 f1 4c 89 e7 e8 be 6d
0x00007f7446158d90:   09 00 48 8b 7b 50 48 8b 4b 30 4c 89 e6 4c 8b 43
0x00007f7446158da0:   38 48 8d 54 24 20 48 8b 07 ff 50 10 8b 6b 08 48
0x00007f7446158db0:   8b 03 48 c1 e5 04 48 01 c5 48 39 e8 74 21 48 89
0x00007f7446158dc0:   c3 0f 1f 80 00 00 00 00 48 8b 53 08 8b 33 4c 89
0x00007f7446158dd0:   e7 48 83 c3 10 e8 66 10 0e 00 48 39 dd 75 e9 48 


Stack slot to memory mapping:
stack at sp + 0 slots: 0x0 is NULL
stack at sp + 1 slots: 0x00007f74c04f4f70 points into unknown readable memory: 0x0000000000000000 | 00 00 00 00 00 00 00 00
stack at sp + 2 slots: 0x0000000000000002 is an unknown value
stack at sp + 3 slots: 0x00007f74c04f7bc0 points into unknown readable memory: 0x00007f74c04ef1a0 | a0 f1 4e c0 74 7f 00 00
stack at sp + 4 slots: 0x00007f7460002ab0 points into unknown readable memory: 0x007265746e696f70 | 70 6f 69 6e 74 65 72 00
stack at sp + 5 slots: 0x00007f74c0017800 is a thread
stack at sp + 6 slots: 0x00007f74c0017800 is a thread
stack at sp + 7 slots: 0x0 is NULL


---------------  P R O C E S S  ---------------

Threads class SMR info:
_java_thread_list=0x00007f7450000fb0, length=13, elements={
0x00007f74c0017800, 0x00007f74c0187800, 0x00007f74c0189800, 0x00007f74c0192000,
0x00007f74c0194000, 0x00007f74c0196000, 0x00007f74c0198000, 0x00007f74c019a000,
0x00007f74c01fe800, 0x00007f74c0203800, 0x00007f7468001800, 0x00007f74c0209800,
0x00007f74c0401800
}

Java Threads: ( => current thread )
=>0x00007f74c0017800 JavaThread "main" [_thread_in_native, id=21709, stack(0x00007f74c4ee2000,0x00007f74c4fe3000)]
  0x00007f74c0187800 JavaThread "Reference Handler" daemon [_thread_blocked, id=21717, stack(0x00007f7495d7c000,0x00007f7495e7d000)]
  0x00007f74c0189800 JavaThread "Finalizer" daemon [_thread_blocked, id=21718, stack(0x00007f7495c7b000,0x00007f7495d7c000)]
  0x00007f74c0192000 JavaThread "Signal Dispatcher" daemon [_thread_blocked, id=21719, stack(0x00007f7495721000,0x00007f7495822000)]
  0x00007f74c0194000 JavaThread "Service Thread" daemon [_thread_blocked, id=21720, stack(0x00007f7495620000,0x00007f7495721000)]
  0x00007f74c0196000 JavaThread "C2 CompilerThread0" daemon [_thread_blocked, id=21721, stack(0x00007f749551f000,0x00007f7495620000)]
  0x00007f74c0198000 JavaThread "C1 CompilerThread0" daemon [_thread_blocked, id=21722, stack(0x00007f749541e000,0x00007f749551f000)]
  0x00007f74c019a000 JavaThread "Sweeper thread" daemon [_thread_blocked, id=21723, stack(0x00007f749531d000,0x00007f749541e000)]
  0x00007f74c01fe800 JavaThread "JDWP Transport Listener: dt_socket" daemon [_thread_blocked, id=21724, stack(0x00007f749521c000,0x00007f749531d000)]
  0x00007f74c0203800 JavaThread "JDWP Event Helper Thread" daemon [_thread_blocked, id=21725, stack(0x00007f749511b000,0x00007f749521c000)]
  0x00007f7468001800 JavaThread "JDWP Command Reader" daemon [_thread_in_native, id=21747, stack(0x00007f749501a000,0x00007f749511b000)]
  0x00007f74c0209800 JavaThread "Common-Cleaner" daemon [_thread_blocked, id=21768, stack(0x00007f7494e17000,0x00007f7494f18000)]
  0x00007f74c0401800 JavaThread "JavaCPP Deallocator" daemon [_thread_blocked, id=21772, stack(0x00007f7494ce5000,0x00007f7494de6000)]

Other Threads:
  0x00007f74c0184800 VMThread "VM Thread" [stack: 0x00007f7495e7f000,0x00007f7495f7f000] [id=21716]
  0x00007f74c0206000 WatcherThread [stack: 0x00007f7494f1a000,0x00007f749501a000] [id=21767]
  0x00007f74c002f800 GCTaskThread "GC Thread#0" [stack: 0x00007f74c4b4d000,0x00007f74c4c4d000] [id=21710]
  0x00007f74c007b800 ConcurrentGCThread "G1 Main Marker" [stack: 0x00007f74c4177000,0x00007f74c4277000] [id=21711]
  0x00007f74c007d800 ConcurrentGCThread "G1 Conc#0" [stack: 0x00007f74c4075000,0x00007f74c4175000] [id=21712]
  0x00007f74c014a800 ConcurrentGCThread "G1 Refine#0" [stack: 0x00007f749c929000,0x00007f749ca29000] [id=21713]
  0x00007f74c014c800 ConcurrentGCThread "G1 Young RemSet Sampling" [stack: 0x00007f749c827000,0x00007f749c927000] [id=21714]

Threads with active compile tasks:

VM state:not at safepoint (normal execution)

VM Mutex/Monitor currently owned by a thread: None

Heap address: 0x000000073b000000, size: 3152 MB, Compressed Oops mode: Zero based, Oop shift amount: 3
Narrow klass base: 0x0000000800000000, Narrow klass shift: 3
Compressed class space size: 1073741824 Address: 0x0000000840000000

Heap:
 garbage-first heap   total 204800K, used 20172K [0x000000073b000000, 0x0000000800000000)
  region size 1024K, 21 young (21504K), 0 survivors (0K)
 Metaspace       used 3482K, capacity 6480K, committed 6656K, reserved 1056768K
  class space    used 395K, capacity 668K, committed 768K, reserved 1048576K
Heap Regions: E=young(eden), S=young(survivor), O=old, HS=humongous(starts), HC=humongous(continues), CS=collection set, F=free, A=archive, TAMS=top-at-mark-start (previous, next)
|   0|0x000000073b000000, 0x000000073b000000, 0x000000073b100000|  0%| F|  |TAMS 0x000000073b000000, 0x000000073b000000| Untracked 
|   1|0x000000073b100000, 0x000000073b100000, 0x000000073b200000|  0%| F|  |TAMS 0x000000073b100000, 0x000000073b100000| Untracked 
|   2|0x000000073b200000, 0x000000073b200000, 0x000000073b300000|  0%| F|  |TAMS 0x000000073b200000, 0x000000073b200000| Untracked 
|   3|0x000000073b300000, 0x000000073b300000, 0x000000073b400000|  0%| F|  |TAMS 0x000000073b300000, 0x000000073b300000| Untracked 
|   4|0x000000073b400000, 0x000000073b400000, 0x000000073b500000|  0%| F|  |TAMS 0x000000073b400000, 0x000000073b400000| Untracked 
|   5|0x000000073b500000, 0x000000073b500000, 0x000000073b600000|  0%| F|  |TAMS 0x000000073b500000, 0x000000073b500000| Untracked 
|   6|0x000000073b600000, 0x000000073b600000, 0x000000073b700000|  0%| F|  |TAMS 0x000000073b600000, 0x000000073b600000| Untracked 
|   7|0x000000073b700000, 0x000000073b700000, 0x000000073b800000|  0%| F|  |TAMS 0x000000073b700000, 0x000000073b700000| Untracked 
|   8|0x000000073b800000, 0x000000073b800000, 0x000000073b900000|  0%| F|  |TAMS 0x000000073b800000, 0x000000073b800000| Untracked 
|   9|0x000000073b900000, 0x000000073b900000, 0x000000073ba00000|  0%| F|  |TAMS 0x000000073b900000, 0x000000073b900000| Untracked 
|  10|0x000000073ba00000, 0x000000073ba00000, 0x000000073bb00000|  0%| F|  |TAMS 0x000000073ba00000, 0x000000073ba00000| Untracked 
|  11|0x000000073bb00000, 0x000000073bb00000, 0x000000073bc00000|  0%| F|  |TAMS 0x000000073bb00000, 0x000000073bb00000| Untracked 
|  12|0x000000073bc00000, 0x000000073bc00000, 0x000000073bd00000|  0%| F|  |TAMS 0x000000073bc00000, 0x000000073bc00000| Untracked 
|  13|0x000000073bd00000, 0x000000073bd00000, 0x000000073be00000|  0%| F|  |TAMS 0x000000073bd00000, 0x000000073bd00000| Untracked 
|  14|0x000000073be00000, 0x000000073be00000, 0x000000073bf00000|  0%| F|  |TAMS 0x000000073be00000, 0x000000073be00000| Untracked 
|  15|0x000000073bf00000, 0x000000073bf00000, 0x000000073c000000|  0%| F|  |TAMS 0x000000073bf00000, 0x000000073bf00000| Untracked 
|  16|0x000000073c000000, 0x000000073c000000, 0x000000073c100000|  0%| F|  |TAMS 0x000000073c000000, 0x000000073c000000| Untracked 
|  17|0x000000073c100000, 0x000000073c100000, 0x000000073c200000|  0%| F|  |TAMS 0x000000073c100000, 0x000000073c100000| Untracked 
|  18|0x000000073c200000, 0x000000073c200000, 0x000000073c300000|  0%| F|  |TAMS 0x000000073c200000, 0x000000073c200000| Untracked 
|  19|0x000000073c300000, 0x000000073c300000, 0x000000073c400000|  0%| F|  |TAMS 0x000000073c300000, 0x000000073c300000| Untracked 
|  20|0x000000073c400000, 0x000000073c400000, 0x000000073c500000|  0%| F|  |TAMS 0x000000073c400000, 0x000000073c400000| Untracked 
|  21|0x000000073c500000, 0x000000073c500000, 0x000000073c600000|  0%| F|  |TAMS 0x000000073c500000, 0x000000073c500000| Untracked 
|  22|0x000000073c600000, 0x000000073c600000, 0x000000073c700000|  0%| F|  |TAMS 0x000000073c600000, 0x000000073c600000| Untracked 
|  23|0x000000073c700000, 0x000000073c700000, 0x000000073c800000|  0%| F|  |TAMS 0x000000073c700000, 0x000000073c700000| Untracked 
|  24|0x000000073c800000, 0x000000073c800000, 0x000000073c900000|  0%| F|  |TAMS 0x000000073c800000, 0x000000073c800000| Untracked 
|  25|0x000000073c900000, 0x000000073c900000, 0x000000073ca00000|  0%| F|  |TAMS 0x000000073c900000, 0x000000073c900000| Untracked 
|  26|0x000000073ca00000, 0x000000073ca00000, 0x000000073cb00000|  0%| F|  |TAMS 0x000000073ca00000, 0x000000073ca00000| Untracked 
|  27|0x000000073cb00000, 0x000000073cb00000, 0x000000073cc00000|  0%| F|  |TAMS 0x000000073cb00000, 0x000000073cb00000| Untracked 
|  28|0x000000073cc00000, 0x000000073cc00000, 0x000000073cd00000|  0%| F|  |TAMS 0x000000073cc00000, 0x000000073cc00000| Untracked 
|  29|0x000000073cd00000, 0x000000073cd00000, 0x000000073ce00000|  0%| F|  |TAMS 0x000000073cd00000, 0x000000073cd00000| Untracked 
|  30|0x000000073ce00000, 0x000000073ce00000, 0x000000073cf00000|  0%| F|  |TAMS 0x000000073ce00000, 0x000000073ce00000| Untracked 
|  31|0x000000073cf00000, 0x000000073cf00000, 0x000000073d000000|  0%| F|  |TAMS 0x000000073cf00000, 0x000000073cf00000| Untracked 
|  32|0x000000073d000000, 0x000000073d000000, 0x000000073d100000|  0%| F|  |TAMS 0x000000073d000000, 0x000000073d000000| Untracked 
|  33|0x000000073d100000, 0x000000073d100000, 0x000000073d200000|  0%| F|  |TAMS 0x000000073d100000, 0x000000073d100000| Untracked 
|  34|0x000000073d200000, 0x000000073d200000, 0x000000073d300000|  0%| F|  |TAMS 0x000000073d200000, 0x000000073d200000| Untracked 
|  35|0x000000073d300000, 0x000000073d300000, 0x000000073d400000|  0%| F|  |TAMS 0x000000073d300000, 0x000000073d300000| Untracked 
|  36|0x000000073d400000, 0x000000073d400000, 0x000000073d500000|  0%| F|  |TAMS 0x000000073d400000, 0x000000073d400000| Untracked 
|  37|0x000000073d500000, 0x000000073d500000, 0x000000073d600000|  0%| F|  |TAMS 0x000000073d500000, 0x000000073d500000| Untracked 
|  38|0x000000073d600000, 0x000000073d600000, 0x000000073d700000|  0%| F|  |TAMS 0x000000073d600000, 0x000000073d600000| Untracked 
|  39|0x000000073d700000, 0x000000073d700000, 0x000000073d800000|  0%| F|  |TAMS 0x000000073d700000, 0x000000073d700000| Untracked 
|  40|0x000000073d800000, 0x000000073d800000, 0x000000073d900000|  0%| F|  |TAMS 0x000000073d800000, 0x000000073d800000| Untracked 
|  41|0x000000073d900000, 0x000000073d900000, 0x000000073da00000|  0%| F|  |TAMS 0x000000073d900000, 0x000000073d900000| Untracked 
|  42|0x000000073da00000, 0x000000073da00000, 0x000000073db00000|  0%| F|  |TAMS 0x000000073da00000, 0x000000073da00000| Untracked 
|  43|0x000000073db00000, 0x000000073db00000, 0x000000073dc00000|  0%| F|  |TAMS 0x000000073db00000, 0x000000073db00000| Untracked 
|  44|0x000000073dc00000, 0x000000073dc00000, 0x000000073dd00000|  0%| F|  |TAMS 0x000000073dc00000, 0x000000073dc00000| Untracked 
|  45|0x000000073dd00000, 0x000000073dd00000, 0x000000073de00000|  0%| F|  |TAMS 0x000000073dd00000, 0x000000073dd00000| Untracked 
|  46|0x000000073de00000, 0x000000073de00000, 0x000000073df00000|  0%| F|  |TAMS 0x000000073de00000, 0x000000073de00000| Untracked 
|  47|0x000000073df00000, 0x000000073df00000, 0x000000073e000000|  0%| F|  |TAMS 0x000000073df00000, 0x000000073df00000| Untracked 
|  48|0x000000073e000000, 0x000000073e000000, 0x000000073e100000|  0%| F|  |TAMS 0x000000073e000000, 0x000000073e000000| Untracked 
|  49|0x000000073e100000, 0x000000073e100000, 0x000000073e200000|  0%| F|  |TAMS 0x000000073e100000, 0x000000073e100000| Untracked 
|  50|0x000000073e200000, 0x000000073e200000, 0x000000073e300000|  0%| F|  |TAMS 0x000000073e200000, 0x000000073e200000| Untracked 
|  51|0x000000073e300000, 0x000000073e300000, 0x000000073e400000|  0%| F|  |TAMS 0x000000073e300000, 0x000000073e300000| Untracked 
|  52|0x000000073e400000, 0x000000073e400000, 0x000000073e500000|  0%| F|  |TAMS 0x000000073e400000, 0x000000073e400000| Untracked 
|  53|0x000000073e500000, 0x000000073e500000, 0x000000073e600000|  0%| F|  |TAMS 0x000000073e500000, 0x000000073e500000| Untracked 
|  54|0x000000073e600000, 0x000000073e600000, 0x000000073e700000|  0%| F|  |TAMS 0x000000073e600000, 0x000000073e600000| Untracked 
|  55|0x000000073e700000, 0x000000073e700000, 0x000000073e800000|  0%| F|  |TAMS 0x000000073e700000, 0x000000073e700000| Untracked 
|  56|0x000000073e800000, 0x000000073e800000, 0x000000073e900000|  0%| F|  |TAMS 0x000000073e800000, 0x000000073e800000| Untracked 
|  57|0x000000073e900000, 0x000000073e900000, 0x000000073ea00000|  0%| F|  |TAMS 0x000000073e900000, 0x000000073e900000| Untracked 
|  58|0x000000073ea00000, 0x000000073ea00000, 0x000000073eb00000|  0%| F|  |TAMS 0x000000073ea00000, 0x000000073ea00000| Untracked 
|  59|0x000000073eb00000, 0x000000073eb00000, 0x000000073ec00000|  0%| F|  |TAMS 0x000000073eb00000, 0x000000073eb00000| Untracked 
|  60|0x000000073ec00000, 0x000000073ec00000, 0x000000073ed00000|  0%| F|  |TAMS 0x000000073ec00000, 0x000000073ec00000| Untracked 
|  61|0x000000073ed00000, 0x000000073ed00000, 0x000000073ee00000|  0%| F|  |TAMS 0x000000073ed00000, 0x000000073ed00000| Untracked 
|  62|0x000000073ee00000, 0x000000073ee00000, 0x000000073ef00000|  0%| F|  |TAMS 0x000000073ee00000, 0x000000073ee00000| Untracked 
|  63|0x000000073ef00000, 0x000000073ef00000, 0x000000073f000000|  0%| F|  |TAMS 0x000000073ef00000, 0x000000073ef00000| Untracked 
|  64|0x000000073f000000, 0x000000073f000000, 0x000000073f100000|  0%| F|  |TAMS 0x000000073f000000, 0x000000073f000000| Untracked 
|  65|0x000000073f100000, 0x000000073f100000, 0x000000073f200000|  0%| F|  |TAMS 0x000000073f100000, 0x000000073f100000| Untracked 
|  66|0x000000073f200000, 0x000000073f200000, 0x000000073f300000|  0%| F|  |TAMS 0x000000073f200000, 0x000000073f200000| Untracked 
|  67|0x000000073f300000, 0x000000073f300000, 0x000000073f400000|  0%| F|  |TAMS 0x000000073f300000, 0x000000073f300000| Untracked 
|  68|0x000000073f400000, 0x000000073f400000, 0x000000073f500000|  0%| F|  |TAMS 0x000000073f400000, 0x000000073f400000| Untracked 
|  69|0x000000073f500000, 0x000000073f500000, 0x000000073f600000|  0%| F|  |TAMS 0x000000073f500000, 0x000000073f500000| Untracked 
|  70|0x000000073f600000, 0x000000073f600000, 0x000000073f700000|  0%| F|  |TAMS 0x000000073f600000, 0x000000073f600000| Untracked 
|  71|0x000000073f700000, 0x000000073f700000, 0x000000073f800000|  0%| F|  |TAMS 0x000000073f700000, 0x000000073f700000| Untracked 
|  72|0x000000073f800000, 0x000000073f800000, 0x000000073f900000|  0%| F|  |TAMS 0x000000073f800000, 0x000000073f800000| Untracked 
|  73|0x000000073f900000, 0x000000073f900000, 0x000000073fa00000|  0%| F|  |TAMS 0x000000073f900000, 0x000000073f900000| Untracked 
|  74|0x000000073fa00000, 0x000000073fa00000, 0x000000073fb00000|  0%| F|  |TAMS 0x000000073fa00000, 0x000000073fa00000| Untracked 
|  75|0x000000073fb00000, 0x000000073fb00000, 0x000000073fc00000|  0%| F|  |TAMS 0x000000073fb00000, 0x000000073fb00000| Untracked 
|  76|0x000000073fc00000, 0x000000073fc00000, 0x000000073fd00000|  0%| F|  |TAMS 0x000000073fc00000, 0x000000073fc00000| Untracked 
|  77|0x000000073fd00000, 0x000000073fd00000, 0x000000073fe00000|  0%| F|  |TAMS 0x000000073fd00000, 0x000000073fd00000| Untracked 
|  78|0x000000073fe00000, 0x000000073fe00000, 0x000000073ff00000|  0%| F|  |TAMS 0x000000073fe00000, 0x000000073fe00000| Untracked 
|  79|0x000000073ff00000, 0x000000073ff00000, 0x0000000740000000|  0%| F|  |TAMS 0x000000073ff00000, 0x000000073ff00000| Untracked 
|  80|0x0000000740000000, 0x0000000740000000, 0x0000000740100000|  0%| F|  |TAMS 0x0000000740000000, 0x0000000740000000| Untracked 
|  81|0x0000000740100000, 0x0000000740100000, 0x0000000740200000|  0%| F|  |TAMS 0x0000000740100000, 0x0000000740100000| Untracked 
|  82|0x0000000740200000, 0x0000000740200000, 0x0000000740300000|  0%| F|  |TAMS 0x0000000740200000, 0x0000000740200000| Untracked 
|  83|0x0000000740300000, 0x0000000740300000, 0x0000000740400000|  0%| F|  |TAMS 0x0000000740300000, 0x0000000740300000| Untracked 
|  84|0x0000000740400000, 0x0000000740400000, 0x0000000740500000|  0%| F|  |TAMS 0x0000000740400000, 0x0000000740400000| Untracked 
|  85|0x0000000740500000, 0x0000000740500000, 0x0000000740600000|  0%| F|  |TAMS 0x0000000740500000, 0x0000000740500000| Untracked 
|  86|0x0000000740600000, 0x0000000740600000, 0x0000000740700000|  0%| F|  |TAMS 0x0000000740600000, 0x0000000740600000| Untracked 
|  87|0x0000000740700000, 0x0000000740700000, 0x0000000740800000|  0%| F|  |TAMS 0x0000000740700000, 0x0000000740700000| Untracked 
|  88|0x0000000740800000, 0x0000000740800000, 0x0000000740900000|  0%| F|  |TAMS 0x0000000740800000, 0x0000000740800000| Untracked 
|  89|0x0000000740900000, 0x0000000740900000, 0x0000000740a00000|  0%| F|  |TAMS 0x0000000740900000, 0x0000000740900000| Untracked 
|  90|0x0000000740a00000, 0x0000000740a00000, 0x0000000740b00000|  0%| F|  |TAMS 0x0000000740a00000, 0x0000000740a00000| Untracked 
|  91|0x0000000740b00000, 0x0000000740b00000, 0x0000000740c00000|  0%| F|  |TAMS 0x0000000740b00000, 0x0000000740b00000| Untracked 
|  92|0x0000000740c00000, 0x0000000740c00000, 0x0000000740d00000|  0%| F|  |TAMS 0x0000000740c00000, 0x0000000740c00000| Untracked 
|  93|0x0000000740d00000, 0x0000000740d00000, 0x0000000740e00000|  0%| F|  |TAMS 0x0000000740d00000, 0x0000000740d00000| Untracked 
|  94|0x0000000740e00000, 0x0000000740e00000, 0x0000000740f00000|  0%| F|  |TAMS 0x0000000740e00000, 0x0000000740e00000| Untracked 
|  95|0x0000000740f00000, 0x0000000740f00000, 0x0000000741000000|  0%| F|  |TAMS 0x0000000740f00000, 0x0000000740f00000| Untracked 
|  96|0x0000000741000000, 0x0000000741000000, 0x0000000741100000|  0%| F|  |TAMS 0x0000000741000000, 0x0000000741000000| Untracked 
|  97|0x0000000741100000, 0x0000000741100000, 0x0000000741200000|  0%| F|  |TAMS 0x0000000741100000, 0x0000000741100000| Untracked 
|  98|0x0000000741200000, 0x0000000741200000, 0x0000000741300000|  0%| F|  |TAMS 0x0000000741200000, 0x0000000741200000| Untracked 
|  99|0x0000000741300000, 0x0000000741300000, 0x0000000741400000|  0%| F|  |TAMS 0x0000000741300000, 0x0000000741300000| Untracked 
| 100|0x0000000741400000, 0x0000000741400000, 0x0000000741500000|  0%| F|  |TAMS 0x0000000741400000, 0x0000000741400000| Untracked 
| 101|0x0000000741500000, 0x0000000741500000, 0x0000000741600000|  0%| F|  |TAMS 0x0000000741500000, 0x0000000741500000| Untracked 
| 102|0x0000000741600000, 0x0000000741600000, 0x0000000741700000|  0%| F|  |TAMS 0x0000000741600000, 0x0000000741600000| Untracked 
| 103|0x0000000741700000, 0x0000000741700000, 0x0000000741800000|  0%| F|  |TAMS 0x0000000741700000, 0x0000000741700000| Untracked 
| 104|0x0000000741800000, 0x0000000741800000, 0x0000000741900000|  0%| F|  |TAMS 0x0000000741800000, 0x0000000741800000| Untracked 
| 105|0x0000000741900000, 0x0000000741900000, 0x0000000741a00000|  0%| F|  |TAMS 0x0000000741900000, 0x0000000741900000| Untracked 
| 106|0x0000000741a00000, 0x0000000741a00000, 0x0000000741b00000|  0%| F|  |TAMS 0x0000000741a00000, 0x0000000741a00000| Untracked 
| 107|0x0000000741b00000, 0x0000000741b00000, 0x0000000741c00000|  0%| F|  |TAMS 0x0000000741b00000, 0x0000000741b00000| Untracked 
| 108|0x0000000741c00000, 0x0000000741c00000, 0x0000000741d00000|  0%| F|  |TAMS 0x0000000741c00000, 0x0000000741c00000| Untracked 
| 109|0x0000000741d00000, 0x0000000741d00000, 0x0000000741e00000|  0%| F|  |TAMS 0x0000000741d00000, 0x0000000741d00000| Untracked 
| 110|0x0000000741e00000, 0x0000000741e00000, 0x0000000741f00000|  0%| F|  |TAMS 0x0000000741e00000, 0x0000000741e00000| Untracked 
| 111|0x0000000741f00000, 0x0000000741f00000, 0x0000000742000000|  0%| F|  |TAMS 0x0000000741f00000, 0x0000000741f00000| Untracked 
| 112|0x0000000742000000, 0x0000000742000000, 0x0000000742100000|  0%| F|  |TAMS 0x0000000742000000, 0x0000000742000000| Untracked 
| 113|0x0000000742100000, 0x0000000742100000, 0x0000000742200000|  0%| F|  |TAMS 0x0000000742100000, 0x0000000742100000| Untracked 
| 114|0x0000000742200000, 0x0000000742200000, 0x0000000742300000|  0%| F|  |TAMS 0x0000000742200000, 0x0000000742200000| Untracked 
| 115|0x0000000742300000, 0x0000000742300000, 0x0000000742400000|  0%| F|  |TAMS 0x0000000742300000, 0x0000000742300000| Untracked 
| 116|0x0000000742400000, 0x0000000742400000, 0x0000000742500000|  0%| F|  |TAMS 0x0000000742400000, 0x0000000742400000| Untracked 
| 117|0x0000000742500000, 0x0000000742500000, 0x0000000742600000|  0%| F|  |TAMS 0x0000000742500000, 0x0000000742500000| Untracked 
| 118|0x0000000742600000, 0x0000000742600000, 0x0000000742700000|  0%| F|  |TAMS 0x0000000742600000, 0x0000000742600000| Untracked 
| 119|0x0000000742700000, 0x0000000742700000, 0x0000000742800000|  0%| F|  |TAMS 0x0000000742700000, 0x0000000742700000| Untracked 
| 120|0x0000000742800000, 0x0000000742800000, 0x0000000742900000|  0%| F|  |TAMS 0x0000000742800000, 0x0000000742800000| Untracked 
| 121|0x0000000742900000, 0x0000000742900000, 0x0000000742a00000|  0%| F|  |TAMS 0x0000000742900000, 0x0000000742900000| Untracked 
| 122|0x0000000742a00000, 0x0000000742a00000, 0x0000000742b00000|  0%| F|  |TAMS 0x0000000742a00000, 0x0000000742a00000| Untracked 
| 123|0x0000000742b00000, 0x0000000742b00000, 0x0000000742c00000|  0%| F|  |TAMS 0x0000000742b00000, 0x0000000742b00000| Untracked 
| 124|0x0000000742c00000, 0x0000000742c00000, 0x0000000742d00000|  0%| F|  |TAMS 0x0000000742c00000, 0x0000000742c00000| Untracked 
| 125|0x0000000742d00000, 0x0000000742d00000, 0x0000000742e00000|  0%| F|  |TAMS 0x0000000742d00000, 0x0000000742d00000| Untracked 
| 126|0x0000000742e00000, 0x0000000742e00000, 0x0000000742f00000|  0%| F|  |TAMS 0x0000000742e00000, 0x0000000742e00000| Untracked 
| 127|0x0000000742f00000, 0x0000000742f00000, 0x0000000743000000|  0%| F|  |TAMS 0x0000000742f00000, 0x0000000742f00000| Untracked 
| 128|0x0000000743000000, 0x0000000743000000, 0x0000000743100000|  0%| F|  |TAMS 0x0000000743000000, 0x0000000743000000| Untracked 
| 129|0x0000000743100000, 0x0000000743100000, 0x0000000743200000|  0%| F|  |TAMS 0x0000000743100000, 0x0000000743100000| Untracked 
| 130|0x0000000743200000, 0x0000000743200000, 0x0000000743300000|  0%| F|  |TAMS 0x0000000743200000, 0x0000000743200000| Untracked 
| 131|0x0000000743300000, 0x0000000743300000, 0x0000000743400000|  0%| F|  |TAMS 0x0000000743300000, 0x0000000743300000| Untracked 
| 132|0x0000000743400000, 0x0000000743400000, 0x0000000743500000|  0%| F|  |TAMS 0x0000000743400000, 0x0000000743400000| Untracked 
| 133|0x0000000743500000, 0x0000000743500000, 0x0000000743600000|  0%| F|  |TAMS 0x0000000743500000, 0x0000000743500000| Untracked 
| 134|0x0000000743600000, 0x0000000743600000, 0x0000000743700000|  0%| F|  |TAMS 0x0000000743600000, 0x0000000743600000| Untracked 
| 135|0x0000000743700000, 0x0000000743700000, 0x0000000743800000|  0%| F|  |TAMS 0x0000000743700000, 0x0000000743700000| Untracked 
| 136|0x0000000743800000, 0x0000000743800000, 0x0000000743900000|  0%| F|  |TAMS 0x0000000743800000, 0x0000000743800000| Untracked 
| 137|0x0000000743900000, 0x0000000743900000, 0x0000000743a00000|  0%| F|  |TAMS 0x0000000743900000, 0x0000000743900000| Untracked 
| 138|0x0000000743a00000, 0x0000000743a00000, 0x0000000743b00000|  0%| F|  |TAMS 0x0000000743a00000, 0x0000000743a00000| Untracked 
| 139|0x0000000743b00000, 0x0000000743b00000, 0x0000000743c00000|  0%| F|  |TAMS 0x0000000743b00000, 0x0000000743b00000| Untracked 
| 140|0x0000000743c00000, 0x0000000743c00000, 0x0000000743d00000|  0%| F|  |TAMS 0x0000000743c00000, 0x0000000743c00000| Untracked 
| 141|0x0000000743d00000, 0x0000000743d00000, 0x0000000743e00000|  0%| F|  |TAMS 0x0000000743d00000, 0x0000000743d00000| Untracked 
| 142|0x0000000743e00000, 0x0000000743e00000, 0x0000000743f00000|  0%| F|  |TAMS 0x0000000743e00000, 0x0000000743e00000| Untracked 
| 143|0x0000000743f00000, 0x0000000743f00000, 0x0000000744000000|  0%| F|  |TAMS 0x0000000743f00000, 0x0000000743f00000| Untracked 
| 144|0x0000000744000000, 0x0000000744000000, 0x0000000744100000|  0%| F|  |TAMS 0x0000000744000000, 0x0000000744000000| Untracked 
| 145|0x0000000744100000, 0x0000000744100000, 0x0000000744200000|  0%| F|  |TAMS 0x0000000744100000, 0x0000000744100000| Untracked 
| 146|0x0000000744200000, 0x0000000744200000, 0x0000000744300000|  0%| F|  |TAMS 0x0000000744200000, 0x0000000744200000| Untracked 
| 147|0x0000000744300000, 0x0000000744300000, 0x0000000744400000|  0%| F|  |TAMS 0x0000000744300000, 0x0000000744300000| Untracked 
| 148|0x0000000744400000, 0x0000000744400000, 0x0000000744500000|  0%| F|  |TAMS 0x0000000744400000, 0x0000000744400000| Untracked 
| 149|0x0000000744500000, 0x0000000744500000, 0x0000000744600000|  0%| F|  |TAMS 0x0000000744500000, 0x0000000744500000| Untracked 
| 150|0x0000000744600000, 0x0000000744600000, 0x0000000744700000|  0%| F|  |TAMS 0x0000000744600000, 0x0000000744600000| Untracked 
| 151|0x0000000744700000, 0x0000000744700000, 0x0000000744800000|  0%| F|  |TAMS 0x0000000744700000, 0x0000000744700000| Untracked 
| 152|0x0000000744800000, 0x0000000744800000, 0x0000000744900000|  0%| F|  |TAMS 0x0000000744800000, 0x0000000744800000| Untracked 
| 153|0x0000000744900000, 0x0000000744900000, 0x0000000744a00000|  0%| F|  |TAMS 0x0000000744900000, 0x0000000744900000| Untracked 
| 154|0x0000000744a00000, 0x0000000744a00000, 0x0000000744b00000|  0%| F|  |TAMS 0x0000000744a00000, 0x0000000744a00000| Untracked 
| 155|0x0000000744b00000, 0x0000000744b00000, 0x0000000744c00000|  0%| F|  |TAMS 0x0000000744b00000, 0x0000000744b00000| Untracked 
| 156|0x0000000744c00000, 0x0000000744c00000, 0x0000000744d00000|  0%| F|  |TAMS 0x0000000744c00000, 0x0000000744c00000| Untracked 
| 157|0x0000000744d00000, 0x0000000744d00000, 0x0000000744e00000|  0%| F|  |TAMS 0x0000000744d00000, 0x0000000744d00000| Untracked 
| 158|0x0000000744e00000, 0x0000000744e00000, 0x0000000744f00000|  0%| F|  |TAMS 0x0000000744e00000, 0x0000000744e00000| Untracked 
| 159|0x0000000744f00000, 0x0000000744f00000, 0x0000000745000000|  0%| F|  |TAMS 0x0000000744f00000, 0x0000000744f00000| Untracked 
| 160|0x0000000745000000, 0x0000000745000000, 0x0000000745100000|  0%| F|  |TAMS 0x0000000745000000, 0x0000000745000000| Untracked 
| 161|0x0000000745100000, 0x0000000745100000, 0x0000000745200000|  0%| F|  |TAMS 0x0000000745100000, 0x0000000745100000| Untracked 
| 162|0x0000000745200000, 0x0000000745200000, 0x0000000745300000|  0%| F|  |TAMS 0x0000000745200000, 0x0000000745200000| Untracked 
| 163|0x0000000745300000, 0x0000000745300000, 0x0000000745400000|  0%| F|  |TAMS 0x0000000745300000, 0x0000000745300000| Untracked 
| 164|0x0000000745400000, 0x0000000745400000, 0x0000000745500000|  0%| F|  |TAMS 0x0000000745400000, 0x0000000745400000| Untracked 
| 165|0x0000000745500000, 0x0000000745500000, 0x0000000745600000|  0%| F|  |TAMS 0x0000000745500000, 0x0000000745500000| Untracked 
| 166|0x0000000745600000, 0x0000000745600000, 0x0000000745700000|  0%| F|  |TAMS 0x0000000745600000, 0x0000000745600000| Untracked 
| 167|0x0000000745700000, 0x0000000745700000, 0x0000000745800000|  0%| F|  |TAMS 0x0000000745700000, 0x0000000745700000| Untracked 
| 168|0x0000000745800000, 0x0000000745800000, 0x0000000745900000|  0%| F|  |TAMS 0x0000000745800000, 0x0000000745800000| Untracked 
| 169|0x0000000745900000, 0x0000000745900000, 0x0000000745a00000|  0%| F|  |TAMS 0x0000000745900000, 0x0000000745900000| Untracked 
| 170|0x0000000745a00000, 0x0000000745a00000, 0x0000000745b00000|  0%| F|  |TAMS 0x0000000745a00000, 0x0000000745a00000| Untracked 
| 171|0x0000000745b00000, 0x0000000745b00000, 0x0000000745c00000|  0%| F|  |TAMS 0x0000000745b00000, 0x0000000745b00000| Untracked 
| 172|0x0000000745c00000, 0x0000000745c00000, 0x0000000745d00000|  0%| F|  |TAMS 0x0000000745c00000, 0x0000000745c00000| Untracked 
| 173|0x0000000745d00000, 0x0000000745d00000, 0x0000000745e00000|  0%| F|  |TAMS 0x0000000745d00000, 0x0000000745d00000| Untracked 
| 174|0x0000000745e00000, 0x0000000745e00000, 0x0000000745f00000|  0%| F|  |TAMS 0x0000000745e00000, 0x0000000745e00000| Untracked 
| 175|0x0000000745f00000, 0x0000000745f00000, 0x0000000746000000|  0%| F|  |TAMS 0x0000000745f00000, 0x0000000745f00000| Untracked 
| 176|0x0000000746000000, 0x0000000746000000, 0x0000000746100000|  0%| F|  |TAMS 0x0000000746000000, 0x0000000746000000| Untracked 
| 177|0x0000000746100000, 0x000000074617b648, 0x0000000746200000| 48%| E|  |TAMS 0x0000000746100000, 0x0000000746100000| Complete 
| 178|0x0000000746200000, 0x0000000746300000, 0x0000000746300000|100%| E|CS|TAMS 0x0000000746200000, 0x0000000746200000| Complete 
| 179|0x0000000746300000, 0x0000000746400000, 0x0000000746400000|100%| E|CS|TAMS 0x0000000746300000, 0x0000000746300000| Complete 
| 180|0x0000000746400000, 0x0000000746500000, 0x0000000746500000|100%| E|CS|TAMS 0x0000000746400000, 0x0000000746400000| Complete 
| 181|0x0000000746500000, 0x0000000746600000, 0x0000000746600000|100%| E|CS|TAMS 0x0000000746500000, 0x0000000746500000| Complete 
| 182|0x0000000746600000, 0x0000000746700000, 0x0000000746700000|100%| E|CS|TAMS 0x0000000746600000, 0x0000000746600000| Complete 
| 183|0x0000000746700000, 0x0000000746800000, 0x0000000746800000|100%| E|CS|TAMS 0x0000000746700000, 0x0000000746700000| Complete 
| 184|0x0000000746800000, 0x0000000746900000, 0x0000000746900000|100%| E|CS|TAMS 0x0000000746800000, 0x0000000746800000| Complete 
| 185|0x0000000746900000, 0x0000000746a00000, 0x0000000746a00000|100%| E|CS|TAMS 0x0000000746900000, 0x0000000746900000| Complete 
| 186|0x0000000746a00000, 0x0000000746b00000, 0x0000000746b00000|100%| E|CS|TAMS 0x0000000746a00000, 0x0000000746a00000| Complete 
| 187|0x0000000746b00000, 0x0000000746c00000, 0x0000000746c00000|100%| E|CS|TAMS 0x0000000746b00000, 0x0000000746b00000| Complete 
| 188|0x0000000746c00000, 0x0000000746d00000, 0x0000000746d00000|100%| E|  |TAMS 0x0000000746c00000, 0x0000000746c00000| Complete 
| 189|0x0000000746d00000, 0x0000000746e00000, 0x0000000746e00000|100%| E|CS|TAMS 0x0000000746d00000, 0x0000000746d00000| Complete 
| 190|0x0000000746e00000, 0x0000000746f00000, 0x0000000746f00000|100%| E|CS|TAMS 0x0000000746e00000, 0x0000000746e00000| Complete 
| 191|0x0000000746f00000, 0x0000000747000000, 0x0000000747000000|100%| E|CS|TAMS 0x0000000746f00000, 0x0000000746f00000| Complete 
| 192|0x0000000747000000, 0x0000000747100000, 0x0000000747100000|100%| E|CS|TAMS 0x0000000747000000, 0x0000000747000000| Complete 
| 193|0x0000000747100000, 0x0000000747200000, 0x0000000747200000|100%| E|CS|TAMS 0x0000000747100000, 0x0000000747100000| Complete 
| 194|0x0000000747200000, 0x0000000747300000, 0x0000000747300000|100%| E|CS|TAMS 0x0000000747200000, 0x0000000747200000| Complete 
| 195|0x0000000747300000, 0x0000000747400000, 0x0000000747400000|100%| E|CS|TAMS 0x0000000747300000, 0x0000000747300000| Complete 
| 196|0x0000000747400000, 0x0000000747500000, 0x0000000747500000|100%| E|CS|TAMS 0x0000000747400000, 0x0000000747400000| Complete 
| 197|0x0000000747500000, 0x0000000747600000, 0x0000000747600000|100%| E|CS|TAMS 0x0000000747500000, 0x0000000747500000| Complete 
|2126|0x00000007bfe00000, 0x00000007bfe48000, 0x00000007bff00000| 28%|OA|  |TAMS 0x00000007bfe00000, 0x00000007bfe00000| Untracked 
|2127|0x00000007bff00000, 0x00000007bff6b000, 0x00000007c0000000| 41%|CA|  |TAMS 0x00000007bff00000, 0x00000007bff00000| Untracked 

Card table byte_map: [0x00007f74a39d8000,0x00007f74a4000000] _byte_map_base: 0x00007f74a0000000

Marking Bits (Prev, Next): (CMBitMap*) 0x00007f74c006e448, (CMBitMap*) 0x00007f74c006e480
 Prev Bits: [0x00007f74a0270000, 0x00007f74a33b0000)
 Next Bits: [0x00007f749d130000, 0x00007f74a0270000)

Polling page: 0x00007f74c6827000

Metaspace:

Usage:
  Non-class:      5.68 MB capacity,     3.01 MB ( 53%) used,     2.66 MB ( 47%) free+waste,     4.19 KB ( <1%) overhead. 
      Class:    668.00 KB capacity,   395.42 KB ( 59%) used,   270.52 KB ( 40%) free+waste,     2.06 KB ( <1%) overhead. 
       Both:      6.33 MB capacity,     3.40 MB ( 54%) used,     2.92 MB ( 46%) free+waste,     6.25 KB ( <1%) overhead. 

Virtual space:
  Non-class space:        8.00 MB reserved,       5.75 MB ( 72%) committed 
      Class space:        1.00 GB reserved,     768.00 KB ( <1%) committed 
             Both:        1.01 GB reserved,       6.50 MB ( <1%) committed 

Chunk freelists:
   Non-Class:  56.00 KB
       Class:  4.00 KB
        Both:  60.00 KB

MaxMetaspaceSize: unlimited
CompressedClassSpaceSize: 1.00 GB
Initial GC threshold: 20.80 MB
Current GC threshold: 20.80 MB
CDS: on

CodeHeap 'non-profiled nmethods': size=120032Kb used=204Kb max_used=204Kb free=119827Kb
 bounds [0x00007f74b02c5000, 0x00007f74b0535000, 0x00007f74b77fd000]
CodeHeap 'profiled nmethods': size=120028Kb used=1223Kb max_used=1223Kb free=118804Kb
 bounds [0x00007f74a8d8e000, 0x00007f74a8ffe000, 0x00007f74b02c5000]
CodeHeap 'non-nmethods': size=5700Kb used=1206Kb max_used=1232Kb free=4494Kb
 bounds [0x00007f74a87fd000, 0x00007f74a8a6d000, 0x00007f74a8d8e000]
 total_blobs=1036 nmethods=649 adapters=309
 compilation: enabled
              stopped_count=0, restarted_count=0
 full_count=0

Compilation events (20 events):
Event: 1.642 Thread 0x00007f74c0198000 nmethod 640 0x00007f74a8eb4010 code [0x00007f74a8eb41c0, 0x00007f74a8eb43d0]
Event: 1.643 Thread 0x00007f74c0196000  641  s!   4       jdk.internal.loader.URLClassPath::getLoader (194 bytes)
Event: 1.643 Thread 0x00007f74c0198000  642       3       sun.net.util.URLUtil::urlNoFragString (114 bytes)
Event: 1.644 Thread 0x00007f74c0198000 nmethod 642 0x00007f74a8eb4490 code [0x00007f74a8eb47e0, 0x00007f74a8eb5ae0]
Event: 1.645 Thread 0x00007f74c0198000  643       3       sun.reflect.annotation.AnnotationInvocationHandler::invoke (178 bytes)
Event: 1.646 Thread 0x00007f747040f800  646       4       java.lang.String::indexOf (7 bytes)
Event: 1.648 Thread 0x00007f747040f800 nmethod 646 0x00007f74b02f3610 code [0x00007f74b02f37a0, 0x00007f74b02f3998]
Event: 1.649 Thread 0x00007f74c0198000 nmethod 643 0x00007f74a8eb6290 code [0x00007f74a8eb65a0, 0x00007f74a8eb7720]
Event: 1.649 Thread 0x00007f74c0198000  645       3       java.util.Arrays$ArrayItr::hasNext (18 bytes)
Event: 1.649 Thread 0x00007f74c0198000 nmethod 645 0x00007f74a8eb7d10 code [0x00007f74a8eb7ec0, 0x00007f74a8eb8050]
Event: 1.649 Thread 0x00007f74c0198000  644       3       java.lang.reflect.Method::getParameterCount (6 bytes)
Event: 1.650 Thread 0x00007f74c0198000 nmethod 644 0x00007f74a8eb8110 code [0x00007f74a8eb82c0, 0x00007f74a8eb83f0]
Event: 1.650 Thread 0x00007f74c0198000  648       3       java.lang.String::<init> (55 bytes)
Event: 1.650 Thread 0x00007f74c0198000 nmethod 648 0x00007f74a8eb8490 code [0x00007f74a8eb8680, 0x00007f74a8eb8a20]
Event: 1.650 Thread 0x00007f74c0198000  649   !   3       java.lang.StringCoding::decode (362 bytes)
Event: 1.653 Thread 0x00007f74c0198000 nmethod 649 0x00007f74a8eb8c10 code [0x00007f74a8eb9120, 0x00007f74a8ebbd10]
Event: 1.653 Thread 0x00007f74c0198000  647       3       java.net.URLStreamHandler::toExternalForm (156 bytes)
Event: 1.655 Thread 0x00007f74c0198000 nmethod 647 0x00007f74a8ebcd10 code [0x00007f74a8ebd1c0, 0x00007f74a8ebf2b0]
Event: 1.657 Thread 0x00007f746c0b8800 nmethod 636 0x00007f74b02f3b90 code [0x00007f74b02f3d80, 0x00007f74b02f48c8]
Event: 1.690 Thread 0x00007f74c0196000 nmethod 641 0x00007f74b02f4c10 code [0x00007f74b02f4ee0, 0x00007f74b02f6ec0]

GC Heap History (0 events):
No events

Deoptimization events (20 events):
Event: 1.474 Thread 0x00007f74c0017800 Uncommon trap: trap_request=0xffffff4d fr.pc=0x00007f74b02d1ba8 relative=0x0000000000000268
Event: 1.474 Thread 0x00007f74c0017800 Uncommon trap: reason=unstable_if action=reinterpret pc=0x00007f74b02d1ba8 method=java.lang.String.startsWith(Ljava/lang/String;I)Z @ 14 c2
Event: 1.474 Thread 0x00007f74c0017800 DEOPT PACKING pc=0x00007f74b02d1ba8 sp=0x00007f74c4fe04c0
Event: 1.474 Thread 0x00007f74c0017800 DEOPT UNPACKING pc=0x00007f74a88052a5 sp=0x00007f74c4fe0448 mode 2
Event: 1.538 Thread 0x00007f74c0017800 DEOPT PACKING pc=0x00007f74a8e1e28a sp=0x00007f74c4fdfa00
Event: 1.538 Thread 0x00007f74c0017800 DEOPT UNPACKING pc=0x00007f74a88469fa sp=0x00007f74c4fdeea8 mode 0
Event: 1.563 Thread 0x00007f74c0017800 DEOPT PACKING pc=0x00007f74a8e599f4 sp=0x00007f74c4fe0570
Event: 1.563 Thread 0x00007f74c0017800 DEOPT UNPACKING pc=0x00007f74a88469fa sp=0x00007f74c4fdfad8 mode 1
Event: 1.593 Thread 0x00007f74c0017800 Uncommon trap: trap_request=0xffffff4d fr.pc=0x00007f74b02e895c relative=0x000000000000019c
Event: 1.593 Thread 0x00007f74c0017800 Uncommon trap: reason=unstable_if action=reinterpret pc=0x00007f74b02e895c method=java.util.zip.ZipFile$Source.isMetaName([BII)Z @ 57 c2
Event: 1.593 Thread 0x00007f74c0017800 DEOPT PACKING pc=0x00007f74b02e895c sp=0x00007f74c4fdd100
Event: 1.593 Thread 0x00007f74c0017800 DEOPT UNPACKING pc=0x00007f74a88052a5 sp=0x00007f74c4fdd0c8 mode 2
Event: 2.303 Thread 0x00007f74c0017800 Uncommon trap: trap_request=0xffffff4d fr.pc=0x00007f74b02f11a8 relative=0x00000000000005e8
Event: 2.304 Thread 0x00007f74c0017800 Uncommon trap: reason=unstable_if action=reinterpret pc=0x00007f74b02f11a8 method=java.lang.Integer.getChars(II[B)I @ 25 c2
Event: 2.304 Thread 0x00007f74c0017800 DEOPT PACKING pc=0x00007f74b02f11a8 sp=0x00007f74c4fe0370
Event: 2.304 Thread 0x00007f74c0017800 DEOPT UNPACKING pc=0x00007f74a88052a5 sp=0x00007f74c4fe02b8 mode 2
Event: 2.304 Thread 0x00007f74c0017800 Uncommon trap: trap_request=0xffffff4d fr.pc=0x00007f74b02f053c relative=0x000000000000011c
Event: 2.304 Thread 0x00007f74c0017800 Uncommon trap: reason=unstable_if action=reinterpret pc=0x00007f74b02f053c method=java.lang.Integer.getChars(II[B)I @ 25 c2
Event: 2.304 Thread 0x00007f74c0017800 DEOPT PACKING pc=0x00007f74b02f053c sp=0x00007f74c4fe02f0
Event: 2.304 Thread 0x00007f74c0017800 DEOPT UNPACKING pc=0x00007f74a88052a5 sp=0x00007f74c4fe02a8 mode 2

Classes redefined (0 events):
No events

Internal exceptions (20 events):
Event: 1.384 Thread 0x00007f74c0017800 Exception <a 'java/security/PrivilegedActionException'{0x0000000747107850}> (0x0000000747107850) thrown at [src/hotspot/share/prims/jvm.cpp, line 1304]
Event: 1.384 Thread 0x00007f74c0017800 Exception <a 'java/security/PrivilegedActionException'{0x0000000747107b20}> (0x0000000747107b20) thrown at [src/hotspot/share/prims/jvm.cpp, line 1304]
Event: 1.384 Thread 0x00007f74c0017800 Exception <a 'java/security/PrivilegedActionException'{0x00000007471085e8}> (0x00000007471085e8) thrown at [src/hotspot/share/prims/jvm.cpp, line 1304]
Event: 1.384 Thread 0x00007f74c0017800 Exception <a 'java/security/PrivilegedActionException'{0x00000007471088b8}> (0x00000007471088b8) thrown at [src/hotspot/share/prims/jvm.cpp, line 1304]
Event: 1.384 Thread 0x00007f74c0017800 Exception <a 'java/security/PrivilegedActionException'{0x0000000747109388}> (0x0000000747109388) thrown at [src/hotspot/share/prims/jvm.cpp, line 1304]
Event: 1.384 Thread 0x00007f74c0017800 Exception <a 'java/security/PrivilegedActionException'{0x0000000747109658}> (0x0000000747109658) thrown at [src/hotspot/share/prims/jvm.cpp, line 1304]
Event: 1.384 Thread 0x00007f74c0017800 Exception <a 'java/security/PrivilegedActionException'{0x000000074710a128}> (0x000000074710a128) thrown at [src/hotspot/share/prims/jvm.cpp, line 1304]
Event: 1.384 Thread 0x00007f74c0017800 Exception <a 'java/security/PrivilegedActionException'{0x000000074710a3f8}> (0x000000074710a3f8) thrown at [src/hotspot/share/prims/jvm.cpp, line 1304]
Event: 1.384 Thread 0x00007f74c0017800 Exception <a 'java/security/PrivilegedActionException'{0x000000074710aee8}> (0x000000074710aee8) thrown at [src/hotspot/share/prims/jvm.cpp, line 1304]
Event: 1.384 Thread 0x00007f74c0017800 Exception <a 'java/security/PrivilegedActionException'{0x000000074710b1b8}> (0x000000074710b1b8) thrown at [src/hotspot/share/prims/jvm.cpp, line 1304]
Event: 1.384 Thread 0x00007f74c0017800 Exception <a 'java/security/PrivilegedActionException'{0x000000074710bc88}> (0x000000074710bc88) thrown at [src/hotspot/share/prims/jvm.cpp, line 1304]
Event: 1.384 Thread 0x00007f74c0017800 Exception <a 'java/security/PrivilegedActionException'{0x000000074710bf58}> (0x000000074710bf58) thrown at [src/hotspot/share/prims/jvm.cpp, line 1304]
Event: 1.384 Thread 0x00007f74c0017800 Exception <a 'java/security/PrivilegedActionException'{0x000000074710ca50}> (0x000000074710ca50) thrown at [src/hotspot/share/prims/jvm.cpp, line 1304]
Event: 1.384 Thread 0x00007f74c0017800 Exception <a 'java/security/PrivilegedActionException'{0x000000074710cd20}> (0x000000074710cd20) thrown at [src/hotspot/share/prims/jvm.cpp, line 1304]
Event: 1.486 Thread 0x00007f74c0017800 Exception <a 'java/lang/NoSuchMethodError'{0x0000000747096a80}: 'int java.lang.invoke.DirectMethodHandle$Holder.invokeStaticInit(java.lang.Object, java.lang.Object, java.lang.Object, java.lang.Object)'> (0x0000000747096a80) thrown at [src/hotspot/share/interpreter/linkResolver.cpp, line 772]
Event: 1.489 Thread 0x00007f74c0017800 Exception <a 'java/lang/IncompatibleClassChangeError'{0x00000007470a0f68}: Found class java.lang.Object, but interface was expected> (0x00000007470a0f68) thrown at [src/hotspot/share/interpreter/linkResolver.cpp, line 839]
Event: 1.490 Thread 0x00007f74c0017800 Exception <a 'java/lang/NoSuchMethodError'{0x00000007470a41b8}: 'void java.lang.invoke.DirectMethodHandle$Holder.invokeStaticInit(java.lang.Object, java.lang.Object)'> (0x00000007470a41b8) thrown at [src/hotspot/share/interpreter/linkResolver.cpp, line 772]
Event: 1.493 Thread 0x00007f74c0017800 Exception <a 'java/lang/NoSuchMethodError'{0x00000007470a9ea8}: 'int java.lang.invoke.DirectMethodHandle$Holder.invokeStaticInit(java.lang.Object, java.lang.Object)'> (0x00000007470a9ea8) thrown at [src/hotspot/share/interpreter/linkResolver.cpp, line 772]
Event: 1.563 Thread 0x00007f74c0017800 Exception <a 'java/security/PrivilegedActionException'{0x0000000746e30a98}> (0x0000000746e30a98) thrown at [src/hotspot/share/prims/jvm.cpp, line 1304]
Event: 1.563 Thread 0x00007f74c0017800 Exception <a 'java/security/PrivilegedActionException'{0x0000000746e30d68}> (0x0000000746e30d68) thrown at [src/hotspot/share/prims/jvm.cpp, line 1304]

Events (20 events):
Event: 15.042 Executing VM operation: GetFrameCount
Event: 15.042 Executing VM operation: GetFrameCount done
Event: 15.042 Executing VM operation: GetStackTrace
Event: 15.042 Executing VM operation: GetStackTrace done
Event: 15.683 Executing VM operation: GetFrameCount
Event: 15.683 Executing VM operation: GetFrameCount done
Event: 15.683 Executing VM operation: SetFramePop
Event: 15.683 Executing VM operation: SetFramePop done
Event: 15.683 Executing VM operation: GetFrameLocation
Event: 15.683 Executing VM operation: GetFrameLocation done
Event: 15.684 Executing VM operation: GetCurrentLocation
Event: 15.684 Executing VM operation: GetCurrentLocation done
Event: 15.684 Executing VM operation: ChangeSingleStep
Event: 15.684 Executing VM operation: ChangeSingleStep done
Event: 15.684 Executing VM operation: ChangeSingleStep
Event: 15.684 Executing VM operation: ChangeSingleStep done
Event: 15.684 Executing VM operation: GetCurrentLocation
Event: 15.684 Executing VM operation: GetCurrentLocation done
Event: 15.684 Executing VM operation: ChangeSingleStep
Event: 15.684 Executing VM operation: ChangeSingleStep done


Dynamic libraries:
73b000000-747600000 rw-p 00000000 00:00 0 
747600000-7bfe00000 ---p 00000000 00:00 0 
7bfe00000-7bfe48000 rw-p 00b0a000 08:10 51914                            /usr/lib/jvm/java-11-openjdk-amd64/lib/server/classes.jsa
7bfe48000-7bff00000 rw-p 00000000 00:00 0 
7bff00000-7bff6b000 rw-p 00a9f000 08:10 51914                            /usr/lib/jvm/java-11-openjdk-amd64/lib/server/classes.jsa
7bff6b000-7c0000000 rw-p 00000000 00:00 0 
7c0000000-800000000 ---p 00000000 00:00 0 
800000000-800002000 rwxp 00001000 08:10 51914                            /usr/lib/jvm/java-11-openjdk-amd64/lib/server/classes.jsa
800002000-800a9e000 rw-p 00003000 08:10 51914                            /usr/lib/jvm/java-11-openjdk-amd64/lib/server/classes.jsa
840000000-8400c0000 rw-p 00000000 00:00 0 
8400c0000-880000000 ---p 00000000 00:00 0 
55c7c7294000-55c7c7295000 r--p 00000000 08:10 51492                      /usr/lib/jvm/java-11-openjdk-amd64/bin/java
55c7c7295000-55c7c7296000 r-xp 00001000 08:10 51492                      /usr/lib/jvm/java-11-openjdk-amd64/bin/java
55c7c7296000-55c7c7297000 r--p 00002000 08:10 51492                      /usr/lib/jvm/java-11-openjdk-amd64/bin/java
55c7c7297000-55c7c7298000 r--p 00002000 08:10 51492                      /usr/lib/jvm/java-11-openjdk-amd64/bin/java
55c7c7298000-55c7c7299000 rw-p 00003000 08:10 51492                      /usr/lib/jvm/java-11-openjdk-amd64/bin/java
55c7c8ea8000-55c7c8ec9000 rw-p 00000000 00:00 0                          [heap]
7f7440000000-7f7440038000 rw-p 00000000 00:00 0 
7f7440038000-7f7444000000 ---p 00000000 00:00 0 
7f744552c000-7f7445e52000 r--p 00000000 08:10 59050                      /root/.javacpp/cache/llvm-13.0.1-1.5.7-linux-x86_64.jar/org/bytedeco/llvm/linux-x86_64/libLLVM-13.so
7f7445e52000-7f7449815000 r-xp 00926000 08:10 59050                      /root/.javacpp/cache/llvm-13.0.1-1.5.7-linux-x86_64.jar/org/bytedeco/llvm/linux-x86_64/libLLVM-13.so
7f7449815000-7f744ba6a000 r--p 042e9000 08:10 59050                      /root/.javacpp/cache/llvm-13.0.1-1.5.7-linux-x86_64.jar/org/bytedeco/llvm/linux-x86_64/libLLVM-13.so
7f744ba6a000-7f744bf7f000 r--p 0653d000 08:10 59050                      /root/.javacpp/cache/llvm-13.0.1-1.5.7-linux-x86_64.jar/org/bytedeco/llvm/linux-x86_64/libLLVM-13.so
7f744bf7f000-7f744bf8a000 rw-p 06a52000 08:10 59050                      /root/.javacpp/cache/llvm-13.0.1-1.5.7-linux-x86_64.jar/org/bytedeco/llvm/linux-x86_64/libLLVM-13.so
7f744bf8a000-7f744c000000 rw-p 00000000 00:00 0 
7f744c000000-7f744c021000 rw-p 00000000 00:00 0 
7f744c021000-7f7450000000 ---p 00000000 00:00 0 
7f7450000000-7f745007b000 rw-p 00000000 00:00 0 
7f745007b000-7f7454000000 ---p 00000000 00:00 0 
7f7454000000-7f7454021000 rw-p 00000000 00:00 0 
7f7454021000-7f7458000000 ---p 00000000 00:00 0 
7f7458000000-7f7458021000 rw-p 00000000 00:00 0 
7f7458021000-7f745c000000 ---p 00000000 00:00 0 
7f745c000000-7f745c021000 rw-p 00000000 00:00 0 
7f745c021000-7f7460000000 ---p 00000000 00:00 0 
7f7460000000-7f7460021000 rw-p 00000000 00:00 0 
7f7460021000-7f7464000000 ---p 00000000 00:00 0 
7f7464000000-7f7464021000 rw-p 00000000 00:00 0 
7f7464021000-7f7468000000 ---p 00000000 00:00 0 
7f7468000000-7f7468022000 rw-p 00000000 00:00 0 
7f7468022000-7f746c000000 ---p 00000000 00:00 0 
7f746c000000-7f746c2c3000 rw-p 00000000 00:00 0 
7f746c2c3000-7f7470000000 ---p 00000000 00:00 0 
7f7470000000-7f74704bf000 rw-p 00000000 00:00 0 
7f74704bf000-7f7474000000 ---p 00000000 00:00 0 
7f7474000000-7f7474021000 rw-p 00000000 00:00 0 
7f7474021000-7f7478000000 ---p 00000000 00:00 0 
7f7478000000-7f7478021000 rw-p 00000000 00:00 0 
7f7478021000-7f747c000000 ---p 00000000 00:00 0 
7f747c000000-7f747c021000 rw-p 00000000 00:00 0 
7f747c021000-7f7480000000 ---p 00000000 00:00 0 
7f7480000000-7f7480021000 rw-p 00000000 00:00 0 
7f7480021000-7f7484000000 ---p 00000000 00:00 0 
7f7484000000-7f7484021000 rw-p 00000000 00:00 0 
7f7484021000-7f7488000000 ---p 00000000 00:00 0 
7f7488000000-7f7488021000 rw-p 00000000 00:00 0 
7f7488021000-7f748c000000 ---p 00000000 00:00 0 
7f748c000000-7f748c021000 rw-p 00000000 00:00 0 
7f748c021000-7f7490000000 ---p 00000000 00:00 0 
7f7490000000-7f7490021000 rw-p 00000000 00:00 0 
7f7490021000-7f7494000000 ---p 00000000 00:00 0 
7f74949dd000-7f7494a42000 r--p 00000000 08:10 59056                      /root/.javacpp/cache/llvm-13.0.1-1.5.7-linux-x86_64.jar/org/bytedeco/llvm/linux-x86_64/libjniLLVM.so
7f7494a42000-7f7494ab0000 r-xp 00065000 08:10 59056                      /root/.javacpp/cache/llvm-13.0.1-1.5.7-linux-x86_64.jar/org/bytedeco/llvm/linux-x86_64/libjniLLVM.so
7f7494ab0000-7f7494adb000 r--p 000d3000 08:10 59056                      /root/.javacpp/cache/llvm-13.0.1-1.5.7-linux-x86_64.jar/org/bytedeco/llvm/linux-x86_64/libjniLLVM.so
7f7494adb000-7f7494ade000 r--p 000fd000 08:10 59056                      /root/.javacpp/cache/llvm-13.0.1-1.5.7-linux-x86_64.jar/org/bytedeco/llvm/linux-x86_64/libjniLLVM.so
7f7494ade000-7f7494ae1000 rw-p 00100000 08:10 59056                      /root/.javacpp/cache/llvm-13.0.1-1.5.7-linux-x86_64.jar/org/bytedeco/llvm/linux-x86_64/libjniLLVM.so
7f7494ae1000-7f7494ae3000 rw-p 00000000 00:00 0 
7f7494ae3000-7f7494ae7000 ---p 00000000 00:00 0 
7f7494ae7000-7f7494be4000 rw-p 00000000 00:00 0 
7f7494be4000-7f7494be8000 ---p 00000000 00:00 0 
7f7494be8000-7f7494ce5000 rw-p 00000000 00:00 0 
7f7494ce5000-7f7494ce9000 ---p 00000000 00:00 0 
7f7494ce9000-7f7494e17000 rw-p 00000000 00:00 0 
7f7494e17000-7f7494e1b000 ---p 00000000 00:00 0 
7f7494e1b000-7f7494f18000 rw-p 00000000 00:00 0 
7f7494f18000-7f7494f19000 ---p 00000000 00:00 0 
7f7494f19000-7f749501a000 rw-p 00000000 00:00 0 
7f749501a000-7f749501e000 ---p 00000000 00:00 0 
7f749501e000-7f749511b000 rw-p 00000000 00:00 0 
7f749511b000-7f749511f000 ---p 00000000 00:00 0 
7f749511f000-7f749521c000 rw-p 00000000 00:00 0 
7f749521c000-7f7495220000 ---p 00000000 00:00 0 
7f7495220000-7f749531d000 rw-p 00000000 00:00 0 
7f749531d000-7f7495321000 ---p 00000000 00:00 0 
7f7495321000-7f749541e000 rw-p 00000000 00:00 0 
7f749541e000-7f7495422000 ---p 00000000 00:00 0 
7f7495422000-7f749551f000 rw-p 00000000 00:00 0 
7f749551f000-7f7495523000 ---p 00000000 00:00 0 
7f7495523000-7f7495620000 rw-p 00000000 00:00 0 
7f7495620000-7f7495624000 ---p 00000000 00:00 0 
7f7495624000-7f7495721000 rw-p 00000000 00:00 0 
7f7495721000-7f7495725000 ---p 00000000 00:00 0 
7f7495725000-7f7495822000 rw-p 00000000 00:00 0 
7f7495822000-7f7495995000 r--p 00000000 08:10 37759                      /usr/lib/locale/C.UTF-8/LC_COLLATE
7f7495995000-7f7495c7b000 r--p 00000000 08:10 37757                      /usr/lib/locale/locale-archive
7f7495c7b000-7f7495c7f000 ---p 00000000 00:00 0 
7f7495c7f000-7f7495d7c000 rw-p 00000000 00:00 0 
7f7495d7c000-7f7495d80000 ---p 00000000 00:00 0 
7f7495d80000-7f7495e7d000 rw-p 00000000 00:00 0 
7f7495e7d000-7f7495e7e000 ---p 00000000 00:00 0 
7f7495e7e000-7f7498000000 rw-p 00000000 00:00 0 
7f7498000000-7f7498021000 rw-p 00000000 00:00 0 
7f7498021000-7f749c000000 ---p 00000000 00:00 0 
7f749c001000-7f749c008000 r--p 00000000 08:10 59052                      /root/.javacpp/cache/llvm-13.0.1-1.5.7-linux-x86_64.jar/org/bytedeco/llvm/linux-x86_64/libLTO.so.13
7f749c008000-7f749c010000 r-xp 00007000 08:10 59052                      /root/.javacpp/cache/llvm-13.0.1-1.5.7-linux-x86_64.jar/org/bytedeco/llvm/linux-x86_64/libLTO.so.13
7f749c010000-7f749c012000 r--p 0000f000 08:10 59052                      /root/.javacpp/cache/llvm-13.0.1-1.5.7-linux-x86_64.jar/org/bytedeco/llvm/linux-x86_64/libLTO.so.13
7f749c012000-7f749c013000 r--p 00010000 08:10 59052                      /root/.javacpp/cache/llvm-13.0.1-1.5.7-linux-x86_64.jar/org/bytedeco/llvm/linux-x86_64/libLTO.so.13
7f749c013000-7f749c014000 rw-p 00011000 08:10 59052                      /root/.javacpp/cache/llvm-13.0.1-1.5.7-linux-x86_64.jar/org/bytedeco/llvm/linux-x86_64/libLTO.so.13
7f749c014000-7f749c018000 r--p 00000000 08:10 59044                      /root/.javacpp/cache/javacpp-1.5.7-linux-x86_64.jar/org/bytedeco/javacpp/linux-x86_64/libjnijavacpp.so
7f749c018000-7f749c01f000 r-xp 00004000 08:10 59044                      /root/.javacpp/cache/javacpp-1.5.7-linux-x86_64.jar/org/bytedeco/javacpp/linux-x86_64/libjnijavacpp.so
7f749c01f000-7f749c023000 r--p 0000b000 08:10 59044                      /root/.javacpp/cache/javacpp-1.5.7-linux-x86_64.jar/org/bytedeco/javacpp/linux-x86_64/libjnijavacpp.so
7f749c023000-7f749c024000 r--p 0000e000 08:10 59044                      /root/.javacpp/cache/javacpp-1.5.7-linux-x86_64.jar/org/bytedeco/javacpp/linux-x86_64/libjnijavacpp.so
7f749c024000-7f749c025000 rw-p 0000f000 08:10 59044                      /root/.javacpp/cache/javacpp-1.5.7-linux-x86_64.jar/org/bytedeco/javacpp/linux-x86_64/libjnijavacpp.so
7f749c025000-7f749c5e5000 rw-p 00000000 00:00 0 
7f749c5e5000-7f749c825000 ---p 00000000 00:00 0 
7f749c825000-7f749c826000 ---p 00000000 00:00 0 
7f749c826000-7f749c927000 rw-p 00000000 00:00 0 
7f749c927000-7f749c928000 ---p 00000000 00:00 0 
7f749c928000-7f749d448000 rw-p 00000000 00:00 0 
7f749d448000-7f749f268000 ---p 00000000 00:00 0 
7f749f268000-7f749f270000 rw-p 00000000 00:00 0 
7f749f270000-7f74a0270000 ---p 00000000 00:00 0 
7f74a0270000-7f74a0588000 rw-p 00000000 00:00 0 
7f74a0588000-7f74a23a8000 ---p 00000000 00:00 0 
7f74a23a8000-7f74a23b0000 rw-p 00000000 00:00 0 
7f74a23b0000-7f74a33b0000 ---p 00000000 00:00 0 
7f74a33b0000-7f74a3413000 rw-p 00000000 00:00 0 
7f74a3413000-7f74a37d7000 ---p 00000000 00:00 0 
7f74a37d7000-7f74a37d8000 rw-p 00000000 00:00 0 
7f74a37d8000-7f74a39d8000 ---p 00000000 00:00 0 
7f74a39d8000-7f74a3a3b000 rw-p 00000000 00:00 0 
7f74a3a3b000-7f74a3dff000 ---p 00000000 00:00 0 
7f74a3dff000-7f74a3e00000 rw-p 00000000 00:00 0 
7f74a3e00000-7f74a4000000 ---p 00000000 00:00 0 
7f74a4000000-7f74a4021000 rw-p 00000000 00:00 0 
7f74a4021000-7f74a8000000 ---p 00000000 00:00 0 
7f74a8007000-7f74a8008000 r--p 00000000 08:10 59054                      /root/.javacpp/cache/llvm-13.0.1-1.5.7-linux-x86_64.jar/org/bytedeco/llvm/linux-x86_64/libRemarks.so.13
7f74a8008000-7f74a8009000 r-xp 00001000 08:10 59054                      /root/.javacpp/cache/llvm-13.0.1-1.5.7-linux-x86_64.jar/org/bytedeco/llvm/linux-x86_64/libRemarks.so.13
7f74a8009000-7f74a800a000 r--p 00002000 08:10 59054                      /root/.javacpp/cache/llvm-13.0.1-1.5.7-linux-x86_64.jar/org/bytedeco/llvm/linux-x86_64/libRemarks.so.13
7f74a800a000-7f74a800b000 r--p 00002000 08:10 59054                      /root/.javacpp/cache/llvm-13.0.1-1.5.7-linux-x86_64.jar/org/bytedeco/llvm/linux-x86_64/libRemarks.so.13
7f74a800b000-7f74a800c000 rw-p 00003000 08:10 59054                      /root/.javacpp/cache/llvm-13.0.1-1.5.7-linux-x86_64.jar/org/bytedeco/llvm/linux-x86_64/libRemarks.so.13
7f74a800c000-7f74a8010000 r--p 00000000 08:10 51641                      /usr/lib/jvm/java-11-openjdk-amd64/lib/libnet.so
7f74a8010000-7f74a801e000 r-xp 00004000 08:10 51641                      /usr/lib/jvm/java-11-openjdk-amd64/lib/libnet.so
7f74a801e000-7f74a8022000 r--p 00012000 08:10 51641                      /usr/lib/jvm/java-11-openjdk-amd64/lib/libnet.so
7f74a8022000-7f74a8023000 r--p 00015000 08:10 51641                      /usr/lib/jvm/java-11-openjdk-amd64/lib/libnet.so
7f74a8023000-7f74a8024000 rw-p 00016000 08:10 51641                      /usr/lib/jvm/java-11-openjdk-amd64/lib/libnet.so
7f74a8024000-7f74a802b000 r--p 00000000 08:10 51642                      /usr/lib/jvm/java-11-openjdk-amd64/lib/libnio.so
7f74a802b000-7f74a8033000 r-xp 00007000 08:10 51642                      /usr/lib/jvm/java-11-openjdk-amd64/lib/libnio.so
7f74a8033000-7f74a8036000 r--p 0000f000 08:10 51642                      /usr/lib/jvm/java-11-openjdk-amd64/lib/libnio.so
7f74a8036000-7f74a8037000 r--p 00011000 08:10 51642                      /usr/lib/jvm/java-11-openjdk-amd64/lib/libnio.so
7f74a8037000-7f74a8038000 rw-p 00012000 08:10 51642                      /usr/lib/jvm/java-11-openjdk-amd64/lib/libnio.so
7f74a8038000-7f74a803a000 r--p 00000000 08:10 51622                      /usr/lib/jvm/java-11-openjdk-amd64/lib/libdt_socket.so
7f74a803a000-7f74a803d000 r-xp 00002000 08:10 51622                      /usr/lib/jvm/java-11-openjdk-amd64/lib/libdt_socket.so
7f74a803d000-7f74a803e000 r--p 00005000 08:10 51622                      /usr/lib/jvm/java-11-openjdk-amd64/lib/libdt_socket.so
7f74a803e000-7f74a803f000 ---p 00006000 08:10 51622                      /usr/lib/jvm/java-11-openjdk-amd64/lib/libdt_socket.so
7f74a803f000-7f74a8040000 r--p 00006000 08:10 51622                      /usr/lib/jvm/java-11-openjdk-amd64/lib/libdt_socket.so
7f74a8040000-7f74a8041000 rw-p 00007000 08:10 51622                      /usr/lib/jvm/java-11-openjdk-amd64/lib/libdt_socket.so
7f74a8041000-7f74a8073000 r--p 00000000 08:10 37760                      /usr/lib/locale/C.UTF-8/LC_CTYPE
7f74a8073000-7f74a8074000 r--p 00000000 08:10 37766                      /usr/lib/locale/C.UTF-8/LC_NUMERIC
7f74a8074000-7f74a8075000 r--p 00000000 08:10 37769                      /usr/lib/locale/C.UTF-8/LC_TIME
7f74a8075000-7f74a8076000 r--p 00000000 08:10 37764                      /usr/lib/locale/C.UTF-8/LC_MONETARY
7f74a8076000-7f74a8077000 r--p 00000000 08:10 37770                      /usr/lib/locale/C.UTF-8/LC_MESSAGES/SYS_LC_MESSAGES
7f74a8077000-7f74a8078000 r--p 00000000 08:10 37767                      /usr/lib/locale/C.UTF-8/LC_PAPER
7f74a8078000-7f74a8079000 r--p 00000000 08:10 37765                      /usr/lib/locale/C.UTF-8/LC_NAME
7f74a8079000-7f74a8238000 rw-p 00000000 00:00 0 
7f74a8238000-7f74a85fc000 ---p 00000000 00:00 0 
7f74a85fc000-7f74a85fd000 rw-p 00000000 00:00 0 
7f74a85fd000-7f74a87fd000 ---p 00000000 00:00 0 
7f74a87fd000-7f74a8a6d000 rwxp 00000000 00:00 0 
7f74a8a6d000-7f74a8d8e000 ---p 00000000 00:00 0 
7f74a8d8e000-7f74a8ffe000 rwxp 00000000 00:00 0 
7f74a8ffe000-7f74b02c5000 ---p 00000000 00:00 0 
7f74b02c5000-7f74b0535000 rwxp 00000000 00:00 0 
7f74b0535000-7f74b77fd000 ---p 00000000 00:00 0 
7f74b77fd000-7f74c0000000 r--s 00000000 08:10 51651                      /usr/lib/jvm/java-11-openjdk-amd64/lib/modules
7f74c0000000-7f74c04fe000 rw-p 00000000 00:00 0 
7f74c04fe000-7f74c4000000 ---p 00000000 00:00 0 
7f74c4000000-7f74c4001000 r--p 00000000 08:10 37758                      /usr/lib/locale/C.UTF-8/LC_ADDRESS
7f74c4001000-7f74c4002000 r--p 00000000 08:10 37768                      /usr/lib/locale/C.UTF-8/LC_TELEPHONE
7f74c4002000-7f74c4009000 r--s 00000000 08:10 28968                      /usr/lib/x86_64-linux-gnu/gconv/gconv-modules.cache
7f74c4009000-7f74c4073000 rw-p 00000000 00:00 0 
7f74c4073000-7f74c4074000 ---p 00000000 00:00 0 
7f74c4074000-7f74c4175000 rw-p 00000000 00:00 0 
7f74c4175000-7f74c4176000 ---p 00000000 00:00 0 
7f74c4176000-7f74c4b4b000 rw-p 00000000 00:00 0 
7f74c4b4b000-7f74c4b4c000 ---p 00000000 00:00 0 
7f74c4b4c000-7f74c4c52000 rw-p 00000000 00:00 0 
7f74c4c52000-7f74c4d38000 ---p 00000000 00:00 0 
7f74c4d38000-7f74c4d3d000 rw-p 00000000 00:00 0 
7f74c4d3d000-7f74c4e23000 ---p 00000000 00:00 0 
7f74c4e23000-7f74c4e28000 rw-p 00000000 00:00 0 
7f74c4e28000-7f74c4e2f000 ---p 00000000 00:00 0 
7f74c4e2f000-7f74c4e31000 r--p 00000000 08:10 51650                      /usr/lib/jvm/java-11-openjdk-amd64/lib/libzip.so
7f74c4e31000-7f74c4e36000 r-xp 00002000 08:10 51650                      /usr/lib/jvm/java-11-openjdk-amd64/lib/libzip.so
7f74c4e36000-7f74c4e38000 r--p 00007000 08:10 51650                      /usr/lib/jvm/java-11-openjdk-amd64/lib/libzip.so
7f74c4e38000-7f74c4e39000 r--p 00008000 08:10 51650                      /usr/lib/jvm/java-11-openjdk-amd64/lib/libzip.so
7f74c4e39000-7f74c4e3a000 rw-p 00009000 08:10 51650                      /usr/lib/jvm/java-11-openjdk-amd64/lib/libzip.so
7f74c4e3a000-7f74c4e3d000 r--p 00000000 08:10 27115                      /usr/lib/x86_64-linux-gnu/libnss_files-2.31.so
7f74c4e3d000-7f74c4e44000 r-xp 00003000 08:10 27115                      /usr/lib/x86_64-linux-gnu/libnss_files-2.31.so
7f74c4e44000-7f74c4e46000 r--p 0000a000 08:10 27115                      /usr/lib/x86_64-linux-gnu/libnss_files-2.31.so
7f74c4e46000-7f74c4e47000 r--p 0000b000 08:10 27115                      /usr/lib/x86_64-linux-gnu/libnss_files-2.31.so
7f74c4e47000-7f74c4e48000 rw-p 0000c000 08:10 27115                      /usr/lib/x86_64-linux-gnu/libnss_files-2.31.so
7f74c4e48000-7f74c4e4e000 rw-p 00000000 00:00 0 
7f74c4e4e000-7f74c4e4f000 r--p 00000000 08:10 37762                      /usr/lib/locale/C.UTF-8/LC_MEASUREMENT
7f74c4e4f000-7f74c4e51000 r--s 0000c000 08:10 23045                      /usr/share/java/java-atk-wrapper.jar
7f74c4e51000-7f74c4e59000 rw-s 00000000 08:10 59087                      /tmp/hsperfdata_root/21708
7f74c4e59000-7f74c4e5b000 r--p 00000000 08:10 51632                      /usr/lib/jvm/java-11-openjdk-amd64/lib/libjdwp.so
7f74c4e5b000-7f74c4e87000 r-xp 00002000 08:10 51632                      /usr/lib/jvm/java-11-openjdk-amd64/lib/libjdwp.so
7f74c4e87000-7f74c4e95000 r--p 0002e000 08:10 51632                      /usr/lib/jvm/java-11-openjdk-amd64/lib/libjdwp.so
7f74c4e95000-7f74c4e96000 r--p 0003b000 08:10 51632                      /usr/lib/jvm/java-11-openjdk-amd64/lib/libjdwp.so
7f74c4e96000-7f74c4e97000 rw-p 0003c000 08:10 51632                      /usr/lib/jvm/java-11-openjdk-amd64/lib/libjdwp.so
7f74c4e97000-7f74c4ea5000 r--p 00000000 08:10 51630                      /usr/lib/jvm/java-11-openjdk-amd64/lib/libjava.so
7f74c4ea5000-7f74c4ebb000 r-xp 0000e000 08:10 51630                      /usr/lib/jvm/java-11-openjdk-amd64/lib/libjava.so
7f74c4ebb000-7f74c4ec2000 r--p 00024000 08:10 51630                      /usr/lib/jvm/java-11-openjdk-amd64/lib/libjava.so
7f74c4ec2000-7f74c4ec3000 r--p 0002a000 08:10 51630                      /usr/lib/jvm/java-11-openjdk-amd64/lib/libjava.so
7f74c4ec3000-7f74c4ec4000 rw-p 0002b000 08:10 51630                      /usr/lib/jvm/java-11-openjdk-amd64/lib/libjava.so
7f74c4ec4000-7f74c4ec5000 rw-p 00000000 00:00 0 
7f74c4ec5000-7f74c4eca000 r--p 00000000 08:10 51649                      /usr/lib/jvm/java-11-openjdk-amd64/lib/libverify.so
7f74c4eca000-7f74c4ed1000 r-xp 00005000 08:10 51649                      /usr/lib/jvm/java-11-openjdk-amd64/lib/libverify.so
7f74c4ed1000-7f74c4ed3000 r--p 0000c000 08:10 51649                      /usr/lib/jvm/java-11-openjdk-amd64/lib/libverify.so
7f74c4ed3000-7f74c4ed4000 ---p 0000e000 08:10 51649                      /usr/lib/jvm/java-11-openjdk-amd64/lib/libverify.so
7f74c4ed4000-7f74c4ed6000 r--p 0000e000 08:10 51649                      /usr/lib/jvm/java-11-openjdk-amd64/lib/libverify.so
7f74c4ed6000-7f74c4ed7000 rw-p 00010000 08:10 51649                      /usr/lib/jvm/java-11-openjdk-amd64/lib/libverify.so
7f74c4ed7000-7f74c4eda000 r--p 00000000 08:10 27205                      /usr/lib/x86_64-linux-gnu/librt-2.31.so
7f74c4eda000-7f74c4ede000 r-xp 00003000 08:10 27205                      /usr/lib/x86_64-linux-gnu/librt-2.31.so
7f74c4ede000-7f74c4edf000 r--p 00007000 08:10 27205                      /usr/lib/x86_64-linux-gnu/librt-2.31.so
7f74c4edf000-7f74c4ee0000 ---p 00008000 08:10 27205                      /usr/lib/x86_64-linux-gnu/librt-2.31.so
7f74c4ee0000-7f74c4ee1000 r--p 00008000 08:10 27205                      /usr/lib/x86_64-linux-gnu/librt-2.31.so
7f74c4ee1000-7f74c4ee2000 rw-p 00009000 08:10 27205                      /usr/lib/x86_64-linux-gnu/librt-2.31.so
7f74c4ee2000-7f74c4ee6000 ---p 00000000 00:00 0 
7f74c4ee6000-7f74c4fe3000 rw-p 00000000 00:00 0 
7f74c4fe3000-7f74c4fe6000 r--p 00000000 08:10 26920                      /usr/lib/x86_64-linux-gnu/libgcc_s.so.1
7f74c4fe6000-7f74c4ff8000 r-xp 00003000 08:10 26920                      /usr/lib/x86_64-linux-gnu/libgcc_s.so.1
7f74c4ff8000-7f74c4ffc000 r--p 00015000 08:10 26920                      /usr/lib/x86_64-linux-gnu/libgcc_s.so.1
7f74c4ffc000-7f74c4ffd000 r--p 00018000 08:10 26920                      /usr/lib/x86_64-linux-gnu/libgcc_s.so.1
7f74c4ffd000-7f74c4ffe000 rw-p 00019000 08:10 26920                      /usr/lib/x86_64-linux-gnu/libgcc_s.so.1
7f74c4ffe000-7f74c500d000 r--p 00000000 08:10 27062                      /usr/lib/x86_64-linux-gnu/libm-2.31.so
7f74c500d000-7f74c50b4000 r-xp 0000f000 08:10 27062                      /usr/lib/x86_64-linux-gnu/libm-2.31.so
7f74c50b4000-7f74c514b000 r--p 000b6000 08:10 27062                      /usr/lib/x86_64-linux-gnu/libm-2.31.so
7f74c514b000-7f74c514c000 r--p 0014c000 08:10 27062                      /usr/lib/x86_64-linux-gnu/libm-2.31.so
7f74c514c000-7f74c514d000 rw-p 0014d000 08:10 27062                      /usr/lib/x86_64-linux-gnu/libm-2.31.so
7f74c514d000-7f74c51e3000 r--p 00000000 08:10 27246                      /usr/lib/x86_64-linux-gnu/libstdc++.so.6.0.28
7f74c51e3000-7f74c52d4000 r-xp 00096000 08:10 27246                      /usr/lib/x86_64-linux-gnu/libstdc++.so.6.0.28
7f74c52d4000-7f74c531d000 r--p 00187000 08:10 27246                      /usr/lib/x86_64-linux-gnu/libstdc++.so.6.0.28
7f74c531d000-7f74c531e000 ---p 001d0000 08:10 27246                      /usr/lib/x86_64-linux-gnu/libstdc++.so.6.0.28
7f74c531e000-7f74c5329000 r--p 001d0000 08:10 27246                      /usr/lib/x86_64-linux-gnu/libstdc++.so.6.0.28
7f74c5329000-7f74c532c000 rw-p 001db000 08:10 27246                      /usr/lib/x86_64-linux-gnu/libstdc++.so.6.0.28
7f74c532c000-7f74c532f000 rw-p 00000000 00:00 0 
7f74c532f000-7f74c55b1000 r--p 00000000 08:10 51656                      /usr/lib/jvm/java-11-openjdk-amd64/lib/server/libjvm.so
7f74c55b1000-7f74c623a000 r-xp 00282000 08:10 51656                      /usr/lib/jvm/java-11-openjdk-amd64/lib/server/libjvm.so
7f74c623a000-7f74c6497000 r--p 00f0b000 08:10 51656                      /usr/lib/jvm/java-11-openjdk-amd64/lib/server/libjvm.so
7f74c6497000-7f74c6498000 ---p 01168000 08:10 51656                      /usr/lib/jvm/java-11-openjdk-amd64/lib/server/libjvm.so
7f74c6498000-7f74c655c000 r--p 01168000 08:10 51656                      /usr/lib/jvm/java-11-openjdk-amd64/lib/server/libjvm.so
7f74c655c000-7f74c6597000 rw-p 0122c000 08:10 51656                      /usr/lib/jvm/java-11-openjdk-amd64/lib/server/libjvm.so
7f74c6597000-7f74c65f0000 rw-p 00000000 00:00 0 
7f74c65f0000-7f74c65f7000 r--p 00000000 08:10 27189                      /usr/lib/x86_64-linux-gnu/libpthread-2.31.so
7f74c65f7000-7f74c6608000 r-xp 00007000 08:10 27189                      /usr/lib/x86_64-linux-gnu/libpthread-2.31.so
7f74c6608000-7f74c660d000 r--p 00018000 08:10 27189                      /usr/lib/x86_64-linux-gnu/libpthread-2.31.so
7f74c660d000-7f74c660e000 r--p 0001c000 08:10 27189                      /usr/lib/x86_64-linux-gnu/libpthread-2.31.so
7f74c660e000-7f74c660f000 rw-p 0001d000 08:10 27189                      /usr/lib/x86_64-linux-gnu/libpthread-2.31.so
7f74c660f000-7f74c6613000 rw-p 00000000 00:00 0 
7f74c6613000-7f74c6614000 r--p 00000000 08:10 26843                      /usr/lib/x86_64-linux-gnu/libdl-2.31.so
7f74c6614000-7f74c6616000 r-xp 00001000 08:10 26843                      /usr/lib/x86_64-linux-gnu/libdl-2.31.so
7f74c6616000-7f74c6617000 r--p 00003000 08:10 26843                      /usr/lib/x86_64-linux-gnu/libdl-2.31.so
7f74c6617000-7f74c6618000 r--p 00003000 08:10 26843                      /usr/lib/x86_64-linux-gnu/libdl-2.31.so
7f74c6618000-7f74c6619000 rw-p 00004000 08:10 26843                      /usr/lib/x86_64-linux-gnu/libdl-2.31.so
7f74c6619000-7f74c661b000 r--p 00000000 08:10 27422                      /usr/lib/x86_64-linux-gnu/libz.so.1.2.11
7f74c661b000-7f74c662c000 r-xp 00002000 08:10 27422                      /usr/lib/x86_64-linux-gnu/libz.so.1.2.11
7f74c662c000-7f74c6632000 r--p 00013000 08:10 27422                      /usr/lib/x86_64-linux-gnu/libz.so.1.2.11
7f74c6632000-7f74c6633000 ---p 00019000 08:10 27422                      /usr/lib/x86_64-linux-gnu/libz.so.1.2.11
7f74c6633000-7f74c6634000 r--p 00019000 08:10 27422                      /usr/lib/x86_64-linux-gnu/libz.so.1.2.11
7f74c6634000-7f74c6635000 rw-p 0001a000 08:10 27422                      /usr/lib/x86_64-linux-gnu/libz.so.1.2.11
7f74c6635000-7f74c665a000 r--p 00000000 08:10 26805                      /usr/lib/x86_64-linux-gnu/libc-2.31.so
7f74c665a000-7f74c67d2000 r-xp 00025000 08:10 26805                      /usr/lib/x86_64-linux-gnu/libc-2.31.so
7f74c67d2000-7f74c681c000 r--p 0019d000 08:10 26805                      /usr/lib/x86_64-linux-gnu/libc-2.31.so
7f74c681c000-7f74c681d000 ---p 001e7000 08:10 26805                      /usr/lib/x86_64-linux-gnu/libc-2.31.so
7f74c681d000-7f74c6820000 r--p 001e7000 08:10 26805                      /usr/lib/x86_64-linux-gnu/libc-2.31.so
7f74c6820000-7f74c6823000 rw-p 001ea000 08:10 26805                      /usr/lib/x86_64-linux-gnu/libc-2.31.so
7f74c6823000-7f74c6827000 rw-p 00000000 00:00 0 
7f74c6827000-7f74c6828000 ---p 00000000 00:00 0 
7f74c6828000-7f74c6829000 r--p 00000000 00:00 0 
7f74c6829000-7f74c682b000 r--p 00000000 08:10 51633                      /usr/lib/jvm/java-11-openjdk-amd64/lib/libjimage.so
7f74c682b000-7f74c682e000 r-xp 00002000 08:10 51633                      /usr/lib/jvm/java-11-openjdk-amd64/lib/libjimage.so
7f74c682e000-7f74c682f000 r--p 00005000 08:10 51633                      /usr/lib/jvm/java-11-openjdk-amd64/lib/libjimage.so
7f74c682f000-7f74c6830000 ---p 00006000 08:10 51633                      /usr/lib/jvm/java-11-openjdk-amd64/lib/libjimage.so
7f74c6830000-7f74c6831000 r--p 00006000 08:10 51633                      /usr/lib/jvm/java-11-openjdk-amd64/lib/libjimage.so
7f74c6831000-7f74c6832000 rw-p 00007000 08:10 51633                      /usr/lib/jvm/java-11-openjdk-amd64/lib/libjimage.so
7f74c6832000-7f74c6835000 r--p 00000000 08:10 51615                      /usr/lib/jvm/java-11-openjdk-amd64/lib/jli/libjli.so
7f74c6835000-7f74c683f000 r-xp 00003000 08:10 51615                      /usr/lib/jvm/java-11-openjdk-amd64/lib/jli/libjli.so
7f74c683f000-7f74c6842000 r--p 0000d000 08:10 51615                      /usr/lib/jvm/java-11-openjdk-amd64/lib/jli/libjli.so
7f74c6842000-7f74c6843000 ---p 00010000 08:10 51615                      /usr/lib/jvm/java-11-openjdk-amd64/lib/jli/libjli.so
7f74c6843000-7f74c6844000 r--p 00010000 08:10 51615                      /usr/lib/jvm/java-11-openjdk-amd64/lib/jli/libjli.so
7f74c6844000-7f74c6845000 rw-p 00011000 08:10 51615                      /usr/lib/jvm/java-11-openjdk-amd64/lib/jli/libjli.so
7f74c6845000-7f74c6847000 rw-p 00000000 00:00 0 
7f74c6847000-7f74c6848000 r--p 00000000 08:10 26735                      /usr/lib/x86_64-linux-gnu/ld-2.31.so
7f74c6848000-7f74c686b000 r-xp 00001000 08:10 26735                      /usr/lib/x86_64-linux-gnu/ld-2.31.so
7f74c686b000-7f74c6873000 r--p 00024000 08:10 26735                      /usr/lib/x86_64-linux-gnu/ld-2.31.so
7f74c6873000-7f74c6874000 r--p 00000000 08:10 37761                      /usr/lib/locale/C.UTF-8/LC_IDENTIFICATION
7f74c6874000-7f74c6875000 r--p 0002c000 08:10 26735                      /usr/lib/x86_64-linux-gnu/ld-2.31.so
7f74c6875000-7f74c6876000 rw-p 0002d000 08:10 26735                      /usr/lib/x86_64-linux-gnu/ld-2.31.so
7f74c6876000-7f74c6877000 rw-p 00000000 00:00 0 
7ffdeec93000-7ffdeecb5000 rw-p 00000000 00:00 0                          [stack]
7ffdeed98000-7ffdeed9c000 r--p 00000000 00:00 0                          [vvar]
7ffdeed9c000-7ffdeed9d000 r-xp 00000000 00:00 0                          [vdso]


VM Arguments:
jvm_args: -agentlib:jdwp=transport=dt_socket,address=*:12345,suspend=y,server=y -Dfile.encoding=UTF-8 
java_command: Main ./tests/test1.sysy ./tests/test1_ans.txt
java_class_path (initial): /root/CompilerLab/Lab/target/classes:/usr/local/lib/antlr-4.10.1-complete.jar:/root/.m2/repository/org/bytedeco/llvm-platform/13.0.1-1.5.7/llvm-platform-13.0.1-1.5.7.jar:/root/.m2/repository/org/bytedeco/javacpp-platform/1.5.7/javacpp-platform-1.5.7.jar:/root/.m2/repository/org/bytedeco/javacpp/1.5.7/javacpp-1.5.7.jar:/root/.m2/repository/org/bytedeco/javacpp/1.5.7/javacpp-1.5.7-android-arm.jar:/root/.m2/repository/org/bytedeco/javacpp/1.5.7/javacpp-1.5.7-android-arm64.jar:/root/.m2/repository/org/bytedeco/javacpp/1.5.7/javacpp-1.5.7-android-x86.jar:/root/.m2/repository/org/bytedeco/javacpp/1.5.7/javacpp-1.5.7-android-x86_64.jar:/root/.m2/repository/org/bytedeco/javacpp/1.5.7/javacpp-1.5.7-ios-arm64.jar:/root/.m2/repository/org/bytedeco/javacpp/1.5.7/javacpp-1.5.7-ios-x86_64.jar:/root/.m2/repository/org/bytedeco/javacpp/1.5.7/javacpp-1.5.7-linux-armhf.jar:/root/.m2/repository/org/bytedeco/javacpp/1.5.7/javacpp-1.5.7-linux-arm64.jar:/root/.m2/repository/org/bytedeco/javacpp/1.5.7/javacpp-1.5.7-linux-ppc64le.jar:/root/.m2/repository/org/bytedeco/javacpp/1.5.7/javacpp-1.5.7-linux-x86.jar:/root/.m2/repository/org/bytedeco/javacpp/1.5.7/javacpp-1.5.7-linux-x86_64.jar:/root/.m2/repository/org/bytedeco/javacpp/1.5.7/javacpp-1.5.7-macosx-arm64.jar:/root/.m2/repository/org/bytedeco/javacpp/1.5.7/javacpp-1.5.7-macosx-x86_64.jar:/root/.m2/repository/org/bytedeco/javacpp/1.5.7/javacpp-1.5.7-windows-x86.jar:/root/.m2/repository/org/bytedeco/javacpp/1.5.7/javacpp-1.5.7-windows-x86_64.jar:/root/.m2/repository/org/bytedeco/llvm/13.0.1-1.5.7/llvm-13.0.1-1.5.7.jar:/root/.m2/repository/org/bytedeco/llvm/13.0.1-1.5.7/llvm-13.0.1-1.5.7-linux-x86.jar:/root/.m2/repository/org/bytedeco/llvm/13.0.1-1.5.7/llvm-13.0.1-1.5.7-linux-x86_64.jar:/root/.m2/repository/org/bytedeco/llvm/13.0.1-1.5.7/llvm-13.0.1-1.5.7-linux-armhf.jar:/root/.m2/repository/org/bytedeco/llvm/13.0.1-1.5.7/llvm-13.0.1-1.5.7-linux-arm64.jar:/root/.m2/repository/org/bytedeco/llvm/13.0.1-1.5.7/llv
Launcher Type: SUN_STANDARD

[Global flags]
     intx CICompilerCount                          = 4                                         {product} {ergonomic}
     uint ConcGCThreads                            = 2                                         {product} {ergonomic}
     uint G1ConcRefinementThreads                  = 8                                         {product} {ergonomic}
   size_t G1HeapRegionSize                         = 1048576                                   {product} {ergonomic}
    uintx GCDrainStackTargetSize                   = 64                                        {product} {ergonomic}
   size_t InitialHeapSize                          = 207618048                                 {product} {ergonomic}
   size_t MarkStackSize                            = 4194304                                   {product} {ergonomic}
   size_t MaxHeapSize                              = 3305111552                                {product} {ergonomic}
   size_t MaxNewSize                               = 1982857216                                {product} {ergonomic}
   size_t MinHeapDeltaBytes                        = 1048576                                   {product} {ergonomic}
    uintx NonNMethodCodeHeapSize                   = 5836300                                {pd product} {ergonomic}
    uintx NonProfiledCodeHeapSize                  = 122910970                              {pd product} {ergonomic}
    uintx ProfiledCodeHeapSize                     = 122910970                              {pd product} {ergonomic}
    uintx ReservedCodeCacheSize                    = 251658240                              {pd product} {ergonomic}
     bool SegmentedCodeCache                       = true                                      {product} {ergonomic}
     bool UseCompressedClassPointers               = true                                 {lp64_product} {ergonomic}
     bool UseCompressedOops                        = true                                 {lp64_product} {ergonomic}
     bool UseG1GC                                  = true                                      {product} {ergonomic}

Logging:
Log output configuration:
 #0: stdout all=warning uptime,level,tags
 #1: stderr all=off uptime,level,tags

Environment Variables:
PATH=/usr/local/sbin:/usr/local/bin:/usr/sbin:/usr/bin:/sbin:/bin:/usr/games:/usr/local/games:/usr/lib/wsl/lib:/mnt/c/Program Files (x86)/Common Files/Oracle/Java/javapath:/mnt/c/Python310/Scripts/:/mnt/c/Python310/:/mnt/c/Program Files/MySQL/MySQL Server 8.0/bin:/mnt/c/Windows/system32:/mnt/c/Windows:/mnt/c/Windows/System32/Wbem:/mnt/c/Windows/System32/WindowsPowerShell/v1.0/:/mnt/c/Windows/System32/OpenSSH/:/mnt/c/ProgramData/chocolatey/bin:/mnt/c/Program Files/Pandoc/:/mnt/d//Ne:/mnt/d/Applications/mingw-w64/x86_64-8.1.0-release-win32-seh-rt_v6-rev0/bin:/mnt/c/Program Files/Java/jdk-15.0.2/bin:/mnt/c/Program Files/Java/jdk-15.0.2/jre/bin:/mnt/d/Applications/scala/bin:/mnt/d/Applications/scala/jre/bin:/mnt/d/Applications/Prince/engine/bin:/mnt/d/Applications/Maven/apache-maven-3.8.6/bin:/mnt/c/Program Files/Git/cmd:/mnt/d//Tencent/web/dll:/mnt/d/Applications/nodejs/:/mnt/c/Users/20125/AppData/Local/Programs/Python/Python38/Scripts/:/mnt/c/Users/20125/AppData/Local/Programs/Python/Python38/:/mnt/c/Users/20125/AppData/Local/Microsoft/WindowsApps:/mnt/c/Program Files/JetBrains/IntelliJ IDEA 2021.3/bin:/mnt/c/Program Files/JetBrains/PyCharm 2021.3.1/bin:/mnt/d//JetBrains/WebStorm 2021.3.1/bin:/mnt/d//JetBrains/CLion 2021.3.2/bin:/mnt/c/Users/20125/AppData/Local/GitHubDesktop/bin:/mnt/d//JetBrains/DataGrip 2021.3.4/bin:/mnt/d/Applications/Microsoft VS Code/bin:/mnt/c/Users/20125/AppData/Local/JetBrains/Toolbox/scripts:/mnt/c/Program Files/jdk-15.0.2/jre/bin:/mnt/c/Program Files/jdk-15.0.2/bin:/mnt/c/Users/20125/AppData/Roaming/npm
SHELL=/bin/sh
HOSTTYPE=x86_64
LANG=C.UTF-8
TERM=xterm-256color

Signal Handlers:
SIGSEGV: [libjvm.so+0xe97eb0], sa_mask[0]=11111111011111111101111111111110, sa_flags=SA_RESTART|SA_SIGINFO
SIGBUS: [libjvm.so+0xe97eb0], sa_mask[0]=11111111011111111101111111111110, sa_flags=SA_RESTART|SA_SIGINFO
SIGFPE: [libjvm.so+0xe97eb0], sa_mask[0]=11111111011111111101111111111110, sa_flags=SA_RESTART|SA_SIGINFO
SIGPIPE: [libjvm.so+0xbde850], sa_mask[0]=11111111011111111101111111111110, sa_flags=SA_RESTART|SA_SIGINFO
SIGXFSZ: [libjvm.so+0xbde850], sa_mask[0]=11111111011111111101111111111110, sa_flags=SA_RESTART|SA_SIGINFO
SIGILL: [libjvm.so+0xe97eb0], sa_mask[0]=11111111011111111101111111111110, sa_flags=SA_RESTART|SA_SIGINFO
SIGUSR2: [libjvm.so+0xbde6f0], sa_mask[0]=00000000000000000000000000000000, sa_flags=SA_RESTART|SA_SIGINFO
SIGHUP: [libjvm.so+0xbde9e0], sa_mask[0]=11111111011111111101111111111110, sa_flags=SA_RESTART|SA_SIGINFO
SIGINT: [libjvm.so+0xbde9e0], sa_mask[0]=11111111011111111101111111111110, sa_flags=SA_RESTART|SA_SIGINFO
SIGTERM: [libjvm.so+0xbde9e0], sa_mask[0]=11111111011111111101111111111110, sa_flags=SA_RESTART|SA_SIGINFO
SIGQUIT: [libjvm.so+0xbde9e0], sa_mask[0]=11111111011111111101111111111110, sa_flags=SA_RESTART|SA_SIGINFO


---------------  S Y S T E M  ---------------

OS:DISTRIB_ID=Ubuntu
DISTRIB_RELEASE=20.04
DISTRIB_CODENAME=focal
DISTRIB_DESCRIPTION="Ubuntu 20.04.3 LTS"
uname:Linux 5.10.16.3-microsoft-standard-WSL2 #1 SMP Fri Apr 2 22:23:49 UTC 2021 x86_64
OS uptime: 0 days 20:07 hours
libc:glibc 2.31 NPTL 2.31 
rlimit (soft/hard): STACK 8192k/infinity , CORE 0k/infinity , NPROC 50409/50409 , NOFILE 4096/4096 , AS infinity/infinity , CPU infinity/infinity , DATA infinity/infinity , FSIZE infinity/infinity , MEMLOCK 64k/64k
load average:0.22 0.37 1.42

/proc/meminfo:
MemTotal:       12909048 kB
MemFree:        12124140 kB
MemAvailable:   12237112 kB
Buffers:           20348 kB
Cached:           317128 kB
SwapCached:            0 kB
Active:           202920 kB
Inactive:         454996 kB
Active(anon):        108 kB
Inactive(anon):   320396 kB
Active(file):     202812 kB
Inactive(file):   134600 kB
Unevictable:           0 kB
Mlocked:               0 kB
SwapTotal:       4194304 kB
SwapFree:        4194304 kB
Dirty:                40 kB
Writeback:             0 kB
AnonPages:        320432 kB
Mapped:            60740 kB
Shmem:                72 kB
KReclaimable:      22148 kB
Slab:              48888 kB
SReclaimable:      22148 kB
SUnreclaim:        26740 kB
KernelStack:        3312 kB
PageTables:         2404 kB
NFS_Unstable:          0 kB
Bounce:                0 kB
WritebackTmp:          0 kB
CommitLimit:    10648828 kB
Committed_AS:    1022052 kB
VmallocTotal:   34359738367 kB
VmallocUsed:       23460 kB
VmallocChunk:          0 kB
Percpu:             2432 kB
AnonHugePages:    192512 kB
ShmemHugePages:        0 kB
ShmemPmdMapped:        0 kB
FileHugePages:         0 kB
FilePmdMapped:         0 kB
HugePages_Total:       0
HugePages_Free:        0
HugePages_Rsvd:        0
HugePages_Surp:        0
Hugepagesize:       2048 kB
Hugetlb:               0 kB
DirectMap4k:       17408 kB
DirectMap2M:     3784704 kB
DirectMap1G:     9437184 kB

/sys/kernel/mm/transparent_hugepage/enabled:
[always] madvise never
/sys/kernel/mm/transparent_hugepage/defrag (defrag/compaction efforts parameter):
always defer defer+madvise [madvise] never

Process Memory:
Virtual Size: 6459716K (peak: 14706640K)
Resident Set Size: 109600K (peak: 110656K) (anon: 53984K, file: 55616K, shmem: 0K)
Swapped out: 0K
C-Heap outstanding allocations: 23652K, retained: 9131K
glibc malloc tunables: (default)

/proc/sys/kernel/threads-max (system-wide limit on the number of threads):
100818
/proc/sys/vm/max_map_count (maximum number of memory map areas a process may have):
65530
/proc/sys/kernel/pid_max (system-wide limit on number of process identifiers):
32768

container (cgroup) information:
container_type: cgroupv1
cpu_cpuset_cpus: 0-7
cpu_memory_nodes: 0
active_processor_count: 8
cpu_quota: no quota
cpu_period: 100000
cpu_shares: no shares
memory_limit_in_bytes: unlimited
memory_and_swap_limit_in_bytes: unlimited
memory_soft_limit_in_bytes: unlimited
memory_usage_in_bytes: 657584 k
memory_max_usage_in_bytes: 174576 k
maximum number of tasks: not supported
current number of tasks: not supported

Hyper-V virtualization detected
Steal ticks since vm start: 0
Steal ticks percentage since vm start:  0.000

CPU:total 8 (initial active 8) (4 cores per cpu, 2 threads per core) family 6 model 140 stepping 1 microcode 0xffffffff, cmov, cx8, fxsr, mmx, sse, sse2, sse3, ssse3, sse4.1, sse4.2, popcnt, avx, avx2, aes, clmul, erms, 3dnowpref, lzcnt, ht, tsc, tscinvbit, bmi1, bmi2, adx, evex, sha, fma
CPU Model and flags from /proc/cpuinfo:
model name	: 11th Gen Intel(R) Core(TM) i7-1165G7 @ 2.80GHz
flags		: fpu vme de pse tsc msr pae mce cx8 apic sep mtrr pge mca cmov pat pse36 clflush mmx fxsr sse sse2 ss ht syscall nx pdpe1gb rdtscp lm constant_tsc rep_good nopl xtopology tsc_reliable nonstop_tsc cpuid pni pclmulqdq ssse3 fma cx16 pcid sse4_1 sse4_2 movbe popcnt aes xsave avx f16c rdrand hypervisor lahf_lm abm 3dnowprefetch invpcid_single ssbd ibrs ibpb stibp ibrs_enhanced fsgsbase bmi1 avx2 smep bmi2 erms invpcid avx512f avx512dq rdseed adx smap avx512ifma clflushopt clwb avx512cd sha_ni avx512bw avx512vl xsaveopt xsavec xgetbv1 xsaves avx512vbmi umip avx512_vbmi2 gfni vaes vpclmulqdq avx512_vnni avx512_bitalg avx512_vpopcntdq rdpid fsrm avx512_vp2intersect flush_l1d arch_capabilities
Online cpus:
0-7
Offline cpus:

BIOS frequency limitation:
<Not Available>
Frequency switch latency (ns):
<Not Available>
Available cpu frequencies:
<Not Available>
Current governor:
<Not Available>
Core performance/turbo boost:
<Not Available>

Memory: 4k page, physical 12909048k(12124140k free), swap 4194304k(4194304k free)

vm_info: OpenJDK 64-Bit Server VM (11.0.17+8-post-Ubuntu-1ubuntu220.04) for linux-amd64 JRE (11.0.17+8-post-Ubuntu-1ubuntu220.04), built on Oct 25 2022 09:30:51 by "unknown" with gcc 9.4.0

END.
