#
# A fatal error has been detected by the Java Runtime Environment:
#
#  SIGSEGV (0xb) at pc=0x00007fc4fe1efc0a, pid=5670, tid=5671
#
# JRE version: OpenJDK Runtime Environment (11.0.17+8) (build 11.0.17+8-post-Ubuntu-1ubuntu220.04)
# Java VM: OpenJDK 64-Bit Server VM (11.0.17+8-post-Ubuntu-1ubuntu220.04, mixed mode, sharing, tiered, compressed oops, g1 gc, linux-amd64)
# Problematic frame:
# C  [libLLVM-13.so+0xcc3c0a]  llvm::GetElementPtrInst::init(llvm::Value*, llvm::ArrayRef<llvm::Value*>, llvm::Twine const&)+0xba
#
# No core dump will be written. Core dumps have been disabled. To enable core dumping, try "ulimit -c unlimited" before starting Java again
#
# If you would like to submit a bug report, please visit:
#   https://bugs.launchpad.net/ubuntu/+source/openjdk-lts
# The crash happened outside the Java Virtual Machine in native code.
# See problematic frame for where to report the bug.
#

---------------  S U M M A R Y ------------

Command Line: -Dfile.encoding=UTF-8 Main ./tests/test1.sysy ./tests/test1_ans.txt

Host: 11th Gen Intel(R) Core(TM) i7-1165G7 @ 2.80GHz, 8 cores, 12G, Ubuntu 20.04.3 LTS
Time: Sun Jan  8 18:32:08 2023 CST elapsed time: 0.238291 seconds (0d 0h 0m 0s)

---------------  T H R E A D  ---------------

Current thread (0x00007fc570016800):  JavaThread "main" [_thread_in_native, id=5671, stack(0x00007fc57765a000,0x00007fc57775b000)]

Stack: [0x00007fc57765a000,0x00007fc57775b000],  sp=0x00007fc577758aa8,  free space=1018k
Native frames: (J=compiled Java code, A=aot compiled Java code, j=interpreted, Vv=VM code, C=native code)
C  [libLLVM-13.so+0xcc3c0a]  llvm::GetElementPtrInst::init(llvm::Value*, llvm::ArrayRef<llvm::Value*>, llvm::Twine const&)+0xba

Java frames: (J=compiled Java code, j=interpreted, Vv=VM code)
j  org.bytedeco.llvm.global.LLVM.LLVMBuildGEP(Lorg/bytedeco/llvm/LLVM/LLVMBuilderRef;Lorg/bytedeco/llvm/LLVM/LLVMValueRef;Lorg/bytedeco/javacpp/PointerPointer;ILjava/lang/String;)Lorg/bytedeco/llvm/LLVM/LLVMValueRef;+0
j  FunctionAndVarIRVisitor.visitVarDef(LSysYParser$VarDefContext;)Lorg/bytedeco/llvm/LLVM/LLVMValueRef;+145
j  FunctionAndVarIRVisitor.visitVarDef(LSysYParser$VarDefContext;)Ljava/lang/Object;+2
j  SysYParser$VarDefContext.accept(Lorg/antlr/v4/runtime/tree/ParseTreeVisitor;)Ljava/lang/Object;+12
j  org.antlr.v4.runtime.tree.AbstractParseTreeVisitor.visitChildren(Lorg/antlr/v4/runtime/tree/RuleNode;)Ljava/lang/Object;+46
j  SysYParserBaseVisitor.visitVarDecl(LSysYParser$VarDeclContext;)Ljava/lang/Object;+2
j  SysYParser$VarDeclContext.accept(Lorg/antlr/v4/runtime/tree/ParseTreeVisitor;)Ljava/lang/Object;+12
j  org.antlr.v4.runtime.tree.AbstractParseTreeVisitor.visitChildren(Lorg/antlr/v4/runtime/tree/RuleNode;)Ljava/lang/Object;+46
j  SysYParserBaseVisitor.visitDecl(LSysYParser$DeclContext;)Ljava/lang/Object;+2
j  SysYParser$DeclContext.accept(Lorg/antlr/v4/runtime/tree/ParseTreeVisitor;)Ljava/lang/Object;+12
j  org.antlr.v4.runtime.tree.AbstractParseTreeVisitor.visitChildren(Lorg/antlr/v4/runtime/tree/RuleNode;)Ljava/lang/Object;+46
j  SysYParserBaseVisitor.visitBlockItem(LSysYParser$BlockItemContext;)Ljava/lang/Object;+2
j  SysYParser$BlockItemContext.accept(Lorg/antlr/v4/runtime/tree/ParseTreeVisitor;)Ljava/lang/Object;+12
j  org.antlr.v4.runtime.tree.AbstractParseTreeVisitor.visitChildren(Lorg/antlr/v4/runtime/tree/RuleNode;)Ljava/lang/Object;+46
j  SysYParserBaseVisitor.visitBlock(LSysYParser$BlockContext;)Ljava/lang/Object;+2
j  SysYParser$BlockContext.accept(Lorg/antlr/v4/runtime/tree/ParseTreeVisitor;)Ljava/lang/Object;+12
j  org.antlr.v4.runtime.tree.AbstractParseTreeVisitor.visitChildren(Lorg/antlr/v4/runtime/tree/RuleNode;)Ljava/lang/Object;+46
j  SysYParserBaseVisitor.visitFuncDef(LSysYParser$FuncDefContext;)Ljava/lang/Object;+2
j  FunctionAndVarIRVisitor.visitFuncDef(LSysYParser$FuncDefContext;)Lorg/bytedeco/llvm/LLVM/LLVMValueRef;+115
j  FunctionAndVarIRVisitor.visitFuncDef(LSysYParser$FuncDefContext;)Ljava/lang/Object;+2
j  SysYParser$FuncDefContext.accept(Lorg/antlr/v4/runtime/tree/ParseTreeVisitor;)Ljava/lang/Object;+12
j  org.antlr.v4.runtime.tree.AbstractParseTreeVisitor.visitChildren(Lorg/antlr/v4/runtime/tree/RuleNode;)Ljava/lang/Object;+46
j  SysYParserBaseVisitor.visitCompUnit(LSysYParser$CompUnitContext;)Ljava/lang/Object;+2
j  SysYParser$CompUnitContext.accept(Lorg/antlr/v4/runtime/tree/ParseTreeVisitor;)Ljava/lang/Object;+12
j  org.antlr.v4.runtime.tree.AbstractParseTreeVisitor.visit(Lorg/antlr/v4/runtime/tree/ParseTree;)Ljava/lang/Object;+2
j  FunctionAndVarIRVisitor.visitProgram(LSysYParser$ProgramContext;)Lorg/bytedeco/llvm/LLVM/LLVMValueRef;+5
j  FunctionAndVarIRVisitor.visitProgram(LSysYParser$ProgramContext;)Ljava/lang/Object;+2
j  SysYParser$ProgramContext.accept(Lorg/antlr/v4/runtime/tree/ParseTreeVisitor;)Ljava/lang/Object;+12
j  org.antlr.v4.runtime.tree.AbstractParseTreeVisitor.visit(Lorg/antlr/v4/runtime/tree/ParseTree;)Ljava/lang/Object;+2
j  Main.funcAndVarIRGenerate([Ljava/lang/String;)V+76
j  Main.main([Ljava/lang/String;)V+1
v  ~StubRoutines::call_stub

siginfo: si_signo: 11 (SIGSEGV), si_code: 1 (SEGV_MAPERR), si_addr: 0x000000000000201d

Register to memory mapping:

RAX=0x00007fc5704fb720 points into unknown readable memory: 0x00007fc5704f53b8 | b8 53 4f 70 c5 7f 00 00
RBX=0x00007fc5704d21a0 points into unknown readable memory: 0x00007fc5704d21b0 | b0 21 4d 70 c5 7f 00 00
RCX=0x00007fc5704f53b8 points into unknown readable memory: 0x00007fc5704f4c30 | 30 4c 4f 70 c5 7f 00 00
RDX=0x00007fc5704f7250 points into unknown readable memory: 0x00007fc5704f53b8 | b8 53 4f 70 c5 7f 00 00
RSP=0x00007fc577758aa8 is pointing into the stack for thread: 0x00007fc570016800
RBP=0x00007fc5703f9ff0 points into unknown readable memory: 0x00007fc5704fa5c0 | c0 a5 4f 70 c5 7f 00 00
RSI=0x0000000000000001 is an unknown value
RDI=0x00007fc5704fb740 points into unknown readable memory: 0x00007fc5704fa5c0 | c0 a5 4f 70 c5 7f 00 00
R8 =0x00007fc577758b00 is pointing into the stack for thread: 0x00007fc570016800
R9 =0x000000000000200d is an unknown value
R10=0x00007fc5704f53c0 points into unknown readable memory: 0x000000000000200d | 0d 20 00 00 00 00 00 00
R11=0x00007fc5704fb728 points into unknown readable memory: 0x000000000000200d | 0d 20 00 00 00 00 00 00
R12=0x00007fc5704fb740 points into unknown readable memory: 0x00007fc5704fa5c0 | c0 a5 4f 70 c5 7f 00 00
R13=0x00007fc5704f7250 points into unknown readable memory: 0x00007fc5704f53b8 | b8 53 4f 70 c5 7f 00 00
R14=0x0000000000000001 is an unknown value
R15=0x00007fc5704fa590 points into unknown readable memory: 0x00007fc5704f4c30 | 30 4c 4f 70 c5 7f 00 00


Registers:
RAX=0x00007fc5704fb720, RBX=0x00007fc5704d21a0, RCX=0x00007fc5704f53b8, RDX=0x00007fc5704f7250
RSP=0x00007fc577758aa8, RBP=0x00007fc5703f9ff0, RSI=0x0000000000000001, RDI=0x00007fc5704fb740
R8 =0x00007fc577758b00, R9 =0x000000000000200d, R10=0x00007fc5704f53c0, R11=0x00007fc5704fb728
R12=0x00007fc5704fb740, R13=0x00007fc5704f7250, R14=0x0000000000000001, R15=0x00007fc5704fa590
RIP=0x00007fc4fe1efc0a, EFLAGS=0x0000000000010202, CSGSFS=0x002b000000000033, ERR=0x0000000000000006
  TRAPNO=0x000000000000000e

Top of Stack: (sp=0x00007fc577758aa8)
0x00007fc577758aa8:   00007fc4fe158d92 0000000000000000
0x00007fc577758ab8:   00007fc5704fb700 0000000000000002
0x00007fc577758ac8:   00007fc5704fa5c0 00007fc5704fce30
0x00007fc577758ad8:   00007fc570016800 00007fc570016800 

Instructions: (pc=0x00007fc4fe1efc0a)
0x00007fc4fe1efb0a:   b5 08 00 4d 89 e9 ba 23 00 00 00 48 89 df 48 89
0x00007fc4fe1efb1a:   c6 45 31 c0 31 c9 e8 0b 4f ff ff 0f b7 53 12 40
0x00007fc4fe1efb2a:   88 6b 3c 83 e2 f8 44 09 e2 66 89 53 12 48 83 c4
0x00007fc4fe1efb3a:   08 5b 5d 41 5c 41 5d c3 66 2e 0f 1f 84 00 00 00
0x00007fc4fe1efb4a:   00 00 0f 1f 40 00 8b 47 14 49 89 fb 25 ff ff ff
0x00007fc4fe1efb5a:   07 48 c1 e0 05 49 29 c3 49 83 3b 00 4c 89 d8 74
0x00007fc4fe1efb6a:   14 4d 8b 4b 08 4d 8b 53 10 4d 89 0a 4d 85 c9 74
0x00007fc4fe1efb7a:   04 4d 89 51 10 48 89 30 48 85 f6 74 21 4c 8b 4e
0x00007fc4fe1efb8a:   08 4c 8d 56 08 4c 89 48 08 4d 85 c9 74 08 4c 8d
0x00007fc4fe1efb9a:   58 08 4d 89 59 10 4c 89 50 10 48 89 46 08 8b 77
0x00007fc4fe1efbaa:   14 b8 01 00 00 00 48 c1 e1 03 81 e6 ff ff ff 07
0x00007fc4fe1efbba:   48 29 f0 48 89 ce 48 c1 e0 05 48 c1 fe 03 48 01
0x00007fc4fe1efbca:   f8 48 85 c9 7e 54 48 83 38 00 48 8b 0a 74 14 4c
0x00007fc4fe1efbda:   8b 48 08 4c 8b 50 10 4d 89 0a 4d 85 c9 74 04 4d
0x00007fc4fe1efbea:   89 51 10 48 89 08 48 85 c9 74 21 4c 8b 49 08 4c
0x00007fc4fe1efbfa:   8d 51 08 4c 89 48 08 4d 85 c9 74 08 4c 8d 58 08
0x00007fc4fe1efc0a:   4d 89 59 10 4c 89 50 10 48 89 41 08 48 83 c2 08
0x00007fc4fe1efc1a:   48 83 c0 20 48 83 ee 01 75 ac 4c 89 c6 e9 f4 e8
0x00007fc4fe1efc2a:   09 00 0f 1f 40 00 55 48 89 f9 48 89 f5 ba 22 00
0x00007fc4fe1efc3a:   00 00 53 45 31 c9 48 89 fb 48 83 ec 08 44 8b 46
0x00007fc4fe1efc4a:   14 48 8b 36 41 81 e0 ff ff ff 07 44 89 c0 48 c1
0x00007fc4fe1efc5a:   e0 05 48 29 c1 e8 4c 4d ff ff 8b 43 14 8b 55 14
0x00007fc4fe1efc6a:   48 89 de f3 0f 6f 45 40 25 ff ff ff 07 81 e2 ff
0x00007fc4fe1efc7a:   ff ff 07 48 c1 e0 05 48 c1 e2 05 0f 11 43 40 48
0x00007fc4fe1efc8a:   29 c6 48 89 f0 48 89 ee 48 29 d6 48 85 d2 74 59
0x00007fc4fe1efc9a:   48 01 c2 0f 1f 00 48 83 38 00 48 8b 0e 74 14 48
0x00007fc4fe1efcaa:   8b 78 08 4c 8b 40 10 49 89 38 48 85 ff 74 04 4c
0x00007fc4fe1efcba:   89 47 10 48 89 08 48 85 c9 74 21 48 8b 79 08 4c
0x00007fc4fe1efcca:   8d 41 08 48 89 78 08 48 85 ff 74 08 4c 8d 48 08
0x00007fc4fe1efcda:   4c 89 4f 10 4c 89 40 10 48 89 41 08 48 83 c0 20
0x00007fc4fe1efcea:   48 83 c6 20 48 39 d0 75 ad 0f b6 45 11 83 e0 fe
0x00007fc4fe1efcfa:   89 c2 0f b6 43 11 83 e0 01 09 d0 88 43 11 48 83 


Stack slot to memory mapping:
stack at sp + 0 slots: 0x00007fc4fe158d92: LLVMBuildGEP+0x00000000000001e2 in /root/.javacpp/cache/llvm-13.0.1-1.5.7-linux-x86_64.jar/org/bytedeco/llvm/linux-x86_64/libLLVM-13.so at 0x00007fc4fd52c000
stack at sp + 1 slots: 0x0 is NULL
stack at sp + 2 slots: 0x00007fc5704fb700 points into unknown readable memory: 0x00007fc5703f9ff0 | f0 9f 3f 70 c5 7f 00 00
stack at sp + 3 slots: 0x0000000000000002 is an unknown value
stack at sp + 4 slots: 0x00007fc5704fa5c0 points into unknown readable memory: 0x00007fc5704f4c30 | 30 4c 4f 70 c5 7f 00 00
stack at sp + 5 slots: 0x00007fc5704fce30 points into unknown readable memory: 0x007265746e696f70 | 70 6f 69 6e 74 65 72 00
stack at sp + 6 slots: 0x00007fc570016800 is a thread
stack at sp + 7 slots: 0x00007fc570016800 is a thread


---------------  P R O C E S S  ---------------

Threads class SMR info:
_java_thread_list=0x00007fc51c0cf650, length=11, elements={
0x00007fc570016800, 0x00007fc570186800, 0x00007fc570188800, 0x00007fc570191000,
0x00007fc570193000, 0x00007fc570195000, 0x00007fc570197000, 0x00007fc570199000,
0x00007fc57021c800, 0x00007fc5703d0800, 0x00007fc51c0b6000
}

Java Threads: ( => current thread )
=>0x00007fc570016800 JavaThread "main" [_thread_in_native, id=5671, stack(0x00007fc57765a000,0x00007fc57775b000)]
  0x00007fc570186800 JavaThread "Reference Handler" daemon [_thread_blocked, id=5679, stack(0x00007fc57405c000,0x00007fc57415d000)]
  0x00007fc570188800 JavaThread "Finalizer" daemon [_thread_blocked, id=5680, stack(0x00007fc5586fc000,0x00007fc5587fd000)]
  0x00007fc570191000 JavaThread "Signal Dispatcher" daemon [_thread_blocked, id=5681, stack(0x00007fc5581a2000,0x00007fc5582a3000)]
  0x00007fc570193000 JavaThread "Service Thread" daemon [_thread_blocked, id=5682, stack(0x00007fc5580a1000,0x00007fc5581a2000)]
  0x00007fc570195000 JavaThread "C2 CompilerThread0" daemon [_thread_in_native, id=5683, stack(0x00007fc54dc7f000,0x00007fc54dd80000)]
  0x00007fc570197000 JavaThread "C1 CompilerThread0" daemon [_thread_blocked, id=5684, stack(0x00007fc54db7e000,0x00007fc54dc7f000)]
  0x00007fc570199000 JavaThread "Sweeper thread" daemon [_thread_blocked, id=5685, stack(0x00007fc54da7d000,0x00007fc54db7e000)]
  0x00007fc57021c800 JavaThread "Common-Cleaner" daemon [_thread_blocked, id=5688, stack(0x00007fc54d87a000,0x00007fc54d97b000)]
  0x00007fc5703d0800 JavaThread "JavaCPP Deallocator" daemon [_thread_blocked, id=5694, stack(0x00007fc54d779000,0x00007fc54d87a000)]
  0x00007fc51c0b6000 JavaThread "C2 CompilerThread1" daemon [_thread_in_native, id=5696, stack(0x00007fc54d678000,0x00007fc54d779000)]

Other Threads:
  0x00007fc570183800 VMThread "VM Thread" [stack: 0x00007fc57415f000,0x00007fc57425f000] [id=5678]
  0x00007fc57021a800 WatcherThread [stack: 0x00007fc54d97d000,0x00007fc54da7d000] [id=5687]
  0x00007fc57002f000 GCTaskThread "GC Thread#0" [stack: 0x00007fc577303000,0x00007fc577403000] [id=5672]
  0x00007fc57007a800 ConcurrentGCThread "G1 Main Marker" [stack: 0x00007fc5756b5000,0x00007fc5757b5000] [id=5673]
  0x00007fc57007c800 ConcurrentGCThread "G1 Conc#0" [stack: 0x00007fc5755b3000,0x00007fc5756b3000] [id=5674]
  0x00007fc570149800 ConcurrentGCThread "G1 Refine#0" [stack: 0x00007fc574ca9000,0x00007fc574da9000] [id=5675]
  0x00007fc57014b800 ConcurrentGCThread "G1 Young RemSet Sampling" [stack: 0x00007fc574ba7000,0x00007fc574ca7000] [id=5676]

Threads with active compile tasks:
C2 CompilerThread0      240  610       4       java.lang.StringLatin1::replace (196 bytes)
C2 CompilerThread1      240  617       4       java.lang.String::indexOf (29 bytes)

VM state:not at safepoint (normal execution)

VM Mutex/Monitor currently owned by a thread: None

Heap address: 0x000000073b000000, size: 3152 MB, Compressed Oops mode: Zero based, Oop shift amount: 3
Narrow klass base: 0x0000000800000000, Narrow klass shift: 3
Compressed class space size: 1073741824 Address: 0x0000000840000000

Heap:
 garbage-first heap   total 204800K, used 20172K [0x000000073b000000, 0x0000000800000000)
  region size 1024K, 21 young (21504K), 0 survivors (0K)
 Metaspace       used 3433K, capacity 6480K, committed 6656K, reserved 1056768K
  class space    used 392K, capacity 668K, committed 768K, reserved 1048576K
Heap Regions: E=young(eden), S=young(survivor), O=old, HS=humongous(starts), HC=humongous(continues), CS=collection set, F=free, A=archive, TAMS=top-at-mark-start (previous, next)
|   0|0x000000073b000000, 0x000000073b000000, 0x000000073b100000|  0%| F|  |TAMS 0x000000073b000000, 0x000000073b000000| Untracked 
|   1|0x000000073b100000, 0x000000073b100000, 0x000000073b200000|  0%| F|  |TAMS 0x000000073b100000, 0x000000073b100000| Untracked 
|   2|0x000000073b200000, 0x000000073b200000, 0x000000073b300000|  0%| F|  |TAMS 0x000000073b200000, 0x000000073b200000| Untracked 
|   3|0x000000073b300000, 0x000000073b300000, 0x000000073b400000|  0%| F|  |TAMS 0x000000073b300000, 0x000000073b300000| Untracked 
|   4|0x000000073b400000, 0x000000073b400000, 0x000000073b500000|  0%| F|  |TAMS 0x000000073b400000, 0x000000073b400000| Untracked 
|   5|0x000000073b500000, 0x000000073b500000, 0x000000073b600000|  0%| F|  |TAMS 0x000000073b500000, 0x000000073b500000| Untracked 
|   6|0x000000073b600000, 0x000000073b600000, 0x000000073b700000|  0%| F|  |TAMS 0x000000073b600000, 0x000000073b600000| Untracked 
|   7|0x000000073b700000, 0x000000073b700000, 0x000000073b800000|  0%| F|  |TAMS 0x000000073b700000, 0x000000073b700000| Untracked 
|   8|0x000000073b800000, 0x000000073b800000, 0x000000073b900000|  0%| F|  |TAMS 0x000000073b800000, 0x000000073b800000| Untracked 
|   9|0x000000073b900000, 0x000000073b900000, 0x000000073ba00000|  0%| F|  |TAMS 0x000000073b900000, 0x000000073b900000| Untracked 
|  10|0x000000073ba00000, 0x000000073ba00000, 0x000000073bb00000|  0%| F|  |TAMS 0x000000073ba00000, 0x000000073ba00000| Untracked 
|  11|0x000000073bb00000, 0x000000073bb00000, 0x000000073bc00000|  0%| F|  |TAMS 0x000000073bb00000, 0x000000073bb00000| Untracked 
|  12|0x000000073bc00000, 0x000000073bc00000, 0x000000073bd00000|  0%| F|  |TAMS 0x000000073bc00000, 0x000000073bc00000| Untracked 
|  13|0x000000073bd00000, 0x000000073bd00000, 0x000000073be00000|  0%| F|  |TAMS 0x000000073bd00000, 0x000000073bd00000| Untracked 
|  14|0x000000073be00000, 0x000000073be00000, 0x000000073bf00000|  0%| F|  |TAMS 0x000000073be00000, 0x000000073be00000| Untracked 
|  15|0x000000073bf00000, 0x000000073bf00000, 0x000000073c000000|  0%| F|  |TAMS 0x000000073bf00000, 0x000000073bf00000| Untracked 
|  16|0x000000073c000000, 0x000000073c000000, 0x000000073c100000|  0%| F|  |TAMS 0x000000073c000000, 0x000000073c000000| Untracked 
|  17|0x000000073c100000, 0x000000073c100000, 0x000000073c200000|  0%| F|  |TAMS 0x000000073c100000, 0x000000073c100000| Untracked 
|  18|0x000000073c200000, 0x000000073c200000, 0x000000073c300000|  0%| F|  |TAMS 0x000000073c200000, 0x000000073c200000| Untracked 
|  19|0x000000073c300000, 0x000000073c300000, 0x000000073c400000|  0%| F|  |TAMS 0x000000073c300000, 0x000000073c300000| Untracked 
|  20|0x000000073c400000, 0x000000073c400000, 0x000000073c500000|  0%| F|  |TAMS 0x000000073c400000, 0x000000073c400000| Untracked 
|  21|0x000000073c500000, 0x000000073c500000, 0x000000073c600000|  0%| F|  |TAMS 0x000000073c500000, 0x000000073c500000| Untracked 
|  22|0x000000073c600000, 0x000000073c600000, 0x000000073c700000|  0%| F|  |TAMS 0x000000073c600000, 0x000000073c600000| Untracked 
|  23|0x000000073c700000, 0x000000073c700000, 0x000000073c800000|  0%| F|  |TAMS 0x000000073c700000, 0x000000073c700000| Untracked 
|  24|0x000000073c800000, 0x000000073c800000, 0x000000073c900000|  0%| F|  |TAMS 0x000000073c800000, 0x000000073c800000| Untracked 
|  25|0x000000073c900000, 0x000000073c900000, 0x000000073ca00000|  0%| F|  |TAMS 0x000000073c900000, 0x000000073c900000| Untracked 
|  26|0x000000073ca00000, 0x000000073ca00000, 0x000000073cb00000|  0%| F|  |TAMS 0x000000073ca00000, 0x000000073ca00000| Untracked 
|  27|0x000000073cb00000, 0x000000073cb00000, 0x000000073cc00000|  0%| F|  |TAMS 0x000000073cb00000, 0x000000073cb00000| Untracked 
|  28|0x000000073cc00000, 0x000000073cc00000, 0x000000073cd00000|  0%| F|  |TAMS 0x000000073cc00000, 0x000000073cc00000| Untracked 
|  29|0x000000073cd00000, 0x000000073cd00000, 0x000000073ce00000|  0%| F|  |TAMS 0x000000073cd00000, 0x000000073cd00000| Untracked 
|  30|0x000000073ce00000, 0x000000073ce00000, 0x000000073cf00000|  0%| F|  |TAMS 0x000000073ce00000, 0x000000073ce00000| Untracked 
|  31|0x000000073cf00000, 0x000000073cf00000, 0x000000073d000000|  0%| F|  |TAMS 0x000000073cf00000, 0x000000073cf00000| Untracked 
|  32|0x000000073d000000, 0x000000073d000000, 0x000000073d100000|  0%| F|  |TAMS 0x000000073d000000, 0x000000073d000000| Untracked 
|  33|0x000000073d100000, 0x000000073d100000, 0x000000073d200000|  0%| F|  |TAMS 0x000000073d100000, 0x000000073d100000| Untracked 
|  34|0x000000073d200000, 0x000000073d200000, 0x000000073d300000|  0%| F|  |TAMS 0x000000073d200000, 0x000000073d200000| Untracked 
|  35|0x000000073d300000, 0x000000073d300000, 0x000000073d400000|  0%| F|  |TAMS 0x000000073d300000, 0x000000073d300000| Untracked 
|  36|0x000000073d400000, 0x000000073d400000, 0x000000073d500000|  0%| F|  |TAMS 0x000000073d400000, 0x000000073d400000| Untracked 
|  37|0x000000073d500000, 0x000000073d500000, 0x000000073d600000|  0%| F|  |TAMS 0x000000073d500000, 0x000000073d500000| Untracked 
|  38|0x000000073d600000, 0x000000073d600000, 0x000000073d700000|  0%| F|  |TAMS 0x000000073d600000, 0x000000073d600000| Untracked 
|  39|0x000000073d700000, 0x000000073d700000, 0x000000073d800000|  0%| F|  |TAMS 0x000000073d700000, 0x000000073d700000| Untracked 
|  40|0x000000073d800000, 0x000000073d800000, 0x000000073d900000|  0%| F|  |TAMS 0x000000073d800000, 0x000000073d800000| Untracked 
|  41|0x000000073d900000, 0x000000073d900000, 0x000000073da00000|  0%| F|  |TAMS 0x000000073d900000, 0x000000073d900000| Untracked 
|  42|0x000000073da00000, 0x000000073da00000, 0x000000073db00000|  0%| F|  |TAMS 0x000000073da00000, 0x000000073da00000| Untracked 
|  43|0x000000073db00000, 0x000000073db00000, 0x000000073dc00000|  0%| F|  |TAMS 0x000000073db00000, 0x000000073db00000| Untracked 
|  44|0x000000073dc00000, 0x000000073dc00000, 0x000000073dd00000|  0%| F|  |TAMS 0x000000073dc00000, 0x000000073dc00000| Untracked 
|  45|0x000000073dd00000, 0x000000073dd00000, 0x000000073de00000|  0%| F|  |TAMS 0x000000073dd00000, 0x000000073dd00000| Untracked 
|  46|0x000000073de00000, 0x000000073de00000, 0x000000073df00000|  0%| F|  |TAMS 0x000000073de00000, 0x000000073de00000| Untracked 
|  47|0x000000073df00000, 0x000000073df00000, 0x000000073e000000|  0%| F|  |TAMS 0x000000073df00000, 0x000000073df00000| Untracked 
|  48|0x000000073e000000, 0x000000073e000000, 0x000000073e100000|  0%| F|  |TAMS 0x000000073e000000, 0x000000073e000000| Untracked 
|  49|0x000000073e100000, 0x000000073e100000, 0x000000073e200000|  0%| F|  |TAMS 0x000000073e100000, 0x000000073e100000| Untracked 
|  50|0x000000073e200000, 0x000000073e200000, 0x000000073e300000|  0%| F|  |TAMS 0x000000073e200000, 0x000000073e200000| Untracked 
|  51|0x000000073e300000, 0x000000073e300000, 0x000000073e400000|  0%| F|  |TAMS 0x000000073e300000, 0x000000073e300000| Untracked 
|  52|0x000000073e400000, 0x000000073e400000, 0x000000073e500000|  0%| F|  |TAMS 0x000000073e400000, 0x000000073e400000| Untracked 
|  53|0x000000073e500000, 0x000000073e500000, 0x000000073e600000|  0%| F|  |TAMS 0x000000073e500000, 0x000000073e500000| Untracked 
|  54|0x000000073e600000, 0x000000073e600000, 0x000000073e700000|  0%| F|  |TAMS 0x000000073e600000, 0x000000073e600000| Untracked 
|  55|0x000000073e700000, 0x000000073e700000, 0x000000073e800000|  0%| F|  |TAMS 0x000000073e700000, 0x000000073e700000| Untracked 
|  56|0x000000073e800000, 0x000000073e800000, 0x000000073e900000|  0%| F|  |TAMS 0x000000073e800000, 0x000000073e800000| Untracked 
|  57|0x000000073e900000, 0x000000073e900000, 0x000000073ea00000|  0%| F|  |TAMS 0x000000073e900000, 0x000000073e900000| Untracked 
|  58|0x000000073ea00000, 0x000000073ea00000, 0x000000073eb00000|  0%| F|  |TAMS 0x000000073ea00000, 0x000000073ea00000| Untracked 
|  59|0x000000073eb00000, 0x000000073eb00000, 0x000000073ec00000|  0%| F|  |TAMS 0x000000073eb00000, 0x000000073eb00000| Untracked 
|  60|0x000000073ec00000, 0x000000073ec00000, 0x000000073ed00000|  0%| F|  |TAMS 0x000000073ec00000, 0x000000073ec00000| Untracked 
|  61|0x000000073ed00000, 0x000000073ed00000, 0x000000073ee00000|  0%| F|  |TAMS 0x000000073ed00000, 0x000000073ed00000| Untracked 
|  62|0x000000073ee00000, 0x000000073ee00000, 0x000000073ef00000|  0%| F|  |TAMS 0x000000073ee00000, 0x000000073ee00000| Untracked 
|  63|0x000000073ef00000, 0x000000073ef00000, 0x000000073f000000|  0%| F|  |TAMS 0x000000073ef00000, 0x000000073ef00000| Untracked 
|  64|0x000000073f000000, 0x000000073f000000, 0x000000073f100000|  0%| F|  |TAMS 0x000000073f000000, 0x000000073f000000| Untracked 
|  65|0x000000073f100000, 0x000000073f100000, 0x000000073f200000|  0%| F|  |TAMS 0x000000073f100000, 0x000000073f100000| Untracked 
|  66|0x000000073f200000, 0x000000073f200000, 0x000000073f300000|  0%| F|  |TAMS 0x000000073f200000, 0x000000073f200000| Untracked 
|  67|0x000000073f300000, 0x000000073f300000, 0x000000073f400000|  0%| F|  |TAMS 0x000000073f300000, 0x000000073f300000| Untracked 
|  68|0x000000073f400000, 0x000000073f400000, 0x000000073f500000|  0%| F|  |TAMS 0x000000073f400000, 0x000000073f400000| Untracked 
|  69|0x000000073f500000, 0x000000073f500000, 0x000000073f600000|  0%| F|  |TAMS 0x000000073f500000, 0x000000073f500000| Untracked 
|  70|0x000000073f600000, 0x000000073f600000, 0x000000073f700000|  0%| F|  |TAMS 0x000000073f600000, 0x000000073f600000| Untracked 
|  71|0x000000073f700000, 0x000000073f700000, 0x000000073f800000|  0%| F|  |TAMS 0x000000073f700000, 0x000000073f700000| Untracked 
|  72|0x000000073f800000, 0x000000073f800000, 0x000000073f900000|  0%| F|  |TAMS 0x000000073f800000, 0x000000073f800000| Untracked 
|  73|0x000000073f900000, 0x000000073f900000, 0x000000073fa00000|  0%| F|  |TAMS 0x000000073f900000, 0x000000073f900000| Untracked 
|  74|0x000000073fa00000, 0x000000073fa00000, 0x000000073fb00000|  0%| F|  |TAMS 0x000000073fa00000, 0x000000073fa00000| Untracked 
|  75|0x000000073fb00000, 0x000000073fb00000, 0x000000073fc00000|  0%| F|  |TAMS 0x000000073fb00000, 0x000000073fb00000| Untracked 
|  76|0x000000073fc00000, 0x000000073fc00000, 0x000000073fd00000|  0%| F|  |TAMS 0x000000073fc00000, 0x000000073fc00000| Untracked 
|  77|0x000000073fd00000, 0x000000073fd00000, 0x000000073fe00000|  0%| F|  |TAMS 0x000000073fd00000, 0x000000073fd00000| Untracked 
|  78|0x000000073fe00000, 0x000000073fe00000, 0x000000073ff00000|  0%| F|  |TAMS 0x000000073fe00000, 0x000000073fe00000| Untracked 
|  79|0x000000073ff00000, 0x000000073ff00000, 0x0000000740000000|  0%| F|  |TAMS 0x000000073ff00000, 0x000000073ff00000| Untracked 
|  80|0x0000000740000000, 0x0000000740000000, 0x0000000740100000|  0%| F|  |TAMS 0x0000000740000000, 0x0000000740000000| Untracked 
|  81|0x0000000740100000, 0x0000000740100000, 0x0000000740200000|  0%| F|  |TAMS 0x0000000740100000, 0x0000000740100000| Untracked 
|  82|0x0000000740200000, 0x0000000740200000, 0x0000000740300000|  0%| F|  |TAMS 0x0000000740200000, 0x0000000740200000| Untracked 
|  83|0x0000000740300000, 0x0000000740300000, 0x0000000740400000|  0%| F|  |TAMS 0x0000000740300000, 0x0000000740300000| Untracked 
|  84|0x0000000740400000, 0x0000000740400000, 0x0000000740500000|  0%| F|  |TAMS 0x0000000740400000, 0x0000000740400000| Untracked 
|  85|0x0000000740500000, 0x0000000740500000, 0x0000000740600000|  0%| F|  |TAMS 0x0000000740500000, 0x0000000740500000| Untracked 
|  86|0x0000000740600000, 0x0000000740600000, 0x0000000740700000|  0%| F|  |TAMS 0x0000000740600000, 0x0000000740600000| Untracked 
|  87|0x0000000740700000, 0x0000000740700000, 0x0000000740800000|  0%| F|  |TAMS 0x0000000740700000, 0x0000000740700000| Untracked 
|  88|0x0000000740800000, 0x0000000740800000, 0x0000000740900000|  0%| F|  |TAMS 0x0000000740800000, 0x0000000740800000| Untracked 
|  89|0x0000000740900000, 0x0000000740900000, 0x0000000740a00000|  0%| F|  |TAMS 0x0000000740900000, 0x0000000740900000| Untracked 
|  90|0x0000000740a00000, 0x0000000740a00000, 0x0000000740b00000|  0%| F|  |TAMS 0x0000000740a00000, 0x0000000740a00000| Untracked 
|  91|0x0000000740b00000, 0x0000000740b00000, 0x0000000740c00000|  0%| F|  |TAMS 0x0000000740b00000, 0x0000000740b00000| Untracked 
|  92|0x0000000740c00000, 0x0000000740c00000, 0x0000000740d00000|  0%| F|  |TAMS 0x0000000740c00000, 0x0000000740c00000| Untracked 
|  93|0x0000000740d00000, 0x0000000740d00000, 0x0000000740e00000|  0%| F|  |TAMS 0x0000000740d00000, 0x0000000740d00000| Untracked 
|  94|0x0000000740e00000, 0x0000000740e00000, 0x0000000740f00000|  0%| F|  |TAMS 0x0000000740e00000, 0x0000000740e00000| Untracked 
|  95|0x0000000740f00000, 0x0000000740f00000, 0x0000000741000000|  0%| F|  |TAMS 0x0000000740f00000, 0x0000000740f00000| Untracked 
|  96|0x0000000741000000, 0x0000000741000000, 0x0000000741100000|  0%| F|  |TAMS 0x0000000741000000, 0x0000000741000000| Untracked 
|  97|0x0000000741100000, 0x0000000741100000, 0x0000000741200000|  0%| F|  |TAMS 0x0000000741100000, 0x0000000741100000| Untracked 
|  98|0x0000000741200000, 0x0000000741200000, 0x0000000741300000|  0%| F|  |TAMS 0x0000000741200000, 0x0000000741200000| Untracked 
|  99|0x0000000741300000, 0x0000000741300000, 0x0000000741400000|  0%| F|  |TAMS 0x0000000741300000, 0x0000000741300000| Untracked 
| 100|0x0000000741400000, 0x0000000741400000, 0x0000000741500000|  0%| F|  |TAMS 0x0000000741400000, 0x0000000741400000| Untracked 
| 101|0x0000000741500000, 0x0000000741500000, 0x0000000741600000|  0%| F|  |TAMS 0x0000000741500000, 0x0000000741500000| Untracked 
| 102|0x0000000741600000, 0x0000000741600000, 0x0000000741700000|  0%| F|  |TAMS 0x0000000741600000, 0x0000000741600000| Untracked 
| 103|0x0000000741700000, 0x0000000741700000, 0x0000000741800000|  0%| F|  |TAMS 0x0000000741700000, 0x0000000741700000| Untracked 
| 104|0x0000000741800000, 0x0000000741800000, 0x0000000741900000|  0%| F|  |TAMS 0x0000000741800000, 0x0000000741800000| Untracked 
| 105|0x0000000741900000, 0x0000000741900000, 0x0000000741a00000|  0%| F|  |TAMS 0x0000000741900000, 0x0000000741900000| Untracked 
| 106|0x0000000741a00000, 0x0000000741a00000, 0x0000000741b00000|  0%| F|  |TAMS 0x0000000741a00000, 0x0000000741a00000| Untracked 
| 107|0x0000000741b00000, 0x0000000741b00000, 0x0000000741c00000|  0%| F|  |TAMS 0x0000000741b00000, 0x0000000741b00000| Untracked 
| 108|0x0000000741c00000, 0x0000000741c00000, 0x0000000741d00000|  0%| F|  |TAMS 0x0000000741c00000, 0x0000000741c00000| Untracked 
| 109|0x0000000741d00000, 0x0000000741d00000, 0x0000000741e00000|  0%| F|  |TAMS 0x0000000741d00000, 0x0000000741d00000| Untracked 
| 110|0x0000000741e00000, 0x0000000741e00000, 0x0000000741f00000|  0%| F|  |TAMS 0x0000000741e00000, 0x0000000741e00000| Untracked 
| 111|0x0000000741f00000, 0x0000000741f00000, 0x0000000742000000|  0%| F|  |TAMS 0x0000000741f00000, 0x0000000741f00000| Untracked 
| 112|0x0000000742000000, 0x0000000742000000, 0x0000000742100000|  0%| F|  |TAMS 0x0000000742000000, 0x0000000742000000| Untracked 
| 113|0x0000000742100000, 0x0000000742100000, 0x0000000742200000|  0%| F|  |TAMS 0x0000000742100000, 0x0000000742100000| Untracked 
| 114|0x0000000742200000, 0x0000000742200000, 0x0000000742300000|  0%| F|  |TAMS 0x0000000742200000, 0x0000000742200000| Untracked 
| 115|0x0000000742300000, 0x0000000742300000, 0x0000000742400000|  0%| F|  |TAMS 0x0000000742300000, 0x0000000742300000| Untracked 
| 116|0x0000000742400000, 0x0000000742400000, 0x0000000742500000|  0%| F|  |TAMS 0x0000000742400000, 0x0000000742400000| Untracked 
| 117|0x0000000742500000, 0x0000000742500000, 0x0000000742600000|  0%| F|  |TAMS 0x0000000742500000, 0x0000000742500000| Untracked 
| 118|0x0000000742600000, 0x0000000742600000, 0x0000000742700000|  0%| F|  |TAMS 0x0000000742600000, 0x0000000742600000| Untracked 
| 119|0x0000000742700000, 0x0000000742700000, 0x0000000742800000|  0%| F|  |TAMS 0x0000000742700000, 0x0000000742700000| Untracked 
| 120|0x0000000742800000, 0x0000000742800000, 0x0000000742900000|  0%| F|  |TAMS 0x0000000742800000, 0x0000000742800000| Untracked 
| 121|0x0000000742900000, 0x0000000742900000, 0x0000000742a00000|  0%| F|  |TAMS 0x0000000742900000, 0x0000000742900000| Untracked 
| 122|0x0000000742a00000, 0x0000000742a00000, 0x0000000742b00000|  0%| F|  |TAMS 0x0000000742a00000, 0x0000000742a00000| Untracked 
| 123|0x0000000742b00000, 0x0000000742b00000, 0x0000000742c00000|  0%| F|  |TAMS 0x0000000742b00000, 0x0000000742b00000| Untracked 
| 124|0x0000000742c00000, 0x0000000742c00000, 0x0000000742d00000|  0%| F|  |TAMS 0x0000000742c00000, 0x0000000742c00000| Untracked 
| 125|0x0000000742d00000, 0x0000000742d00000, 0x0000000742e00000|  0%| F|  |TAMS 0x0000000742d00000, 0x0000000742d00000| Untracked 
| 126|0x0000000742e00000, 0x0000000742e00000, 0x0000000742f00000|  0%| F|  |TAMS 0x0000000742e00000, 0x0000000742e00000| Untracked 
| 127|0x0000000742f00000, 0x0000000742f00000, 0x0000000743000000|  0%| F|  |TAMS 0x0000000742f00000, 0x0000000742f00000| Untracked 
| 128|0x0000000743000000, 0x0000000743000000, 0x0000000743100000|  0%| F|  |TAMS 0x0000000743000000, 0x0000000743000000| Untracked 
| 129|0x0000000743100000, 0x0000000743100000, 0x0000000743200000|  0%| F|  |TAMS 0x0000000743100000, 0x0000000743100000| Untracked 
| 130|0x0000000743200000, 0x0000000743200000, 0x0000000743300000|  0%| F|  |TAMS 0x0000000743200000, 0x0000000743200000| Untracked 
| 131|0x0000000743300000, 0x0000000743300000, 0x0000000743400000|  0%| F|  |TAMS 0x0000000743300000, 0x0000000743300000| Untracked 
| 132|0x0000000743400000, 0x0000000743400000, 0x0000000743500000|  0%| F|  |TAMS 0x0000000743400000, 0x0000000743400000| Untracked 
| 133|0x0000000743500000, 0x0000000743500000, 0x0000000743600000|  0%| F|  |TAMS 0x0000000743500000, 0x0000000743500000| Untracked 
| 134|0x0000000743600000, 0x0000000743600000, 0x0000000743700000|  0%| F|  |TAMS 0x0000000743600000, 0x0000000743600000| Untracked 
| 135|0x0000000743700000, 0x0000000743700000, 0x0000000743800000|  0%| F|  |TAMS 0x0000000743700000, 0x0000000743700000| Untracked 
| 136|0x0000000743800000, 0x0000000743800000, 0x0000000743900000|  0%| F|  |TAMS 0x0000000743800000, 0x0000000743800000| Untracked 
| 137|0x0000000743900000, 0x0000000743900000, 0x0000000743a00000|  0%| F|  |TAMS 0x0000000743900000, 0x0000000743900000| Untracked 
| 138|0x0000000743a00000, 0x0000000743a00000, 0x0000000743b00000|  0%| F|  |TAMS 0x0000000743a00000, 0x0000000743a00000| Untracked 
| 139|0x0000000743b00000, 0x0000000743b00000, 0x0000000743c00000|  0%| F|  |TAMS 0x0000000743b00000, 0x0000000743b00000| Untracked 
| 140|0x0000000743c00000, 0x0000000743c00000, 0x0000000743d00000|  0%| F|  |TAMS 0x0000000743c00000, 0x0000000743c00000| Untracked 
| 141|0x0000000743d00000, 0x0000000743d00000, 0x0000000743e00000|  0%| F|  |TAMS 0x0000000743d00000, 0x0000000743d00000| Untracked 
| 142|0x0000000743e00000, 0x0000000743e00000, 0x0000000743f00000|  0%| F|  |TAMS 0x0000000743e00000, 0x0000000743e00000| Untracked 
| 143|0x0000000743f00000, 0x0000000743f00000, 0x0000000744000000|  0%| F|  |TAMS 0x0000000743f00000, 0x0000000743f00000| Untracked 
| 144|0x0000000744000000, 0x0000000744000000, 0x0000000744100000|  0%| F|  |TAMS 0x0000000744000000, 0x0000000744000000| Untracked 
| 145|0x0000000744100000, 0x0000000744100000, 0x0000000744200000|  0%| F|  |TAMS 0x0000000744100000, 0x0000000744100000| Untracked 
| 146|0x0000000744200000, 0x0000000744200000, 0x0000000744300000|  0%| F|  |TAMS 0x0000000744200000, 0x0000000744200000| Untracked 
| 147|0x0000000744300000, 0x0000000744300000, 0x0000000744400000|  0%| F|  |TAMS 0x0000000744300000, 0x0000000744300000| Untracked 
| 148|0x0000000744400000, 0x0000000744400000, 0x0000000744500000|  0%| F|  |TAMS 0x0000000744400000, 0x0000000744400000| Untracked 
| 149|0x0000000744500000, 0x0000000744500000, 0x0000000744600000|  0%| F|  |TAMS 0x0000000744500000, 0x0000000744500000| Untracked 
| 150|0x0000000744600000, 0x0000000744600000, 0x0000000744700000|  0%| F|  |TAMS 0x0000000744600000, 0x0000000744600000| Untracked 
| 151|0x0000000744700000, 0x0000000744700000, 0x0000000744800000|  0%| F|  |TAMS 0x0000000744700000, 0x0000000744700000| Untracked 
| 152|0x0000000744800000, 0x0000000744800000, 0x0000000744900000|  0%| F|  |TAMS 0x0000000744800000, 0x0000000744800000| Untracked 
| 153|0x0000000744900000, 0x0000000744900000, 0x0000000744a00000|  0%| F|  |TAMS 0x0000000744900000, 0x0000000744900000| Untracked 
| 154|0x0000000744a00000, 0x0000000744a00000, 0x0000000744b00000|  0%| F|  |TAMS 0x0000000744a00000, 0x0000000744a00000| Untracked 
| 155|0x0000000744b00000, 0x0000000744b00000, 0x0000000744c00000|  0%| F|  |TAMS 0x0000000744b00000, 0x0000000744b00000| Untracked 
| 156|0x0000000744c00000, 0x0000000744c00000, 0x0000000744d00000|  0%| F|  |TAMS 0x0000000744c00000, 0x0000000744c00000| Untracked 
| 157|0x0000000744d00000, 0x0000000744d00000, 0x0000000744e00000|  0%| F|  |TAMS 0x0000000744d00000, 0x0000000744d00000| Untracked 
| 158|0x0000000744e00000, 0x0000000744e00000, 0x0000000744f00000|  0%| F|  |TAMS 0x0000000744e00000, 0x0000000744e00000| Untracked 
| 159|0x0000000744f00000, 0x0000000744f00000, 0x0000000745000000|  0%| F|  |TAMS 0x0000000744f00000, 0x0000000744f00000| Untracked 
| 160|0x0000000745000000, 0x0000000745000000, 0x0000000745100000|  0%| F|  |TAMS 0x0000000745000000, 0x0000000745000000| Untracked 
| 161|0x0000000745100000, 0x0000000745100000, 0x0000000745200000|  0%| F|  |TAMS 0x0000000745100000, 0x0000000745100000| Untracked 
| 162|0x0000000745200000, 0x0000000745200000, 0x0000000745300000|  0%| F|  |TAMS 0x0000000745200000, 0x0000000745200000| Untracked 
| 163|0x0000000745300000, 0x0000000745300000, 0x0000000745400000|  0%| F|  |TAMS 0x0000000745300000, 0x0000000745300000| Untracked 
| 164|0x0000000745400000, 0x0000000745400000, 0x0000000745500000|  0%| F|  |TAMS 0x0000000745400000, 0x0000000745400000| Untracked 
| 165|0x0000000745500000, 0x0000000745500000, 0x0000000745600000|  0%| F|  |TAMS 0x0000000745500000, 0x0000000745500000| Untracked 
| 166|0x0000000745600000, 0x0000000745600000, 0x0000000745700000|  0%| F|  |TAMS 0x0000000745600000, 0x0000000745600000| Untracked 
| 167|0x0000000745700000, 0x0000000745700000, 0x0000000745800000|  0%| F|  |TAMS 0x0000000745700000, 0x0000000745700000| Untracked 
| 168|0x0000000745800000, 0x0000000745800000, 0x0000000745900000|  0%| F|  |TAMS 0x0000000745800000, 0x0000000745800000| Untracked 
| 169|0x0000000745900000, 0x0000000745900000, 0x0000000745a00000|  0%| F|  |TAMS 0x0000000745900000, 0x0000000745900000| Untracked 
| 170|0x0000000745a00000, 0x0000000745a00000, 0x0000000745b00000|  0%| F|  |TAMS 0x0000000745a00000, 0x0000000745a00000| Untracked 
| 171|0x0000000745b00000, 0x0000000745b00000, 0x0000000745c00000|  0%| F|  |TAMS 0x0000000745b00000, 0x0000000745b00000| Untracked 
| 172|0x0000000745c00000, 0x0000000745c00000, 0x0000000745d00000|  0%| F|  |TAMS 0x0000000745c00000, 0x0000000745c00000| Untracked 
| 173|0x0000000745d00000, 0x0000000745d00000, 0x0000000745e00000|  0%| F|  |TAMS 0x0000000745d00000, 0x0000000745d00000| Untracked 
| 174|0x0000000745e00000, 0x0000000745e00000, 0x0000000745f00000|  0%| F|  |TAMS 0x0000000745e00000, 0x0000000745e00000| Untracked 
| 175|0x0000000745f00000, 0x0000000745f00000, 0x0000000746000000|  0%| F|  |TAMS 0x0000000745f00000, 0x0000000745f00000| Untracked 
| 176|0x0000000746000000, 0x0000000746000000, 0x0000000746100000|  0%| F|  |TAMS 0x0000000746000000, 0x0000000746000000| Untracked 
| 177|0x0000000746100000, 0x000000074617b6c0, 0x0000000746200000| 48%| E|  |TAMS 0x0000000746100000, 0x0000000746100000| Complete 
| 178|0x0000000746200000, 0x0000000746300000, 0x0000000746300000|100%| E|CS|TAMS 0x0000000746200000, 0x0000000746200000| Complete 
| 179|0x0000000746300000, 0x0000000746400000, 0x0000000746400000|100%| E|CS|TAMS 0x0000000746300000, 0x0000000746300000| Complete 
| 180|0x0000000746400000, 0x0000000746500000, 0x0000000746500000|100%| E|CS|TAMS 0x0000000746400000, 0x0000000746400000| Complete 
| 181|0x0000000746500000, 0x0000000746600000, 0x0000000746600000|100%| E|CS|TAMS 0x0000000746500000, 0x0000000746500000| Complete 
| 182|0x0000000746600000, 0x0000000746700000, 0x0000000746700000|100%| E|CS|TAMS 0x0000000746600000, 0x0000000746600000| Complete 
| 183|0x0000000746700000, 0x0000000746800000, 0x0000000746800000|100%| E|CS|TAMS 0x0000000746700000, 0x0000000746700000| Complete 
| 184|0x0000000746800000, 0x0000000746900000, 0x0000000746900000|100%| E|CS|TAMS 0x0000000746800000, 0x0000000746800000| Complete 
| 185|0x0000000746900000, 0x0000000746a00000, 0x0000000746a00000|100%| E|CS|TAMS 0x0000000746900000, 0x0000000746900000| Complete 
| 186|0x0000000746a00000, 0x0000000746b00000, 0x0000000746b00000|100%| E|CS|TAMS 0x0000000746a00000, 0x0000000746a00000| Complete 
| 187|0x0000000746b00000, 0x0000000746c00000, 0x0000000746c00000|100%| E|CS|TAMS 0x0000000746b00000, 0x0000000746b00000| Complete 
| 188|0x0000000746c00000, 0x0000000746d00000, 0x0000000746d00000|100%| E|  |TAMS 0x0000000746c00000, 0x0000000746c00000| Complete 
| 189|0x0000000746d00000, 0x0000000746e00000, 0x0000000746e00000|100%| E|CS|TAMS 0x0000000746d00000, 0x0000000746d00000| Complete 
| 190|0x0000000746e00000, 0x0000000746f00000, 0x0000000746f00000|100%| E|CS|TAMS 0x0000000746e00000, 0x0000000746e00000| Complete 
| 191|0x0000000746f00000, 0x0000000747000000, 0x0000000747000000|100%| E|CS|TAMS 0x0000000746f00000, 0x0000000746f00000| Complete 
| 192|0x0000000747000000, 0x0000000747100000, 0x0000000747100000|100%| E|CS|TAMS 0x0000000747000000, 0x0000000747000000| Complete 
| 193|0x0000000747100000, 0x0000000747200000, 0x0000000747200000|100%| E|CS|TAMS 0x0000000747100000, 0x0000000747100000| Complete 
| 194|0x0000000747200000, 0x0000000747300000, 0x0000000747300000|100%| E|CS|TAMS 0x0000000747200000, 0x0000000747200000| Complete 
| 195|0x0000000747300000, 0x0000000747400000, 0x0000000747400000|100%| E|CS|TAMS 0x0000000747300000, 0x0000000747300000| Complete 
| 196|0x0000000747400000, 0x0000000747500000, 0x0000000747500000|100%| E|CS|TAMS 0x0000000747400000, 0x0000000747400000| Complete 
| 197|0x0000000747500000, 0x0000000747600000, 0x0000000747600000|100%| E|CS|TAMS 0x0000000747500000, 0x0000000747500000| Complete 
|2126|0x00000007bfe00000, 0x00000007bfe48000, 0x00000007bff00000| 28%|OA|  |TAMS 0x00000007bfe00000, 0x00000007bfe00000| Untracked 
|2127|0x00000007bff00000, 0x00000007bff6b000, 0x00000007c0000000| 41%|CA|  |TAMS 0x00000007bff00000, 0x00000007bff00000| Untracked 

Card table byte_map: [0x00007fc575ea9000,0x00007fc5764d1000] _byte_map_base: 0x00007fc5724d1000

Marking Bits (Prev, Next): (CMBitMap*) 0x00007fc57006d4f8, (CMBitMap*) 0x00007fc57006d530
 Prev Bits: [0x00007fc550ec0000, 0x00007fc554000000)
 Next Bits: [0x00007fc54dd80000, 0x00007fc550ec0000)

Polling page: 0x00007fc578f9f000

Metaspace:

Usage:
  Non-class:      5.68 MB capacity,     2.97 MB ( 52%) used,     2.70 MB ( 48%) free+waste,     4.19 KB ( <1%) overhead. 
      Class:    668.00 KB capacity,   392.25 KB ( 59%) used,   273.69 KB ( 41%) free+waste,     2.06 KB ( <1%) overhead. 
       Both:      6.33 MB capacity,     3.35 MB ( 53%) used,     2.97 MB ( 47%) free+waste,     6.25 KB ( <1%) overhead. 

Virtual space:
  Non-class space:        8.00 MB reserved,       5.75 MB ( 72%) committed 
      Class space:        1.00 GB reserved,     768.00 KB ( <1%) committed 
             Both:        1.01 GB reserved,       6.50 MB ( <1%) committed 

Chunk freelists:
   Non-Class:  0 bytes
       Class:  4.00 KB
        Both:  4.00 KB

MaxMetaspaceSize: unlimited
CompressedClassSpaceSize: 1.00 GB
Initial GC threshold: 20.80 MB
Current GC threshold: 20.80 MB
CDS: on

CodeHeap 'non-profiled nmethods': size=120032Kb used=179Kb max_used=179Kb free=119852Kb
 bounds [0x00007fc5602c5000, 0x00007fc560535000, 0x00007fc5677fd000]
CodeHeap 'profiled nmethods': size=120028Kb used=1183Kb max_used=1183Kb free=118844Kb
 bounds [0x00007fc558d8e000, 0x00007fc558ffe000, 0x00007fc5602c5000]
CodeHeap 'non-nmethods': size=5700Kb used=1147Kb max_used=1164Kb free=4552Kb
 bounds [0x00007fc5587fd000, 0x00007fc558a6d000, 0x00007fc558d8e000]
 total_blobs=1031 nmethods=636 adapters=309
 compilation: enabled
              stopped_count=0, restarted_count=0
 full_count=0

Compilation events (20 events):
Event: 0.232 Thread 0x00007fc570197000 nmethod 622 0x00007fc5602edd90 code [0x00007fc5602edf40, 0x00007fc5602ee010]
Event: 0.232 Thread 0x00007fc570197000  626   !   3       jdk.internal.loader.URLClassPath$JarLoader::checkResource (78 bytes)
Event: 0.232 Thread 0x00007fc570197000 nmethod 626 0x00007fc558eaad10 code [0x00007fc558eaaf60, 0x00007fc558eab980]
Event: 0.232 Thread 0x00007fc570197000  627       1       sun.nio.fs.NativeBuffer::address (5 bytes)
Event: 0.232 Thread 0x00007fc570197000 nmethod 627 0x00007fc5602ee090 code [0x00007fc5602ee240, 0x00007fc5602ee310]
Event: 0.233 Thread 0x00007fc570197000  628       3       sun.reflect.annotation.AnnotationInvocationHandler::invoke (178 bytes)
Event: 0.233 Thread 0x00007fc570197000 nmethod 628 0x00007fc558eabe10 code [0x00007fc558eac120, 0x00007fc558ead280]
Event: 0.233 Thread 0x00007fc570197000  629       3       java.lang.reflect.Method::getParameterCount (6 bytes)
Event: 0.233 Thread 0x00007fc570197000 nmethod 629 0x00007fc558ead810 code [0x00007fc558ead9c0, 0x00007fc558eadaf0]
Event: 0.233 Thread 0x00007fc570197000  632       3       java.net.URLStreamHandler::toExternalForm (156 bytes)
Event: 0.233 Thread 0x00007fc570195000 nmethod 609 0x00007fc5602ee790 code [0x00007fc5602ee920, 0x00007fc5602eeb98]
Event: 0.234 Thread 0x00007fc570195000  610       4       java.lang.StringLatin1::replace (196 bytes)
Event: 0.234 Thread 0x00007fc570197000 nmethod 632 0x00007fc558eadb90 code [0x00007fc558eae040, 0x00007fc558eb00b0]
Event: 0.234 Thread 0x00007fc570197000  631       3       java.lang.Character::isSurrogate (18 bytes)
Event: 0.234 Thread 0x00007fc570197000 nmethod 631 0x00007fc558eb0a90 code [0x00007fc558eb0c40, 0x00007fc558eb0db0]
Event: 0.235 Thread 0x00007fc570197000  633       3       java.nio.ByteBuffer::arrayOffset (35 bytes)
Event: 0.235 Thread 0x00007fc570197000 nmethod 633 0x00007fc558eb0e10 code [0x00007fc558eb0fe0, 0x00007fc558eb12d0]
Event: 0.235 Thread 0x00007fc570197000  634       3       java.nio.CharBuffer::arrayOffset (35 bytes)
Event: 0.235 Thread 0x00007fc570197000 nmethod 634 0x00007fc558eb1410 code [0x00007fc558eb15e0, 0x00007fc558eb18d0]
Event: 0.237 Thread 0x00007fc570197000  635       3       java.lang.String::<init> (55 bytes)

GC Heap History (0 events):
No events

Deoptimization events (16 events):
Event: 0.060 Thread 0x00007fc570016800 DEOPT PACKING pc=0x00007fc558da0a8b sp=0x00007fc577756b10
Event: 0.060 Thread 0x00007fc570016800 DEOPT UNPACKING pc=0x00007fc5588469fa sp=0x00007fc577755fd0 mode 0
Event: 0.113 Thread 0x00007fc570016800 Uncommon trap: trap_request=0xffffff4d fr.pc=0x00007fc5602d0fa0 relative=0x0000000000000360
Event: 0.113 Thread 0x00007fc570016800 Uncommon trap: reason=unstable_if action=reinterpret pc=0x00007fc5602d0fa0 method=java.lang.StringLatin1.indexOf([BI[BII)I @ 91 c2
Event: 0.113 Thread 0x00007fc570016800 DEOPT PACKING pc=0x00007fc5602d0fa0 sp=0x00007fc577756c80
Event: 0.113 Thread 0x00007fc570016800 DEOPT UNPACKING pc=0x00007fc5588052a5 sp=0x00007fc577756c00 mode 2
Event: 0.114 Thread 0x00007fc570016800 DEOPT PACKING pc=0x00007fc558da0443 sp=0x00007fc577753d40
Event: 0.114 Thread 0x00007fc570016800 DEOPT UNPACKING pc=0x00007fc5588469fa sp=0x00007fc577753230 mode 0
Event: 0.117 Thread 0x00007fc570016800 DEOPT PACKING pc=0x00007fc558da0443 sp=0x00007fc577753d40
Event: 0.117 Thread 0x00007fc570016800 DEOPT UNPACKING pc=0x00007fc5588469fa sp=0x00007fc577753230 mode 0
Event: 0.133 Thread 0x00007fc570016800 Uncommon trap: trap_request=0xffffff4d fr.pc=0x00007fc5602d1a0c relative=0x000000000000024c
Event: 0.133 Thread 0x00007fc570016800 Uncommon trap: reason=unstable_if action=reinterpret pc=0x00007fc5602d1a0c method=java.lang.String.startsWith(Ljava/lang/String;I)Z @ 14 c2
Event: 0.133 Thread 0x00007fc570016800 DEOPT PACKING pc=0x00007fc5602d1a0c sp=0x00007fc5777584d0
Event: 0.133 Thread 0x00007fc570016800 DEOPT UNPACKING pc=0x00007fc5588052a5 sp=0x00007fc577758458 mode 2
Event: 0.168 Thread 0x00007fc570016800 DEOPT PACKING pc=0x00007fc558e15e42 sp=0x00007fc577756a50
Event: 0.168 Thread 0x00007fc570016800 DEOPT UNPACKING pc=0x00007fc5588469fa sp=0x00007fc577755ed8 mode 0

Classes redefined (0 events):
No events

Internal exceptions (20 events):
Event: 0.114 Thread 0x00007fc570016800 Exception <a 'java/security/PrivilegedActionException'{0x00000007471027f8}> (0x00000007471027f8) thrown at [src/hotspot/share/prims/jvm.cpp, line 1304]
Event: 0.114 Thread 0x00007fc570016800 Exception <a 'java/security/PrivilegedActionException'{0x0000000747102ac8}> (0x0000000747102ac8) thrown at [src/hotspot/share/prims/jvm.cpp, line 1304]
Event: 0.114 Thread 0x00007fc570016800 Exception <a 'java/security/PrivilegedActionException'{0x0000000747103590}> (0x0000000747103590) thrown at [src/hotspot/share/prims/jvm.cpp, line 1304]
Event: 0.114 Thread 0x00007fc570016800 Exception <a 'java/security/PrivilegedActionException'{0x0000000747103860}> (0x0000000747103860) thrown at [src/hotspot/share/prims/jvm.cpp, line 1304]
Event: 0.114 Thread 0x00007fc570016800 Exception <a 'java/security/PrivilegedActionException'{0x0000000747104330}> (0x0000000747104330) thrown at [src/hotspot/share/prims/jvm.cpp, line 1304]
Event: 0.114 Thread 0x00007fc570016800 Exception <a 'java/security/PrivilegedActionException'{0x0000000747104600}> (0x0000000747104600) thrown at [src/hotspot/share/prims/jvm.cpp, line 1304]
Event: 0.114 Thread 0x00007fc570016800 Exception <a 'java/security/PrivilegedActionException'{0x00000007471050d0}> (0x00000007471050d0) thrown at [src/hotspot/share/prims/jvm.cpp, line 1304]
Event: 0.114 Thread 0x00007fc570016800 Exception <a 'java/security/PrivilegedActionException'{0x00000007471053a0}> (0x00000007471053a0) thrown at [src/hotspot/share/prims/jvm.cpp, line 1304]
Event: 0.114 Thread 0x00007fc570016800 Exception <a 'java/security/PrivilegedActionException'{0x0000000747105e90}> (0x0000000747105e90) thrown at [src/hotspot/share/prims/jvm.cpp, line 1304]
Event: 0.114 Thread 0x00007fc570016800 Exception <a 'java/security/PrivilegedActionException'{0x0000000747106160}> (0x0000000747106160) thrown at [src/hotspot/share/prims/jvm.cpp, line 1304]
Event: 0.114 Thread 0x00007fc570016800 Exception <a 'java/security/PrivilegedActionException'{0x0000000747106c30}> (0x0000000747106c30) thrown at [src/hotspot/share/prims/jvm.cpp, line 1304]
Event: 0.114 Thread 0x00007fc570016800 Exception <a 'java/security/PrivilegedActionException'{0x0000000747106f00}> (0x0000000747106f00) thrown at [src/hotspot/share/prims/jvm.cpp, line 1304]
Event: 0.114 Thread 0x00007fc570016800 Exception <a 'java/security/PrivilegedActionException'{0x00000007471079f8}> (0x00000007471079f8) thrown at [src/hotspot/share/prims/jvm.cpp, line 1304]
Event: 0.114 Thread 0x00007fc570016800 Exception <a 'java/security/PrivilegedActionException'{0x0000000747107cc8}> (0x0000000747107cc8) thrown at [src/hotspot/share/prims/jvm.cpp, line 1304]
Event: 0.140 Thread 0x00007fc570016800 Exception <a 'java/lang/NoSuchMethodError'{0x00000007470a0cf8}: 'int java.lang.invoke.DirectMethodHandle$Holder.invokeStaticInit(java.lang.Object, java.lang.Object, java.lang.Object, java.lang.Object)'> (0x00000007470a0cf8) thrown at [src/hotspot/share/interpreter/linkResolver.cpp, line 772]
Event: 0.141 Thread 0x00007fc570016800 Exception <a 'java/lang/IncompatibleClassChangeError'{0x00000007470ab1e0}: Found class java.lang.Object, but interface was expected> (0x00000007470ab1e0) thrown at [src/hotspot/share/interpreter/linkResolver.cpp, line 839]
Event: 0.142 Thread 0x00007fc570016800 Exception <a 'java/lang/NoSuchMethodError'{0x00000007470ae430}: 'void java.lang.invoke.DirectMethodHandle$Holder.invokeStaticInit(java.lang.Object, java.lang.Object)'> (0x00000007470ae430) thrown at [src/hotspot/share/interpreter/linkResolver.cpp, line 772]
Event: 0.143 Thread 0x00007fc570016800 Exception <a 'java/lang/NoSuchMethodError'{0x00000007470b4180}: 'int java.lang.invoke.DirectMethodHandle$Holder.invokeStaticInit(java.lang.Object, java.lang.Object)'> (0x00000007470b4180) thrown at [src/hotspot/share/interpreter/linkResolver.cpp, line 772]
Event: 0.179 Thread 0x00007fc570016800 Exception <a 'java/security/PrivilegedActionException'{0x0000000746e31ec0}> (0x0000000746e31ec0) thrown at [src/hotspot/share/prims/jvm.cpp, line 1304]
Event: 0.179 Thread 0x00007fc570016800 Exception <a 'java/security/PrivilegedActionException'{0x0000000746e32190}> (0x0000000746e32190) thrown at [src/hotspot/share/prims/jvm.cpp, line 1304]

Events (20 events):
Event: 0.231 loading class org/bytedeco/llvm/LLVM/LLVMRelocationIteratorRef
Event: 0.231 loading class org/bytedeco/llvm/LLVM/LLVMRelocationIteratorRef done
Event: 0.231 loading class org/bytedeco/llvm/LLVM/LLVMObjectFileRef
Event: 0.231 loading class org/bytedeco/llvm/LLVM/LLVMObjectFileRef done
Event: 0.231 loading class org/bytedeco/llvm/LLVM/LLVMTargetRef
Event: 0.231 loading class org/bytedeco/llvm/LLVM/LLVMTargetRef done
Event: 0.231 loading class org/bytedeco/llvm/LLVM/LLVMPassManagerBuilderRef
Event: 0.231 loading class org/bytedeco/llvm/LLVM/LLVMPassManagerBuilderRef done
Event: 0.231 loading class org/bytedeco/llvm/LLVM/LLVMPassBuilderOptionsRef
Event: 0.231 loading class org/bytedeco/llvm/LLVM/LLVMPassBuilderOptionsRef done
Event: 0.231 loading class org/bytedeco/llvm/LLVM/Pass
Event: 0.231 loading class org/bytedeco/llvm/LLVM/Pass done
Event: 0.232 loading class org/bytedeco/llvm/LLVM/LLVMNamedMDNodeRef
Event: 0.232 loading class org/bytedeco/llvm/LLVM/LLVMNamedMDNodeRef done
Event: 0.232 loading class org/bytedeco/llvm/LLVM/LLVMUseRef
Event: 0.232 loading class org/bytedeco/llvm/LLVM/LLVMUseRef done
Event: 0.235 loading class org/bytedeco/javacpp/PointerScope
Event: 0.235 loading class org/bytedeco/javacpp/PointerScope done
Event: 0.236 loading class org/bytedeco/javacpp/PointerScope$1
Event: 0.236 loading class org/bytedeco/javacpp/PointerScope$1 done


Dynamic libraries:
73b000000-747600000 rw-p 00000000 00:00 0 
747600000-7bfe00000 ---p 00000000 00:00 0 
7bfe00000-7bfe48000 rw-p 00b0a000 08:10 51914                            /usr/lib/jvm/java-11-openjdk-amd64/lib/server/classes.jsa
7bfe48000-7bff00000 rw-p 00000000 00:00 0 
7bff00000-7bff6b000 rw-p 00a9f000 08:10 51914                            /usr/lib/jvm/java-11-openjdk-amd64/lib/server/classes.jsa
7bff6b000-7c0000000 rw-p 00000000 00:00 0 
7c0000000-800000000 ---p 00000000 00:00 0 
800000000-800002000 rwxp 00001000 08:10 51914                            /usr/lib/jvm/java-11-openjdk-amd64/lib/server/classes.jsa
800002000-8003cc000 rw-p 00003000 08:10 51914                            /usr/lib/jvm/java-11-openjdk-amd64/lib/server/classes.jsa
8003cc000-800a9d000 r--p 003cd000 08:10 51914                            /usr/lib/jvm/java-11-openjdk-amd64/lib/server/classes.jsa
800a9d000-800a9e000 rw-p 00a9e000 08:10 51914                            /usr/lib/jvm/java-11-openjdk-amd64/lib/server/classes.jsa
840000000-8400c0000 rw-p 00000000 00:00 0 
8400c0000-880000000 ---p 00000000 00:00 0 
563594a71000-563594a72000 r--p 00000000 08:10 51492                      /usr/lib/jvm/java-11-openjdk-amd64/bin/java
563594a72000-563594a73000 r-xp 00001000 08:10 51492                      /usr/lib/jvm/java-11-openjdk-amd64/bin/java
563594a73000-563594a74000 r--p 00002000 08:10 51492                      /usr/lib/jvm/java-11-openjdk-amd64/bin/java
563594a74000-563594a75000 r--p 00002000 08:10 51492                      /usr/lib/jvm/java-11-openjdk-amd64/bin/java
563594a75000-563594a76000 rw-p 00003000 08:10 51492                      /usr/lib/jvm/java-11-openjdk-amd64/bin/java
563596884000-5635968a5000 rw-p 00000000 00:00 0                          [heap]
7fc4fd52c000-7fc4fde52000 r--p 00000000 08:10 59050                      /root/.javacpp/cache/llvm-13.0.1-1.5.7-linux-x86_64.jar/org/bytedeco/llvm/linux-x86_64/libLLVM-13.so
7fc4fde52000-7fc501815000 r-xp 00926000 08:10 59050                      /root/.javacpp/cache/llvm-13.0.1-1.5.7-linux-x86_64.jar/org/bytedeco/llvm/linux-x86_64/libLLVM-13.so
7fc501815000-7fc503a6a000 r--p 042e9000 08:10 59050                      /root/.javacpp/cache/llvm-13.0.1-1.5.7-linux-x86_64.jar/org/bytedeco/llvm/linux-x86_64/libLLVM-13.so
7fc503a6a000-7fc503f7f000 r--p 0653d000 08:10 59050                      /root/.javacpp/cache/llvm-13.0.1-1.5.7-linux-x86_64.jar/org/bytedeco/llvm/linux-x86_64/libLLVM-13.so
7fc503f7f000-7fc503f8a000 rw-p 06a52000 08:10 59050                      /root/.javacpp/cache/llvm-13.0.1-1.5.7-linux-x86_64.jar/org/bytedeco/llvm/linux-x86_64/libLLVM-13.so
7fc503f8a000-7fc504000000 rw-p 00000000 00:00 0 
7fc504000000-7fc5040db000 rw-p 00000000 00:00 0 
7fc5040db000-7fc508000000 ---p 00000000 00:00 0 
7fc50c000000-7fc50c021000 rw-p 00000000 00:00 0 
7fc50c021000-7fc510000000 ---p 00000000 00:00 0 
7fc510000000-7fc510021000 rw-p 00000000 00:00 0 
7fc510021000-7fc514000000 ---p 00000000 00:00 0 
7fc514000000-7fc514021000 rw-p 00000000 00:00 0 
7fc514021000-7fc518000000 ---p 00000000 00:00 0 
7fc518000000-7fc518021000 rw-p 00000000 00:00 0 
7fc518021000-7fc51c000000 ---p 00000000 00:00 0 
7fc51c000000-7fc51c285000 rw-p 00000000 00:00 0 
7fc51c285000-7fc520000000 ---p 00000000 00:00 0 
7fc520000000-7fc5203dd000 rw-p 00000000 00:00 0 
7fc5203dd000-7fc524000000 ---p 00000000 00:00 0 
7fc524000000-7fc524021000 rw-p 00000000 00:00 0 
7fc524021000-7fc528000000 ---p 00000000 00:00 0 
7fc528000000-7fc528021000 rw-p 00000000 00:00 0 
7fc528021000-7fc52c000000 ---p 00000000 00:00 0 
7fc52c000000-7fc52c021000 rw-p 00000000 00:00 0 
7fc52c021000-7fc530000000 ---p 00000000 00:00 0 
7fc530000000-7fc530021000 rw-p 00000000 00:00 0 
7fc530021000-7fc534000000 ---p 00000000 00:00 0 
7fc534000000-7fc534021000 rw-p 00000000 00:00 0 
7fc534021000-7fc538000000 ---p 00000000 00:00 0 
7fc538000000-7fc538021000 rw-p 00000000 00:00 0 
7fc538021000-7fc53c000000 ---p 00000000 00:00 0 
7fc53c000000-7fc53c021000 rw-p 00000000 00:00 0 
7fc53c021000-7fc540000000 ---p 00000000 00:00 0 
7fc540000000-7fc540021000 rw-p 00000000 00:00 0 
7fc540021000-7fc544000000 ---p 00000000 00:00 0 
7fc546000000-7fc548000000 rw-p 00000000 00:00 0 
7fc548000000-7fc548021000 rw-p 00000000 00:00 0 
7fc548021000-7fc54c000000 ---p 00000000 00:00 0 
7fc54d572000-7fc54d5d7000 r--p 00000000 08:10 59056                      /root/.javacpp/cache/llvm-13.0.1-1.5.7-linux-x86_64.jar/org/bytedeco/llvm/linux-x86_64/libjniLLVM.so
7fc54d5d7000-7fc54d645000 r-xp 00065000 08:10 59056                      /root/.javacpp/cache/llvm-13.0.1-1.5.7-linux-x86_64.jar/org/bytedeco/llvm/linux-x86_64/libjniLLVM.so
7fc54d645000-7fc54d670000 r--p 000d3000 08:10 59056                      /root/.javacpp/cache/llvm-13.0.1-1.5.7-linux-x86_64.jar/org/bytedeco/llvm/linux-x86_64/libjniLLVM.so
7fc54d670000-7fc54d673000 r--p 000fd000 08:10 59056                      /root/.javacpp/cache/llvm-13.0.1-1.5.7-linux-x86_64.jar/org/bytedeco/llvm/linux-x86_64/libjniLLVM.so
7fc54d673000-7fc54d676000 rw-p 00100000 08:10 59056                      /root/.javacpp/cache/llvm-13.0.1-1.5.7-linux-x86_64.jar/org/bytedeco/llvm/linux-x86_64/libjniLLVM.so
7fc54d676000-7fc54d678000 rw-p 00000000 00:00 0 
7fc54d678000-7fc54d67c000 ---p 00000000 00:00 0 
7fc54d67c000-7fc54d779000 rw-p 00000000 00:00 0 
7fc54d779000-7fc54d77d000 ---p 00000000 00:00 0 
7fc54d77d000-7fc54d87a000 rw-p 00000000 00:00 0 
7fc54d87a000-7fc54d87e000 ---p 00000000 00:00 0 
7fc54d87e000-7fc54d97b000 rw-p 00000000 00:00 0 
7fc54d97b000-7fc54d97c000 ---p 00000000 00:00 0 
7fc54d97c000-7fc54da7d000 rw-p 00000000 00:00 0 
7fc54da7d000-7fc54da81000 ---p 00000000 00:00 0 
7fc54da81000-7fc54db7e000 rw-p 00000000 00:00 0 
7fc54db7e000-7fc54db82000 ---p 00000000 00:00 0 
7fc54db82000-7fc54dc7f000 rw-p 00000000 00:00 0 
7fc54dc7f000-7fc54dc83000 ---p 00000000 00:00 0 
7fc54dc83000-7fc54e098000 rw-p 00000000 00:00 0 
7fc54e098000-7fc54feb8000 ---p 00000000 00:00 0 
7fc54feb8000-7fc54fec0000 rw-p 00000000 00:00 0 
7fc54fec0000-7fc550ec0000 ---p 00000000 00:00 0 
7fc550ec0000-7fc5511d8000 rw-p 00000000 00:00 0 
7fc5511d8000-7fc552ff8000 ---p 00000000 00:00 0 
7fc552ff8000-7fc553000000 rw-p 00000000 00:00 0 
7fc553000000-7fc554000000 ---p 00000000 00:00 0 
7fc554000000-7fc554021000 rw-p 00000000 00:00 0 
7fc554021000-7fc558000000 ---p 00000000 00:00 0 
7fc558034000-7fc55803b000 r--p 00000000 08:10 59052                      /root/.javacpp/cache/llvm-13.0.1-1.5.7-linux-x86_64.jar/org/bytedeco/llvm/linux-x86_64/libLTO.so.13
7fc55803b000-7fc558043000 r-xp 00007000 08:10 59052                      /root/.javacpp/cache/llvm-13.0.1-1.5.7-linux-x86_64.jar/org/bytedeco/llvm/linux-x86_64/libLTO.so.13
7fc558043000-7fc558045000 r--p 0000f000 08:10 59052                      /root/.javacpp/cache/llvm-13.0.1-1.5.7-linux-x86_64.jar/org/bytedeco/llvm/linux-x86_64/libLTO.so.13
7fc558045000-7fc558046000 r--p 00010000 08:10 59052                      /root/.javacpp/cache/llvm-13.0.1-1.5.7-linux-x86_64.jar/org/bytedeco/llvm/linux-x86_64/libLTO.so.13
7fc558046000-7fc558047000 rw-p 00011000 08:10 59052                      /root/.javacpp/cache/llvm-13.0.1-1.5.7-linux-x86_64.jar/org/bytedeco/llvm/linux-x86_64/libLTO.so.13
7fc558047000-7fc55804b000 r--p 00000000 08:10 59044                      /root/.javacpp/cache/javacpp-1.5.7-linux-x86_64.jar/org/bytedeco/javacpp/linux-x86_64/libjnijavacpp.so
7fc55804b000-7fc558052000 r-xp 00004000 08:10 59044                      /root/.javacpp/cache/javacpp-1.5.7-linux-x86_64.jar/org/bytedeco/javacpp/linux-x86_64/libjnijavacpp.so
7fc558052000-7fc558056000 r--p 0000b000 08:10 59044                      /root/.javacpp/cache/javacpp-1.5.7-linux-x86_64.jar/org/bytedeco/javacpp/linux-x86_64/libjnijavacpp.so
7fc558056000-7fc558057000 r--p 0000e000 08:10 59044                      /root/.javacpp/cache/javacpp-1.5.7-linux-x86_64.jar/org/bytedeco/javacpp/linux-x86_64/libjnijavacpp.so
7fc558057000-7fc558058000 rw-p 0000f000 08:10 59044                      /root/.javacpp/cache/javacpp-1.5.7-linux-x86_64.jar/org/bytedeco/javacpp/linux-x86_64/libjnijavacpp.so
7fc558058000-7fc558089000 rw-p 00000000 00:00 0 
7fc558089000-7fc55808d000 r--p 00000000 08:10 51641                      /usr/lib/jvm/java-11-openjdk-amd64/lib/libnet.so
7fc55808d000-7fc55809b000 r-xp 00004000 08:10 51641                      /usr/lib/jvm/java-11-openjdk-amd64/lib/libnet.so
7fc55809b000-7fc55809f000 r--p 00012000 08:10 51641                      /usr/lib/jvm/java-11-openjdk-amd64/lib/libnet.so
7fc55809f000-7fc5580a0000 r--p 00015000 08:10 51641                      /usr/lib/jvm/java-11-openjdk-amd64/lib/libnet.so
7fc5580a0000-7fc5580a1000 rw-p 00016000 08:10 51641                      /usr/lib/jvm/java-11-openjdk-amd64/lib/libnet.so
7fc5580a1000-7fc5580a5000 ---p 00000000 00:00 0 
7fc5580a5000-7fc5581a2000 rw-p 00000000 00:00 0 
7fc5581a2000-7fc5581a6000 ---p 00000000 00:00 0 
7fc5581a6000-7fc5582a3000 rw-p 00000000 00:00 0 
7fc5582a3000-7fc558416000 r--p 00000000 08:10 37759                      /usr/lib/locale/C.UTF-8/LC_COLLATE
7fc558416000-7fc5586fc000 r--p 00000000 08:10 37757                      /usr/lib/locale/locale-archive
7fc5586fc000-7fc558700000 ---p 00000000 00:00 0 
7fc558700000-7fc5587fd000 rw-p 00000000 00:00 0 
7fc5587fd000-7fc558a6d000 rwxp 00000000 00:00 0 
7fc558a6d000-7fc558d8e000 ---p 00000000 00:00 0 
7fc558d8e000-7fc558ffe000 rwxp 00000000 00:00 0 
7fc558ffe000-7fc5602c5000 ---p 00000000 00:00 0 
7fc5602c5000-7fc560535000 rwxp 00000000 00:00 0 
7fc560535000-7fc5677fd000 ---p 00000000 00:00 0 
7fc5677fd000-7fc570000000 r--s 00000000 08:10 51651                      /usr/lib/jvm/java-11-openjdk-amd64/lib/modules
7fc570000000-7fc5704ff000 rw-p 00000000 00:00 0 
7fc5704ff000-7fc574000000 ---p 00000000 00:00 0 
7fc574002000-7fc574003000 r--p 00000000 08:10 59054                      /root/.javacpp/cache/llvm-13.0.1-1.5.7-linux-x86_64.jar/org/bytedeco/llvm/linux-x86_64/libRemarks.so.13
7fc574003000-7fc574004000 r-xp 00001000 08:10 59054                      /root/.javacpp/cache/llvm-13.0.1-1.5.7-linux-x86_64.jar/org/bytedeco/llvm/linux-x86_64/libRemarks.so.13
7fc574004000-7fc574005000 r--p 00002000 08:10 59054                      /root/.javacpp/cache/llvm-13.0.1-1.5.7-linux-x86_64.jar/org/bytedeco/llvm/linux-x86_64/libRemarks.so.13
7fc574005000-7fc574006000 r--p 00002000 08:10 59054                      /root/.javacpp/cache/llvm-13.0.1-1.5.7-linux-x86_64.jar/org/bytedeco/llvm/linux-x86_64/libRemarks.so.13
7fc574006000-7fc574007000 rw-p 00003000 08:10 59054                      /root/.javacpp/cache/llvm-13.0.1-1.5.7-linux-x86_64.jar/org/bytedeco/llvm/linux-x86_64/libRemarks.so.13
7fc574007000-7fc57400e000 r--p 00000000 08:10 51642                      /usr/lib/jvm/java-11-openjdk-amd64/lib/libnio.so
7fc57400e000-7fc574016000 r-xp 00007000 08:10 51642                      /usr/lib/jvm/java-11-openjdk-amd64/lib/libnio.so
7fc574016000-7fc574019000 r--p 0000f000 08:10 51642                      /usr/lib/jvm/java-11-openjdk-amd64/lib/libnio.so
7fc574019000-7fc57401a000 r--p 00011000 08:10 51642                      /usr/lib/jvm/java-11-openjdk-amd64/lib/libnio.so
7fc57401a000-7fc57401b000 rw-p 00012000 08:10 51642                      /usr/lib/jvm/java-11-openjdk-amd64/lib/libnio.so
7fc57401b000-7fc57404d000 r--p 00000000 08:10 37760                      /usr/lib/locale/C.UTF-8/LC_CTYPE
7fc57404d000-7fc57404e000 r--p 00000000 08:10 37766                      /usr/lib/locale/C.UTF-8/LC_NUMERIC
7fc57404e000-7fc57404f000 r--p 00000000 08:10 37769                      /usr/lib/locale/C.UTF-8/LC_TIME
7fc57404f000-7fc574050000 r--p 00000000 08:10 37764                      /usr/lib/locale/C.UTF-8/LC_MONETARY
7fc574050000-7fc574051000 r--p 00000000 08:10 37770                      /usr/lib/locale/C.UTF-8/LC_MESSAGES/SYS_LC_MESSAGES
7fc574051000-7fc574052000 r--p 00000000 08:10 37767                      /usr/lib/locale/C.UTF-8/LC_PAPER
7fc574052000-7fc574053000 r--p 00000000 08:10 37765                      /usr/lib/locale/C.UTF-8/LC_NAME
7fc574053000-7fc574054000 r--p 00000000 08:10 37758                      /usr/lib/locale/C.UTF-8/LC_ADDRESS
7fc574054000-7fc574055000 r--p 00000000 08:10 37768                      /usr/lib/locale/C.UTF-8/LC_TELEPHONE
7fc574055000-7fc57405c000 r--s 00000000 08:10 28968                      /usr/lib/x86_64-linux-gnu/gconv/gconv-modules.cache
7fc57405c000-7fc574060000 ---p 00000000 00:00 0 
7fc574060000-7fc57415d000 rw-p 00000000 00:00 0 
7fc57415d000-7fc57415e000 ---p 00000000 00:00 0 
7fc57415e000-7fc574923000 rw-p 00000000 00:00 0 
7fc574923000-7fc574b63000 ---p 00000000 00:00 0 
7fc574b63000-7fc574ba5000 rw-p 00000000 00:00 0 
7fc574ba5000-7fc574ba6000 ---p 00000000 00:00 0 
7fc574ba6000-7fc574ca7000 rw-p 00000000 00:00 0 
7fc574ca7000-7fc574ca8000 ---p 00000000 00:00 0 
7fc574ca8000-7fc5755b1000 rw-p 00000000 00:00 0 
7fc5755b1000-7fc5755b2000 ---p 00000000 00:00 0 
7fc5755b2000-7fc5756b3000 rw-p 00000000 00:00 0 
7fc5756b3000-7fc5756b4000 ---p 00000000 00:00 0 
7fc5756b4000-7fc5758e4000 rw-p 00000000 00:00 0 
7fc5758e4000-7fc575ca8000 ---p 00000000 00:00 0 
7fc575ca8000-7fc575ca9000 rw-p 00000000 00:00 0 
7fc575ca9000-7fc575ea9000 ---p 00000000 00:00 0 
7fc575ea9000-7fc575f0c000 rw-p 00000000 00:00 0 
7fc575f0c000-7fc5762d0000 ---p 00000000 00:00 0 
7fc5762d0000-7fc5762d1000 rw-p 00000000 00:00 0 
7fc5762d1000-7fc5764d1000 ---p 00000000 00:00 0 
7fc5764d1000-7fc576534000 rw-p 00000000 00:00 0 
7fc576534000-7fc5768f8000 ---p 00000000 00:00 0 
7fc5768f8000-7fc5768f9000 rw-p 00000000 00:00 0 
7fc5768f9000-7fc576af9000 ---p 00000000 00:00 0 
7fc576af9000-7fc577301000 rw-p 00000000 00:00 0 
7fc577301000-7fc577302000 ---p 00000000 00:00 0 
7fc577302000-7fc577408000 rw-p 00000000 00:00 0 
7fc577408000-7fc5774ee000 ---p 00000000 00:00 0 
7fc5774ee000-7fc5774f3000 rw-p 00000000 00:00 0 
7fc5774f3000-7fc5775d9000 ---p 00000000 00:00 0 
7fc5775d9000-7fc5775de000 rw-p 00000000 00:00 0 
7fc5775de000-7fc5775e5000 ---p 00000000 00:00 0 
7fc5775e5000-7fc5775e7000 r--p 00000000 08:10 51650                      /usr/lib/jvm/java-11-openjdk-amd64/lib/libzip.so
7fc5775e7000-7fc5775ec000 r-xp 00002000 08:10 51650                      /usr/lib/jvm/java-11-openjdk-amd64/lib/libzip.so
7fc5775ec000-7fc5775ee000 r--p 00007000 08:10 51650                      /usr/lib/jvm/java-11-openjdk-amd64/lib/libzip.so
7fc5775ee000-7fc5775ef000 r--p 00008000 08:10 51650                      /usr/lib/jvm/java-11-openjdk-amd64/lib/libzip.so
7fc5775ef000-7fc5775f0000 rw-p 00009000 08:10 51650                      /usr/lib/jvm/java-11-openjdk-amd64/lib/libzip.so
7fc5775f0000-7fc5775f3000 r--p 00000000 08:10 27115                      /usr/lib/x86_64-linux-gnu/libnss_files-2.31.so
7fc5775f3000-7fc5775fa000 r-xp 00003000 08:10 27115                      /usr/lib/x86_64-linux-gnu/libnss_files-2.31.so
7fc5775fa000-7fc5775fc000 r--p 0000a000 08:10 27115                      /usr/lib/x86_64-linux-gnu/libnss_files-2.31.so
7fc5775fc000-7fc5775fd000 r--p 0000b000 08:10 27115                      /usr/lib/x86_64-linux-gnu/libnss_files-2.31.so
7fc5775fd000-7fc5775fe000 rw-p 0000c000 08:10 27115                      /usr/lib/x86_64-linux-gnu/libnss_files-2.31.so
7fc5775fe000-7fc577604000 rw-p 00000000 00:00 0 
7fc577604000-7fc577605000 r--p 00000000 08:10 37762                      /usr/lib/locale/C.UTF-8/LC_MEASUREMENT
7fc577605000-7fc577607000 r--s 0000c000 08:10 23045                      /usr/share/java/java-atk-wrapper.jar
7fc577607000-7fc57760f000 rw-s 00000000 08:10 59087                      /tmp/hsperfdata_root/5670
7fc57760f000-7fc57761d000 r--p 00000000 08:10 51630                      /usr/lib/jvm/java-11-openjdk-amd64/lib/libjava.so
7fc57761d000-7fc577633000 r-xp 0000e000 08:10 51630                      /usr/lib/jvm/java-11-openjdk-amd64/lib/libjava.so
7fc577633000-7fc57763a000 r--p 00024000 08:10 51630                      /usr/lib/jvm/java-11-openjdk-amd64/lib/libjava.so
7fc57763a000-7fc57763b000 r--p 0002a000 08:10 51630                      /usr/lib/jvm/java-11-openjdk-amd64/lib/libjava.so
7fc57763b000-7fc57763c000 rw-p 0002b000 08:10 51630                      /usr/lib/jvm/java-11-openjdk-amd64/lib/libjava.so
7fc57763c000-7fc57763d000 rw-p 00000000 00:00 0 
7fc57763d000-7fc577642000 r--p 00000000 08:10 51649                      /usr/lib/jvm/java-11-openjdk-amd64/lib/libverify.so
7fc577642000-7fc577649000 r-xp 00005000 08:10 51649                      /usr/lib/jvm/java-11-openjdk-amd64/lib/libverify.so
7fc577649000-7fc57764b000 r--p 0000c000 08:10 51649                      /usr/lib/jvm/java-11-openjdk-amd64/lib/libverify.so
7fc57764b000-7fc57764c000 ---p 0000e000 08:10 51649                      /usr/lib/jvm/java-11-openjdk-amd64/lib/libverify.so
7fc57764c000-7fc57764e000 r--p 0000e000 08:10 51649                      /usr/lib/jvm/java-11-openjdk-amd64/lib/libverify.so
7fc57764e000-7fc57764f000 rw-p 00010000 08:10 51649                      /usr/lib/jvm/java-11-openjdk-amd64/lib/libverify.so
7fc57764f000-7fc577652000 r--p 00000000 08:10 27205                      /usr/lib/x86_64-linux-gnu/librt-2.31.so
7fc577652000-7fc577656000 r-xp 00003000 08:10 27205                      /usr/lib/x86_64-linux-gnu/librt-2.31.so
7fc577656000-7fc577657000 r--p 00007000 08:10 27205                      /usr/lib/x86_64-linux-gnu/librt-2.31.so
7fc577657000-7fc577658000 ---p 00008000 08:10 27205                      /usr/lib/x86_64-linux-gnu/librt-2.31.so
7fc577658000-7fc577659000 r--p 00008000 08:10 27205                      /usr/lib/x86_64-linux-gnu/librt-2.31.so
7fc577659000-7fc57765a000 rw-p 00009000 08:10 27205                      /usr/lib/x86_64-linux-gnu/librt-2.31.so
7fc57765a000-7fc57765e000 ---p 00000000 00:00 0 
7fc57765e000-7fc57775b000 rw-p 00000000 00:00 0 
7fc57775b000-7fc57775e000 r--p 00000000 08:10 26920                      /usr/lib/x86_64-linux-gnu/libgcc_s.so.1
7fc57775e000-7fc577770000 r-xp 00003000 08:10 26920                      /usr/lib/x86_64-linux-gnu/libgcc_s.so.1
7fc577770000-7fc577774000 r--p 00015000 08:10 26920                      /usr/lib/x86_64-linux-gnu/libgcc_s.so.1
7fc577774000-7fc577775000 r--p 00018000 08:10 26920                      /usr/lib/x86_64-linux-gnu/libgcc_s.so.1
7fc577775000-7fc577776000 rw-p 00019000 08:10 26920                      /usr/lib/x86_64-linux-gnu/libgcc_s.so.1
7fc577776000-7fc577785000 r--p 00000000 08:10 27062                      /usr/lib/x86_64-linux-gnu/libm-2.31.so
7fc577785000-7fc57782c000 r-xp 0000f000 08:10 27062                      /usr/lib/x86_64-linux-gnu/libm-2.31.so
7fc57782c000-7fc5778c3000 r--p 000b6000 08:10 27062                      /usr/lib/x86_64-linux-gnu/libm-2.31.so
7fc5778c3000-7fc5778c4000 r--p 0014c000 08:10 27062                      /usr/lib/x86_64-linux-gnu/libm-2.31.so
7fc5778c4000-7fc5778c5000 rw-p 0014d000 08:10 27062                      /usr/lib/x86_64-linux-gnu/libm-2.31.so
7fc5778c5000-7fc57795b000 r--p 00000000 08:10 27246                      /usr/lib/x86_64-linux-gnu/libstdc++.so.6.0.28
7fc57795b000-7fc577a4c000 r-xp 00096000 08:10 27246                      /usr/lib/x86_64-linux-gnu/libstdc++.so.6.0.28
7fc577a4c000-7fc577a95000 r--p 00187000 08:10 27246                      /usr/lib/x86_64-linux-gnu/libstdc++.so.6.0.28
7fc577a95000-7fc577a96000 ---p 001d0000 08:10 27246                      /usr/lib/x86_64-linux-gnu/libstdc++.so.6.0.28
7fc577a96000-7fc577aa1000 r--p 001d0000 08:10 27246                      /usr/lib/x86_64-linux-gnu/libstdc++.so.6.0.28
7fc577aa1000-7fc577aa4000 rw-p 001db000 08:10 27246                      /usr/lib/x86_64-linux-gnu/libstdc++.so.6.0.28
7fc577aa4000-7fc577aa7000 rw-p 00000000 00:00 0 
7fc577aa7000-7fc577d29000 r--p 00000000 08:10 51656                      /usr/lib/jvm/java-11-openjdk-amd64/lib/server/libjvm.so
7fc577d29000-7fc5789b2000 r-xp 00282000 08:10 51656                      /usr/lib/jvm/java-11-openjdk-amd64/lib/server/libjvm.so
7fc5789b2000-7fc578c0f000 r--p 00f0b000 08:10 51656                      /usr/lib/jvm/java-11-openjdk-amd64/lib/server/libjvm.so
7fc578c0f000-7fc578c10000 ---p 01168000 08:10 51656                      /usr/lib/jvm/java-11-openjdk-amd64/lib/server/libjvm.so
7fc578c10000-7fc578cd4000 r--p 01168000 08:10 51656                      /usr/lib/jvm/java-11-openjdk-amd64/lib/server/libjvm.so
7fc578cd4000-7fc578d0f000 rw-p 0122c000 08:10 51656                      /usr/lib/jvm/java-11-openjdk-amd64/lib/server/libjvm.so
7fc578d0f000-7fc578d68000 rw-p 00000000 00:00 0 
7fc578d68000-7fc578d6f000 r--p 00000000 08:10 27189                      /usr/lib/x86_64-linux-gnu/libpthread-2.31.so
7fc578d6f000-7fc578d80000 r-xp 00007000 08:10 27189                      /usr/lib/x86_64-linux-gnu/libpthread-2.31.so
7fc578d80000-7fc578d85000 r--p 00018000 08:10 27189                      /usr/lib/x86_64-linux-gnu/libpthread-2.31.so
7fc578d85000-7fc578d86000 r--p 0001c000 08:10 27189                      /usr/lib/x86_64-linux-gnu/libpthread-2.31.so
7fc578d86000-7fc578d87000 rw-p 0001d000 08:10 27189                      /usr/lib/x86_64-linux-gnu/libpthread-2.31.so
7fc578d87000-7fc578d8b000 rw-p 00000000 00:00 0 
7fc578d8b000-7fc578d8c000 r--p 00000000 08:10 26843                      /usr/lib/x86_64-linux-gnu/libdl-2.31.so
7fc578d8c000-7fc578d8e000 r-xp 00001000 08:10 26843                      /usr/lib/x86_64-linux-gnu/libdl-2.31.so
7fc578d8e000-7fc578d8f000 r--p 00003000 08:10 26843                      /usr/lib/x86_64-linux-gnu/libdl-2.31.so
7fc578d8f000-7fc578d90000 r--p 00003000 08:10 26843                      /usr/lib/x86_64-linux-gnu/libdl-2.31.so
7fc578d90000-7fc578d91000 rw-p 00004000 08:10 26843                      /usr/lib/x86_64-linux-gnu/libdl-2.31.so
7fc578d91000-7fc578d93000 r--p 00000000 08:10 27422                      /usr/lib/x86_64-linux-gnu/libz.so.1.2.11
7fc578d93000-7fc578da4000 r-xp 00002000 08:10 27422                      /usr/lib/x86_64-linux-gnu/libz.so.1.2.11
7fc578da4000-7fc578daa000 r--p 00013000 08:10 27422                      /usr/lib/x86_64-linux-gnu/libz.so.1.2.11
7fc578daa000-7fc578dab000 ---p 00019000 08:10 27422                      /usr/lib/x86_64-linux-gnu/libz.so.1.2.11
7fc578dab000-7fc578dac000 r--p 00019000 08:10 27422                      /usr/lib/x86_64-linux-gnu/libz.so.1.2.11
7fc578dac000-7fc578dad000 rw-p 0001a000 08:10 27422                      /usr/lib/x86_64-linux-gnu/libz.so.1.2.11
7fc578dad000-7fc578dd2000 r--p 00000000 08:10 26805                      /usr/lib/x86_64-linux-gnu/libc-2.31.so
7fc578dd2000-7fc578f4a000 r-xp 00025000 08:10 26805                      /usr/lib/x86_64-linux-gnu/libc-2.31.so
7fc578f4a000-7fc578f94000 r--p 0019d000 08:10 26805                      /usr/lib/x86_64-linux-gnu/libc-2.31.so
7fc578f94000-7fc578f95000 ---p 001e7000 08:10 26805                      /usr/lib/x86_64-linux-gnu/libc-2.31.so
7fc578f95000-7fc578f98000 r--p 001e7000 08:10 26805                      /usr/lib/x86_64-linux-gnu/libc-2.31.so
7fc578f98000-7fc578f9b000 rw-p 001ea000 08:10 26805                      /usr/lib/x86_64-linux-gnu/libc-2.31.so
7fc578f9b000-7fc578f9f000 rw-p 00000000 00:00 0 
7fc578f9f000-7fc578fa0000 ---p 00000000 00:00 0 
7fc578fa0000-7fc578fa1000 r--p 00000000 00:00 0 
7fc578fa1000-7fc578fa3000 r--p 00000000 08:10 51633                      /usr/lib/jvm/java-11-openjdk-amd64/lib/libjimage.so
7fc578fa3000-7fc578fa6000 r-xp 00002000 08:10 51633                      /usr/lib/jvm/java-11-openjdk-amd64/lib/libjimage.so
7fc578fa6000-7fc578fa7000 r--p 00005000 08:10 51633                      /usr/lib/jvm/java-11-openjdk-amd64/lib/libjimage.so
7fc578fa7000-7fc578fa8000 ---p 00006000 08:10 51633                      /usr/lib/jvm/java-11-openjdk-amd64/lib/libjimage.so
7fc578fa8000-7fc578fa9000 r--p 00006000 08:10 51633                      /usr/lib/jvm/java-11-openjdk-amd64/lib/libjimage.so
7fc578fa9000-7fc578faa000 rw-p 00007000 08:10 51633                      /usr/lib/jvm/java-11-openjdk-amd64/lib/libjimage.so
7fc578faa000-7fc578fad000 r--p 00000000 08:10 51615                      /usr/lib/jvm/java-11-openjdk-amd64/lib/jli/libjli.so
7fc578fad000-7fc578fb7000 r-xp 00003000 08:10 51615                      /usr/lib/jvm/java-11-openjdk-amd64/lib/jli/libjli.so
7fc578fb7000-7fc578fba000 r--p 0000d000 08:10 51615                      /usr/lib/jvm/java-11-openjdk-amd64/lib/jli/libjli.so
7fc578fba000-7fc578fbb000 ---p 00010000 08:10 51615                      /usr/lib/jvm/java-11-openjdk-amd64/lib/jli/libjli.so
7fc578fbb000-7fc578fbc000 r--p 00010000 08:10 51615                      /usr/lib/jvm/java-11-openjdk-amd64/lib/jli/libjli.so
7fc578fbc000-7fc578fbd000 rw-p 00011000 08:10 51615                      /usr/lib/jvm/java-11-openjdk-amd64/lib/jli/libjli.so
7fc578fbd000-7fc578fbf000 rw-p 00000000 00:00 0 
7fc578fbf000-7fc578fc0000 r--p 00000000 08:10 26735                      /usr/lib/x86_64-linux-gnu/ld-2.31.so
7fc578fc0000-7fc578fe3000 r-xp 00001000 08:10 26735                      /usr/lib/x86_64-linux-gnu/ld-2.31.so
7fc578fe3000-7fc578feb000 r--p 00024000 08:10 26735                      /usr/lib/x86_64-linux-gnu/ld-2.31.so
7fc578feb000-7fc578fec000 r--p 00000000 08:10 37761                      /usr/lib/locale/C.UTF-8/LC_IDENTIFICATION
7fc578fec000-7fc578fed000 r--p 0002c000 08:10 26735                      /usr/lib/x86_64-linux-gnu/ld-2.31.so
7fc578fed000-7fc578fee000 rw-p 0002d000 08:10 26735                      /usr/lib/x86_64-linux-gnu/ld-2.31.so
7fc578fee000-7fc578fef000 rw-p 00000000 00:00 0 
7fff4b8db000-7fff4b8fd000 rw-p 00000000 00:00 0                          [stack]
7fff4b970000-7fff4b974000 r--p 00000000 00:00 0                          [vvar]
7fff4b974000-7fff4b975000 r-xp 00000000 00:00 0                          [vdso]


VM Arguments:
jvm_args: -Dfile.encoding=UTF-8 
java_command: Main ./tests/test1.sysy ./tests/test1_ans.txt
java_class_path (initial): /root/CompilerLab/Lab/target/classes:/usr/local/lib/antlr-4.10.1-complete.jar:/root/.m2/repository/org/bytedeco/llvm-platform/13.0.1-1.5.7/llvm-platform-13.0.1-1.5.7.jar:/root/.m2/repository/org/bytedeco/javacpp-platform/1.5.7/javacpp-platform-1.5.7.jar:/root/.m2/repository/org/bytedeco/javacpp/1.5.7/javacpp-1.5.7.jar:/root/.m2/repository/org/bytedeco/javacpp/1.5.7/javacpp-1.5.7-android-arm.jar:/root/.m2/repository/org/bytedeco/javacpp/1.5.7/javacpp-1.5.7-android-arm64.jar:/root/.m2/repository/org/bytedeco/javacpp/1.5.7/javacpp-1.5.7-android-x86.jar:/root/.m2/repository/org/bytedeco/javacpp/1.5.7/javacpp-1.5.7-android-x86_64.jar:/root/.m2/repository/org/bytedeco/javacpp/1.5.7/javacpp-1.5.7-ios-arm64.jar:/root/.m2/repository/org/bytedeco/javacpp/1.5.7/javacpp-1.5.7-ios-x86_64.jar:/root/.m2/repository/org/bytedeco/javacpp/1.5.7/javacpp-1.5.7-linux-armhf.jar:/root/.m2/repository/org/bytedeco/javacpp/1.5.7/javacpp-1.5.7-linux-arm64.jar:/root/.m2/repository/org/bytedeco/javacpp/1.5.7/javacpp-1.5.7-linux-ppc64le.jar:/root/.m2/repository/org/bytedeco/javacpp/1.5.7/javacpp-1.5.7-linux-x86.jar:/root/.m2/repository/org/bytedeco/javacpp/1.5.7/javacpp-1.5.7-linux-x86_64.jar:/root/.m2/repository/org/bytedeco/javacpp/1.5.7/javacpp-1.5.7-macosx-arm64.jar:/root/.m2/repository/org/bytedeco/javacpp/1.5.7/javacpp-1.5.7-macosx-x86_64.jar:/root/.m2/repository/org/bytedeco/javacpp/1.5.7/javacpp-1.5.7-windows-x86.jar:/root/.m2/repository/org/bytedeco/javacpp/1.5.7/javacpp-1.5.7-windows-x86_64.jar:/root/.m2/repository/org/bytedeco/llvm/13.0.1-1.5.7/llvm-13.0.1-1.5.7.jar:/root/.m2/repository/org/bytedeco/llvm/13.0.1-1.5.7/llvm-13.0.1-1.5.7-linux-x86.jar:/root/.m2/repository/org/bytedeco/llvm/13.0.1-1.5.7/llvm-13.0.1-1.5.7-linux-x86_64.jar:/root/.m2/repository/org/bytedeco/llvm/13.0.1-1.5.7/llvm-13.0.1-1.5.7-linux-armhf.jar:/root/.m2/repository/org/bytedeco/llvm/13.0.1-1.5.7/llvm-13.0.1-1.5.7-linux-arm64.jar:/root/.m2/repository/org/bytedeco/llvm/13.0.1-1.5.7/llv
Launcher Type: SUN_STANDARD

[Global flags]
     intx CICompilerCount                          = 4                                         {product} {ergonomic}
     uint ConcGCThreads                            = 2                                         {product} {ergonomic}
     uint G1ConcRefinementThreads                  = 8                                         {product} {ergonomic}
   size_t G1HeapRegionSize                         = 1048576                                   {product} {ergonomic}
    uintx GCDrainStackTargetSize                   = 64                                        {product} {ergonomic}
   size_t InitialHeapSize                          = 207618048                                 {product} {ergonomic}
   size_t MarkStackSize                            = 4194304                                   {product} {ergonomic}
   size_t MaxHeapSize                              = 3305111552                                {product} {ergonomic}
   size_t MaxNewSize                               = 1982857216                                {product} {ergonomic}
   size_t MinHeapDeltaBytes                        = 1048576                                   {product} {ergonomic}
    uintx NonNMethodCodeHeapSize                   = 5836300                                {pd product} {ergonomic}
    uintx NonProfiledCodeHeapSize                  = 122910970                              {pd product} {ergonomic}
    uintx ProfiledCodeHeapSize                     = 122910970                              {pd product} {ergonomic}
    uintx ReservedCodeCacheSize                    = 251658240                              {pd product} {ergonomic}
     bool SegmentedCodeCache                       = true                                      {product} {ergonomic}
     bool UseCompressedClassPointers               = true                                 {lp64_product} {ergonomic}
     bool UseCompressedOops                        = true                                 {lp64_product} {ergonomic}
     bool UseG1GC                                  = true                                      {product} {ergonomic}

Logging:
Log output configuration:
 #0: stdout all=warning uptime,level,tags
 #1: stderr all=off uptime,level,tags

Environment Variables:
PATH=/usr/local/sbin:/usr/local/bin:/usr/sbin:/usr/bin:/sbin:/bin:/usr/games:/usr/local/games:/usr/lib/wsl/lib:/mnt/c/Program Files (x86)/Common Files/Oracle/Java/javapath:/mnt/c/Python310/Scripts/:/mnt/c/Python310/:/mnt/c/Program Files/MySQL/MySQL Server 8.0/bin:/mnt/c/Windows/system32:/mnt/c/Windows:/mnt/c/Windows/System32/Wbem:/mnt/c/Windows/System32/WindowsPowerShell/v1.0/:/mnt/c/Windows/System32/OpenSSH/:/mnt/c/ProgramData/chocolatey/bin:/mnt/c/Program Files/Pandoc/:/mnt/d//Ne:/mnt/d/Applications/mingw-w64/x86_64-8.1.0-release-win32-seh-rt_v6-rev0/bin:/mnt/c/Program Files/Java/jdk-15.0.2/bin:/mnt/c/Program Files/Java/jdk-15.0.2/jre/bin:/mnt/d/Applications/scala/bin:/mnt/d/Applications/scala/jre/bin:/mnt/d/Applications/Prince/engine/bin:/mnt/d/Applications/Maven/apache-maven-3.8.6/bin:/mnt/c/Program Files/Git/cmd:/mnt/d//Tencent/web/dll:/mnt/d/Applications/nodejs/:/mnt/c/Users/20125/AppData/Local/Programs/Python/Python38/Scripts/:/mnt/c/Users/20125/AppData/Local/Programs/Python/Python38/:/mnt/c/Users/20125/AppData/Local/Microsoft/WindowsApps:/mnt/c/Program Files/JetBrains/IntelliJ IDEA 2021.3/bin:/mnt/c/Program Files/JetBrains/PyCharm 2021.3.1/bin:/mnt/d//JetBrains/WebStorm 2021.3.1/bin:/mnt/d//JetBrains/CLion 2021.3.2/bin:/mnt/c/Users/20125/AppData/Local/GitHubDesktop/bin:/mnt/d//JetBrains/DataGrip 2021.3.4/bin:/mnt/d/Applications/Microsoft VS Code/bin:/mnt/c/Users/20125/AppData/Local/JetBrains/Toolbox/scripts:/mnt/c/Program Files/jdk-15.0.2/jre/bin:/mnt/c/Program Files/jdk-15.0.2/bin:/mnt/c/Users/20125/AppData/Roaming/npm
SHELL=/bin/sh
HOSTTYPE=x86_64
LANG=C.UTF-8
TERM=xterm-256color

Signal Handlers:
SIGSEGV: [libjvm.so+0xe97eb0], sa_mask[0]=11111111011111111101111111111110, sa_flags=SA_RESTART|SA_SIGINFO
SIGBUS: [libjvm.so+0xe97eb0], sa_mask[0]=11111111011111111101111111111110, sa_flags=SA_RESTART|SA_SIGINFO
SIGFPE: [libjvm.so+0xe97eb0], sa_mask[0]=11111111011111111101111111111110, sa_flags=SA_RESTART|SA_SIGINFO
SIGPIPE: [libjvm.so+0xbde850], sa_mask[0]=11111111011111111101111111111110, sa_flags=SA_RESTART|SA_SIGINFO
SIGXFSZ: [libjvm.so+0xbde850], sa_mask[0]=11111111011111111101111111111110, sa_flags=SA_RESTART|SA_SIGINFO
SIGILL: [libjvm.so+0xe97eb0], sa_mask[0]=11111111011111111101111111111110, sa_flags=SA_RESTART|SA_SIGINFO
SIGUSR2: [libjvm.so+0xbde6f0], sa_mask[0]=00000000000000000000000000000000, sa_flags=SA_RESTART|SA_SIGINFO
SIGHUP: [libjvm.so+0xbde9e0], sa_mask[0]=11111111011111111101111111111110, sa_flags=SA_RESTART|SA_SIGINFO
SIGINT: [libjvm.so+0xbde9e0], sa_mask[0]=11111111011111111101111111111110, sa_flags=SA_RESTART|SA_SIGINFO
SIGTERM: [libjvm.so+0xbde9e0], sa_mask[0]=11111111011111111101111111111110, sa_flags=SA_RESTART|SA_SIGINFO
SIGQUIT: [libjvm.so+0xbde9e0], sa_mask[0]=11111111011111111101111111111110, sa_flags=SA_RESTART|SA_SIGINFO


---------------  S Y S T E M  ---------------

OS:DISTRIB_ID=Ubuntu
DISTRIB_RELEASE=20.04
DISTRIB_CODENAME=focal
DISTRIB_DESCRIPTION="Ubuntu 20.04.3 LTS"
uname:Linux 5.10.16.3-microsoft-standard-WSL2 #1 SMP Fri Apr 2 22:23:49 UTC 2021 x86_64
OS uptime: 0 days 20:24 hours
libc:glibc 2.31 NPTL 2.31 
rlimit (soft/hard): STACK 8192k/infinity , CORE 0k/infinity , NPROC 50409/50409 , NOFILE 4096/4096 , AS infinity/infinity , CPU infinity/infinity , DATA infinity/infinity , FSIZE infinity/infinity , MEMLOCK 64k/64k
load average:0.19 0.09 0.49

/proc/meminfo:
MemTotal:       12909048 kB
MemFree:        12257796 kB
MemAvailable:   12371716 kB
Buffers:           21104 kB
Cached:           317308 kB
SwapCached:            0 kB
Active:           203788 kB
Inactive:         326556 kB
Active(anon):         92 kB
Inactive(anon):   191904 kB
Active(file):     203696 kB
Inactive(file):   134652 kB
Unevictable:           0 kB
Mlocked:               0 kB
SwapTotal:       4194304 kB
SwapFree:        4194304 kB
Dirty:               152 kB
Writeback:             0 kB
AnonPages:        191976 kB
Mapped:            59852 kB
Shmem:                72 kB
KReclaimable:      22172 kB
Slab:              48744 kB
SReclaimable:      22172 kB
SUnreclaim:        26572 kB
KernelStack:        2736 kB
PageTables:         1380 kB
NFS_Unstable:          0 kB
Bounce:                0 kB
WritebackTmp:          0 kB
CommitLimit:    10648828 kB
Committed_AS:     666052 kB
VmallocTotal:   34359738367 kB
VmallocUsed:       22876 kB
VmallocChunk:          0 kB
Percpu:             2432 kB
AnonHugePages:    100352 kB
ShmemHugePages:        0 kB
ShmemPmdMapped:        0 kB
FileHugePages:         0 kB
FilePmdMapped:         0 kB
HugePages_Total:       0
HugePages_Free:        0
HugePages_Rsvd:        0
HugePages_Surp:        0
Hugepagesize:       2048 kB
Hugetlb:               0 kB
DirectMap4k:       17408 kB
DirectMap2M:     3784704 kB
DirectMap1G:     9437184 kB

/sys/kernel/mm/transparent_hugepage/enabled:
[always] madvise never
/sys/kernel/mm/transparent_hugepage/defrag (defrag/compaction efforts parameter):
always defer defer+madvise [madvise] never

Process Memory:
Virtual Size: 6193176K (peak: 14706392K)
Resident Set Size: 109420K (peak: 109560K) (anon: 54564K, file: 54856K, shmem: 0K)
Swapped out: 0K
C-Heap outstanding allocations: 29061K, retained: 2866K
glibc malloc tunables: (default)

/proc/sys/kernel/threads-max (system-wide limit on the number of threads):
100818
/proc/sys/vm/max_map_count (maximum number of memory map areas a process may have):
65530
/proc/sys/kernel/pid_max (system-wide limit on number of process identifiers):
32768

container (cgroup) information:
container_type: cgroupv1
cpu_cpuset_cpus: 0-7
cpu_memory_nodes: 0
active_processor_count: 8
cpu_quota: no quota
cpu_period: 100000
cpu_shares: no shares
memory_limit_in_bytes: unlimited
memory_and_swap_limit_in_bytes: unlimited
memory_soft_limit_in_bytes: unlimited
memory_usage_in_bytes: 530572 k
memory_max_usage_in_bytes: 301648 k
maximum number of tasks: not supported
current number of tasks: not supported

Hyper-V virtualization detected
Steal ticks since vm start: 0
Steal ticks percentage since vm start:  0.000

CPU:total 8 (initial active 8) (4 cores per cpu, 2 threads per core) family 6 model 140 stepping 1 microcode 0xffffffff, cmov, cx8, fxsr, mmx, sse, sse2, sse3, ssse3, sse4.1, sse4.2, popcnt, avx, avx2, aes, clmul, erms, 3dnowpref, lzcnt, ht, tsc, tscinvbit, bmi1, bmi2, adx, evex, sha, fma
CPU Model and flags from /proc/cpuinfo:
model name	: 11th Gen Intel(R) Core(TM) i7-1165G7 @ 2.80GHz
flags		: fpu vme de pse tsc msr pae mce cx8 apic sep mtrr pge mca cmov pat pse36 clflush mmx fxsr sse sse2 ss ht syscall nx pdpe1gb rdtscp lm constant_tsc rep_good nopl xtopology tsc_reliable nonstop_tsc cpuid pni pclmulqdq ssse3 fma cx16 pcid sse4_1 sse4_2 movbe popcnt aes xsave avx f16c rdrand hypervisor lahf_lm abm 3dnowprefetch invpcid_single ssbd ibrs ibpb stibp ibrs_enhanced fsgsbase bmi1 avx2 smep bmi2 erms invpcid avx512f avx512dq rdseed adx smap avx512ifma clflushopt clwb avx512cd sha_ni avx512bw avx512vl xsaveopt xsavec xgetbv1 xsaves avx512vbmi umip avx512_vbmi2 gfni vaes vpclmulqdq avx512_vnni avx512_bitalg avx512_vpopcntdq rdpid fsrm avx512_vp2intersect flush_l1d arch_capabilities
Online cpus:
0-7
Offline cpus:

BIOS frequency limitation:
<Not Available>
Frequency switch latency (ns):
<Not Available>
Available cpu frequencies:
<Not Available>
Current governor:
<Not Available>
Core performance/turbo boost:
<Not Available>

Memory: 4k page, physical 12909048k(12257796k free), swap 4194304k(4194304k free)

vm_info: OpenJDK 64-Bit Server VM (11.0.17+8-post-Ubuntu-1ubuntu220.04) for linux-amd64 JRE (11.0.17+8-post-Ubuntu-1ubuntu220.04), built on Oct 25 2022 09:30:51 by "unknown" with gcc 9.4.0

END.
