#
# A fatal error has been detected by the Java Runtime Environment:
#
#  SIGSEGV (0xb) at pc=0x00007f2d46280c31, pid=12534, tid=12535
#
# JRE version: OpenJDK Runtime Environment (11.0.17+8) (build 11.0.17+8-post-Ubuntu-1ubuntu220.04)
# Java VM: OpenJDK 64-Bit Server VM (11.0.17+8-post-Ubuntu-1ubuntu220.04, mixed mode, sharing, tiered, compressed oops, g1 gc, linux-amd64)
# Problematic frame:
# C  [libLLVM-13.so+0xd54c31]  llvm::PointerType::get(llvm::Type*, unsigned int)+0x161
#
# No core dump will be written. Core dumps have been disabled. To enable core dumping, try "ulimit -c unlimited" before starting Java again
#
# If you would like to submit a bug report, please visit:
#   https://bugs.launchpad.net/ubuntu/+source/openjdk-lts
# The crash happened outside the Java Virtual Machine in native code.
# See problematic frame for where to report the bug.
#

---------------  S U M M A R Y ------------

Command Line: -Dfile.encoding=UTF-8 Main ./tests/test1.sysy ./tests/test1_ans.txt

Host: 11th Gen Intel(R) Core(TM) i7-1165G7 @ 2.80GHz, 8 cores, 12G, Ubuntu 20.04.3 LTS
Time: Sun Jan  8 19:03:17 2023 CST elapsed time: 0.287211 seconds (0d 0h 0m 0s)

---------------  T H R E A D  ---------------

Current thread (0x00007f2db8016800):  JavaThread "main" [_thread_in_native, id=12535, stack(0x00007f2dbe56f000,0x00007f2dbe670000)]

Stack: [0x00007f2dbe56f000,0x00007f2dbe670000],  sp=0x00007f2dbe66d800,  free space=1018k
Native frames: (J=compiled Java code, A=aot compiled Java code, j=interpreted, Vv=VM code, C=native code)
C  [libLLVM-13.so+0xd54c31]  llvm::PointerType::get(llvm::Type*, unsigned int)+0x161

Java frames: (J=compiled Java code, j=interpreted, Vv=VM code)
j  org.bytedeco.llvm.global.LLVM.LLVMBuildGEP(Lorg/bytedeco/llvm/LLVM/LLVMBuilderRef;Lorg/bytedeco/llvm/LLVM/LLVMValueRef;Lorg/bytedeco/javacpp/PointerPointer;ILjava/lang/String;)Lorg/bytedeco/llvm/LLVM/LLVMValueRef;+0
j  FunctionAndVarIRVisitor.visitVarDef(LSysYParser$VarDefContext;)Lorg/bytedeco/llvm/LLVM/LLVMValueRef;+152
j  FunctionAndVarIRVisitor.visitVarDef(LSysYParser$VarDefContext;)Ljava/lang/Object;+2
j  SysYParser$VarDefContext.accept(Lorg/antlr/v4/runtime/tree/ParseTreeVisitor;)Ljava/lang/Object;+12
j  org.antlr.v4.runtime.tree.AbstractParseTreeVisitor.visitChildren(Lorg/antlr/v4/runtime/tree/RuleNode;)Ljava/lang/Object;+46
j  SysYParserBaseVisitor.visitVarDecl(LSysYParser$VarDeclContext;)Ljava/lang/Object;+2
j  SysYParser$VarDeclContext.accept(Lorg/antlr/v4/runtime/tree/ParseTreeVisitor;)Ljava/lang/Object;+12
j  org.antlr.v4.runtime.tree.AbstractParseTreeVisitor.visitChildren(Lorg/antlr/v4/runtime/tree/RuleNode;)Ljava/lang/Object;+46
j  SysYParserBaseVisitor.visitDecl(LSysYParser$DeclContext;)Ljava/lang/Object;+2
j  SysYParser$DeclContext.accept(Lorg/antlr/v4/runtime/tree/ParseTreeVisitor;)Ljava/lang/Object;+12
j  org.antlr.v4.runtime.tree.AbstractParseTreeVisitor.visitChildren(Lorg/antlr/v4/runtime/tree/RuleNode;)Ljava/lang/Object;+46
j  SysYParserBaseVisitor.visitBlockItem(LSysYParser$BlockItemContext;)Ljava/lang/Object;+2
j  SysYParser$BlockItemContext.accept(Lorg/antlr/v4/runtime/tree/ParseTreeVisitor;)Ljava/lang/Object;+12
j  org.antlr.v4.runtime.tree.AbstractParseTreeVisitor.visitChildren(Lorg/antlr/v4/runtime/tree/RuleNode;)Ljava/lang/Object;+46
j  SysYParserBaseVisitor.visitBlock(LSysYParser$BlockContext;)Ljava/lang/Object;+2
j  SysYParser$BlockContext.accept(Lorg/antlr/v4/runtime/tree/ParseTreeVisitor;)Ljava/lang/Object;+12
j  org.antlr.v4.runtime.tree.AbstractParseTreeVisitor.visitChildren(Lorg/antlr/v4/runtime/tree/RuleNode;)Ljava/lang/Object;+46
j  SysYParserBaseVisitor.visitFuncDef(LSysYParser$FuncDefContext;)Ljava/lang/Object;+2
j  FunctionAndVarIRVisitor.visitFuncDef(LSysYParser$FuncDefContext;)Lorg/bytedeco/llvm/LLVM/LLVMValueRef;+115
j  FunctionAndVarIRVisitor.visitFuncDef(LSysYParser$FuncDefContext;)Ljava/lang/Object;+2
j  SysYParser$FuncDefContext.accept(Lorg/antlr/v4/runtime/tree/ParseTreeVisitor;)Ljava/lang/Object;+12
j  org.antlr.v4.runtime.tree.AbstractParseTreeVisitor.visitChildren(Lorg/antlr/v4/runtime/tree/RuleNode;)Ljava/lang/Object;+46
j  SysYParserBaseVisitor.visitCompUnit(LSysYParser$CompUnitContext;)Ljava/lang/Object;+2
j  SysYParser$CompUnitContext.accept(Lorg/antlr/v4/runtime/tree/ParseTreeVisitor;)Ljava/lang/Object;+12
j  org.antlr.v4.runtime.tree.AbstractParseTreeVisitor.visit(Lorg/antlr/v4/runtime/tree/ParseTree;)Ljava/lang/Object;+2
j  FunctionAndVarIRVisitor.visitProgram(LSysYParser$ProgramContext;)Lorg/bytedeco/llvm/LLVM/LLVMValueRef;+5
j  FunctionAndVarIRVisitor.visitProgram(LSysYParser$ProgramContext;)Ljava/lang/Object;+2
j  SysYParser$ProgramContext.accept(Lorg/antlr/v4/runtime/tree/ParseTreeVisitor;)Ljava/lang/Object;+12
j  org.antlr.v4.runtime.tree.AbstractParseTreeVisitor.visit(Lorg/antlr/v4/runtime/tree/ParseTree;)Ljava/lang/Object;+2
j  Main.funcAndVarIRGenerate([Ljava/lang/String;)V+76
j  Main.main([Ljava/lang/String;)V+1
v  ~StubRoutines::call_stub

siginfo: si_signo: 11 (SIGSEGV), si_code: 1 (SEGV_MAPERR), si_addr: 0x00000000c6072318

Register to memory mapping:

RAX=0x0000000018c0e463 is an unknown value
RBX=0x00007f2db84b4550 points into unknown readable memory: 0x00007f2db84b4570 | 70 45 4b b8 2d 7f 00 00
RCX=0x00000000c6072318 is an unknown value
RDX=0x0 is NULL
RSP=0x00007f2dbe66d800 is pointing into the stack for thread: 0x00007f2db8016800
RBP=0x00007f2db84b4590 points into unknown readable memory: 0x00007f2db84b2fb0 | b0 2f 4b b8 2d 7f 00 00
RSI=0x00000000b84b5c6f is an unknown value
RDI=0x0000000008404c21 is an unknown value
R8 =0x0000000000000001 is an unknown value
R9 =0x0000000000000001 is an unknown value
R10=0xfffffffffffff55a is an unknown value
R11=0x00007f2d46158bb0: LLVMBuildGEP+0x0000000000000000 in /root/.javacpp/cache/llvm-13.0.1-1.5.7-linux-x86_64.jar/org/bytedeco/llvm/linux-x86_64/libLLVM-13.so at 0x00007f2d4552c000
R12=0x0000000000000020 is an unknown value
R13=0x0 is NULL
R14=0x263849d90b50cc31 is an unknown value
R15=0x00000000b84b5c70 is an unknown value


Registers:
RAX=0x0000000018c0e463, RBX=0x00007f2db84b4550, RCX=0x00000000c6072318, RDX=0x0000000000000000
RSP=0x00007f2dbe66d800, RBP=0x00007f2db84b4590, RSI=0x00000000b84b5c6f, RDI=0x0000000008404c21
R8 =0x0000000000000001, R9 =0x0000000000000001, R10=0xfffffffffffff55a, R11=0x00007f2d46158bb0
R12=0x0000000000000020, R13=0x0000000000000000, R14=0x263849d90b50cc31, R15=0x00000000b84b5c70
RIP=0x00007f2d46280c31, EFLAGS=0x0000000000010206, CSGSFS=0x002b000000000033, ERR=0x0000000000000004
  TRAPNO=0x000000000000000e

Top of Stack: (sp=0x00007f2dbe66d800)
0x00007f2dbe66d800:   0000000000000000 0000000000000000
0x00007f2dbe66d810:   0000000000000000 0000000000000000
0x00007f2dbe66d820:   0000000000000000 00007f2db84b4cd8
0x00007f2dbe66d830:   0000000000000001 00007f2db84bc560 

Instructions: (pc=0x00007f2d46280c31)
0x00007f2d46280b31:   31 c6 44 89 f7 44 21 c7 89 f8 48 c1 e0 04 49 8d
0x00007f2d46280b41:   54 05 00 48 8b 32 48 39 de 0f 85 70 07 00 00 48
0x00007f2d46280b51:   8b 42 08 4c 8d 72 08 48 85 c0 0f 84 b4 02 00 00
0x00007f2d46280b61:   48 83 c4 28 5b 5d 41 5c 41 5d 41 5e 41 5f c3 48
0x00007f2d46280b71:   83 c4 28 44 89 e6 5b 5d 41 5c 41 5d 41 5e 41 5f
0x00007f2d46280b81:   e9 ba ef ff ff 66 2e 0f 1f 84 00 00 00 00 00 44
0x00007f2d46280b91:   8b bd 00 09 00 00 4c 8b ad f0 08 00 00 45 85 ff
0x00007f2d46280ba1:   0f 84 51 03 00 00 89 d8 89 da 41 8d 77 ff 41 b8
0x00007f2d46280bb1:   01 00 00 00 c1 ea 09 c1 e8 04 89 f7 31 d0 43 8d
0x00007f2d46280bc1:   14 e4 41 8d 14 94 48 c1 e0 20 48 09 d0 48 c1 e2
0x00007f2d46280bd1:   20 48 83 e8 01 48 29 d0 48 89 c2 48 c1 ea 16 48
0x00007f2d46280be1:   31 d0 48 89 c2 48 83 e8 01 48 c1 e2 0d 48 29 d0
0x00007f2d46280bf1:   48 89 c2 48 c1 ea 08 48 31 d0 31 d2 4c 8d 34 c0
0x00007f2d46280c01:   4c 89 f0 48 c1 e8 0f 49 31 c6 4c 89 f0 49 83 ee
0x00007f2d46280c11:   01 48 c1 e0 1b 49 29 c6 4c 89 f0 48 c1 e8 1f 49
0x00007f2d46280c21:   31 c6 44 21 f7 89 f8 48 8d 04 40 49 8d 4c c5 00
0x00007f2d46280c31:   48 8b 01 48 39 d8 0f 84 23 05 00 00 48 3d 00 f0
0x00007f2d46280c41:   ff ff 0f 84 77 04 00 00 48 3d 00 e0 ff ff 75 0d
0x00007f2d46280c51:   83 79 08 fe 75 07 48 85 d2 48 0f 44 d1 44 01 c7
0x00007f2d46280c61:   41 83 c0 01 21 f7 eb bd 0f 1f 80 00 00 00 00 43
0x00007f2d46280c71:   8d 54 3f ff be 08 00 00 00 48 89 d0 48 d1 e8 48
0x00007f2d46280c81:   09 d0 48 89 c2 48 c1 ea 02 48 09 d0 48 89 c2 48
0x00007f2d46280c91:   c1 ea 04 48 09 d0 48 89 c2 48 c1 ea 08 48 09 d0
0x00007f2d46280ca1:   48 89 c2 48 c1 ea 10 48 09 d0 ba 40 00 00 00 48
0x00007f2d46280cb1:   83 c0 01 83 f8 40 0f 42 c2 89 85 e8 08 00 00 89
0x00007f2d46280cc1:   c7 48 c1 e7 04 e8 85 04 da ff 48 89 85 d8 08 00
0x00007f2d46280cd1:   00 4d 85 ed 0f 84 e9 0a 00 00 8b 8d e8 08 00 00
0x00007f2d46280ce1:   44 89 fe 48 89 c2 48 c7 85 e0 08 00 00 00 00 00
0x00007f2d46280cf1:   00 48 c1 e6 04 49 89 c9 48 c1 e1 04 49 89 f7 4d
0x00007f2d46280d01:   8d 44 35 00 48 01 c1 48 39 c8 74 13 0f 1f 00 48
0x00007f2d46280d11:   c7 02 00 f0 ff ff 48 83 c2 10 48 39 d1 75 f0 4c
0x00007f2d46280d21:   89 ea 45 8d 71 ff 4d 39 c5 74 61 0f 1f 40 00 48 


Stack slot to memory mapping:
stack at sp + 0 slots: 0x0 is NULL
stack at sp + 1 slots: 0x0 is NULL
stack at sp + 2 slots: 0x0 is NULL
stack at sp + 3 slots: 0x0 is NULL
stack at sp + 4 slots: 0x0 is NULL
stack at sp + 5 slots: 0x00007f2db84b4cd8 points into unknown readable memory: 0x00007f2db84b4550 | 50 45 4b b8 2d 7f 00 00
stack at sp + 6 slots: 0x0000000000000001 is an unknown value
stack at sp + 7 slots: 0x00007f2db84bc560 points into unknown readable memory: 0x00007f2db84b6b70 | 70 6b 4b b8 2d 7f 00 00


---------------  P R O C E S S  ---------------

Threads class SMR info:
_java_thread_list=0x00007f2d64117ad0, length=11, elements={
0x00007f2db8016800, 0x00007f2db8186800, 0x00007f2db8188800, 0x00007f2db8191000,
0x00007f2db8193000, 0x00007f2db8195000, 0x00007f2db8197000, 0x00007f2db8199000,
0x00007f2db81e4000, 0x00007f2db838e800, 0x00007f2d640fe800
}

Java Threads: ( => current thread )
=>0x00007f2db8016800 JavaThread "main" [_thread_in_native, id=12535, stack(0x00007f2dbe56f000,0x00007f2dbe670000)]
  0x00007f2db8186800 JavaThread "Reference Handler" daemon [_thread_blocked, id=12542, stack(0x00007f2d9547f000,0x00007f2d95580000)]
  0x00007f2db8188800 JavaThread "Finalizer" daemon [_thread_blocked, id=12543, stack(0x00007f2d9537e000,0x00007f2d9547f000)]
  0x00007f2db8191000 JavaThread "Signal Dispatcher" daemon [_thread_blocked, id=12544, stack(0x00007f2d94e24000,0x00007f2d94f25000)]
  0x00007f2db8193000 JavaThread "Service Thread" daemon [_thread_blocked, id=12545, stack(0x00007f2d94d23000,0x00007f2d94e24000)]
  0x00007f2db8195000 JavaThread "C2 CompilerThread0" daemon [_thread_in_native, id=12546, stack(0x00007f2d94c22000,0x00007f2d94d23000)]
  0x00007f2db8197000 JavaThread "C1 CompilerThread0" daemon [_thread_blocked, id=12547, stack(0x00007f2d94b21000,0x00007f2d94c22000)]
  0x00007f2db8199000 JavaThread "Sweeper thread" daemon [_thread_blocked, id=12548, stack(0x00007f2d94a20000,0x00007f2d94b21000)]
  0x00007f2db81e4000 JavaThread "Common-Cleaner" daemon [_thread_blocked, id=12551, stack(0x00007f2d9481d000,0x00007f2d9491e000)]
  0x00007f2db838e800 JavaThread "JavaCPP Deallocator" daemon [_thread_blocked, id=12560, stack(0x00007f2d946d3000,0x00007f2d947d4000)]
  0x00007f2d640fe800 JavaThread "C2 CompilerThread1" daemon [_thread_in_native, id=12562, stack(0x00007f2d945d2000,0x00007f2d946d3000)]

Other Threads:
  0x00007f2db8183800 VMThread "VM Thread" [stack: 0x00007f2da0019000,0x00007f2da0119000] [id=12541]
  0x00007f2db81e2000 WatcherThread [stack: 0x00007f2d94920000,0x00007f2d94a20000] [id=12550]
  0x00007f2db802f000 GCTaskThread "GC Thread#0" [stack: 0x00007f2dbe218000,0x00007f2dbe318000] [id=12536]
  0x00007f2db807a800 ConcurrentGCThread "G1 Main Marker" [stack: 0x00007f2dbc5ca000,0x00007f2dbc6ca000] [id=12537]
  0x00007f2db807c800 ConcurrentGCThread "G1 Conc#0" [stack: 0x00007f2dbc4c8000,0x00007f2dbc5c8000] [id=12538]
  0x00007f2db8149800 ConcurrentGCThread "G1 Refine#0" [stack: 0x00007f2da02f9000,0x00007f2da03f9000] [id=12539]
  0x00007f2db814b800 ConcurrentGCThread "G1 Young RemSet Sampling" [stack: 0x00007f2da01f7000,0x00007f2da02f7000] [id=12540]

Threads with active compile tasks:
C2 CompilerThread0      290  661  s!   4       jdk.internal.loader.URLClassPath::getLoader (194 bytes)
C2 CompilerThread1      290  659       4       java.util.jar.JarFile::getVersionedEntry (85 bytes)

VM state:not at safepoint (normal execution)

VM Mutex/Monitor currently owned by a thread: None

Heap address: 0x000000073b000000, size: 3152 MB, Compressed Oops mode: Zero based, Oop shift amount: 3
Narrow klass base: 0x0000000800000000, Narrow klass shift: 3
Compressed class space size: 1073741824 Address: 0x0000000840000000

Heap:
 garbage-first heap   total 204800K, used 20172K [0x000000073b000000, 0x0000000800000000)
  region size 1024K, 21 young (21504K), 0 survivors (0K)
 Metaspace       used 3442K, capacity 6480K, committed 6656K, reserved 1056768K
  class space    used 393K, capacity 668K, committed 768K, reserved 1048576K
Heap Regions: E=young(eden), S=young(survivor), O=old, HS=humongous(starts), HC=humongous(continues), CS=collection set, F=free, A=archive, TAMS=top-at-mark-start (previous, next)
|   0|0x000000073b000000, 0x000000073b000000, 0x000000073b100000|  0%| F|  |TAMS 0x000000073b000000, 0x000000073b000000| Untracked 
|   1|0x000000073b100000, 0x000000073b100000, 0x000000073b200000|  0%| F|  |TAMS 0x000000073b100000, 0x000000073b100000| Untracked 
|   2|0x000000073b200000, 0x000000073b200000, 0x000000073b300000|  0%| F|  |TAMS 0x000000073b200000, 0x000000073b200000| Untracked 
|   3|0x000000073b300000, 0x000000073b300000, 0x000000073b400000|  0%| F|  |TAMS 0x000000073b300000, 0x000000073b300000| Untracked 
|   4|0x000000073b400000, 0x000000073b400000, 0x000000073b500000|  0%| F|  |TAMS 0x000000073b400000, 0x000000073b400000| Untracked 
|   5|0x000000073b500000, 0x000000073b500000, 0x000000073b600000|  0%| F|  |TAMS 0x000000073b500000, 0x000000073b500000| Untracked 
|   6|0x000000073b600000, 0x000000073b600000, 0x000000073b700000|  0%| F|  |TAMS 0x000000073b600000, 0x000000073b600000| Untracked 
|   7|0x000000073b700000, 0x000000073b700000, 0x000000073b800000|  0%| F|  |TAMS 0x000000073b700000, 0x000000073b700000| Untracked 
|   8|0x000000073b800000, 0x000000073b800000, 0x000000073b900000|  0%| F|  |TAMS 0x000000073b800000, 0x000000073b800000| Untracked 
|   9|0x000000073b900000, 0x000000073b900000, 0x000000073ba00000|  0%| F|  |TAMS 0x000000073b900000, 0x000000073b900000| Untracked 
|  10|0x000000073ba00000, 0x000000073ba00000, 0x000000073bb00000|  0%| F|  |TAMS 0x000000073ba00000, 0x000000073ba00000| Untracked 
|  11|0x000000073bb00000, 0x000000073bb00000, 0x000000073bc00000|  0%| F|  |TAMS 0x000000073bb00000, 0x000000073bb00000| Untracked 
|  12|0x000000073bc00000, 0x000000073bc00000, 0x000000073bd00000|  0%| F|  |TAMS 0x000000073bc00000, 0x000000073bc00000| Untracked 
|  13|0x000000073bd00000, 0x000000073bd00000, 0x000000073be00000|  0%| F|  |TAMS 0x000000073bd00000, 0x000000073bd00000| Untracked 
|  14|0x000000073be00000, 0x000000073be00000, 0x000000073bf00000|  0%| F|  |TAMS 0x000000073be00000, 0x000000073be00000| Untracked 
|  15|0x000000073bf00000, 0x000000073bf00000, 0x000000073c000000|  0%| F|  |TAMS 0x000000073bf00000, 0x000000073bf00000| Untracked 
|  16|0x000000073c000000, 0x000000073c000000, 0x000000073c100000|  0%| F|  |TAMS 0x000000073c000000, 0x000000073c000000| Untracked 
|  17|0x000000073c100000, 0x000000073c100000, 0x000000073c200000|  0%| F|  |TAMS 0x000000073c100000, 0x000000073c100000| Untracked 
|  18|0x000000073c200000, 0x000000073c200000, 0x000000073c300000|  0%| F|  |TAMS 0x000000073c200000, 0x000000073c200000| Untracked 
|  19|0x000000073c300000, 0x000000073c300000, 0x000000073c400000|  0%| F|  |TAMS 0x000000073c300000, 0x000000073c300000| Untracked 
|  20|0x000000073c400000, 0x000000073c400000, 0x000000073c500000|  0%| F|  |TAMS 0x000000073c400000, 0x000000073c400000| Untracked 
|  21|0x000000073c500000, 0x000000073c500000, 0x000000073c600000|  0%| F|  |TAMS 0x000000073c500000, 0x000000073c500000| Untracked 
|  22|0x000000073c600000, 0x000000073c600000, 0x000000073c700000|  0%| F|  |TAMS 0x000000073c600000, 0x000000073c600000| Untracked 
|  23|0x000000073c700000, 0x000000073c700000, 0x000000073c800000|  0%| F|  |TAMS 0x000000073c700000, 0x000000073c700000| Untracked 
|  24|0x000000073c800000, 0x000000073c800000, 0x000000073c900000|  0%| F|  |TAMS 0x000000073c800000, 0x000000073c800000| Untracked 
|  25|0x000000073c900000, 0x000000073c900000, 0x000000073ca00000|  0%| F|  |TAMS 0x000000073c900000, 0x000000073c900000| Untracked 
|  26|0x000000073ca00000, 0x000000073ca00000, 0x000000073cb00000|  0%| F|  |TAMS 0x000000073ca00000, 0x000000073ca00000| Untracked 
|  27|0x000000073cb00000, 0x000000073cb00000, 0x000000073cc00000|  0%| F|  |TAMS 0x000000073cb00000, 0x000000073cb00000| Untracked 
|  28|0x000000073cc00000, 0x000000073cc00000, 0x000000073cd00000|  0%| F|  |TAMS 0x000000073cc00000, 0x000000073cc00000| Untracked 
|  29|0x000000073cd00000, 0x000000073cd00000, 0x000000073ce00000|  0%| F|  |TAMS 0x000000073cd00000, 0x000000073cd00000| Untracked 
|  30|0x000000073ce00000, 0x000000073ce00000, 0x000000073cf00000|  0%| F|  |TAMS 0x000000073ce00000, 0x000000073ce00000| Untracked 
|  31|0x000000073cf00000, 0x000000073cf00000, 0x000000073d000000|  0%| F|  |TAMS 0x000000073cf00000, 0x000000073cf00000| Untracked 
|  32|0x000000073d000000, 0x000000073d000000, 0x000000073d100000|  0%| F|  |TAMS 0x000000073d000000, 0x000000073d000000| Untracked 
|  33|0x000000073d100000, 0x000000073d100000, 0x000000073d200000|  0%| F|  |TAMS 0x000000073d100000, 0x000000073d100000| Untracked 
|  34|0x000000073d200000, 0x000000073d200000, 0x000000073d300000|  0%| F|  |TAMS 0x000000073d200000, 0x000000073d200000| Untracked 
|  35|0x000000073d300000, 0x000000073d300000, 0x000000073d400000|  0%| F|  |TAMS 0x000000073d300000, 0x000000073d300000| Untracked 
|  36|0x000000073d400000, 0x000000073d400000, 0x000000073d500000|  0%| F|  |TAMS 0x000000073d400000, 0x000000073d400000| Untracked 
|  37|0x000000073d500000, 0x000000073d500000, 0x000000073d600000|  0%| F|  |TAMS 0x000000073d500000, 0x000000073d500000| Untracked 
|  38|0x000000073d600000, 0x000000073d600000, 0x000000073d700000|  0%| F|  |TAMS 0x000000073d600000, 0x000000073d600000| Untracked 
|  39|0x000000073d700000, 0x000000073d700000, 0x000000073d800000|  0%| F|  |TAMS 0x000000073d700000, 0x000000073d700000| Untracked 
|  40|0x000000073d800000, 0x000000073d800000, 0x000000073d900000|  0%| F|  |TAMS 0x000000073d800000, 0x000000073d800000| Untracked 
|  41|0x000000073d900000, 0x000000073d900000, 0x000000073da00000|  0%| F|  |TAMS 0x000000073d900000, 0x000000073d900000| Untracked 
|  42|0x000000073da00000, 0x000000073da00000, 0x000000073db00000|  0%| F|  |TAMS 0x000000073da00000, 0x000000073da00000| Untracked 
|  43|0x000000073db00000, 0x000000073db00000, 0x000000073dc00000|  0%| F|  |TAMS 0x000000073db00000, 0x000000073db00000| Untracked 
|  44|0x000000073dc00000, 0x000000073dc00000, 0x000000073dd00000|  0%| F|  |TAMS 0x000000073dc00000, 0x000000073dc00000| Untracked 
|  45|0x000000073dd00000, 0x000000073dd00000, 0x000000073de00000|  0%| F|  |TAMS 0x000000073dd00000, 0x000000073dd00000| Untracked 
|  46|0x000000073de00000, 0x000000073de00000, 0x000000073df00000|  0%| F|  |TAMS 0x000000073de00000, 0x000000073de00000| Untracked 
|  47|0x000000073df00000, 0x000000073df00000, 0x000000073e000000|  0%| F|  |TAMS 0x000000073df00000, 0x000000073df00000| Untracked 
|  48|0x000000073e000000, 0x000000073e000000, 0x000000073e100000|  0%| F|  |TAMS 0x000000073e000000, 0x000000073e000000| Untracked 
|  49|0x000000073e100000, 0x000000073e100000, 0x000000073e200000|  0%| F|  |TAMS 0x000000073e100000, 0x000000073e100000| Untracked 
|  50|0x000000073e200000, 0x000000073e200000, 0x000000073e300000|  0%| F|  |TAMS 0x000000073e200000, 0x000000073e200000| Untracked 
|  51|0x000000073e300000, 0x000000073e300000, 0x000000073e400000|  0%| F|  |TAMS 0x000000073e300000, 0x000000073e300000| Untracked 
|  52|0x000000073e400000, 0x000000073e400000, 0x000000073e500000|  0%| F|  |TAMS 0x000000073e400000, 0x000000073e400000| Untracked 
|  53|0x000000073e500000, 0x000000073e500000, 0x000000073e600000|  0%| F|  |TAMS 0x000000073e500000, 0x000000073e500000| Untracked 
|  54|0x000000073e600000, 0x000000073e600000, 0x000000073e700000|  0%| F|  |TAMS 0x000000073e600000, 0x000000073e600000| Untracked 
|  55|0x000000073e700000, 0x000000073e700000, 0x000000073e800000|  0%| F|  |TAMS 0x000000073e700000, 0x000000073e700000| Untracked 
|  56|0x000000073e800000, 0x000000073e800000, 0x000000073e900000|  0%| F|  |TAMS 0x000000073e800000, 0x000000073e800000| Untracked 
|  57|0x000000073e900000, 0x000000073e900000, 0x000000073ea00000|  0%| F|  |TAMS 0x000000073e900000, 0x000000073e900000| Untracked 
|  58|0x000000073ea00000, 0x000000073ea00000, 0x000000073eb00000|  0%| F|  |TAMS 0x000000073ea00000, 0x000000073ea00000| Untracked 
|  59|0x000000073eb00000, 0x000000073eb00000, 0x000000073ec00000|  0%| F|  |TAMS 0x000000073eb00000, 0x000000073eb00000| Untracked 
|  60|0x000000073ec00000, 0x000000073ec00000, 0x000000073ed00000|  0%| F|  |TAMS 0x000000073ec00000, 0x000000073ec00000| Untracked 
|  61|0x000000073ed00000, 0x000000073ed00000, 0x000000073ee00000|  0%| F|  |TAMS 0x000000073ed00000, 0x000000073ed00000| Untracked 
|  62|0x000000073ee00000, 0x000000073ee00000, 0x000000073ef00000|  0%| F|  |TAMS 0x000000073ee00000, 0x000000073ee00000| Untracked 
|  63|0x000000073ef00000, 0x000000073ef00000, 0x000000073f000000|  0%| F|  |TAMS 0x000000073ef00000, 0x000000073ef00000| Untracked 
|  64|0x000000073f000000, 0x000000073f000000, 0x000000073f100000|  0%| F|  |TAMS 0x000000073f000000, 0x000000073f000000| Untracked 
|  65|0x000000073f100000, 0x000000073f100000, 0x000000073f200000|  0%| F|  |TAMS 0x000000073f100000, 0x000000073f100000| Untracked 
|  66|0x000000073f200000, 0x000000073f200000, 0x000000073f300000|  0%| F|  |TAMS 0x000000073f200000, 0x000000073f200000| Untracked 
|  67|0x000000073f300000, 0x000000073f300000, 0x000000073f400000|  0%| F|  |TAMS 0x000000073f300000, 0x000000073f300000| Untracked 
|  68|0x000000073f400000, 0x000000073f400000, 0x000000073f500000|  0%| F|  |TAMS 0x000000073f400000, 0x000000073f400000| Untracked 
|  69|0x000000073f500000, 0x000000073f500000, 0x000000073f600000|  0%| F|  |TAMS 0x000000073f500000, 0x000000073f500000| Untracked 
|  70|0x000000073f600000, 0x000000073f600000, 0x000000073f700000|  0%| F|  |TAMS 0x000000073f600000, 0x000000073f600000| Untracked 
|  71|0x000000073f700000, 0x000000073f700000, 0x000000073f800000|  0%| F|  |TAMS 0x000000073f700000, 0x000000073f700000| Untracked 
|  72|0x000000073f800000, 0x000000073f800000, 0x000000073f900000|  0%| F|  |TAMS 0x000000073f800000, 0x000000073f800000| Untracked 
|  73|0x000000073f900000, 0x000000073f900000, 0x000000073fa00000|  0%| F|  |TAMS 0x000000073f900000, 0x000000073f900000| Untracked 
|  74|0x000000073fa00000, 0x000000073fa00000, 0x000000073fb00000|  0%| F|  |TAMS 0x000000073fa00000, 0x000000073fa00000| Untracked 
|  75|0x000000073fb00000, 0x000000073fb00000, 0x000000073fc00000|  0%| F|  |TAMS 0x000000073fb00000, 0x000000073fb00000| Untracked 
|  76|0x000000073fc00000, 0x000000073fc00000, 0x000000073fd00000|  0%| F|  |TAMS 0x000000073fc00000, 0x000000073fc00000| Untracked 
|  77|0x000000073fd00000, 0x000000073fd00000, 0x000000073fe00000|  0%| F|  |TAMS 0x000000073fd00000, 0x000000073fd00000| Untracked 
|  78|0x000000073fe00000, 0x000000073fe00000, 0x000000073ff00000|  0%| F|  |TAMS 0x000000073fe00000, 0x000000073fe00000| Untracked 
|  79|0x000000073ff00000, 0x000000073ff00000, 0x0000000740000000|  0%| F|  |TAMS 0x000000073ff00000, 0x000000073ff00000| Untracked 
|  80|0x0000000740000000, 0x0000000740000000, 0x0000000740100000|  0%| F|  |TAMS 0x0000000740000000, 0x0000000740000000| Untracked 
|  81|0x0000000740100000, 0x0000000740100000, 0x0000000740200000|  0%| F|  |TAMS 0x0000000740100000, 0x0000000740100000| Untracked 
|  82|0x0000000740200000, 0x0000000740200000, 0x0000000740300000|  0%| F|  |TAMS 0x0000000740200000, 0x0000000740200000| Untracked 
|  83|0x0000000740300000, 0x0000000740300000, 0x0000000740400000|  0%| F|  |TAMS 0x0000000740300000, 0x0000000740300000| Untracked 
|  84|0x0000000740400000, 0x0000000740400000, 0x0000000740500000|  0%| F|  |TAMS 0x0000000740400000, 0x0000000740400000| Untracked 
|  85|0x0000000740500000, 0x0000000740500000, 0x0000000740600000|  0%| F|  |TAMS 0x0000000740500000, 0x0000000740500000| Untracked 
|  86|0x0000000740600000, 0x0000000740600000, 0x0000000740700000|  0%| F|  |TAMS 0x0000000740600000, 0x0000000740600000| Untracked 
|  87|0x0000000740700000, 0x0000000740700000, 0x0000000740800000|  0%| F|  |TAMS 0x0000000740700000, 0x0000000740700000| Untracked 
|  88|0x0000000740800000, 0x0000000740800000, 0x0000000740900000|  0%| F|  |TAMS 0x0000000740800000, 0x0000000740800000| Untracked 
|  89|0x0000000740900000, 0x0000000740900000, 0x0000000740a00000|  0%| F|  |TAMS 0x0000000740900000, 0x0000000740900000| Untracked 
|  90|0x0000000740a00000, 0x0000000740a00000, 0x0000000740b00000|  0%| F|  |TAMS 0x0000000740a00000, 0x0000000740a00000| Untracked 
|  91|0x0000000740b00000, 0x0000000740b00000, 0x0000000740c00000|  0%| F|  |TAMS 0x0000000740b00000, 0x0000000740b00000| Untracked 
|  92|0x0000000740c00000, 0x0000000740c00000, 0x0000000740d00000|  0%| F|  |TAMS 0x0000000740c00000, 0x0000000740c00000| Untracked 
|  93|0x0000000740d00000, 0x0000000740d00000, 0x0000000740e00000|  0%| F|  |TAMS 0x0000000740d00000, 0x0000000740d00000| Untracked 
|  94|0x0000000740e00000, 0x0000000740e00000, 0x0000000740f00000|  0%| F|  |TAMS 0x0000000740e00000, 0x0000000740e00000| Untracked 
|  95|0x0000000740f00000, 0x0000000740f00000, 0x0000000741000000|  0%| F|  |TAMS 0x0000000740f00000, 0x0000000740f00000| Untracked 
|  96|0x0000000741000000, 0x0000000741000000, 0x0000000741100000|  0%| F|  |TAMS 0x0000000741000000, 0x0000000741000000| Untracked 
|  97|0x0000000741100000, 0x0000000741100000, 0x0000000741200000|  0%| F|  |TAMS 0x0000000741100000, 0x0000000741100000| Untracked 
|  98|0x0000000741200000, 0x0000000741200000, 0x0000000741300000|  0%| F|  |TAMS 0x0000000741200000, 0x0000000741200000| Untracked 
|  99|0x0000000741300000, 0x0000000741300000, 0x0000000741400000|  0%| F|  |TAMS 0x0000000741300000, 0x0000000741300000| Untracked 
| 100|0x0000000741400000, 0x0000000741400000, 0x0000000741500000|  0%| F|  |TAMS 0x0000000741400000, 0x0000000741400000| Untracked 
| 101|0x0000000741500000, 0x0000000741500000, 0x0000000741600000|  0%| F|  |TAMS 0x0000000741500000, 0x0000000741500000| Untracked 
| 102|0x0000000741600000, 0x0000000741600000, 0x0000000741700000|  0%| F|  |TAMS 0x0000000741600000, 0x0000000741600000| Untracked 
| 103|0x0000000741700000, 0x0000000741700000, 0x0000000741800000|  0%| F|  |TAMS 0x0000000741700000, 0x0000000741700000| Untracked 
| 104|0x0000000741800000, 0x0000000741800000, 0x0000000741900000|  0%| F|  |TAMS 0x0000000741800000, 0x0000000741800000| Untracked 
| 105|0x0000000741900000, 0x0000000741900000, 0x0000000741a00000|  0%| F|  |TAMS 0x0000000741900000, 0x0000000741900000| Untracked 
| 106|0x0000000741a00000, 0x0000000741a00000, 0x0000000741b00000|  0%| F|  |TAMS 0x0000000741a00000, 0x0000000741a00000| Untracked 
| 107|0x0000000741b00000, 0x0000000741b00000, 0x0000000741c00000|  0%| F|  |TAMS 0x0000000741b00000, 0x0000000741b00000| Untracked 
| 108|0x0000000741c00000, 0x0000000741c00000, 0x0000000741d00000|  0%| F|  |TAMS 0x0000000741c00000, 0x0000000741c00000| Untracked 
| 109|0x0000000741d00000, 0x0000000741d00000, 0x0000000741e00000|  0%| F|  |TAMS 0x0000000741d00000, 0x0000000741d00000| Untracked 
| 110|0x0000000741e00000, 0x0000000741e00000, 0x0000000741f00000|  0%| F|  |TAMS 0x0000000741e00000, 0x0000000741e00000| Untracked 
| 111|0x0000000741f00000, 0x0000000741f00000, 0x0000000742000000|  0%| F|  |TAMS 0x0000000741f00000, 0x0000000741f00000| Untracked 
| 112|0x0000000742000000, 0x0000000742000000, 0x0000000742100000|  0%| F|  |TAMS 0x0000000742000000, 0x0000000742000000| Untracked 
| 113|0x0000000742100000, 0x0000000742100000, 0x0000000742200000|  0%| F|  |TAMS 0x0000000742100000, 0x0000000742100000| Untracked 
| 114|0x0000000742200000, 0x0000000742200000, 0x0000000742300000|  0%| F|  |TAMS 0x0000000742200000, 0x0000000742200000| Untracked 
| 115|0x0000000742300000, 0x0000000742300000, 0x0000000742400000|  0%| F|  |TAMS 0x0000000742300000, 0x0000000742300000| Untracked 
| 116|0x0000000742400000, 0x0000000742400000, 0x0000000742500000|  0%| F|  |TAMS 0x0000000742400000, 0x0000000742400000| Untracked 
| 117|0x0000000742500000, 0x0000000742500000, 0x0000000742600000|  0%| F|  |TAMS 0x0000000742500000, 0x0000000742500000| Untracked 
| 118|0x0000000742600000, 0x0000000742600000, 0x0000000742700000|  0%| F|  |TAMS 0x0000000742600000, 0x0000000742600000| Untracked 
| 119|0x0000000742700000, 0x0000000742700000, 0x0000000742800000|  0%| F|  |TAMS 0x0000000742700000, 0x0000000742700000| Untracked 
| 120|0x0000000742800000, 0x0000000742800000, 0x0000000742900000|  0%| F|  |TAMS 0x0000000742800000, 0x0000000742800000| Untracked 
| 121|0x0000000742900000, 0x0000000742900000, 0x0000000742a00000|  0%| F|  |TAMS 0x0000000742900000, 0x0000000742900000| Untracked 
| 122|0x0000000742a00000, 0x0000000742a00000, 0x0000000742b00000|  0%| F|  |TAMS 0x0000000742a00000, 0x0000000742a00000| Untracked 
| 123|0x0000000742b00000, 0x0000000742b00000, 0x0000000742c00000|  0%| F|  |TAMS 0x0000000742b00000, 0x0000000742b00000| Untracked 
| 124|0x0000000742c00000, 0x0000000742c00000, 0x0000000742d00000|  0%| F|  |TAMS 0x0000000742c00000, 0x0000000742c00000| Untracked 
| 125|0x0000000742d00000, 0x0000000742d00000, 0x0000000742e00000|  0%| F|  |TAMS 0x0000000742d00000, 0x0000000742d00000| Untracked 
| 126|0x0000000742e00000, 0x0000000742e00000, 0x0000000742f00000|  0%| F|  |TAMS 0x0000000742e00000, 0x0000000742e00000| Untracked 
| 127|0x0000000742f00000, 0x0000000742f00000, 0x0000000743000000|  0%| F|  |TAMS 0x0000000742f00000, 0x0000000742f00000| Untracked 
| 128|0x0000000743000000, 0x0000000743000000, 0x0000000743100000|  0%| F|  |TAMS 0x0000000743000000, 0x0000000743000000| Untracked 
| 129|0x0000000743100000, 0x0000000743100000, 0x0000000743200000|  0%| F|  |TAMS 0x0000000743100000, 0x0000000743100000| Untracked 
| 130|0x0000000743200000, 0x0000000743200000, 0x0000000743300000|  0%| F|  |TAMS 0x0000000743200000, 0x0000000743200000| Untracked 
| 131|0x0000000743300000, 0x0000000743300000, 0x0000000743400000|  0%| F|  |TAMS 0x0000000743300000, 0x0000000743300000| Untracked 
| 132|0x0000000743400000, 0x0000000743400000, 0x0000000743500000|  0%| F|  |TAMS 0x0000000743400000, 0x0000000743400000| Untracked 
| 133|0x0000000743500000, 0x0000000743500000, 0x0000000743600000|  0%| F|  |TAMS 0x0000000743500000, 0x0000000743500000| Untracked 
| 134|0x0000000743600000, 0x0000000743600000, 0x0000000743700000|  0%| F|  |TAMS 0x0000000743600000, 0x0000000743600000| Untracked 
| 135|0x0000000743700000, 0x0000000743700000, 0x0000000743800000|  0%| F|  |TAMS 0x0000000743700000, 0x0000000743700000| Untracked 
| 136|0x0000000743800000, 0x0000000743800000, 0x0000000743900000|  0%| F|  |TAMS 0x0000000743800000, 0x0000000743800000| Untracked 
| 137|0x0000000743900000, 0x0000000743900000, 0x0000000743a00000|  0%| F|  |TAMS 0x0000000743900000, 0x0000000743900000| Untracked 
| 138|0x0000000743a00000, 0x0000000743a00000, 0x0000000743b00000|  0%| F|  |TAMS 0x0000000743a00000, 0x0000000743a00000| Untracked 
| 139|0x0000000743b00000, 0x0000000743b00000, 0x0000000743c00000|  0%| F|  |TAMS 0x0000000743b00000, 0x0000000743b00000| Untracked 
| 140|0x0000000743c00000, 0x0000000743c00000, 0x0000000743d00000|  0%| F|  |TAMS 0x0000000743c00000, 0x0000000743c00000| Untracked 
| 141|0x0000000743d00000, 0x0000000743d00000, 0x0000000743e00000|  0%| F|  |TAMS 0x0000000743d00000, 0x0000000743d00000| Untracked 
| 142|0x0000000743e00000, 0x0000000743e00000, 0x0000000743f00000|  0%| F|  |TAMS 0x0000000743e00000, 0x0000000743e00000| Untracked 
| 143|0x0000000743f00000, 0x0000000743f00000, 0x0000000744000000|  0%| F|  |TAMS 0x0000000743f00000, 0x0000000743f00000| Untracked 
| 144|0x0000000744000000, 0x0000000744000000, 0x0000000744100000|  0%| F|  |TAMS 0x0000000744000000, 0x0000000744000000| Untracked 
| 145|0x0000000744100000, 0x0000000744100000, 0x0000000744200000|  0%| F|  |TAMS 0x0000000744100000, 0x0000000744100000| Untracked 
| 146|0x0000000744200000, 0x0000000744200000, 0x0000000744300000|  0%| F|  |TAMS 0x0000000744200000, 0x0000000744200000| Untracked 
| 147|0x0000000744300000, 0x0000000744300000, 0x0000000744400000|  0%| F|  |TAMS 0x0000000744300000, 0x0000000744300000| Untracked 
| 148|0x0000000744400000, 0x0000000744400000, 0x0000000744500000|  0%| F|  |TAMS 0x0000000744400000, 0x0000000744400000| Untracked 
| 149|0x0000000744500000, 0x0000000744500000, 0x0000000744600000|  0%| F|  |TAMS 0x0000000744500000, 0x0000000744500000| Untracked 
| 150|0x0000000744600000, 0x0000000744600000, 0x0000000744700000|  0%| F|  |TAMS 0x0000000744600000, 0x0000000744600000| Untracked 
| 151|0x0000000744700000, 0x0000000744700000, 0x0000000744800000|  0%| F|  |TAMS 0x0000000744700000, 0x0000000744700000| Untracked 
| 152|0x0000000744800000, 0x0000000744800000, 0x0000000744900000|  0%| F|  |TAMS 0x0000000744800000, 0x0000000744800000| Untracked 
| 153|0x0000000744900000, 0x0000000744900000, 0x0000000744a00000|  0%| F|  |TAMS 0x0000000744900000, 0x0000000744900000| Untracked 
| 154|0x0000000744a00000, 0x0000000744a00000, 0x0000000744b00000|  0%| F|  |TAMS 0x0000000744a00000, 0x0000000744a00000| Untracked 
| 155|0x0000000744b00000, 0x0000000744b00000, 0x0000000744c00000|  0%| F|  |TAMS 0x0000000744b00000, 0x0000000744b00000| Untracked 
| 156|0x0000000744c00000, 0x0000000744c00000, 0x0000000744d00000|  0%| F|  |TAMS 0x0000000744c00000, 0x0000000744c00000| Untracked 
| 157|0x0000000744d00000, 0x0000000744d00000, 0x0000000744e00000|  0%| F|  |TAMS 0x0000000744d00000, 0x0000000744d00000| Untracked 
| 158|0x0000000744e00000, 0x0000000744e00000, 0x0000000744f00000|  0%| F|  |TAMS 0x0000000744e00000, 0x0000000744e00000| Untracked 
| 159|0x0000000744f00000, 0x0000000744f00000, 0x0000000745000000|  0%| F|  |TAMS 0x0000000744f00000, 0x0000000744f00000| Untracked 
| 160|0x0000000745000000, 0x0000000745000000, 0x0000000745100000|  0%| F|  |TAMS 0x0000000745000000, 0x0000000745000000| Untracked 
| 161|0x0000000745100000, 0x0000000745100000, 0x0000000745200000|  0%| F|  |TAMS 0x0000000745100000, 0x0000000745100000| Untracked 
| 162|0x0000000745200000, 0x0000000745200000, 0x0000000745300000|  0%| F|  |TAMS 0x0000000745200000, 0x0000000745200000| Untracked 
| 163|0x0000000745300000, 0x0000000745300000, 0x0000000745400000|  0%| F|  |TAMS 0x0000000745300000, 0x0000000745300000| Untracked 
| 164|0x0000000745400000, 0x0000000745400000, 0x0000000745500000|  0%| F|  |TAMS 0x0000000745400000, 0x0000000745400000| Untracked 
| 165|0x0000000745500000, 0x0000000745500000, 0x0000000745600000|  0%| F|  |TAMS 0x0000000745500000, 0x0000000745500000| Untracked 
| 166|0x0000000745600000, 0x0000000745600000, 0x0000000745700000|  0%| F|  |TAMS 0x0000000745600000, 0x0000000745600000| Untracked 
| 167|0x0000000745700000, 0x0000000745700000, 0x0000000745800000|  0%| F|  |TAMS 0x0000000745700000, 0x0000000745700000| Untracked 
| 168|0x0000000745800000, 0x0000000745800000, 0x0000000745900000|  0%| F|  |TAMS 0x0000000745800000, 0x0000000745800000| Untracked 
| 169|0x0000000745900000, 0x0000000745900000, 0x0000000745a00000|  0%| F|  |TAMS 0x0000000745900000, 0x0000000745900000| Untracked 
| 170|0x0000000745a00000, 0x0000000745a00000, 0x0000000745b00000|  0%| F|  |TAMS 0x0000000745a00000, 0x0000000745a00000| Untracked 
| 171|0x0000000745b00000, 0x0000000745b00000, 0x0000000745c00000|  0%| F|  |TAMS 0x0000000745b00000, 0x0000000745b00000| Untracked 
| 172|0x0000000745c00000, 0x0000000745c00000, 0x0000000745d00000|  0%| F|  |TAMS 0x0000000745c00000, 0x0000000745c00000| Untracked 
| 173|0x0000000745d00000, 0x0000000745d00000, 0x0000000745e00000|  0%| F|  |TAMS 0x0000000745d00000, 0x0000000745d00000| Untracked 
| 174|0x0000000745e00000, 0x0000000745e00000, 0x0000000745f00000|  0%| F|  |TAMS 0x0000000745e00000, 0x0000000745e00000| Untracked 
| 175|0x0000000745f00000, 0x0000000745f00000, 0x0000000746000000|  0%| F|  |TAMS 0x0000000745f00000, 0x0000000745f00000| Untracked 
| 176|0x0000000746000000, 0x0000000746000000, 0x0000000746100000|  0%| F|  |TAMS 0x0000000746000000, 0x0000000746000000| Untracked 
| 177|0x0000000746100000, 0x000000074617b6c0, 0x0000000746200000| 48%| E|  |TAMS 0x0000000746100000, 0x0000000746100000| Complete 
| 178|0x0000000746200000, 0x0000000746300000, 0x0000000746300000|100%| E|CS|TAMS 0x0000000746200000, 0x0000000746200000| Complete 
| 179|0x0000000746300000, 0x0000000746400000, 0x0000000746400000|100%| E|CS|TAMS 0x0000000746300000, 0x0000000746300000| Complete 
| 180|0x0000000746400000, 0x0000000746500000, 0x0000000746500000|100%| E|CS|TAMS 0x0000000746400000, 0x0000000746400000| Complete 
| 181|0x0000000746500000, 0x0000000746600000, 0x0000000746600000|100%| E|CS|TAMS 0x0000000746500000, 0x0000000746500000| Complete 
| 182|0x0000000746600000, 0x0000000746700000, 0x0000000746700000|100%| E|CS|TAMS 0x0000000746600000, 0x0000000746600000| Complete 
| 183|0x0000000746700000, 0x0000000746800000, 0x0000000746800000|100%| E|CS|TAMS 0x0000000746700000, 0x0000000746700000| Complete 
| 184|0x0000000746800000, 0x0000000746900000, 0x0000000746900000|100%| E|CS|TAMS 0x0000000746800000, 0x0000000746800000| Complete 
| 185|0x0000000746900000, 0x0000000746a00000, 0x0000000746a00000|100%| E|CS|TAMS 0x0000000746900000, 0x0000000746900000| Complete 
| 186|0x0000000746a00000, 0x0000000746b00000, 0x0000000746b00000|100%| E|CS|TAMS 0x0000000746a00000, 0x0000000746a00000| Complete 
| 187|0x0000000746b00000, 0x0000000746c00000, 0x0000000746c00000|100%| E|CS|TAMS 0x0000000746b00000, 0x0000000746b00000| Complete 
| 188|0x0000000746c00000, 0x0000000746d00000, 0x0000000746d00000|100%| E|  |TAMS 0x0000000746c00000, 0x0000000746c00000| Complete 
| 189|0x0000000746d00000, 0x0000000746e00000, 0x0000000746e00000|100%| E|CS|TAMS 0x0000000746d00000, 0x0000000746d00000| Complete 
| 190|0x0000000746e00000, 0x0000000746f00000, 0x0000000746f00000|100%| E|CS|TAMS 0x0000000746e00000, 0x0000000746e00000| Complete 
| 191|0x0000000746f00000, 0x0000000747000000, 0x0000000747000000|100%| E|CS|TAMS 0x0000000746f00000, 0x0000000746f00000| Complete 
| 192|0x0000000747000000, 0x0000000747100000, 0x0000000747100000|100%| E|CS|TAMS 0x0000000747000000, 0x0000000747000000| Complete 
| 193|0x0000000747100000, 0x0000000747200000, 0x0000000747200000|100%| E|CS|TAMS 0x0000000747100000, 0x0000000747100000| Complete 
| 194|0x0000000747200000, 0x0000000747300000, 0x0000000747300000|100%| E|CS|TAMS 0x0000000747200000, 0x0000000747200000| Complete 
| 195|0x0000000747300000, 0x0000000747400000, 0x0000000747400000|100%| E|CS|TAMS 0x0000000747300000, 0x0000000747300000| Complete 
| 196|0x0000000747400000, 0x0000000747500000, 0x0000000747500000|100%| E|CS|TAMS 0x0000000747400000, 0x0000000747400000| Complete 
| 197|0x0000000747500000, 0x0000000747600000, 0x0000000747600000|100%| E|CS|TAMS 0x0000000747500000, 0x0000000747500000| Complete 
|2126|0x00000007bfe00000, 0x00000007bfe48000, 0x00000007bff00000| 28%|OA|  |TAMS 0x00000007bfe00000, 0x00000007bfe00000| Untracked 
|2127|0x00000007bff00000, 0x00000007bff6b000, 0x00000007c0000000| 41%|CA|  |TAMS 0x00000007bff00000, 0x00000007bff00000| Untracked 

Card table byte_map: [0x00007f2dbcdbe000,0x00007f2dbd3e6000] _byte_map_base: 0x00007f2db93e6000

Marking Bits (Prev, Next): (CMBitMap*) 0x00007f2db806d4f8, (CMBitMap*) 0x00007f2db806d530
 Prev Bits: [0x00007f2d98ec0000, 0x00007f2d9c000000)
 Next Bits: [0x00007f2d95d80000, 0x00007f2d98ec0000)

Polling page: 0x00007f2dbfeb4000

Metaspace:

Usage:
  Non-class:      5.68 MB capacity,     2.98 MB ( 52%) used,     2.69 MB ( 47%) free+waste,     4.19 KB ( <1%) overhead. 
      Class:    668.00 KB capacity,   393.73 KB ( 59%) used,   272.21 KB ( 41%) free+waste,     2.06 KB ( <1%) overhead. 
       Both:      6.33 MB capacity,     3.36 MB ( 53%) used,     2.96 MB ( 47%) free+waste,     6.25 KB ( <1%) overhead. 

Virtual space:
  Non-class space:        8.00 MB reserved,       5.75 MB ( 72%) committed 
      Class space:        1.00 GB reserved,     768.00 KB ( <1%) committed 
             Both:        1.01 GB reserved,       6.50 MB ( <1%) committed 

Chunk freelists:
   Non-Class:  12.00 KB
       Class:  4.00 KB
        Both:  16.00 KB

MaxMetaspaceSize: unlimited
CompressedClassSpaceSize: 1.00 GB
Initial GC threshold: 20.80 MB
Current GC threshold: 20.80 MB
CDS: on

CodeHeap 'non-profiled nmethods': size=120032Kb used=177Kb max_used=177Kb free=119854Kb
 bounds [0x00007f2da82c5000, 0x00007f2da8535000, 0x00007f2daf7fd000]
CodeHeap 'profiled nmethods': size=120028Kb used=1259Kb max_used=1259Kb free=118768Kb
 bounds [0x00007f2da0d8e000, 0x00007f2da0ffe000, 0x00007f2da82c5000]
CodeHeap 'non-nmethods': size=5700Kb used=1147Kb max_used=1161Kb free=4552Kb
 bounds [0x00007f2da07fd000, 0x00007f2da0a6d000, 0x00007f2da0d8e000]
 total_blobs=1066 nmethods=671 adapters=309
 compilation: enabled
              stopped_count=0, restarted_count=0
 full_count=0

Compilation events (20 events):
Event: 0.278 Thread 0x00007f2db8197000 nmethod 662 0x00007f2da0ebcc90 code [0x00007f2da0ebce40, 0x00007f2da0ebcf70]
Event: 0.278 Thread 0x00007f2db8197000  663       3       jdk.internal.loader.URLClassPath$JarLoader$2::getManifest (26 bytes)
Event: 0.278 Thread 0x00007f2db8197000 nmethod 663 0x00007f2da0ebd010 code [0x00007f2da0ebd220, 0x00007f2da0ebd720]
Event: 0.279 Thread 0x00007f2db8197000  664   !   3       jdk.internal.loader.URLClassPath$JarLoader::checkResource (78 bytes)
Event: 0.279 Thread 0x00007f2db8197000 nmethod 664 0x00007f2da0ebd990 code [0x00007f2da0ebdbe0, 0x00007f2da0ebe600]
Event: 0.279 Thread 0x00007f2db8197000  665       1       sun.nio.fs.NativeBuffer::address (5 bytes)
Event: 0.279 Thread 0x00007f2db8197000 nmethod 665 0x00007f2da82f1490 code [0x00007f2da82f1640, 0x00007f2da82f1710]
Event: 0.281 Thread 0x00007f2db8197000  666       3       sun.reflect.annotation.AnnotationInvocationHandler::invoke (178 bytes)
Event: 0.282 Thread 0x00007f2db8197000 nmethod 666 0x00007f2da0ebea90 code [0x00007f2da0ebeda0, 0x00007f2da0ebff00]
Event: 0.282 Thread 0x00007f2db8197000  668       3       java.util.Arrays$ArrayItr::hasNext (18 bytes)
Event: 0.282 Thread 0x00007f2db8197000 nmethod 668 0x00007f2da0ec0490 code [0x00007f2da0ec0640, 0x00007f2da0ec07d0]
Event: 0.282 Thread 0x00007f2db8197000  667       3       java.lang.reflect.Method::getParameterCount (6 bytes)
Event: 0.282 Thread 0x00007f2db8197000 nmethod 667 0x00007f2da0ec0890 code [0x00007f2da0ec0a40, 0x00007f2da0ec0b70]
Event: 0.282 Thread 0x00007f2db8197000  669       3       java.net.URLStreamHandler::toExternalForm (156 bytes)
Event: 0.283 Thread 0x00007f2db8197000 nmethod 669 0x00007f2da0ec0c10 code [0x00007f2da0ec10c0, 0x00007f2da0ec3130]
Event: 0.284 Thread 0x00007f2db8197000  671       3       java.nio.ByteBuffer::arrayOffset (35 bytes)
Event: 0.284 Thread 0x00007f2db8197000 nmethod 671 0x00007f2da0ec3b10 code [0x00007f2da0ec3ce0, 0x00007f2da0ec3fd0]
Event: 0.284 Thread 0x00007f2db8197000  672       3       java.nio.CharBuffer::arrayOffset (35 bytes)
Event: 0.284 Thread 0x00007f2db8197000 nmethod 672 0x00007f2da0ec4110 code [0x00007f2da0ec42e0, 0x00007f2da0ec45d0]
Event: 0.285 Thread 0x00007f2db8197000  673       3       java.lang.String::<init> (55 bytes)

GC Heap History (0 events):
No events

Deoptimization events (16 events):
Event: 0.059 Thread 0x00007f2db8016800 DEOPT PACKING pc=0x00007f2da0da8a8b sp=0x00007f2dbe66c4e0
Event: 0.059 Thread 0x00007f2db8016800 DEOPT UNPACKING pc=0x00007f2da08469fa sp=0x00007f2dbe66b9a0 mode 0
Event: 0.123 Thread 0x00007f2db8016800 Uncommon trap: trap_request=0xffffff4d fr.pc=0x00007f2da82d0da0 relative=0x0000000000000360
Event: 0.123 Thread 0x00007f2db8016800 Uncommon trap: reason=unstable_if action=reinterpret pc=0x00007f2da82d0da0 method=java.lang.StringLatin1.indexOf([BI[BII)I @ 91 c2
Event: 0.123 Thread 0x00007f2db8016800 DEOPT PACKING pc=0x00007f2da82d0da0 sp=0x00007f2dbe66bba0
Event: 0.123 Thread 0x00007f2db8016800 DEOPT UNPACKING pc=0x00007f2da08052a5 sp=0x00007f2dbe66bb20 mode 2
Event: 0.125 Thread 0x00007f2db8016800 DEOPT PACKING pc=0x00007f2da0da8443 sp=0x00007f2dbe668c60
Event: 0.125 Thread 0x00007f2db8016800 DEOPT UNPACKING pc=0x00007f2da08469fa sp=0x00007f2dbe668150 mode 0
Event: 0.128 Thread 0x00007f2db8016800 DEOPT PACKING pc=0x00007f2da0da8443 sp=0x00007f2dbe668c60
Event: 0.128 Thread 0x00007f2db8016800 DEOPT UNPACKING pc=0x00007f2da08469fa sp=0x00007f2dbe668150 mode 0
Event: 0.147 Thread 0x00007f2db8016800 Uncommon trap: trap_request=0xffffff4d fr.pc=0x00007f2da82d150c relative=0x000000000000024c
Event: 0.147 Thread 0x00007f2db8016800 Uncommon trap: reason=unstable_if action=reinterpret pc=0x00007f2da82d150c method=java.lang.String.startsWith(Ljava/lang/String;I)Z @ 14 c2
Event: 0.147 Thread 0x00007f2db8016800 DEOPT PACKING pc=0x00007f2da82d150c sp=0x00007f2dbe66d4d0
Event: 0.147 Thread 0x00007f2db8016800 DEOPT UNPACKING pc=0x00007f2da08052a5 sp=0x00007f2dbe66d458 mode 2
Event: 0.195 Thread 0x00007f2db8016800 DEOPT PACKING pc=0x00007f2da0e1d4c2 sp=0x00007f2dbe66b9f0
Event: 0.195 Thread 0x00007f2db8016800 DEOPT UNPACKING pc=0x00007f2da08469fa sp=0x00007f2dbe66ae78 mode 0

Classes redefined (0 events):
No events

Internal exceptions (20 events):
Event: 0.125 Thread 0x00007f2db8016800 Exception <a 'java/security/PrivilegedActionException'{0x00000007471027f8}> (0x00000007471027f8) thrown at [src/hotspot/share/prims/jvm.cpp, line 1304]
Event: 0.125 Thread 0x00007f2db8016800 Exception <a 'java/security/PrivilegedActionException'{0x0000000747102ac8}> (0x0000000747102ac8) thrown at [src/hotspot/share/prims/jvm.cpp, line 1304]
Event: 0.125 Thread 0x00007f2db8016800 Exception <a 'java/security/PrivilegedActionException'{0x0000000747103590}> (0x0000000747103590) thrown at [src/hotspot/share/prims/jvm.cpp, line 1304]
Event: 0.125 Thread 0x00007f2db8016800 Exception <a 'java/security/PrivilegedActionException'{0x0000000747103860}> (0x0000000747103860) thrown at [src/hotspot/share/prims/jvm.cpp, line 1304]
Event: 0.125 Thread 0x00007f2db8016800 Exception <a 'java/security/PrivilegedActionException'{0x0000000747104330}> (0x0000000747104330) thrown at [src/hotspot/share/prims/jvm.cpp, line 1304]
Event: 0.125 Thread 0x00007f2db8016800 Exception <a 'java/security/PrivilegedActionException'{0x0000000747104600}> (0x0000000747104600) thrown at [src/hotspot/share/prims/jvm.cpp, line 1304]
Event: 0.125 Thread 0x00007f2db8016800 Exception <a 'java/security/PrivilegedActionException'{0x00000007471050d0}> (0x00000007471050d0) thrown at [src/hotspot/share/prims/jvm.cpp, line 1304]
Event: 0.125 Thread 0x00007f2db8016800 Exception <a 'java/security/PrivilegedActionException'{0x00000007471053a0}> (0x00000007471053a0) thrown at [src/hotspot/share/prims/jvm.cpp, line 1304]
Event: 0.125 Thread 0x00007f2db8016800 Exception <a 'java/security/PrivilegedActionException'{0x0000000747105e90}> (0x0000000747105e90) thrown at [src/hotspot/share/prims/jvm.cpp, line 1304]
Event: 0.125 Thread 0x00007f2db8016800 Exception <a 'java/security/PrivilegedActionException'{0x0000000747106160}> (0x0000000747106160) thrown at [src/hotspot/share/prims/jvm.cpp, line 1304]
Event: 0.125 Thread 0x00007f2db8016800 Exception <a 'java/security/PrivilegedActionException'{0x0000000747106c30}> (0x0000000747106c30) thrown at [src/hotspot/share/prims/jvm.cpp, line 1304]
Event: 0.125 Thread 0x00007f2db8016800 Exception <a 'java/security/PrivilegedActionException'{0x0000000747106f00}> (0x0000000747106f00) thrown at [src/hotspot/share/prims/jvm.cpp, line 1304]
Event: 0.125 Thread 0x00007f2db8016800 Exception <a 'java/security/PrivilegedActionException'{0x00000007471079f8}> (0x00000007471079f8) thrown at [src/hotspot/share/prims/jvm.cpp, line 1304]
Event: 0.125 Thread 0x00007f2db8016800 Exception <a 'java/security/PrivilegedActionException'{0x0000000747107cc8}> (0x0000000747107cc8) thrown at [src/hotspot/share/prims/jvm.cpp, line 1304]
Event: 0.154 Thread 0x00007f2db8016800 Exception <a 'java/lang/NoSuchMethodError'{0x00000007470a0cf8}: 'int java.lang.invoke.DirectMethodHandle$Holder.invokeStaticInit(java.lang.Object, java.lang.Object, java.lang.Object, java.lang.Object)'> (0x00000007470a0cf8) thrown at [src/hotspot/share/interpreter/linkResolver.cpp, line 772]
Event: 0.156 Thread 0x00007f2db8016800 Exception <a 'java/lang/IncompatibleClassChangeError'{0x00000007470ab1e0}: Found class java.lang.Object, but interface was expected> (0x00000007470ab1e0) thrown at [src/hotspot/share/interpreter/linkResolver.cpp, line 839]
Event: 0.156 Thread 0x00007f2db8016800 Exception <a 'java/lang/NoSuchMethodError'{0x00000007470ae430}: 'void java.lang.invoke.DirectMethodHandle$Holder.invokeStaticInit(java.lang.Object, java.lang.Object)'> (0x00000007470ae430) thrown at [src/hotspot/share/interpreter/linkResolver.cpp, line 772]
Event: 0.157 Thread 0x00007f2db8016800 Exception <a 'java/lang/NoSuchMethodError'{0x00000007470b4100}: 'int java.lang.invoke.DirectMethodHandle$Holder.invokeStaticInit(java.lang.Object, java.lang.Object)'> (0x00000007470b4100) thrown at [src/hotspot/share/interpreter/linkResolver.cpp, line 772]
Event: 0.208 Thread 0x00007f2db8016800 Exception <a 'java/security/PrivilegedActionException'{0x0000000746e32058}> (0x0000000746e32058) thrown at [src/hotspot/share/prims/jvm.cpp, line 1304]
Event: 0.208 Thread 0x00007f2db8016800 Exception <a 'java/security/PrivilegedActionException'{0x0000000746e32328}> (0x0000000746e32328) thrown at [src/hotspot/share/prims/jvm.cpp, line 1304]

Events (20 events):
Event: 0.278 loading class org/bytedeco/llvm/LLVM/LLVMRelocationIteratorRef
Event: 0.278 loading class org/bytedeco/llvm/LLVM/LLVMRelocationIteratorRef done
Event: 0.278 loading class org/bytedeco/llvm/LLVM/LLVMObjectFileRef
Event: 0.278 loading class org/bytedeco/llvm/LLVM/LLVMObjectFileRef done
Event: 0.278 loading class org/bytedeco/llvm/LLVM/LLVMTargetRef
Event: 0.278 loading class org/bytedeco/llvm/LLVM/LLVMTargetRef done
Event: 0.278 loading class org/bytedeco/llvm/LLVM/LLVMPassManagerBuilderRef
Event: 0.278 loading class org/bytedeco/llvm/LLVM/LLVMPassManagerBuilderRef done
Event: 0.278 loading class org/bytedeco/llvm/LLVM/LLVMPassBuilderOptionsRef
Event: 0.278 loading class org/bytedeco/llvm/LLVM/LLVMPassBuilderOptionsRef done
Event: 0.279 loading class org/bytedeco/llvm/LLVM/Pass
Event: 0.279 loading class org/bytedeco/llvm/LLVM/Pass done
Event: 0.279 loading class org/bytedeco/llvm/LLVM/LLVMNamedMDNodeRef
Event: 0.279 loading class org/bytedeco/llvm/LLVM/LLVMNamedMDNodeRef done
Event: 0.279 loading class org/bytedeco/llvm/LLVM/LLVMUseRef
Event: 0.279 loading class org/bytedeco/llvm/LLVM/LLVMUseRef done
Event: 0.284 loading class org/bytedeco/javacpp/PointerScope
Event: 0.284 loading class org/bytedeco/javacpp/PointerScope done
Event: 0.285 loading class org/bytedeco/javacpp/PointerScope$1
Event: 0.285 loading class org/bytedeco/javacpp/PointerScope$1 done


Dynamic libraries:
73b000000-747600000 rw-p 00000000 00:00 0 
747600000-7bfe00000 ---p 00000000 00:00 0 
7bfe00000-7bfe48000 rw-p 00b0a000 08:10 51914                            /usr/lib/jvm/java-11-openjdk-amd64/lib/server/classes.jsa
7bfe48000-7bff00000 rw-p 00000000 00:00 0 
7bff00000-7bff6b000 rw-p 00a9f000 08:10 51914                            /usr/lib/jvm/java-11-openjdk-amd64/lib/server/classes.jsa
7bff6b000-7c0000000 rw-p 00000000 00:00 0 
7c0000000-800000000 ---p 00000000 00:00 0 
800000000-800002000 rwxp 00001000 08:10 51914                            /usr/lib/jvm/java-11-openjdk-amd64/lib/server/classes.jsa
800002000-8003cc000 rw-p 00003000 08:10 51914                            /usr/lib/jvm/java-11-openjdk-amd64/lib/server/classes.jsa
8003cc000-800a9d000 r--p 003cd000 08:10 51914                            /usr/lib/jvm/java-11-openjdk-amd64/lib/server/classes.jsa
800a9d000-800a9e000 rw-p 00a9e000 08:10 51914                            /usr/lib/jvm/java-11-openjdk-amd64/lib/server/classes.jsa
840000000-8400c0000 rw-p 00000000 00:00 0 
8400c0000-880000000 ---p 00000000 00:00 0 
55c68e9a4000-55c68e9a5000 r--p 00000000 08:10 51492                      /usr/lib/jvm/java-11-openjdk-amd64/bin/java
55c68e9a5000-55c68e9a6000 r-xp 00001000 08:10 51492                      /usr/lib/jvm/java-11-openjdk-amd64/bin/java
55c68e9a6000-55c68e9a7000 r--p 00002000 08:10 51492                      /usr/lib/jvm/java-11-openjdk-amd64/bin/java
55c68e9a7000-55c68e9a8000 r--p 00002000 08:10 51492                      /usr/lib/jvm/java-11-openjdk-amd64/bin/java
55c68e9a8000-55c68e9a9000 rw-p 00003000 08:10 51492                      /usr/lib/jvm/java-11-openjdk-amd64/bin/java
55c690729000-55c69074a000 rw-p 00000000 00:00 0                          [heap]
7f2d4552c000-7f2d45e52000 r--p 00000000 08:10 59050                      /root/.javacpp/cache/llvm-13.0.1-1.5.7-linux-x86_64.jar/org/bytedeco/llvm/linux-x86_64/libLLVM-13.so
7f2d45e52000-7f2d49815000 r-xp 00926000 08:10 59050                      /root/.javacpp/cache/llvm-13.0.1-1.5.7-linux-x86_64.jar/org/bytedeco/llvm/linux-x86_64/libLLVM-13.so
7f2d49815000-7f2d4ba6a000 r--p 042e9000 08:10 59050                      /root/.javacpp/cache/llvm-13.0.1-1.5.7-linux-x86_64.jar/org/bytedeco/llvm/linux-x86_64/libLLVM-13.so
7f2d4ba6a000-7f2d4bf7f000 r--p 0653d000 08:10 59050                      /root/.javacpp/cache/llvm-13.0.1-1.5.7-linux-x86_64.jar/org/bytedeco/llvm/linux-x86_64/libLLVM-13.so
7f2d4bf7f000-7f2d4bf8a000 rw-p 06a52000 08:10 59050                      /root/.javacpp/cache/llvm-13.0.1-1.5.7-linux-x86_64.jar/org/bytedeco/llvm/linux-x86_64/libLLVM-13.so
7f2d4bf8a000-7f2d4c000000 rw-p 00000000 00:00 0 
7f2d4c000000-7f2d4c0d5000 rw-p 00000000 00:00 0 
7f2d4c0d5000-7f2d50000000 ---p 00000000 00:00 0 
7f2d54000000-7f2d54021000 rw-p 00000000 00:00 0 
7f2d54021000-7f2d58000000 ---p 00000000 00:00 0 
7f2d58000000-7f2d58021000 rw-p 00000000 00:00 0 
7f2d58021000-7f2d5c000000 ---p 00000000 00:00 0 
7f2d5c000000-7f2d5c021000 rw-p 00000000 00:00 0 
7f2d5c021000-7f2d60000000 ---p 00000000 00:00 0 
7f2d60000000-7f2d60021000 rw-p 00000000 00:00 0 
7f2d60021000-7f2d64000000 ---p 00000000 00:00 0 
7f2d64000000-7f2d6433d000 rw-p 00000000 00:00 0 
7f2d6433d000-7f2d68000000 ---p 00000000 00:00 0 
7f2d68000000-7f2d683e6000 rw-p 00000000 00:00 0 
7f2d683e6000-7f2d6c000000 ---p 00000000 00:00 0 
7f2d6c000000-7f2d6c021000 rw-p 00000000 00:00 0 
7f2d6c021000-7f2d70000000 ---p 00000000 00:00 0 
7f2d70000000-7f2d70021000 rw-p 00000000 00:00 0 
7f2d70021000-7f2d74000000 ---p 00000000 00:00 0 
7f2d74000000-7f2d74021000 rw-p 00000000 00:00 0 
7f2d74021000-7f2d78000000 ---p 00000000 00:00 0 
7f2d78000000-7f2d78021000 rw-p 00000000 00:00 0 
7f2d78021000-7f2d7c000000 ---p 00000000 00:00 0 
7f2d7c000000-7f2d7c021000 rw-p 00000000 00:00 0 
7f2d7c021000-7f2d80000000 ---p 00000000 00:00 0 
7f2d80000000-7f2d80021000 rw-p 00000000 00:00 0 
7f2d80021000-7f2d84000000 ---p 00000000 00:00 0 
7f2d84000000-7f2d84021000 rw-p 00000000 00:00 0 
7f2d84021000-7f2d88000000 ---p 00000000 00:00 0 
7f2d88000000-7f2d88021000 rw-p 00000000 00:00 0 
7f2d88021000-7f2d8c000000 ---p 00000000 00:00 0 
7f2d8e000000-7f2d90000000 rw-p 00000000 00:00 0 
7f2d90000000-7f2d90021000 rw-p 00000000 00:00 0 
7f2d90021000-7f2d94000000 ---p 00000000 00:00 0 
7f2d944b9000-7f2d9451e000 r--p 00000000 08:10 59056                      /root/.javacpp/cache/llvm-13.0.1-1.5.7-linux-x86_64.jar/org/bytedeco/llvm/linux-x86_64/libjniLLVM.so
7f2d9451e000-7f2d9458c000 r-xp 00065000 08:10 59056                      /root/.javacpp/cache/llvm-13.0.1-1.5.7-linux-x86_64.jar/org/bytedeco/llvm/linux-x86_64/libjniLLVM.so
7f2d9458c000-7f2d945b7000 r--p 000d3000 08:10 59056                      /root/.javacpp/cache/llvm-13.0.1-1.5.7-linux-x86_64.jar/org/bytedeco/llvm/linux-x86_64/libjniLLVM.so
7f2d945b7000-7f2d945ba000 r--p 000fd000 08:10 59056                      /root/.javacpp/cache/llvm-13.0.1-1.5.7-linux-x86_64.jar/org/bytedeco/llvm/linux-x86_64/libjniLLVM.so
7f2d945ba000-7f2d945bd000 rw-p 00100000 08:10 59056                      /root/.javacpp/cache/llvm-13.0.1-1.5.7-linux-x86_64.jar/org/bytedeco/llvm/linux-x86_64/libjniLLVM.so
7f2d945bd000-7f2d945bf000 rw-p 00000000 00:00 0 
7f2d945bf000-7f2d945c6000 r--p 00000000 08:10 59052                      /root/.javacpp/cache/llvm-13.0.1-1.5.7-linux-x86_64.jar/org/bytedeco/llvm/linux-x86_64/libLTO.so.13
7f2d945c6000-7f2d945ce000 r-xp 00007000 08:10 59052                      /root/.javacpp/cache/llvm-13.0.1-1.5.7-linux-x86_64.jar/org/bytedeco/llvm/linux-x86_64/libLTO.so.13
7f2d945ce000-7f2d945d0000 r--p 0000f000 08:10 59052                      /root/.javacpp/cache/llvm-13.0.1-1.5.7-linux-x86_64.jar/org/bytedeco/llvm/linux-x86_64/libLTO.so.13
7f2d945d0000-7f2d945d1000 r--p 00010000 08:10 59052                      /root/.javacpp/cache/llvm-13.0.1-1.5.7-linux-x86_64.jar/org/bytedeco/llvm/linux-x86_64/libLTO.so.13
7f2d945d1000-7f2d945d2000 rw-p 00011000 08:10 59052                      /root/.javacpp/cache/llvm-13.0.1-1.5.7-linux-x86_64.jar/org/bytedeco/llvm/linux-x86_64/libLTO.so.13
7f2d945d2000-7f2d945d6000 ---p 00000000 00:00 0 
7f2d945d6000-7f2d946d3000 rw-p 00000000 00:00 0 
7f2d946d3000-7f2d946d7000 ---p 00000000 00:00 0 
7f2d946d7000-7f2d94805000 rw-p 00000000 00:00 0 
7f2d94805000-7f2d94809000 r--p 00000000 08:10 51641                      /usr/lib/jvm/java-11-openjdk-amd64/lib/libnet.so
7f2d94809000-7f2d94817000 r-xp 00004000 08:10 51641                      /usr/lib/jvm/java-11-openjdk-amd64/lib/libnet.so
7f2d94817000-7f2d9481b000 r--p 00012000 08:10 51641                      /usr/lib/jvm/java-11-openjdk-amd64/lib/libnet.so
7f2d9481b000-7f2d9481c000 r--p 00015000 08:10 51641                      /usr/lib/jvm/java-11-openjdk-amd64/lib/libnet.so
7f2d9481c000-7f2d9481d000 rw-p 00016000 08:10 51641                      /usr/lib/jvm/java-11-openjdk-amd64/lib/libnet.so
7f2d9481d000-7f2d94821000 ---p 00000000 00:00 0 
7f2d94821000-7f2d9491e000 rw-p 00000000 00:00 0 
7f2d9491e000-7f2d9491f000 ---p 00000000 00:00 0 
7f2d9491f000-7f2d94a20000 rw-p 00000000 00:00 0 
7f2d94a20000-7f2d94a24000 ---p 00000000 00:00 0 
7f2d94a24000-7f2d94b21000 rw-p 00000000 00:00 0 
7f2d94b21000-7f2d94b25000 ---p 00000000 00:00 0 
7f2d94b25000-7f2d94c22000 rw-p 00000000 00:00 0 
7f2d94c22000-7f2d94c26000 ---p 00000000 00:00 0 
7f2d94c26000-7f2d94d23000 rw-p 00000000 00:00 0 
7f2d94d23000-7f2d94d27000 ---p 00000000 00:00 0 
7f2d94d27000-7f2d94e24000 rw-p 00000000 00:00 0 
7f2d94e24000-7f2d94e28000 ---p 00000000 00:00 0 
7f2d94e28000-7f2d94f25000 rw-p 00000000 00:00 0 
7f2d94f25000-7f2d95098000 r--p 00000000 08:10 37759                      /usr/lib/locale/C.UTF-8/LC_COLLATE
7f2d95098000-7f2d9537e000 r--p 00000000 08:10 37757                      /usr/lib/locale/locale-archive
7f2d9537e000-7f2d95382000 ---p 00000000 00:00 0 
7f2d95382000-7f2d9547f000 rw-p 00000000 00:00 0 
7f2d9547f000-7f2d95483000 ---p 00000000 00:00 0 
7f2d95483000-7f2d95b40000 rw-p 00000000 00:00 0 
7f2d95b40000-7f2d95d80000 ---p 00000000 00:00 0 
7f2d95d80000-7f2d96098000 rw-p 00000000 00:00 0 
7f2d96098000-7f2d97eb8000 ---p 00000000 00:00 0 
7f2d97eb8000-7f2d97ec0000 rw-p 00000000 00:00 0 
7f2d97ec0000-7f2d98ec0000 ---p 00000000 00:00 0 
7f2d98ec0000-7f2d991d8000 rw-p 00000000 00:00 0 
7f2d991d8000-7f2d9aff8000 ---p 00000000 00:00 0 
7f2d9aff8000-7f2d9b000000 rw-p 00000000 00:00 0 
7f2d9b000000-7f2d9c000000 ---p 00000000 00:00 0 
7f2d9c000000-7f2d9c021000 rw-p 00000000 00:00 0 
7f2d9c021000-7f2da0000000 ---p 00000000 00:00 0 
7f2da0001000-7f2da0002000 r--p 00000000 08:10 59054                      /root/.javacpp/cache/llvm-13.0.1-1.5.7-linux-x86_64.jar/org/bytedeco/llvm/linux-x86_64/libRemarks.so.13
7f2da0002000-7f2da0003000 r-xp 00001000 08:10 59054                      /root/.javacpp/cache/llvm-13.0.1-1.5.7-linux-x86_64.jar/org/bytedeco/llvm/linux-x86_64/libRemarks.so.13
7f2da0003000-7f2da0004000 r--p 00002000 08:10 59054                      /root/.javacpp/cache/llvm-13.0.1-1.5.7-linux-x86_64.jar/org/bytedeco/llvm/linux-x86_64/libRemarks.so.13
7f2da0004000-7f2da0005000 r--p 00002000 08:10 59054                      /root/.javacpp/cache/llvm-13.0.1-1.5.7-linux-x86_64.jar/org/bytedeco/llvm/linux-x86_64/libRemarks.so.13
7f2da0005000-7f2da0006000 rw-p 00003000 08:10 59054                      /root/.javacpp/cache/llvm-13.0.1-1.5.7-linux-x86_64.jar/org/bytedeco/llvm/linux-x86_64/libRemarks.so.13
7f2da0006000-7f2da000a000 r--p 00000000 08:10 59044                      /root/.javacpp/cache/javacpp-1.5.7-linux-x86_64.jar/org/bytedeco/javacpp/linux-x86_64/libjnijavacpp.so
7f2da000a000-7f2da0011000 r-xp 00004000 08:10 59044                      /root/.javacpp/cache/javacpp-1.5.7-linux-x86_64.jar/org/bytedeco/javacpp/linux-x86_64/libjnijavacpp.so
7f2da0011000-7f2da0015000 r--p 0000b000 08:10 59044                      /root/.javacpp/cache/javacpp-1.5.7-linux-x86_64.jar/org/bytedeco/javacpp/linux-x86_64/libjnijavacpp.so
7f2da0015000-7f2da0016000 r--p 0000e000 08:10 59044                      /root/.javacpp/cache/javacpp-1.5.7-linux-x86_64.jar/org/bytedeco/javacpp/linux-x86_64/libjnijavacpp.so
7f2da0016000-7f2da0017000 rw-p 0000f000 08:10 59044                      /root/.javacpp/cache/javacpp-1.5.7-linux-x86_64.jar/org/bytedeco/javacpp/linux-x86_64/libjnijavacpp.so
7f2da0017000-7f2da0018000 ---p 00000000 00:00 0 
7f2da0018000-7f2da01f5000 rw-p 00000000 00:00 0 
7f2da01f5000-7f2da01f6000 ---p 00000000 00:00 0 
7f2da01f6000-7f2da02f7000 rw-p 00000000 00:00 0 
7f2da02f7000-7f2da02f8000 ---p 00000000 00:00 0 
7f2da02f8000-7f2da07fd000 rw-p 00000000 00:00 0 
7f2da07fd000-7f2da0a6d000 rwxp 00000000 00:00 0 
7f2da0a6d000-7f2da0d8e000 ---p 00000000 00:00 0 
7f2da0d8e000-7f2da0ffe000 rwxp 00000000 00:00 0 
7f2da0ffe000-7f2da82c5000 ---p 00000000 00:00 0 
7f2da82c5000-7f2da8535000 rwxp 00000000 00:00 0 
7f2da8535000-7f2daf7fd000 ---p 00000000 00:00 0 
7f2daf7fd000-7f2db8000000 r--s 00000000 08:10 51651                      /usr/lib/jvm/java-11-openjdk-amd64/lib/modules
7f2db8000000-7f2db84be000 rw-p 00000000 00:00 0 
7f2db84be000-7f2dbc000000 ---p 00000000 00:00 0 
7f2dbc003000-7f2dbc00a000 r--p 00000000 08:10 51642                      /usr/lib/jvm/java-11-openjdk-amd64/lib/libnio.so
7f2dbc00a000-7f2dbc012000 r-xp 00007000 08:10 51642                      /usr/lib/jvm/java-11-openjdk-amd64/lib/libnio.so
7f2dbc012000-7f2dbc015000 r--p 0000f000 08:10 51642                      /usr/lib/jvm/java-11-openjdk-amd64/lib/libnio.so
7f2dbc015000-7f2dbc016000 r--p 00011000 08:10 51642                      /usr/lib/jvm/java-11-openjdk-amd64/lib/libnio.so
7f2dbc016000-7f2dbc017000 rw-p 00012000 08:10 51642                      /usr/lib/jvm/java-11-openjdk-amd64/lib/libnio.so
7f2dbc017000-7f2dbc049000 r--p 00000000 08:10 37760                      /usr/lib/locale/C.UTF-8/LC_CTYPE
7f2dbc049000-7f2dbc04a000 r--p 00000000 08:10 37766                      /usr/lib/locale/C.UTF-8/LC_NUMERIC
7f2dbc04a000-7f2dbc04b000 r--p 00000000 08:10 37769                      /usr/lib/locale/C.UTF-8/LC_TIME
7f2dbc04b000-7f2dbc04c000 r--p 00000000 08:10 37764                      /usr/lib/locale/C.UTF-8/LC_MONETARY
7f2dbc04c000-7f2dbc04d000 r--p 00000000 08:10 37770                      /usr/lib/locale/C.UTF-8/LC_MESSAGES/SYS_LC_MESSAGES
7f2dbc04d000-7f2dbc04e000 r--p 00000000 08:10 37767                      /usr/lib/locale/C.UTF-8/LC_PAPER
7f2dbc04e000-7f2dbc04f000 r--p 00000000 08:10 37765                      /usr/lib/locale/C.UTF-8/LC_NAME
7f2dbc04f000-7f2dbc050000 r--p 00000000 08:10 37758                      /usr/lib/locale/C.UTF-8/LC_ADDRESS
7f2dbc050000-7f2dbc051000 r--p 00000000 08:10 37768                      /usr/lib/locale/C.UTF-8/LC_TELEPHONE
7f2dbc051000-7f2dbc058000 r--s 00000000 08:10 28968                      /usr/lib/x86_64-linux-gnu/gconv/gconv-modules.cache
7f2dbc058000-7f2dbc4c6000 rw-p 00000000 00:00 0 
7f2dbc4c6000-7f2dbc4c7000 ---p 00000000 00:00 0 
7f2dbc4c7000-7f2dbc5c8000 rw-p 00000000 00:00 0 
7f2dbc5c8000-7f2dbc5c9000 ---p 00000000 00:00 0 
7f2dbc5c9000-7f2dbc7f9000 rw-p 00000000 00:00 0 
7f2dbc7f9000-7f2dbcbbd000 ---p 00000000 00:00 0 
7f2dbcbbd000-7f2dbcbbe000 rw-p 00000000 00:00 0 
7f2dbcbbe000-7f2dbcdbe000 ---p 00000000 00:00 0 
7f2dbcdbe000-7f2dbce21000 rw-p 00000000 00:00 0 
7f2dbce21000-7f2dbd1e5000 ---p 00000000 00:00 0 
7f2dbd1e5000-7f2dbd1e6000 rw-p 00000000 00:00 0 
7f2dbd1e6000-7f2dbd3e6000 ---p 00000000 00:00 0 
7f2dbd3e6000-7f2dbd449000 rw-p 00000000 00:00 0 
7f2dbd449000-7f2dbd80d000 ---p 00000000 00:00 0 
7f2dbd80d000-7f2dbd80e000 rw-p 00000000 00:00 0 
7f2dbd80e000-7f2dbda0e000 ---p 00000000 00:00 0 
7f2dbda0e000-7f2dbe216000 rw-p 00000000 00:00 0 
7f2dbe216000-7f2dbe217000 ---p 00000000 00:00 0 
7f2dbe217000-7f2dbe31d000 rw-p 00000000 00:00 0 
7f2dbe31d000-7f2dbe403000 ---p 00000000 00:00 0 
7f2dbe403000-7f2dbe408000 rw-p 00000000 00:00 0 
7f2dbe408000-7f2dbe4ee000 ---p 00000000 00:00 0 
7f2dbe4ee000-7f2dbe4f3000 rw-p 00000000 00:00 0 
7f2dbe4f3000-7f2dbe4fa000 ---p 00000000 00:00 0 
7f2dbe4fa000-7f2dbe4fc000 r--p 00000000 08:10 51650                      /usr/lib/jvm/java-11-openjdk-amd64/lib/libzip.so
7f2dbe4fc000-7f2dbe501000 r-xp 00002000 08:10 51650                      /usr/lib/jvm/java-11-openjdk-amd64/lib/libzip.so
7f2dbe501000-7f2dbe503000 r--p 00007000 08:10 51650                      /usr/lib/jvm/java-11-openjdk-amd64/lib/libzip.so
7f2dbe503000-7f2dbe504000 r--p 00008000 08:10 51650                      /usr/lib/jvm/java-11-openjdk-amd64/lib/libzip.so
7f2dbe504000-7f2dbe505000 rw-p 00009000 08:10 51650                      /usr/lib/jvm/java-11-openjdk-amd64/lib/libzip.so
7f2dbe505000-7f2dbe508000 r--p 00000000 08:10 27115                      /usr/lib/x86_64-linux-gnu/libnss_files-2.31.so
7f2dbe508000-7f2dbe50f000 r-xp 00003000 08:10 27115                      /usr/lib/x86_64-linux-gnu/libnss_files-2.31.so
7f2dbe50f000-7f2dbe511000 r--p 0000a000 08:10 27115                      /usr/lib/x86_64-linux-gnu/libnss_files-2.31.so
7f2dbe511000-7f2dbe512000 r--p 0000b000 08:10 27115                      /usr/lib/x86_64-linux-gnu/libnss_files-2.31.so
7f2dbe512000-7f2dbe513000 rw-p 0000c000 08:10 27115                      /usr/lib/x86_64-linux-gnu/libnss_files-2.31.so
7f2dbe513000-7f2dbe519000 rw-p 00000000 00:00 0 
7f2dbe519000-7f2dbe51a000 r--p 00000000 08:10 37762                      /usr/lib/locale/C.UTF-8/LC_MEASUREMENT
7f2dbe51a000-7f2dbe51c000 r--s 0000c000 08:10 23045                      /usr/share/java/java-atk-wrapper.jar
7f2dbe51c000-7f2dbe524000 rw-s 00000000 08:10 59149                      /tmp/hsperfdata_root/12534
7f2dbe524000-7f2dbe532000 r--p 00000000 08:10 51630                      /usr/lib/jvm/java-11-openjdk-amd64/lib/libjava.so
7f2dbe532000-7f2dbe548000 r-xp 0000e000 08:10 51630                      /usr/lib/jvm/java-11-openjdk-amd64/lib/libjava.so
7f2dbe548000-7f2dbe54f000 r--p 00024000 08:10 51630                      /usr/lib/jvm/java-11-openjdk-amd64/lib/libjava.so
7f2dbe54f000-7f2dbe550000 r--p 0002a000 08:10 51630                      /usr/lib/jvm/java-11-openjdk-amd64/lib/libjava.so
7f2dbe550000-7f2dbe551000 rw-p 0002b000 08:10 51630                      /usr/lib/jvm/java-11-openjdk-amd64/lib/libjava.so
7f2dbe551000-7f2dbe552000 rw-p 00000000 00:00 0 
7f2dbe552000-7f2dbe557000 r--p 00000000 08:10 51649                      /usr/lib/jvm/java-11-openjdk-amd64/lib/libverify.so
7f2dbe557000-7f2dbe55e000 r-xp 00005000 08:10 51649                      /usr/lib/jvm/java-11-openjdk-amd64/lib/libverify.so
7f2dbe55e000-7f2dbe560000 r--p 0000c000 08:10 51649                      /usr/lib/jvm/java-11-openjdk-amd64/lib/libverify.so
7f2dbe560000-7f2dbe561000 ---p 0000e000 08:10 51649                      /usr/lib/jvm/java-11-openjdk-amd64/lib/libverify.so
7f2dbe561000-7f2dbe563000 r--p 0000e000 08:10 51649                      /usr/lib/jvm/java-11-openjdk-amd64/lib/libverify.so
7f2dbe563000-7f2dbe564000 rw-p 00010000 08:10 51649                      /usr/lib/jvm/java-11-openjdk-amd64/lib/libverify.so
7f2dbe564000-7f2dbe567000 r--p 00000000 08:10 27205                      /usr/lib/x86_64-linux-gnu/librt-2.31.so
7f2dbe567000-7f2dbe56b000 r-xp 00003000 08:10 27205                      /usr/lib/x86_64-linux-gnu/librt-2.31.so
7f2dbe56b000-7f2dbe56c000 r--p 00007000 08:10 27205                      /usr/lib/x86_64-linux-gnu/librt-2.31.so
7f2dbe56c000-7f2dbe56d000 ---p 00008000 08:10 27205                      /usr/lib/x86_64-linux-gnu/librt-2.31.so
7f2dbe56d000-7f2dbe56e000 r--p 00008000 08:10 27205                      /usr/lib/x86_64-linux-gnu/librt-2.31.so
7f2dbe56e000-7f2dbe56f000 rw-p 00009000 08:10 27205                      /usr/lib/x86_64-linux-gnu/librt-2.31.so
7f2dbe56f000-7f2dbe573000 ---p 00000000 00:00 0 
7f2dbe573000-7f2dbe670000 rw-p 00000000 00:00 0 
7f2dbe670000-7f2dbe673000 r--p 00000000 08:10 26920                      /usr/lib/x86_64-linux-gnu/libgcc_s.so.1
7f2dbe673000-7f2dbe685000 r-xp 00003000 08:10 26920                      /usr/lib/x86_64-linux-gnu/libgcc_s.so.1
7f2dbe685000-7f2dbe689000 r--p 00015000 08:10 26920                      /usr/lib/x86_64-linux-gnu/libgcc_s.so.1
7f2dbe689000-7f2dbe68a000 r--p 00018000 08:10 26920                      /usr/lib/x86_64-linux-gnu/libgcc_s.so.1
7f2dbe68a000-7f2dbe68b000 rw-p 00019000 08:10 26920                      /usr/lib/x86_64-linux-gnu/libgcc_s.so.1
7f2dbe68b000-7f2dbe69a000 r--p 00000000 08:10 27062                      /usr/lib/x86_64-linux-gnu/libm-2.31.so
7f2dbe69a000-7f2dbe741000 r-xp 0000f000 08:10 27062                      /usr/lib/x86_64-linux-gnu/libm-2.31.so
7f2dbe741000-7f2dbe7d8000 r--p 000b6000 08:10 27062                      /usr/lib/x86_64-linux-gnu/libm-2.31.so
7f2dbe7d8000-7f2dbe7d9000 r--p 0014c000 08:10 27062                      /usr/lib/x86_64-linux-gnu/libm-2.31.so
7f2dbe7d9000-7f2dbe7da000 rw-p 0014d000 08:10 27062                      /usr/lib/x86_64-linux-gnu/libm-2.31.so
7f2dbe7da000-7f2dbe870000 r--p 00000000 08:10 27246                      /usr/lib/x86_64-linux-gnu/libstdc++.so.6.0.28
7f2dbe870000-7f2dbe961000 r-xp 00096000 08:10 27246                      /usr/lib/x86_64-linux-gnu/libstdc++.so.6.0.28
7f2dbe961000-7f2dbe9aa000 r--p 00187000 08:10 27246                      /usr/lib/x86_64-linux-gnu/libstdc++.so.6.0.28
7f2dbe9aa000-7f2dbe9ab000 ---p 001d0000 08:10 27246                      /usr/lib/x86_64-linux-gnu/libstdc++.so.6.0.28
7f2dbe9ab000-7f2dbe9b6000 r--p 001d0000 08:10 27246                      /usr/lib/x86_64-linux-gnu/libstdc++.so.6.0.28
7f2dbe9b6000-7f2dbe9b9000 rw-p 001db000 08:10 27246                      /usr/lib/x86_64-linux-gnu/libstdc++.so.6.0.28
7f2dbe9b9000-7f2dbe9bc000 rw-p 00000000 00:00 0 
7f2dbe9bc000-7f2dbec3e000 r--p 00000000 08:10 51656                      /usr/lib/jvm/java-11-openjdk-amd64/lib/server/libjvm.so
7f2dbec3e000-7f2dbf8c7000 r-xp 00282000 08:10 51656                      /usr/lib/jvm/java-11-openjdk-amd64/lib/server/libjvm.so
7f2dbf8c7000-7f2dbfb24000 r--p 00f0b000 08:10 51656                      /usr/lib/jvm/java-11-openjdk-amd64/lib/server/libjvm.so
7f2dbfb24000-7f2dbfb25000 ---p 01168000 08:10 51656                      /usr/lib/jvm/java-11-openjdk-amd64/lib/server/libjvm.so
7f2dbfb25000-7f2dbfbe9000 r--p 01168000 08:10 51656                      /usr/lib/jvm/java-11-openjdk-amd64/lib/server/libjvm.so
7f2dbfbe9000-7f2dbfc24000 rw-p 0122c000 08:10 51656                      /usr/lib/jvm/java-11-openjdk-amd64/lib/server/libjvm.so
7f2dbfc24000-7f2dbfc7d000 rw-p 00000000 00:00 0 
7f2dbfc7d000-7f2dbfc84000 r--p 00000000 08:10 27189                      /usr/lib/x86_64-linux-gnu/libpthread-2.31.so
7f2dbfc84000-7f2dbfc95000 r-xp 00007000 08:10 27189                      /usr/lib/x86_64-linux-gnu/libpthread-2.31.so
7f2dbfc95000-7f2dbfc9a000 r--p 00018000 08:10 27189                      /usr/lib/x86_64-linux-gnu/libpthread-2.31.so
7f2dbfc9a000-7f2dbfc9b000 r--p 0001c000 08:10 27189                      /usr/lib/x86_64-linux-gnu/libpthread-2.31.so
7f2dbfc9b000-7f2dbfc9c000 rw-p 0001d000 08:10 27189                      /usr/lib/x86_64-linux-gnu/libpthread-2.31.so
7f2dbfc9c000-7f2dbfca0000 rw-p 00000000 00:00 0 
7f2dbfca0000-7f2dbfca1000 r--p 00000000 08:10 26843                      /usr/lib/x86_64-linux-gnu/libdl-2.31.so
7f2dbfca1000-7f2dbfca3000 r-xp 00001000 08:10 26843                      /usr/lib/x86_64-linux-gnu/libdl-2.31.so
7f2dbfca3000-7f2dbfca4000 r--p 00003000 08:10 26843                      /usr/lib/x86_64-linux-gnu/libdl-2.31.so
7f2dbfca4000-7f2dbfca5000 r--p 00003000 08:10 26843                      /usr/lib/x86_64-linux-gnu/libdl-2.31.so
7f2dbfca5000-7f2dbfca6000 rw-p 00004000 08:10 26843                      /usr/lib/x86_64-linux-gnu/libdl-2.31.so
7f2dbfca6000-7f2dbfca8000 r--p 00000000 08:10 27422                      /usr/lib/x86_64-linux-gnu/libz.so.1.2.11
7f2dbfca8000-7f2dbfcb9000 r-xp 00002000 08:10 27422                      /usr/lib/x86_64-linux-gnu/libz.so.1.2.11
7f2dbfcb9000-7f2dbfcbf000 r--p 00013000 08:10 27422                      /usr/lib/x86_64-linux-gnu/libz.so.1.2.11
7f2dbfcbf000-7f2dbfcc0000 ---p 00019000 08:10 27422                      /usr/lib/x86_64-linux-gnu/libz.so.1.2.11
7f2dbfcc0000-7f2dbfcc1000 r--p 00019000 08:10 27422                      /usr/lib/x86_64-linux-gnu/libz.so.1.2.11
7f2dbfcc1000-7f2dbfcc2000 rw-p 0001a000 08:10 27422                      /usr/lib/x86_64-linux-gnu/libz.so.1.2.11
7f2dbfcc2000-7f2dbfce7000 r--p 00000000 08:10 26805                      /usr/lib/x86_64-linux-gnu/libc-2.31.so
7f2dbfce7000-7f2dbfe5f000 r-xp 00025000 08:10 26805                      /usr/lib/x86_64-linux-gnu/libc-2.31.so
7f2dbfe5f000-7f2dbfea9000 r--p 0019d000 08:10 26805                      /usr/lib/x86_64-linux-gnu/libc-2.31.so
7f2dbfea9000-7f2dbfeaa000 ---p 001e7000 08:10 26805                      /usr/lib/x86_64-linux-gnu/libc-2.31.so
7f2dbfeaa000-7f2dbfead000 r--p 001e7000 08:10 26805                      /usr/lib/x86_64-linux-gnu/libc-2.31.so
7f2dbfead000-7f2dbfeb0000 rw-p 001ea000 08:10 26805                      /usr/lib/x86_64-linux-gnu/libc-2.31.so
7f2dbfeb0000-7f2dbfeb4000 rw-p 00000000 00:00 0 
7f2dbfeb4000-7f2dbfeb5000 ---p 00000000 00:00 0 
7f2dbfeb5000-7f2dbfeb6000 r--p 00000000 00:00 0 
7f2dbfeb6000-7f2dbfeb8000 r--p 00000000 08:10 51633                      /usr/lib/jvm/java-11-openjdk-amd64/lib/libjimage.so
7f2dbfeb8000-7f2dbfebb000 r-xp 00002000 08:10 51633                      /usr/lib/jvm/java-11-openjdk-amd64/lib/libjimage.so
7f2dbfebb000-7f2dbfebc000 r--p 00005000 08:10 51633                      /usr/lib/jvm/java-11-openjdk-amd64/lib/libjimage.so
7f2dbfebc000-7f2dbfebd000 ---p 00006000 08:10 51633                      /usr/lib/jvm/java-11-openjdk-amd64/lib/libjimage.so
7f2dbfebd000-7f2dbfebe000 r--p 00006000 08:10 51633                      /usr/lib/jvm/java-11-openjdk-amd64/lib/libjimage.so
7f2dbfebe000-7f2dbfebf000 rw-p 00007000 08:10 51633                      /usr/lib/jvm/java-11-openjdk-amd64/lib/libjimage.so
7f2dbfebf000-7f2dbfec2000 r--p 00000000 08:10 51615                      /usr/lib/jvm/java-11-openjdk-amd64/lib/jli/libjli.so
7f2dbfec2000-7f2dbfecc000 r-xp 00003000 08:10 51615                      /usr/lib/jvm/java-11-openjdk-amd64/lib/jli/libjli.so
7f2dbfecc000-7f2dbfecf000 r--p 0000d000 08:10 51615                      /usr/lib/jvm/java-11-openjdk-amd64/lib/jli/libjli.so
7f2dbfecf000-7f2dbfed0000 ---p 00010000 08:10 51615                      /usr/lib/jvm/java-11-openjdk-amd64/lib/jli/libjli.so
7f2dbfed0000-7f2dbfed1000 r--p 00010000 08:10 51615                      /usr/lib/jvm/java-11-openjdk-amd64/lib/jli/libjli.so
7f2dbfed1000-7f2dbfed2000 rw-p 00011000 08:10 51615                      /usr/lib/jvm/java-11-openjdk-amd64/lib/jli/libjli.so
7f2dbfed2000-7f2dbfed4000 rw-p 00000000 00:00 0 
7f2dbfed4000-7f2dbfed5000 r--p 00000000 08:10 26735                      /usr/lib/x86_64-linux-gnu/ld-2.31.so
7f2dbfed5000-7f2dbfef8000 r-xp 00001000 08:10 26735                      /usr/lib/x86_64-linux-gnu/ld-2.31.so
7f2dbfef8000-7f2dbff00000 r--p 00024000 08:10 26735                      /usr/lib/x86_64-linux-gnu/ld-2.31.so
7f2dbff00000-7f2dbff01000 r--p 00000000 08:10 37761                      /usr/lib/locale/C.UTF-8/LC_IDENTIFICATION
7f2dbff01000-7f2dbff02000 r--p 0002c000 08:10 26735                      /usr/lib/x86_64-linux-gnu/ld-2.31.so
7f2dbff02000-7f2dbff03000 rw-p 0002d000 08:10 26735                      /usr/lib/x86_64-linux-gnu/ld-2.31.so
7f2dbff03000-7f2dbff04000 rw-p 00000000 00:00 0 
7ffd9e3c5000-7ffd9e3e7000 rw-p 00000000 00:00 0                          [stack]
7ffd9e3e7000-7ffd9e3eb000 r--p 00000000 00:00 0                          [vvar]
7ffd9e3eb000-7ffd9e3ec000 r-xp 00000000 00:00 0                          [vdso]


VM Arguments:
jvm_args: -Dfile.encoding=UTF-8 
java_command: Main ./tests/test1.sysy ./tests/test1_ans.txt
java_class_path (initial): /root/CompilerLab/Lab/target/classes:/usr/local/lib/antlr-4.10.1-complete.jar:/root/.m2/repository/org/bytedeco/llvm-platform/13.0.1-1.5.7/llvm-platform-13.0.1-1.5.7.jar:/root/.m2/repository/org/bytedeco/javacpp-platform/1.5.7/javacpp-platform-1.5.7.jar:/root/.m2/repository/org/bytedeco/javacpp/1.5.7/javacpp-1.5.7.jar:/root/.m2/repository/org/bytedeco/javacpp/1.5.7/javacpp-1.5.7-android-arm.jar:/root/.m2/repository/org/bytedeco/javacpp/1.5.7/javacpp-1.5.7-android-arm64.jar:/root/.m2/repository/org/bytedeco/javacpp/1.5.7/javacpp-1.5.7-android-x86.jar:/root/.m2/repository/org/bytedeco/javacpp/1.5.7/javacpp-1.5.7-android-x86_64.jar:/root/.m2/repository/org/bytedeco/javacpp/1.5.7/javacpp-1.5.7-ios-arm64.jar:/root/.m2/repository/org/bytedeco/javacpp/1.5.7/javacpp-1.5.7-ios-x86_64.jar:/root/.m2/repository/org/bytedeco/javacpp/1.5.7/javacpp-1.5.7-linux-armhf.jar:/root/.m2/repository/org/bytedeco/javacpp/1.5.7/javacpp-1.5.7-linux-arm64.jar:/root/.m2/repository/org/bytedeco/javacpp/1.5.7/javacpp-1.5.7-linux-ppc64le.jar:/root/.m2/repository/org/bytedeco/javacpp/1.5.7/javacpp-1.5.7-linux-x86.jar:/root/.m2/repository/org/bytedeco/javacpp/1.5.7/javacpp-1.5.7-linux-x86_64.jar:/root/.m2/repository/org/bytedeco/javacpp/1.5.7/javacpp-1.5.7-macosx-arm64.jar:/root/.m2/repository/org/bytedeco/javacpp/1.5.7/javacpp-1.5.7-macosx-x86_64.jar:/root/.m2/repository/org/bytedeco/javacpp/1.5.7/javacpp-1.5.7-windows-x86.jar:/root/.m2/repository/org/bytedeco/javacpp/1.5.7/javacpp-1.5.7-windows-x86_64.jar:/root/.m2/repository/org/bytedeco/llvm/13.0.1-1.5.7/llvm-13.0.1-1.5.7.jar:/root/.m2/repository/org/bytedeco/llvm/13.0.1-1.5.7/llvm-13.0.1-1.5.7-linux-x86.jar:/root/.m2/repository/org/bytedeco/llvm/13.0.1-1.5.7/llvm-13.0.1-1.5.7-linux-x86_64.jar:/root/.m2/repository/org/bytedeco/llvm/13.0.1-1.5.7/llvm-13.0.1-1.5.7-linux-armhf.jar:/root/.m2/repository/org/bytedeco/llvm/13.0.1-1.5.7/llvm-13.0.1-1.5.7-linux-arm64.jar:/root/.m2/repository/org/bytedeco/llvm/13.0.1-1.5.7/llv
Launcher Type: SUN_STANDARD

[Global flags]
     intx CICompilerCount                          = 4                                         {product} {ergonomic}
     uint ConcGCThreads                            = 2                                         {product} {ergonomic}
     uint G1ConcRefinementThreads                  = 8                                         {product} {ergonomic}
   size_t G1HeapRegionSize                         = 1048576                                   {product} {ergonomic}
    uintx GCDrainStackTargetSize                   = 64                                        {product} {ergonomic}
   size_t InitialHeapSize                          = 207618048                                 {product} {ergonomic}
   size_t MarkStackSize                            = 4194304                                   {product} {ergonomic}
   size_t MaxHeapSize                              = 3305111552                                {product} {ergonomic}
   size_t MaxNewSize                               = 1982857216                                {product} {ergonomic}
   size_t MinHeapDeltaBytes                        = 1048576                                   {product} {ergonomic}
    uintx NonNMethodCodeHeapSize                   = 5836300                                {pd product} {ergonomic}
    uintx NonProfiledCodeHeapSize                  = 122910970                              {pd product} {ergonomic}
    uintx ProfiledCodeHeapSize                     = 122910970                              {pd product} {ergonomic}
    uintx ReservedCodeCacheSize                    = 251658240                              {pd product} {ergonomic}
     bool SegmentedCodeCache                       = true                                      {product} {ergonomic}
     bool UseCompressedClassPointers               = true                                 {lp64_product} {ergonomic}
     bool UseCompressedOops                        = true                                 {lp64_product} {ergonomic}
     bool UseG1GC                                  = true                                      {product} {ergonomic}

Logging:
Log output configuration:
 #0: stdout all=warning uptime,level,tags
 #1: stderr all=off uptime,level,tags

Environment Variables:
PATH=/usr/local/sbin:/usr/local/bin:/usr/sbin:/usr/bin:/sbin:/bin:/usr/games:/usr/local/games:/usr/lib/wsl/lib:/mnt/c/Program Files (x86)/Common Files/Oracle/Java/javapath:/mnt/c/Python310/Scripts/:/mnt/c/Python310/:/mnt/c/Program Files/MySQL/MySQL Server 8.0/bin:/mnt/c/Windows/system32:/mnt/c/Windows:/mnt/c/Windows/System32/Wbem:/mnt/c/Windows/System32/WindowsPowerShell/v1.0/:/mnt/c/Windows/System32/OpenSSH/:/mnt/c/ProgramData/chocolatey/bin:/mnt/c/Program Files/Pandoc/:/mnt/d//Ne:/mnt/d/Applications/mingw-w64/x86_64-8.1.0-release-win32-seh-rt_v6-rev0/bin:/mnt/c/Program Files/Java/jdk-15.0.2/bin:/mnt/c/Program Files/Java/jdk-15.0.2/jre/bin:/mnt/d/Applications/scala/bin:/mnt/d/Applications/scala/jre/bin:/mnt/d/Applications/Prince/engine/bin:/mnt/d/Applications/Maven/apache-maven-3.8.6/bin:/mnt/c/Program Files/Git/cmd:/mnt/d//Tencent/web/dll:/mnt/d/Applications/nodejs/:/mnt/c/Users/20125/AppData/Local/Programs/Python/Python38/Scripts/:/mnt/c/Users/20125/AppData/Local/Programs/Python/Python38/:/mnt/c/Users/20125/AppData/Local/Microsoft/WindowsApps:/mnt/c/Program Files/JetBrains/IntelliJ IDEA 2021.3/bin:/mnt/c/Program Files/JetBrains/PyCharm 2021.3.1/bin:/mnt/d//JetBrains/WebStorm 2021.3.1/bin:/mnt/d//JetBrains/CLion 2021.3.2/bin:/mnt/c/Users/20125/AppData/Local/GitHubDesktop/bin:/mnt/d//JetBrains/DataGrip 2021.3.4/bin:/mnt/d/Applications/Microsoft VS Code/bin:/mnt/c/Users/20125/AppData/Local/JetBrains/Toolbox/scripts:/mnt/c/Program Files/jdk-15.0.2/jre/bin:/mnt/c/Program Files/jdk-15.0.2/bin:/mnt/c/Users/20125/AppData/Roaming/npm
SHELL=/bin/sh
HOSTTYPE=x86_64
LANG=C.UTF-8
TERM=xterm-256color

Signal Handlers:
SIGSEGV: [libjvm.so+0xe97eb0], sa_mask[0]=11111111011111111101111111111110, sa_flags=SA_RESTART|SA_SIGINFO
SIGBUS: [libjvm.so+0xe97eb0], sa_mask[0]=11111111011111111101111111111110, sa_flags=SA_RESTART|SA_SIGINFO
SIGFPE: [libjvm.so+0xe97eb0], sa_mask[0]=11111111011111111101111111111110, sa_flags=SA_RESTART|SA_SIGINFO
SIGPIPE: [libjvm.so+0xbde850], sa_mask[0]=11111111011111111101111111111110, sa_flags=SA_RESTART|SA_SIGINFO
SIGXFSZ: [libjvm.so+0xbde850], sa_mask[0]=11111111011111111101111111111110, sa_flags=SA_RESTART|SA_SIGINFO
SIGILL: [libjvm.so+0xe97eb0], sa_mask[0]=11111111011111111101111111111110, sa_flags=SA_RESTART|SA_SIGINFO
SIGUSR2: [libjvm.so+0xbde6f0], sa_mask[0]=00000000000000000000000000000000, sa_flags=SA_RESTART|SA_SIGINFO
SIGHUP: [libjvm.so+0xbde9e0], sa_mask[0]=11111111011111111101111111111110, sa_flags=SA_RESTART|SA_SIGINFO
SIGINT: [libjvm.so+0xbde9e0], sa_mask[0]=11111111011111111101111111111110, sa_flags=SA_RESTART|SA_SIGINFO
SIGTERM: [libjvm.so+0xbde9e0], sa_mask[0]=11111111011111111101111111111110, sa_flags=SA_RESTART|SA_SIGINFO
SIGQUIT: [libjvm.so+0xbde9e0], sa_mask[0]=11111111011111111101111111111110, sa_flags=SA_RESTART|SA_SIGINFO


---------------  S Y S T E M  ---------------

OS:DISTRIB_ID=Ubuntu
DISTRIB_RELEASE=20.04
DISTRIB_CODENAME=focal
DISTRIB_DESCRIPTION="Ubuntu 20.04.3 LTS"
uname:Linux 5.10.16.3-microsoft-standard-WSL2 #1 SMP Fri Apr 2 22:23:49 UTC 2021 x86_64
OS uptime: 0 days 20:55 hours
libc:glibc 2.31 NPTL 2.31 
rlimit (soft/hard): STACK 8192k/infinity , CORE 0k/infinity , NPROC 50409/50409 , NOFILE 4096/4096 , AS infinity/infinity , CPU infinity/infinity , DATA infinity/infinity , FSIZE infinity/infinity , MEMLOCK 64k/64k
load average:0.35 0.09 0.10

/proc/meminfo:
MemTotal:       12909048 kB
MemFree:        12128096 kB
MemAvailable:   12246140 kB
Buffers:           22772 kB
Cached:           319576 kB
SwapCached:            0 kB
Active:           206176 kB
Inactive:         448552 kB
Active(anon):        104 kB
Inactive(anon):   312340 kB
Active(file):     206072 kB
Inactive(file):   136212 kB
Unevictable:           0 kB
Mlocked:               0 kB
SwapTotal:       4194304 kB
SwapFree:        4194304 kB
Dirty:               592 kB
Writeback:             0 kB
AnonPages:        312404 kB
Mapped:            60380 kB
Shmem:                72 kB
KReclaimable:      22548 kB
Slab:              49560 kB
SReclaimable:      22548 kB
SUnreclaim:        27012 kB
KernelStack:        3232 kB
PageTables:         2152 kB
NFS_Unstable:          0 kB
Bounce:                0 kB
WritebackTmp:          0 kB
CommitLimit:    10648828 kB
Committed_AS:    1011812 kB
VmallocTotal:   34359738367 kB
VmallocUsed:       23364 kB
VmallocChunk:          0 kB
Percpu:             2432 kB
AnonHugePages:    163840 kB
ShmemHugePages:        0 kB
ShmemPmdMapped:        0 kB
FileHugePages:         0 kB
FilePmdMapped:         0 kB
HugePages_Total:       0
HugePages_Free:        0
HugePages_Rsvd:        0
HugePages_Surp:        0
Hugepagesize:       2048 kB
Hugetlb:               0 kB
DirectMap4k:       17408 kB
DirectMap2M:     3784704 kB
DirectMap1G:     9437184 kB

/sys/kernel/mm/transparent_hugepage/enabled:
[always] madvise never
/sys/kernel/mm/transparent_hugepage/defrag (defrag/compaction efforts parameter):
always defer defer+madvise [madvise] never

Process Memory:
Virtual Size: 6194016K (peak: 14706392K)
Resident Set Size: 111436K (peak: 111436K) (anon: 56424K, file: 55012K, shmem: 0K)
Swapped out: 0K
C-Heap outstanding allocations: 30598K, retained: 3205K
glibc malloc tunables: (default)

/proc/sys/kernel/threads-max (system-wide limit on the number of threads):
100818
/proc/sys/vm/max_map_count (maximum number of memory map areas a process may have):
65530
/proc/sys/kernel/pid_max (system-wide limit on number of process identifiers):
32768

container (cgroup) information:
container_type: cgroupv1
cpu_cpuset_cpus: 0-7
cpu_memory_nodes: 0
active_processor_count: 8
cpu_quota: no quota
cpu_period: 100000
cpu_shares: no shares
memory_limit_in_bytes: unlimited
memory_and_swap_limit_in_bytes: unlimited
memory_soft_limit_in_bytes: unlimited
memory_usage_in_bytes: 654180 k
memory_max_usage_in_bytes: 526796 k
maximum number of tasks: not supported
current number of tasks: not supported

Hyper-V virtualization detected
Steal ticks since vm start: 0
Steal ticks percentage since vm start:  0.000

CPU:total 8 (initial active 8) (4 cores per cpu, 2 threads per core) family 6 model 140 stepping 1 microcode 0xffffffff, cmov, cx8, fxsr, mmx, sse, sse2, sse3, ssse3, sse4.1, sse4.2, popcnt, avx, avx2, aes, clmul, erms, 3dnowpref, lzcnt, ht, tsc, tscinvbit, bmi1, bmi2, adx, evex, sha, fma
CPU Model and flags from /proc/cpuinfo:
model name	: 11th Gen Intel(R) Core(TM) i7-1165G7 @ 2.80GHz
flags		: fpu vme de pse tsc msr pae mce cx8 apic sep mtrr pge mca cmov pat pse36 clflush mmx fxsr sse sse2 ss ht syscall nx pdpe1gb rdtscp lm constant_tsc rep_good nopl xtopology tsc_reliable nonstop_tsc cpuid pni pclmulqdq ssse3 fma cx16 pcid sse4_1 sse4_2 movbe popcnt aes xsave avx f16c rdrand hypervisor lahf_lm abm 3dnowprefetch invpcid_single ssbd ibrs ibpb stibp ibrs_enhanced fsgsbase bmi1 avx2 smep bmi2 erms invpcid avx512f avx512dq rdseed adx smap avx512ifma clflushopt clwb avx512cd sha_ni avx512bw avx512vl xsaveopt xsavec xgetbv1 xsaves avx512vbmi umip avx512_vbmi2 gfni vaes vpclmulqdq avx512_vnni avx512_bitalg avx512_vpopcntdq rdpid fsrm avx512_vp2intersect flush_l1d arch_capabilities
Online cpus:
0-7
Offline cpus:

BIOS frequency limitation:
<Not Available>
Frequency switch latency (ns):
<Not Available>
Available cpu frequencies:
<Not Available>
Current governor:
<Not Available>
Core performance/turbo boost:
<Not Available>

Memory: 4k page, physical 12909048k(12128096k free), swap 4194304k(4194304k free)

vm_info: OpenJDK 64-Bit Server VM (11.0.17+8-post-Ubuntu-1ubuntu220.04) for linux-amd64 JRE (11.0.17+8-post-Ubuntu-1ubuntu220.04), built on Oct 25 2022 09:30:51 by "unknown" with gcc 9.4.0

END.
