#
# A fatal error has been detected by the Java Runtime Environment:
#
#  SIGSEGV (0xb) at pc=0x00007f2c2e1e9e5a, pid=30981, tid=30982
#
# JRE version: OpenJDK Runtime Environment (11.0.17+8) (build 11.0.17+8-post-Ubuntu-1ubuntu220.04)
# Java VM: OpenJDK 64-Bit Server VM (11.0.17+8-post-Ubuntu-1ubuntu220.04, mixed mode, sharing, tiered, compressed oops, g1 gc, linux-amd64)
# Problematic frame:
# C  [libLLVM-13.so+0xcbde5a]  llvm::CallInst::init(llvm::FunctionType*, llvm::Value*, llvm::ArrayRef<llvm::Value*>, llvm::ArrayRef<llvm::OperandBundleDefT<llvm::Value*> >, llvm::Twine const&)+0x8a
#
# No core dump will be written. Core dumps have been disabled. To enable core dumping, try "ulimit -c unlimited" before starting Java again
#
# If you would like to submit a bug report, please visit:
#   https://bugs.launchpad.net/ubuntu/+source/openjdk-lts
# The crash happened outside the Java Virtual Machine in native code.
# See problematic frame for where to report the bug.
#

---------------  S U M M A R Y ------------

Command Line: -Dfile.encoding=UTF-8 Main ./tests/test1.sysy ./tests/test1_ans.txt

Host: 11th Gen Intel(R) Core(TM) i7-1165G7 @ 2.80GHz, 8 cores, 12G, Ubuntu 20.04.3 LTS
Time: Mon Jan  9 10:07:34 2023 CST elapsed time: 0.253474 seconds (0d 0h 0m 0s)

---------------  T H R E A D  ---------------

Current thread (0x00007f2ca0016800):  JavaThread "main" [_thread_in_native, id=30982, stack(0x00007f2ca69be000,0x00007f2ca6abf000)]

Stack: [0x00007f2ca69be000,0x00007f2ca6abf000],  sp=0x00007f2ca6abc9c0,  free space=1018k
Native frames: (J=compiled Java code, A=aot compiled Java code, j=interpreted, Vv=VM code, C=native code)
C  [libLLVM-13.so+0xcbde5a]  llvm::CallInst::init(llvm::FunctionType*, llvm::Value*, llvm::ArrayRef<llvm::Value*>, llvm::ArrayRef<llvm::OperandBundleDefT<llvm::Value*> >, llvm::Twine const&)+0x8a

Java frames: (J=compiled Java code, j=interpreted, Vv=VM code)
j  org.bytedeco.llvm.global.LLVM.LLVMBuildCall(Lorg/bytedeco/llvm/LLVM/LLVMBuilderRef;Lorg/bytedeco/llvm/LLVM/LLVMValueRef;Lorg/bytedeco/javacpp/PointerPointer;ILjava/lang/String;)Lorg/bytedeco/llvm/LLVM/LLVMValueRef;+0
j  FunctionAndVarIRVisitor.visitCallExp(LSysYParser$CallExpContext;)Lorg/bytedeco/llvm/LLVM/LLVMValueRef;+133
j  FunctionAndVarIRVisitor.visitCallExp(LSysYParser$CallExpContext;)Ljava/lang/Object;+2
j  SysYParser$CallExpContext.accept(Lorg/antlr/v4/runtime/tree/ParseTreeVisitor;)Ljava/lang/Object;+12
j  org.antlr.v4.runtime.tree.AbstractParseTreeVisitor.visit(Lorg/antlr/v4/runtime/tree/ParseTree;)Ljava/lang/Object;+2
j  FunctionAndVarIRVisitor.visitReturnStmt(LSysYParser$ReturnStmtContext;)Lorg/bytedeco/llvm/LLVM/LLVMValueRef;+5
j  FunctionAndVarIRVisitor.visitReturnStmt(LSysYParser$ReturnStmtContext;)Ljava/lang/Object;+2
j  SysYParser$ReturnStmtContext.accept(Lorg/antlr/v4/runtime/tree/ParseTreeVisitor;)Ljava/lang/Object;+12
j  org.antlr.v4.runtime.tree.AbstractParseTreeVisitor.visitChildren(Lorg/antlr/v4/runtime/tree/RuleNode;)Ljava/lang/Object;+46
j  SysYParserBaseVisitor.visitBlockItem(LSysYParser$BlockItemContext;)Ljava/lang/Object;+2
j  SysYParser$BlockItemContext.accept(Lorg/antlr/v4/runtime/tree/ParseTreeVisitor;)Ljava/lang/Object;+12
j  org.antlr.v4.runtime.tree.AbstractParseTreeVisitor.visitChildren(Lorg/antlr/v4/runtime/tree/RuleNode;)Ljava/lang/Object;+46
j  SysYParserBaseVisitor.visitBlock(LSysYParser$BlockContext;)Ljava/lang/Object;+2
j  FunctionAndVarIRVisitor.visitBlock(LSysYParser$BlockContext;)Lorg/bytedeco/llvm/LLVM/LLVMValueRef;+32
j  FunctionAndVarIRVisitor.visitBlock(LSysYParser$BlockContext;)Ljava/lang/Object;+2
j  SysYParser$BlockContext.accept(Lorg/antlr/v4/runtime/tree/ParseTreeVisitor;)Ljava/lang/Object;+12
j  org.antlr.v4.runtime.tree.AbstractParseTreeVisitor.visitChildren(Lorg/antlr/v4/runtime/tree/RuleNode;)Ljava/lang/Object;+46
j  SysYParserBaseVisitor.visitFuncDef(LSysYParser$FuncDefContext;)Ljava/lang/Object;+2
j  FunctionAndVarIRVisitor.visitFuncDef(LSysYParser$FuncDefContext;)Lorg/bytedeco/llvm/LLVM/LLVMValueRef;+333
j  FunctionAndVarIRVisitor.visitFuncDef(LSysYParser$FuncDefContext;)Ljava/lang/Object;+2
j  SysYParser$FuncDefContext.accept(Lorg/antlr/v4/runtime/tree/ParseTreeVisitor;)Ljava/lang/Object;+12
j  org.antlr.v4.runtime.tree.AbstractParseTreeVisitor.visitChildren(Lorg/antlr/v4/runtime/tree/RuleNode;)Ljava/lang/Object;+46
j  SysYParserBaseVisitor.visitCompUnit(LSysYParser$CompUnitContext;)Ljava/lang/Object;+2
j  SysYParser$CompUnitContext.accept(Lorg/antlr/v4/runtime/tree/ParseTreeVisitor;)Ljava/lang/Object;+12
j  org.antlr.v4.runtime.tree.AbstractParseTreeVisitor.visitChildren(Lorg/antlr/v4/runtime/tree/RuleNode;)Ljava/lang/Object;+46
j  SysYParserBaseVisitor.visitProgram(LSysYParser$ProgramContext;)Ljava/lang/Object;+2
j  FunctionAndVarIRVisitor.visitProgram(LSysYParser$ProgramContext;)Lorg/bytedeco/llvm/LLVM/LLVMValueRef;+2
j  FunctionAndVarIRVisitor.visitProgram(LSysYParser$ProgramContext;)Ljava/lang/Object;+2
j  SysYParser$ProgramContext.accept(Lorg/antlr/v4/runtime/tree/ParseTreeVisitor;)Ljava/lang/Object;+12
j  org.antlr.v4.runtime.tree.AbstractParseTreeVisitor.visit(Lorg/antlr/v4/runtime/tree/ParseTree;)Ljava/lang/Object;+2
j  Main.funcAndVarIRGenerate([Ljava/lang/String;)V+113
j  Main.main([Ljava/lang/String;)V+1
v  ~StubRoutines::call_stub

siginfo: si_signo: 11 (SIGSEGV), si_code: 1 (SEGV_MAPERR), si_addr: 0x000000000000201d

Register to memory mapping:

RAX=0x00007f2ca0500bd0 points into unknown readable memory: 0x00007f2ca04fa8c8 | c8 a8 4f a0 2c 7f 00 00
RBX=0x00007f2ca04fa8d0 points into unknown readable memory: 0x000000000000200d | 0d 20 00 00 00 00 00 00
RCX=0x000000000000200d is an unknown value
RDX=0x00007f2ca04d7798 points into unknown readable memory: 0x00007f2ca04ffa50 | 50 fa 4f a0 2c 7f 00 00
RSP=0x00007f2ca6abc9c0 is pointing into the stack for thread: 0x00007f2ca0016800
RBP=0x00007f2ca0500c10 points into unknown readable memory: 0x00007f2ca04fa8c8 | c8 a8 4f a0 2c 7f 00 00
RSI=0x00007f2ca04fa8c8 points into unknown readable memory: 0x00007f2ca04fa140 | 40 a1 4f a0 2c 7f 00 00
RDI=0x0000000000000001 is an unknown value
R8 =0x0000000000000001 is an unknown value
R9 =0x00007f2ca0501b40 points into unknown readable memory: 0x00007f2ca04fa8c8 | c8 a8 4f a0 2c 7f 00 00
R10=0x0 is NULL
R11=0x0 is NULL
R12=0x00007f2ca6abca60 is pointing into the stack for thread: 0x00007f2ca0016800
R13=0x00007f2ca0500bd8 points into unknown readable memory: 0x000000000000200d | 0d 20 00 00 00 00 00 00
R14=0x0 is NULL
R15=0x0 is NULL


Registers:
RAX=0x00007f2ca0500bd0, RBX=0x00007f2ca04fa8d0, RCX=0x000000000000200d, RDX=0x00007f2ca04d7798
RSP=0x00007f2ca6abc9c0, RBP=0x00007f2ca0500c10, RSI=0x00007f2ca04fa8c8, RDI=0x0000000000000001
R8 =0x0000000000000001, R9 =0x00007f2ca0501b40, R10=0x0000000000000000, R11=0x0000000000000000
R12=0x00007f2ca6abca60, R13=0x00007f2ca0500bd8, R14=0x0000000000000000, R15=0x0000000000000000
RIP=0x00007f2c2e1e9e5a, EFLAGS=0x0000000000010202, CSGSFS=0x002b000000000033, ERR=0x0000000000000006
  TRAPNO=0x000000000000000e

Top of Stack: (sp=0x00007f2ca6abc9c0)
0x00007f2ca6abc9c0:   0000000000000002 00007f2ca04d7670
0x00007f2ca6abc9d0:   00007f2ca6abca60 00007f2ca0500c10
0x00007f2ca6abc9e0:   0000000000000000 00007f2c2e15be78
0x00007f2ca6abc9f0:   0000000000000000 0000000000000000 

Instructions: (pc=0x00007f2c2e1e9e5a)
0x00007f2c2e1e9d5a:   fb 48 83 ec 08 e8 cc f5 09 00 48 8d 2c 10 31 c0
0x00007f2c2e1e9d6a:   80 7b 17 00 79 08 48 89 df e8 b8 f5 09 00 48 29
0x00007f2c2e1e9d7a:   c5 48 89 e8 48 c1 f8 04 85 c0 74 2a 48 8b 53 e0
0x00007f2c2e1e9d8a:   b8 01 00 00 00 48 85 d2 74 0d 80 7a 10 00 75 07
0x00007f2c2e1e9d9a:   83 7a 24 06 0f 95 c0 48 83 c4 08 5b 5d c3 0f 1f
0x00007f2c2e1e9daa:   84 00 00 00 00 00 48 83 c4 08 31 c0 5b 5d c3 0f
0x00007f2c2e1e9dba:   1f 80 00 00 00 00 31 c0 c3 66 2e 0f 1f 84 00 00
0x00007f2c2e1e9dca:   00 00 00 0f 1f 00 41 55 41 54 4d 89 cc 49 89 c9
0x00007f2c2e1e9dda:   4a 8d 0c c5 00 00 00 00 55 48 89 fd 53 48 89 fb
0x00007f2c2e1e9dea:   48 83 ec 08 8b 47 14 48 89 77 48 48 89 cf 4c 8b
0x00007f2c2e1e9dfa:   54 24 30 4c 8b 5c 24 38 48 c1 ff 03 25 ff ff ff
0x00007f2c2e1e9e0a:   07 48 c1 e0 05 48 29 c3 48 85 c9 7e 5d 48 89 d8
0x00007f2c2e1e9e1a:   66 0f 1f 44 00 00 48 83 38 00 49 8b 31 74 14 48
0x00007f2c2e1e9e2a:   8b 48 08 48 8b 58 10 48 89 0b 48 85 c9 74 04 48
0x00007f2c2e1e9e3a:   89 59 10 48 89 30 48 85 f6 74 21 48 8b 4e 08 48
0x00007f2c2e1e9e4a:   8d 5e 08 48 89 48 08 48 85 c9 74 08 4c 8d 68 08
0x00007f2c2e1e9e5a:   4c 89 69 10 48 89 58 10 48 89 46 08 49 83 c1 08
0x00007f2c2e1e9e6a:   48 83 c0 20 48 83 ef 01 75 ac 48 83 7d e0 00 74
0x00007f2c2e1e9e7a:   14 48 8b 45 e8 48 8b 4d f0 48 89 01 48 85 c0 74
0x00007f2c2e1e9e8a:   04 48 89 48 10 48 89 55 e0 48 85 d2 74 25 48 8b
0x00007f2c2e1e9e9a:   42 08 48 8d 4a 08 48 89 45 e8 48 85 c0 74 08 48
0x00007f2c2e1e9eaa:   8d 75 e8 48 89 70 10 48 8d 45 e0 48 89 4d f0 48
0x00007f2c2e1e9eba:   89 42 08 48 89 ef 4c 89 d6 4c 89 da 44 89 c1 e8
0x00007f2c2e1e9eca:   12 f5 ff ff 48 83 c4 08 4c 89 e6 48 89 ef 5b 5d
0x00007f2c2e1e9eda:   41 5c 41 5d e9 3d 46 0a 00 66 2e 0f 1f 84 00 00
0x00007f2c2e1e9eea:   00 00 00 0f 1f 00 49 89 f0 48 83 7f e0 00 48 89
0x00007f2c2e1e9efa:   ce 4c 89 47 48 74 14 48 8b 47 e8 48 8b 4f f0 48
0x00007f2c2e1e9f0a:   89 01 48 85 c0 74 04 48 89 48 10 48 89 57 e0 48
0x00007f2c2e1e9f1a:   85 d2 74 25 48 8b 42 08 48 8d 4a 08 48 89 47 e8
0x00007f2c2e1e9f2a:   48 85 c0 74 08 4c 8d 47 e8 4c 89 40 10 48 8d 47
0x00007f2c2e1e9f3a:   e0 48 89 4f f0 48 89 42 08 e9 d8 45 0a 00 0f 1f
0x00007f2c2e1e9f4a:   84 00 00 00 00 00 41 56 4c 8d 77 e0 4d 89 c1 41 


Stack slot to memory mapping:
stack at sp + 0 slots: 0x0000000000000002 is an unknown value
stack at sp + 1 slots: 0x00007f2ca04d7670 points into unknown readable memory: 0x00007f2ca04d7680 | 80 76 4d a0 2c 7f 00 00
stack at sp + 2 slots: 0x00007f2ca6abca60 is pointing into the stack for thread: 0x00007f2ca0016800
stack at sp + 3 slots: 0x00007f2ca0500c10 points into unknown readable memory: 0x00007f2ca04fa8c8 | c8 a8 4f a0 2c 7f 00 00
stack at sp + 4 slots: 0x0 is NULL
stack at sp + 5 slots: 0x00007f2c2e15be78: LLVMBuildCall+0x0000000000000188 in /root/.javacpp/cache/llvm-13.0.1-1.5.7-linux-x86_64.jar/org/bytedeco/llvm/linux-x86_64/libLLVM-13.so at 0x00007f2c2d52c000
stack at sp + 6 slots: 0x0 is NULL
stack at sp + 7 slots: 0x0 is NULL


---------------  P R O C E S S  ---------------

Threads class SMR info:
_java_thread_list=0x00007f2c4c1d5e40, length=11, elements={
0x00007f2ca0016800, 0x00007f2ca0186800, 0x00007f2ca0190800, 0x00007f2ca0199000,
0x00007f2ca019b000, 0x00007f2ca019d000, 0x00007f2ca019f000, 0x00007f2ca01a1000,
0x00007f2ca020c000, 0x00007f2ca040f000, 0x00007f2c4c0e6800
}

Java Threads: ( => current thread )
=>0x00007f2ca0016800 JavaThread "main" [_thread_in_native, id=30982, stack(0x00007f2ca69be000,0x00007f2ca6abf000)]
  0x00007f2ca0186800 JavaThread "Reference Handler" daemon [_thread_blocked, id=30989, stack(0x00007f2c883b2000,0x00007f2c884b3000)]
  0x00007f2ca0190800 JavaThread "Finalizer" daemon [_thread_blocked, id=30990, stack(0x00007f2c882b1000,0x00007f2c883b2000)]
  0x00007f2ca0199000 JavaThread "Signal Dispatcher" daemon [_thread_blocked, id=30991, stack(0x00007f2c88007000,0x00007f2c88108000)]
  0x00007f2ca019b000 JavaThread "Service Thread" daemon [_thread_blocked, id=30992, stack(0x00007f2c7d199000,0x00007f2c7d29a000)]
  0x00007f2ca019d000 JavaThread "C2 CompilerThread0" daemon [_thread_in_native, id=30993, stack(0x00007f2c7d098000,0x00007f2c7d199000)]
  0x00007f2ca019f000 JavaThread "C1 CompilerThread0" daemon [_thread_blocked, id=30994, stack(0x00007f2c7cf97000,0x00007f2c7d098000)]
  0x00007f2ca01a1000 JavaThread "Sweeper thread" daemon [_thread_blocked, id=30995, stack(0x00007f2c7ce96000,0x00007f2c7cf97000)]
  0x00007f2ca020c000 JavaThread "Common-Cleaner" daemon [_thread_blocked, id=30998, stack(0x00007f2c7cc93000,0x00007f2c7cd94000)]
  0x00007f2ca040f000 JavaThread "JavaCPP Deallocator" daemon [_thread_blocked, id=31007, stack(0x00007f2c7cb24000,0x00007f2c7cc25000)]
  0x00007f2c4c0e6800 JavaThread "C2 CompilerThread1" daemon [_thread_in_native, id=31008, stack(0x00007f2c7ca23000,0x00007f2c7cb24000)]

Other Threads:
  0x00007f2ca0183800 VMThread "VM Thread" [stack: 0x00007f2c884b5000,0x00007f2c885b5000] [id=30988]
  0x00007f2ca020a000 WatcherThread [stack: 0x00007f2c7cd96000,0x00007f2c7ce96000] [id=30997]
  0x00007f2ca002f000 GCTaskThread "GC Thread#0" [stack: 0x00007f2ca6667000,0x00007f2ca6767000] [id=30983]
  0x00007f2ca007a800 ConcurrentGCThread "G1 Main Marker" [stack: 0x00007f2ca4a19000,0x00007f2ca4b19000] [id=30984]
  0x00007f2ca007c800 ConcurrentGCThread "G1 Conc#0" [stack: 0x00007f2ca4917000,0x00007f2ca4a17000] [id=30985]
  0x00007f2ca0149800 ConcurrentGCThread "G1 Refine#0" [stack: 0x00007f2ca400d000,0x00007f2ca410d000] [id=30986]
  0x00007f2ca014b800 ConcurrentGCThread "G1 Young RemSet Sampling" [stack: 0x00007f2c886fd000,0x00007f2c887fd000] [id=30987]

Threads with active compile tasks:
C2 CompilerThread0      256  664       4       java.util.jar.JarFile::getVersionedEntry (85 bytes)
C2 CompilerThread1      256  667  s!   4       jdk.internal.loader.URLClassPath::getLoader (194 bytes)

VM state:not at safepoint (normal execution)

VM Mutex/Monitor currently owned by a thread: None

Heap address: 0x000000073b000000, size: 3152 MB, Compressed Oops mode: Zero based, Oop shift amount: 3
Narrow klass base: 0x0000000800000000, Narrow klass shift: 3
Compressed class space size: 1073741824 Address: 0x0000000840000000

Heap:
 garbage-first heap   total 204800K, used 20172K [0x000000073b000000, 0x0000000800000000)
  region size 1024K, 21 young (21504K), 0 survivors (0K)
 Metaspace       used 3569K, capacity 6640K, committed 6912K, reserved 1056768K
  class space    used 407K, capacity 700K, committed 768K, reserved 1048576K
Heap Regions: E=young(eden), S=young(survivor), O=old, HS=humongous(starts), HC=humongous(continues), CS=collection set, F=free, A=archive, TAMS=top-at-mark-start (previous, next)
|   0|0x000000073b000000, 0x000000073b000000, 0x000000073b100000|  0%| F|  |TAMS 0x000000073b000000, 0x000000073b000000| Untracked 
|   1|0x000000073b100000, 0x000000073b100000, 0x000000073b200000|  0%| F|  |TAMS 0x000000073b100000, 0x000000073b100000| Untracked 
|   2|0x000000073b200000, 0x000000073b200000, 0x000000073b300000|  0%| F|  |TAMS 0x000000073b200000, 0x000000073b200000| Untracked 
|   3|0x000000073b300000, 0x000000073b300000, 0x000000073b400000|  0%| F|  |TAMS 0x000000073b300000, 0x000000073b300000| Untracked 
|   4|0x000000073b400000, 0x000000073b400000, 0x000000073b500000|  0%| F|  |TAMS 0x000000073b400000, 0x000000073b400000| Untracked 
|   5|0x000000073b500000, 0x000000073b500000, 0x000000073b600000|  0%| F|  |TAMS 0x000000073b500000, 0x000000073b500000| Untracked 
|   6|0x000000073b600000, 0x000000073b600000, 0x000000073b700000|  0%| F|  |TAMS 0x000000073b600000, 0x000000073b600000| Untracked 
|   7|0x000000073b700000, 0x000000073b700000, 0x000000073b800000|  0%| F|  |TAMS 0x000000073b700000, 0x000000073b700000| Untracked 
|   8|0x000000073b800000, 0x000000073b800000, 0x000000073b900000|  0%| F|  |TAMS 0x000000073b800000, 0x000000073b800000| Untracked 
|   9|0x000000073b900000, 0x000000073b900000, 0x000000073ba00000|  0%| F|  |TAMS 0x000000073b900000, 0x000000073b900000| Untracked 
|  10|0x000000073ba00000, 0x000000073ba00000, 0x000000073bb00000|  0%| F|  |TAMS 0x000000073ba00000, 0x000000073ba00000| Untracked 
|  11|0x000000073bb00000, 0x000000073bb00000, 0x000000073bc00000|  0%| F|  |TAMS 0x000000073bb00000, 0x000000073bb00000| Untracked 
|  12|0x000000073bc00000, 0x000000073bc00000, 0x000000073bd00000|  0%| F|  |TAMS 0x000000073bc00000, 0x000000073bc00000| Untracked 
|  13|0x000000073bd00000, 0x000000073bd00000, 0x000000073be00000|  0%| F|  |TAMS 0x000000073bd00000, 0x000000073bd00000| Untracked 
|  14|0x000000073be00000, 0x000000073be00000, 0x000000073bf00000|  0%| F|  |TAMS 0x000000073be00000, 0x000000073be00000| Untracked 
|  15|0x000000073bf00000, 0x000000073bf00000, 0x000000073c000000|  0%| F|  |TAMS 0x000000073bf00000, 0x000000073bf00000| Untracked 
|  16|0x000000073c000000, 0x000000073c000000, 0x000000073c100000|  0%| F|  |TAMS 0x000000073c000000, 0x000000073c000000| Untracked 
|  17|0x000000073c100000, 0x000000073c100000, 0x000000073c200000|  0%| F|  |TAMS 0x000000073c100000, 0x000000073c100000| Untracked 
|  18|0x000000073c200000, 0x000000073c200000, 0x000000073c300000|  0%| F|  |TAMS 0x000000073c200000, 0x000000073c200000| Untracked 
|  19|0x000000073c300000, 0x000000073c300000, 0x000000073c400000|  0%| F|  |TAMS 0x000000073c300000, 0x000000073c300000| Untracked 
|  20|0x000000073c400000, 0x000000073c400000, 0x000000073c500000|  0%| F|  |TAMS 0x000000073c400000, 0x000000073c400000| Untracked 
|  21|0x000000073c500000, 0x000000073c500000, 0x000000073c600000|  0%| F|  |TAMS 0x000000073c500000, 0x000000073c500000| Untracked 
|  22|0x000000073c600000, 0x000000073c600000, 0x000000073c700000|  0%| F|  |TAMS 0x000000073c600000, 0x000000073c600000| Untracked 
|  23|0x000000073c700000, 0x000000073c700000, 0x000000073c800000|  0%| F|  |TAMS 0x000000073c700000, 0x000000073c700000| Untracked 
|  24|0x000000073c800000, 0x000000073c800000, 0x000000073c900000|  0%| F|  |TAMS 0x000000073c800000, 0x000000073c800000| Untracked 
|  25|0x000000073c900000, 0x000000073c900000, 0x000000073ca00000|  0%| F|  |TAMS 0x000000073c900000, 0x000000073c900000| Untracked 
|  26|0x000000073ca00000, 0x000000073ca00000, 0x000000073cb00000|  0%| F|  |TAMS 0x000000073ca00000, 0x000000073ca00000| Untracked 
|  27|0x000000073cb00000, 0x000000073cb00000, 0x000000073cc00000|  0%| F|  |TAMS 0x000000073cb00000, 0x000000073cb00000| Untracked 
|  28|0x000000073cc00000, 0x000000073cc00000, 0x000000073cd00000|  0%| F|  |TAMS 0x000000073cc00000, 0x000000073cc00000| Untracked 
|  29|0x000000073cd00000, 0x000000073cd00000, 0x000000073ce00000|  0%| F|  |TAMS 0x000000073cd00000, 0x000000073cd00000| Untracked 
|  30|0x000000073ce00000, 0x000000073ce00000, 0x000000073cf00000|  0%| F|  |TAMS 0x000000073ce00000, 0x000000073ce00000| Untracked 
|  31|0x000000073cf00000, 0x000000073cf00000, 0x000000073d000000|  0%| F|  |TAMS 0x000000073cf00000, 0x000000073cf00000| Untracked 
|  32|0x000000073d000000, 0x000000073d000000, 0x000000073d100000|  0%| F|  |TAMS 0x000000073d000000, 0x000000073d000000| Untracked 
|  33|0x000000073d100000, 0x000000073d100000, 0x000000073d200000|  0%| F|  |TAMS 0x000000073d100000, 0x000000073d100000| Untracked 
|  34|0x000000073d200000, 0x000000073d200000, 0x000000073d300000|  0%| F|  |TAMS 0x000000073d200000, 0x000000073d200000| Untracked 
|  35|0x000000073d300000, 0x000000073d300000, 0x000000073d400000|  0%| F|  |TAMS 0x000000073d300000, 0x000000073d300000| Untracked 
|  36|0x000000073d400000, 0x000000073d400000, 0x000000073d500000|  0%| F|  |TAMS 0x000000073d400000, 0x000000073d400000| Untracked 
|  37|0x000000073d500000, 0x000000073d500000, 0x000000073d600000|  0%| F|  |TAMS 0x000000073d500000, 0x000000073d500000| Untracked 
|  38|0x000000073d600000, 0x000000073d600000, 0x000000073d700000|  0%| F|  |TAMS 0x000000073d600000, 0x000000073d600000| Untracked 
|  39|0x000000073d700000, 0x000000073d700000, 0x000000073d800000|  0%| F|  |TAMS 0x000000073d700000, 0x000000073d700000| Untracked 
|  40|0x000000073d800000, 0x000000073d800000, 0x000000073d900000|  0%| F|  |TAMS 0x000000073d800000, 0x000000073d800000| Untracked 
|  41|0x000000073d900000, 0x000000073d900000, 0x000000073da00000|  0%| F|  |TAMS 0x000000073d900000, 0x000000073d900000| Untracked 
|  42|0x000000073da00000, 0x000000073da00000, 0x000000073db00000|  0%| F|  |TAMS 0x000000073da00000, 0x000000073da00000| Untracked 
|  43|0x000000073db00000, 0x000000073db00000, 0x000000073dc00000|  0%| F|  |TAMS 0x000000073db00000, 0x000000073db00000| Untracked 
|  44|0x000000073dc00000, 0x000000073dc00000, 0x000000073dd00000|  0%| F|  |TAMS 0x000000073dc00000, 0x000000073dc00000| Untracked 
|  45|0x000000073dd00000, 0x000000073dd00000, 0x000000073de00000|  0%| F|  |TAMS 0x000000073dd00000, 0x000000073dd00000| Untracked 
|  46|0x000000073de00000, 0x000000073de00000, 0x000000073df00000|  0%| F|  |TAMS 0x000000073de00000, 0x000000073de00000| Untracked 
|  47|0x000000073df00000, 0x000000073df00000, 0x000000073e000000|  0%| F|  |TAMS 0x000000073df00000, 0x000000073df00000| Untracked 
|  48|0x000000073e000000, 0x000000073e000000, 0x000000073e100000|  0%| F|  |TAMS 0x000000073e000000, 0x000000073e000000| Untracked 
|  49|0x000000073e100000, 0x000000073e100000, 0x000000073e200000|  0%| F|  |TAMS 0x000000073e100000, 0x000000073e100000| Untracked 
|  50|0x000000073e200000, 0x000000073e200000, 0x000000073e300000|  0%| F|  |TAMS 0x000000073e200000, 0x000000073e200000| Untracked 
|  51|0x000000073e300000, 0x000000073e300000, 0x000000073e400000|  0%| F|  |TAMS 0x000000073e300000, 0x000000073e300000| Untracked 
|  52|0x000000073e400000, 0x000000073e400000, 0x000000073e500000|  0%| F|  |TAMS 0x000000073e400000, 0x000000073e400000| Untracked 
|  53|0x000000073e500000, 0x000000073e500000, 0x000000073e600000|  0%| F|  |TAMS 0x000000073e500000, 0x000000073e500000| Untracked 
|  54|0x000000073e600000, 0x000000073e600000, 0x000000073e700000|  0%| F|  |TAMS 0x000000073e600000, 0x000000073e600000| Untracked 
|  55|0x000000073e700000, 0x000000073e700000, 0x000000073e800000|  0%| F|  |TAMS 0x000000073e700000, 0x000000073e700000| Untracked 
|  56|0x000000073e800000, 0x000000073e800000, 0x000000073e900000|  0%| F|  |TAMS 0x000000073e800000, 0x000000073e800000| Untracked 
|  57|0x000000073e900000, 0x000000073e900000, 0x000000073ea00000|  0%| F|  |TAMS 0x000000073e900000, 0x000000073e900000| Untracked 
|  58|0x000000073ea00000, 0x000000073ea00000, 0x000000073eb00000|  0%| F|  |TAMS 0x000000073ea00000, 0x000000073ea00000| Untracked 
|  59|0x000000073eb00000, 0x000000073eb00000, 0x000000073ec00000|  0%| F|  |TAMS 0x000000073eb00000, 0x000000073eb00000| Untracked 
|  60|0x000000073ec00000, 0x000000073ec00000, 0x000000073ed00000|  0%| F|  |TAMS 0x000000073ec00000, 0x000000073ec00000| Untracked 
|  61|0x000000073ed00000, 0x000000073ed00000, 0x000000073ee00000|  0%| F|  |TAMS 0x000000073ed00000, 0x000000073ed00000| Untracked 
|  62|0x000000073ee00000, 0x000000073ee00000, 0x000000073ef00000|  0%| F|  |TAMS 0x000000073ee00000, 0x000000073ee00000| Untracked 
|  63|0x000000073ef00000, 0x000000073ef00000, 0x000000073f000000|  0%| F|  |TAMS 0x000000073ef00000, 0x000000073ef00000| Untracked 
|  64|0x000000073f000000, 0x000000073f000000, 0x000000073f100000|  0%| F|  |TAMS 0x000000073f000000, 0x000000073f000000| Untracked 
|  65|0x000000073f100000, 0x000000073f100000, 0x000000073f200000|  0%| F|  |TAMS 0x000000073f100000, 0x000000073f100000| Untracked 
|  66|0x000000073f200000, 0x000000073f200000, 0x000000073f300000|  0%| F|  |TAMS 0x000000073f200000, 0x000000073f200000| Untracked 
|  67|0x000000073f300000, 0x000000073f300000, 0x000000073f400000|  0%| F|  |TAMS 0x000000073f300000, 0x000000073f300000| Untracked 
|  68|0x000000073f400000, 0x000000073f400000, 0x000000073f500000|  0%| F|  |TAMS 0x000000073f400000, 0x000000073f400000| Untracked 
|  69|0x000000073f500000, 0x000000073f500000, 0x000000073f600000|  0%| F|  |TAMS 0x000000073f500000, 0x000000073f500000| Untracked 
|  70|0x000000073f600000, 0x000000073f600000, 0x000000073f700000|  0%| F|  |TAMS 0x000000073f600000, 0x000000073f600000| Untracked 
|  71|0x000000073f700000, 0x000000073f700000, 0x000000073f800000|  0%| F|  |TAMS 0x000000073f700000, 0x000000073f700000| Untracked 
|  72|0x000000073f800000, 0x000000073f800000, 0x000000073f900000|  0%| F|  |TAMS 0x000000073f800000, 0x000000073f800000| Untracked 
|  73|0x000000073f900000, 0x000000073f900000, 0x000000073fa00000|  0%| F|  |TAMS 0x000000073f900000, 0x000000073f900000| Untracked 
|  74|0x000000073fa00000, 0x000000073fa00000, 0x000000073fb00000|  0%| F|  |TAMS 0x000000073fa00000, 0x000000073fa00000| Untracked 
|  75|0x000000073fb00000, 0x000000073fb00000, 0x000000073fc00000|  0%| F|  |TAMS 0x000000073fb00000, 0x000000073fb00000| Untracked 
|  76|0x000000073fc00000, 0x000000073fc00000, 0x000000073fd00000|  0%| F|  |TAMS 0x000000073fc00000, 0x000000073fc00000| Untracked 
|  77|0x000000073fd00000, 0x000000073fd00000, 0x000000073fe00000|  0%| F|  |TAMS 0x000000073fd00000, 0x000000073fd00000| Untracked 
|  78|0x000000073fe00000, 0x000000073fe00000, 0x000000073ff00000|  0%| F|  |TAMS 0x000000073fe00000, 0x000000073fe00000| Untracked 
|  79|0x000000073ff00000, 0x000000073ff00000, 0x0000000740000000|  0%| F|  |TAMS 0x000000073ff00000, 0x000000073ff00000| Untracked 
|  80|0x0000000740000000, 0x0000000740000000, 0x0000000740100000|  0%| F|  |TAMS 0x0000000740000000, 0x0000000740000000| Untracked 
|  81|0x0000000740100000, 0x0000000740100000, 0x0000000740200000|  0%| F|  |TAMS 0x0000000740100000, 0x0000000740100000| Untracked 
|  82|0x0000000740200000, 0x0000000740200000, 0x0000000740300000|  0%| F|  |TAMS 0x0000000740200000, 0x0000000740200000| Untracked 
|  83|0x0000000740300000, 0x0000000740300000, 0x0000000740400000|  0%| F|  |TAMS 0x0000000740300000, 0x0000000740300000| Untracked 
|  84|0x0000000740400000, 0x0000000740400000, 0x0000000740500000|  0%| F|  |TAMS 0x0000000740400000, 0x0000000740400000| Untracked 
|  85|0x0000000740500000, 0x0000000740500000, 0x0000000740600000|  0%| F|  |TAMS 0x0000000740500000, 0x0000000740500000| Untracked 
|  86|0x0000000740600000, 0x0000000740600000, 0x0000000740700000|  0%| F|  |TAMS 0x0000000740600000, 0x0000000740600000| Untracked 
|  87|0x0000000740700000, 0x0000000740700000, 0x0000000740800000|  0%| F|  |TAMS 0x0000000740700000, 0x0000000740700000| Untracked 
|  88|0x0000000740800000, 0x0000000740800000, 0x0000000740900000|  0%| F|  |TAMS 0x0000000740800000, 0x0000000740800000| Untracked 
|  89|0x0000000740900000, 0x0000000740900000, 0x0000000740a00000|  0%| F|  |TAMS 0x0000000740900000, 0x0000000740900000| Untracked 
|  90|0x0000000740a00000, 0x0000000740a00000, 0x0000000740b00000|  0%| F|  |TAMS 0x0000000740a00000, 0x0000000740a00000| Untracked 
|  91|0x0000000740b00000, 0x0000000740b00000, 0x0000000740c00000|  0%| F|  |TAMS 0x0000000740b00000, 0x0000000740b00000| Untracked 
|  92|0x0000000740c00000, 0x0000000740c00000, 0x0000000740d00000|  0%| F|  |TAMS 0x0000000740c00000, 0x0000000740c00000| Untracked 
|  93|0x0000000740d00000, 0x0000000740d00000, 0x0000000740e00000|  0%| F|  |TAMS 0x0000000740d00000, 0x0000000740d00000| Untracked 
|  94|0x0000000740e00000, 0x0000000740e00000, 0x0000000740f00000|  0%| F|  |TAMS 0x0000000740e00000, 0x0000000740e00000| Untracked 
|  95|0x0000000740f00000, 0x0000000740f00000, 0x0000000741000000|  0%| F|  |TAMS 0x0000000740f00000, 0x0000000740f00000| Untracked 
|  96|0x0000000741000000, 0x0000000741000000, 0x0000000741100000|  0%| F|  |TAMS 0x0000000741000000, 0x0000000741000000| Untracked 
|  97|0x0000000741100000, 0x0000000741100000, 0x0000000741200000|  0%| F|  |TAMS 0x0000000741100000, 0x0000000741100000| Untracked 
|  98|0x0000000741200000, 0x0000000741200000, 0x0000000741300000|  0%| F|  |TAMS 0x0000000741200000, 0x0000000741200000| Untracked 
|  99|0x0000000741300000, 0x0000000741300000, 0x0000000741400000|  0%| F|  |TAMS 0x0000000741300000, 0x0000000741300000| Untracked 
| 100|0x0000000741400000, 0x0000000741400000, 0x0000000741500000|  0%| F|  |TAMS 0x0000000741400000, 0x0000000741400000| Untracked 
| 101|0x0000000741500000, 0x0000000741500000, 0x0000000741600000|  0%| F|  |TAMS 0x0000000741500000, 0x0000000741500000| Untracked 
| 102|0x0000000741600000, 0x0000000741600000, 0x0000000741700000|  0%| F|  |TAMS 0x0000000741600000, 0x0000000741600000| Untracked 
| 103|0x0000000741700000, 0x0000000741700000, 0x0000000741800000|  0%| F|  |TAMS 0x0000000741700000, 0x0000000741700000| Untracked 
| 104|0x0000000741800000, 0x0000000741800000, 0x0000000741900000|  0%| F|  |TAMS 0x0000000741800000, 0x0000000741800000| Untracked 
| 105|0x0000000741900000, 0x0000000741900000, 0x0000000741a00000|  0%| F|  |TAMS 0x0000000741900000, 0x0000000741900000| Untracked 
| 106|0x0000000741a00000, 0x0000000741a00000, 0x0000000741b00000|  0%| F|  |TAMS 0x0000000741a00000, 0x0000000741a00000| Untracked 
| 107|0x0000000741b00000, 0x0000000741b00000, 0x0000000741c00000|  0%| F|  |TAMS 0x0000000741b00000, 0x0000000741b00000| Untracked 
| 108|0x0000000741c00000, 0x0000000741c00000, 0x0000000741d00000|  0%| F|  |TAMS 0x0000000741c00000, 0x0000000741c00000| Untracked 
| 109|0x0000000741d00000, 0x0000000741d00000, 0x0000000741e00000|  0%| F|  |TAMS 0x0000000741d00000, 0x0000000741d00000| Untracked 
| 110|0x0000000741e00000, 0x0000000741e00000, 0x0000000741f00000|  0%| F|  |TAMS 0x0000000741e00000, 0x0000000741e00000| Untracked 
| 111|0x0000000741f00000, 0x0000000741f00000, 0x0000000742000000|  0%| F|  |TAMS 0x0000000741f00000, 0x0000000741f00000| Untracked 
| 112|0x0000000742000000, 0x0000000742000000, 0x0000000742100000|  0%| F|  |TAMS 0x0000000742000000, 0x0000000742000000| Untracked 
| 113|0x0000000742100000, 0x0000000742100000, 0x0000000742200000|  0%| F|  |TAMS 0x0000000742100000, 0x0000000742100000| Untracked 
| 114|0x0000000742200000, 0x0000000742200000, 0x0000000742300000|  0%| F|  |TAMS 0x0000000742200000, 0x0000000742200000| Untracked 
| 115|0x0000000742300000, 0x0000000742300000, 0x0000000742400000|  0%| F|  |TAMS 0x0000000742300000, 0x0000000742300000| Untracked 
| 116|0x0000000742400000, 0x0000000742400000, 0x0000000742500000|  0%| F|  |TAMS 0x0000000742400000, 0x0000000742400000| Untracked 
| 117|0x0000000742500000, 0x0000000742500000, 0x0000000742600000|  0%| F|  |TAMS 0x0000000742500000, 0x0000000742500000| Untracked 
| 118|0x0000000742600000, 0x0000000742600000, 0x0000000742700000|  0%| F|  |TAMS 0x0000000742600000, 0x0000000742600000| Untracked 
| 119|0x0000000742700000, 0x0000000742700000, 0x0000000742800000|  0%| F|  |TAMS 0x0000000742700000, 0x0000000742700000| Untracked 
| 120|0x0000000742800000, 0x0000000742800000, 0x0000000742900000|  0%| F|  |TAMS 0x0000000742800000, 0x0000000742800000| Untracked 
| 121|0x0000000742900000, 0x0000000742900000, 0x0000000742a00000|  0%| F|  |TAMS 0x0000000742900000, 0x0000000742900000| Untracked 
| 122|0x0000000742a00000, 0x0000000742a00000, 0x0000000742b00000|  0%| F|  |TAMS 0x0000000742a00000, 0x0000000742a00000| Untracked 
| 123|0x0000000742b00000, 0x0000000742b00000, 0x0000000742c00000|  0%| F|  |TAMS 0x0000000742b00000, 0x0000000742b00000| Untracked 
| 124|0x0000000742c00000, 0x0000000742c00000, 0x0000000742d00000|  0%| F|  |TAMS 0x0000000742c00000, 0x0000000742c00000| Untracked 
| 125|0x0000000742d00000, 0x0000000742d00000, 0x0000000742e00000|  0%| F|  |TAMS 0x0000000742d00000, 0x0000000742d00000| Untracked 
| 126|0x0000000742e00000, 0x0000000742e00000, 0x0000000742f00000|  0%| F|  |TAMS 0x0000000742e00000, 0x0000000742e00000| Untracked 
| 127|0x0000000742f00000, 0x0000000742f00000, 0x0000000743000000|  0%| F|  |TAMS 0x0000000742f00000, 0x0000000742f00000| Untracked 
| 128|0x0000000743000000, 0x0000000743000000, 0x0000000743100000|  0%| F|  |TAMS 0x0000000743000000, 0x0000000743000000| Untracked 
| 129|0x0000000743100000, 0x0000000743100000, 0x0000000743200000|  0%| F|  |TAMS 0x0000000743100000, 0x0000000743100000| Untracked 
| 130|0x0000000743200000, 0x0000000743200000, 0x0000000743300000|  0%| F|  |TAMS 0x0000000743200000, 0x0000000743200000| Untracked 
| 131|0x0000000743300000, 0x0000000743300000, 0x0000000743400000|  0%| F|  |TAMS 0x0000000743300000, 0x0000000743300000| Untracked 
| 132|0x0000000743400000, 0x0000000743400000, 0x0000000743500000|  0%| F|  |TAMS 0x0000000743400000, 0x0000000743400000| Untracked 
| 133|0x0000000743500000, 0x0000000743500000, 0x0000000743600000|  0%| F|  |TAMS 0x0000000743500000, 0x0000000743500000| Untracked 
| 134|0x0000000743600000, 0x0000000743600000, 0x0000000743700000|  0%| F|  |TAMS 0x0000000743600000, 0x0000000743600000| Untracked 
| 135|0x0000000743700000, 0x0000000743700000, 0x0000000743800000|  0%| F|  |TAMS 0x0000000743700000, 0x0000000743700000| Untracked 
| 136|0x0000000743800000, 0x0000000743800000, 0x0000000743900000|  0%| F|  |TAMS 0x0000000743800000, 0x0000000743800000| Untracked 
| 137|0x0000000743900000, 0x0000000743900000, 0x0000000743a00000|  0%| F|  |TAMS 0x0000000743900000, 0x0000000743900000| Untracked 
| 138|0x0000000743a00000, 0x0000000743a00000, 0x0000000743b00000|  0%| F|  |TAMS 0x0000000743a00000, 0x0000000743a00000| Untracked 
| 139|0x0000000743b00000, 0x0000000743b00000, 0x0000000743c00000|  0%| F|  |TAMS 0x0000000743b00000, 0x0000000743b00000| Untracked 
| 140|0x0000000743c00000, 0x0000000743c00000, 0x0000000743d00000|  0%| F|  |TAMS 0x0000000743c00000, 0x0000000743c00000| Untracked 
| 141|0x0000000743d00000, 0x0000000743d00000, 0x0000000743e00000|  0%| F|  |TAMS 0x0000000743d00000, 0x0000000743d00000| Untracked 
| 142|0x0000000743e00000, 0x0000000743e00000, 0x0000000743f00000|  0%| F|  |TAMS 0x0000000743e00000, 0x0000000743e00000| Untracked 
| 143|0x0000000743f00000, 0x0000000743f00000, 0x0000000744000000|  0%| F|  |TAMS 0x0000000743f00000, 0x0000000743f00000| Untracked 
| 144|0x0000000744000000, 0x0000000744000000, 0x0000000744100000|  0%| F|  |TAMS 0x0000000744000000, 0x0000000744000000| Untracked 
| 145|0x0000000744100000, 0x0000000744100000, 0x0000000744200000|  0%| F|  |TAMS 0x0000000744100000, 0x0000000744100000| Untracked 
| 146|0x0000000744200000, 0x0000000744200000, 0x0000000744300000|  0%| F|  |TAMS 0x0000000744200000, 0x0000000744200000| Untracked 
| 147|0x0000000744300000, 0x0000000744300000, 0x0000000744400000|  0%| F|  |TAMS 0x0000000744300000, 0x0000000744300000| Untracked 
| 148|0x0000000744400000, 0x0000000744400000, 0x0000000744500000|  0%| F|  |TAMS 0x0000000744400000, 0x0000000744400000| Untracked 
| 149|0x0000000744500000, 0x0000000744500000, 0x0000000744600000|  0%| F|  |TAMS 0x0000000744500000, 0x0000000744500000| Untracked 
| 150|0x0000000744600000, 0x0000000744600000, 0x0000000744700000|  0%| F|  |TAMS 0x0000000744600000, 0x0000000744600000| Untracked 
| 151|0x0000000744700000, 0x0000000744700000, 0x0000000744800000|  0%| F|  |TAMS 0x0000000744700000, 0x0000000744700000| Untracked 
| 152|0x0000000744800000, 0x0000000744800000, 0x0000000744900000|  0%| F|  |TAMS 0x0000000744800000, 0x0000000744800000| Untracked 
| 153|0x0000000744900000, 0x0000000744900000, 0x0000000744a00000|  0%| F|  |TAMS 0x0000000744900000, 0x0000000744900000| Untracked 
| 154|0x0000000744a00000, 0x0000000744a00000, 0x0000000744b00000|  0%| F|  |TAMS 0x0000000744a00000, 0x0000000744a00000| Untracked 
| 155|0x0000000744b00000, 0x0000000744b00000, 0x0000000744c00000|  0%| F|  |TAMS 0x0000000744b00000, 0x0000000744b00000| Untracked 
| 156|0x0000000744c00000, 0x0000000744c00000, 0x0000000744d00000|  0%| F|  |TAMS 0x0000000744c00000, 0x0000000744c00000| Untracked 
| 157|0x0000000744d00000, 0x0000000744d00000, 0x0000000744e00000|  0%| F|  |TAMS 0x0000000744d00000, 0x0000000744d00000| Untracked 
| 158|0x0000000744e00000, 0x0000000744e00000, 0x0000000744f00000|  0%| F|  |TAMS 0x0000000744e00000, 0x0000000744e00000| Untracked 
| 159|0x0000000744f00000, 0x0000000744f00000, 0x0000000745000000|  0%| F|  |TAMS 0x0000000744f00000, 0x0000000744f00000| Untracked 
| 160|0x0000000745000000, 0x0000000745000000, 0x0000000745100000|  0%| F|  |TAMS 0x0000000745000000, 0x0000000745000000| Untracked 
| 161|0x0000000745100000, 0x0000000745100000, 0x0000000745200000|  0%| F|  |TAMS 0x0000000745100000, 0x0000000745100000| Untracked 
| 162|0x0000000745200000, 0x0000000745200000, 0x0000000745300000|  0%| F|  |TAMS 0x0000000745200000, 0x0000000745200000| Untracked 
| 163|0x0000000745300000, 0x0000000745300000, 0x0000000745400000|  0%| F|  |TAMS 0x0000000745300000, 0x0000000745300000| Untracked 
| 164|0x0000000745400000, 0x0000000745400000, 0x0000000745500000|  0%| F|  |TAMS 0x0000000745400000, 0x0000000745400000| Untracked 
| 165|0x0000000745500000, 0x0000000745500000, 0x0000000745600000|  0%| F|  |TAMS 0x0000000745500000, 0x0000000745500000| Untracked 
| 166|0x0000000745600000, 0x0000000745600000, 0x0000000745700000|  0%| F|  |TAMS 0x0000000745600000, 0x0000000745600000| Untracked 
| 167|0x0000000745700000, 0x0000000745700000, 0x0000000745800000|  0%| F|  |TAMS 0x0000000745700000, 0x0000000745700000| Untracked 
| 168|0x0000000745800000, 0x0000000745800000, 0x0000000745900000|  0%| F|  |TAMS 0x0000000745800000, 0x0000000745800000| Untracked 
| 169|0x0000000745900000, 0x0000000745900000, 0x0000000745a00000|  0%| F|  |TAMS 0x0000000745900000, 0x0000000745900000| Untracked 
| 170|0x0000000745a00000, 0x0000000745a00000, 0x0000000745b00000|  0%| F|  |TAMS 0x0000000745a00000, 0x0000000745a00000| Untracked 
| 171|0x0000000745b00000, 0x0000000745b00000, 0x0000000745c00000|  0%| F|  |TAMS 0x0000000745b00000, 0x0000000745b00000| Untracked 
| 172|0x0000000745c00000, 0x0000000745c00000, 0x0000000745d00000|  0%| F|  |TAMS 0x0000000745c00000, 0x0000000745c00000| Untracked 
| 173|0x0000000745d00000, 0x0000000745d00000, 0x0000000745e00000|  0%| F|  |TAMS 0x0000000745d00000, 0x0000000745d00000| Untracked 
| 174|0x0000000745e00000, 0x0000000745e00000, 0x0000000745f00000|  0%| F|  |TAMS 0x0000000745e00000, 0x0000000745e00000| Untracked 
| 175|0x0000000745f00000, 0x0000000745f00000, 0x0000000746000000|  0%| F|  |TAMS 0x0000000745f00000, 0x0000000745f00000| Untracked 
| 176|0x0000000746000000, 0x0000000746000000, 0x0000000746100000|  0%| F|  |TAMS 0x0000000746000000, 0x0000000746000000| Untracked 
| 177|0x0000000746100000, 0x000000074617c9f0, 0x0000000746200000| 48%| E|  |TAMS 0x0000000746100000, 0x0000000746100000| Complete 
| 178|0x0000000746200000, 0x0000000746300000, 0x0000000746300000|100%| E|CS|TAMS 0x0000000746200000, 0x0000000746200000| Complete 
| 179|0x0000000746300000, 0x0000000746400000, 0x0000000746400000|100%| E|CS|TAMS 0x0000000746300000, 0x0000000746300000| Complete 
| 180|0x0000000746400000, 0x0000000746500000, 0x0000000746500000|100%| E|CS|TAMS 0x0000000746400000, 0x0000000746400000| Complete 
| 181|0x0000000746500000, 0x0000000746600000, 0x0000000746600000|100%| E|CS|TAMS 0x0000000746500000, 0x0000000746500000| Complete 
| 182|0x0000000746600000, 0x0000000746700000, 0x0000000746700000|100%| E|CS|TAMS 0x0000000746600000, 0x0000000746600000| Complete 
| 183|0x0000000746700000, 0x0000000746800000, 0x0000000746800000|100%| E|CS|TAMS 0x0000000746700000, 0x0000000746700000| Complete 
| 184|0x0000000746800000, 0x0000000746900000, 0x0000000746900000|100%| E|CS|TAMS 0x0000000746800000, 0x0000000746800000| Complete 
| 185|0x0000000746900000, 0x0000000746a00000, 0x0000000746a00000|100%| E|CS|TAMS 0x0000000746900000, 0x0000000746900000| Complete 
| 186|0x0000000746a00000, 0x0000000746b00000, 0x0000000746b00000|100%| E|CS|TAMS 0x0000000746a00000, 0x0000000746a00000| Complete 
| 187|0x0000000746b00000, 0x0000000746c00000, 0x0000000746c00000|100%| E|  |TAMS 0x0000000746b00000, 0x0000000746b00000| Complete 
| 188|0x0000000746c00000, 0x0000000746d00000, 0x0000000746d00000|100%| E|CS|TAMS 0x0000000746c00000, 0x0000000746c00000| Complete 
| 189|0x0000000746d00000, 0x0000000746e00000, 0x0000000746e00000|100%| E|CS|TAMS 0x0000000746d00000, 0x0000000746d00000| Complete 
| 190|0x0000000746e00000, 0x0000000746f00000, 0x0000000746f00000|100%| E|CS|TAMS 0x0000000746e00000, 0x0000000746e00000| Complete 
| 191|0x0000000746f00000, 0x0000000747000000, 0x0000000747000000|100%| E|CS|TAMS 0x0000000746f00000, 0x0000000746f00000| Complete 
| 192|0x0000000747000000, 0x0000000747100000, 0x0000000747100000|100%| E|CS|TAMS 0x0000000747000000, 0x0000000747000000| Complete 
| 193|0x0000000747100000, 0x0000000747200000, 0x0000000747200000|100%| E|CS|TAMS 0x0000000747100000, 0x0000000747100000| Complete 
| 194|0x0000000747200000, 0x0000000747300000, 0x0000000747300000|100%| E|CS|TAMS 0x0000000747200000, 0x0000000747200000| Complete 
| 195|0x0000000747300000, 0x0000000747400000, 0x0000000747400000|100%| E|CS|TAMS 0x0000000747300000, 0x0000000747300000| Complete 
| 196|0x0000000747400000, 0x0000000747500000, 0x0000000747500000|100%| E|CS|TAMS 0x0000000747400000, 0x0000000747400000| Complete 
| 197|0x0000000747500000, 0x0000000747600000, 0x0000000747600000|100%| E|CS|TAMS 0x0000000747500000, 0x0000000747500000| Complete 
|2126|0x00000007bfe00000, 0x00000007bfe48000, 0x00000007bff00000| 28%|OA|  |TAMS 0x00000007bfe00000, 0x00000007bfe00000| Untracked 
|2127|0x00000007bff00000, 0x00000007bff6b000, 0x00000007c0000000| 41%|CA|  |TAMS 0x00000007bff00000, 0x00000007bff00000| Untracked 

Card table byte_map: [0x00007f2ca520d000,0x00007f2ca5835000] _byte_map_base: 0x00007f2ca1835000

Marking Bits (Prev, Next): (CMBitMap*) 0x00007f2ca006d4f8, (CMBitMap*) 0x00007f2ca006d530
 Prev Bits: [0x00007f2c80ec0000, 0x00007f2c84000000)
 Next Bits: [0x00007f2c7dd80000, 0x00007f2c80ec0000)

Polling page: 0x00007f2ca8303000

Metaspace:

Usage:
  Non-class:      5.80 MB capacity,     3.09 MB ( 53%) used,     2.71 MB ( 47%) free+waste,     4.31 KB ( <1%) overhead. 
      Class:    700.00 KB capacity,   407.38 KB ( 58%) used,   290.49 KB ( 41%) free+waste,     2.12 KB ( <1%) overhead. 
       Both:      6.48 MB capacity,     3.49 MB ( 54%) used,     2.99 MB ( 46%) free+waste,     6.44 KB ( <1%) overhead. 

Virtual space:
  Non-class space:        8.00 MB reserved,       6.00 MB ( 75%) committed 
      Class space:        1.00 GB reserved,     768.00 KB ( <1%) committed 
             Both:        1.01 GB reserved,       6.75 MB ( <1%) committed 

Chunk freelists:
   Non-Class:  12.00 KB
       Class:  4.00 KB
        Both:  16.00 KB

MaxMetaspaceSize: unlimited
CompressedClassSpaceSize: 1.00 GB
Initial GC threshold: 20.80 MB
Current GC threshold: 20.80 MB
CDS: on

CodeHeap 'non-profiled nmethods': size=120032Kb used=180Kb max_used=180Kb free=119851Kb
 bounds [0x00007f2c902c5000, 0x00007f2c90535000, 0x00007f2c977fd000]
CodeHeap 'profiled nmethods': size=120028Kb used=1259Kb max_used=1259Kb free=118768Kb
 bounds [0x00007f2c88d8e000, 0x00007f2c88ffe000, 0x00007f2c902c5000]
CodeHeap 'non-nmethods': size=5700Kb used=1148Kb max_used=1173Kb free=4551Kb
 bounds [0x00007f2c887fd000, 0x00007f2c88a6d000, 0x00007f2c88d8e000]
 total_blobs=1067 nmethods=672 adapters=309
 compilation: enabled
              stopped_count=0, restarted_count=0
 full_count=0

Compilation events (20 events):
Event: 0.247 Thread 0x00007f2ca019f000  666       3       java.net.URLStreamHandler::toExternalForm (156 bytes)
Event: 0.247 Thread 0x00007f2c4c0e6800  667  s!   4       jdk.internal.loader.URLClassPath::getLoader (194 bytes)
Event: 0.248 Thread 0x00007f2ca019f000 nmethod 666 0x00007f2c88ec0f90 code [0x00007f2c88ec1440, 0x00007f2c88ec34b0]
Event: 0.248 Thread 0x00007f2ca019f000  665       3       jdk.internal.ref.PhantomCleanable::<init> (49 bytes)
Event: 0.248 Thread 0x00007f2ca019f000 nmethod 665 0x00007f2c88ec3e90 code [0x00007f2c88ec4100, 0x00007f2c88ec4c90]
Event: 0.248 Thread 0x00007f2ca019f000  663       1       java.util.zip.ZipEntry::getName (5 bytes)
Event: 0.248 Thread 0x00007f2ca019f000 nmethod 663 0x00007f2c902f1d10 code [0x00007f2c902f1ec0, 0x00007f2c902f1f90]
Event: 0.248 Thread 0x00007f2ca019f000  668       1       sun.nio.fs.NativeBuffer::address (5 bytes)
Event: 0.249 Thread 0x00007f2ca019f000 nmethod 668 0x00007f2c902f2010 code [0x00007f2c902f21c0, 0x00007f2c902f2290]
Event: 0.249 Thread 0x00007f2ca019f000  669       3       sun.reflect.annotation.AnnotationInvocationHandler::invoke (178 bytes)
Event: 0.250 Thread 0x00007f2ca019f000 nmethod 669 0x00007f2c88ec5010 code [0x00007f2c88ec5320, 0x00007f2c88ec6480]
Event: 0.250 Thread 0x00007f2ca019f000  671       3       java.util.Arrays$ArrayItr::hasNext (18 bytes)
Event: 0.250 Thread 0x00007f2ca019f000 nmethod 671 0x00007f2c88ec6a10 code [0x00007f2c88ec6bc0, 0x00007f2c88ec6d50]
Event: 0.250 Thread 0x00007f2ca019f000  670       3       java.lang.reflect.Method::getParameterCount (6 bytes)
Event: 0.250 Thread 0x00007f2ca019f000 nmethod 670 0x00007f2c88ec6e10 code [0x00007f2c88ec6fc0, 0x00007f2c88ec70f0]
Event: 0.251 Thread 0x00007f2ca019f000  672       3       java.nio.ByteBuffer::arrayOffset (35 bytes)
Event: 0.251 Thread 0x00007f2ca019f000 nmethod 672 0x00007f2c88ec7190 code [0x00007f2c88ec7360, 0x00007f2c88ec7650]
Event: 0.251 Thread 0x00007f2ca019f000  673       3       java.nio.CharBuffer::arrayOffset (35 bytes)
Event: 0.251 Thread 0x00007f2ca019f000 nmethod 673 0x00007f2c88ec7790 code [0x00007f2c88ec7960, 0x00007f2c88ec7c50]
Event: 0.252 Thread 0x00007f2ca019f000  674       3       jdk.internal.loader.BuiltinClassLoader::isSealed (70 bytes)

GC Heap History (0 events):
No events

Deoptimization events (18 events):
Event: 0.079 Thread 0x00007f2ca0016800 Uncommon trap: trap_request=0xffffff4d fr.pc=0x00007f2c902c9808 relative=0x0000000000000068
Event: 0.079 Thread 0x00007f2ca0016800 Uncommon trap: reason=unstable_if action=reinterpret pc=0x00007f2c902c9808 method=java.lang.String.isLatin1()Z @ 10 c2
Event: 0.079 Thread 0x00007f2ca0016800 DEOPT PACKING pc=0x00007f2c902c9808 sp=0x00007f2ca6abd420
Event: 0.079 Thread 0x00007f2ca0016800 DEOPT UNPACKING pc=0x00007f2c888052a5 sp=0x00007f2ca6abd3d0 mode 2
Event: 0.129 Thread 0x00007f2ca0016800 Uncommon trap: trap_request=0xffffff4d fr.pc=0x00007f2c902d0ba4 relative=0x0000000000000364
Event: 0.129 Thread 0x00007f2ca0016800 Uncommon trap: reason=unstable_if action=reinterpret pc=0x00007f2c902d0ba4 method=java.lang.StringLatin1.indexOf([BI[BII)I @ 91 c2
Event: 0.129 Thread 0x00007f2ca0016800 DEOPT PACKING pc=0x00007f2c902d0ba4 sp=0x00007f2ca6abab90
Event: 0.129 Thread 0x00007f2ca0016800 DEOPT UNPACKING pc=0x00007f2c888052a5 sp=0x00007f2ca6abab10 mode 2
Event: 0.130 Thread 0x00007f2ca0016800 DEOPT PACKING pc=0x00007f2c88da84c3 sp=0x00007f2ca6ab7c50
Event: 0.130 Thread 0x00007f2ca0016800 DEOPT UNPACKING pc=0x00007f2c888469fa sp=0x00007f2ca6ab7140 mode 0
Event: 0.140 Thread 0x00007f2ca0016800 DEOPT PACKING pc=0x00007f2c88dfd1b0 sp=0x00007f2ca6abaea0
Event: 0.140 Thread 0x00007f2ca0016800 DEOPT UNPACKING pc=0x00007f2c888469fa sp=0x00007f2ca6aba330 mode 0
Event: 0.150 Thread 0x00007f2ca0016800 Uncommon trap: trap_request=0xffffff4d fr.pc=0x00007f2c902d130c relative=0x000000000000024c
Event: 0.150 Thread 0x00007f2ca0016800 Uncommon trap: reason=unstable_if action=reinterpret pc=0x00007f2c902d130c method=java.lang.String.startsWith(Ljava/lang/String;I)Z @ 14 c2
Event: 0.150 Thread 0x00007f2ca0016800 DEOPT PACKING pc=0x00007f2c902d130c sp=0x00007f2ca6abc4c0
Event: 0.150 Thread 0x00007f2ca0016800 DEOPT UNPACKING pc=0x00007f2c888052a5 sp=0x00007f2ca6abc448 mode 2
Event: 0.182 Thread 0x00007f2ca0016800 DEOPT PACKING pc=0x00007f2c88e303c2 sp=0x00007f2ca6aba970
Event: 0.182 Thread 0x00007f2ca0016800 DEOPT UNPACKING pc=0x00007f2c888469fa sp=0x00007f2ca6ab9df8 mode 0

Classes redefined (0 events):
No events

Internal exceptions (20 events):
Event: 0.130 Thread 0x00007f2ca0016800 Exception <a 'java/security/PrivilegedActionException'{0x000000074713d820}> (0x000000074713d820) thrown at [src/hotspot/share/prims/jvm.cpp, line 1304]
Event: 0.130 Thread 0x00007f2ca0016800 Exception <a 'java/security/PrivilegedActionException'{0x000000074713daf0}> (0x000000074713daf0) thrown at [src/hotspot/share/prims/jvm.cpp, line 1304]
Event: 0.130 Thread 0x00007f2ca0016800 Exception <a 'java/security/PrivilegedActionException'{0x000000074713e5b8}> (0x000000074713e5b8) thrown at [src/hotspot/share/prims/jvm.cpp, line 1304]
Event: 0.130 Thread 0x00007f2ca0016800 Exception <a 'java/security/PrivilegedActionException'{0x000000074713e888}> (0x000000074713e888) thrown at [src/hotspot/share/prims/jvm.cpp, line 1304]
Event: 0.130 Thread 0x00007f2ca0016800 Exception <a 'java/security/PrivilegedActionException'{0x000000074713f358}> (0x000000074713f358) thrown at [src/hotspot/share/prims/jvm.cpp, line 1304]
Event: 0.130 Thread 0x00007f2ca0016800 Exception <a 'java/security/PrivilegedActionException'{0x000000074713f628}> (0x000000074713f628) thrown at [src/hotspot/share/prims/jvm.cpp, line 1304]
Event: 0.130 Thread 0x00007f2ca0016800 Exception <a 'java/security/PrivilegedActionException'{0x00000007471400f8}> (0x00000007471400f8) thrown at [src/hotspot/share/prims/jvm.cpp, line 1304]
Event: 0.130 Thread 0x00007f2ca0016800 Exception <a 'java/security/PrivilegedActionException'{0x00000007471403c8}> (0x00000007471403c8) thrown at [src/hotspot/share/prims/jvm.cpp, line 1304]
Event: 0.130 Thread 0x00007f2ca0016800 Exception <a 'java/security/PrivilegedActionException'{0x0000000747140eb8}> (0x0000000747140eb8) thrown at [src/hotspot/share/prims/jvm.cpp, line 1304]
Event: 0.130 Thread 0x00007f2ca0016800 Exception <a 'java/security/PrivilegedActionException'{0x0000000747141188}> (0x0000000747141188) thrown at [src/hotspot/share/prims/jvm.cpp, line 1304]
Event: 0.130 Thread 0x00007f2ca0016800 Exception <a 'java/security/PrivilegedActionException'{0x0000000747141c58}> (0x0000000747141c58) thrown at [src/hotspot/share/prims/jvm.cpp, line 1304]
Event: 0.130 Thread 0x00007f2ca0016800 Exception <a 'java/security/PrivilegedActionException'{0x0000000747141f28}> (0x0000000747141f28) thrown at [src/hotspot/share/prims/jvm.cpp, line 1304]
Event: 0.130 Thread 0x00007f2ca0016800 Exception <a 'java/security/PrivilegedActionException'{0x0000000747142a20}> (0x0000000747142a20) thrown at [src/hotspot/share/prims/jvm.cpp, line 1304]
Event: 0.130 Thread 0x00007f2ca0016800 Exception <a 'java/security/PrivilegedActionException'{0x0000000747142cf0}> (0x0000000747142cf0) thrown at [src/hotspot/share/prims/jvm.cpp, line 1304]
Event: 0.157 Thread 0x00007f2ca0016800 Exception <a 'java/lang/NoSuchMethodError'{0x00000007470d34b0}: 'int java.lang.invoke.DirectMethodHandle$Holder.invokeStaticInit(java.lang.Object, java.lang.Object, java.lang.Object, java.lang.Object)'> (0x00000007470d34b0) thrown at [src/hotspot/share/interpreter/linkResolver.cpp, line 772]
Event: 0.158 Thread 0x00007f2ca0016800 Exception <a 'java/lang/IncompatibleClassChangeError'{0x00000007470dd998}: Found class java.lang.Object, but interface was expected> (0x00000007470dd998) thrown at [src/hotspot/share/interpreter/linkResolver.cpp, line 839]
Event: 0.158 Thread 0x00007f2ca0016800 Exception <a 'java/lang/NoSuchMethodError'{0x00000007470e0be8}: 'void java.lang.invoke.DirectMethodHandle$Holder.invokeStaticInit(java.lang.Object, java.lang.Object)'> (0x00000007470e0be8) thrown at [src/hotspot/share/interpreter/linkResolver.cpp, line 772]
Event: 0.159 Thread 0x00007f2ca0016800 Exception <a 'java/lang/NoSuchMethodError'{0x00000007470e6b78}: 'int java.lang.invoke.DirectMethodHandle$Holder.invokeStaticInit(java.lang.Object, java.lang.Object)'> (0x00000007470e6b78) thrown at [src/hotspot/share/interpreter/linkResolver.cpp, line 772]
Event: 0.194 Thread 0x00007f2ca0016800 Exception <a 'java/security/PrivilegedActionException'{0x0000000746e6d0c0}> (0x0000000746e6d0c0) thrown at [src/hotspot/share/prims/jvm.cpp, line 1304]
Event: 0.194 Thread 0x00007f2ca0016800 Exception <a 'java/security/PrivilegedActionException'{0x0000000746e6d390}> (0x0000000746e6d390) thrown at [src/hotspot/share/prims/jvm.cpp, line 1304]

Events (20 events):
Event: 0.248 loading class org/bytedeco/llvm/LLVM/LLVMRelocationIteratorRef
Event: 0.248 loading class org/bytedeco/llvm/LLVM/LLVMRelocationIteratorRef done
Event: 0.248 loading class org/bytedeco/llvm/LLVM/LLVMObjectFileRef
Event: 0.248 loading class org/bytedeco/llvm/LLVM/LLVMObjectFileRef done
Event: 0.248 loading class org/bytedeco/llvm/LLVM/LLVMTargetRef
Event: 0.248 loading class org/bytedeco/llvm/LLVM/LLVMTargetRef done
Event: 0.248 loading class org/bytedeco/llvm/LLVM/LLVMPassManagerBuilderRef
Event: 0.248 loading class org/bytedeco/llvm/LLVM/LLVMPassManagerBuilderRef done
Event: 0.248 loading class org/bytedeco/llvm/LLVM/LLVMPassBuilderOptionsRef
Event: 0.248 loading class org/bytedeco/llvm/LLVM/LLVMPassBuilderOptionsRef done
Event: 0.248 loading class org/bytedeco/llvm/LLVM/Pass
Event: 0.248 loading class org/bytedeco/llvm/LLVM/Pass done
Event: 0.248 loading class org/bytedeco/llvm/LLVM/LLVMNamedMDNodeRef
Event: 0.248 loading class org/bytedeco/llvm/LLVM/LLVMNamedMDNodeRef done
Event: 0.248 loading class org/bytedeco/llvm/LLVM/LLVMUseRef
Event: 0.248 loading class org/bytedeco/llvm/LLVM/LLVMUseRef done
Event: 0.251 loading class org/bytedeco/javacpp/PointerScope
Event: 0.251 loading class org/bytedeco/javacpp/PointerScope done
Event: 0.252 loading class org/bytedeco/javacpp/PointerScope$1
Event: 0.252 loading class org/bytedeco/javacpp/PointerScope$1 done


Dynamic libraries:
73b000000-747600000 rw-p 00000000 00:00 0 
747600000-7bfe00000 ---p 00000000 00:00 0 
7bfe00000-7bfe48000 rw-p 00b0a000 08:10 51914                            /usr/lib/jvm/java-11-openjdk-amd64/lib/server/classes.jsa
7bfe48000-7bff00000 rw-p 00000000 00:00 0 
7bff00000-7bff6b000 rw-p 00a9f000 08:10 51914                            /usr/lib/jvm/java-11-openjdk-amd64/lib/server/classes.jsa
7bff6b000-7c0000000 rw-p 00000000 00:00 0 
7c0000000-800000000 ---p 00000000 00:00 0 
800000000-800002000 rwxp 00001000 08:10 51914                            /usr/lib/jvm/java-11-openjdk-amd64/lib/server/classes.jsa
800002000-8003cc000 rw-p 00003000 08:10 51914                            /usr/lib/jvm/java-11-openjdk-amd64/lib/server/classes.jsa
8003cc000-800a9d000 r--p 003cd000 08:10 51914                            /usr/lib/jvm/java-11-openjdk-amd64/lib/server/classes.jsa
800a9d000-800a9e000 rw-p 00a9e000 08:10 51914                            /usr/lib/jvm/java-11-openjdk-amd64/lib/server/classes.jsa
840000000-8400c0000 rw-p 00000000 00:00 0 
8400c0000-880000000 ---p 00000000 00:00 0 
55ae96f04000-55ae96f05000 r--p 00000000 08:10 51492                      /usr/lib/jvm/java-11-openjdk-amd64/bin/java
55ae96f05000-55ae96f06000 r-xp 00001000 08:10 51492                      /usr/lib/jvm/java-11-openjdk-amd64/bin/java
55ae96f06000-55ae96f07000 r--p 00002000 08:10 51492                      /usr/lib/jvm/java-11-openjdk-amd64/bin/java
55ae96f07000-55ae96f08000 r--p 00002000 08:10 51492                      /usr/lib/jvm/java-11-openjdk-amd64/bin/java
55ae96f08000-55ae96f09000 rw-p 00003000 08:10 51492                      /usr/lib/jvm/java-11-openjdk-amd64/bin/java
55ae9876a000-55ae9878b000 rw-p 00000000 00:00 0                          [heap]
7f2c2d52c000-7f2c2de52000 r--p 00000000 08:10 59050                      /root/.javacpp/cache/llvm-13.0.1-1.5.7-linux-x86_64.jar/org/bytedeco/llvm/linux-x86_64/libLLVM-13.so
7f2c2de52000-7f2c31815000 r-xp 00926000 08:10 59050                      /root/.javacpp/cache/llvm-13.0.1-1.5.7-linux-x86_64.jar/org/bytedeco/llvm/linux-x86_64/libLLVM-13.so
7f2c31815000-7f2c33a6a000 r--p 042e9000 08:10 59050                      /root/.javacpp/cache/llvm-13.0.1-1.5.7-linux-x86_64.jar/org/bytedeco/llvm/linux-x86_64/libLLVM-13.so
7f2c33a6a000-7f2c33f7f000 r--p 0653d000 08:10 59050                      /root/.javacpp/cache/llvm-13.0.1-1.5.7-linux-x86_64.jar/org/bytedeco/llvm/linux-x86_64/libLLVM-13.so
7f2c33f7f000-7f2c33f8a000 rw-p 06a52000 08:10 59050                      /root/.javacpp/cache/llvm-13.0.1-1.5.7-linux-x86_64.jar/org/bytedeco/llvm/linux-x86_64/libLLVM-13.so
7f2c33f8a000-7f2c34000000 rw-p 00000000 00:00 0 
7f2c34000000-7f2c3409f000 rw-p 00000000 00:00 0 
7f2c3409f000-7f2c38000000 ---p 00000000 00:00 0 
7f2c3c000000-7f2c3c021000 rw-p 00000000 00:00 0 
7f2c3c021000-7f2c40000000 ---p 00000000 00:00 0 
7f2c40000000-7f2c40021000 rw-p 00000000 00:00 0 
7f2c40021000-7f2c44000000 ---p 00000000 00:00 0 
7f2c44000000-7f2c44021000 rw-p 00000000 00:00 0 
7f2c44021000-7f2c48000000 ---p 00000000 00:00 0 
7f2c48000000-7f2c48021000 rw-p 00000000 00:00 0 
7f2c48021000-7f2c4c000000 ---p 00000000 00:00 0 
7f2c4c000000-7f2c4c38a000 rw-p 00000000 00:00 0 
7f2c4c38a000-7f2c50000000 ---p 00000000 00:00 0 
7f2c50000000-7f2c5035e000 rw-p 00000000 00:00 0 
7f2c5035e000-7f2c54000000 ---p 00000000 00:00 0 
7f2c54000000-7f2c54021000 rw-p 00000000 00:00 0 
7f2c54021000-7f2c58000000 ---p 00000000 00:00 0 
7f2c58000000-7f2c58021000 rw-p 00000000 00:00 0 
7f2c58021000-7f2c5c000000 ---p 00000000 00:00 0 
7f2c5c000000-7f2c5c021000 rw-p 00000000 00:00 0 
7f2c5c021000-7f2c60000000 ---p 00000000 00:00 0 
7f2c60000000-7f2c60021000 rw-p 00000000 00:00 0 
7f2c60021000-7f2c64000000 ---p 00000000 00:00 0 
7f2c64000000-7f2c64021000 rw-p 00000000 00:00 0 
7f2c64021000-7f2c68000000 ---p 00000000 00:00 0 
7f2c68000000-7f2c68021000 rw-p 00000000 00:00 0 
7f2c68021000-7f2c6c000000 ---p 00000000 00:00 0 
7f2c6c000000-7f2c6c021000 rw-p 00000000 00:00 0 
7f2c6c021000-7f2c70000000 ---p 00000000 00:00 0 
7f2c70000000-7f2c70021000 rw-p 00000000 00:00 0 
7f2c70021000-7f2c74000000 ---p 00000000 00:00 0 
7f2c76000000-7f2c78000000 rw-p 00000000 00:00 0 
7f2c78000000-7f2c78021000 rw-p 00000000 00:00 0 
7f2c78021000-7f2c7c000000 ---p 00000000 00:00 0 
7f2c7c90a000-7f2c7c96f000 r--p 00000000 08:10 59056                      /root/.javacpp/cache/llvm-13.0.1-1.5.7-linux-x86_64.jar/org/bytedeco/llvm/linux-x86_64/libjniLLVM.so
7f2c7c96f000-7f2c7c9dd000 r-xp 00065000 08:10 59056                      /root/.javacpp/cache/llvm-13.0.1-1.5.7-linux-x86_64.jar/org/bytedeco/llvm/linux-x86_64/libjniLLVM.so
7f2c7c9dd000-7f2c7ca08000 r--p 000d3000 08:10 59056                      /root/.javacpp/cache/llvm-13.0.1-1.5.7-linux-x86_64.jar/org/bytedeco/llvm/linux-x86_64/libjniLLVM.so
7f2c7ca08000-7f2c7ca0b000 r--p 000fd000 08:10 59056                      /root/.javacpp/cache/llvm-13.0.1-1.5.7-linux-x86_64.jar/org/bytedeco/llvm/linux-x86_64/libjniLLVM.so
7f2c7ca0b000-7f2c7ca0e000 rw-p 00100000 08:10 59056                      /root/.javacpp/cache/llvm-13.0.1-1.5.7-linux-x86_64.jar/org/bytedeco/llvm/linux-x86_64/libjniLLVM.so
7f2c7ca0e000-7f2c7ca10000 rw-p 00000000 00:00 0 
7f2c7ca10000-7f2c7ca17000 r--p 00000000 08:10 59052                      /root/.javacpp/cache/llvm-13.0.1-1.5.7-linux-x86_64.jar/org/bytedeco/llvm/linux-x86_64/libLTO.so.13
7f2c7ca17000-7f2c7ca1f000 r-xp 00007000 08:10 59052                      /root/.javacpp/cache/llvm-13.0.1-1.5.7-linux-x86_64.jar/org/bytedeco/llvm/linux-x86_64/libLTO.so.13
7f2c7ca1f000-7f2c7ca21000 r--p 0000f000 08:10 59052                      /root/.javacpp/cache/llvm-13.0.1-1.5.7-linux-x86_64.jar/org/bytedeco/llvm/linux-x86_64/libLTO.so.13
7f2c7ca21000-7f2c7ca22000 r--p 00010000 08:10 59052                      /root/.javacpp/cache/llvm-13.0.1-1.5.7-linux-x86_64.jar/org/bytedeco/llvm/linux-x86_64/libLTO.so.13
7f2c7ca22000-7f2c7ca23000 rw-p 00011000 08:10 59052                      /root/.javacpp/cache/llvm-13.0.1-1.5.7-linux-x86_64.jar/org/bytedeco/llvm/linux-x86_64/libLTO.so.13
7f2c7ca23000-7f2c7ca27000 ---p 00000000 00:00 0 
7f2c7ca27000-7f2c7cb24000 rw-p 00000000 00:00 0 
7f2c7cb24000-7f2c7cb28000 ---p 00000000 00:00 0 
7f2c7cb28000-7f2c7cc25000 rw-p 00000000 00:00 0 
7f2c7cc25000-7f2c7cc29000 r--p 00000000 08:10 59044                      /root/.javacpp/cache/javacpp-1.5.7-linux-x86_64.jar/org/bytedeco/javacpp/linux-x86_64/libjnijavacpp.so
7f2c7cc29000-7f2c7cc30000 r-xp 00004000 08:10 59044                      /root/.javacpp/cache/javacpp-1.5.7-linux-x86_64.jar/org/bytedeco/javacpp/linux-x86_64/libjnijavacpp.so
7f2c7cc30000-7f2c7cc34000 r--p 0000b000 08:10 59044                      /root/.javacpp/cache/javacpp-1.5.7-linux-x86_64.jar/org/bytedeco/javacpp/linux-x86_64/libjnijavacpp.so
7f2c7cc34000-7f2c7cc35000 r--p 0000e000 08:10 59044                      /root/.javacpp/cache/javacpp-1.5.7-linux-x86_64.jar/org/bytedeco/javacpp/linux-x86_64/libjnijavacpp.so
7f2c7cc35000-7f2c7cc36000 rw-p 0000f000 08:10 59044                      /root/.javacpp/cache/javacpp-1.5.7-linux-x86_64.jar/org/bytedeco/javacpp/linux-x86_64/libjnijavacpp.so
7f2c7cc36000-7f2c7cc67000 rw-p 00000000 00:00 0 
7f2c7cc67000-7f2c7cc6b000 r--p 00000000 08:10 51641                      /usr/lib/jvm/java-11-openjdk-amd64/lib/libnet.so
7f2c7cc6b000-7f2c7cc79000 r-xp 00004000 08:10 51641                      /usr/lib/jvm/java-11-openjdk-amd64/lib/libnet.so
7f2c7cc79000-7f2c7cc7d000 r--p 00012000 08:10 51641                      /usr/lib/jvm/java-11-openjdk-amd64/lib/libnet.so
7f2c7cc7d000-7f2c7cc7e000 r--p 00015000 08:10 51641                      /usr/lib/jvm/java-11-openjdk-amd64/lib/libnet.so
7f2c7cc7e000-7f2c7cc7f000 rw-p 00016000 08:10 51641                      /usr/lib/jvm/java-11-openjdk-amd64/lib/libnet.so
7f2c7cc7f000-7f2c7cc86000 r--p 00000000 08:10 51642                      /usr/lib/jvm/java-11-openjdk-amd64/lib/libnio.so
7f2c7cc86000-7f2c7cc8e000 r-xp 00007000 08:10 51642                      /usr/lib/jvm/java-11-openjdk-amd64/lib/libnio.so
7f2c7cc8e000-7f2c7cc91000 r--p 0000f000 08:10 51642                      /usr/lib/jvm/java-11-openjdk-amd64/lib/libnio.so
7f2c7cc91000-7f2c7cc92000 r--p 00011000 08:10 51642                      /usr/lib/jvm/java-11-openjdk-amd64/lib/libnio.so
7f2c7cc92000-7f2c7cc93000 rw-p 00012000 08:10 51642                      /usr/lib/jvm/java-11-openjdk-amd64/lib/libnio.so
7f2c7cc93000-7f2c7cc97000 ---p 00000000 00:00 0 
7f2c7cc97000-7f2c7cd94000 rw-p 00000000 00:00 0 
7f2c7cd94000-7f2c7cd95000 ---p 00000000 00:00 0 
7f2c7cd95000-7f2c7ce96000 rw-p 00000000 00:00 0 
7f2c7ce96000-7f2c7ce9a000 ---p 00000000 00:00 0 
7f2c7ce9a000-7f2c7cf97000 rw-p 00000000 00:00 0 
7f2c7cf97000-7f2c7cf9b000 ---p 00000000 00:00 0 
7f2c7cf9b000-7f2c7d098000 rw-p 00000000 00:00 0 
7f2c7d098000-7f2c7d09c000 ---p 00000000 00:00 0 
7f2c7d09c000-7f2c7d199000 rw-p 00000000 00:00 0 
7f2c7d199000-7f2c7d19d000 ---p 00000000 00:00 0 
7f2c7d19d000-7f2c7d29a000 rw-p 00000000 00:00 0 
7f2c7d29a000-7f2c7d580000 r--p 00000000 08:10 37757                      /usr/lib/locale/locale-archive
7f2c7d580000-7f2c7db80000 rw-p 00000000 00:00 0 
7f2c7db80000-7f2c7dd80000 ---p 00000000 00:00 0 
7f2c7dd80000-7f2c7e098000 rw-p 00000000 00:00 0 
7f2c7e098000-7f2c7feb8000 ---p 00000000 00:00 0 
7f2c7feb8000-7f2c7fec0000 rw-p 00000000 00:00 0 
7f2c7fec0000-7f2c80ec0000 ---p 00000000 00:00 0 
7f2c80ec0000-7f2c811d8000 rw-p 00000000 00:00 0 
7f2c811d8000-7f2c82ff8000 ---p 00000000 00:00 0 
7f2c82ff8000-7f2c83000000 rw-p 00000000 00:00 0 
7f2c83000000-7f2c84000000 ---p 00000000 00:00 0 
7f2c84000000-7f2c84021000 rw-p 00000000 00:00 0 
7f2c84021000-7f2c88000000 ---p 00000000 00:00 0 
7f2c88002000-7f2c88003000 r--p 00000000 08:10 59054                      /root/.javacpp/cache/llvm-13.0.1-1.5.7-linux-x86_64.jar/org/bytedeco/llvm/linux-x86_64/libRemarks.so.13
7f2c88003000-7f2c88004000 r-xp 00001000 08:10 59054                      /root/.javacpp/cache/llvm-13.0.1-1.5.7-linux-x86_64.jar/org/bytedeco/llvm/linux-x86_64/libRemarks.so.13
7f2c88004000-7f2c88005000 r--p 00002000 08:10 59054                      /root/.javacpp/cache/llvm-13.0.1-1.5.7-linux-x86_64.jar/org/bytedeco/llvm/linux-x86_64/libRemarks.so.13
7f2c88005000-7f2c88006000 r--p 00002000 08:10 59054                      /root/.javacpp/cache/llvm-13.0.1-1.5.7-linux-x86_64.jar/org/bytedeco/llvm/linux-x86_64/libRemarks.so.13
7f2c88006000-7f2c88007000 rw-p 00003000 08:10 59054                      /root/.javacpp/cache/llvm-13.0.1-1.5.7-linux-x86_64.jar/org/bytedeco/llvm/linux-x86_64/libRemarks.so.13
7f2c88007000-7f2c8800b000 ---p 00000000 00:00 0 
7f2c8800b000-7f2c88108000 rw-p 00000000 00:00 0 
7f2c88108000-7f2c8813a000 r--p 00000000 08:10 37760                      /usr/lib/locale/C.UTF-8/LC_CTYPE
7f2c8813a000-7f2c8813b000 r--p 00000000 08:10 37766                      /usr/lib/locale/C.UTF-8/LC_NUMERIC
7f2c8813b000-7f2c8813c000 r--p 00000000 08:10 37769                      /usr/lib/locale/C.UTF-8/LC_TIME
7f2c8813c000-7f2c882af000 r--p 00000000 08:10 37759                      /usr/lib/locale/C.UTF-8/LC_COLLATE
7f2c882af000-7f2c882b0000 r--p 00000000 08:10 37764                      /usr/lib/locale/C.UTF-8/LC_MONETARY
7f2c882b0000-7f2c882b1000 r--p 00000000 08:10 37770                      /usr/lib/locale/C.UTF-8/LC_MESSAGES/SYS_LC_MESSAGES
7f2c882b1000-7f2c882b5000 ---p 00000000 00:00 0 
7f2c882b5000-7f2c883b2000 rw-p 00000000 00:00 0 
7f2c883b2000-7f2c883b6000 ---p 00000000 00:00 0 
7f2c883b6000-7f2c884b3000 rw-p 00000000 00:00 0 
7f2c884b3000-7f2c884b4000 ---p 00000000 00:00 0 
7f2c884b4000-7f2c886fb000 rw-p 00000000 00:00 0 
7f2c886fb000-7f2c886fc000 ---p 00000000 00:00 0 
7f2c886fc000-7f2c887fd000 rw-p 00000000 00:00 0 
7f2c887fd000-7f2c88a6d000 rwxp 00000000 00:00 0 
7f2c88a6d000-7f2c88d8e000 ---p 00000000 00:00 0 
7f2c88d8e000-7f2c88ffe000 rwxp 00000000 00:00 0 
7f2c88ffe000-7f2c902c5000 ---p 00000000 00:00 0 
7f2c902c5000-7f2c90535000 rwxp 00000000 00:00 0 
7f2c90535000-7f2c977fd000 ---p 00000000 00:00 0 
7f2c977fd000-7f2ca0000000 r--s 00000000 08:10 51651                      /usr/lib/jvm/java-11-openjdk-amd64/lib/modules
7f2ca0000000-7f2ca0504000 rw-p 00000000 00:00 0 
7f2ca0504000-7f2ca4000000 ---p 00000000 00:00 0 
7f2ca4000000-7f2ca4001000 r--p 00000000 08:10 37767                      /usr/lib/locale/C.UTF-8/LC_PAPER
7f2ca4001000-7f2ca4002000 r--p 00000000 08:10 37765                      /usr/lib/locale/C.UTF-8/LC_NAME
7f2ca4002000-7f2ca4003000 r--p 00000000 08:10 37758                      /usr/lib/locale/C.UTF-8/LC_ADDRESS
7f2ca4003000-7f2ca4004000 r--p 00000000 08:10 37768                      /usr/lib/locale/C.UTF-8/LC_TELEPHONE
7f2ca4004000-7f2ca400b000 r--s 00000000 08:10 28968                      /usr/lib/x86_64-linux-gnu/gconv/gconv-modules.cache
7f2ca400b000-7f2ca400c000 ---p 00000000 00:00 0 
7f2ca400c000-7f2ca4915000 rw-p 00000000 00:00 0 
7f2ca4915000-7f2ca4916000 ---p 00000000 00:00 0 
7f2ca4916000-7f2ca4a17000 rw-p 00000000 00:00 0 
7f2ca4a17000-7f2ca4a18000 ---p 00000000 00:00 0 
7f2ca4a18000-7f2ca4c48000 rw-p 00000000 00:00 0 
7f2ca4c48000-7f2ca500c000 ---p 00000000 00:00 0 
7f2ca500c000-7f2ca500d000 rw-p 00000000 00:00 0 
7f2ca500d000-7f2ca520d000 ---p 00000000 00:00 0 
7f2ca520d000-7f2ca5270000 rw-p 00000000 00:00 0 
7f2ca5270000-7f2ca5634000 ---p 00000000 00:00 0 
7f2ca5634000-7f2ca5635000 rw-p 00000000 00:00 0 
7f2ca5635000-7f2ca5835000 ---p 00000000 00:00 0 
7f2ca5835000-7f2ca5898000 rw-p 00000000 00:00 0 
7f2ca5898000-7f2ca5c5c000 ---p 00000000 00:00 0 
7f2ca5c5c000-7f2ca5c5d000 rw-p 00000000 00:00 0 
7f2ca5c5d000-7f2ca5e5d000 ---p 00000000 00:00 0 
7f2ca5e5d000-7f2ca6665000 rw-p 00000000 00:00 0 
7f2ca6665000-7f2ca6666000 ---p 00000000 00:00 0 
7f2ca6666000-7f2ca676c000 rw-p 00000000 00:00 0 
7f2ca676c000-7f2ca6852000 ---p 00000000 00:00 0 
7f2ca6852000-7f2ca6857000 rw-p 00000000 00:00 0 
7f2ca6857000-7f2ca693d000 ---p 00000000 00:00 0 
7f2ca693d000-7f2ca6942000 rw-p 00000000 00:00 0 
7f2ca6942000-7f2ca6949000 ---p 00000000 00:00 0 
7f2ca6949000-7f2ca694b000 r--p 00000000 08:10 51650                      /usr/lib/jvm/java-11-openjdk-amd64/lib/libzip.so
7f2ca694b000-7f2ca6950000 r-xp 00002000 08:10 51650                      /usr/lib/jvm/java-11-openjdk-amd64/lib/libzip.so
7f2ca6950000-7f2ca6952000 r--p 00007000 08:10 51650                      /usr/lib/jvm/java-11-openjdk-amd64/lib/libzip.so
7f2ca6952000-7f2ca6953000 r--p 00008000 08:10 51650                      /usr/lib/jvm/java-11-openjdk-amd64/lib/libzip.so
7f2ca6953000-7f2ca6954000 rw-p 00009000 08:10 51650                      /usr/lib/jvm/java-11-openjdk-amd64/lib/libzip.so
7f2ca6954000-7f2ca6957000 r--p 00000000 08:10 27115                      /usr/lib/x86_64-linux-gnu/libnss_files-2.31.so
7f2ca6957000-7f2ca695e000 r-xp 00003000 08:10 27115                      /usr/lib/x86_64-linux-gnu/libnss_files-2.31.so
7f2ca695e000-7f2ca6960000 r--p 0000a000 08:10 27115                      /usr/lib/x86_64-linux-gnu/libnss_files-2.31.so
7f2ca6960000-7f2ca6961000 r--p 0000b000 08:10 27115                      /usr/lib/x86_64-linux-gnu/libnss_files-2.31.so
7f2ca6961000-7f2ca6962000 rw-p 0000c000 08:10 27115                      /usr/lib/x86_64-linux-gnu/libnss_files-2.31.so
7f2ca6962000-7f2ca6968000 rw-p 00000000 00:00 0 
7f2ca6968000-7f2ca6969000 r--p 00000000 08:10 37762                      /usr/lib/locale/C.UTF-8/LC_MEASUREMENT
7f2ca6969000-7f2ca696b000 r--s 0000c000 08:10 23045                      /usr/share/java/java-atk-wrapper.jar
7f2ca696b000-7f2ca6973000 rw-s 00000000 08:10 59088                      /tmp/hsperfdata_root/30981
7f2ca6973000-7f2ca6981000 r--p 00000000 08:10 51630                      /usr/lib/jvm/java-11-openjdk-amd64/lib/libjava.so
7f2ca6981000-7f2ca6997000 r-xp 0000e000 08:10 51630                      /usr/lib/jvm/java-11-openjdk-amd64/lib/libjava.so
7f2ca6997000-7f2ca699e000 r--p 00024000 08:10 51630                      /usr/lib/jvm/java-11-openjdk-amd64/lib/libjava.so
7f2ca699e000-7f2ca699f000 r--p 0002a000 08:10 51630                      /usr/lib/jvm/java-11-openjdk-amd64/lib/libjava.so
7f2ca699f000-7f2ca69a0000 rw-p 0002b000 08:10 51630                      /usr/lib/jvm/java-11-openjdk-amd64/lib/libjava.so
7f2ca69a0000-7f2ca69a1000 rw-p 00000000 00:00 0 
7f2ca69a1000-7f2ca69a6000 r--p 00000000 08:10 51649                      /usr/lib/jvm/java-11-openjdk-amd64/lib/libverify.so
7f2ca69a6000-7f2ca69ad000 r-xp 00005000 08:10 51649                      /usr/lib/jvm/java-11-openjdk-amd64/lib/libverify.so
7f2ca69ad000-7f2ca69af000 r--p 0000c000 08:10 51649                      /usr/lib/jvm/java-11-openjdk-amd64/lib/libverify.so
7f2ca69af000-7f2ca69b0000 ---p 0000e000 08:10 51649                      /usr/lib/jvm/java-11-openjdk-amd64/lib/libverify.so
7f2ca69b0000-7f2ca69b2000 r--p 0000e000 08:10 51649                      /usr/lib/jvm/java-11-openjdk-amd64/lib/libverify.so
7f2ca69b2000-7f2ca69b3000 rw-p 00010000 08:10 51649                      /usr/lib/jvm/java-11-openjdk-amd64/lib/libverify.so
7f2ca69b3000-7f2ca69b6000 r--p 00000000 08:10 27205                      /usr/lib/x86_64-linux-gnu/librt-2.31.so
7f2ca69b6000-7f2ca69ba000 r-xp 00003000 08:10 27205                      /usr/lib/x86_64-linux-gnu/librt-2.31.so
7f2ca69ba000-7f2ca69bb000 r--p 00007000 08:10 27205                      /usr/lib/x86_64-linux-gnu/librt-2.31.so
7f2ca69bb000-7f2ca69bc000 ---p 00008000 08:10 27205                      /usr/lib/x86_64-linux-gnu/librt-2.31.so
7f2ca69bc000-7f2ca69bd000 r--p 00008000 08:10 27205                      /usr/lib/x86_64-linux-gnu/librt-2.31.so
7f2ca69bd000-7f2ca69be000 rw-p 00009000 08:10 27205                      /usr/lib/x86_64-linux-gnu/librt-2.31.so
7f2ca69be000-7f2ca69c2000 ---p 00000000 00:00 0 
7f2ca69c2000-7f2ca6abf000 rw-p 00000000 00:00 0 
7f2ca6abf000-7f2ca6ac2000 r--p 00000000 08:10 26920                      /usr/lib/x86_64-linux-gnu/libgcc_s.so.1
7f2ca6ac2000-7f2ca6ad4000 r-xp 00003000 08:10 26920                      /usr/lib/x86_64-linux-gnu/libgcc_s.so.1
7f2ca6ad4000-7f2ca6ad8000 r--p 00015000 08:10 26920                      /usr/lib/x86_64-linux-gnu/libgcc_s.so.1
7f2ca6ad8000-7f2ca6ad9000 r--p 00018000 08:10 26920                      /usr/lib/x86_64-linux-gnu/libgcc_s.so.1
7f2ca6ad9000-7f2ca6ada000 rw-p 00019000 08:10 26920                      /usr/lib/x86_64-linux-gnu/libgcc_s.so.1
7f2ca6ada000-7f2ca6ae9000 r--p 00000000 08:10 27062                      /usr/lib/x86_64-linux-gnu/libm-2.31.so
7f2ca6ae9000-7f2ca6b90000 r-xp 0000f000 08:10 27062                      /usr/lib/x86_64-linux-gnu/libm-2.31.so
7f2ca6b90000-7f2ca6c27000 r--p 000b6000 08:10 27062                      /usr/lib/x86_64-linux-gnu/libm-2.31.so
7f2ca6c27000-7f2ca6c28000 r--p 0014c000 08:10 27062                      /usr/lib/x86_64-linux-gnu/libm-2.31.so
7f2ca6c28000-7f2ca6c29000 rw-p 0014d000 08:10 27062                      /usr/lib/x86_64-linux-gnu/libm-2.31.so
7f2ca6c29000-7f2ca6cbf000 r--p 00000000 08:10 27246                      /usr/lib/x86_64-linux-gnu/libstdc++.so.6.0.28
7f2ca6cbf000-7f2ca6db0000 r-xp 00096000 08:10 27246                      /usr/lib/x86_64-linux-gnu/libstdc++.so.6.0.28
7f2ca6db0000-7f2ca6df9000 r--p 00187000 08:10 27246                      /usr/lib/x86_64-linux-gnu/libstdc++.so.6.0.28
7f2ca6df9000-7f2ca6dfa000 ---p 001d0000 08:10 27246                      /usr/lib/x86_64-linux-gnu/libstdc++.so.6.0.28
7f2ca6dfa000-7f2ca6e05000 r--p 001d0000 08:10 27246                      /usr/lib/x86_64-linux-gnu/libstdc++.so.6.0.28
7f2ca6e05000-7f2ca6e08000 rw-p 001db000 08:10 27246                      /usr/lib/x86_64-linux-gnu/libstdc++.so.6.0.28
7f2ca6e08000-7f2ca6e0b000 rw-p 00000000 00:00 0 
7f2ca6e0b000-7f2ca708d000 r--p 00000000 08:10 51656                      /usr/lib/jvm/java-11-openjdk-amd64/lib/server/libjvm.so
7f2ca708d000-7f2ca7d16000 r-xp 00282000 08:10 51656                      /usr/lib/jvm/java-11-openjdk-amd64/lib/server/libjvm.so
7f2ca7d16000-7f2ca7f73000 r--p 00f0b000 08:10 51656                      /usr/lib/jvm/java-11-openjdk-amd64/lib/server/libjvm.so
7f2ca7f73000-7f2ca7f74000 ---p 01168000 08:10 51656                      /usr/lib/jvm/java-11-openjdk-amd64/lib/server/libjvm.so
7f2ca7f74000-7f2ca8038000 r--p 01168000 08:10 51656                      /usr/lib/jvm/java-11-openjdk-amd64/lib/server/libjvm.so
7f2ca8038000-7f2ca8073000 rw-p 0122c000 08:10 51656                      /usr/lib/jvm/java-11-openjdk-amd64/lib/server/libjvm.so
7f2ca8073000-7f2ca80cc000 rw-p 00000000 00:00 0 
7f2ca80cc000-7f2ca80d3000 r--p 00000000 08:10 27189                      /usr/lib/x86_64-linux-gnu/libpthread-2.31.so
7f2ca80d3000-7f2ca80e4000 r-xp 00007000 08:10 27189                      /usr/lib/x86_64-linux-gnu/libpthread-2.31.so
7f2ca80e4000-7f2ca80e9000 r--p 00018000 08:10 27189                      /usr/lib/x86_64-linux-gnu/libpthread-2.31.so
7f2ca80e9000-7f2ca80ea000 r--p 0001c000 08:10 27189                      /usr/lib/x86_64-linux-gnu/libpthread-2.31.so
7f2ca80ea000-7f2ca80eb000 rw-p 0001d000 08:10 27189                      /usr/lib/x86_64-linux-gnu/libpthread-2.31.so
7f2ca80eb000-7f2ca80ef000 rw-p 00000000 00:00 0 
7f2ca80ef000-7f2ca80f0000 r--p 00000000 08:10 26843                      /usr/lib/x86_64-linux-gnu/libdl-2.31.so
7f2ca80f0000-7f2ca80f2000 r-xp 00001000 08:10 26843                      /usr/lib/x86_64-linux-gnu/libdl-2.31.so
7f2ca80f2000-7f2ca80f3000 r--p 00003000 08:10 26843                      /usr/lib/x86_64-linux-gnu/libdl-2.31.so
7f2ca80f3000-7f2ca80f4000 r--p 00003000 08:10 26843                      /usr/lib/x86_64-linux-gnu/libdl-2.31.so
7f2ca80f4000-7f2ca80f5000 rw-p 00004000 08:10 26843                      /usr/lib/x86_64-linux-gnu/libdl-2.31.so
7f2ca80f5000-7f2ca80f7000 r--p 00000000 08:10 27422                      /usr/lib/x86_64-linux-gnu/libz.so.1.2.11
7f2ca80f7000-7f2ca8108000 r-xp 00002000 08:10 27422                      /usr/lib/x86_64-linux-gnu/libz.so.1.2.11
7f2ca8108000-7f2ca810e000 r--p 00013000 08:10 27422                      /usr/lib/x86_64-linux-gnu/libz.so.1.2.11
7f2ca810e000-7f2ca810f000 ---p 00019000 08:10 27422                      /usr/lib/x86_64-linux-gnu/libz.so.1.2.11
7f2ca810f000-7f2ca8110000 r--p 00019000 08:10 27422                      /usr/lib/x86_64-linux-gnu/libz.so.1.2.11
7f2ca8110000-7f2ca8111000 rw-p 0001a000 08:10 27422                      /usr/lib/x86_64-linux-gnu/libz.so.1.2.11
7f2ca8111000-7f2ca8136000 r--p 00000000 08:10 26805                      /usr/lib/x86_64-linux-gnu/libc-2.31.so
7f2ca8136000-7f2ca82ae000 r-xp 00025000 08:10 26805                      /usr/lib/x86_64-linux-gnu/libc-2.31.so
7f2ca82ae000-7f2ca82f8000 r--p 0019d000 08:10 26805                      /usr/lib/x86_64-linux-gnu/libc-2.31.so
7f2ca82f8000-7f2ca82f9000 ---p 001e7000 08:10 26805                      /usr/lib/x86_64-linux-gnu/libc-2.31.so
7f2ca82f9000-7f2ca82fc000 r--p 001e7000 08:10 26805                      /usr/lib/x86_64-linux-gnu/libc-2.31.so
7f2ca82fc000-7f2ca82ff000 rw-p 001ea000 08:10 26805                      /usr/lib/x86_64-linux-gnu/libc-2.31.so
7f2ca82ff000-7f2ca8303000 rw-p 00000000 00:00 0 
7f2ca8303000-7f2ca8304000 ---p 00000000 00:00 0 
7f2ca8304000-7f2ca8305000 r--p 00000000 00:00 0 
7f2ca8305000-7f2ca8307000 r--p 00000000 08:10 51633                      /usr/lib/jvm/java-11-openjdk-amd64/lib/libjimage.so
7f2ca8307000-7f2ca830a000 r-xp 00002000 08:10 51633                      /usr/lib/jvm/java-11-openjdk-amd64/lib/libjimage.so
7f2ca830a000-7f2ca830b000 r--p 00005000 08:10 51633                      /usr/lib/jvm/java-11-openjdk-amd64/lib/libjimage.so
7f2ca830b000-7f2ca830c000 ---p 00006000 08:10 51633                      /usr/lib/jvm/java-11-openjdk-amd64/lib/libjimage.so
7f2ca830c000-7f2ca830d000 r--p 00006000 08:10 51633                      /usr/lib/jvm/java-11-openjdk-amd64/lib/libjimage.so
7f2ca830d000-7f2ca830e000 rw-p 00007000 08:10 51633                      /usr/lib/jvm/java-11-openjdk-amd64/lib/libjimage.so
7f2ca830e000-7f2ca8311000 r--p 00000000 08:10 51615                      /usr/lib/jvm/java-11-openjdk-amd64/lib/jli/libjli.so
7f2ca8311000-7f2ca831b000 r-xp 00003000 08:10 51615                      /usr/lib/jvm/java-11-openjdk-amd64/lib/jli/libjli.so
7f2ca831b000-7f2ca831e000 r--p 0000d000 08:10 51615                      /usr/lib/jvm/java-11-openjdk-amd64/lib/jli/libjli.so
7f2ca831e000-7f2ca831f000 ---p 00010000 08:10 51615                      /usr/lib/jvm/java-11-openjdk-amd64/lib/jli/libjli.so
7f2ca831f000-7f2ca8320000 r--p 00010000 08:10 51615                      /usr/lib/jvm/java-11-openjdk-amd64/lib/jli/libjli.so
7f2ca8320000-7f2ca8321000 rw-p 00011000 08:10 51615                      /usr/lib/jvm/java-11-openjdk-amd64/lib/jli/libjli.so
7f2ca8321000-7f2ca8323000 rw-p 00000000 00:00 0 
7f2ca8323000-7f2ca8324000 r--p 00000000 08:10 26735                      /usr/lib/x86_64-linux-gnu/ld-2.31.so
7f2ca8324000-7f2ca8347000 r-xp 00001000 08:10 26735                      /usr/lib/x86_64-linux-gnu/ld-2.31.so
7f2ca8347000-7f2ca834f000 r--p 00024000 08:10 26735                      /usr/lib/x86_64-linux-gnu/ld-2.31.so
7f2ca834f000-7f2ca8350000 r--p 00000000 08:10 37761                      /usr/lib/locale/C.UTF-8/LC_IDENTIFICATION
7f2ca8350000-7f2ca8351000 r--p 0002c000 08:10 26735                      /usr/lib/x86_64-linux-gnu/ld-2.31.so
7f2ca8351000-7f2ca8352000 rw-p 0002d000 08:10 26735                      /usr/lib/x86_64-linux-gnu/ld-2.31.so
7f2ca8352000-7f2ca8353000 rw-p 00000000 00:00 0 
7fff9c210000-7fff9c232000 rw-p 00000000 00:00 0                          [stack]
7fff9c24a000-7fff9c24e000 r--p 00000000 00:00 0                          [vvar]
7fff9c24e000-7fff9c24f000 r-xp 00000000 00:00 0                          [vdso]


VM Arguments:
jvm_args: -Dfile.encoding=UTF-8 
java_command: Main ./tests/test1.sysy ./tests/test1_ans.txt
java_class_path (initial): /root/CompilerLab/Lab/target/classes:/usr/local/lib/antlr-4.10.1-complete.jar:/root/.m2/repository/org/bytedeco/llvm-platform/13.0.1-1.5.7/llvm-platform-13.0.1-1.5.7.jar:/root/.m2/repository/org/bytedeco/javacpp-platform/1.5.7/javacpp-platform-1.5.7.jar:/root/.m2/repository/org/bytedeco/javacpp/1.5.7/javacpp-1.5.7.jar:/root/.m2/repository/org/bytedeco/javacpp/1.5.7/javacpp-1.5.7-android-arm.jar:/root/.m2/repository/org/bytedeco/javacpp/1.5.7/javacpp-1.5.7-android-arm64.jar:/root/.m2/repository/org/bytedeco/javacpp/1.5.7/javacpp-1.5.7-android-x86.jar:/root/.m2/repository/org/bytedeco/javacpp/1.5.7/javacpp-1.5.7-android-x86_64.jar:/root/.m2/repository/org/bytedeco/javacpp/1.5.7/javacpp-1.5.7-ios-arm64.jar:/root/.m2/repository/org/bytedeco/javacpp/1.5.7/javacpp-1.5.7-ios-x86_64.jar:/root/.m2/repository/org/bytedeco/javacpp/1.5.7/javacpp-1.5.7-linux-armhf.jar:/root/.m2/repository/org/bytedeco/javacpp/1.5.7/javacpp-1.5.7-linux-arm64.jar:/root/.m2/repository/org/bytedeco/javacpp/1.5.7/javacpp-1.5.7-linux-ppc64le.jar:/root/.m2/repository/org/bytedeco/javacpp/1.5.7/javacpp-1.5.7-linux-x86.jar:/root/.m2/repository/org/bytedeco/javacpp/1.5.7/javacpp-1.5.7-linux-x86_64.jar:/root/.m2/repository/org/bytedeco/javacpp/1.5.7/javacpp-1.5.7-macosx-arm64.jar:/root/.m2/repository/org/bytedeco/javacpp/1.5.7/javacpp-1.5.7-macosx-x86_64.jar:/root/.m2/repository/org/bytedeco/javacpp/1.5.7/javacpp-1.5.7-windows-x86.jar:/root/.m2/repository/org/bytedeco/javacpp/1.5.7/javacpp-1.5.7-windows-x86_64.jar:/root/.m2/repository/org/bytedeco/llvm/13.0.1-1.5.7/llvm-13.0.1-1.5.7.jar:/root/.m2/repository/org/bytedeco/llvm/13.0.1-1.5.7/llvm-13.0.1-1.5.7-linux-x86.jar:/root/.m2/repository/org/bytedeco/llvm/13.0.1-1.5.7/llvm-13.0.1-1.5.7-linux-x86_64.jar:/root/.m2/repository/org/bytedeco/llvm/13.0.1-1.5.7/llvm-13.0.1-1.5.7-linux-armhf.jar:/root/.m2/repository/org/bytedeco/llvm/13.0.1-1.5.7/llvm-13.0.1-1.5.7-linux-arm64.jar:/root/.m2/repository/org/bytedeco/llvm/13.0.1-1.5.7/llv
Launcher Type: SUN_STANDARD

[Global flags]
     intx CICompilerCount                          = 4                                         {product} {ergonomic}
     uint ConcGCThreads                            = 2                                         {product} {ergonomic}
     uint G1ConcRefinementThreads                  = 8                                         {product} {ergonomic}
   size_t G1HeapRegionSize                         = 1048576                                   {product} {ergonomic}
    uintx GCDrainStackTargetSize                   = 64                                        {product} {ergonomic}
   size_t InitialHeapSize                          = 207618048                                 {product} {ergonomic}
   size_t MarkStackSize                            = 4194304                                   {product} {ergonomic}
   size_t MaxHeapSize                              = 3305111552                                {product} {ergonomic}
   size_t MaxNewSize                               = 1982857216                                {product} {ergonomic}
   size_t MinHeapDeltaBytes                        = 1048576                                   {product} {ergonomic}
    uintx NonNMethodCodeHeapSize                   = 5836300                                {pd product} {ergonomic}
    uintx NonProfiledCodeHeapSize                  = 122910970                              {pd product} {ergonomic}
    uintx ProfiledCodeHeapSize                     = 122910970                              {pd product} {ergonomic}
    uintx ReservedCodeCacheSize                    = 251658240                              {pd product} {ergonomic}
     bool SegmentedCodeCache                       = true                                      {product} {ergonomic}
     bool UseCompressedClassPointers               = true                                 {lp64_product} {ergonomic}
     bool UseCompressedOops                        = true                                 {lp64_product} {ergonomic}
     bool UseG1GC                                  = true                                      {product} {ergonomic}

Logging:
Log output configuration:
 #0: stdout all=warning uptime,level,tags
 #1: stderr all=off uptime,level,tags

Environment Variables:
PATH=/usr/local/sbin:/usr/local/bin:/usr/sbin:/usr/bin:/sbin:/bin:/usr/games:/usr/local/games:/usr/lib/wsl/lib:/mnt/c/Program Files (x86)/Common Files/Oracle/Java/javapath:/mnt/c/Python310/Scripts/:/mnt/c/Python310/:/mnt/c/Program Files/MySQL/MySQL Server 8.0/bin:/mnt/c/Windows/system32:/mnt/c/Windows:/mnt/c/Windows/System32/Wbem:/mnt/c/Windows/System32/WindowsPowerShell/v1.0/:/mnt/c/Windows/System32/OpenSSH/:/mnt/c/ProgramData/chocolatey/bin:/mnt/c/Program Files/Pandoc/:/mnt/d//Ne:/mnt/d/Applications/mingw-w64/x86_64-8.1.0-release-win32-seh-rt_v6-rev0/bin:/mnt/c/Program Files/Java/jdk-15.0.2/bin:/mnt/c/Program Files/Java/jdk-15.0.2/jre/bin:/mnt/d/Applications/scala/bin:/mnt/d/Applications/scala/jre/bin:/mnt/d/Applications/Prince/engine/bin:/mnt/d/Applications/Maven/apache-maven-3.8.6/bin:/mnt/c/Program Files/Git/cmd:/mnt/d//Tencent/web/dll:/mnt/d/Applications/nodejs/:/mnt/c/Users/20125/AppData/Local/Programs/Python/Python38/Scripts/:/mnt/c/Users/20125/AppData/Local/Programs/Python/Python38/:/mnt/c/Users/20125/AppData/Local/Microsoft/WindowsApps:/mnt/c/Program Files/JetBrains/IntelliJ IDEA 2021.3/bin:/mnt/c/Program Files/JetBrains/PyCharm 2021.3.1/bin:/mnt/d//JetBrains/WebStorm 2021.3.1/bin:/mnt/d//JetBrains/CLion 2021.3.2/bin:/mnt/c/Users/20125/AppData/Local/GitHubDesktop/bin:/mnt/d//JetBrains/DataGrip 2021.3.4/bin:/mnt/d/Applications/Microsoft VS Code/bin:/mnt/c/Users/20125/AppData/Local/JetBrains/Toolbox/scripts:/mnt/c/Program Files/jdk-15.0.2/jre/bin:/mnt/c/Program Files/jdk-15.0.2/bin:/mnt/c/Users/20125/AppData/Roaming/npm
SHELL=/bin/sh
HOSTTYPE=x86_64
LANG=C.UTF-8
TERM=xterm-256color

Signal Handlers:
SIGSEGV: [libjvm.so+0xe97eb0], sa_mask[0]=11111111011111111101111111111110, sa_flags=SA_RESTART|SA_SIGINFO
SIGBUS: [libjvm.so+0xe97eb0], sa_mask[0]=11111111011111111101111111111110, sa_flags=SA_RESTART|SA_SIGINFO
SIGFPE: [libjvm.so+0xe97eb0], sa_mask[0]=11111111011111111101111111111110, sa_flags=SA_RESTART|SA_SIGINFO
SIGPIPE: [libjvm.so+0xbde850], sa_mask[0]=11111111011111111101111111111110, sa_flags=SA_RESTART|SA_SIGINFO
SIGXFSZ: [libjvm.so+0xbde850], sa_mask[0]=11111111011111111101111111111110, sa_flags=SA_RESTART|SA_SIGINFO
SIGILL: [libjvm.so+0xe97eb0], sa_mask[0]=11111111011111111101111111111110, sa_flags=SA_RESTART|SA_SIGINFO
SIGUSR2: [libjvm.so+0xbde6f0], sa_mask[0]=00000000000000000000000000000000, sa_flags=SA_RESTART|SA_SIGINFO
SIGHUP: [libjvm.so+0xbde9e0], sa_mask[0]=11111111011111111101111111111110, sa_flags=SA_RESTART|SA_SIGINFO
SIGINT: [libjvm.so+0xbde9e0], sa_mask[0]=11111111011111111101111111111110, sa_flags=SA_RESTART|SA_SIGINFO
SIGTERM: [libjvm.so+0xbde9e0], sa_mask[0]=11111111011111111101111111111110, sa_flags=SA_RESTART|SA_SIGINFO
SIGQUIT: [libjvm.so+0xbde9e0], sa_mask[0]=11111111011111111101111111111110, sa_flags=SA_RESTART|SA_SIGINFO


---------------  S Y S T E M  ---------------

OS:DISTRIB_ID=Ubuntu
DISTRIB_RELEASE=20.04
DISTRIB_CODENAME=focal
DISTRIB_DESCRIPTION="Ubuntu 20.04.3 LTS"
uname:Linux 5.10.16.3-microsoft-standard-WSL2 #1 SMP Fri Apr 2 22:23:49 UTC 2021 x86_64
OS uptime: 1 days 2:11 hours
libc:glibc 2.31 NPTL 2.31 
rlimit (soft/hard): STACK 8192k/infinity , CORE 0k/infinity , NPROC 50409/50409 , NOFILE 4096/4096 , AS infinity/infinity , CPU infinity/infinity , DATA infinity/infinity , FSIZE infinity/infinity , MEMLOCK 64k/64k
load average:0.12 0.07 0.01

/proc/meminfo:
MemTotal:       12909048 kB
MemFree:        12116460 kB
MemAvailable:   12248204 kB
Buffers:           32168 kB
Cached:           323616 kB
SwapCached:            0 kB
Active:           222424 kB
Inactive:         444196 kB
Active(anon):        104 kB
Inactive(anon):   310796 kB
Active(file):     222320 kB
Inactive(file):   133400 kB
Unevictable:           0 kB
Mlocked:               0 kB
SwapTotal:       4194304 kB
SwapFree:        4194304 kB
Dirty:               924 kB
Writeback:             0 kB
AnonPages:        310900 kB
Mapped:            60508 kB
Shmem:                72 kB
KReclaimable:      23080 kB
Slab:              50056 kB
SReclaimable:      23080 kB
SUnreclaim:        26976 kB
KernelStack:        3216 kB
PageTables:         1956 kB
NFS_Unstable:          0 kB
Bounce:                0 kB
WritebackTmp:          0 kB
CommitLimit:    10648828 kB
Committed_AS:    1011548 kB
VmallocTotal:   34359738367 kB
VmallocUsed:       23348 kB
VmallocChunk:          0 kB
Percpu:             2432 kB
AnonHugePages:    174080 kB
ShmemHugePages:        0 kB
ShmemPmdMapped:        0 kB
FileHugePages:         0 kB
FilePmdMapped:         0 kB
HugePages_Total:       0
HugePages_Free:        0
HugePages_Rsvd:        0
HugePages_Surp:        0
Hugepagesize:       2048 kB
Hugetlb:               0 kB
DirectMap4k:       17408 kB
DirectMap2M:     3784704 kB
DirectMap1G:     9437184 kB

/sys/kernel/mm/transparent_hugepage/enabled:
[always] madvise never
/sys/kernel/mm/transparent_hugepage/defrag (defrag/compaction efforts parameter):
always defer defer+madvise [madvise] never

Process Memory:
Virtual Size: 6193176K (peak: 14706392K)
Resident Set Size: 111072K (peak: 111920K) (anon: 55332K, file: 55740K, shmem: 0K)
Swapped out: 0K
C-Heap outstanding allocations: 30701K, retained: 2494K
glibc malloc tunables: (default)

/proc/sys/kernel/threads-max (system-wide limit on the number of threads):
100818
/proc/sys/vm/max_map_count (maximum number of memory map areas a process may have):
65530
/proc/sys/kernel/pid_max (system-wide limit on number of process identifiers):
32768

container (cgroup) information:
container_type: cgroupv1
cpu_cpuset_cpus: 0-7
cpu_memory_nodes: 0
active_processor_count: 8
cpu_quota: no quota
cpu_period: 100000
cpu_shares: no shares
memory_limit_in_bytes: unlimited
memory_and_swap_limit_in_bytes: unlimited
memory_soft_limit_in_bytes: unlimited
memory_usage_in_bytes: 667020 k
memory_max_usage_in_bytes: 875084 k
maximum number of tasks: not supported
current number of tasks: not supported

Hyper-V virtualization detected
Steal ticks since vm start: 0
Steal ticks percentage since vm start:  0.000

CPU:total 8 (initial active 8) (4 cores per cpu, 2 threads per core) family 6 model 140 stepping 1 microcode 0xffffffff, cmov, cx8, fxsr, mmx, sse, sse2, sse3, ssse3, sse4.1, sse4.2, popcnt, avx, avx2, aes, clmul, erms, 3dnowpref, lzcnt, ht, tsc, tscinvbit, bmi1, bmi2, adx, evex, sha, fma
CPU Model and flags from /proc/cpuinfo:
model name	: 11th Gen Intel(R) Core(TM) i7-1165G7 @ 2.80GHz
flags		: fpu vme de pse tsc msr pae mce cx8 apic sep mtrr pge mca cmov pat pse36 clflush mmx fxsr sse sse2 ss ht syscall nx pdpe1gb rdtscp lm constant_tsc rep_good nopl xtopology tsc_reliable nonstop_tsc cpuid pni pclmulqdq ssse3 fma cx16 pcid sse4_1 sse4_2 movbe popcnt aes xsave avx f16c rdrand hypervisor lahf_lm abm 3dnowprefetch invpcid_single ssbd ibrs ibpb stibp ibrs_enhanced fsgsbase bmi1 avx2 smep bmi2 erms invpcid avx512f avx512dq rdseed adx smap avx512ifma clflushopt clwb avx512cd sha_ni avx512bw avx512vl xsaveopt xsavec xgetbv1 xsaves avx512vbmi umip avx512_vbmi2 gfni vaes vpclmulqdq avx512_vnni avx512_bitalg avx512_vpopcntdq rdpid fsrm avx512_vp2intersect flush_l1d arch_capabilities
Online cpus:
0-7
Offline cpus:

BIOS frequency limitation:
<Not Available>
Frequency switch latency (ns):
<Not Available>
Available cpu frequencies:
<Not Available>
Current governor:
<Not Available>
Core performance/turbo boost:
<Not Available>

Memory: 4k page, physical 12909048k(12116460k free), swap 4194304k(4194304k free)

vm_info: OpenJDK 64-Bit Server VM (11.0.17+8-post-Ubuntu-1ubuntu220.04) for linux-amd64 JRE (11.0.17+8-post-Ubuntu-1ubuntu220.04), built on Oct 25 2022 09:30:51 by "unknown" with gcc 9.4.0

END.
