#
# A fatal error has been detected by the Java Runtime Environment:
#
#  SIGSEGV (0xb) at pc=0x00007fa7b61e9e5a, pid=31142, tid=31143
#
# JRE version: OpenJDK Runtime Environment (11.0.17+8) (build 11.0.17+8-post-Ubuntu-1ubuntu220.04)
# Java VM: OpenJDK 64-Bit Server VM (11.0.17+8-post-Ubuntu-1ubuntu220.04, mixed mode, sharing, tiered, compressed oops, g1 gc, linux-amd64)
# Problematic frame:
# C  [libLLVM-13.so+0xcbde5a]  llvm::CallInst::init(llvm::FunctionType*, llvm::Value*, llvm::ArrayRef<llvm::Value*>, llvm::ArrayRef<llvm::OperandBundleDefT<llvm::Value*> >, llvm::Twine const&)+0x8a
#
# No core dump will be written. Core dumps have been disabled. To enable core dumping, try "ulimit -c unlimited" before starting Java again
#
# If you would like to submit a bug report, please visit:
#   https://bugs.launchpad.net/ubuntu/+source/openjdk-lts
# The crash happened outside the Java Virtual Machine in native code.
# See problematic frame for where to report the bug.
#

---------------  S U M M A R Y ------------

Command Line: -agentlib:jdwp=transport=dt_socket,address=*:12345,suspend=y,server=y -Dfile.encoding=UTF-8 Main ./tests/test1.sysy ./tests/test1_ans.txt

Host: 11th Gen Intel(R) Core(TM) i7-1165G7 @ 2.80GHz, 8 cores, 12G, Ubuntu 20.04.3 LTS
Time: Mon Jan  9 10:09:59 2023 CST elapsed time: 55.048810 seconds (0d 0h 0m 55s)

---------------  T H R E A D  ---------------

Current thread (0x00007fa830017800):  JavaThread "main" [_thread_in_native, id=31143, stack(0x00007fa836d25000,0x00007fa836e26000)]

Stack: [0x00007fa836d25000,0x00007fa836e26000],  sp=0x00007fa836e239c0,  free space=1018k
Native frames: (J=compiled Java code, A=aot compiled Java code, j=interpreted, Vv=VM code, C=native code)
C  [libLLVM-13.so+0xcbde5a]  llvm::CallInst::init(llvm::FunctionType*, llvm::Value*, llvm::ArrayRef<llvm::Value*>, llvm::ArrayRef<llvm::OperandBundleDefT<llvm::Value*> >, llvm::Twine const&)+0x8a

Java frames: (J=compiled Java code, j=interpreted, Vv=VM code)
j  org.bytedeco.llvm.global.LLVM.LLVMBuildCall(Lorg/bytedeco/llvm/LLVM/LLVMBuilderRef;Lorg/bytedeco/llvm/LLVM/LLVMValueRef;Lorg/bytedeco/javacpp/PointerPointer;ILjava/lang/String;)Lorg/bytedeco/llvm/LLVM/LLVMValueRef;+0
j  FunctionAndVarIRVisitor.visitCallExp(LSysYParser$CallExpContext;)Lorg/bytedeco/llvm/LLVM/LLVMValueRef;+133
j  FunctionAndVarIRVisitor.visitCallExp(LSysYParser$CallExpContext;)Ljava/lang/Object;+2
j  SysYParser$CallExpContext.accept(Lorg/antlr/v4/runtime/tree/ParseTreeVisitor;)Ljava/lang/Object;+12
j  org.antlr.v4.runtime.tree.AbstractParseTreeVisitor.visit(Lorg/antlr/v4/runtime/tree/ParseTree;)Ljava/lang/Object;+2
j  FunctionAndVarIRVisitor.visitReturnStmt(LSysYParser$ReturnStmtContext;)Lorg/bytedeco/llvm/LLVM/LLVMValueRef;+5
j  FunctionAndVarIRVisitor.visitReturnStmt(LSysYParser$ReturnStmtContext;)Ljava/lang/Object;+2
j  SysYParser$ReturnStmtContext.accept(Lorg/antlr/v4/runtime/tree/ParseTreeVisitor;)Ljava/lang/Object;+12
j  org.antlr.v4.runtime.tree.AbstractParseTreeVisitor.visitChildren(Lorg/antlr/v4/runtime/tree/RuleNode;)Ljava/lang/Object;+46
j  SysYParserBaseVisitor.visitBlockItem(LSysYParser$BlockItemContext;)Ljava/lang/Object;+2
j  SysYParser$BlockItemContext.accept(Lorg/antlr/v4/runtime/tree/ParseTreeVisitor;)Ljava/lang/Object;+12
j  org.antlr.v4.runtime.tree.AbstractParseTreeVisitor.visitChildren(Lorg/antlr/v4/runtime/tree/RuleNode;)Ljava/lang/Object;+46
j  SysYParserBaseVisitor.visitBlock(LSysYParser$BlockContext;)Ljava/lang/Object;+2
j  FunctionAndVarIRVisitor.visitBlock(LSysYParser$BlockContext;)Lorg/bytedeco/llvm/LLVM/LLVMValueRef;+32
j  FunctionAndVarIRVisitor.visitBlock(LSysYParser$BlockContext;)Ljava/lang/Object;+2
j  SysYParser$BlockContext.accept(Lorg/antlr/v4/runtime/tree/ParseTreeVisitor;)Ljava/lang/Object;+12
j  org.antlr.v4.runtime.tree.AbstractParseTreeVisitor.visitChildren(Lorg/antlr/v4/runtime/tree/RuleNode;)Ljava/lang/Object;+46
j  SysYParserBaseVisitor.visitFuncDef(LSysYParser$FuncDefContext;)Ljava/lang/Object;+2
j  FunctionAndVarIRVisitor.visitFuncDef(LSysYParser$FuncDefContext;)Lorg/bytedeco/llvm/LLVM/LLVMValueRef;+333
j  FunctionAndVarIRVisitor.visitFuncDef(LSysYParser$FuncDefContext;)Ljava/lang/Object;+2
j  SysYParser$FuncDefContext.accept(Lorg/antlr/v4/runtime/tree/ParseTreeVisitor;)Ljava/lang/Object;+12
j  org.antlr.v4.runtime.tree.AbstractParseTreeVisitor.visitChildren(Lorg/antlr/v4/runtime/tree/RuleNode;)Ljava/lang/Object;+46
j  SysYParserBaseVisitor.visitCompUnit(LSysYParser$CompUnitContext;)Ljava/lang/Object;+2
j  SysYParser$CompUnitContext.accept(Lorg/antlr/v4/runtime/tree/ParseTreeVisitor;)Ljava/lang/Object;+12
j  org.antlr.v4.runtime.tree.AbstractParseTreeVisitor.visitChildren(Lorg/antlr/v4/runtime/tree/RuleNode;)Ljava/lang/Object;+46
j  SysYParserBaseVisitor.visitProgram(LSysYParser$ProgramContext;)Ljava/lang/Object;+2
j  FunctionAndVarIRVisitor.visitProgram(LSysYParser$ProgramContext;)Lorg/bytedeco/llvm/LLVM/LLVMValueRef;+2
j  FunctionAndVarIRVisitor.visitProgram(LSysYParser$ProgramContext;)Ljava/lang/Object;+2
j  SysYParser$ProgramContext.accept(Lorg/antlr/v4/runtime/tree/ParseTreeVisitor;)Ljava/lang/Object;+12
j  org.antlr.v4.runtime.tree.AbstractParseTreeVisitor.visit(Lorg/antlr/v4/runtime/tree/ParseTree;)Ljava/lang/Object;+2
j  Main.funcAndVarIRGenerate([Ljava/lang/String;)V+113
j  Main.main([Ljava/lang/String;)V+1
v  ~StubRoutines::call_stub

siginfo: si_signo: 11 (SIGSEGV), si_code: 1 (SEGV_MAPERR), si_addr: 0x000000000000201d

Register to memory mapping:

RAX=0x00007fa83053bc70 points into unknown readable memory: 0x00007fa830535548 | 48 55 53 30 a8 7f 00 00
RBX=0x00007fa830535550 points into unknown readable memory: 0x000000000000200d | 0d 20 00 00 00 00 00 00
RCX=0x000000000000200d is an unknown value
RDX=0x00007fa830512588 points into unknown readable memory: 0x00007fa83053aaf0 | f0 aa 53 30 a8 7f 00 00
RSP=0x00007fa836e239c0 is pointing into the stack for thread: 0x00007fa830017800
RBP=0x00007fa83053bcb0 points into unknown readable memory: 0x00007fa830535548 | 48 55 53 30 a8 7f 00 00
RSI=0x00007fa830535548 points into unknown readable memory: 0x00007fa830534dc0 | c0 4d 53 30 a8 7f 00 00
RDI=0x0000000000000001 is an unknown value
R8 =0x0000000000000001 is an unknown value
R9 =0x00007fa7d00033e0 points into unknown readable memory: 0x00007fa830535548 | 48 55 53 30 a8 7f 00 00
R10=0x0 is NULL
R11=0x0 is NULL
R12=0x00007fa836e23a60 is pointing into the stack for thread: 0x00007fa830017800
R13=0x00007fa83053bc78 points into unknown readable memory: 0x000000000000200d | 0d 20 00 00 00 00 00 00
R14=0x0 is NULL
R15=0x0 is NULL


Registers:
RAX=0x00007fa83053bc70, RBX=0x00007fa830535550, RCX=0x000000000000200d, RDX=0x00007fa830512588
RSP=0x00007fa836e239c0, RBP=0x00007fa83053bcb0, RSI=0x00007fa830535548, RDI=0x0000000000000001
R8 =0x0000000000000001, R9 =0x00007fa7d00033e0, R10=0x0000000000000000, R11=0x0000000000000000
R12=0x00007fa836e23a60, R13=0x00007fa83053bc78, R14=0x0000000000000000, R15=0x0000000000000000
RIP=0x00007fa7b61e9e5a, EFLAGS=0x0000000000010202, CSGSFS=0x002b000000000033, ERR=0x0000000000000006
  TRAPNO=0x000000000000000e

Top of Stack: (sp=0x00007fa836e239c0)
0x00007fa836e239c0:   0000000000000002 00007fa830512460
0x00007fa836e239d0:   00007fa836e23a60 00007fa83053bcb0
0x00007fa836e239e0:   0000000000000000 00007fa7b615be78
0x00007fa836e239f0:   0000000000000000 0000000000000000 

Instructions: (pc=0x00007fa7b61e9e5a)
0x00007fa7b61e9d5a:   fb 48 83 ec 08 e8 cc f5 09 00 48 8d 2c 10 31 c0
0x00007fa7b61e9d6a:   80 7b 17 00 79 08 48 89 df e8 b8 f5 09 00 48 29
0x00007fa7b61e9d7a:   c5 48 89 e8 48 c1 f8 04 85 c0 74 2a 48 8b 53 e0
0x00007fa7b61e9d8a:   b8 01 00 00 00 48 85 d2 74 0d 80 7a 10 00 75 07
0x00007fa7b61e9d9a:   83 7a 24 06 0f 95 c0 48 83 c4 08 5b 5d c3 0f 1f
0x00007fa7b61e9daa:   84 00 00 00 00 00 48 83 c4 08 31 c0 5b 5d c3 0f
0x00007fa7b61e9dba:   1f 80 00 00 00 00 31 c0 c3 66 2e 0f 1f 84 00 00
0x00007fa7b61e9dca:   00 00 00 0f 1f 00 41 55 41 54 4d 89 cc 49 89 c9
0x00007fa7b61e9dda:   4a 8d 0c c5 00 00 00 00 55 48 89 fd 53 48 89 fb
0x00007fa7b61e9dea:   48 83 ec 08 8b 47 14 48 89 77 48 48 89 cf 4c 8b
0x00007fa7b61e9dfa:   54 24 30 4c 8b 5c 24 38 48 c1 ff 03 25 ff ff ff
0x00007fa7b61e9e0a:   07 48 c1 e0 05 48 29 c3 48 85 c9 7e 5d 48 89 d8
0x00007fa7b61e9e1a:   66 0f 1f 44 00 00 48 83 38 00 49 8b 31 74 14 48
0x00007fa7b61e9e2a:   8b 48 08 48 8b 58 10 48 89 0b 48 85 c9 74 04 48
0x00007fa7b61e9e3a:   89 59 10 48 89 30 48 85 f6 74 21 48 8b 4e 08 48
0x00007fa7b61e9e4a:   8d 5e 08 48 89 48 08 48 85 c9 74 08 4c 8d 68 08
0x00007fa7b61e9e5a:   4c 89 69 10 48 89 58 10 48 89 46 08 49 83 c1 08
0x00007fa7b61e9e6a:   48 83 c0 20 48 83 ef 01 75 ac 48 83 7d e0 00 74
0x00007fa7b61e9e7a:   14 48 8b 45 e8 48 8b 4d f0 48 89 01 48 85 c0 74
0x00007fa7b61e9e8a:   04 48 89 48 10 48 89 55 e0 48 85 d2 74 25 48 8b
0x00007fa7b61e9e9a:   42 08 48 8d 4a 08 48 89 45 e8 48 85 c0 74 08 48
0x00007fa7b61e9eaa:   8d 75 e8 48 89 70 10 48 8d 45 e0 48 89 4d f0 48
0x00007fa7b61e9eba:   89 42 08 48 89 ef 4c 89 d6 4c 89 da 44 89 c1 e8
0x00007fa7b61e9eca:   12 f5 ff ff 48 83 c4 08 4c 89 e6 48 89 ef 5b 5d
0x00007fa7b61e9eda:   41 5c 41 5d e9 3d 46 0a 00 66 2e 0f 1f 84 00 00
0x00007fa7b61e9eea:   00 00 00 0f 1f 00 49 89 f0 48 83 7f e0 00 48 89
0x00007fa7b61e9efa:   ce 4c 89 47 48 74 14 48 8b 47 e8 48 8b 4f f0 48
0x00007fa7b61e9f0a:   89 01 48 85 c0 74 04 48 89 48 10 48 89 57 e0 48
0x00007fa7b61e9f1a:   85 d2 74 25 48 8b 42 08 48 8d 4a 08 48 89 47 e8
0x00007fa7b61e9f2a:   48 85 c0 74 08 4c 8d 47 e8 4c 89 40 10 48 8d 47
0x00007fa7b61e9f3a:   e0 48 89 4f f0 48 89 42 08 e9 d8 45 0a 00 0f 1f
0x00007fa7b61e9f4a:   84 00 00 00 00 00 41 56 4c 8d 77 e0 4d 89 c1 41 


Stack slot to memory mapping:
stack at sp + 0 slots: 0x0000000000000002 is an unknown value
stack at sp + 1 slots: 0x00007fa830512460 points into unknown readable memory: 0x00007fa830512470 | 70 24 51 30 a8 7f 00 00
stack at sp + 2 slots: 0x00007fa836e23a60 is pointing into the stack for thread: 0x00007fa830017800
stack at sp + 3 slots: 0x00007fa83053bcb0 points into unknown readable memory: 0x00007fa830535548 | 48 55 53 30 a8 7f 00 00
stack at sp + 4 slots: 0x0 is NULL
stack at sp + 5 slots: 0x00007fa7b615be78: LLVMBuildCall+0x0000000000000188 in /root/.javacpp/cache/llvm-13.0.1-1.5.7-linux-x86_64.jar/org/bytedeco/llvm/linux-x86_64/libLLVM-13.so at 0x00007fa7b552c000
stack at sp + 6 slots: 0x0 is NULL
stack at sp + 7 slots: 0x0 is NULL


---------------  P R O C E S S  ---------------

Threads class SMR info:
_java_thread_list=0x00007fa7d0002200, length=12, elements={
0x00007fa830017800, 0x00007fa830187800, 0x00007fa830189800, 0x00007fa830192000,
0x00007fa830194000, 0x00007fa830196000, 0x00007fa830198000, 0x00007fa83019a000,
0x00007fa8301fb800, 0x00007fa830201800, 0x00007fa830449800, 0x00007fa7d8001800
}

Java Threads: ( => current thread )
=>0x00007fa830017800 JavaThread "main" [_thread_in_native, id=31143, stack(0x00007fa836d25000,0x00007fa836e26000)]
  0x00007fa830187800 JavaThread "Reference Handler" daemon [_thread_blocked, id=31150, stack(0x00007fa8185fa000,0x00007fa8186fb000)]
  0x00007fa830189800 JavaThread "Finalizer" daemon [_thread_blocked, id=31151, stack(0x00007fa8184f9000,0x00007fa8185fa000)]
  0x00007fa830192000 JavaThread "Signal Dispatcher" daemon [_thread_blocked, id=31152, stack(0x00007fa80d47f000,0x00007fa80d580000)]
  0x00007fa830194000 JavaThread "Service Thread" daemon [_thread_blocked, id=31153, stack(0x00007fa80d37e000,0x00007fa80d47f000)]
  0x00007fa830196000 JavaThread "C2 CompilerThread0" daemon [_thread_blocked, id=31154, stack(0x00007fa80d27d000,0x00007fa80d37e000)]
  0x00007fa830198000 JavaThread "C1 CompilerThread0" daemon [_thread_blocked, id=31155, stack(0x00007fa80d17c000,0x00007fa80d27d000)]
  0x00007fa83019a000 JavaThread "Sweeper thread" daemon [_thread_blocked, id=31156, stack(0x00007fa80d07b000,0x00007fa80d17c000)]
  0x00007fa8301fb800 JavaThread "JDWP Event Helper Thread" daemon [_thread_blocked, id=31158, stack(0x00007fa80ce79000,0x00007fa80cf7a000)]
  0x00007fa830201800 JavaThread "Common-Cleaner" daemon [_thread_blocked, id=31206, stack(0x00007fa80cb75000,0x00007fa80cc76000)]
  0x00007fa830449800 JavaThread "JavaCPP Deallocator" daemon [_thread_blocked, id=31210, stack(0x00007fa80ca74000,0x00007fa80cb75000)]
  0x00007fa7d8001800 JavaThread "JDWP Transport Listener: dt_socket" daemon [_thread_in_native, id=31454, stack(0x00007fa80cd78000,0x00007fa80ce79000)]

Other Threads:
  0x00007fa830184800 VMThread "VM Thread" [stack: 0x00007fa8186fd000,0x00007fa8187fd000] [id=31149]
  0x00007fa8301fe000 WatcherThread [stack: 0x00007fa80cc78000,0x00007fa80cd78000] [id=31205]
  0x00007fa83002f800 GCTaskThread "GC Thread#0" [stack: 0x00007fa836990000,0x00007fa836a90000] [id=31144]
  0x00007fa83007b800 ConcurrentGCThread "G1 Main Marker" [stack: 0x00007fa834d42000,0x00007fa834e42000] [id=31145]
  0x00007fa83007d800 ConcurrentGCThread "G1 Conc#0" [stack: 0x00007fa834c40000,0x00007fa834d40000] [id=31146]
  0x00007fa83014a800 ConcurrentGCThread "G1 Refine#0" [stack: 0x00007fa834336000,0x00007fa834436000] [id=31147]
  0x00007fa83014c800 ConcurrentGCThread "G1 Young RemSet Sampling" [stack: 0x00007fa834234000,0x00007fa834334000] [id=31148]

Threads with active compile tasks:

VM state:not at safepoint (normal execution)

VM Mutex/Monitor currently owned by a thread: None

Heap address: 0x000000073b000000, size: 3152 MB, Compressed Oops mode: Zero based, Oop shift amount: 3
Narrow klass base: 0x0000000800000000, Narrow klass shift: 3
Compressed class space size: 1073741824 Address: 0x0000000840000000

Heap:
 garbage-first heap   total 204800K, used 20172K [0x000000073b000000, 0x0000000800000000)
  region size 1024K, 21 young (21504K), 0 survivors (0K)
 Metaspace       used 3612K, capacity 6640K, committed 6912K, reserved 1056768K
  class space    used 410K, capacity 700K, committed 768K, reserved 1048576K
Heap Regions: E=young(eden), S=young(survivor), O=old, HS=humongous(starts), HC=humongous(continues), CS=collection set, F=free, A=archive, TAMS=top-at-mark-start (previous, next)
|   0|0x000000073b000000, 0x000000073b000000, 0x000000073b100000|  0%| F|  |TAMS 0x000000073b000000, 0x000000073b000000| Untracked 
|   1|0x000000073b100000, 0x000000073b100000, 0x000000073b200000|  0%| F|  |TAMS 0x000000073b100000, 0x000000073b100000| Untracked 
|   2|0x000000073b200000, 0x000000073b200000, 0x000000073b300000|  0%| F|  |TAMS 0x000000073b200000, 0x000000073b200000| Untracked 
|   3|0x000000073b300000, 0x000000073b300000, 0x000000073b400000|  0%| F|  |TAMS 0x000000073b300000, 0x000000073b300000| Untracked 
|   4|0x000000073b400000, 0x000000073b400000, 0x000000073b500000|  0%| F|  |TAMS 0x000000073b400000, 0x000000073b400000| Untracked 
|   5|0x000000073b500000, 0x000000073b500000, 0x000000073b600000|  0%| F|  |TAMS 0x000000073b500000, 0x000000073b500000| Untracked 
|   6|0x000000073b600000, 0x000000073b600000, 0x000000073b700000|  0%| F|  |TAMS 0x000000073b600000, 0x000000073b600000| Untracked 
|   7|0x000000073b700000, 0x000000073b700000, 0x000000073b800000|  0%| F|  |TAMS 0x000000073b700000, 0x000000073b700000| Untracked 
|   8|0x000000073b800000, 0x000000073b800000, 0x000000073b900000|  0%| F|  |TAMS 0x000000073b800000, 0x000000073b800000| Untracked 
|   9|0x000000073b900000, 0x000000073b900000, 0x000000073ba00000|  0%| F|  |TAMS 0x000000073b900000, 0x000000073b900000| Untracked 
|  10|0x000000073ba00000, 0x000000073ba00000, 0x000000073bb00000|  0%| F|  |TAMS 0x000000073ba00000, 0x000000073ba00000| Untracked 
|  11|0x000000073bb00000, 0x000000073bb00000, 0x000000073bc00000|  0%| F|  |TAMS 0x000000073bb00000, 0x000000073bb00000| Untracked 
|  12|0x000000073bc00000, 0x000000073bc00000, 0x000000073bd00000|  0%| F|  |TAMS 0x000000073bc00000, 0x000000073bc00000| Untracked 
|  13|0x000000073bd00000, 0x000000073bd00000, 0x000000073be00000|  0%| F|  |TAMS 0x000000073bd00000, 0x000000073bd00000| Untracked 
|  14|0x000000073be00000, 0x000000073be00000, 0x000000073bf00000|  0%| F|  |TAMS 0x000000073be00000, 0x000000073be00000| Untracked 
|  15|0x000000073bf00000, 0x000000073bf00000, 0x000000073c000000|  0%| F|  |TAMS 0x000000073bf00000, 0x000000073bf00000| Untracked 
|  16|0x000000073c000000, 0x000000073c000000, 0x000000073c100000|  0%| F|  |TAMS 0x000000073c000000, 0x000000073c000000| Untracked 
|  17|0x000000073c100000, 0x000000073c100000, 0x000000073c200000|  0%| F|  |TAMS 0x000000073c100000, 0x000000073c100000| Untracked 
|  18|0x000000073c200000, 0x000000073c200000, 0x000000073c300000|  0%| F|  |TAMS 0x000000073c200000, 0x000000073c200000| Untracked 
|  19|0x000000073c300000, 0x000000073c300000, 0x000000073c400000|  0%| F|  |TAMS 0x000000073c300000, 0x000000073c300000| Untracked 
|  20|0x000000073c400000, 0x000000073c400000, 0x000000073c500000|  0%| F|  |TAMS 0x000000073c400000, 0x000000073c400000| Untracked 
|  21|0x000000073c500000, 0x000000073c500000, 0x000000073c600000|  0%| F|  |TAMS 0x000000073c500000, 0x000000073c500000| Untracked 
|  22|0x000000073c600000, 0x000000073c600000, 0x000000073c700000|  0%| F|  |TAMS 0x000000073c600000, 0x000000073c600000| Untracked 
|  23|0x000000073c700000, 0x000000073c700000, 0x000000073c800000|  0%| F|  |TAMS 0x000000073c700000, 0x000000073c700000| Untracked 
|  24|0x000000073c800000, 0x000000073c800000, 0x000000073c900000|  0%| F|  |TAMS 0x000000073c800000, 0x000000073c800000| Untracked 
|  25|0x000000073c900000, 0x000000073c900000, 0x000000073ca00000|  0%| F|  |TAMS 0x000000073c900000, 0x000000073c900000| Untracked 
|  26|0x000000073ca00000, 0x000000073ca00000, 0x000000073cb00000|  0%| F|  |TAMS 0x000000073ca00000, 0x000000073ca00000| Untracked 
|  27|0x000000073cb00000, 0x000000073cb00000, 0x000000073cc00000|  0%| F|  |TAMS 0x000000073cb00000, 0x000000073cb00000| Untracked 
|  28|0x000000073cc00000, 0x000000073cc00000, 0x000000073cd00000|  0%| F|  |TAMS 0x000000073cc00000, 0x000000073cc00000| Untracked 
|  29|0x000000073cd00000, 0x000000073cd00000, 0x000000073ce00000|  0%| F|  |TAMS 0x000000073cd00000, 0x000000073cd00000| Untracked 
|  30|0x000000073ce00000, 0x000000073ce00000, 0x000000073cf00000|  0%| F|  |TAMS 0x000000073ce00000, 0x000000073ce00000| Untracked 
|  31|0x000000073cf00000, 0x000000073cf00000, 0x000000073d000000|  0%| F|  |TAMS 0x000000073cf00000, 0x000000073cf00000| Untracked 
|  32|0x000000073d000000, 0x000000073d000000, 0x000000073d100000|  0%| F|  |TAMS 0x000000073d000000, 0x000000073d000000| Untracked 
|  33|0x000000073d100000, 0x000000073d100000, 0x000000073d200000|  0%| F|  |TAMS 0x000000073d100000, 0x000000073d100000| Untracked 
|  34|0x000000073d200000, 0x000000073d200000, 0x000000073d300000|  0%| F|  |TAMS 0x000000073d200000, 0x000000073d200000| Untracked 
|  35|0x000000073d300000, 0x000000073d300000, 0x000000073d400000|  0%| F|  |TAMS 0x000000073d300000, 0x000000073d300000| Untracked 
|  36|0x000000073d400000, 0x000000073d400000, 0x000000073d500000|  0%| F|  |TAMS 0x000000073d400000, 0x000000073d400000| Untracked 
|  37|0x000000073d500000, 0x000000073d500000, 0x000000073d600000|  0%| F|  |TAMS 0x000000073d500000, 0x000000073d500000| Untracked 
|  38|0x000000073d600000, 0x000000073d600000, 0x000000073d700000|  0%| F|  |TAMS 0x000000073d600000, 0x000000073d600000| Untracked 
|  39|0x000000073d700000, 0x000000073d700000, 0x000000073d800000|  0%| F|  |TAMS 0x000000073d700000, 0x000000073d700000| Untracked 
|  40|0x000000073d800000, 0x000000073d800000, 0x000000073d900000|  0%| F|  |TAMS 0x000000073d800000, 0x000000073d800000| Untracked 
|  41|0x000000073d900000, 0x000000073d900000, 0x000000073da00000|  0%| F|  |TAMS 0x000000073d900000, 0x000000073d900000| Untracked 
|  42|0x000000073da00000, 0x000000073da00000, 0x000000073db00000|  0%| F|  |TAMS 0x000000073da00000, 0x000000073da00000| Untracked 
|  43|0x000000073db00000, 0x000000073db00000, 0x000000073dc00000|  0%| F|  |TAMS 0x000000073db00000, 0x000000073db00000| Untracked 
|  44|0x000000073dc00000, 0x000000073dc00000, 0x000000073dd00000|  0%| F|  |TAMS 0x000000073dc00000, 0x000000073dc00000| Untracked 
|  45|0x000000073dd00000, 0x000000073dd00000, 0x000000073de00000|  0%| F|  |TAMS 0x000000073dd00000, 0x000000073dd00000| Untracked 
|  46|0x000000073de00000, 0x000000073de00000, 0x000000073df00000|  0%| F|  |TAMS 0x000000073de00000, 0x000000073de00000| Untracked 
|  47|0x000000073df00000, 0x000000073df00000, 0x000000073e000000|  0%| F|  |TAMS 0x000000073df00000, 0x000000073df00000| Untracked 
|  48|0x000000073e000000, 0x000000073e000000, 0x000000073e100000|  0%| F|  |TAMS 0x000000073e000000, 0x000000073e000000| Untracked 
|  49|0x000000073e100000, 0x000000073e100000, 0x000000073e200000|  0%| F|  |TAMS 0x000000073e100000, 0x000000073e100000| Untracked 
|  50|0x000000073e200000, 0x000000073e200000, 0x000000073e300000|  0%| F|  |TAMS 0x000000073e200000, 0x000000073e200000| Untracked 
|  51|0x000000073e300000, 0x000000073e300000, 0x000000073e400000|  0%| F|  |TAMS 0x000000073e300000, 0x000000073e300000| Untracked 
|  52|0x000000073e400000, 0x000000073e400000, 0x000000073e500000|  0%| F|  |TAMS 0x000000073e400000, 0x000000073e400000| Untracked 
|  53|0x000000073e500000, 0x000000073e500000, 0x000000073e600000|  0%| F|  |TAMS 0x000000073e500000, 0x000000073e500000| Untracked 
|  54|0x000000073e600000, 0x000000073e600000, 0x000000073e700000|  0%| F|  |TAMS 0x000000073e600000, 0x000000073e600000| Untracked 
|  55|0x000000073e700000, 0x000000073e700000, 0x000000073e800000|  0%| F|  |TAMS 0x000000073e700000, 0x000000073e700000| Untracked 
|  56|0x000000073e800000, 0x000000073e800000, 0x000000073e900000|  0%| F|  |TAMS 0x000000073e800000, 0x000000073e800000| Untracked 
|  57|0x000000073e900000, 0x000000073e900000, 0x000000073ea00000|  0%| F|  |TAMS 0x000000073e900000, 0x000000073e900000| Untracked 
|  58|0x000000073ea00000, 0x000000073ea00000, 0x000000073eb00000|  0%| F|  |TAMS 0x000000073ea00000, 0x000000073ea00000| Untracked 
|  59|0x000000073eb00000, 0x000000073eb00000, 0x000000073ec00000|  0%| F|  |TAMS 0x000000073eb00000, 0x000000073eb00000| Untracked 
|  60|0x000000073ec00000, 0x000000073ec00000, 0x000000073ed00000|  0%| F|  |TAMS 0x000000073ec00000, 0x000000073ec00000| Untracked 
|  61|0x000000073ed00000, 0x000000073ed00000, 0x000000073ee00000|  0%| F|  |TAMS 0x000000073ed00000, 0x000000073ed00000| Untracked 
|  62|0x000000073ee00000, 0x000000073ee00000, 0x000000073ef00000|  0%| F|  |TAMS 0x000000073ee00000, 0x000000073ee00000| Untracked 
|  63|0x000000073ef00000, 0x000000073ef00000, 0x000000073f000000|  0%| F|  |TAMS 0x000000073ef00000, 0x000000073ef00000| Untracked 
|  64|0x000000073f000000, 0x000000073f000000, 0x000000073f100000|  0%| F|  |TAMS 0x000000073f000000, 0x000000073f000000| Untracked 
|  65|0x000000073f100000, 0x000000073f100000, 0x000000073f200000|  0%| F|  |TAMS 0x000000073f100000, 0x000000073f100000| Untracked 
|  66|0x000000073f200000, 0x000000073f200000, 0x000000073f300000|  0%| F|  |TAMS 0x000000073f200000, 0x000000073f200000| Untracked 
|  67|0x000000073f300000, 0x000000073f300000, 0x000000073f400000|  0%| F|  |TAMS 0x000000073f300000, 0x000000073f300000| Untracked 
|  68|0x000000073f400000, 0x000000073f400000, 0x000000073f500000|  0%| F|  |TAMS 0x000000073f400000, 0x000000073f400000| Untracked 
|  69|0x000000073f500000, 0x000000073f500000, 0x000000073f600000|  0%| F|  |TAMS 0x000000073f500000, 0x000000073f500000| Untracked 
|  70|0x000000073f600000, 0x000000073f600000, 0x000000073f700000|  0%| F|  |TAMS 0x000000073f600000, 0x000000073f600000| Untracked 
|  71|0x000000073f700000, 0x000000073f700000, 0x000000073f800000|  0%| F|  |TAMS 0x000000073f700000, 0x000000073f700000| Untracked 
|  72|0x000000073f800000, 0x000000073f800000, 0x000000073f900000|  0%| F|  |TAMS 0x000000073f800000, 0x000000073f800000| Untracked 
|  73|0x000000073f900000, 0x000000073f900000, 0x000000073fa00000|  0%| F|  |TAMS 0x000000073f900000, 0x000000073f900000| Untracked 
|  74|0x000000073fa00000, 0x000000073fa00000, 0x000000073fb00000|  0%| F|  |TAMS 0x000000073fa00000, 0x000000073fa00000| Untracked 
|  75|0x000000073fb00000, 0x000000073fb00000, 0x000000073fc00000|  0%| F|  |TAMS 0x000000073fb00000, 0x000000073fb00000| Untracked 
|  76|0x000000073fc00000, 0x000000073fc00000, 0x000000073fd00000|  0%| F|  |TAMS 0x000000073fc00000, 0x000000073fc00000| Untracked 
|  77|0x000000073fd00000, 0x000000073fd00000, 0x000000073fe00000|  0%| F|  |TAMS 0x000000073fd00000, 0x000000073fd00000| Untracked 
|  78|0x000000073fe00000, 0x000000073fe00000, 0x000000073ff00000|  0%| F|  |TAMS 0x000000073fe00000, 0x000000073fe00000| Untracked 
|  79|0x000000073ff00000, 0x000000073ff00000, 0x0000000740000000|  0%| F|  |TAMS 0x000000073ff00000, 0x000000073ff00000| Untracked 
|  80|0x0000000740000000, 0x0000000740000000, 0x0000000740100000|  0%| F|  |TAMS 0x0000000740000000, 0x0000000740000000| Untracked 
|  81|0x0000000740100000, 0x0000000740100000, 0x0000000740200000|  0%| F|  |TAMS 0x0000000740100000, 0x0000000740100000| Untracked 
|  82|0x0000000740200000, 0x0000000740200000, 0x0000000740300000|  0%| F|  |TAMS 0x0000000740200000, 0x0000000740200000| Untracked 
|  83|0x0000000740300000, 0x0000000740300000, 0x0000000740400000|  0%| F|  |TAMS 0x0000000740300000, 0x0000000740300000| Untracked 
|  84|0x0000000740400000, 0x0000000740400000, 0x0000000740500000|  0%| F|  |TAMS 0x0000000740400000, 0x0000000740400000| Untracked 
|  85|0x0000000740500000, 0x0000000740500000, 0x0000000740600000|  0%| F|  |TAMS 0x0000000740500000, 0x0000000740500000| Untracked 
|  86|0x0000000740600000, 0x0000000740600000, 0x0000000740700000|  0%| F|  |TAMS 0x0000000740600000, 0x0000000740600000| Untracked 
|  87|0x0000000740700000, 0x0000000740700000, 0x0000000740800000|  0%| F|  |TAMS 0x0000000740700000, 0x0000000740700000| Untracked 
|  88|0x0000000740800000, 0x0000000740800000, 0x0000000740900000|  0%| F|  |TAMS 0x0000000740800000, 0x0000000740800000| Untracked 
|  89|0x0000000740900000, 0x0000000740900000, 0x0000000740a00000|  0%| F|  |TAMS 0x0000000740900000, 0x0000000740900000| Untracked 
|  90|0x0000000740a00000, 0x0000000740a00000, 0x0000000740b00000|  0%| F|  |TAMS 0x0000000740a00000, 0x0000000740a00000| Untracked 
|  91|0x0000000740b00000, 0x0000000740b00000, 0x0000000740c00000|  0%| F|  |TAMS 0x0000000740b00000, 0x0000000740b00000| Untracked 
|  92|0x0000000740c00000, 0x0000000740c00000, 0x0000000740d00000|  0%| F|  |TAMS 0x0000000740c00000, 0x0000000740c00000| Untracked 
|  93|0x0000000740d00000, 0x0000000740d00000, 0x0000000740e00000|  0%| F|  |TAMS 0x0000000740d00000, 0x0000000740d00000| Untracked 
|  94|0x0000000740e00000, 0x0000000740e00000, 0x0000000740f00000|  0%| F|  |TAMS 0x0000000740e00000, 0x0000000740e00000| Untracked 
|  95|0x0000000740f00000, 0x0000000740f00000, 0x0000000741000000|  0%| F|  |TAMS 0x0000000740f00000, 0x0000000740f00000| Untracked 
|  96|0x0000000741000000, 0x0000000741000000, 0x0000000741100000|  0%| F|  |TAMS 0x0000000741000000, 0x0000000741000000| Untracked 
|  97|0x0000000741100000, 0x0000000741100000, 0x0000000741200000|  0%| F|  |TAMS 0x0000000741100000, 0x0000000741100000| Untracked 
|  98|0x0000000741200000, 0x0000000741200000, 0x0000000741300000|  0%| F|  |TAMS 0x0000000741200000, 0x0000000741200000| Untracked 
|  99|0x0000000741300000, 0x0000000741300000, 0x0000000741400000|  0%| F|  |TAMS 0x0000000741300000, 0x0000000741300000| Untracked 
| 100|0x0000000741400000, 0x0000000741400000, 0x0000000741500000|  0%| F|  |TAMS 0x0000000741400000, 0x0000000741400000| Untracked 
| 101|0x0000000741500000, 0x0000000741500000, 0x0000000741600000|  0%| F|  |TAMS 0x0000000741500000, 0x0000000741500000| Untracked 
| 102|0x0000000741600000, 0x0000000741600000, 0x0000000741700000|  0%| F|  |TAMS 0x0000000741600000, 0x0000000741600000| Untracked 
| 103|0x0000000741700000, 0x0000000741700000, 0x0000000741800000|  0%| F|  |TAMS 0x0000000741700000, 0x0000000741700000| Untracked 
| 104|0x0000000741800000, 0x0000000741800000, 0x0000000741900000|  0%| F|  |TAMS 0x0000000741800000, 0x0000000741800000| Untracked 
| 105|0x0000000741900000, 0x0000000741900000, 0x0000000741a00000|  0%| F|  |TAMS 0x0000000741900000, 0x0000000741900000| Untracked 
| 106|0x0000000741a00000, 0x0000000741a00000, 0x0000000741b00000|  0%| F|  |TAMS 0x0000000741a00000, 0x0000000741a00000| Untracked 
| 107|0x0000000741b00000, 0x0000000741b00000, 0x0000000741c00000|  0%| F|  |TAMS 0x0000000741b00000, 0x0000000741b00000| Untracked 
| 108|0x0000000741c00000, 0x0000000741c00000, 0x0000000741d00000|  0%| F|  |TAMS 0x0000000741c00000, 0x0000000741c00000| Untracked 
| 109|0x0000000741d00000, 0x0000000741d00000, 0x0000000741e00000|  0%| F|  |TAMS 0x0000000741d00000, 0x0000000741d00000| Untracked 
| 110|0x0000000741e00000, 0x0000000741e00000, 0x0000000741f00000|  0%| F|  |TAMS 0x0000000741e00000, 0x0000000741e00000| Untracked 
| 111|0x0000000741f00000, 0x0000000741f00000, 0x0000000742000000|  0%| F|  |TAMS 0x0000000741f00000, 0x0000000741f00000| Untracked 
| 112|0x0000000742000000, 0x0000000742000000, 0x0000000742100000|  0%| F|  |TAMS 0x0000000742000000, 0x0000000742000000| Untracked 
| 113|0x0000000742100000, 0x0000000742100000, 0x0000000742200000|  0%| F|  |TAMS 0x0000000742100000, 0x0000000742100000| Untracked 
| 114|0x0000000742200000, 0x0000000742200000, 0x0000000742300000|  0%| F|  |TAMS 0x0000000742200000, 0x0000000742200000| Untracked 
| 115|0x0000000742300000, 0x0000000742300000, 0x0000000742400000|  0%| F|  |TAMS 0x0000000742300000, 0x0000000742300000| Untracked 
| 116|0x0000000742400000, 0x0000000742400000, 0x0000000742500000|  0%| F|  |TAMS 0x0000000742400000, 0x0000000742400000| Untracked 
| 117|0x0000000742500000, 0x0000000742500000, 0x0000000742600000|  0%| F|  |TAMS 0x0000000742500000, 0x0000000742500000| Untracked 
| 118|0x0000000742600000, 0x0000000742600000, 0x0000000742700000|  0%| F|  |TAMS 0x0000000742600000, 0x0000000742600000| Untracked 
| 119|0x0000000742700000, 0x0000000742700000, 0x0000000742800000|  0%| F|  |TAMS 0x0000000742700000, 0x0000000742700000| Untracked 
| 120|0x0000000742800000, 0x0000000742800000, 0x0000000742900000|  0%| F|  |TAMS 0x0000000742800000, 0x0000000742800000| Untracked 
| 121|0x0000000742900000, 0x0000000742900000, 0x0000000742a00000|  0%| F|  |TAMS 0x0000000742900000, 0x0000000742900000| Untracked 
| 122|0x0000000742a00000, 0x0000000742a00000, 0x0000000742b00000|  0%| F|  |TAMS 0x0000000742a00000, 0x0000000742a00000| Untracked 
| 123|0x0000000742b00000, 0x0000000742b00000, 0x0000000742c00000|  0%| F|  |TAMS 0x0000000742b00000, 0x0000000742b00000| Untracked 
| 124|0x0000000742c00000, 0x0000000742c00000, 0x0000000742d00000|  0%| F|  |TAMS 0x0000000742c00000, 0x0000000742c00000| Untracked 
| 125|0x0000000742d00000, 0x0000000742d00000, 0x0000000742e00000|  0%| F|  |TAMS 0x0000000742d00000, 0x0000000742d00000| Untracked 
| 126|0x0000000742e00000, 0x0000000742e00000, 0x0000000742f00000|  0%| F|  |TAMS 0x0000000742e00000, 0x0000000742e00000| Untracked 
| 127|0x0000000742f00000, 0x0000000742f00000, 0x0000000743000000|  0%| F|  |TAMS 0x0000000742f00000, 0x0000000742f00000| Untracked 
| 128|0x0000000743000000, 0x0000000743000000, 0x0000000743100000|  0%| F|  |TAMS 0x0000000743000000, 0x0000000743000000| Untracked 
| 129|0x0000000743100000, 0x0000000743100000, 0x0000000743200000|  0%| F|  |TAMS 0x0000000743100000, 0x0000000743100000| Untracked 
| 130|0x0000000743200000, 0x0000000743200000, 0x0000000743300000|  0%| F|  |TAMS 0x0000000743200000, 0x0000000743200000| Untracked 
| 131|0x0000000743300000, 0x0000000743300000, 0x0000000743400000|  0%| F|  |TAMS 0x0000000743300000, 0x0000000743300000| Untracked 
| 132|0x0000000743400000, 0x0000000743400000, 0x0000000743500000|  0%| F|  |TAMS 0x0000000743400000, 0x0000000743400000| Untracked 
| 133|0x0000000743500000, 0x0000000743500000, 0x0000000743600000|  0%| F|  |TAMS 0x0000000743500000, 0x0000000743500000| Untracked 
| 134|0x0000000743600000, 0x0000000743600000, 0x0000000743700000|  0%| F|  |TAMS 0x0000000743600000, 0x0000000743600000| Untracked 
| 135|0x0000000743700000, 0x0000000743700000, 0x0000000743800000|  0%| F|  |TAMS 0x0000000743700000, 0x0000000743700000| Untracked 
| 136|0x0000000743800000, 0x0000000743800000, 0x0000000743900000|  0%| F|  |TAMS 0x0000000743800000, 0x0000000743800000| Untracked 
| 137|0x0000000743900000, 0x0000000743900000, 0x0000000743a00000|  0%| F|  |TAMS 0x0000000743900000, 0x0000000743900000| Untracked 
| 138|0x0000000743a00000, 0x0000000743a00000, 0x0000000743b00000|  0%| F|  |TAMS 0x0000000743a00000, 0x0000000743a00000| Untracked 
| 139|0x0000000743b00000, 0x0000000743b00000, 0x0000000743c00000|  0%| F|  |TAMS 0x0000000743b00000, 0x0000000743b00000| Untracked 
| 140|0x0000000743c00000, 0x0000000743c00000, 0x0000000743d00000|  0%| F|  |TAMS 0x0000000743c00000, 0x0000000743c00000| Untracked 
| 141|0x0000000743d00000, 0x0000000743d00000, 0x0000000743e00000|  0%| F|  |TAMS 0x0000000743d00000, 0x0000000743d00000| Untracked 
| 142|0x0000000743e00000, 0x0000000743e00000, 0x0000000743f00000|  0%| F|  |TAMS 0x0000000743e00000, 0x0000000743e00000| Untracked 
| 143|0x0000000743f00000, 0x0000000743f00000, 0x0000000744000000|  0%| F|  |TAMS 0x0000000743f00000, 0x0000000743f00000| Untracked 
| 144|0x0000000744000000, 0x0000000744000000, 0x0000000744100000|  0%| F|  |TAMS 0x0000000744000000, 0x0000000744000000| Untracked 
| 145|0x0000000744100000, 0x0000000744100000, 0x0000000744200000|  0%| F|  |TAMS 0x0000000744100000, 0x0000000744100000| Untracked 
| 146|0x0000000744200000, 0x0000000744200000, 0x0000000744300000|  0%| F|  |TAMS 0x0000000744200000, 0x0000000744200000| Untracked 
| 147|0x0000000744300000, 0x0000000744300000, 0x0000000744400000|  0%| F|  |TAMS 0x0000000744300000, 0x0000000744300000| Untracked 
| 148|0x0000000744400000, 0x0000000744400000, 0x0000000744500000|  0%| F|  |TAMS 0x0000000744400000, 0x0000000744400000| Untracked 
| 149|0x0000000744500000, 0x0000000744500000, 0x0000000744600000|  0%| F|  |TAMS 0x0000000744500000, 0x0000000744500000| Untracked 
| 150|0x0000000744600000, 0x0000000744600000, 0x0000000744700000|  0%| F|  |TAMS 0x0000000744600000, 0x0000000744600000| Untracked 
| 151|0x0000000744700000, 0x0000000744700000, 0x0000000744800000|  0%| F|  |TAMS 0x0000000744700000, 0x0000000744700000| Untracked 
| 152|0x0000000744800000, 0x0000000744800000, 0x0000000744900000|  0%| F|  |TAMS 0x0000000744800000, 0x0000000744800000| Untracked 
| 153|0x0000000744900000, 0x0000000744900000, 0x0000000744a00000|  0%| F|  |TAMS 0x0000000744900000, 0x0000000744900000| Untracked 
| 154|0x0000000744a00000, 0x0000000744a00000, 0x0000000744b00000|  0%| F|  |TAMS 0x0000000744a00000, 0x0000000744a00000| Untracked 
| 155|0x0000000744b00000, 0x0000000744b00000, 0x0000000744c00000|  0%| F|  |TAMS 0x0000000744b00000, 0x0000000744b00000| Untracked 
| 156|0x0000000744c00000, 0x0000000744c00000, 0x0000000744d00000|  0%| F|  |TAMS 0x0000000744c00000, 0x0000000744c00000| Untracked 
| 157|0x0000000744d00000, 0x0000000744d00000, 0x0000000744e00000|  0%| F|  |TAMS 0x0000000744d00000, 0x0000000744d00000| Untracked 
| 158|0x0000000744e00000, 0x0000000744e00000, 0x0000000744f00000|  0%| F|  |TAMS 0x0000000744e00000, 0x0000000744e00000| Untracked 
| 159|0x0000000744f00000, 0x0000000744f00000, 0x0000000745000000|  0%| F|  |TAMS 0x0000000744f00000, 0x0000000744f00000| Untracked 
| 160|0x0000000745000000, 0x0000000745000000, 0x0000000745100000|  0%| F|  |TAMS 0x0000000745000000, 0x0000000745000000| Untracked 
| 161|0x0000000745100000, 0x0000000745100000, 0x0000000745200000|  0%| F|  |TAMS 0x0000000745100000, 0x0000000745100000| Untracked 
| 162|0x0000000745200000, 0x0000000745200000, 0x0000000745300000|  0%| F|  |TAMS 0x0000000745200000, 0x0000000745200000| Untracked 
| 163|0x0000000745300000, 0x0000000745300000, 0x0000000745400000|  0%| F|  |TAMS 0x0000000745300000, 0x0000000745300000| Untracked 
| 164|0x0000000745400000, 0x0000000745400000, 0x0000000745500000|  0%| F|  |TAMS 0x0000000745400000, 0x0000000745400000| Untracked 
| 165|0x0000000745500000, 0x0000000745500000, 0x0000000745600000|  0%| F|  |TAMS 0x0000000745500000, 0x0000000745500000| Untracked 
| 166|0x0000000745600000, 0x0000000745600000, 0x0000000745700000|  0%| F|  |TAMS 0x0000000745600000, 0x0000000745600000| Untracked 
| 167|0x0000000745700000, 0x0000000745700000, 0x0000000745800000|  0%| F|  |TAMS 0x0000000745700000, 0x0000000745700000| Untracked 
| 168|0x0000000745800000, 0x0000000745800000, 0x0000000745900000|  0%| F|  |TAMS 0x0000000745800000, 0x0000000745800000| Untracked 
| 169|0x0000000745900000, 0x0000000745900000, 0x0000000745a00000|  0%| F|  |TAMS 0x0000000745900000, 0x0000000745900000| Untracked 
| 170|0x0000000745a00000, 0x0000000745a00000, 0x0000000745b00000|  0%| F|  |TAMS 0x0000000745a00000, 0x0000000745a00000| Untracked 
| 171|0x0000000745b00000, 0x0000000745b00000, 0x0000000745c00000|  0%| F|  |TAMS 0x0000000745b00000, 0x0000000745b00000| Untracked 
| 172|0x0000000745c00000, 0x0000000745c00000, 0x0000000745d00000|  0%| F|  |TAMS 0x0000000745c00000, 0x0000000745c00000| Untracked 
| 173|0x0000000745d00000, 0x0000000745d00000, 0x0000000745e00000|  0%| F|  |TAMS 0x0000000745d00000, 0x0000000745d00000| Untracked 
| 174|0x0000000745e00000, 0x0000000745e00000, 0x0000000745f00000|  0%| F|  |TAMS 0x0000000745e00000, 0x0000000745e00000| Untracked 
| 175|0x0000000745f00000, 0x0000000745f00000, 0x0000000746000000|  0%| F|  |TAMS 0x0000000745f00000, 0x0000000745f00000| Untracked 
| 176|0x0000000746000000, 0x0000000746000000, 0x0000000746100000|  0%| F|  |TAMS 0x0000000746000000, 0x0000000746000000| Untracked 
| 177|0x0000000746100000, 0x00000007461f65b0, 0x0000000746200000| 96%| E|  |TAMS 0x0000000746100000, 0x0000000746100000| Complete 
| 178|0x0000000746200000, 0x0000000746300000, 0x0000000746300000|100%| E|CS|TAMS 0x0000000746200000, 0x0000000746200000| Complete 
| 179|0x0000000746300000, 0x0000000746400000, 0x0000000746400000|100%| E|CS|TAMS 0x0000000746300000, 0x0000000746300000| Complete 
| 180|0x0000000746400000, 0x0000000746500000, 0x0000000746500000|100%| E|CS|TAMS 0x0000000746400000, 0x0000000746400000| Complete 
| 181|0x0000000746500000, 0x0000000746600000, 0x0000000746600000|100%| E|CS|TAMS 0x0000000746500000, 0x0000000746500000| Complete 
| 182|0x0000000746600000, 0x0000000746700000, 0x0000000746700000|100%| E|CS|TAMS 0x0000000746600000, 0x0000000746600000| Complete 
| 183|0x0000000746700000, 0x0000000746800000, 0x0000000746800000|100%| E|CS|TAMS 0x0000000746700000, 0x0000000746700000| Complete 
| 184|0x0000000746800000, 0x0000000746900000, 0x0000000746900000|100%| E|CS|TAMS 0x0000000746800000, 0x0000000746800000| Complete 
| 185|0x0000000746900000, 0x0000000746a00000, 0x0000000746a00000|100%| E|CS|TAMS 0x0000000746900000, 0x0000000746900000| Complete 
| 186|0x0000000746a00000, 0x0000000746b00000, 0x0000000746b00000|100%| E|CS|TAMS 0x0000000746a00000, 0x0000000746a00000| Complete 
| 187|0x0000000746b00000, 0x0000000746c00000, 0x0000000746c00000|100%| E|CS|TAMS 0x0000000746b00000, 0x0000000746b00000| Complete 
| 188|0x0000000746c00000, 0x0000000746d00000, 0x0000000746d00000|100%| E|  |TAMS 0x0000000746c00000, 0x0000000746c00000| Complete 
| 189|0x0000000746d00000, 0x0000000746e00000, 0x0000000746e00000|100%| E|CS|TAMS 0x0000000746d00000, 0x0000000746d00000| Complete 
| 190|0x0000000746e00000, 0x0000000746f00000, 0x0000000746f00000|100%| E|CS|TAMS 0x0000000746e00000, 0x0000000746e00000| Complete 
| 191|0x0000000746f00000, 0x0000000747000000, 0x0000000747000000|100%| E|CS|TAMS 0x0000000746f00000, 0x0000000746f00000| Complete 
| 192|0x0000000747000000, 0x0000000747100000, 0x0000000747100000|100%| E|CS|TAMS 0x0000000747000000, 0x0000000747000000| Complete 
| 193|0x0000000747100000, 0x0000000747200000, 0x0000000747200000|100%| E|CS|TAMS 0x0000000747100000, 0x0000000747100000| Complete 
| 194|0x0000000747200000, 0x0000000747300000, 0x0000000747300000|100%| E|CS|TAMS 0x0000000747200000, 0x0000000747200000| Complete 
| 195|0x0000000747300000, 0x0000000747400000, 0x0000000747400000|100%| E|CS|TAMS 0x0000000747300000, 0x0000000747300000| Complete 
| 196|0x0000000747400000, 0x0000000747500000, 0x0000000747500000|100%| E|CS|TAMS 0x0000000747400000, 0x0000000747400000| Complete 
| 197|0x0000000747500000, 0x0000000747600000, 0x0000000747600000|100%| E|CS|TAMS 0x0000000747500000, 0x0000000747500000| Complete 
|2126|0x00000007bfe00000, 0x00000007bfe48000, 0x00000007bff00000| 28%|OA|  |TAMS 0x00000007bfe00000, 0x00000007bfe00000| Untracked 
|2127|0x00000007bff00000, 0x00000007bff6b000, 0x00000007c0000000| 41%|CA|  |TAMS 0x00000007bff00000, 0x00000007bff00000| Untracked 

Card table byte_map: [0x00007fa835536000,0x00007fa835b5e000] _byte_map_base: 0x00007fa831b5e000

Marking Bits (Prev, Next): (CMBitMap*) 0x00007fa83006e448, (CMBitMap*) 0x00007fa83006e480
 Prev Bits: [0x00007fa810ec0000, 0x00007fa814000000)
 Next Bits: [0x00007fa80dd80000, 0x00007fa810ec0000)

Polling page: 0x00007fa83866a000

Metaspace:

Usage:
  Non-class:      5.80 MB capacity,     3.13 MB ( 54%) used,     2.67 MB ( 46%) free+waste,     4.31 KB ( <1%) overhead. 
      Class:    700.00 KB capacity,   410.55 KB ( 59%) used,   287.32 KB ( 41%) free+waste,     2.12 KB ( <1%) overhead. 
       Both:      6.48 MB capacity,     3.53 MB ( 54%) used,     2.95 MB ( 46%) free+waste,     6.44 KB ( <1%) overhead. 

Virtual space:
  Non-class space:        8.00 MB reserved,       6.00 MB ( 75%) committed 
      Class space:        1.00 GB reserved,     768.00 KB ( <1%) committed 
             Both:        1.01 GB reserved,       6.75 MB ( <1%) committed 

Chunk freelists:
   Non-Class:  12.00 KB
       Class:  4.00 KB
        Both:  16.00 KB

MaxMetaspaceSize: unlimited
CompressedClassSpaceSize: 1.00 GB
Initial GC threshold: 20.80 MB
Current GC threshold: 20.80 MB
CDS: on

CodeHeap 'non-profiled nmethods': size=120032Kb used=206Kb max_used=206Kb free=119825Kb
 bounds [0x00007fa8202c5000, 0x00007fa820535000, 0x00007fa8277fd000]
CodeHeap 'profiled nmethods': size=120028Kb used=1268Kb max_used=1268Kb free=118760Kb
 bounds [0x00007fa818d8e000, 0x00007fa818ffe000, 0x00007fa8202c5000]
CodeHeap 'non-nmethods': size=5700Kb used=1205Kb max_used=1231Kb free=4494Kb
 bounds [0x00007fa8187fd000, 0x00007fa818a6d000, 0x00007fa818d8e000]
 total_blobs=1050 nmethods=663 adapters=309
 compilation: enabled
              stopped_count=0, restarted_count=0
 full_count=0

Compilation events (20 events):
Event: 1.198 Thread 0x00007fa830198000 nmethod 656 0x00007fa818ec5690 code [0x00007fa818ec58a0, 0x00007fa818ec5e40]
Event: 1.198 Thread 0x00007fa830198000  657       3       jdk.internal.ref.CleanerImpl$PhantomCleanableRef::<init> (12 bytes)
Event: 1.198 Thread 0x00007fa830198000 nmethod 657 0x00007fa818ec6090 code [0x00007fa818ec6240, 0x00007fa818ec6400]
Event: 1.198 Thread 0x00007fa830198000  642       3       java.util.zip.ZipFile$ZipFileInputStream::<init> (96 bytes)
Event: 1.199 Thread 0x00007fa830198000 nmethod 642 0x00007fa818ec6490 code [0x00007fa818ec66e0, 0x00007fa818ec71a0]
Event: 1.199 Thread 0x00007fa830198000  652       1       java.util.zip.ZipEntry::getName (5 bytes)
Event: 1.199 Thread 0x00007fa830198000 nmethod 652 0x00007fa8202f2e10 code [0x00007fa8202f2fc0, 0x00007fa8202f3090]
Event: 1.199 Thread 0x00007fa830198000  659       3       sun.reflect.annotation.AnnotationInvocationHandler::invoke (178 bytes)
Event: 1.199 Thread 0x00007fa7e03ab000 nmethod 638 0x00007fa8202f3110 code [0x00007fa8202f32c0, 0x00007fa8202f3818]
Event: 1.199 Thread 0x00007fa7e03ab000  660       4       java.lang.String::indexOf (7 bytes)
Event: 1.200 Thread 0x00007fa830198000 nmethod 659 0x00007fa818ec7610 code [0x00007fa818ec7920, 0x00007fa818ec8aa0]
Event: 1.200 Thread 0x00007fa830198000  661       3       java.nio.ByteBuffer::arrayOffset (35 bytes)
Event: 1.200 Thread 0x00007fa830198000 nmethod 661 0x00007fa818ec9090 code [0x00007fa818ec9280, 0x00007fa818ec9590]
Event: 1.200 Thread 0x00007fa830198000  662       3       java.nio.CharBuffer::arrayOffset (35 bytes)
Event: 1.200 Thread 0x00007fa830198000 nmethod 662 0x00007fa818ec9710 code [0x00007fa818ec9900, 0x00007fa818ec9c10]
Event: 1.201 Thread 0x00007fa830198000  663       3       jdk.internal.loader.BuiltinClassLoader::isSealed (70 bytes)
Event: 1.201 Thread 0x00007fa830198000 nmethod 663 0x00007fa818ec9d90 code [0x00007fa818eca020, 0x00007fa818ecab60]
Event: 1.202 Thread 0x00007fa7e03ab000 nmethod 660 0x00007fa8202f3a90 code [0x00007fa8202f3c20, 0x00007fa8202f3e18]
Event: 1.206 Thread 0x00007fa7e03a9000 nmethod 653 0x00007fa8202f4010 code [0x00007fa8202f4200, 0x00007fa8202f4d28]
Event: 1.248 Thread 0x00007fa830196000 nmethod 658 0x00007fa8202f5090 code [0x00007fa8202f5360, 0x00007fa8202f76d0]

GC Heap History (0 events):
No events

Deoptimization events (20 events):
Event: 1.076 Thread 0x00007fa830017800 DEOPT PACKING pc=0x00007fa8202d3fa8 sp=0x00007fa836e234b0
Event: 1.076 Thread 0x00007fa830017800 DEOPT UNPACKING pc=0x00007fa8188052a5 sp=0x00007fa836e23438 mode 2
Event: 1.112 Thread 0x00007fa830017800 DEOPT PACKING pc=0x00007fa818e2d98a sp=0x00007fa836e218a0
Event: 1.112 Thread 0x00007fa830017800 DEOPT UNPACKING pc=0x00007fa8188469fa sp=0x00007fa836e20d48 mode 0
Event: 1.136 Thread 0x00007fa830017800 DEOPT PACKING pc=0x00007fa818e735dc sp=0x00007fa836e21d70
Event: 1.136 Thread 0x00007fa830017800 DEOPT UNPACKING pc=0x00007fa8188469fa sp=0x00007fa836e21250 mode 1
Event: 1.136 Thread 0x00007fa830017800 DEOPT PACKING pc=0x00007fa818e24c04 sp=0x00007fa836e23560
Event: 1.136 Thread 0x00007fa830017800 DEOPT UNPACKING pc=0x00007fa8188469fa sp=0x00007fa836e22ac8 mode 1
Event: 1.156 Thread 0x00007fa830017800 Uncommon trap: trap_request=0xffffff4d fr.pc=0x00007fa8202ea35c relative=0x000000000000019c
Event: 1.156 Thread 0x00007fa830017800 Uncommon trap: reason=unstable_if action=reinterpret pc=0x00007fa8202ea35c method=java.util.zip.ZipFile$Source.isMetaName([BII)Z @ 57 c2
Event: 1.156 Thread 0x00007fa830017800 DEOPT PACKING pc=0x00007fa8202ea35c sp=0x00007fa836e200e0
Event: 1.156 Thread 0x00007fa830017800 DEOPT UNPACKING pc=0x00007fa8188052a5 sp=0x00007fa836e200a8 mode 2
Event: 1.523 Thread 0x00007fa830017800 Uncommon trap: trap_request=0xffffff4d fr.pc=0x00007fa8202f1628 relative=0x00000000000005e8
Event: 1.523 Thread 0x00007fa830017800 Uncommon trap: reason=unstable_if action=reinterpret pc=0x00007fa8202f1628 method=java.lang.Integer.getChars(II[B)I @ 25 c2
Event: 1.523 Thread 0x00007fa830017800 DEOPT PACKING pc=0x00007fa8202f1628 sp=0x00007fa836e232c0
Event: 1.523 Thread 0x00007fa830017800 DEOPT UNPACKING pc=0x00007fa8188052a5 sp=0x00007fa836e23208 mode 2
Event: 1.523 Thread 0x00007fa830017800 Uncommon trap: trap_request=0xffffff4d fr.pc=0x00007fa8202ef5bc relative=0x000000000000011c
Event: 1.523 Thread 0x00007fa830017800 Uncommon trap: reason=unstable_if action=reinterpret pc=0x00007fa8202ef5bc method=java.lang.Integer.getChars(II[B)I @ 25 c2
Event: 1.523 Thread 0x00007fa830017800 DEOPT PACKING pc=0x00007fa8202ef5bc sp=0x00007fa836e23240
Event: 1.523 Thread 0x00007fa830017800 DEOPT UNPACKING pc=0x00007fa8188052a5 sp=0x00007fa836e231f8 mode 2

Classes redefined (0 events):
No events

Internal exceptions (20 events):
Event: 1.031 Thread 0x00007fa830017800 Exception <a 'java/security/PrivilegedActionException'{0x0000000747140510}> (0x0000000747140510) thrown at [src/hotspot/share/prims/jvm.cpp, line 1304]
Event: 1.031 Thread 0x00007fa830017800 Exception <a 'java/security/PrivilegedActionException'{0x00000007471407e0}> (0x00000007471407e0) thrown at [src/hotspot/share/prims/jvm.cpp, line 1304]
Event: 1.031 Thread 0x00007fa830017800 Exception <a 'java/security/PrivilegedActionException'{0x00000007471412a8}> (0x00000007471412a8) thrown at [src/hotspot/share/prims/jvm.cpp, line 1304]
Event: 1.031 Thread 0x00007fa830017800 Exception <a 'java/security/PrivilegedActionException'{0x0000000747141578}> (0x0000000747141578) thrown at [src/hotspot/share/prims/jvm.cpp, line 1304]
Event: 1.031 Thread 0x00007fa830017800 Exception <a 'java/security/PrivilegedActionException'{0x0000000747142048}> (0x0000000747142048) thrown at [src/hotspot/share/prims/jvm.cpp, line 1304]
Event: 1.031 Thread 0x00007fa830017800 Exception <a 'java/security/PrivilegedActionException'{0x0000000747142318}> (0x0000000747142318) thrown at [src/hotspot/share/prims/jvm.cpp, line 1304]
Event: 1.031 Thread 0x00007fa830017800 Exception <a 'java/security/PrivilegedActionException'{0x0000000747142de8}> (0x0000000747142de8) thrown at [src/hotspot/share/prims/jvm.cpp, line 1304]
Event: 1.031 Thread 0x00007fa830017800 Exception <a 'java/security/PrivilegedActionException'{0x00000007471430b8}> (0x00000007471430b8) thrown at [src/hotspot/share/prims/jvm.cpp, line 1304]
Event: 1.031 Thread 0x00007fa830017800 Exception <a 'java/security/PrivilegedActionException'{0x0000000747143ba8}> (0x0000000747143ba8) thrown at [src/hotspot/share/prims/jvm.cpp, line 1304]
Event: 1.031 Thread 0x00007fa830017800 Exception <a 'java/security/PrivilegedActionException'{0x0000000747143e78}> (0x0000000747143e78) thrown at [src/hotspot/share/prims/jvm.cpp, line 1304]
Event: 1.031 Thread 0x00007fa830017800 Exception <a 'java/security/PrivilegedActionException'{0x0000000747144948}> (0x0000000747144948) thrown at [src/hotspot/share/prims/jvm.cpp, line 1304]
Event: 1.031 Thread 0x00007fa830017800 Exception <a 'java/security/PrivilegedActionException'{0x0000000747144c18}> (0x0000000747144c18) thrown at [src/hotspot/share/prims/jvm.cpp, line 1304]
Event: 1.031 Thread 0x00007fa830017800 Exception <a 'java/security/PrivilegedActionException'{0x0000000747145710}> (0x0000000747145710) thrown at [src/hotspot/share/prims/jvm.cpp, line 1304]
Event: 1.031 Thread 0x00007fa830017800 Exception <a 'java/security/PrivilegedActionException'{0x00000007471459e0}> (0x00000007471459e0) thrown at [src/hotspot/share/prims/jvm.cpp, line 1304]
Event: 1.086 Thread 0x00007fa830017800 Exception <a 'java/lang/NoSuchMethodError'{0x00000007470d7528}: 'int java.lang.invoke.DirectMethodHandle$Holder.invokeStaticInit(java.lang.Object, java.lang.Object, java.lang.Object, java.lang.Object)'> (0x00000007470d7528) thrown at [src/hotspot/share/interpreter/linkResolver.cpp, line 772]
Event: 1.088 Thread 0x00007fa830017800 Exception <a 'java/lang/IncompatibleClassChangeError'{0x00000007470e1a10}: Found class java.lang.Object, but interface was expected> (0x00000007470e1a10) thrown at [src/hotspot/share/interpreter/linkResolver.cpp, line 839]
Event: 1.088 Thread 0x00007fa830017800 Exception <a 'java/lang/NoSuchMethodError'{0x00000007470e4c60}: 'void java.lang.invoke.DirectMethodHandle$Holder.invokeStaticInit(java.lang.Object, java.lang.Object)'> (0x00000007470e4c60) thrown at [src/hotspot/share/interpreter/linkResolver.cpp, line 772]
Event: 1.090 Thread 0x00007fa830017800 Exception <a 'java/lang/NoSuchMethodError'{0x00000007470eaca8}: 'int java.lang.invoke.DirectMethodHandle$Holder.invokeStaticInit(java.lang.Object, java.lang.Object)'> (0x00000007470eaca8) thrown at [src/hotspot/share/interpreter/linkResolver.cpp, line 772]
Event: 1.136 Thread 0x00007fa830017800 Exception <a 'java/security/PrivilegedActionException'{0x0000000746e6fb68}> (0x0000000746e6fb68) thrown at [src/hotspot/share/prims/jvm.cpp, line 1304]
Event: 1.136 Thread 0x00007fa830017800 Exception <a 'java/security/PrivilegedActionException'{0x0000000746e6fe38}> (0x0000000746e6fe38) thrown at [src/hotspot/share/prims/jvm.cpp, line 1304]

Events (20 events):
Event: 44.947 Executing VM operation: GetStackTrace
Event: 44.947 Executing VM operation: GetStackTrace done
Event: 44.948 Executing VM operation: GetFrameCount
Event: 44.948 Executing VM operation: GetFrameCount done
Event: 44.948 Executing VM operation: GetStackTrace
Event: 44.948 Executing VM operation: GetStackTrace done
Event: 44.949 Executing VM operation: GetFrameCount
Event: 44.949 Executing VM operation: GetFrameCount done
Event: 44.949 Executing VM operation: GetStackTrace
Event: 44.949 Executing VM operation: GetStackTrace done
Event: 44.949 Executing VM operation: GetFrameCount
Event: 44.950 Executing VM operation: GetFrameCount done
Event: 44.950 Executing VM operation: GetStackTrace
Event: 44.950 Executing VM operation: GetStackTrace done
Event: 44.950 Executing VM operation: GetFrameCount
Event: 44.950 Executing VM operation: GetFrameCount done
Event: 44.951 Executing VM operation: GetStackTrace
Event: 44.951 Executing VM operation: GetStackTrace done
Event: 55.047 Executing VM operation: ChangeBreakpoints
Event: 55.047 Executing VM operation: ChangeBreakpoints done


Dynamic libraries:
73b000000-747600000 rw-p 00000000 00:00 0 
747600000-7bfe00000 ---p 00000000 00:00 0 
7bfe00000-7bfe48000 rw-p 00b0a000 08:10 51914                            /usr/lib/jvm/java-11-openjdk-amd64/lib/server/classes.jsa
7bfe48000-7bff00000 rw-p 00000000 00:00 0 
7bff00000-7bff6b000 rw-p 00a9f000 08:10 51914                            /usr/lib/jvm/java-11-openjdk-amd64/lib/server/classes.jsa
7bff6b000-7c0000000 rw-p 00000000 00:00 0 
7c0000000-800000000 ---p 00000000 00:00 0 
800000000-800002000 rwxp 00001000 08:10 51914                            /usr/lib/jvm/java-11-openjdk-amd64/lib/server/classes.jsa
800002000-800a9e000 rw-p 00003000 08:10 51914                            /usr/lib/jvm/java-11-openjdk-amd64/lib/server/classes.jsa
840000000-8400c0000 rw-p 00000000 00:00 0 
8400c0000-880000000 ---p 00000000 00:00 0 
564e15e88000-564e15e89000 r--p 00000000 08:10 51492                      /usr/lib/jvm/java-11-openjdk-amd64/bin/java
564e15e89000-564e15e8a000 r-xp 00001000 08:10 51492                      /usr/lib/jvm/java-11-openjdk-amd64/bin/java
564e15e8a000-564e15e8b000 r--p 00002000 08:10 51492                      /usr/lib/jvm/java-11-openjdk-amd64/bin/java
564e15e8b000-564e15e8c000 r--p 00002000 08:10 51492                      /usr/lib/jvm/java-11-openjdk-amd64/bin/java
564e15e8c000-564e15e8d000 rw-p 00003000 08:10 51492                      /usr/lib/jvm/java-11-openjdk-amd64/bin/java
564e16254000-564e16275000 rw-p 00000000 00:00 0                          [heap]
7fa7b0000000-7fa7b0049000 rw-p 00000000 00:00 0 
7fa7b0049000-7fa7b4000000 ---p 00000000 00:00 0 
7fa7b552c000-7fa7b5e52000 r--p 00000000 08:10 59050                      /root/.javacpp/cache/llvm-13.0.1-1.5.7-linux-x86_64.jar/org/bytedeco/llvm/linux-x86_64/libLLVM-13.so
7fa7b5e52000-7fa7b9815000 r-xp 00926000 08:10 59050                      /root/.javacpp/cache/llvm-13.0.1-1.5.7-linux-x86_64.jar/org/bytedeco/llvm/linux-x86_64/libLLVM-13.so
7fa7b9815000-7fa7bba6a000 r--p 042e9000 08:10 59050                      /root/.javacpp/cache/llvm-13.0.1-1.5.7-linux-x86_64.jar/org/bytedeco/llvm/linux-x86_64/libLLVM-13.so
7fa7bba6a000-7fa7bbf7f000 r--p 0653d000 08:10 59050                      /root/.javacpp/cache/llvm-13.0.1-1.5.7-linux-x86_64.jar/org/bytedeco/llvm/linux-x86_64/libLLVM-13.so
7fa7bbf7f000-7fa7bbf8a000 rw-p 06a52000 08:10 59050                      /root/.javacpp/cache/llvm-13.0.1-1.5.7-linux-x86_64.jar/org/bytedeco/llvm/linux-x86_64/libLLVM-13.so
7fa7bbf8a000-7fa7bc000000 rw-p 00000000 00:00 0 
7fa7bc000000-7fa7bc021000 rw-p 00000000 00:00 0 
7fa7bc021000-7fa7c0000000 ---p 00000000 00:00 0 
7fa7c0000000-7fa7c0080000 rw-p 00000000 00:00 0 
7fa7c0080000-7fa7c4000000 ---p 00000000 00:00 0 
7fa7c4000000-7fa7c4021000 rw-p 00000000 00:00 0 
7fa7c4021000-7fa7c8000000 ---p 00000000 00:00 0 
7fa7c8000000-7fa7c8021000 rw-p 00000000 00:00 0 
7fa7c8021000-7fa7cc000000 ---p 00000000 00:00 0 
7fa7cc000000-7fa7cc021000 rw-p 00000000 00:00 0 
7fa7cc021000-7fa7d0000000 ---p 00000000 00:00 0 
7fa7d0000000-7fa7d0021000 rw-p 00000000 00:00 0 
7fa7d0021000-7fa7d4000000 ---p 00000000 00:00 0 
7fa7d4000000-7fa7d4021000 rw-p 00000000 00:00 0 
7fa7d4021000-7fa7d8000000 ---p 00000000 00:00 0 
7fa7d8000000-7fa7d8028000 rw-p 00000000 00:00 0 
7fa7d8028000-7fa7dc000000 ---p 00000000 00:00 0 
7fa7dc000000-7fa7dc3bb000 rw-p 00000000 00:00 0 
7fa7dc3bb000-7fa7e0000000 ---p 00000000 00:00 0 
7fa7e0000000-7fa7e03bf000 rw-p 00000000 00:00 0 
7fa7e03bf000-7fa7e4000000 ---p 00000000 00:00 0 
7fa7e4000000-7fa7e4021000 rw-p 00000000 00:00 0 
7fa7e4021000-7fa7e8000000 ---p 00000000 00:00 0 
7fa7e8000000-7fa7e8021000 rw-p 00000000 00:00 0 
7fa7e8021000-7fa7ec000000 ---p 00000000 00:00 0 
7fa7ec000000-7fa7ec021000 rw-p 00000000 00:00 0 
7fa7ec021000-7fa7f0000000 ---p 00000000 00:00 0 
7fa7f0000000-7fa7f0021000 rw-p 00000000 00:00 0 
7fa7f0021000-7fa7f4000000 ---p 00000000 00:00 0 
7fa7f4000000-7fa7f4021000 rw-p 00000000 00:00 0 
7fa7f4021000-7fa7f8000000 ---p 00000000 00:00 0 
7fa7f8000000-7fa7f803a000 rw-p 00000000 00:00 0 
7fa7f803a000-7fa7fc000000 ---p 00000000 00:00 0 
7fa7fc000000-7fa7fc021000 rw-p 00000000 00:00 0 
7fa7fc021000-7fa800000000 ---p 00000000 00:00 0 
7fa800000000-7fa800021000 rw-p 00000000 00:00 0 
7fa800021000-7fa804000000 ---p 00000000 00:00 0 
7fa806000000-7fa808000000 rw-p 00000000 00:00 0 
7fa808000000-7fa808021000 rw-p 00000000 00:00 0 
7fa808021000-7fa80c000000 ---p 00000000 00:00 0 
7fa80c76c000-7fa80c7d1000 r--p 00000000 08:10 59056                      /root/.javacpp/cache/llvm-13.0.1-1.5.7-linux-x86_64.jar/org/bytedeco/llvm/linux-x86_64/libjniLLVM.so
7fa80c7d1000-7fa80c83f000 r-xp 00065000 08:10 59056                      /root/.javacpp/cache/llvm-13.0.1-1.5.7-linux-x86_64.jar/org/bytedeco/llvm/linux-x86_64/libjniLLVM.so
7fa80c83f000-7fa80c86a000 r--p 000d3000 08:10 59056                      /root/.javacpp/cache/llvm-13.0.1-1.5.7-linux-x86_64.jar/org/bytedeco/llvm/linux-x86_64/libjniLLVM.so
7fa80c86a000-7fa80c86d000 r--p 000fd000 08:10 59056                      /root/.javacpp/cache/llvm-13.0.1-1.5.7-linux-x86_64.jar/org/bytedeco/llvm/linux-x86_64/libjniLLVM.so
7fa80c86d000-7fa80c870000 rw-p 00100000 08:10 59056                      /root/.javacpp/cache/llvm-13.0.1-1.5.7-linux-x86_64.jar/org/bytedeco/llvm/linux-x86_64/libjniLLVM.so
7fa80c870000-7fa80c872000 rw-p 00000000 00:00 0 
7fa80c872000-7fa80c876000 ---p 00000000 00:00 0 
7fa80c876000-7fa80c973000 rw-p 00000000 00:00 0 
7fa80c973000-7fa80c977000 ---p 00000000 00:00 0 
7fa80c977000-7fa80ca74000 rw-p 00000000 00:00 0 
7fa80ca74000-7fa80ca78000 ---p 00000000 00:00 0 
7fa80ca78000-7fa80cb75000 rw-p 00000000 00:00 0 
7fa80cb75000-7fa80cb79000 ---p 00000000 00:00 0 
7fa80cb79000-7fa80cc76000 rw-p 00000000 00:00 0 
7fa80cc76000-7fa80cc77000 ---p 00000000 00:00 0 
7fa80cc77000-7fa80cd78000 rw-p 00000000 00:00 0 
7fa80cd78000-7fa80cd7c000 ---p 00000000 00:00 0 
7fa80cd7c000-7fa80ce79000 rw-p 00000000 00:00 0 
7fa80ce79000-7fa80ce7d000 ---p 00000000 00:00 0 
7fa80ce7d000-7fa80cf7a000 rw-p 00000000 00:00 0 
7fa80cf7a000-7fa80cf7e000 ---p 00000000 00:00 0 
7fa80cf7e000-7fa80d07b000 rw-p 00000000 00:00 0 
7fa80d07b000-7fa80d07f000 ---p 00000000 00:00 0 
7fa80d07f000-7fa80d17c000 rw-p 00000000 00:00 0 
7fa80d17c000-7fa80d180000 ---p 00000000 00:00 0 
7fa80d180000-7fa80d27d000 rw-p 00000000 00:00 0 
7fa80d27d000-7fa80d281000 ---p 00000000 00:00 0 
7fa80d281000-7fa80d37e000 rw-p 00000000 00:00 0 
7fa80d37e000-7fa80d382000 ---p 00000000 00:00 0 
7fa80d382000-7fa80d47f000 rw-p 00000000 00:00 0 
7fa80d47f000-7fa80d483000 ---p 00000000 00:00 0 
7fa80d483000-7fa80db80000 rw-p 00000000 00:00 0 
7fa80db80000-7fa80dd80000 ---p 00000000 00:00 0 
7fa80dd80000-7fa80e098000 rw-p 00000000 00:00 0 
7fa80e098000-7fa80feb8000 ---p 00000000 00:00 0 
7fa80feb8000-7fa80fec0000 rw-p 00000000 00:00 0 
7fa80fec0000-7fa810ec0000 ---p 00000000 00:00 0 
7fa810ec0000-7fa8111d8000 rw-p 00000000 00:00 0 
7fa8111d8000-7fa812ff8000 ---p 00000000 00:00 0 
7fa812ff8000-7fa813000000 rw-p 00000000 00:00 0 
7fa813000000-7fa814000000 ---p 00000000 00:00 0 
7fa814000000-7fa814021000 rw-p 00000000 00:00 0 
7fa814021000-7fa818000000 ---p 00000000 00:00 0 
7fa8180a0000-7fa818213000 r--p 00000000 08:10 37759                      /usr/lib/locale/C.UTF-8/LC_COLLATE
7fa818213000-7fa8184f9000 r--p 00000000 08:10 37757                      /usr/lib/locale/locale-archive
7fa8184f9000-7fa8184fd000 ---p 00000000 00:00 0 
7fa8184fd000-7fa8185fa000 rw-p 00000000 00:00 0 
7fa8185fa000-7fa8185fe000 ---p 00000000 00:00 0 
7fa8185fe000-7fa8186fb000 rw-p 00000000 00:00 0 
7fa8186fb000-7fa8186fc000 ---p 00000000 00:00 0 
7fa8186fc000-7fa8187fd000 rw-p 00000000 00:00 0 
7fa8187fd000-7fa818a6d000 rwxp 00000000 00:00 0 
7fa818a6d000-7fa818d8e000 ---p 00000000 00:00 0 
7fa818d8e000-7fa818ffe000 rwxp 00000000 00:00 0 
7fa818ffe000-7fa8202c5000 ---p 00000000 00:00 0 
7fa8202c5000-7fa820535000 rwxp 00000000 00:00 0 
7fa820535000-7fa8277fd000 ---p 00000000 00:00 0 
7fa8277fd000-7fa830000000 r--s 00000000 08:10 51651                      /usr/lib/jvm/java-11-openjdk-amd64/lib/modules
7fa830000000-7fa830541000 rw-p 00000000 00:00 0 
7fa830541000-7fa834000000 ---p 00000000 00:00 0 
7fa83401c000-7fa83401d000 r--p 00000000 08:10 59054                      /root/.javacpp/cache/llvm-13.0.1-1.5.7-linux-x86_64.jar/org/bytedeco/llvm/linux-x86_64/libRemarks.so.13
7fa83401d000-7fa83401e000 r-xp 00001000 08:10 59054                      /root/.javacpp/cache/llvm-13.0.1-1.5.7-linux-x86_64.jar/org/bytedeco/llvm/linux-x86_64/libRemarks.so.13
7fa83401e000-7fa83401f000 r--p 00002000 08:10 59054                      /root/.javacpp/cache/llvm-13.0.1-1.5.7-linux-x86_64.jar/org/bytedeco/llvm/linux-x86_64/libRemarks.so.13
7fa83401f000-7fa834020000 r--p 00002000 08:10 59054                      /root/.javacpp/cache/llvm-13.0.1-1.5.7-linux-x86_64.jar/org/bytedeco/llvm/linux-x86_64/libRemarks.so.13
7fa834020000-7fa834021000 rw-p 00003000 08:10 59054                      /root/.javacpp/cache/llvm-13.0.1-1.5.7-linux-x86_64.jar/org/bytedeco/llvm/linux-x86_64/libRemarks.so.13
7fa834021000-7fa834028000 r--p 00000000 08:10 59052                      /root/.javacpp/cache/llvm-13.0.1-1.5.7-linux-x86_64.jar/org/bytedeco/llvm/linux-x86_64/libLTO.so.13
7fa834028000-7fa834030000 r-xp 00007000 08:10 59052                      /root/.javacpp/cache/llvm-13.0.1-1.5.7-linux-x86_64.jar/org/bytedeco/llvm/linux-x86_64/libLTO.so.13
7fa834030000-7fa834032000 r--p 0000f000 08:10 59052                      /root/.javacpp/cache/llvm-13.0.1-1.5.7-linux-x86_64.jar/org/bytedeco/llvm/linux-x86_64/libLTO.so.13
7fa834032000-7fa834033000 r--p 00010000 08:10 59052                      /root/.javacpp/cache/llvm-13.0.1-1.5.7-linux-x86_64.jar/org/bytedeco/llvm/linux-x86_64/libLTO.so.13
7fa834033000-7fa834034000 rw-p 00011000 08:10 59052                      /root/.javacpp/cache/llvm-13.0.1-1.5.7-linux-x86_64.jar/org/bytedeco/llvm/linux-x86_64/libLTO.so.13
7fa834034000-7fa834038000 r--p 00000000 08:10 59044                      /root/.javacpp/cache/javacpp-1.5.7-linux-x86_64.jar/org/bytedeco/javacpp/linux-x86_64/libjnijavacpp.so
7fa834038000-7fa83403f000 r-xp 00004000 08:10 59044                      /root/.javacpp/cache/javacpp-1.5.7-linux-x86_64.jar/org/bytedeco/javacpp/linux-x86_64/libjnijavacpp.so
7fa83403f000-7fa834043000 r--p 0000b000 08:10 59044                      /root/.javacpp/cache/javacpp-1.5.7-linux-x86_64.jar/org/bytedeco/javacpp/linux-x86_64/libjnijavacpp.so
7fa834043000-7fa834044000 r--p 0000e000 08:10 59044                      /root/.javacpp/cache/javacpp-1.5.7-linux-x86_64.jar/org/bytedeco/javacpp/linux-x86_64/libjnijavacpp.so
7fa834044000-7fa834045000 rw-p 0000f000 08:10 59044                      /root/.javacpp/cache/javacpp-1.5.7-linux-x86_64.jar/org/bytedeco/javacpp/linux-x86_64/libjnijavacpp.so
7fa834045000-7fa834076000 rw-p 00000000 00:00 0 
7fa834076000-7fa83407a000 r--p 00000000 08:10 51641                      /usr/lib/jvm/java-11-openjdk-amd64/lib/libnet.so
7fa83407a000-7fa834088000 r-xp 00004000 08:10 51641                      /usr/lib/jvm/java-11-openjdk-amd64/lib/libnet.so
7fa834088000-7fa83408c000 r--p 00012000 08:10 51641                      /usr/lib/jvm/java-11-openjdk-amd64/lib/libnet.so
7fa83408c000-7fa83408d000 r--p 00015000 08:10 51641                      /usr/lib/jvm/java-11-openjdk-amd64/lib/libnet.so
7fa83408d000-7fa83408e000 rw-p 00016000 08:10 51641                      /usr/lib/jvm/java-11-openjdk-amd64/lib/libnet.so
7fa83408e000-7fa834095000 r--p 00000000 08:10 51642                      /usr/lib/jvm/java-11-openjdk-amd64/lib/libnio.so
7fa834095000-7fa83409d000 r-xp 00007000 08:10 51642                      /usr/lib/jvm/java-11-openjdk-amd64/lib/libnio.so
7fa83409d000-7fa8340a0000 r--p 0000f000 08:10 51642                      /usr/lib/jvm/java-11-openjdk-amd64/lib/libnio.so
7fa8340a0000-7fa8340a1000 r--p 00011000 08:10 51642                      /usr/lib/jvm/java-11-openjdk-amd64/lib/libnio.so
7fa8340a1000-7fa8340a2000 rw-p 00012000 08:10 51642                      /usr/lib/jvm/java-11-openjdk-amd64/lib/libnio.so
7fa8340a2000-7fa8340a4000 r--p 00000000 08:10 51622                      /usr/lib/jvm/java-11-openjdk-amd64/lib/libdt_socket.so
7fa8340a4000-7fa8340a7000 r-xp 00002000 08:10 51622                      /usr/lib/jvm/java-11-openjdk-amd64/lib/libdt_socket.so
7fa8340a7000-7fa8340a8000 r--p 00005000 08:10 51622                      /usr/lib/jvm/java-11-openjdk-amd64/lib/libdt_socket.so
7fa8340a8000-7fa8340a9000 ---p 00006000 08:10 51622                      /usr/lib/jvm/java-11-openjdk-amd64/lib/libdt_socket.so
7fa8340a9000-7fa8340aa000 r--p 00006000 08:10 51622                      /usr/lib/jvm/java-11-openjdk-amd64/lib/libdt_socket.so
7fa8340aa000-7fa8340ab000 rw-p 00007000 08:10 51622                      /usr/lib/jvm/java-11-openjdk-amd64/lib/libdt_socket.so
7fa8340ab000-7fa8340dd000 r--p 00000000 08:10 37760                      /usr/lib/locale/C.UTF-8/LC_CTYPE
7fa8340dd000-7fa8340de000 r--p 00000000 08:10 37766                      /usr/lib/locale/C.UTF-8/LC_NUMERIC
7fa8340de000-7fa8340df000 r--p 00000000 08:10 37769                      /usr/lib/locale/C.UTF-8/LC_TIME
7fa8340df000-7fa8340e0000 r--p 00000000 08:10 37764                      /usr/lib/locale/C.UTF-8/LC_MONETARY
7fa8340e0000-7fa8340e1000 r--p 00000000 08:10 37770                      /usr/lib/locale/C.UTF-8/LC_MESSAGES/SYS_LC_MESSAGES
7fa8340e1000-7fa8340e2000 r--p 00000000 08:10 37767                      /usr/lib/locale/C.UTF-8/LC_PAPER
7fa8340e2000-7fa8340e3000 r--p 00000000 08:10 37765                      /usr/lib/locale/C.UTF-8/LC_NAME
7fa8340e3000-7fa8340e4000 r--p 00000000 08:10 37758                      /usr/lib/locale/C.UTF-8/LC_ADDRESS
7fa8340e4000-7fa8340e5000 r--p 00000000 08:10 37768                      /usr/lib/locale/C.UTF-8/LC_TELEPHONE
7fa8340e5000-7fa8340ec000 r--s 00000000 08:10 28968                      /usr/lib/x86_64-linux-gnu/gconv/gconv-modules.cache
7fa8340ec000-7fa834232000 rw-p 00000000 00:00 0 
7fa834232000-7fa834233000 ---p 00000000 00:00 0 
7fa834233000-7fa834334000 rw-p 00000000 00:00 0 
7fa834334000-7fa834335000 ---p 00000000 00:00 0 
7fa834335000-7fa834c3e000 rw-p 00000000 00:00 0 
7fa834c3e000-7fa834c3f000 ---p 00000000 00:00 0 
7fa834c3f000-7fa834d40000 rw-p 00000000 00:00 0 
7fa834d40000-7fa834d41000 ---p 00000000 00:00 0 
7fa834d41000-7fa834f71000 rw-p 00000000 00:00 0 
7fa834f71000-7fa835335000 ---p 00000000 00:00 0 
7fa835335000-7fa835336000 rw-p 00000000 00:00 0 
7fa835336000-7fa835536000 ---p 00000000 00:00 0 
7fa835536000-7fa835599000 rw-p 00000000 00:00 0 
7fa835599000-7fa83595d000 ---p 00000000 00:00 0 
7fa83595d000-7fa83595e000 rw-p 00000000 00:00 0 
7fa83595e000-7fa835b5e000 ---p 00000000 00:00 0 
7fa835b5e000-7fa835bc1000 rw-p 00000000 00:00 0 
7fa835bc1000-7fa835f85000 ---p 00000000 00:00 0 
7fa835f85000-7fa835f86000 rw-p 00000000 00:00 0 
7fa835f86000-7fa836186000 ---p 00000000 00:00 0 
7fa836186000-7fa83698e000 rw-p 00000000 00:00 0 
7fa83698e000-7fa83698f000 ---p 00000000 00:00 0 
7fa83698f000-7fa836a95000 rw-p 00000000 00:00 0 
7fa836a95000-7fa836b7b000 ---p 00000000 00:00 0 
7fa836b7b000-7fa836b80000 rw-p 00000000 00:00 0 
7fa836b80000-7fa836c66000 ---p 00000000 00:00 0 
7fa836c66000-7fa836c6b000 rw-p 00000000 00:00 0 
7fa836c6b000-7fa836c72000 ---p 00000000 00:00 0 
7fa836c72000-7fa836c74000 r--p 00000000 08:10 51650                      /usr/lib/jvm/java-11-openjdk-amd64/lib/libzip.so
7fa836c74000-7fa836c79000 r-xp 00002000 08:10 51650                      /usr/lib/jvm/java-11-openjdk-amd64/lib/libzip.so
7fa836c79000-7fa836c7b000 r--p 00007000 08:10 51650                      /usr/lib/jvm/java-11-openjdk-amd64/lib/libzip.so
7fa836c7b000-7fa836c7c000 r--p 00008000 08:10 51650                      /usr/lib/jvm/java-11-openjdk-amd64/lib/libzip.so
7fa836c7c000-7fa836c7d000 rw-p 00009000 08:10 51650                      /usr/lib/jvm/java-11-openjdk-amd64/lib/libzip.so
7fa836c7d000-7fa836c80000 r--p 00000000 08:10 27115                      /usr/lib/x86_64-linux-gnu/libnss_files-2.31.so
7fa836c80000-7fa836c87000 r-xp 00003000 08:10 27115                      /usr/lib/x86_64-linux-gnu/libnss_files-2.31.so
7fa836c87000-7fa836c89000 r--p 0000a000 08:10 27115                      /usr/lib/x86_64-linux-gnu/libnss_files-2.31.so
7fa836c89000-7fa836c8a000 r--p 0000b000 08:10 27115                      /usr/lib/x86_64-linux-gnu/libnss_files-2.31.so
7fa836c8a000-7fa836c8b000 rw-p 0000c000 08:10 27115                      /usr/lib/x86_64-linux-gnu/libnss_files-2.31.so
7fa836c8b000-7fa836c91000 rw-p 00000000 00:00 0 
7fa836c91000-7fa836c92000 r--p 00000000 08:10 37762                      /usr/lib/locale/C.UTF-8/LC_MEASUREMENT
7fa836c92000-7fa836c94000 r--s 0000c000 08:10 23045                      /usr/share/java/java-atk-wrapper.jar
7fa836c94000-7fa836c9c000 rw-s 00000000 08:10 58965                      /tmp/hsperfdata_root/31142
7fa836c9c000-7fa836c9e000 r--p 00000000 08:10 51632                      /usr/lib/jvm/java-11-openjdk-amd64/lib/libjdwp.so
7fa836c9e000-7fa836cca000 r-xp 00002000 08:10 51632                      /usr/lib/jvm/java-11-openjdk-amd64/lib/libjdwp.so
7fa836cca000-7fa836cd8000 r--p 0002e000 08:10 51632                      /usr/lib/jvm/java-11-openjdk-amd64/lib/libjdwp.so
7fa836cd8000-7fa836cd9000 r--p 0003b000 08:10 51632                      /usr/lib/jvm/java-11-openjdk-amd64/lib/libjdwp.so
7fa836cd9000-7fa836cda000 rw-p 0003c000 08:10 51632                      /usr/lib/jvm/java-11-openjdk-amd64/lib/libjdwp.so
7fa836cda000-7fa836ce8000 r--p 00000000 08:10 51630                      /usr/lib/jvm/java-11-openjdk-amd64/lib/libjava.so
7fa836ce8000-7fa836cfe000 r-xp 0000e000 08:10 51630                      /usr/lib/jvm/java-11-openjdk-amd64/lib/libjava.so
7fa836cfe000-7fa836d05000 r--p 00024000 08:10 51630                      /usr/lib/jvm/java-11-openjdk-amd64/lib/libjava.so
7fa836d05000-7fa836d06000 r--p 0002a000 08:10 51630                      /usr/lib/jvm/java-11-openjdk-amd64/lib/libjava.so
7fa836d06000-7fa836d07000 rw-p 0002b000 08:10 51630                      /usr/lib/jvm/java-11-openjdk-amd64/lib/libjava.so
7fa836d07000-7fa836d08000 rw-p 00000000 00:00 0 
7fa836d08000-7fa836d0d000 r--p 00000000 08:10 51649                      /usr/lib/jvm/java-11-openjdk-amd64/lib/libverify.so
7fa836d0d000-7fa836d14000 r-xp 00005000 08:10 51649                      /usr/lib/jvm/java-11-openjdk-amd64/lib/libverify.so
7fa836d14000-7fa836d16000 r--p 0000c000 08:10 51649                      /usr/lib/jvm/java-11-openjdk-amd64/lib/libverify.so
7fa836d16000-7fa836d17000 ---p 0000e000 08:10 51649                      /usr/lib/jvm/java-11-openjdk-amd64/lib/libverify.so
7fa836d17000-7fa836d19000 r--p 0000e000 08:10 51649                      /usr/lib/jvm/java-11-openjdk-amd64/lib/libverify.so
7fa836d19000-7fa836d1a000 rw-p 00010000 08:10 51649                      /usr/lib/jvm/java-11-openjdk-amd64/lib/libverify.so
7fa836d1a000-7fa836d1d000 r--p 00000000 08:10 27205                      /usr/lib/x86_64-linux-gnu/librt-2.31.so
7fa836d1d000-7fa836d21000 r-xp 00003000 08:10 27205                      /usr/lib/x86_64-linux-gnu/librt-2.31.so
7fa836d21000-7fa836d22000 r--p 00007000 08:10 27205                      /usr/lib/x86_64-linux-gnu/librt-2.31.so
7fa836d22000-7fa836d23000 ---p 00008000 08:10 27205                      /usr/lib/x86_64-linux-gnu/librt-2.31.so
7fa836d23000-7fa836d24000 r--p 00008000 08:10 27205                      /usr/lib/x86_64-linux-gnu/librt-2.31.so
7fa836d24000-7fa836d25000 rw-p 00009000 08:10 27205                      /usr/lib/x86_64-linux-gnu/librt-2.31.so
7fa836d25000-7fa836d29000 ---p 00000000 00:00 0 
7fa836d29000-7fa836e26000 rw-p 00000000 00:00 0 
7fa836e26000-7fa836e29000 r--p 00000000 08:10 26920                      /usr/lib/x86_64-linux-gnu/libgcc_s.so.1
7fa836e29000-7fa836e3b000 r-xp 00003000 08:10 26920                      /usr/lib/x86_64-linux-gnu/libgcc_s.so.1
7fa836e3b000-7fa836e3f000 r--p 00015000 08:10 26920                      /usr/lib/x86_64-linux-gnu/libgcc_s.so.1
7fa836e3f000-7fa836e40000 r--p 00018000 08:10 26920                      /usr/lib/x86_64-linux-gnu/libgcc_s.so.1
7fa836e40000-7fa836e41000 rw-p 00019000 08:10 26920                      /usr/lib/x86_64-linux-gnu/libgcc_s.so.1
7fa836e41000-7fa836e50000 r--p 00000000 08:10 27062                      /usr/lib/x86_64-linux-gnu/libm-2.31.so
7fa836e50000-7fa836ef7000 r-xp 0000f000 08:10 27062                      /usr/lib/x86_64-linux-gnu/libm-2.31.so
7fa836ef7000-7fa836f8e000 r--p 000b6000 08:10 27062                      /usr/lib/x86_64-linux-gnu/libm-2.31.so
7fa836f8e000-7fa836f8f000 r--p 0014c000 08:10 27062                      /usr/lib/x86_64-linux-gnu/libm-2.31.so
7fa836f8f000-7fa836f90000 rw-p 0014d000 08:10 27062                      /usr/lib/x86_64-linux-gnu/libm-2.31.so
7fa836f90000-7fa837026000 r--p 00000000 08:10 27246                      /usr/lib/x86_64-linux-gnu/libstdc++.so.6.0.28
7fa837026000-7fa837117000 r-xp 00096000 08:10 27246                      /usr/lib/x86_64-linux-gnu/libstdc++.so.6.0.28
7fa837117000-7fa837160000 r--p 00187000 08:10 27246                      /usr/lib/x86_64-linux-gnu/libstdc++.so.6.0.28
7fa837160000-7fa837161000 ---p 001d0000 08:10 27246                      /usr/lib/x86_64-linux-gnu/libstdc++.so.6.0.28
7fa837161000-7fa83716c000 r--p 001d0000 08:10 27246                      /usr/lib/x86_64-linux-gnu/libstdc++.so.6.0.28
7fa83716c000-7fa83716f000 rw-p 001db000 08:10 27246                      /usr/lib/x86_64-linux-gnu/libstdc++.so.6.0.28
7fa83716f000-7fa837172000 rw-p 00000000 00:00 0 
7fa837172000-7fa8373f4000 r--p 00000000 08:10 51656                      /usr/lib/jvm/java-11-openjdk-amd64/lib/server/libjvm.so
7fa8373f4000-7fa83807d000 r-xp 00282000 08:10 51656                      /usr/lib/jvm/java-11-openjdk-amd64/lib/server/libjvm.so
7fa83807d000-7fa8382da000 r--p 00f0b000 08:10 51656                      /usr/lib/jvm/java-11-openjdk-amd64/lib/server/libjvm.so
7fa8382da000-7fa8382db000 ---p 01168000 08:10 51656                      /usr/lib/jvm/java-11-openjdk-amd64/lib/server/libjvm.so
7fa8382db000-7fa83839f000 r--p 01168000 08:10 51656                      /usr/lib/jvm/java-11-openjdk-amd64/lib/server/libjvm.so
7fa83839f000-7fa8383da000 rw-p 0122c000 08:10 51656                      /usr/lib/jvm/java-11-openjdk-amd64/lib/server/libjvm.so
7fa8383da000-7fa838433000 rw-p 00000000 00:00 0 
7fa838433000-7fa83843a000 r--p 00000000 08:10 27189                      /usr/lib/x86_64-linux-gnu/libpthread-2.31.so
7fa83843a000-7fa83844b000 r-xp 00007000 08:10 27189                      /usr/lib/x86_64-linux-gnu/libpthread-2.31.so
7fa83844b000-7fa838450000 r--p 00018000 08:10 27189                      /usr/lib/x86_64-linux-gnu/libpthread-2.31.so
7fa838450000-7fa838451000 r--p 0001c000 08:10 27189                      /usr/lib/x86_64-linux-gnu/libpthread-2.31.so
7fa838451000-7fa838452000 rw-p 0001d000 08:10 27189                      /usr/lib/x86_64-linux-gnu/libpthread-2.31.so
7fa838452000-7fa838456000 rw-p 00000000 00:00 0 
7fa838456000-7fa838457000 r--p 00000000 08:10 26843                      /usr/lib/x86_64-linux-gnu/libdl-2.31.so
7fa838457000-7fa838459000 r-xp 00001000 08:10 26843                      /usr/lib/x86_64-linux-gnu/libdl-2.31.so
7fa838459000-7fa83845a000 r--p 00003000 08:10 26843                      /usr/lib/x86_64-linux-gnu/libdl-2.31.so
7fa83845a000-7fa83845b000 r--p 00003000 08:10 26843                      /usr/lib/x86_64-linux-gnu/libdl-2.31.so
7fa83845b000-7fa83845c000 rw-p 00004000 08:10 26843                      /usr/lib/x86_64-linux-gnu/libdl-2.31.so
7fa83845c000-7fa83845e000 r--p 00000000 08:10 27422                      /usr/lib/x86_64-linux-gnu/libz.so.1.2.11
7fa83845e000-7fa83846f000 r-xp 00002000 08:10 27422                      /usr/lib/x86_64-linux-gnu/libz.so.1.2.11
7fa83846f000-7fa838475000 r--p 00013000 08:10 27422                      /usr/lib/x86_64-linux-gnu/libz.so.1.2.11
7fa838475000-7fa838476000 ---p 00019000 08:10 27422                      /usr/lib/x86_64-linux-gnu/libz.so.1.2.11
7fa838476000-7fa838477000 r--p 00019000 08:10 27422                      /usr/lib/x86_64-linux-gnu/libz.so.1.2.11
7fa838477000-7fa838478000 rw-p 0001a000 08:10 27422                      /usr/lib/x86_64-linux-gnu/libz.so.1.2.11
7fa838478000-7fa83849d000 r--p 00000000 08:10 26805                      /usr/lib/x86_64-linux-gnu/libc-2.31.so
7fa83849d000-7fa838615000 r-xp 00025000 08:10 26805                      /usr/lib/x86_64-linux-gnu/libc-2.31.so
7fa838615000-7fa83865f000 r--p 0019d000 08:10 26805                      /usr/lib/x86_64-linux-gnu/libc-2.31.so
7fa83865f000-7fa838660000 ---p 001e7000 08:10 26805                      /usr/lib/x86_64-linux-gnu/libc-2.31.so
7fa838660000-7fa838663000 r--p 001e7000 08:10 26805                      /usr/lib/x86_64-linux-gnu/libc-2.31.so
7fa838663000-7fa838666000 rw-p 001ea000 08:10 26805                      /usr/lib/x86_64-linux-gnu/libc-2.31.so
7fa838666000-7fa83866a000 rw-p 00000000 00:00 0 
7fa83866a000-7fa83866b000 ---p 00000000 00:00 0 
7fa83866b000-7fa83866c000 r--p 00000000 00:00 0 
7fa83866c000-7fa83866e000 r--p 00000000 08:10 51633                      /usr/lib/jvm/java-11-openjdk-amd64/lib/libjimage.so
7fa83866e000-7fa838671000 r-xp 00002000 08:10 51633                      /usr/lib/jvm/java-11-openjdk-amd64/lib/libjimage.so
7fa838671000-7fa838672000 r--p 00005000 08:10 51633                      /usr/lib/jvm/java-11-openjdk-amd64/lib/libjimage.so
7fa838672000-7fa838673000 ---p 00006000 08:10 51633                      /usr/lib/jvm/java-11-openjdk-amd64/lib/libjimage.so
7fa838673000-7fa838674000 r--p 00006000 08:10 51633                      /usr/lib/jvm/java-11-openjdk-amd64/lib/libjimage.so
7fa838674000-7fa838675000 rw-p 00007000 08:10 51633                      /usr/lib/jvm/java-11-openjdk-amd64/lib/libjimage.so
7fa838675000-7fa838678000 r--p 00000000 08:10 51615                      /usr/lib/jvm/java-11-openjdk-amd64/lib/jli/libjli.so
7fa838678000-7fa838682000 r-xp 00003000 08:10 51615                      /usr/lib/jvm/java-11-openjdk-amd64/lib/jli/libjli.so
7fa838682000-7fa838685000 r--p 0000d000 08:10 51615                      /usr/lib/jvm/java-11-openjdk-amd64/lib/jli/libjli.so
7fa838685000-7fa838686000 ---p 00010000 08:10 51615                      /usr/lib/jvm/java-11-openjdk-amd64/lib/jli/libjli.so
7fa838686000-7fa838687000 r--p 00010000 08:10 51615                      /usr/lib/jvm/java-11-openjdk-amd64/lib/jli/libjli.so
7fa838687000-7fa838688000 rw-p 00011000 08:10 51615                      /usr/lib/jvm/java-11-openjdk-amd64/lib/jli/libjli.so
7fa838688000-7fa83868a000 rw-p 00000000 00:00 0 
7fa83868a000-7fa83868b000 r--p 00000000 08:10 26735                      /usr/lib/x86_64-linux-gnu/ld-2.31.so
7fa83868b000-7fa8386ae000 r-xp 00001000 08:10 26735                      /usr/lib/x86_64-linux-gnu/ld-2.31.so
7fa8386ae000-7fa8386b6000 r--p 00024000 08:10 26735                      /usr/lib/x86_64-linux-gnu/ld-2.31.so
7fa8386b6000-7fa8386b7000 r--p 00000000 08:10 37761                      /usr/lib/locale/C.UTF-8/LC_IDENTIFICATION
7fa8386b7000-7fa8386b8000 r--p 0002c000 08:10 26735                      /usr/lib/x86_64-linux-gnu/ld-2.31.so
7fa8386b8000-7fa8386b9000 rw-p 0002d000 08:10 26735                      /usr/lib/x86_64-linux-gnu/ld-2.31.so
7fa8386b9000-7fa8386ba000 rw-p 00000000 00:00 0 
7fffa368a000-7fffa36ac000 rw-p 00000000 00:00 0                          [stack]
7fffa377c000-7fffa3780000 r--p 00000000 00:00 0                          [vvar]
7fffa3780000-7fffa3781000 r-xp 00000000 00:00 0                          [vdso]


VM Arguments:
jvm_args: -agentlib:jdwp=transport=dt_socket,address=*:12345,suspend=y,server=y -Dfile.encoding=UTF-8 
java_command: Main ./tests/test1.sysy ./tests/test1_ans.txt
java_class_path (initial): /root/CompilerLab/Lab/target/classes:/usr/local/lib/antlr-4.10.1-complete.jar:/root/.m2/repository/org/bytedeco/llvm-platform/13.0.1-1.5.7/llvm-platform-13.0.1-1.5.7.jar:/root/.m2/repository/org/bytedeco/javacpp-platform/1.5.7/javacpp-platform-1.5.7.jar:/root/.m2/repository/org/bytedeco/javacpp/1.5.7/javacpp-1.5.7.jar:/root/.m2/repository/org/bytedeco/javacpp/1.5.7/javacpp-1.5.7-android-arm.jar:/root/.m2/repository/org/bytedeco/javacpp/1.5.7/javacpp-1.5.7-android-arm64.jar:/root/.m2/repository/org/bytedeco/javacpp/1.5.7/javacpp-1.5.7-android-x86.jar:/root/.m2/repository/org/bytedeco/javacpp/1.5.7/javacpp-1.5.7-android-x86_64.jar:/root/.m2/repository/org/bytedeco/javacpp/1.5.7/javacpp-1.5.7-ios-arm64.jar:/root/.m2/repository/org/bytedeco/javacpp/1.5.7/javacpp-1.5.7-ios-x86_64.jar:/root/.m2/repository/org/bytedeco/javacpp/1.5.7/javacpp-1.5.7-linux-armhf.jar:/root/.m2/repository/org/bytedeco/javacpp/1.5.7/javacpp-1.5.7-linux-arm64.jar:/root/.m2/repository/org/bytedeco/javacpp/1.5.7/javacpp-1.5.7-linux-ppc64le.jar:/root/.m2/repository/org/bytedeco/javacpp/1.5.7/javacpp-1.5.7-linux-x86.jar:/root/.m2/repository/org/bytedeco/javacpp/1.5.7/javacpp-1.5.7-linux-x86_64.jar:/root/.m2/repository/org/bytedeco/javacpp/1.5.7/javacpp-1.5.7-macosx-arm64.jar:/root/.m2/repository/org/bytedeco/javacpp/1.5.7/javacpp-1.5.7-macosx-x86_64.jar:/root/.m2/repository/org/bytedeco/javacpp/1.5.7/javacpp-1.5.7-windows-x86.jar:/root/.m2/repository/org/bytedeco/javacpp/1.5.7/javacpp-1.5.7-windows-x86_64.jar:/root/.m2/repository/org/bytedeco/llvm/13.0.1-1.5.7/llvm-13.0.1-1.5.7.jar:/root/.m2/repository/org/bytedeco/llvm/13.0.1-1.5.7/llvm-13.0.1-1.5.7-linux-x86.jar:/root/.m2/repository/org/bytedeco/llvm/13.0.1-1.5.7/llvm-13.0.1-1.5.7-linux-x86_64.jar:/root/.m2/repository/org/bytedeco/llvm/13.0.1-1.5.7/llvm-13.0.1-1.5.7-linux-armhf.jar:/root/.m2/repository/org/bytedeco/llvm/13.0.1-1.5.7/llvm-13.0.1-1.5.7-linux-arm64.jar:/root/.m2/repository/org/bytedeco/llvm/13.0.1-1.5.7/llv
Launcher Type: SUN_STANDARD

[Global flags]
     intx CICompilerCount                          = 4                                         {product} {ergonomic}
     uint ConcGCThreads                            = 2                                         {product} {ergonomic}
     uint G1ConcRefinementThreads                  = 8                                         {product} {ergonomic}
   size_t G1HeapRegionSize                         = 1048576                                   {product} {ergonomic}
    uintx GCDrainStackTargetSize                   = 64                                        {product} {ergonomic}
   size_t InitialHeapSize                          = 207618048                                 {product} {ergonomic}
   size_t MarkStackSize                            = 4194304                                   {product} {ergonomic}
   size_t MaxHeapSize                              = 3305111552                                {product} {ergonomic}
   size_t MaxNewSize                               = 1982857216                                {product} {ergonomic}
   size_t MinHeapDeltaBytes                        = 1048576                                   {product} {ergonomic}
    uintx NonNMethodCodeHeapSize                   = 5836300                                {pd product} {ergonomic}
    uintx NonProfiledCodeHeapSize                  = 122910970                              {pd product} {ergonomic}
    uintx ProfiledCodeHeapSize                     = 122910970                              {pd product} {ergonomic}
    uintx ReservedCodeCacheSize                    = 251658240                              {pd product} {ergonomic}
     bool SegmentedCodeCache                       = true                                      {product} {ergonomic}
     bool UseCompressedClassPointers               = true                                 {lp64_product} {ergonomic}
     bool UseCompressedOops                        = true                                 {lp64_product} {ergonomic}
     bool UseG1GC                                  = true                                      {product} {ergonomic}

Logging:
Log output configuration:
 #0: stdout all=warning uptime,level,tags
 #1: stderr all=off uptime,level,tags

Environment Variables:
PATH=/usr/local/sbin:/usr/local/bin:/usr/sbin:/usr/bin:/sbin:/bin:/usr/games:/usr/local/games:/usr/lib/wsl/lib:/mnt/c/Program Files (x86)/Common Files/Oracle/Java/javapath:/mnt/c/Python310/Scripts/:/mnt/c/Python310/:/mnt/c/Program Files/MySQL/MySQL Server 8.0/bin:/mnt/c/Windows/system32:/mnt/c/Windows:/mnt/c/Windows/System32/Wbem:/mnt/c/Windows/System32/WindowsPowerShell/v1.0/:/mnt/c/Windows/System32/OpenSSH/:/mnt/c/ProgramData/chocolatey/bin:/mnt/c/Program Files/Pandoc/:/mnt/d//Ne:/mnt/d/Applications/mingw-w64/x86_64-8.1.0-release-win32-seh-rt_v6-rev0/bin:/mnt/c/Program Files/Java/jdk-15.0.2/bin:/mnt/c/Program Files/Java/jdk-15.0.2/jre/bin:/mnt/d/Applications/scala/bin:/mnt/d/Applications/scala/jre/bin:/mnt/d/Applications/Prince/engine/bin:/mnt/d/Applications/Maven/apache-maven-3.8.6/bin:/mnt/c/Program Files/Git/cmd:/mnt/d//Tencent/web/dll:/mnt/d/Applications/nodejs/:/mnt/c/Users/20125/AppData/Local/Programs/Python/Python38/Scripts/:/mnt/c/Users/20125/AppData/Local/Programs/Python/Python38/:/mnt/c/Users/20125/AppData/Local/Microsoft/WindowsApps:/mnt/c/Program Files/JetBrains/IntelliJ IDEA 2021.3/bin:/mnt/c/Program Files/JetBrains/PyCharm 2021.3.1/bin:/mnt/d//JetBrains/WebStorm 2021.3.1/bin:/mnt/d//JetBrains/CLion 2021.3.2/bin:/mnt/c/Users/20125/AppData/Local/GitHubDesktop/bin:/mnt/d//JetBrains/DataGrip 2021.3.4/bin:/mnt/d/Applications/Microsoft VS Code/bin:/mnt/c/Users/20125/AppData/Local/JetBrains/Toolbox/scripts:/mnt/c/Program Files/jdk-15.0.2/jre/bin:/mnt/c/Program Files/jdk-15.0.2/bin:/mnt/c/Users/20125/AppData/Roaming/npm
SHELL=/bin/sh
HOSTTYPE=x86_64
LANG=C.UTF-8
TERM=xterm-256color

Signal Handlers:
SIGSEGV: [libjvm.so+0xe97eb0], sa_mask[0]=11111111011111111101111111111110, sa_flags=SA_RESTART|SA_SIGINFO
SIGBUS: [libjvm.so+0xe97eb0], sa_mask[0]=11111111011111111101111111111110, sa_flags=SA_RESTART|SA_SIGINFO
SIGFPE: [libjvm.so+0xe97eb0], sa_mask[0]=11111111011111111101111111111110, sa_flags=SA_RESTART|SA_SIGINFO
SIGPIPE: [libjvm.so+0xbde850], sa_mask[0]=11111111011111111101111111111110, sa_flags=SA_RESTART|SA_SIGINFO
SIGXFSZ: [libjvm.so+0xbde850], sa_mask[0]=11111111011111111101111111111110, sa_flags=SA_RESTART|SA_SIGINFO
SIGILL: [libjvm.so+0xe97eb0], sa_mask[0]=11111111011111111101111111111110, sa_flags=SA_RESTART|SA_SIGINFO
SIGUSR2: [libjvm.so+0xbde6f0], sa_mask[0]=00000000000000000000000000000000, sa_flags=SA_RESTART|SA_SIGINFO
SIGHUP: [libjvm.so+0xbde9e0], sa_mask[0]=11111111011111111101111111111110, sa_flags=SA_RESTART|SA_SIGINFO
SIGINT: [libjvm.so+0xbde9e0], sa_mask[0]=11111111011111111101111111111110, sa_flags=SA_RESTART|SA_SIGINFO
SIGTERM: [libjvm.so+0xbde9e0], sa_mask[0]=11111111011111111101111111111110, sa_flags=SA_RESTART|SA_SIGINFO
SIGQUIT: [libjvm.so+0xbde9e0], sa_mask[0]=11111111011111111101111111111110, sa_flags=SA_RESTART|SA_SIGINFO


---------------  S Y S T E M  ---------------

OS:DISTRIB_ID=Ubuntu
DISTRIB_RELEASE=20.04
DISTRIB_CODENAME=focal
DISTRIB_DESCRIPTION="Ubuntu 20.04.3 LTS"
uname:Linux 5.10.16.3-microsoft-standard-WSL2 #1 SMP Fri Apr 2 22:23:49 UTC 2021 x86_64
OS uptime: 1 days 2:14 hours
libc:glibc 2.31 NPTL 2.31 
rlimit (soft/hard): STACK 8192k/infinity , CORE 0k/infinity , NPROC 50409/50409 , NOFILE 4096/4096 , AS infinity/infinity , CPU infinity/infinity , DATA infinity/infinity , FSIZE infinity/infinity , MEMLOCK 64k/64k
load average:0.01 0.04 0.00

/proc/meminfo:
MemTotal:       12909048 kB
MemFree:        12119400 kB
MemAvailable:   12251364 kB
Buffers:           32264 kB
Cached:           323696 kB
SwapCached:            0 kB
Active:           222524 kB
Inactive:         439548 kB
Active(anon):        108 kB
Inactive(anon):   306068 kB
Active(file):     222416 kB
Inactive(file):   133480 kB
Unevictable:           0 kB
Mlocked:               0 kB
SwapTotal:       4194304 kB
SwapFree:        4194304 kB
Dirty:                12 kB
Writeback:           260 kB
AnonPages:        306220 kB
Mapped:            60944 kB
Shmem:                72 kB
KReclaimable:      23168 kB
Slab:              50216 kB
SReclaimable:      23168 kB
SUnreclaim:        27048 kB
KernelStack:        3280 kB
PageTables:         2356 kB
NFS_Unstable:          0 kB
Bounce:                0 kB
WritebackTmp:          0 kB
CommitLimit:    10648828 kB
Committed_AS:    1020468 kB
VmallocTotal:   34359738367 kB
VmallocUsed:       23380 kB
VmallocChunk:          0 kB
Percpu:             2432 kB
AnonHugePages:    188416 kB
ShmemHugePages:        0 kB
ShmemPmdMapped:        0 kB
FileHugePages:         0 kB
FilePmdMapped:         0 kB
HugePages_Total:       0
HugePages_Free:        0
HugePages_Rsvd:        0
HugePages_Surp:        0
Hugepagesize:       2048 kB
Hugetlb:               0 kB
DirectMap4k:       17408 kB
DirectMap2M:     3784704 kB
DirectMap1G:     9437184 kB

/sys/kernel/mm/transparent_hugepage/enabled:
[always] madvise never
/sys/kernel/mm/transparent_hugepage/defrag (defrag/compaction efforts parameter):
always defer defer+madvise [madvise] never

Process Memory:
Virtual Size: 6459716K (peak: 14706640K)
Resident Set Size: 111580K (peak: 112080K) (anon: 54888K, file: 56692K, shmem: 0K)
Swapped out: 0K
C-Heap outstanding allocations: 23548K, retained: 8423K
glibc malloc tunables: (default)

/proc/sys/kernel/threads-max (system-wide limit on the number of threads):
100818
/proc/sys/vm/max_map_count (maximum number of memory map areas a process may have):
65530
/proc/sys/kernel/pid_max (system-wide limit on number of process identifiers):
32768

container (cgroup) information:
container_type: cgroupv1
cpu_cpuset_cpus: 0-7
cpu_memory_nodes: 0
active_processor_count: 8
cpu_quota: no quota
cpu_period: 100000
cpu_shares: no shares
memory_limit_in_bytes: unlimited
memory_and_swap_limit_in_bytes: unlimited
memory_soft_limit_in_bytes: unlimited
memory_usage_in_bytes: 662128 k
memory_max_usage_in_bytes: 883860 k
maximum number of tasks: not supported
current number of tasks: not supported

Hyper-V virtualization detected
Steal ticks since vm start: 0
Steal ticks percentage since vm start:  0.000

CPU:total 8 (initial active 8) (4 cores per cpu, 2 threads per core) family 6 model 140 stepping 1 microcode 0xffffffff, cmov, cx8, fxsr, mmx, sse, sse2, sse3, ssse3, sse4.1, sse4.2, popcnt, avx, avx2, aes, clmul, erms, 3dnowpref, lzcnt, ht, tsc, tscinvbit, bmi1, bmi2, adx, evex, sha, fma
CPU Model and flags from /proc/cpuinfo:
model name	: 11th Gen Intel(R) Core(TM) i7-1165G7 @ 2.80GHz
flags		: fpu vme de pse tsc msr pae mce cx8 apic sep mtrr pge mca cmov pat pse36 clflush mmx fxsr sse sse2 ss ht syscall nx pdpe1gb rdtscp lm constant_tsc rep_good nopl xtopology tsc_reliable nonstop_tsc cpuid pni pclmulqdq ssse3 fma cx16 pcid sse4_1 sse4_2 movbe popcnt aes xsave avx f16c rdrand hypervisor lahf_lm abm 3dnowprefetch invpcid_single ssbd ibrs ibpb stibp ibrs_enhanced fsgsbase bmi1 avx2 smep bmi2 erms invpcid avx512f avx512dq rdseed adx smap avx512ifma clflushopt clwb avx512cd sha_ni avx512bw avx512vl xsaveopt xsavec xgetbv1 xsaves avx512vbmi umip avx512_vbmi2 gfni vaes vpclmulqdq avx512_vnni avx512_bitalg avx512_vpopcntdq rdpid fsrm avx512_vp2intersect flush_l1d arch_capabilities
Online cpus:
0-7
Offline cpus:

BIOS frequency limitation:
<Not Available>
Frequency switch latency (ns):
<Not Available>
Available cpu frequencies:
<Not Available>
Current governor:
<Not Available>
Core performance/turbo boost:
<Not Available>

Memory: 4k page, physical 12909048k(12119400k free), swap 4194304k(4194304k free)

vm_info: OpenJDK 64-Bit Server VM (11.0.17+8-post-Ubuntu-1ubuntu220.04) for linux-amd64 JRE (11.0.17+8-post-Ubuntu-1ubuntu220.04), built on Oct 25 2022 09:30:51 by "unknown" with gcc 9.4.0

END.
