#
# A fatal error has been detected by the Java Runtime Environment:
#
#  SIGSEGV (0xb) at pc=0x00007f1fb6158882, pid=4348, tid=4349
#
# JRE version: OpenJDK Runtime Environment (11.0.17+8) (build 11.0.17+8-post-Ubuntu-1ubuntu220.04)
# Java VM: OpenJDK 64-Bit Server VM (11.0.17+8-post-Ubuntu-1ubuntu220.04, mixed mode, sharing, tiered, compressed oops, g1 gc, linux-amd64)
# Problematic frame:
# C  [libLLVM-13.so+0xc2c882]  LLVMBuildLoad+0x12
#
# No core dump will be written. Core dumps have been disabled. To enable core dumping, try "ulimit -c unlimited" before starting Java again
#
# If you would like to submit a bug report, please visit:
#   https://bugs.launchpad.net/ubuntu/+source/openjdk-lts
# The crash happened outside the Java Virtual Machine in native code.
# See problematic frame for where to report the bug.
#

---------------  S U M M A R Y ------------

Command Line: -agentlib:jdwp=transport=dt_socket,address=*:12345,suspend=y,server=y -Dfile.encoding=UTF-8 Main ./tests/test1.sysy ./tests/test1_ans.txt

Host: 11th Gen Intel(R) Core(TM) i7-1165G7 @ 2.80GHz, 8 cores, 12G, Ubuntu 20.04.5 LTS
Time: Tue Jan 17 23:27:29 2023 CST elapsed time: 408.703502 seconds (0d 0h 6m 48s)

---------------  T H R E A D  ---------------

Current thread (0x00007f2030017800):  JavaThread "main" [_thread_in_native, id=4349, stack(0x00007f2037962000,0x00007f2037a63000)]

Stack: [0x00007f2037962000,0x00007f2037a63000],  sp=0x00007f2037a605b0,  free space=1017k
Native frames: (J=compiled Java code, A=aot compiled Java code, j=interpreted, Vv=VM code, C=native code)
C  [libLLVM-13.so+0xc2c882]  LLVMBuildLoad+0x12

Java frames: (J=compiled Java code, j=interpreted, Vv=VM code)
j  org.bytedeco.llvm.global.LLVM.LLVMBuildLoad(Lorg/bytedeco/llvm/LLVM/LLVMBuilderRef;Lorg/bytedeco/llvm/LLVM/LLVMValueRef;Ljava/lang/String;)Lorg/bytedeco/llvm/LLVM/LLVMValueRef;+0
j  FunctionAndVarIRVisitor.visitLValExp(LSysYParser$LValExpContext;)Lorg/bytedeco/llvm/LLVM/LLVMValueRef;+18
j  FunctionAndVarIRVisitor.visitLValExp(LSysYParser$LValExpContext;)Ljava/lang/Object;+2
j  SysYParser$LValExpContext.accept(Lorg/antlr/v4/runtime/tree/ParseTreeVisitor;)Ljava/lang/Object;+12
j  org.antlr.v4.runtime.tree.AbstractParseTreeVisitor.visit(Lorg/antlr/v4/runtime/tree/ParseTree;)Ljava/lang/Object;+2
j  FunctionAndVarIRVisitor.visitExpInitVal(LSysYParser$ExpInitValContext;)Lorg/bytedeco/llvm/LLVM/LLVMValueRef;+5
j  FunctionAndVarIRVisitor.visitExpInitVal(LSysYParser$ExpInitValContext;)Ljava/lang/Object;+2
j  SysYParser$ExpInitValContext.accept(Lorg/antlr/v4/runtime/tree/ParseTreeVisitor;)Ljava/lang/Object;+12
j  org.antlr.v4.runtime.tree.AbstractParseTreeVisitor.visit(Lorg/antlr/v4/runtime/tree/ParseTree;)Ljava/lang/Object;+2
j  FunctionAndVarIRVisitor.handleVar(LSysYParser$VarDefContext;Ljava/lang/String;)Lorg/bytedeco/llvm/LLVM/LLVMValueRef;+17
j  FunctionAndVarIRVisitor.visitVarDef(LSysYParser$VarDefContext;)Lorg/bytedeco/llvm/LLVM/LLVMValueRef;+36
j  FunctionAndVarIRVisitor.visitVarDef(LSysYParser$VarDefContext;)Ljava/lang/Object;+2
j  SysYParser$VarDefContext.accept(Lorg/antlr/v4/runtime/tree/ParseTreeVisitor;)Ljava/lang/Object;+12
j  org.antlr.v4.runtime.tree.AbstractParseTreeVisitor.visitChildren(Lorg/antlr/v4/runtime/tree/RuleNode;)Ljava/lang/Object;+46
j  SysYParserBaseVisitor.visitVarDecl(LSysYParser$VarDeclContext;)Ljava/lang/Object;+2
j  SysYParser$VarDeclContext.accept(Lorg/antlr/v4/runtime/tree/ParseTreeVisitor;)Ljava/lang/Object;+12
j  org.antlr.v4.runtime.tree.AbstractParseTreeVisitor.visitChildren(Lorg/antlr/v4/runtime/tree/RuleNode;)Ljava/lang/Object;+46
j  SysYParserBaseVisitor.visitDecl(LSysYParser$DeclContext;)Ljava/lang/Object;+2
j  SysYParser$DeclContext.accept(Lorg/antlr/v4/runtime/tree/ParseTreeVisitor;)Ljava/lang/Object;+12
j  org.antlr.v4.runtime.tree.AbstractParseTreeVisitor.visitChildren(Lorg/antlr/v4/runtime/tree/RuleNode;)Ljava/lang/Object;+46
j  SysYParserBaseVisitor.visitBlockItem(LSysYParser$BlockItemContext;)Ljava/lang/Object;+2
j  SysYParser$BlockItemContext.accept(Lorg/antlr/v4/runtime/tree/ParseTreeVisitor;)Ljava/lang/Object;+12
j  org.antlr.v4.runtime.tree.AbstractParseTreeVisitor.visitChildren(Lorg/antlr/v4/runtime/tree/RuleNode;)Ljava/lang/Object;+46
j  SysYParserBaseVisitor.visitBlock(LSysYParser$BlockContext;)Ljava/lang/Object;+2
j  FunctionAndVarIRVisitor.visitBlock(LSysYParser$BlockContext;)Lorg/bytedeco/llvm/LLVM/LLVMValueRef;+32
j  FunctionAndVarIRVisitor.visitBlock(LSysYParser$BlockContext;)Ljava/lang/Object;+2
j  SysYParser$BlockContext.accept(Lorg/antlr/v4/runtime/tree/ParseTreeVisitor;)Ljava/lang/Object;+12
j  org.antlr.v4.runtime.tree.AbstractParseTreeVisitor.visitChildren(Lorg/antlr/v4/runtime/tree/RuleNode;)Ljava/lang/Object;+46
j  SysYParserBaseVisitor.visitFuncDef(LSysYParser$FuncDefContext;)Ljava/lang/Object;+2
j  FunctionAndVarIRVisitor.visitFuncDef(LSysYParser$FuncDefContext;)Lorg/bytedeco/llvm/LLVM/LLVMValueRef;+333
j  FunctionAndVarIRVisitor.visitFuncDef(LSysYParser$FuncDefContext;)Ljava/lang/Object;+2
j  SysYParser$FuncDefContext.accept(Lorg/antlr/v4/runtime/tree/ParseTreeVisitor;)Ljava/lang/Object;+12
j  org.antlr.v4.runtime.tree.AbstractParseTreeVisitor.visitChildren(Lorg/antlr/v4/runtime/tree/RuleNode;)Ljava/lang/Object;+46
j  SysYParserBaseVisitor.visitCompUnit(LSysYParser$CompUnitContext;)Ljava/lang/Object;+2
j  SysYParser$CompUnitContext.accept(Lorg/antlr/v4/runtime/tree/ParseTreeVisitor;)Ljava/lang/Object;+12
j  org.antlr.v4.runtime.tree.AbstractParseTreeVisitor.visitChildren(Lorg/antlr/v4/runtime/tree/RuleNode;)Ljava/lang/Object;+46
j  SysYParserBaseVisitor.visitProgram(LSysYParser$ProgramContext;)Ljava/lang/Object;+2
j  FunctionAndVarIRVisitor.visitProgram(LSysYParser$ProgramContext;)Lorg/bytedeco/llvm/LLVM/LLVMValueRef;+2
j  FunctionAndVarIRVisitor.visitProgram(LSysYParser$ProgramContext;)Ljava/lang/Object;+2
j  SysYParser$ProgramContext.accept(Lorg/antlr/v4/runtime/tree/ParseTreeVisitor;)Ljava/lang/Object;+12
j  org.antlr.v4.runtime.tree.AbstractParseTreeVisitor.visit(Lorg/antlr/v4/runtime/tree/ParseTree;)Ljava/lang/Object;+2
j  Main.funcAndVarIRGenerate([Ljava/lang/String;)V+113
j  Main.main([Ljava/lang/String;)V+1
v  ~StubRoutines::call_stub

siginfo: si_signo: 11 (SIGSEGV), si_code: 1 (SEGV_MAPERR), si_addr: 0x0000000000000000

Register to memory mapping:

RAX=0x00007f1fd00046c0 points into unknown readable memory: 0x00007f1fd801002a | 2a 00 01 d8 1f 7f 00 00
RBX=0x0 is NULL
RCX=0x000000000000002a is an unknown value
RDX=0x00007f1fd00046c0 points into unknown readable memory: 0x00007f1fd801002a | 2a 00 01 d8 1f 7f 00 00
RSP=0x00007f2037a605b0 is pointing into the stack for thread: 0x00007f2030017800
RBP=0x00007f20304d3250 points into unknown readable memory: 0x00007f20304d3260 | 60 32 4d 30 20 7f 00 00
RSI=0x0 is NULL
RDI=0x00007f20304d3250 points into unknown readable memory: 0x00007f20304d3260 | 60 32 4d 30 20 7f 00 00
R8 =0x0000000746158818 points into unknown readable memory: 0x000000000000002a | 2a 00 00 00 00 00 00 00
R9 =0x00007f2030017800 is a thread
R10=0xfffffffffffff55a is an unknown value
R11=0x00007f1fb6158870: LLVMBuildLoad+0x0000000000000000 in /root/.javacpp/cache/llvm-13.0.1-1.5.7-linux-x86_64.jar/org/bytedeco/llvm/linux-x86_64/libLLVM-13.so at 0x00007f1fb552c000
R12=0x0 is NULL
R13=0x0 is NULL
R14=0x00007f1fd00046c0 points into unknown readable memory: 0x00007f1fd801002a | 2a 00 01 d8 1f 7f 00 00
R15=0x00007f2030017800 is a thread


Registers:
RAX=0x00007f1fd00046c0, RBX=0x0000000000000000, RCX=0x000000000000002a, RDX=0x00007f1fd00046c0
RSP=0x00007f2037a605b0, RBP=0x00007f20304d3250, RSI=0x0000000000000000, RDI=0x00007f20304d3250
R8 =0x0000000746158818, R9 =0x00007f2030017800, R10=0xfffffffffffff55a, R11=0x00007f1fb6158870
R12=0x0000000000000000, R13=0x0000000000000000, R14=0x00007f1fd00046c0, R15=0x00007f2030017800
RIP=0x00007f1fb6158882, EFLAGS=0x0000000000010202, CSGSFS=0x002b000000000033, ERR=0x0000000000000004
  TRAPNO=0x000000000000000e

Top of Stack: (sp=0x00007f2037a605b0)
0x00007f2037a605b0:   0000000000000000 0000000000000000
0x00007f2037a605c0:   cafebabecafebabe 0000000000000000
0x00007f2037a605d0:   0000000000000000 0000000000000000
0x00007f2037a605e0:   0000000000000000 0000000000000000 

Instructions: (pc=0x00007f1fb6158882)
0x00007f1fb6158782:   89 c4 4c 8d 4c 24 40 e8 92 57 09 00 48 8b 7d 50
0x00007f1fb6158792:   48 8b 4d 30 4c 89 e6 48 8d 54 24 10 4c 8b 45 38
0x00007f1fb61587a2:   48 8b 07 ff 50 10 48 8b 5d 00 8b 6d 08 5a 59 48
0x00007f1fb61587b2:   c1 e5 04 48 01 dd 48 39 eb 74 1a 0f 1f 00 48 8b
0x00007f1fb61587c2:   53 08 8b 33 4c 89 e7 48 83 c3 10 e8 6e 16 0e 00
0x00007f1fb61587d2:   48 39 dd 75 e9 48 83 c4 68 4c 89 e0 5b 5d 41 5c
0x00007f1fb61587e2:   41 5d 41 5e 41 5f c3 0f 1f 80 00 00 00 00 41 54
0x00007f1fb61587f2:   b8 01 01 00 00 55 48 89 fd 48 89 f7 53 48 83 ec
0x00007f1fb6158802:   30 48 8b 75 30 66 89 44 24 20 e8 ef 24 09 00 48
0x00007f1fb6158812:   8b 7d 50 48 8b 4d 30 48 89 e2 49 89 c4 4c 8b 45
0x00007f1fb6158822:   38 48 8b 07 4c 89 e6 ff 50 10 48 8b 5d 00 8b 6d
0x00007f1fb6158832:   08 48 c1 e5 04 48 01 dd 48 39 eb 74 18 90 48 8b
0x00007f1fb6158842:   53 08 8b 33 4c 89 e7 48 83 c3 10 e8 ee 15 0e 00
0x00007f1fb6158852:   48 39 dd 75 e9 48 83 c4 30 4c 89 e0 5b 5d 41 5c
0x00007f1fb6158862:   c3 66 2e 0f 1f 84 00 00 00 00 00 0f 1f 00 41 56
0x00007f1fb6158872:   41 55 49 89 f5 41 54 55 48 89 fd 53 48 83 ec 60
0x00007f1fb6158882:   48 8b 06 80 3a 00 be 01 01 00 00 4c 8b 70 18 66
0x00007f1fb6158892:   89 74 24 20 74 09 48 89 14 24 c6 44 24 20 03 48
0x00007f1fb61588a2:   8b 7d 30 e8 d6 15 fc ff 48 89 c7 e8 4e 47 0e 00
0x00007f1fb61588b2:   4c 89 f6 48 89 c7 e8 b3 46 01 00 be 01 00 00 00
0x00007f1fb61588c2:   bf 40 00 00 00 89 c3 b8 01 01 00 00 66 89 44 24
0x00007f1fb61588d2:   50 e8 a8 0a 13 00 48 8d 4c 24 30 41 89 d9 45 31
0x00007f1fb61588e2:   c0 48 83 ec 08 48 89 c7 4c 89 ea 4c 89 f6 6a 00
0x00007f1fb61588f2:   49 89 c4 e8 26 5d 09 00 48 8b 7d 50 48 8b 4d 30
0x00007f1fb6158902:   4c 89 e6 48 8d 54 24 10 4c 8b 45 38 48 8b 07 ff
0x00007f1fb6158912:   50 10 48 8b 5d 00 8b 6d 08 5a 59 48 c1 e5 04 48
0x00007f1fb6158922:   01 dd 48 39 eb 74 1e 0f 1f 80 00 00 00 00 48 8b
0x00007f1fb6158932:   53 08 8b 33 4c 89 e7 48 83 c3 10 e8 fe 14 0e 00
0x00007f1fb6158942:   48 39 dd 75 e9 48 83 c4 60 4c 89 e0 5b 5d 41 5c
0x00007f1fb6158952:   41 5d 41 5e c3 66 0f 1f 84 00 00 00 00 00 41 56
0x00007f1fb6158962:   49 89 d6 41 55 49 89 f5 be 01 01 00 00 41 54 55
0x00007f1fb6158972:   48 89 fd 53 48 83 ec 60 80 39 00 66 89 74 24 20 


Stack slot to memory mapping:
stack at sp + 0 slots: 0x0 is NULL
stack at sp + 1 slots: 0x0 is NULL
stack at sp + 2 slots: 0xcafebabecafebabe is an unknown value
stack at sp + 3 slots: 0x0 is NULL
stack at sp + 4 slots: 0x0 is NULL
stack at sp + 5 slots: 0x0 is NULL
stack at sp + 6 slots: 0x0 is NULL
stack at sp + 7 slots: 0x0 is NULL


---------------  P R O C E S S  ---------------

Threads class SMR info:
_java_thread_list=0x00007f1fd0004c20, length=12, elements={
0x00007f2030017800, 0x00007f2030187800, 0x00007f2030189800, 0x00007f2030192000,
0x00007f2030194000, 0x00007f2030196000, 0x00007f2030198000, 0x00007f203019a000,
0x00007f203020b800, 0x00007f2030211800, 0x00007f20303ca000, 0x00007f1fd8001800
}

Java Threads: ( => current thread )
=>0x00007f2030017800 JavaThread "main" [_thread_in_native, id=4349, stack(0x00007f2037962000,0x00007f2037a63000)]
  0x00007f2030187800 JavaThread "Reference Handler" daemon [_thread_blocked, id=4357, stack(0x00007f2034327000,0x00007f2034428000)]
  0x00007f2030189800 JavaThread "Finalizer" daemon [_thread_blocked, id=4358, stack(0x00007f2034226000,0x00007f2034327000)]
  0x00007f2030192000 JavaThread "Signal Dispatcher" daemon [_thread_blocked, id=4359, stack(0x00007f2018416000,0x00007f2018517000)]
  0x00007f2030194000 JavaThread "Service Thread" daemon [_thread_blocked, id=4360, stack(0x00007f2018315000,0x00007f2018416000)]
  0x00007f2030196000 JavaThread "C2 CompilerThread0" daemon [_thread_blocked, id=4361, stack(0x00007f2018214000,0x00007f2018315000)]
  0x00007f2030198000 JavaThread "C1 CompilerThread0" daemon [_thread_blocked, id=4362, stack(0x00007f2018113000,0x00007f2018214000)]
  0x00007f203019a000 JavaThread "Sweeper thread" daemon [_thread_blocked, id=4363, stack(0x00007f2018012000,0x00007f2018113000)]
  0x00007f203020b800 JavaThread "JDWP Event Helper Thread" daemon [_thread_blocked, id=4366, stack(0x00007f200db7e000,0x00007f200dc7f000)]
  0x00007f2030211800 JavaThread "Common-Cleaner" daemon [_thread_blocked, id=4382, stack(0x00007f200d87a000,0x00007f200d97b000)]
  0x00007f20303ca000 JavaThread "JavaCPP Deallocator" daemon [_thread_blocked, id=4383, stack(0x00007f200d779000,0x00007f200d87a000)]
  0x00007f1fd8001800 JavaThread "JDWP Transport Listener: dt_socket" daemon [_thread_in_native, id=4886, stack(0x00007f200da7d000,0x00007f200db7e000)]

Other Threads:
  0x00007f2030184800 VMThread "VM Thread" [stack: 0x00007f203442a000,0x00007f203452a000] [id=4355]
  0x00007f203020e000 WatcherThread [stack: 0x00007f200d97d000,0x00007f200da7d000] [id=4381]
  0x00007f203002f800 GCTaskThread "GC Thread#0" [stack: 0x00007f20375ce000,0x00007f20376ce000] [id=4350]
  0x00007f203007b800 ConcurrentGCThread "G1 Main Marker" [stack: 0x00007f2035980000,0x00007f2035a80000] [id=4351]
  0x00007f203007d800 ConcurrentGCThread "G1 Conc#0" [stack: 0x00007f203587e000,0x00007f203597e000] [id=4352]
  0x00007f203014a800 ConcurrentGCThread "G1 Refine#0" [stack: 0x00007f2034f74000,0x00007f2035074000] [id=4353]
  0x00007f203014c800 ConcurrentGCThread "G1 Young RemSet Sampling" [stack: 0x00007f2034e72000,0x00007f2034f72000] [id=4354]

Threads with active compile tasks:

VM state:not at safepoint (normal execution)

VM Mutex/Monitor currently owned by a thread: None

Heap address: 0x000000073b000000, size: 3152 MB, Compressed Oops mode: Zero based, Oop shift amount: 3
Narrow klass base: 0x0000000800000000, Narrow klass shift: 3
Compressed class space size: 1073741824 Address: 0x0000000840000000

Heap:
 garbage-first heap   total 204800K, used 20172K [0x000000073b000000, 0x0000000800000000)
  region size 1024K, 21 young (21504K), 0 survivors (0K)
 Metaspace       used 3635K, capacity 6704K, committed 6912K, reserved 1056768K
  class space    used 410K, capacity 700K, committed 768K, reserved 1048576K
Heap Regions: E=young(eden), S=young(survivor), O=old, HS=humongous(starts), HC=humongous(continues), CS=collection set, F=free, A=archive, TAMS=top-at-mark-start (previous, next)
|   0|0x000000073b000000, 0x000000073b000000, 0x000000073b100000|  0%| F|  |TAMS 0x000000073b000000, 0x000000073b000000| Untracked 
|   1|0x000000073b100000, 0x000000073b100000, 0x000000073b200000|  0%| F|  |TAMS 0x000000073b100000, 0x000000073b100000| Untracked 
|   2|0x000000073b200000, 0x000000073b200000, 0x000000073b300000|  0%| F|  |TAMS 0x000000073b200000, 0x000000073b200000| Untracked 
|   3|0x000000073b300000, 0x000000073b300000, 0x000000073b400000|  0%| F|  |TAMS 0x000000073b300000, 0x000000073b300000| Untracked 
|   4|0x000000073b400000, 0x000000073b400000, 0x000000073b500000|  0%| F|  |TAMS 0x000000073b400000, 0x000000073b400000| Untracked 
|   5|0x000000073b500000, 0x000000073b500000, 0x000000073b600000|  0%| F|  |TAMS 0x000000073b500000, 0x000000073b500000| Untracked 
|   6|0x000000073b600000, 0x000000073b600000, 0x000000073b700000|  0%| F|  |TAMS 0x000000073b600000, 0x000000073b600000| Untracked 
|   7|0x000000073b700000, 0x000000073b700000, 0x000000073b800000|  0%| F|  |TAMS 0x000000073b700000, 0x000000073b700000| Untracked 
|   8|0x000000073b800000, 0x000000073b800000, 0x000000073b900000|  0%| F|  |TAMS 0x000000073b800000, 0x000000073b800000| Untracked 
|   9|0x000000073b900000, 0x000000073b900000, 0x000000073ba00000|  0%| F|  |TAMS 0x000000073b900000, 0x000000073b900000| Untracked 
|  10|0x000000073ba00000, 0x000000073ba00000, 0x000000073bb00000|  0%| F|  |TAMS 0x000000073ba00000, 0x000000073ba00000| Untracked 
|  11|0x000000073bb00000, 0x000000073bb00000, 0x000000073bc00000|  0%| F|  |TAMS 0x000000073bb00000, 0x000000073bb00000| Untracked 
|  12|0x000000073bc00000, 0x000000073bc00000, 0x000000073bd00000|  0%| F|  |TAMS 0x000000073bc00000, 0x000000073bc00000| Untracked 
|  13|0x000000073bd00000, 0x000000073bd00000, 0x000000073be00000|  0%| F|  |TAMS 0x000000073bd00000, 0x000000073bd00000| Untracked 
|  14|0x000000073be00000, 0x000000073be00000, 0x000000073bf00000|  0%| F|  |TAMS 0x000000073be00000, 0x000000073be00000| Untracked 
|  15|0x000000073bf00000, 0x000000073bf00000, 0x000000073c000000|  0%| F|  |TAMS 0x000000073bf00000, 0x000000073bf00000| Untracked 
|  16|0x000000073c000000, 0x000000073c000000, 0x000000073c100000|  0%| F|  |TAMS 0x000000073c000000, 0x000000073c000000| Untracked 
|  17|0x000000073c100000, 0x000000073c100000, 0x000000073c200000|  0%| F|  |TAMS 0x000000073c100000, 0x000000073c100000| Untracked 
|  18|0x000000073c200000, 0x000000073c200000, 0x000000073c300000|  0%| F|  |TAMS 0x000000073c200000, 0x000000073c200000| Untracked 
|  19|0x000000073c300000, 0x000000073c300000, 0x000000073c400000|  0%| F|  |TAMS 0x000000073c300000, 0x000000073c300000| Untracked 
|  20|0x000000073c400000, 0x000000073c400000, 0x000000073c500000|  0%| F|  |TAMS 0x000000073c400000, 0x000000073c400000| Untracked 
|  21|0x000000073c500000, 0x000000073c500000, 0x000000073c600000|  0%| F|  |TAMS 0x000000073c500000, 0x000000073c500000| Untracked 
|  22|0x000000073c600000, 0x000000073c600000, 0x000000073c700000|  0%| F|  |TAMS 0x000000073c600000, 0x000000073c600000| Untracked 
|  23|0x000000073c700000, 0x000000073c700000, 0x000000073c800000|  0%| F|  |TAMS 0x000000073c700000, 0x000000073c700000| Untracked 
|  24|0x000000073c800000, 0x000000073c800000, 0x000000073c900000|  0%| F|  |TAMS 0x000000073c800000, 0x000000073c800000| Untracked 
|  25|0x000000073c900000, 0x000000073c900000, 0x000000073ca00000|  0%| F|  |TAMS 0x000000073c900000, 0x000000073c900000| Untracked 
|  26|0x000000073ca00000, 0x000000073ca00000, 0x000000073cb00000|  0%| F|  |TAMS 0x000000073ca00000, 0x000000073ca00000| Untracked 
|  27|0x000000073cb00000, 0x000000073cb00000, 0x000000073cc00000|  0%| F|  |TAMS 0x000000073cb00000, 0x000000073cb00000| Untracked 
|  28|0x000000073cc00000, 0x000000073cc00000, 0x000000073cd00000|  0%| F|  |TAMS 0x000000073cc00000, 0x000000073cc00000| Untracked 
|  29|0x000000073cd00000, 0x000000073cd00000, 0x000000073ce00000|  0%| F|  |TAMS 0x000000073cd00000, 0x000000073cd00000| Untracked 
|  30|0x000000073ce00000, 0x000000073ce00000, 0x000000073cf00000|  0%| F|  |TAMS 0x000000073ce00000, 0x000000073ce00000| Untracked 
|  31|0x000000073cf00000, 0x000000073cf00000, 0x000000073d000000|  0%| F|  |TAMS 0x000000073cf00000, 0x000000073cf00000| Untracked 
|  32|0x000000073d000000, 0x000000073d000000, 0x000000073d100000|  0%| F|  |TAMS 0x000000073d000000, 0x000000073d000000| Untracked 
|  33|0x000000073d100000, 0x000000073d100000, 0x000000073d200000|  0%| F|  |TAMS 0x000000073d100000, 0x000000073d100000| Untracked 
|  34|0x000000073d200000, 0x000000073d200000, 0x000000073d300000|  0%| F|  |TAMS 0x000000073d200000, 0x000000073d200000| Untracked 
|  35|0x000000073d300000, 0x000000073d300000, 0x000000073d400000|  0%| F|  |TAMS 0x000000073d300000, 0x000000073d300000| Untracked 
|  36|0x000000073d400000, 0x000000073d400000, 0x000000073d500000|  0%| F|  |TAMS 0x000000073d400000, 0x000000073d400000| Untracked 
|  37|0x000000073d500000, 0x000000073d500000, 0x000000073d600000|  0%| F|  |TAMS 0x000000073d500000, 0x000000073d500000| Untracked 
|  38|0x000000073d600000, 0x000000073d600000, 0x000000073d700000|  0%| F|  |TAMS 0x000000073d600000, 0x000000073d600000| Untracked 
|  39|0x000000073d700000, 0x000000073d700000, 0x000000073d800000|  0%| F|  |TAMS 0x000000073d700000, 0x000000073d700000| Untracked 
|  40|0x000000073d800000, 0x000000073d800000, 0x000000073d900000|  0%| F|  |TAMS 0x000000073d800000, 0x000000073d800000| Untracked 
|  41|0x000000073d900000, 0x000000073d900000, 0x000000073da00000|  0%| F|  |TAMS 0x000000073d900000, 0x000000073d900000| Untracked 
|  42|0x000000073da00000, 0x000000073da00000, 0x000000073db00000|  0%| F|  |TAMS 0x000000073da00000, 0x000000073da00000| Untracked 
|  43|0x000000073db00000, 0x000000073db00000, 0x000000073dc00000|  0%| F|  |TAMS 0x000000073db00000, 0x000000073db00000| Untracked 
|  44|0x000000073dc00000, 0x000000073dc00000, 0x000000073dd00000|  0%| F|  |TAMS 0x000000073dc00000, 0x000000073dc00000| Untracked 
|  45|0x000000073dd00000, 0x000000073dd00000, 0x000000073de00000|  0%| F|  |TAMS 0x000000073dd00000, 0x000000073dd00000| Untracked 
|  46|0x000000073de00000, 0x000000073de00000, 0x000000073df00000|  0%| F|  |TAMS 0x000000073de00000, 0x000000073de00000| Untracked 
|  47|0x000000073df00000, 0x000000073df00000, 0x000000073e000000|  0%| F|  |TAMS 0x000000073df00000, 0x000000073df00000| Untracked 
|  48|0x000000073e000000, 0x000000073e000000, 0x000000073e100000|  0%| F|  |TAMS 0x000000073e000000, 0x000000073e000000| Untracked 
|  49|0x000000073e100000, 0x000000073e100000, 0x000000073e200000|  0%| F|  |TAMS 0x000000073e100000, 0x000000073e100000| Untracked 
|  50|0x000000073e200000, 0x000000073e200000, 0x000000073e300000|  0%| F|  |TAMS 0x000000073e200000, 0x000000073e200000| Untracked 
|  51|0x000000073e300000, 0x000000073e300000, 0x000000073e400000|  0%| F|  |TAMS 0x000000073e300000, 0x000000073e300000| Untracked 
|  52|0x000000073e400000, 0x000000073e400000, 0x000000073e500000|  0%| F|  |TAMS 0x000000073e400000, 0x000000073e400000| Untracked 
|  53|0x000000073e500000, 0x000000073e500000, 0x000000073e600000|  0%| F|  |TAMS 0x000000073e500000, 0x000000073e500000| Untracked 
|  54|0x000000073e600000, 0x000000073e600000, 0x000000073e700000|  0%| F|  |TAMS 0x000000073e600000, 0x000000073e600000| Untracked 
|  55|0x000000073e700000, 0x000000073e700000, 0x000000073e800000|  0%| F|  |TAMS 0x000000073e700000, 0x000000073e700000| Untracked 
|  56|0x000000073e800000, 0x000000073e800000, 0x000000073e900000|  0%| F|  |TAMS 0x000000073e800000, 0x000000073e800000| Untracked 
|  57|0x000000073e900000, 0x000000073e900000, 0x000000073ea00000|  0%| F|  |TAMS 0x000000073e900000, 0x000000073e900000| Untracked 
|  58|0x000000073ea00000, 0x000000073ea00000, 0x000000073eb00000|  0%| F|  |TAMS 0x000000073ea00000, 0x000000073ea00000| Untracked 
|  59|0x000000073eb00000, 0x000000073eb00000, 0x000000073ec00000|  0%| F|  |TAMS 0x000000073eb00000, 0x000000073eb00000| Untracked 
|  60|0x000000073ec00000, 0x000000073ec00000, 0x000000073ed00000|  0%| F|  |TAMS 0x000000073ec00000, 0x000000073ec00000| Untracked 
|  61|0x000000073ed00000, 0x000000073ed00000, 0x000000073ee00000|  0%| F|  |TAMS 0x000000073ed00000, 0x000000073ed00000| Untracked 
|  62|0x000000073ee00000, 0x000000073ee00000, 0x000000073ef00000|  0%| F|  |TAMS 0x000000073ee00000, 0x000000073ee00000| Untracked 
|  63|0x000000073ef00000, 0x000000073ef00000, 0x000000073f000000|  0%| F|  |TAMS 0x000000073ef00000, 0x000000073ef00000| Untracked 
|  64|0x000000073f000000, 0x000000073f000000, 0x000000073f100000|  0%| F|  |TAMS 0x000000073f000000, 0x000000073f000000| Untracked 
|  65|0x000000073f100000, 0x000000073f100000, 0x000000073f200000|  0%| F|  |TAMS 0x000000073f100000, 0x000000073f100000| Untracked 
|  66|0x000000073f200000, 0x000000073f200000, 0x000000073f300000|  0%| F|  |TAMS 0x000000073f200000, 0x000000073f200000| Untracked 
|  67|0x000000073f300000, 0x000000073f300000, 0x000000073f400000|  0%| F|  |TAMS 0x000000073f300000, 0x000000073f300000| Untracked 
|  68|0x000000073f400000, 0x000000073f400000, 0x000000073f500000|  0%| F|  |TAMS 0x000000073f400000, 0x000000073f400000| Untracked 
|  69|0x000000073f500000, 0x000000073f500000, 0x000000073f600000|  0%| F|  |TAMS 0x000000073f500000, 0x000000073f500000| Untracked 
|  70|0x000000073f600000, 0x000000073f600000, 0x000000073f700000|  0%| F|  |TAMS 0x000000073f600000, 0x000000073f600000| Untracked 
|  71|0x000000073f700000, 0x000000073f700000, 0x000000073f800000|  0%| F|  |TAMS 0x000000073f700000, 0x000000073f700000| Untracked 
|  72|0x000000073f800000, 0x000000073f800000, 0x000000073f900000|  0%| F|  |TAMS 0x000000073f800000, 0x000000073f800000| Untracked 
|  73|0x000000073f900000, 0x000000073f900000, 0x000000073fa00000|  0%| F|  |TAMS 0x000000073f900000, 0x000000073f900000| Untracked 
|  74|0x000000073fa00000, 0x000000073fa00000, 0x000000073fb00000|  0%| F|  |TAMS 0x000000073fa00000, 0x000000073fa00000| Untracked 
|  75|0x000000073fb00000, 0x000000073fb00000, 0x000000073fc00000|  0%| F|  |TAMS 0x000000073fb00000, 0x000000073fb00000| Untracked 
|  76|0x000000073fc00000, 0x000000073fc00000, 0x000000073fd00000|  0%| F|  |TAMS 0x000000073fc00000, 0x000000073fc00000| Untracked 
|  77|0x000000073fd00000, 0x000000073fd00000, 0x000000073fe00000|  0%| F|  |TAMS 0x000000073fd00000, 0x000000073fd00000| Untracked 
|  78|0x000000073fe00000, 0x000000073fe00000, 0x000000073ff00000|  0%| F|  |TAMS 0x000000073fe00000, 0x000000073fe00000| Untracked 
|  79|0x000000073ff00000, 0x000000073ff00000, 0x0000000740000000|  0%| F|  |TAMS 0x000000073ff00000, 0x000000073ff00000| Untracked 
|  80|0x0000000740000000, 0x0000000740000000, 0x0000000740100000|  0%| F|  |TAMS 0x0000000740000000, 0x0000000740000000| Untracked 
|  81|0x0000000740100000, 0x0000000740100000, 0x0000000740200000|  0%| F|  |TAMS 0x0000000740100000, 0x0000000740100000| Untracked 
|  82|0x0000000740200000, 0x0000000740200000, 0x0000000740300000|  0%| F|  |TAMS 0x0000000740200000, 0x0000000740200000| Untracked 
|  83|0x0000000740300000, 0x0000000740300000, 0x0000000740400000|  0%| F|  |TAMS 0x0000000740300000, 0x0000000740300000| Untracked 
|  84|0x0000000740400000, 0x0000000740400000, 0x0000000740500000|  0%| F|  |TAMS 0x0000000740400000, 0x0000000740400000| Untracked 
|  85|0x0000000740500000, 0x0000000740500000, 0x0000000740600000|  0%| F|  |TAMS 0x0000000740500000, 0x0000000740500000| Untracked 
|  86|0x0000000740600000, 0x0000000740600000, 0x0000000740700000|  0%| F|  |TAMS 0x0000000740600000, 0x0000000740600000| Untracked 
|  87|0x0000000740700000, 0x0000000740700000, 0x0000000740800000|  0%| F|  |TAMS 0x0000000740700000, 0x0000000740700000| Untracked 
|  88|0x0000000740800000, 0x0000000740800000, 0x0000000740900000|  0%| F|  |TAMS 0x0000000740800000, 0x0000000740800000| Untracked 
|  89|0x0000000740900000, 0x0000000740900000, 0x0000000740a00000|  0%| F|  |TAMS 0x0000000740900000, 0x0000000740900000| Untracked 
|  90|0x0000000740a00000, 0x0000000740a00000, 0x0000000740b00000|  0%| F|  |TAMS 0x0000000740a00000, 0x0000000740a00000| Untracked 
|  91|0x0000000740b00000, 0x0000000740b00000, 0x0000000740c00000|  0%| F|  |TAMS 0x0000000740b00000, 0x0000000740b00000| Untracked 
|  92|0x0000000740c00000, 0x0000000740c00000, 0x0000000740d00000|  0%| F|  |TAMS 0x0000000740c00000, 0x0000000740c00000| Untracked 
|  93|0x0000000740d00000, 0x0000000740d00000, 0x0000000740e00000|  0%| F|  |TAMS 0x0000000740d00000, 0x0000000740d00000| Untracked 
|  94|0x0000000740e00000, 0x0000000740e00000, 0x0000000740f00000|  0%| F|  |TAMS 0x0000000740e00000, 0x0000000740e00000| Untracked 
|  95|0x0000000740f00000, 0x0000000740f00000, 0x0000000741000000|  0%| F|  |TAMS 0x0000000740f00000, 0x0000000740f00000| Untracked 
|  96|0x0000000741000000, 0x0000000741000000, 0x0000000741100000|  0%| F|  |TAMS 0x0000000741000000, 0x0000000741000000| Untracked 
|  97|0x0000000741100000, 0x0000000741100000, 0x0000000741200000|  0%| F|  |TAMS 0x0000000741100000, 0x0000000741100000| Untracked 
|  98|0x0000000741200000, 0x0000000741200000, 0x0000000741300000|  0%| F|  |TAMS 0x0000000741200000, 0x0000000741200000| Untracked 
|  99|0x0000000741300000, 0x0000000741300000, 0x0000000741400000|  0%| F|  |TAMS 0x0000000741300000, 0x0000000741300000| Untracked 
| 100|0x0000000741400000, 0x0000000741400000, 0x0000000741500000|  0%| F|  |TAMS 0x0000000741400000, 0x0000000741400000| Untracked 
| 101|0x0000000741500000, 0x0000000741500000, 0x0000000741600000|  0%| F|  |TAMS 0x0000000741500000, 0x0000000741500000| Untracked 
| 102|0x0000000741600000, 0x0000000741600000, 0x0000000741700000|  0%| F|  |TAMS 0x0000000741600000, 0x0000000741600000| Untracked 
| 103|0x0000000741700000, 0x0000000741700000, 0x0000000741800000|  0%| F|  |TAMS 0x0000000741700000, 0x0000000741700000| Untracked 
| 104|0x0000000741800000, 0x0000000741800000, 0x0000000741900000|  0%| F|  |TAMS 0x0000000741800000, 0x0000000741800000| Untracked 
| 105|0x0000000741900000, 0x0000000741900000, 0x0000000741a00000|  0%| F|  |TAMS 0x0000000741900000, 0x0000000741900000| Untracked 
| 106|0x0000000741a00000, 0x0000000741a00000, 0x0000000741b00000|  0%| F|  |TAMS 0x0000000741a00000, 0x0000000741a00000| Untracked 
| 107|0x0000000741b00000, 0x0000000741b00000, 0x0000000741c00000|  0%| F|  |TAMS 0x0000000741b00000, 0x0000000741b00000| Untracked 
| 108|0x0000000741c00000, 0x0000000741c00000, 0x0000000741d00000|  0%| F|  |TAMS 0x0000000741c00000, 0x0000000741c00000| Untracked 
| 109|0x0000000741d00000, 0x0000000741d00000, 0x0000000741e00000|  0%| F|  |TAMS 0x0000000741d00000, 0x0000000741d00000| Untracked 
| 110|0x0000000741e00000, 0x0000000741e00000, 0x0000000741f00000|  0%| F|  |TAMS 0x0000000741e00000, 0x0000000741e00000| Untracked 
| 111|0x0000000741f00000, 0x0000000741f00000, 0x0000000742000000|  0%| F|  |TAMS 0x0000000741f00000, 0x0000000741f00000| Untracked 
| 112|0x0000000742000000, 0x0000000742000000, 0x0000000742100000|  0%| F|  |TAMS 0x0000000742000000, 0x0000000742000000| Untracked 
| 113|0x0000000742100000, 0x0000000742100000, 0x0000000742200000|  0%| F|  |TAMS 0x0000000742100000, 0x0000000742100000| Untracked 
| 114|0x0000000742200000, 0x0000000742200000, 0x0000000742300000|  0%| F|  |TAMS 0x0000000742200000, 0x0000000742200000| Untracked 
| 115|0x0000000742300000, 0x0000000742300000, 0x0000000742400000|  0%| F|  |TAMS 0x0000000742300000, 0x0000000742300000| Untracked 
| 116|0x0000000742400000, 0x0000000742400000, 0x0000000742500000|  0%| F|  |TAMS 0x0000000742400000, 0x0000000742400000| Untracked 
| 117|0x0000000742500000, 0x0000000742500000, 0x0000000742600000|  0%| F|  |TAMS 0x0000000742500000, 0x0000000742500000| Untracked 
| 118|0x0000000742600000, 0x0000000742600000, 0x0000000742700000|  0%| F|  |TAMS 0x0000000742600000, 0x0000000742600000| Untracked 
| 119|0x0000000742700000, 0x0000000742700000, 0x0000000742800000|  0%| F|  |TAMS 0x0000000742700000, 0x0000000742700000| Untracked 
| 120|0x0000000742800000, 0x0000000742800000, 0x0000000742900000|  0%| F|  |TAMS 0x0000000742800000, 0x0000000742800000| Untracked 
| 121|0x0000000742900000, 0x0000000742900000, 0x0000000742a00000|  0%| F|  |TAMS 0x0000000742900000, 0x0000000742900000| Untracked 
| 122|0x0000000742a00000, 0x0000000742a00000, 0x0000000742b00000|  0%| F|  |TAMS 0x0000000742a00000, 0x0000000742a00000| Untracked 
| 123|0x0000000742b00000, 0x0000000742b00000, 0x0000000742c00000|  0%| F|  |TAMS 0x0000000742b00000, 0x0000000742b00000| Untracked 
| 124|0x0000000742c00000, 0x0000000742c00000, 0x0000000742d00000|  0%| F|  |TAMS 0x0000000742c00000, 0x0000000742c00000| Untracked 
| 125|0x0000000742d00000, 0x0000000742d00000, 0x0000000742e00000|  0%| F|  |TAMS 0x0000000742d00000, 0x0000000742d00000| Untracked 
| 126|0x0000000742e00000, 0x0000000742e00000, 0x0000000742f00000|  0%| F|  |TAMS 0x0000000742e00000, 0x0000000742e00000| Untracked 
| 127|0x0000000742f00000, 0x0000000742f00000, 0x0000000743000000|  0%| F|  |TAMS 0x0000000742f00000, 0x0000000742f00000| Untracked 
| 128|0x0000000743000000, 0x0000000743000000, 0x0000000743100000|  0%| F|  |TAMS 0x0000000743000000, 0x0000000743000000| Untracked 
| 129|0x0000000743100000, 0x0000000743100000, 0x0000000743200000|  0%| F|  |TAMS 0x0000000743100000, 0x0000000743100000| Untracked 
| 130|0x0000000743200000, 0x0000000743200000, 0x0000000743300000|  0%| F|  |TAMS 0x0000000743200000, 0x0000000743200000| Untracked 
| 131|0x0000000743300000, 0x0000000743300000, 0x0000000743400000|  0%| F|  |TAMS 0x0000000743300000, 0x0000000743300000| Untracked 
| 132|0x0000000743400000, 0x0000000743400000, 0x0000000743500000|  0%| F|  |TAMS 0x0000000743400000, 0x0000000743400000| Untracked 
| 133|0x0000000743500000, 0x0000000743500000, 0x0000000743600000|  0%| F|  |TAMS 0x0000000743500000, 0x0000000743500000| Untracked 
| 134|0x0000000743600000, 0x0000000743600000, 0x0000000743700000|  0%| F|  |TAMS 0x0000000743600000, 0x0000000743600000| Untracked 
| 135|0x0000000743700000, 0x0000000743700000, 0x0000000743800000|  0%| F|  |TAMS 0x0000000743700000, 0x0000000743700000| Untracked 
| 136|0x0000000743800000, 0x0000000743800000, 0x0000000743900000|  0%| F|  |TAMS 0x0000000743800000, 0x0000000743800000| Untracked 
| 137|0x0000000743900000, 0x0000000743900000, 0x0000000743a00000|  0%| F|  |TAMS 0x0000000743900000, 0x0000000743900000| Untracked 
| 138|0x0000000743a00000, 0x0000000743a00000, 0x0000000743b00000|  0%| F|  |TAMS 0x0000000743a00000, 0x0000000743a00000| Untracked 
| 139|0x0000000743b00000, 0x0000000743b00000, 0x0000000743c00000|  0%| F|  |TAMS 0x0000000743b00000, 0x0000000743b00000| Untracked 
| 140|0x0000000743c00000, 0x0000000743c00000, 0x0000000743d00000|  0%| F|  |TAMS 0x0000000743c00000, 0x0000000743c00000| Untracked 
| 141|0x0000000743d00000, 0x0000000743d00000, 0x0000000743e00000|  0%| F|  |TAMS 0x0000000743d00000, 0x0000000743d00000| Untracked 
| 142|0x0000000743e00000, 0x0000000743e00000, 0x0000000743f00000|  0%| F|  |TAMS 0x0000000743e00000, 0x0000000743e00000| Untracked 
| 143|0x0000000743f00000, 0x0000000743f00000, 0x0000000744000000|  0%| F|  |TAMS 0x0000000743f00000, 0x0000000743f00000| Untracked 
| 144|0x0000000744000000, 0x0000000744000000, 0x0000000744100000|  0%| F|  |TAMS 0x0000000744000000, 0x0000000744000000| Untracked 
| 145|0x0000000744100000, 0x0000000744100000, 0x0000000744200000|  0%| F|  |TAMS 0x0000000744100000, 0x0000000744100000| Untracked 
| 146|0x0000000744200000, 0x0000000744200000, 0x0000000744300000|  0%| F|  |TAMS 0x0000000744200000, 0x0000000744200000| Untracked 
| 147|0x0000000744300000, 0x0000000744300000, 0x0000000744400000|  0%| F|  |TAMS 0x0000000744300000, 0x0000000744300000| Untracked 
| 148|0x0000000744400000, 0x0000000744400000, 0x0000000744500000|  0%| F|  |TAMS 0x0000000744400000, 0x0000000744400000| Untracked 
| 149|0x0000000744500000, 0x0000000744500000, 0x0000000744600000|  0%| F|  |TAMS 0x0000000744500000, 0x0000000744500000| Untracked 
| 150|0x0000000744600000, 0x0000000744600000, 0x0000000744700000|  0%| F|  |TAMS 0x0000000744600000, 0x0000000744600000| Untracked 
| 151|0x0000000744700000, 0x0000000744700000, 0x0000000744800000|  0%| F|  |TAMS 0x0000000744700000, 0x0000000744700000| Untracked 
| 152|0x0000000744800000, 0x0000000744800000, 0x0000000744900000|  0%| F|  |TAMS 0x0000000744800000, 0x0000000744800000| Untracked 
| 153|0x0000000744900000, 0x0000000744900000, 0x0000000744a00000|  0%| F|  |TAMS 0x0000000744900000, 0x0000000744900000| Untracked 
| 154|0x0000000744a00000, 0x0000000744a00000, 0x0000000744b00000|  0%| F|  |TAMS 0x0000000744a00000, 0x0000000744a00000| Untracked 
| 155|0x0000000744b00000, 0x0000000744b00000, 0x0000000744c00000|  0%| F|  |TAMS 0x0000000744b00000, 0x0000000744b00000| Untracked 
| 156|0x0000000744c00000, 0x0000000744c00000, 0x0000000744d00000|  0%| F|  |TAMS 0x0000000744c00000, 0x0000000744c00000| Untracked 
| 157|0x0000000744d00000, 0x0000000744d00000, 0x0000000744e00000|  0%| F|  |TAMS 0x0000000744d00000, 0x0000000744d00000| Untracked 
| 158|0x0000000744e00000, 0x0000000744e00000, 0x0000000744f00000|  0%| F|  |TAMS 0x0000000744e00000, 0x0000000744e00000| Untracked 
| 159|0x0000000744f00000, 0x0000000744f00000, 0x0000000745000000|  0%| F|  |TAMS 0x0000000744f00000, 0x0000000744f00000| Untracked 
| 160|0x0000000745000000, 0x0000000745000000, 0x0000000745100000|  0%| F|  |TAMS 0x0000000745000000, 0x0000000745000000| Untracked 
| 161|0x0000000745100000, 0x0000000745100000, 0x0000000745200000|  0%| F|  |TAMS 0x0000000745100000, 0x0000000745100000| Untracked 
| 162|0x0000000745200000, 0x0000000745200000, 0x0000000745300000|  0%| F|  |TAMS 0x0000000745200000, 0x0000000745200000| Untracked 
| 163|0x0000000745300000, 0x0000000745300000, 0x0000000745400000|  0%| F|  |TAMS 0x0000000745300000, 0x0000000745300000| Untracked 
| 164|0x0000000745400000, 0x0000000745400000, 0x0000000745500000|  0%| F|  |TAMS 0x0000000745400000, 0x0000000745400000| Untracked 
| 165|0x0000000745500000, 0x0000000745500000, 0x0000000745600000|  0%| F|  |TAMS 0x0000000745500000, 0x0000000745500000| Untracked 
| 166|0x0000000745600000, 0x0000000745600000, 0x0000000745700000|  0%| F|  |TAMS 0x0000000745600000, 0x0000000745600000| Untracked 
| 167|0x0000000745700000, 0x0000000745700000, 0x0000000745800000|  0%| F|  |TAMS 0x0000000745700000, 0x0000000745700000| Untracked 
| 168|0x0000000745800000, 0x0000000745800000, 0x0000000745900000|  0%| F|  |TAMS 0x0000000745800000, 0x0000000745800000| Untracked 
| 169|0x0000000745900000, 0x0000000745900000, 0x0000000745a00000|  0%| F|  |TAMS 0x0000000745900000, 0x0000000745900000| Untracked 
| 170|0x0000000745a00000, 0x0000000745a00000, 0x0000000745b00000|  0%| F|  |TAMS 0x0000000745a00000, 0x0000000745a00000| Untracked 
| 171|0x0000000745b00000, 0x0000000745b00000, 0x0000000745c00000|  0%| F|  |TAMS 0x0000000745b00000, 0x0000000745b00000| Untracked 
| 172|0x0000000745c00000, 0x0000000745c00000, 0x0000000745d00000|  0%| F|  |TAMS 0x0000000745c00000, 0x0000000745c00000| Untracked 
| 173|0x0000000745d00000, 0x0000000745d00000, 0x0000000745e00000|  0%| F|  |TAMS 0x0000000745d00000, 0x0000000745d00000| Untracked 
| 174|0x0000000745e00000, 0x0000000745e00000, 0x0000000745f00000|  0%| F|  |TAMS 0x0000000745e00000, 0x0000000745e00000| Untracked 
| 175|0x0000000745f00000, 0x0000000745f00000, 0x0000000746000000|  0%| F|  |TAMS 0x0000000745f00000, 0x0000000745f00000| Untracked 
| 176|0x0000000746000000, 0x0000000746000000, 0x0000000746100000|  0%| F|  |TAMS 0x0000000746000000, 0x0000000746000000| Untracked 
| 177|0x0000000746100000, 0x00000007461f65c0, 0x0000000746200000| 96%| E|  |TAMS 0x0000000746100000, 0x0000000746100000| Complete 
| 178|0x0000000746200000, 0x0000000746300000, 0x0000000746300000|100%| E|CS|TAMS 0x0000000746200000, 0x0000000746200000| Complete 
| 179|0x0000000746300000, 0x0000000746400000, 0x0000000746400000|100%| E|CS|TAMS 0x0000000746300000, 0x0000000746300000| Complete 
| 180|0x0000000746400000, 0x0000000746500000, 0x0000000746500000|100%| E|CS|TAMS 0x0000000746400000, 0x0000000746400000| Complete 
| 181|0x0000000746500000, 0x0000000746600000, 0x0000000746600000|100%| E|CS|TAMS 0x0000000746500000, 0x0000000746500000| Complete 
| 182|0x0000000746600000, 0x0000000746700000, 0x0000000746700000|100%| E|CS|TAMS 0x0000000746600000, 0x0000000746600000| Complete 
| 183|0x0000000746700000, 0x0000000746800000, 0x0000000746800000|100%| E|CS|TAMS 0x0000000746700000, 0x0000000746700000| Complete 
| 184|0x0000000746800000, 0x0000000746900000, 0x0000000746900000|100%| E|CS|TAMS 0x0000000746800000, 0x0000000746800000| Complete 
| 185|0x0000000746900000, 0x0000000746a00000, 0x0000000746a00000|100%| E|CS|TAMS 0x0000000746900000, 0x0000000746900000| Complete 
| 186|0x0000000746a00000, 0x0000000746b00000, 0x0000000746b00000|100%| E|CS|TAMS 0x0000000746a00000, 0x0000000746a00000| Complete 
| 187|0x0000000746b00000, 0x0000000746c00000, 0x0000000746c00000|100%| E|CS|TAMS 0x0000000746b00000, 0x0000000746b00000| Complete 
| 188|0x0000000746c00000, 0x0000000746d00000, 0x0000000746d00000|100%| E|  |TAMS 0x0000000746c00000, 0x0000000746c00000| Complete 
| 189|0x0000000746d00000, 0x0000000746e00000, 0x0000000746e00000|100%| E|CS|TAMS 0x0000000746d00000, 0x0000000746d00000| Complete 
| 190|0x0000000746e00000, 0x0000000746f00000, 0x0000000746f00000|100%| E|CS|TAMS 0x0000000746e00000, 0x0000000746e00000| Complete 
| 191|0x0000000746f00000, 0x0000000747000000, 0x0000000747000000|100%| E|CS|TAMS 0x0000000746f00000, 0x0000000746f00000| Complete 
| 192|0x0000000747000000, 0x0000000747100000, 0x0000000747100000|100%| E|CS|TAMS 0x0000000747000000, 0x0000000747000000| Complete 
| 193|0x0000000747100000, 0x0000000747200000, 0x0000000747200000|100%| E|CS|TAMS 0x0000000747100000, 0x0000000747100000| Complete 
| 194|0x0000000747200000, 0x0000000747300000, 0x0000000747300000|100%| E|CS|TAMS 0x0000000747200000, 0x0000000747200000| Complete 
| 195|0x0000000747300000, 0x0000000747400000, 0x0000000747400000|100%| E|CS|TAMS 0x0000000747300000, 0x0000000747300000| Complete 
| 196|0x0000000747400000, 0x0000000747500000, 0x0000000747500000|100%| E|CS|TAMS 0x0000000747400000, 0x0000000747400000| Complete 
| 197|0x0000000747500000, 0x0000000747600000, 0x0000000747600000|100%| E|CS|TAMS 0x0000000747500000, 0x0000000747500000| Complete 
|2126|0x00000007bfe00000, 0x00000007bfe48000, 0x00000007bff00000| 28%|OA|  |TAMS 0x00000007bfe00000, 0x00000007bfe00000| Untracked 
|2127|0x00000007bff00000, 0x00000007bff6b000, 0x00000007c0000000| 41%|CA|  |TAMS 0x00000007bff00000, 0x00000007bff00000| Untracked 

Card table byte_map: [0x00007f2036174000,0x00007f203679c000] _byte_map_base: 0x00007f203279c000

Marking Bits (Prev, Next): (CMBitMap*) 0x00007f203006e448, (CMBitMap*) 0x00007f203006e480
 Prev Bits: [0x00007f2010ec0000, 0x00007f2014000000)
 Next Bits: [0x00007f200dd80000, 0x00007f2010ec0000)

Polling page: 0x00007f20392a7000

Metaspace:

Usage:
  Non-class:      5.86 MB capacity,     3.15 MB ( 54%) used,     2.71 MB ( 46%) free+waste,     4.38 KB ( <1%) overhead. 
      Class:    700.00 KB capacity,   410.97 KB ( 59%) used,   286.91 KB ( 41%) free+waste,     2.12 KB ( <1%) overhead. 
       Both:      6.55 MB capacity,     3.55 MB ( 54%) used,     2.99 MB ( 46%) free+waste,     6.50 KB ( <1%) overhead. 

Virtual space:
  Non-class space:        8.00 MB reserved,       6.00 MB ( 75%) committed 
      Class space:        1.00 GB reserved,     768.00 KB ( <1%) committed 
             Both:        1.01 GB reserved,       6.75 MB ( <1%) committed 

Chunk freelists:
   Non-Class:  20.00 KB
       Class:  4.00 KB
        Both:  24.00 KB

MaxMetaspaceSize: unlimited
CompressedClassSpaceSize: 1.00 GB
Initial GC threshold: 20.80 MB
Current GC threshold: 20.80 MB
CDS: on

CodeHeap 'non-profiled nmethods': size=120032Kb used=206Kb max_used=206Kb free=119825Kb
 bounds [0x00007f20202c5000, 0x00007f2020535000, 0x00007f20277fd000]
CodeHeap 'profiled nmethods': size=120028Kb used=1244Kb max_used=1244Kb free=118784Kb
 bounds [0x00007f2018d8e000, 0x00007f2018ffe000, 0x00007f20202c5000]
CodeHeap 'non-nmethods': size=5700Kb used=1206Kb max_used=1232Kb free=4493Kb
 bounds [0x00007f20187fd000, 0x00007f2018a6d000, 0x00007f2018d8e000]
 total_blobs=1033 nmethods=646 adapters=309
 compilation: enabled
              stopped_count=0, restarted_count=0
 full_count=0

Compilation events (20 events):
Event: 0.688 Thread 0x00007f2030198000 nmethod 639 0x00007f2018ebcc10 code [0x00007f2018ebd0c0, 0x00007f2018ebf1b0]
Event: 0.688 Thread 0x00007f2030198000  640       3       java.io.File::<init> (113 bytes)
Event: 0.689 Thread 0x00007f1fe0302800 nmethod 620 0x00007f20202f2d10 code [0x00007f20202f2ec0, 0x00007f20202f3418]
Event: 0.689 Thread 0x00007f2030198000 nmethod 640 0x00007f2018ebfc10 code [0x00007f2018ebfee0, 0x00007f2018ec0b00]
Event: 0.689 Thread 0x00007f2030198000  641       3       java.lang.ref.Cleaner::register (25 bytes)
Event: 0.690 Thread 0x00007f2030198000 nmethod 641 0x00007f2018ec0f10 code [0x00007f2018ec1120, 0x00007f2018ec16c0]
Event: 0.690 Thread 0x00007f2030198000  635       3       sun.net.www.protocol.jar.Handler::indexOfBangSlash (52 bytes)
Event: 0.690 Thread 0x00007f1fe0302800  645       4       java.lang.String::indexOf (7 bytes)
Event: 0.691 Thread 0x00007f2030198000 nmethod 635 0x00007f2018ec1910 code [0x00007f2018ec1ba0, 0x00007f2018ec2670]
Event: 0.691 Thread 0x00007f2030198000  636       1       java.util.zip.ZipEntry::getName (5 bytes)
Event: 0.691 Thread 0x00007f2030198000 nmethod 636 0x00007f20202f3690 code [0x00007f20202f3840, 0x00007f20202f3910]
Event: 0.691 Thread 0x00007f2030198000  643       3       org.bytedeco.javacpp.ClassProperties::get (30 bytes)
Event: 0.692 Thread 0x00007f2030198000 nmethod 643 0x00007f2018ec2a90 code [0x00007f2018ec2ce0, 0x00007f2018ec3630]
Event: 0.692 Thread 0x00007f2030198000  644       3       java.util.Arrays$ArrayItr::hasNext (18 bytes)
Event: 0.692 Thread 0x00007f2030198000 nmethod 644 0x00007f2018ec3990 code [0x00007f2018ec3b40, 0x00007f2018ec3cd0]
Event: 0.693 Thread 0x00007f1fe0302800 nmethod 645 0x00007f20202f3990 code [0x00007f20202f3b20, 0x00007f20202f3d18]
Event: 0.697 Thread 0x00007f1fe0300800 nmethod 638 0x00007f20202f3f10 code [0x00007f20202f4100, 0x00007f20202f4c28]
Event: 0.738 Thread 0x00007f2030196000 nmethod 642 0x00007f20202f4f90 code [0x00007f20202f5260, 0x00007f20202f75d0]
Event: 2.146 Thread 0x00007f2030198000  646       3       jdk.internal.loader.BuiltinClassLoader::isSealed (70 bytes)
Event: 2.147 Thread 0x00007f2030198000 nmethod 646 0x00007f2018ec3d90 code [0x00007f2018ec4020, 0x00007f2018ec4b60]

GC Heap History (0 events):
No events

Deoptimization events (20 events):
Event: 0.569 Thread 0x00007f2030017800 DEOPT PACKING pc=0x00007f20202d39a8 sp=0x00007f2037a604b0
Event: 0.569 Thread 0x00007f2030017800 DEOPT UNPACKING pc=0x00007f20188052a5 sp=0x00007f2037a60438 mode 2
Event: 0.612 Thread 0x00007f2030017800 DEOPT PACKING pc=0x00007f2018e21b8a sp=0x00007f2037a5e8e0
Event: 0.612 Thread 0x00007f2030017800 DEOPT UNPACKING pc=0x00007f20188469fa sp=0x00007f2037a5dd88 mode 0
Event: 0.625 Thread 0x00007f2030017800 DEOPT PACKING pc=0x00007f2018e6595c sp=0x00007f2037a5ed70
Event: 0.625 Thread 0x00007f2030017800 DEOPT UNPACKING pc=0x00007f20188469fa sp=0x00007f2037a5e250 mode 1
Event: 0.625 Thread 0x00007f2030017800 DEOPT PACKING pc=0x00007f2018e5d374 sp=0x00007f2037a60560
Event: 0.625 Thread 0x00007f2030017800 DEOPT UNPACKING pc=0x00007f20188469fa sp=0x00007f2037a5fac8 mode 1
Event: 0.646 Thread 0x00007f2030017800 Uncommon trap: trap_request=0xffffff4d fr.pc=0x00007f20202ea75c relative=0x000000000000019c
Event: 0.646 Thread 0x00007f2030017800 Uncommon trap: reason=unstable_if action=reinterpret pc=0x00007f20202ea75c method=java.util.zip.ZipFile$Source.isMetaName([BII)Z @ 57 c2
Event: 0.646 Thread 0x00007f2030017800 DEOPT PACKING pc=0x00007f20202ea75c sp=0x00007f2037a5d0e0
Event: 0.646 Thread 0x00007f2030017800 DEOPT UNPACKING pc=0x00007f20188052a5 sp=0x00007f2037a5d0a8 mode 2
Event: 1.175 Thread 0x00007f2030017800 Uncommon trap: trap_request=0xffffff4d fr.pc=0x00007f20202f18a8 relative=0x00000000000005e8
Event: 1.175 Thread 0x00007f2030017800 Uncommon trap: reason=unstable_if action=reinterpret pc=0x00007f20202f18a8 method=java.lang.Integer.getChars(II[B)I @ 25 c2
Event: 1.175 Thread 0x00007f2030017800 DEOPT PACKING pc=0x00007f20202f18a8 sp=0x00007f2037a60780
Event: 1.175 Thread 0x00007f2030017800 DEOPT UNPACKING pc=0x00007f20188052a5 sp=0x00007f2037a606c8 mode 2
Event: 2.349 Thread 0x00007f2030017800 Uncommon trap: trap_request=0xffffff4d fr.pc=0x00007f20202f00bc relative=0x000000000000011c
Event: 2.349 Thread 0x00007f2030017800 Uncommon trap: reason=unstable_if action=reinterpret pc=0x00007f20202f00bc method=java.lang.Integer.getChars(II[B)I @ 25 c2
Event: 2.349 Thread 0x00007f2030017800 DEOPT PACKING pc=0x00007f20202f00bc sp=0x00007f2037a600c0
Event: 2.349 Thread 0x00007f2030017800 DEOPT UNPACKING pc=0x00007f20188052a5 sp=0x00007f2037a60078 mode 2

Classes redefined (0 events):
No events

Internal exceptions (20 events):
Event: 0.523 Thread 0x00007f2030017800 Exception <a 'java/security/PrivilegedActionException'{0x0000000747146b00}> (0x0000000747146b00) thrown at [src/hotspot/share/prims/jvm.cpp, line 1304]
Event: 0.523 Thread 0x00007f2030017800 Exception <a 'java/security/PrivilegedActionException'{0x0000000747146dd0}> (0x0000000747146dd0) thrown at [src/hotspot/share/prims/jvm.cpp, line 1304]
Event: 0.523 Thread 0x00007f2030017800 Exception <a 'java/security/PrivilegedActionException'{0x0000000747147898}> (0x0000000747147898) thrown at [src/hotspot/share/prims/jvm.cpp, line 1304]
Event: 0.523 Thread 0x00007f2030017800 Exception <a 'java/security/PrivilegedActionException'{0x0000000747147b68}> (0x0000000747147b68) thrown at [src/hotspot/share/prims/jvm.cpp, line 1304]
Event: 0.523 Thread 0x00007f2030017800 Exception <a 'java/security/PrivilegedActionException'{0x0000000747148638}> (0x0000000747148638) thrown at [src/hotspot/share/prims/jvm.cpp, line 1304]
Event: 0.523 Thread 0x00007f2030017800 Exception <a 'java/security/PrivilegedActionException'{0x0000000747148908}> (0x0000000747148908) thrown at [src/hotspot/share/prims/jvm.cpp, line 1304]
Event: 0.523 Thread 0x00007f2030017800 Exception <a 'java/security/PrivilegedActionException'{0x00000007471493d8}> (0x00000007471493d8) thrown at [src/hotspot/share/prims/jvm.cpp, line 1304]
Event: 0.523 Thread 0x00007f2030017800 Exception <a 'java/security/PrivilegedActionException'{0x00000007471496a8}> (0x00000007471496a8) thrown at [src/hotspot/share/prims/jvm.cpp, line 1304]
Event: 0.523 Thread 0x00007f2030017800 Exception <a 'java/security/PrivilegedActionException'{0x000000074714a198}> (0x000000074714a198) thrown at [src/hotspot/share/prims/jvm.cpp, line 1304]
Event: 0.523 Thread 0x00007f2030017800 Exception <a 'java/security/PrivilegedActionException'{0x000000074714a468}> (0x000000074714a468) thrown at [src/hotspot/share/prims/jvm.cpp, line 1304]
Event: 0.523 Thread 0x00007f2030017800 Exception <a 'java/security/PrivilegedActionException'{0x000000074714af38}> (0x000000074714af38) thrown at [src/hotspot/share/prims/jvm.cpp, line 1304]
Event: 0.523 Thread 0x00007f2030017800 Exception <a 'java/security/PrivilegedActionException'{0x000000074714b208}> (0x000000074714b208) thrown at [src/hotspot/share/prims/jvm.cpp, line 1304]
Event: 0.524 Thread 0x00007f2030017800 Exception <a 'java/security/PrivilegedActionException'{0x000000074714bd00}> (0x000000074714bd00) thrown at [src/hotspot/share/prims/jvm.cpp, line 1304]
Event: 0.524 Thread 0x00007f2030017800 Exception <a 'java/security/PrivilegedActionException'{0x000000074714bfd0}> (0x000000074714bfd0) thrown at [src/hotspot/share/prims/jvm.cpp, line 1304]
Event: 0.577 Thread 0x00007f2030017800 Exception <a 'java/lang/NoSuchMethodError'{0x00000007470e0398}: 'int java.lang.invoke.DirectMethodHandle$Holder.invokeStaticInit(java.lang.Object, java.lang.Object, java.lang.Object, java.lang.Object)'> (0x00000007470e0398) thrown at [src/hotspot/share/interpreter/linkResolver.cpp, line 772]
Event: 0.579 Thread 0x00007f2030017800 Exception <a 'java/lang/IncompatibleClassChangeError'{0x00000007470ea880}: Found class java.lang.Object, but interface was expected> (0x00000007470ea880) thrown at [src/hotspot/share/interpreter/linkResolver.cpp, line 839]
Event: 0.580 Thread 0x00007f2030017800 Exception <a 'java/lang/NoSuchMethodError'{0x00000007470edad0}: 'void java.lang.invoke.DirectMethodHandle$Holder.invokeStaticInit(java.lang.Object, java.lang.Object)'> (0x00000007470edad0) thrown at [src/hotspot/share/interpreter/linkResolver.cpp, line 772]
Event: 0.581 Thread 0x00007f2030017800 Exception <a 'java/lang/NoSuchMethodError'{0x00000007470f3960}: 'int java.lang.invoke.DirectMethodHandle$Holder.invokeStaticInit(java.lang.Object, java.lang.Object)'> (0x00000007470f3960) thrown at [src/hotspot/share/interpreter/linkResolver.cpp, line 772]
Event: 0.625 Thread 0x00007f2030017800 Exception <a 'java/security/PrivilegedActionException'{0x0000000746e78d28}> (0x0000000746e78d28) thrown at [src/hotspot/share/prims/jvm.cpp, line 1304]
Event: 0.625 Thread 0x00007f2030017800 Exception <a 'java/security/PrivilegedActionException'{0x0000000746e78ff8}> (0x0000000746e78ff8) thrown at [src/hotspot/share/prims/jvm.cpp, line 1304]

Events (20 events):
Event: 52.690 Executing VM operation: GetOrSetLocal done
Event: 52.690 Executing VM operation: GetOrSetLocal
Event: 52.690 Executing VM operation: GetOrSetLocal done
Event: 52.690 Executing VM operation: GetOrSetLocal
Event: 52.691 Executing VM operation: GetOrSetLocal done
Event: 92.277 Executing VM operation: GetFrameCount
Event: 92.278 Executing VM operation: GetFrameCount done
Event: 92.278 Executing VM operation: GetFrameCount
Event: 92.279 Executing VM operation: GetFrameCount done
Event: 92.279 Executing VM operation: GetStackTrace
Event: 92.279 Executing VM operation: GetStackTrace done
Event: 92.280 Executing VM operation: GetFrameLocation
Event: 92.280 Executing VM operation: GetFrameLocation done
Event: 92.280 Executing VM operation: GetOrSetLocal
Event: 92.280 Executing VM operation: GetOrSetLocal done
Event: 408.702 Executing VM operation: ChangeBreakpoints
Event: 408.702 Executing VM operation: ChangeBreakpoints done
Event: 408.702 Thread 0x00007f1fd8001800 Thread exited: 0x00007f1fd8001800
Event: 408.702 Executing VM operation: ChangeBreakpoints
Event: 408.702 Executing VM operation: ChangeBreakpoints done


Dynamic libraries:
73b000000-747600000 rw-p 00000000 00:00 0 
747600000-7bfe00000 ---p 00000000 00:00 0 
7bfe00000-7bfe48000 rw-p 00b0a000 08:10 51914                            /usr/lib/jvm/java-11-openjdk-amd64/lib/server/classes.jsa
7bfe48000-7bff00000 rw-p 00000000 00:00 0 
7bff00000-7bff6b000 rw-p 00a9f000 08:10 51914                            /usr/lib/jvm/java-11-openjdk-amd64/lib/server/classes.jsa
7bff6b000-7c0000000 rw-p 00000000 00:00 0 
7c0000000-800000000 ---p 00000000 00:00 0 
800000000-800002000 rwxp 00001000 08:10 51914                            /usr/lib/jvm/java-11-openjdk-amd64/lib/server/classes.jsa
800002000-800a9e000 rw-p 00003000 08:10 51914                            /usr/lib/jvm/java-11-openjdk-amd64/lib/server/classes.jsa
840000000-8400c0000 rw-p 00000000 00:00 0 
8400c0000-880000000 ---p 00000000 00:00 0 
5621ccbc8000-5621ccbc9000 r--p 00000000 08:10 51492                      /usr/lib/jvm/java-11-openjdk-amd64/bin/java
5621ccbc9000-5621ccbca000 r-xp 00001000 08:10 51492                      /usr/lib/jvm/java-11-openjdk-amd64/bin/java
5621ccbca000-5621ccbcb000 r--p 00002000 08:10 51492                      /usr/lib/jvm/java-11-openjdk-amd64/bin/java
5621ccbcb000-5621ccbcc000 r--p 00002000 08:10 51492                      /usr/lib/jvm/java-11-openjdk-amd64/bin/java
5621ccbcc000-5621ccbcd000 rw-p 00003000 08:10 51492                      /usr/lib/jvm/java-11-openjdk-amd64/bin/java
5621cce6d000-5621cce8e000 rw-p 00000000 00:00 0                          [heap]
7f1fb0000000-7f1fb004c000 rw-p 00000000 00:00 0 
7f1fb004c000-7f1fb4000000 ---p 00000000 00:00 0 
7f1fb552c000-7f1fb5e52000 r--p 00000000 08:10 59050                      /root/.javacpp/cache/llvm-13.0.1-1.5.7-linux-x86_64.jar/org/bytedeco/llvm/linux-x86_64/libLLVM-13.so
7f1fb5e52000-7f1fb9815000 r-xp 00926000 08:10 59050                      /root/.javacpp/cache/llvm-13.0.1-1.5.7-linux-x86_64.jar/org/bytedeco/llvm/linux-x86_64/libLLVM-13.so
7f1fb9815000-7f1fbba6a000 r--p 042e9000 08:10 59050                      /root/.javacpp/cache/llvm-13.0.1-1.5.7-linux-x86_64.jar/org/bytedeco/llvm/linux-x86_64/libLLVM-13.so
7f1fbba6a000-7f1fbbf7f000 r--p 0653d000 08:10 59050                      /root/.javacpp/cache/llvm-13.0.1-1.5.7-linux-x86_64.jar/org/bytedeco/llvm/linux-x86_64/libLLVM-13.so
7f1fbbf7f000-7f1fbbf8a000 rw-p 06a52000 08:10 59050                      /root/.javacpp/cache/llvm-13.0.1-1.5.7-linux-x86_64.jar/org/bytedeco/llvm/linux-x86_64/libLLVM-13.so
7f1fbbf8a000-7f1fbc000000 rw-p 00000000 00:00 0 
7f1fbc000000-7f1fbc021000 rw-p 00000000 00:00 0 
7f1fbc021000-7f1fc0000000 ---p 00000000 00:00 0 
7f1fc0000000-7f1fc007d000 rw-p 00000000 00:00 0 
7f1fc007d000-7f1fc4000000 ---p 00000000 00:00 0 
7f1fc4000000-7f1fc4021000 rw-p 00000000 00:00 0 
7f1fc4021000-7f1fc8000000 ---p 00000000 00:00 0 
7f1fc8000000-7f1fc8021000 rw-p 00000000 00:00 0 
7f1fc8021000-7f1fcc000000 ---p 00000000 00:00 0 
7f1fcc000000-7f1fcc021000 rw-p 00000000 00:00 0 
7f1fcc021000-7f1fd0000000 ---p 00000000 00:00 0 
7f1fd0000000-7f1fd0021000 rw-p 00000000 00:00 0 
7f1fd0021000-7f1fd4000000 ---p 00000000 00:00 0 
7f1fd4000000-7f1fd4021000 rw-p 00000000 00:00 0 
7f1fd4021000-7f1fd8000000 ---p 00000000 00:00 0 
7f1fd8000000-7f1fd802c000 rw-p 00000000 00:00 0 
7f1fd802c000-7f1fdc000000 ---p 00000000 00:00 0 
7f1fdc000000-7f1fdc4d0000 rw-p 00000000 00:00 0 
7f1fdc4d0000-7f1fe0000000 ---p 00000000 00:00 0 
7f1fe0000000-7f1fe0360000 rw-p 00000000 00:00 0 
7f1fe0360000-7f1fe4000000 ---p 00000000 00:00 0 
7f1fe4000000-7f1fe4021000 rw-p 00000000 00:00 0 
7f1fe4021000-7f1fe8000000 ---p 00000000 00:00 0 
7f1fe8000000-7f1fe8021000 rw-p 00000000 00:00 0 
7f1fe8021000-7f1fec000000 ---p 00000000 00:00 0 
7f1fec000000-7f1fec021000 rw-p 00000000 00:00 0 
7f1fec021000-7f1ff0000000 ---p 00000000 00:00 0 
7f1ff0000000-7f1ff0021000 rw-p 00000000 00:00 0 
7f1ff0021000-7f1ff4000000 ---p 00000000 00:00 0 
7f1ff4000000-7f1ff4021000 rw-p 00000000 00:00 0 
7f1ff4021000-7f1ff8000000 ---p 00000000 00:00 0 
7f1ff8000000-7f1ff804a000 rw-p 00000000 00:00 0 
7f1ff804a000-7f1ffc000000 ---p 00000000 00:00 0 
7f1ffc000000-7f1ffc021000 rw-p 00000000 00:00 0 
7f1ffc021000-7f2000000000 ---p 00000000 00:00 0 
7f2000000000-7f2000021000 rw-p 00000000 00:00 0 
7f2000021000-7f2004000000 ---p 00000000 00:00 0 
7f2006000000-7f2008000000 rw-p 00000000 00:00 0 
7f2008000000-7f2008021000 rw-p 00000000 00:00 0 
7f2008021000-7f200c000000 ---p 00000000 00:00 0 
7f200d45e000-7f200d4c3000 r--p 00000000 08:10 59056                      /root/.javacpp/cache/llvm-13.0.1-1.5.7-linux-x86_64.jar/org/bytedeco/llvm/linux-x86_64/libjniLLVM.so
7f200d4c3000-7f200d531000 r-xp 00065000 08:10 59056                      /root/.javacpp/cache/llvm-13.0.1-1.5.7-linux-x86_64.jar/org/bytedeco/llvm/linux-x86_64/libjniLLVM.so
7f200d531000-7f200d55c000 r--p 000d3000 08:10 59056                      /root/.javacpp/cache/llvm-13.0.1-1.5.7-linux-x86_64.jar/org/bytedeco/llvm/linux-x86_64/libjniLLVM.so
7f200d55c000-7f200d55f000 r--p 000fd000 08:10 59056                      /root/.javacpp/cache/llvm-13.0.1-1.5.7-linux-x86_64.jar/org/bytedeco/llvm/linux-x86_64/libjniLLVM.so
7f200d55f000-7f200d562000 rw-p 00100000 08:10 59056                      /root/.javacpp/cache/llvm-13.0.1-1.5.7-linux-x86_64.jar/org/bytedeco/llvm/linux-x86_64/libjniLLVM.so
7f200d562000-7f200d564000 rw-p 00000000 00:00 0 
7f200d564000-7f200d568000 ---p 00000000 00:00 0 
7f200d568000-7f200d665000 rw-p 00000000 00:00 0 
7f200d665000-7f200d669000 ---p 00000000 00:00 0 
7f200d669000-7f200d766000 rw-p 00000000 00:00 0 
7f200d766000-7f200d76d000 r--p 00000000 08:10 59052                      /root/.javacpp/cache/llvm-13.0.1-1.5.7-linux-x86_64.jar/org/bytedeco/llvm/linux-x86_64/libLTO.so.13
7f200d76d000-7f200d775000 r-xp 00007000 08:10 59052                      /root/.javacpp/cache/llvm-13.0.1-1.5.7-linux-x86_64.jar/org/bytedeco/llvm/linux-x86_64/libLTO.so.13
7f200d775000-7f200d777000 r--p 0000f000 08:10 59052                      /root/.javacpp/cache/llvm-13.0.1-1.5.7-linux-x86_64.jar/org/bytedeco/llvm/linux-x86_64/libLTO.so.13
7f200d777000-7f200d778000 r--p 00010000 08:10 59052                      /root/.javacpp/cache/llvm-13.0.1-1.5.7-linux-x86_64.jar/org/bytedeco/llvm/linux-x86_64/libLTO.so.13
7f200d778000-7f200d779000 rw-p 00011000 08:10 59052                      /root/.javacpp/cache/llvm-13.0.1-1.5.7-linux-x86_64.jar/org/bytedeco/llvm/linux-x86_64/libLTO.so.13
7f200d779000-7f200d77d000 ---p 00000000 00:00 0 
7f200d77d000-7f200d87a000 rw-p 00000000 00:00 0 
7f200d87a000-7f200d87e000 ---p 00000000 00:00 0 
7f200d87e000-7f200d97b000 rw-p 00000000 00:00 0 
7f200d97b000-7f200d97c000 ---p 00000000 00:00 0 
7f200d97c000-7f200da7d000 rw-p 00000000 00:00 0 
7f200da7d000-7f200da81000 ---p 00000000 00:00 0 
7f200da81000-7f200db7e000 rw-p 00000000 00:00 0 
7f200db7e000-7f200db82000 ---p 00000000 00:00 0 
7f200db82000-7f200dc7f000 rw-p 00000000 00:00 0 
7f200dc7f000-7f200dc83000 ---p 00000000 00:00 0 
7f200dc83000-7f200e098000 rw-p 00000000 00:00 0 
7f200e098000-7f200feb8000 ---p 00000000 00:00 0 
7f200feb8000-7f200fec0000 rw-p 00000000 00:00 0 
7f200fec0000-7f2010ec0000 ---p 00000000 00:00 0 
7f2010ec0000-7f20111d8000 rw-p 00000000 00:00 0 
7f20111d8000-7f2012ff8000 ---p 00000000 00:00 0 
7f2012ff8000-7f2013000000 rw-p 00000000 00:00 0 
7f2013000000-7f2014000000 ---p 00000000 00:00 0 
7f2014000000-7f2014021000 rw-p 00000000 00:00 0 
7f2014021000-7f2018000000 ---p 00000000 00:00 0 
7f2018001000-7f2018005000 r--p 00000000 08:10 59044                      /root/.javacpp/cache/javacpp-1.5.7-linux-x86_64.jar/org/bytedeco/javacpp/linux-x86_64/libjnijavacpp.so
7f2018005000-7f201800c000 r-xp 00004000 08:10 59044                      /root/.javacpp/cache/javacpp-1.5.7-linux-x86_64.jar/org/bytedeco/javacpp/linux-x86_64/libjnijavacpp.so
7f201800c000-7f2018010000 r--p 0000b000 08:10 59044                      /root/.javacpp/cache/javacpp-1.5.7-linux-x86_64.jar/org/bytedeco/javacpp/linux-x86_64/libjnijavacpp.so
7f2018010000-7f2018011000 r--p 0000e000 08:10 59044                      /root/.javacpp/cache/javacpp-1.5.7-linux-x86_64.jar/org/bytedeco/javacpp/linux-x86_64/libjnijavacpp.so
7f2018011000-7f2018012000 rw-p 0000f000 08:10 59044                      /root/.javacpp/cache/javacpp-1.5.7-linux-x86_64.jar/org/bytedeco/javacpp/linux-x86_64/libjnijavacpp.so
7f2018012000-7f2018016000 ---p 00000000 00:00 0 
7f2018016000-7f2018113000 rw-p 00000000 00:00 0 
7f2018113000-7f2018117000 ---p 00000000 00:00 0 
7f2018117000-7f2018214000 rw-p 00000000 00:00 0 
7f2018214000-7f2018218000 ---p 00000000 00:00 0 
7f2018218000-7f2018315000 rw-p 00000000 00:00 0 
7f2018315000-7f2018319000 ---p 00000000 00:00 0 
7f2018319000-7f2018416000 rw-p 00000000 00:00 0 
7f2018416000-7f201841a000 ---p 00000000 00:00 0 
7f201841a000-7f2018517000 rw-p 00000000 00:00 0 
7f2018517000-7f20187fd000 r--p 00000000 08:10 4119                       /usr/lib/locale/locale-archive
7f20187fd000-7f2018a6d000 rwxp 00000000 00:00 0 
7f2018a6d000-7f2018d8e000 ---p 00000000 00:00 0 
7f2018d8e000-7f2018ffe000 rwxp 00000000 00:00 0 
7f2018ffe000-7f20202c5000 ---p 00000000 00:00 0 
7f20202c5000-7f2020535000 rwxp 00000000 00:00 0 
7f2020535000-7f20277fd000 ---p 00000000 00:00 0 
7f20277fd000-7f2030000000 r--s 00000000 08:10 51651                      /usr/lib/jvm/java-11-openjdk-amd64/lib/modules
7f2030000000-7f2030503000 rw-p 00000000 00:00 0 
7f2030503000-7f2034000000 ---p 00000000 00:00 0 
7f2034007000-7f2034008000 r--p 00000000 08:10 59054                      /root/.javacpp/cache/llvm-13.0.1-1.5.7-linux-x86_64.jar/org/bytedeco/llvm/linux-x86_64/libRemarks.so.13
7f2034008000-7f2034009000 r-xp 00001000 08:10 59054                      /root/.javacpp/cache/llvm-13.0.1-1.5.7-linux-x86_64.jar/org/bytedeco/llvm/linux-x86_64/libRemarks.so.13
7f2034009000-7f203400a000 r--p 00002000 08:10 59054                      /root/.javacpp/cache/llvm-13.0.1-1.5.7-linux-x86_64.jar/org/bytedeco/llvm/linux-x86_64/libRemarks.so.13
7f203400a000-7f203400b000 r--p 00002000 08:10 59054                      /root/.javacpp/cache/llvm-13.0.1-1.5.7-linux-x86_64.jar/org/bytedeco/llvm/linux-x86_64/libRemarks.so.13
7f203400b000-7f203400c000 rw-p 00003000 08:10 59054                      /root/.javacpp/cache/llvm-13.0.1-1.5.7-linux-x86_64.jar/org/bytedeco/llvm/linux-x86_64/libRemarks.so.13
7f203400c000-7f203403d000 rw-p 00000000 00:00 0 
7f203403d000-7f2034041000 r--p 00000000 08:10 51641                      /usr/lib/jvm/java-11-openjdk-amd64/lib/libnet.so
7f2034041000-7f203404f000 r-xp 00004000 08:10 51641                      /usr/lib/jvm/java-11-openjdk-amd64/lib/libnet.so
7f203404f000-7f2034053000 r--p 00012000 08:10 51641                      /usr/lib/jvm/java-11-openjdk-amd64/lib/libnet.so
7f2034053000-7f2034054000 r--p 00015000 08:10 51641                      /usr/lib/jvm/java-11-openjdk-amd64/lib/libnet.so
7f2034054000-7f2034055000 rw-p 00016000 08:10 51641                      /usr/lib/jvm/java-11-openjdk-amd64/lib/libnet.so
7f2034055000-7f203405c000 r--p 00000000 08:10 51642                      /usr/lib/jvm/java-11-openjdk-amd64/lib/libnio.so
7f203405c000-7f2034064000 r-xp 00007000 08:10 51642                      /usr/lib/jvm/java-11-openjdk-amd64/lib/libnio.so
7f2034064000-7f2034067000 r--p 0000f000 08:10 51642                      /usr/lib/jvm/java-11-openjdk-amd64/lib/libnio.so
7f2034067000-7f2034068000 r--p 00011000 08:10 51642                      /usr/lib/jvm/java-11-openjdk-amd64/lib/libnio.so
7f2034068000-7f2034069000 rw-p 00012000 08:10 51642                      /usr/lib/jvm/java-11-openjdk-amd64/lib/libnio.so
7f2034069000-7f203406b000 r--p 00000000 08:10 51622                      /usr/lib/jvm/java-11-openjdk-amd64/lib/libdt_socket.so
7f203406b000-7f203406e000 r-xp 00002000 08:10 51622                      /usr/lib/jvm/java-11-openjdk-amd64/lib/libdt_socket.so
7f203406e000-7f203406f000 r--p 00005000 08:10 51622                      /usr/lib/jvm/java-11-openjdk-amd64/lib/libdt_socket.so
7f203406f000-7f2034070000 ---p 00006000 08:10 51622                      /usr/lib/jvm/java-11-openjdk-amd64/lib/libdt_socket.so
7f2034070000-7f2034071000 r--p 00006000 08:10 51622                      /usr/lib/jvm/java-11-openjdk-amd64/lib/libdt_socket.so
7f2034071000-7f2034072000 rw-p 00007000 08:10 51622                      /usr/lib/jvm/java-11-openjdk-amd64/lib/libdt_socket.so
7f2034072000-7f20340a4000 r--p 00000000 08:10 12355                      /usr/lib/locale/C.UTF-8/LC_CTYPE
7f20340a4000-7f20340a5000 r--p 00000000 08:10 12361                      /usr/lib/locale/C.UTF-8/LC_NUMERIC
7f20340a5000-7f20340a6000 r--p 00000000 08:10 12365                      /usr/lib/locale/C.UTF-8/LC_TIME
7f20340a6000-7f2034219000 r--p 00000000 08:10 12354                      /usr/lib/locale/C.UTF-8/LC_COLLATE
7f2034219000-7f203421a000 r--p 00000000 08:10 12359                      /usr/lib/locale/C.UTF-8/LC_MONETARY
7f203421a000-7f203421b000 r--p 00000000 08:10 12358                      /usr/lib/locale/C.UTF-8/LC_MESSAGES/SYS_LC_MESSAGES
7f203421b000-7f203421c000 r--p 00000000 08:10 12363                      /usr/lib/locale/C.UTF-8/LC_PAPER
7f203421c000-7f203421d000 r--p 00000000 08:10 12360                      /usr/lib/locale/C.UTF-8/LC_NAME
7f203421d000-7f203421e000 r--p 00000000 08:10 12353                      /usr/lib/locale/C.UTF-8/LC_ADDRESS
7f203421e000-7f203421f000 r--p 00000000 08:10 12364                      /usr/lib/locale/C.UTF-8/LC_TELEPHONE
7f203421f000-7f2034226000 r--s 00000000 08:10 47045                      /usr/lib/x86_64-linux-gnu/gconv/gconv-modules.cache
7f2034226000-7f203422a000 ---p 00000000 00:00 0 
7f203422a000-7f2034327000 rw-p 00000000 00:00 0 
7f2034327000-7f203432b000 ---p 00000000 00:00 0 
7f203432b000-7f2034428000 rw-p 00000000 00:00 0 
7f2034428000-7f2034429000 ---p 00000000 00:00 0 
7f2034429000-7f2034c2e000 rw-p 00000000 00:00 0 
7f2034c2e000-7f2034e2e000 ---p 00000000 00:00 0 
7f2034e2e000-7f2034e70000 rw-p 00000000 00:00 0 
7f2034e70000-7f2034e71000 ---p 00000000 00:00 0 
7f2034e71000-7f2034f72000 rw-p 00000000 00:00 0 
7f2034f72000-7f2034f73000 ---p 00000000 00:00 0 
7f2034f73000-7f203587c000 rw-p 00000000 00:00 0 
7f203587c000-7f203587d000 ---p 00000000 00:00 0 
7f203587d000-7f203597e000 rw-p 00000000 00:00 0 
7f203597e000-7f203597f000 ---p 00000000 00:00 0 
7f203597f000-7f2035baf000 rw-p 00000000 00:00 0 
7f2035baf000-7f2035f73000 ---p 00000000 00:00 0 
7f2035f73000-7f2035f74000 rw-p 00000000 00:00 0 
7f2035f74000-7f2036174000 ---p 00000000 00:00 0 
7f2036174000-7f20361d7000 rw-p 00000000 00:00 0 
7f20361d7000-7f203659b000 ---p 00000000 00:00 0 
7f203659b000-7f203659c000 rw-p 00000000 00:00 0 
7f203659c000-7f203679c000 ---p 00000000 00:00 0 
7f203679c000-7f20367ff000 rw-p 00000000 00:00 0 
7f20367ff000-7f2036bc3000 ---p 00000000 00:00 0 
7f2036bc3000-7f2036bc4000 rw-p 00000000 00:00 0 
7f2036bc4000-7f2036dc4000 ---p 00000000 00:00 0 
7f2036dc4000-7f20375cc000 rw-p 00000000 00:00 0 
7f20375cc000-7f20375cd000 ---p 00000000 00:00 0 
7f20375cd000-7f20376d3000 rw-p 00000000 00:00 0 
7f20376d3000-7f20377b9000 ---p 00000000 00:00 0 
7f20377b9000-7f20377be000 rw-p 00000000 00:00 0 
7f20377be000-7f20378a4000 ---p 00000000 00:00 0 
7f20378a4000-7f20378a9000 rw-p 00000000 00:00 0 
7f20378a9000-7f20378b0000 ---p 00000000 00:00 0 
7f20378b0000-7f20378b2000 r--p 00000000 08:10 51650                      /usr/lib/jvm/java-11-openjdk-amd64/lib/libzip.so
7f20378b2000-7f20378b7000 r-xp 00002000 08:10 51650                      /usr/lib/jvm/java-11-openjdk-amd64/lib/libzip.so
7f20378b7000-7f20378b9000 r--p 00007000 08:10 51650                      /usr/lib/jvm/java-11-openjdk-amd64/lib/libzip.so
7f20378b9000-7f20378ba000 r--p 00008000 08:10 51650                      /usr/lib/jvm/java-11-openjdk-amd64/lib/libzip.so
7f20378ba000-7f20378bb000 rw-p 00009000 08:10 51650                      /usr/lib/jvm/java-11-openjdk-amd64/lib/libzip.so
7f20378bb000-7f20378be000 r--p 00000000 08:10 44390                      /usr/lib/x86_64-linux-gnu/libnss_files-2.31.so
7f20378be000-7f20378c5000 r-xp 00003000 08:10 44390                      /usr/lib/x86_64-linux-gnu/libnss_files-2.31.so
7f20378c5000-7f20378c7000 r--p 0000a000 08:10 44390                      /usr/lib/x86_64-linux-gnu/libnss_files-2.31.so
7f20378c7000-7f20378c8000 r--p 0000b000 08:10 44390                      /usr/lib/x86_64-linux-gnu/libnss_files-2.31.so
7f20378c8000-7f20378c9000 rw-p 0000c000 08:10 44390                      /usr/lib/x86_64-linux-gnu/libnss_files-2.31.so
7f20378c9000-7f20378cf000 rw-p 00000000 00:00 0 
7f20378cf000-7f20378d0000 r--p 00000000 08:10 12357                      /usr/lib/locale/C.UTF-8/LC_MEASUREMENT
7f20378d0000-7f20378d2000 r--s 0000c000 08:10 23045                      /usr/share/java/java-atk-wrapper.jar
7f20378d2000-7f20378da000 rw-s 00000000 08:10 724                        /tmp/hsperfdata_root/4348
7f20378da000-7f20378dc000 r--p 00000000 08:10 51632                      /usr/lib/jvm/java-11-openjdk-amd64/lib/libjdwp.so
7f20378dc000-7f2037908000 r-xp 00002000 08:10 51632                      /usr/lib/jvm/java-11-openjdk-amd64/lib/libjdwp.so
7f2037908000-7f2037916000 r--p 0002e000 08:10 51632                      /usr/lib/jvm/java-11-openjdk-amd64/lib/libjdwp.so
7f2037916000-7f2037917000 r--p 0003b000 08:10 51632                      /usr/lib/jvm/java-11-openjdk-amd64/lib/libjdwp.so
7f2037917000-7f2037918000 rw-p 0003c000 08:10 51632                      /usr/lib/jvm/java-11-openjdk-amd64/lib/libjdwp.so
7f2037918000-7f2037926000 r--p 00000000 08:10 51630                      /usr/lib/jvm/java-11-openjdk-amd64/lib/libjava.so
7f2037926000-7f203793c000 r-xp 0000e000 08:10 51630                      /usr/lib/jvm/java-11-openjdk-amd64/lib/libjava.so
7f203793c000-7f2037943000 r--p 00024000 08:10 51630                      /usr/lib/jvm/java-11-openjdk-amd64/lib/libjava.so
7f2037943000-7f2037944000 r--p 0002a000 08:10 51630                      /usr/lib/jvm/java-11-openjdk-amd64/lib/libjava.so
7f2037944000-7f2037945000 rw-p 0002b000 08:10 51630                      /usr/lib/jvm/java-11-openjdk-amd64/lib/libjava.so
7f2037945000-7f2037946000 rw-p 00000000 00:00 0 
7f2037946000-7f203794b000 r--p 00000000 08:10 51649                      /usr/lib/jvm/java-11-openjdk-amd64/lib/libverify.so
7f203794b000-7f2037952000 r-xp 00005000 08:10 51649                      /usr/lib/jvm/java-11-openjdk-amd64/lib/libverify.so
7f2037952000-7f2037954000 r--p 0000c000 08:10 51649                      /usr/lib/jvm/java-11-openjdk-amd64/lib/libverify.so
7f2037954000-7f2037955000 ---p 0000e000 08:10 51649                      /usr/lib/jvm/java-11-openjdk-amd64/lib/libverify.so
7f2037955000-7f2037957000 r--p 0000e000 08:10 51649                      /usr/lib/jvm/java-11-openjdk-amd64/lib/libverify.so
7f2037957000-7f2037958000 rw-p 00010000 08:10 51649                      /usr/lib/jvm/java-11-openjdk-amd64/lib/libverify.so
7f2037958000-7f203795a000 r--p 00000000 08:10 44399                      /usr/lib/x86_64-linux-gnu/librt-2.31.so
7f203795a000-7f203795e000 r-xp 00002000 08:10 44399                      /usr/lib/x86_64-linux-gnu/librt-2.31.so
7f203795e000-7f2037960000 r--p 00006000 08:10 44399                      /usr/lib/x86_64-linux-gnu/librt-2.31.so
7f2037960000-7f2037961000 r--p 00007000 08:10 44399                      /usr/lib/x86_64-linux-gnu/librt-2.31.so
7f2037961000-7f2037962000 rw-p 00008000 08:10 44399                      /usr/lib/x86_64-linux-gnu/librt-2.31.so
7f2037962000-7f2037966000 ---p 00000000 00:00 0 
7f2037966000-7f2037a63000 rw-p 00000000 00:00 0 
7f2037a63000-7f2037a66000 r--p 00000000 08:10 26920                      /usr/lib/x86_64-linux-gnu/libgcc_s.so.1
7f2037a66000-7f2037a78000 r-xp 00003000 08:10 26920                      /usr/lib/x86_64-linux-gnu/libgcc_s.so.1
7f2037a78000-7f2037a7c000 r--p 00015000 08:10 26920                      /usr/lib/x86_64-linux-gnu/libgcc_s.so.1
7f2037a7c000-7f2037a7d000 r--p 00018000 08:10 26920                      /usr/lib/x86_64-linux-gnu/libgcc_s.so.1
7f2037a7d000-7f2037a7e000 rw-p 00019000 08:10 26920                      /usr/lib/x86_64-linux-gnu/libgcc_s.so.1
7f2037a7e000-7f2037a8b000 r--p 00000000 08:10 44384                      /usr/lib/x86_64-linux-gnu/libm-2.31.so
7f2037a8b000-7f2037b32000 r-xp 0000d000 08:10 44384                      /usr/lib/x86_64-linux-gnu/libm-2.31.so
7f2037b32000-7f2037bcb000 r--p 000b4000 08:10 44384                      /usr/lib/x86_64-linux-gnu/libm-2.31.so
7f2037bcb000-7f2037bcc000 r--p 0014c000 08:10 44384                      /usr/lib/x86_64-linux-gnu/libm-2.31.so
7f2037bcc000-7f2037bcd000 rw-p 0014d000 08:10 44384                      /usr/lib/x86_64-linux-gnu/libm-2.31.so
7f2037bcd000-7f2037c63000 r--p 00000000 08:10 27246                      /usr/lib/x86_64-linux-gnu/libstdc++.so.6.0.28
7f2037c63000-7f2037d54000 r-xp 00096000 08:10 27246                      /usr/lib/x86_64-linux-gnu/libstdc++.so.6.0.28
7f2037d54000-7f2037d9d000 r--p 00187000 08:10 27246                      /usr/lib/x86_64-linux-gnu/libstdc++.so.6.0.28
7f2037d9d000-7f2037d9e000 ---p 001d0000 08:10 27246                      /usr/lib/x86_64-linux-gnu/libstdc++.so.6.0.28
7f2037d9e000-7f2037da9000 r--p 001d0000 08:10 27246                      /usr/lib/x86_64-linux-gnu/libstdc++.so.6.0.28
7f2037da9000-7f2037dac000 rw-p 001db000 08:10 27246                      /usr/lib/x86_64-linux-gnu/libstdc++.so.6.0.28
7f2037dac000-7f2037daf000 rw-p 00000000 00:00 0 
7f2037daf000-7f2038031000 r--p 00000000 08:10 51656                      /usr/lib/jvm/java-11-openjdk-amd64/lib/server/libjvm.so
7f2038031000-7f2038cba000 r-xp 00282000 08:10 51656                      /usr/lib/jvm/java-11-openjdk-amd64/lib/server/libjvm.so
7f2038cba000-7f2038f17000 r--p 00f0b000 08:10 51656                      /usr/lib/jvm/java-11-openjdk-amd64/lib/server/libjvm.so
7f2038f17000-7f2038f18000 ---p 01168000 08:10 51656                      /usr/lib/jvm/java-11-openjdk-amd64/lib/server/libjvm.so
7f2038f18000-7f2038fdc000 r--p 01168000 08:10 51656                      /usr/lib/jvm/java-11-openjdk-amd64/lib/server/libjvm.so
7f2038fdc000-7f2039017000 rw-p 0122c000 08:10 51656                      /usr/lib/jvm/java-11-openjdk-amd64/lib/server/libjvm.so
7f2039017000-7f2039070000 rw-p 00000000 00:00 0 
7f2039070000-7f2039076000 r--p 00000000 08:10 44396                      /usr/lib/x86_64-linux-gnu/libpthread-2.31.so
7f2039076000-7f2039087000 r-xp 00006000 08:10 44396                      /usr/lib/x86_64-linux-gnu/libpthread-2.31.so
7f2039087000-7f203908d000 r--p 00017000 08:10 44396                      /usr/lib/x86_64-linux-gnu/libpthread-2.31.so
7f203908d000-7f203908e000 r--p 0001c000 08:10 44396                      /usr/lib/x86_64-linux-gnu/libpthread-2.31.so
7f203908e000-7f203908f000 rw-p 0001d000 08:10 44396                      /usr/lib/x86_64-linux-gnu/libpthread-2.31.so
7f203908f000-7f2039093000 rw-p 00000000 00:00 0 
7f2039093000-7f2039094000 r--p 00000000 08:10 44383                      /usr/lib/x86_64-linux-gnu/libdl-2.31.so
7f2039094000-7f2039096000 r-xp 00001000 08:10 44383                      /usr/lib/x86_64-linux-gnu/libdl-2.31.so
7f2039096000-7f2039097000 r--p 00003000 08:10 44383                      /usr/lib/x86_64-linux-gnu/libdl-2.31.so
7f2039097000-7f2039098000 r--p 00003000 08:10 44383                      /usr/lib/x86_64-linux-gnu/libdl-2.31.so
7f2039098000-7f2039099000 rw-p 00004000 08:10 44383                      /usr/lib/x86_64-linux-gnu/libdl-2.31.so
7f2039099000-7f203909b000 r--p 00000000 08:10 11221                      /usr/lib/x86_64-linux-gnu/libz.so.1.2.11
7f203909b000-7f20390ac000 r-xp 00002000 08:10 11221                      /usr/lib/x86_64-linux-gnu/libz.so.1.2.11
7f20390ac000-7f20390b2000 r--p 00013000 08:10 11221                      /usr/lib/x86_64-linux-gnu/libz.so.1.2.11
7f20390b2000-7f20390b3000 ---p 00019000 08:10 11221                      /usr/lib/x86_64-linux-gnu/libz.so.1.2.11
7f20390b3000-7f20390b4000 r--p 00019000 08:10 11221                      /usr/lib/x86_64-linux-gnu/libz.so.1.2.11
7f20390b4000-7f20390b5000 rw-p 0001a000 08:10 11221                      /usr/lib/x86_64-linux-gnu/libz.so.1.2.11
7f20390b5000-7f20390d7000 r--p 00000000 08:10 44382                      /usr/lib/x86_64-linux-gnu/libc-2.31.so
7f20390d7000-7f203924f000 r-xp 00022000 08:10 44382                      /usr/lib/x86_64-linux-gnu/libc-2.31.so
7f203924f000-7f203929d000 r--p 0019a000 08:10 44382                      /usr/lib/x86_64-linux-gnu/libc-2.31.so
7f203929d000-7f20392a1000 r--p 001e7000 08:10 44382                      /usr/lib/x86_64-linux-gnu/libc-2.31.so
7f20392a1000-7f20392a3000 rw-p 001eb000 08:10 44382                      /usr/lib/x86_64-linux-gnu/libc-2.31.so
7f20392a3000-7f20392a7000 rw-p 00000000 00:00 0 
7f20392a7000-7f20392a8000 ---p 00000000 00:00 0 
7f20392a8000-7f20392a9000 r--p 00000000 00:00 0 
7f20392a9000-7f20392ab000 r--p 00000000 08:10 51633                      /usr/lib/jvm/java-11-openjdk-amd64/lib/libjimage.so
7f20392ab000-7f20392ae000 r-xp 00002000 08:10 51633                      /usr/lib/jvm/java-11-openjdk-amd64/lib/libjimage.so
7f20392ae000-7f20392af000 r--p 00005000 08:10 51633                      /usr/lib/jvm/java-11-openjdk-amd64/lib/libjimage.so
7f20392af000-7f20392b0000 ---p 00006000 08:10 51633                      /usr/lib/jvm/java-11-openjdk-amd64/lib/libjimage.so
7f20392b0000-7f20392b1000 r--p 00006000 08:10 51633                      /usr/lib/jvm/java-11-openjdk-amd64/lib/libjimage.so
7f20392b1000-7f20392b2000 rw-p 00007000 08:10 51633                      /usr/lib/jvm/java-11-openjdk-amd64/lib/libjimage.so
7f20392b2000-7f20392b5000 r--p 00000000 08:10 51615                      /usr/lib/jvm/java-11-openjdk-amd64/lib/jli/libjli.so
7f20392b5000-7f20392bf000 r-xp 00003000 08:10 51615                      /usr/lib/jvm/java-11-openjdk-amd64/lib/jli/libjli.so
7f20392bf000-7f20392c2000 r--p 0000d000 08:10 51615                      /usr/lib/jvm/java-11-openjdk-amd64/lib/jli/libjli.so
7f20392c2000-7f20392c3000 ---p 00010000 08:10 51615                      /usr/lib/jvm/java-11-openjdk-amd64/lib/jli/libjli.so
7f20392c3000-7f20392c4000 r--p 00010000 08:10 51615                      /usr/lib/jvm/java-11-openjdk-amd64/lib/jli/libjli.so
7f20392c4000-7f20392c5000 rw-p 00011000 08:10 51615                      /usr/lib/jvm/java-11-openjdk-amd64/lib/jli/libjli.so
7f20392c5000-7f20392c7000 rw-p 00000000 00:00 0 
7f20392c7000-7f20392c8000 r--p 00000000 08:10 44378                      /usr/lib/x86_64-linux-gnu/ld-2.31.so
7f20392c8000-7f20392eb000 r-xp 00001000 08:10 44378                      /usr/lib/x86_64-linux-gnu/ld-2.31.so
7f20392eb000-7f20392f3000 r--p 00024000 08:10 44378                      /usr/lib/x86_64-linux-gnu/ld-2.31.so
7f20392f3000-7f20392f4000 r--p 00000000 08:10 12356                      /usr/lib/locale/C.UTF-8/LC_IDENTIFICATION
7f20392f4000-7f20392f5000 r--p 0002c000 08:10 44378                      /usr/lib/x86_64-linux-gnu/ld-2.31.so
7f20392f5000-7f20392f6000 rw-p 0002d000 08:10 44378                      /usr/lib/x86_64-linux-gnu/ld-2.31.so
7f20392f6000-7f20392f7000 rw-p 00000000 00:00 0 
7ffe93fa6000-7ffe93fc8000 rw-p 00000000 00:00 0                          [stack]
7ffe93ff8000-7ffe93ffc000 r--p 00000000 00:00 0                          [vvar]
7ffe93ffc000-7ffe93ffd000 r-xp 00000000 00:00 0                          [vdso]


VM Arguments:
jvm_args: -agentlib:jdwp=transport=dt_socket,address=*:12345,suspend=y,server=y -Dfile.encoding=UTF-8 
java_command: Main ./tests/test1.sysy ./tests/test1_ans.txt
java_class_path (initial): /root/CompilerLab/Lab/target/classes:/usr/local/lib/antlr-4.10.1-complete.jar:/root/.m2/repository/org/bytedeco/llvm-platform/13.0.1-1.5.7/llvm-platform-13.0.1-1.5.7.jar:/root/.m2/repository/org/bytedeco/javacpp-platform/1.5.7/javacpp-platform-1.5.7.jar:/root/.m2/repository/org/bytedeco/javacpp/1.5.7/javacpp-1.5.7.jar:/root/.m2/repository/org/bytedeco/javacpp/1.5.7/javacpp-1.5.7-android-arm.jar:/root/.m2/repository/org/bytedeco/javacpp/1.5.7/javacpp-1.5.7-android-arm64.jar:/root/.m2/repository/org/bytedeco/javacpp/1.5.7/javacpp-1.5.7-android-x86.jar:/root/.m2/repository/org/bytedeco/javacpp/1.5.7/javacpp-1.5.7-android-x86_64.jar:/root/.m2/repository/org/bytedeco/javacpp/1.5.7/javacpp-1.5.7-ios-arm64.jar:/root/.m2/repository/org/bytedeco/javacpp/1.5.7/javacpp-1.5.7-ios-x86_64.jar:/root/.m2/repository/org/bytedeco/javacpp/1.5.7/javacpp-1.5.7-linux-armhf.jar:/root/.m2/repository/org/bytedeco/javacpp/1.5.7/javacpp-1.5.7-linux-arm64.jar:/root/.m2/repository/org/bytedeco/javacpp/1.5.7/javacpp-1.5.7-linux-ppc64le.jar:/root/.m2/repository/org/bytedeco/javacpp/1.5.7/javacpp-1.5.7-linux-x86.jar:/root/.m2/repository/org/bytedeco/javacpp/1.5.7/javacpp-1.5.7-linux-x86_64.jar:/root/.m2/repository/org/bytedeco/javacpp/1.5.7/javacpp-1.5.7-macosx-arm64.jar:/root/.m2/repository/org/bytedeco/javacpp/1.5.7/javacpp-1.5.7-macosx-x86_64.jar:/root/.m2/repository/org/bytedeco/javacpp/1.5.7/javacpp-1.5.7-windows-x86.jar:/root/.m2/repository/org/bytedeco/javacpp/1.5.7/javacpp-1.5.7-windows-x86_64.jar:/root/.m2/repository/org/bytedeco/llvm/13.0.1-1.5.7/llvm-13.0.1-1.5.7.jar:/root/.m2/repository/org/bytedeco/llvm/13.0.1-1.5.7/llvm-13.0.1-1.5.7-linux-x86.jar:/root/.m2/repository/org/bytedeco/llvm/13.0.1-1.5.7/llvm-13.0.1-1.5.7-linux-x86_64.jar:/root/.m2/repository/org/bytedeco/llvm/13.0.1-1.5.7/llvm-13.0.1-1.5.7-linux-armhf.jar:/root/.m2/repository/org/bytedeco/llvm/13.0.1-1.5.7/llvm-13.0.1-1.5.7-linux-arm64.jar:/root/.m2/repository/org/bytedeco/llvm/13.0.1-1.5.7/llv
Launcher Type: SUN_STANDARD

[Global flags]
     intx CICompilerCount                          = 4                                         {product} {ergonomic}
     uint ConcGCThreads                            = 2                                         {product} {ergonomic}
     uint G1ConcRefinementThreads                  = 8                                         {product} {ergonomic}
   size_t G1HeapRegionSize                         = 1048576                                   {product} {ergonomic}
    uintx GCDrainStackTargetSize                   = 64                                        {product} {ergonomic}
   size_t InitialHeapSize                          = 207618048                                 {product} {ergonomic}
   size_t MarkStackSize                            = 4194304                                   {product} {ergonomic}
   size_t MaxHeapSize                              = 3305111552                                {product} {ergonomic}
   size_t MaxNewSize                               = 1982857216                                {product} {ergonomic}
   size_t MinHeapDeltaBytes                        = 1048576                                   {product} {ergonomic}
    uintx NonNMethodCodeHeapSize                   = 5836300                                {pd product} {ergonomic}
    uintx NonProfiledCodeHeapSize                  = 122910970                              {pd product} {ergonomic}
    uintx ProfiledCodeHeapSize                     = 122910970                              {pd product} {ergonomic}
    uintx ReservedCodeCacheSize                    = 251658240                              {pd product} {ergonomic}
     bool SegmentedCodeCache                       = true                                      {product} {ergonomic}
     bool UseCompressedClassPointers               = true                                 {lp64_product} {ergonomic}
     bool UseCompressedOops                        = true                                 {lp64_product} {ergonomic}
     bool UseG1GC                                  = true                                      {product} {ergonomic}

Logging:
Log output configuration:
 #0: stdout all=warning uptime,level,tags
 #1: stderr all=off uptime,level,tags

Environment Variables:
PATH=/usr/local/sbin:/usr/local/bin:/usr/sbin:/usr/bin:/sbin:/bin:/usr/games:/usr/local/games:/usr/lib/wsl/lib:/mnt/c/Program Files (x86)/Common Files/Oracle/Java/javapath:/mnt/c/Python310/Scripts/:/mnt/c/Python310/:/mnt/c/Program Files/MySQL/MySQL Server 8.0/bin:/mnt/c/Windows/system32:/mnt/c/Windows:/mnt/c/Windows/System32/Wbem:/mnt/c/Windows/System32/WindowsPowerShell/v1.0/:/mnt/c/Windows/System32/OpenSSH/:/mnt/c/ProgramData/chocolatey/bin:/mnt/c/Program Files/Pandoc/:/mnt/d//Ne:/mnt/d/Applications/mingw-w64/x86_64-8.1.0-release-win32-seh-rt_v6-rev0/bin:/mnt/c/Program Files/Java/jdk-15.0.2/bin:/mnt/c/Program Files/Java/jdk-15.0.2/jre/bin:/mnt/d/Applications/scala/bin:/mnt/d/Applications/scala/jre/bin:/mnt/d/Applications/Prince/engine/bin:/mnt/d/Applications/Maven/apache-maven-3.8.6/bin:/mnt/c/Program Files/Git/cmd:/mnt/d//Tencent/web/dll:/mnt/d/Applications/nodejs/:/mnt/c/Users/20125/AppData/Local/Programs/Python/Python38/Scripts/:/mnt/c/Users/20125/AppData/Local/Programs/Python/Python38/:/mnt/c/Users/20125/AppData/Local/Microsoft/WindowsApps:/mnt/c/Program Files/JetBrains/IntelliJ IDEA 2021.3/bin:/mnt/c/Program Files/JetBrains/PyCharm 2021.3.1/bin:/mnt/d//JetBrains/WebStorm 2021.3.1/bin:/mnt/d//JetBrains/CLion 2021.3.2/bin:/mnt/c/Users/20125/AppData/Local/GitHubDesktop/bin:/mnt/d//JetBrains/DataGrip 2021.3.4/bin:/mnt/d/Applications/Microsoft VS Code/bin:/mnt/c/Users/20125/AppData/Local/JetBrains/Toolbox/scripts:/mnt/c/Program Files/jdk-15.0.2/jre/bin:/mnt/c/Program Files/jdk-15.0.2/bin:/mnt/c/Users/20125/AppData/Roaming/npm
SHELL=/bin/sh
HOSTTYPE=x86_64
LANG=C.UTF-8
TERM=xterm-256color

Signal Handlers:
SIGSEGV: [libjvm.so+0xe97eb0], sa_mask[0]=11111111011111111101111111111110, sa_flags=SA_RESTART|SA_SIGINFO
SIGBUS: [libjvm.so+0xe97eb0], sa_mask[0]=11111111011111111101111111111110, sa_flags=SA_RESTART|SA_SIGINFO
SIGFPE: [libjvm.so+0xe97eb0], sa_mask[0]=11111111011111111101111111111110, sa_flags=SA_RESTART|SA_SIGINFO
SIGPIPE: [libjvm.so+0xbde850], sa_mask[0]=11111111011111111101111111111110, sa_flags=SA_RESTART|SA_SIGINFO
SIGXFSZ: [libjvm.so+0xbde850], sa_mask[0]=11111111011111111101111111111110, sa_flags=SA_RESTART|SA_SIGINFO
SIGILL: [libjvm.so+0xe97eb0], sa_mask[0]=11111111011111111101111111111110, sa_flags=SA_RESTART|SA_SIGINFO
SIGUSR2: [libjvm.so+0xbde6f0], sa_mask[0]=00000000000000000000000000000000, sa_flags=SA_RESTART|SA_SIGINFO
SIGHUP: [libjvm.so+0xbde9e0], sa_mask[0]=11111111011111111101111111111110, sa_flags=SA_RESTART|SA_SIGINFO
SIGINT: [libjvm.so+0xbde9e0], sa_mask[0]=11111111011111111101111111111110, sa_flags=SA_RESTART|SA_SIGINFO
SIGTERM: [libjvm.so+0xbde9e0], sa_mask[0]=11111111011111111101111111111110, sa_flags=SA_RESTART|SA_SIGINFO
SIGQUIT: [libjvm.so+0xbde9e0], sa_mask[0]=11111111011111111101111111111110, sa_flags=SA_RESTART|SA_SIGINFO


---------------  S Y S T E M  ---------------

OS:DISTRIB_ID=Ubuntu
DISTRIB_RELEASE=20.04
DISTRIB_CODENAME=focal
DISTRIB_DESCRIPTION="Ubuntu 20.04.5 LTS"
uname:Linux 5.10.16.3-microsoft-standard-WSL2 #1 SMP Fri Apr 2 22:23:49 UTC 2021 x86_64
OS uptime: 0 days 10:00 hours
libc:glibc 2.31 NPTL 2.31 
rlimit (soft/hard): STACK 8192k/infinity , CORE 0k/infinity , NPROC 50409/50409 , NOFILE 4096/4096 , AS infinity/infinity , CPU infinity/infinity , DATA infinity/infinity , FSIZE infinity/infinity , MEMLOCK 64k/64k
load average:0.00 0.00 0.00

/proc/meminfo:
MemTotal:       12909048 kB
MemFree:        12418792 kB
MemAvailable:   12359916 kB
Buffers:           14740 kB
Cached:           149820 kB
SwapCached:            0 kB
Active:           120828 kB
Inactive:         248776 kB
Active(anon):         96 kB
Inactive(anon):   205004 kB
Active(file):     120732 kB
Inactive(file):    43772 kB
Unevictable:           0 kB
Mlocked:               0 kB
SwapTotal:       4194304 kB
SwapFree:        4194304 kB
Dirty:                36 kB
Writeback:             0 kB
AnonPages:        205048 kB
Mapped:            60032 kB
Shmem:                68 kB
KReclaimable:      19844 kB
Slab:              46672 kB
SReclaimable:      19844 kB
SUnreclaim:        26828 kB
KernelStack:        2752 kB
PageTables:         1692 kB
NFS_Unstable:          0 kB
Bounce:                0 kB
WritebackTmp:          0 kB
CommitLimit:    10648828 kB
Committed_AS:     677828 kB
VmallocTotal:   34359738367 kB
VmallocUsed:       22876 kB
VmallocChunk:          0 kB
Percpu:             2432 kB
AnonHugePages:    147456 kB
ShmemHugePages:        0 kB
ShmemPmdMapped:        0 kB
FileHugePages:         0 kB
FilePmdMapped:         0 kB
HugePages_Total:       0
HugePages_Free:        0
HugePages_Rsvd:        0
HugePages_Surp:        0
Hugepagesize:       2048 kB
Hugetlb:               0 kB
DirectMap4k:       17408 kB
DirectMap2M:     3784704 kB
DirectMap1G:     9437184 kB

/sys/kernel/mm/transparent_hugepage/enabled:
[always] madvise never
/sys/kernel/mm/transparent_hugepage/defrag (defrag/compaction efforts parameter):
always defer defer+madvise [madvise] never

Process Memory:
Virtual Size: 6459712K (peak: 14706636K)
Resident Set Size: 126188K (peak: 126256K) (anon: 71160K, file: 55028K, shmem: 0K)
Swapped out: 0K
C-Heap outstanding allocations: 23554K, retained: 9145K
glibc malloc tunables: (default)

/proc/sys/kernel/threads-max (system-wide limit on the number of threads):
100818
/proc/sys/vm/max_map_count (maximum number of memory map areas a process may have):
65530
/proc/sys/kernel/pid_max (system-wide limit on number of process identifiers):
32768

container (cgroup) information:
container_type: cgroupv1
cpu_cpuset_cpus: 0-7
cpu_memory_nodes: 0
active_processor_count: 8
cpu_quota: no quota
cpu_period: 100000
cpu_shares: no shares
memory_limit_in_bytes: unlimited
memory_and_swap_limit_in_bytes: unlimited
memory_soft_limit_in_bytes: unlimited
memory_usage_in_bytes: 369628 k
memory_max_usage_in_bytes: 956476 k
maximum number of tasks: not supported
current number of tasks: not supported

Hyper-V virtualization detected
Steal ticks since vm start: 0
Steal ticks percentage since vm start:  0.000

CPU:total 8 (initial active 8) (4 cores per cpu, 2 threads per core) family 6 model 140 stepping 1 microcode 0xffffffff, cmov, cx8, fxsr, mmx, sse, sse2, sse3, ssse3, sse4.1, sse4.2, popcnt, avx, avx2, aes, clmul, erms, 3dnowpref, lzcnt, ht, tsc, tscinvbit, bmi1, bmi2, adx, evex, sha, fma
CPU Model and flags from /proc/cpuinfo:
model name	: 11th Gen Intel(R) Core(TM) i7-1165G7 @ 2.80GHz
flags		: fpu vme de pse tsc msr pae mce cx8 apic sep mtrr pge mca cmov pat pse36 clflush mmx fxsr sse sse2 ss ht syscall nx pdpe1gb rdtscp lm constant_tsc rep_good nopl xtopology tsc_reliable nonstop_tsc cpuid pni pclmulqdq ssse3 fma cx16 pcid sse4_1 sse4_2 movbe popcnt aes xsave avx f16c rdrand hypervisor lahf_lm abm 3dnowprefetch invpcid_single ssbd ibrs ibpb stibp ibrs_enhanced fsgsbase bmi1 avx2 smep bmi2 erms invpcid avx512f avx512dq rdseed adx smap avx512ifma clflushopt clwb avx512cd sha_ni avx512bw avx512vl xsaveopt xsavec xgetbv1 xsaves avx512vbmi umip avx512_vbmi2 gfni vaes vpclmulqdq avx512_vnni avx512_bitalg avx512_vpopcntdq rdpid fsrm avx512_vp2intersect flush_l1d arch_capabilities
Online cpus:
0-7
Offline cpus:

BIOS frequency limitation:
<Not Available>
Frequency switch latency (ns):
<Not Available>
Available cpu frequencies:
<Not Available>
Current governor:
<Not Available>
Core performance/turbo boost:
<Not Available>

Memory: 4k page, physical 12909048k(12418792k free), swap 4194304k(4194304k free)

vm_info: OpenJDK 64-Bit Server VM (11.0.17+8-post-Ubuntu-1ubuntu220.04) for linux-amd64 JRE (11.0.17+8-post-Ubuntu-1ubuntu220.04), built on Oct 25 2022 09:30:51 by "unknown" with gcc 9.4.0

END.
