#
# A fatal error has been detected by the Java Runtime Environment:
#
#  SIGSEGV (0xb) at pc=0x00007fc8f2158882, pid=3914, tid=3915
#
# JRE version: OpenJDK Runtime Environment (11.0.17+8) (build 11.0.17+8-post-Ubuntu-1ubuntu220.04)
# Java VM: OpenJDK 64-Bit Server VM (11.0.17+8-post-Ubuntu-1ubuntu220.04, mixed mode, sharing, tiered, compressed oops, g1 gc, linux-amd64)
# Problematic frame:
# C  [libLLVM-13.so+0xc2c882]  LLVMBuildLoad+0x12
#
# No core dump will be written. Core dumps have been disabled. To enable core dumping, try "ulimit -c unlimited" before starting Java again
#
# If you would like to submit a bug report, please visit:
#   https://bugs.launchpad.net/ubuntu/+source/openjdk-lts
# The crash happened outside the Java Virtual Machine in native code.
# See problematic frame for where to report the bug.
#

---------------  S U M M A R Y ------------

Command Line: -agentlib:jdwp=transport=dt_socket,address=*:12345,suspend=y,server=y -Dfile.encoding=UTF-8 Main ./tests/test1.sysy ./tests/test1_ans.txt

Host: 11th Gen Intel(R) Core(TM) i7-1165G7 @ 2.80GHz, 8 cores, 12G, Ubuntu 20.04.5 LTS
Time: Tue Jan 17 23:20:37 2023 CST elapsed time: 16.325943 seconds (0d 0h 0m 16s)

---------------  T H R E A D  ---------------

Current thread (0x00007fc96c017800):  JavaThread "main" [_thread_in_native, id=3915, stack(0x00007fc972fee000,0x00007fc9730ef000)]

Stack: [0x00007fc972fee000,0x00007fc9730ef000],  sp=0x00007fc9730ec5b0,  free space=1017k
Native frames: (J=compiled Java code, A=aot compiled Java code, j=interpreted, Vv=VM code, C=native code)
C  [libLLVM-13.so+0xc2c882]  LLVMBuildLoad+0x12

Java frames: (J=compiled Java code, j=interpreted, Vv=VM code)
j  org.bytedeco.llvm.global.LLVM.LLVMBuildLoad(Lorg/bytedeco/llvm/LLVM/LLVMBuilderRef;Lorg/bytedeco/llvm/LLVM/LLVMValueRef;Ljava/lang/String;)Lorg/bytedeco/llvm/LLVM/LLVMValueRef;+0
j  FunctionAndVarIRVisitor.visitLValExp(LSysYParser$LValExpContext;)Lorg/bytedeco/llvm/LLVM/LLVMValueRef;+18
j  FunctionAndVarIRVisitor.visitLValExp(LSysYParser$LValExpContext;)Ljava/lang/Object;+2
j  SysYParser$LValExpContext.accept(Lorg/antlr/v4/runtime/tree/ParseTreeVisitor;)Ljava/lang/Object;+12
j  org.antlr.v4.runtime.tree.AbstractParseTreeVisitor.visit(Lorg/antlr/v4/runtime/tree/ParseTree;)Ljava/lang/Object;+2
j  FunctionAndVarIRVisitor.visitExpInitVal(LSysYParser$ExpInitValContext;)Lorg/bytedeco/llvm/LLVM/LLVMValueRef;+5
j  FunctionAndVarIRVisitor.visitExpInitVal(LSysYParser$ExpInitValContext;)Ljava/lang/Object;+2
j  SysYParser$ExpInitValContext.accept(Lorg/antlr/v4/runtime/tree/ParseTreeVisitor;)Ljava/lang/Object;+12
j  org.antlr.v4.runtime.tree.AbstractParseTreeVisitor.visit(Lorg/antlr/v4/runtime/tree/ParseTree;)Ljava/lang/Object;+2
j  FunctionAndVarIRVisitor.handleVar(LSysYParser$VarDefContext;Ljava/lang/String;)Lorg/bytedeco/llvm/LLVM/LLVMValueRef;+17
j  FunctionAndVarIRVisitor.visitVarDef(LSysYParser$VarDefContext;)Lorg/bytedeco/llvm/LLVM/LLVMValueRef;+36
j  FunctionAndVarIRVisitor.visitVarDef(LSysYParser$VarDefContext;)Ljava/lang/Object;+2
j  SysYParser$VarDefContext.accept(Lorg/antlr/v4/runtime/tree/ParseTreeVisitor;)Ljava/lang/Object;+12
j  org.antlr.v4.runtime.tree.AbstractParseTreeVisitor.visitChildren(Lorg/antlr/v4/runtime/tree/RuleNode;)Ljava/lang/Object;+46
j  SysYParserBaseVisitor.visitVarDecl(LSysYParser$VarDeclContext;)Ljava/lang/Object;+2
j  SysYParser$VarDeclContext.accept(Lorg/antlr/v4/runtime/tree/ParseTreeVisitor;)Ljava/lang/Object;+12
j  org.antlr.v4.runtime.tree.AbstractParseTreeVisitor.visitChildren(Lorg/antlr/v4/runtime/tree/RuleNode;)Ljava/lang/Object;+46
j  SysYParserBaseVisitor.visitDecl(LSysYParser$DeclContext;)Ljava/lang/Object;+2
j  SysYParser$DeclContext.accept(Lorg/antlr/v4/runtime/tree/ParseTreeVisitor;)Ljava/lang/Object;+12
j  org.antlr.v4.runtime.tree.AbstractParseTreeVisitor.visitChildren(Lorg/antlr/v4/runtime/tree/RuleNode;)Ljava/lang/Object;+46
j  SysYParserBaseVisitor.visitBlockItem(LSysYParser$BlockItemContext;)Ljava/lang/Object;+2
j  SysYParser$BlockItemContext.accept(Lorg/antlr/v4/runtime/tree/ParseTreeVisitor;)Ljava/lang/Object;+12
j  org.antlr.v4.runtime.tree.AbstractParseTreeVisitor.visitChildren(Lorg/antlr/v4/runtime/tree/RuleNode;)Ljava/lang/Object;+46
j  SysYParserBaseVisitor.visitBlock(LSysYParser$BlockContext;)Ljava/lang/Object;+2
j  FunctionAndVarIRVisitor.visitBlock(LSysYParser$BlockContext;)Lorg/bytedeco/llvm/LLVM/LLVMValueRef;+32
j  FunctionAndVarIRVisitor.visitBlock(LSysYParser$BlockContext;)Ljava/lang/Object;+2
j  SysYParser$BlockContext.accept(Lorg/antlr/v4/runtime/tree/ParseTreeVisitor;)Ljava/lang/Object;+12
j  org.antlr.v4.runtime.tree.AbstractParseTreeVisitor.visitChildren(Lorg/antlr/v4/runtime/tree/RuleNode;)Ljava/lang/Object;+46
j  SysYParserBaseVisitor.visitFuncDef(LSysYParser$FuncDefContext;)Ljava/lang/Object;+2
j  FunctionAndVarIRVisitor.visitFuncDef(LSysYParser$FuncDefContext;)Lorg/bytedeco/llvm/LLVM/LLVMValueRef;+333
j  FunctionAndVarIRVisitor.visitFuncDef(LSysYParser$FuncDefContext;)Ljava/lang/Object;+2
j  SysYParser$FuncDefContext.accept(Lorg/antlr/v4/runtime/tree/ParseTreeVisitor;)Ljava/lang/Object;+12
j  org.antlr.v4.runtime.tree.AbstractParseTreeVisitor.visitChildren(Lorg/antlr/v4/runtime/tree/RuleNode;)Ljava/lang/Object;+46
j  SysYParserBaseVisitor.visitCompUnit(LSysYParser$CompUnitContext;)Ljava/lang/Object;+2
j  SysYParser$CompUnitContext.accept(Lorg/antlr/v4/runtime/tree/ParseTreeVisitor;)Ljava/lang/Object;+12
j  org.antlr.v4.runtime.tree.AbstractParseTreeVisitor.visitChildren(Lorg/antlr/v4/runtime/tree/RuleNode;)Ljava/lang/Object;+46
j  SysYParserBaseVisitor.visitProgram(LSysYParser$ProgramContext;)Ljava/lang/Object;+2
j  FunctionAndVarIRVisitor.visitProgram(LSysYParser$ProgramContext;)Lorg/bytedeco/llvm/LLVM/LLVMValueRef;+2
j  FunctionAndVarIRVisitor.visitProgram(LSysYParser$ProgramContext;)Ljava/lang/Object;+2
j  SysYParser$ProgramContext.accept(Lorg/antlr/v4/runtime/tree/ParseTreeVisitor;)Ljava/lang/Object;+12
j  org.antlr.v4.runtime.tree.AbstractParseTreeVisitor.visit(Lorg/antlr/v4/runtime/tree/ParseTree;)Ljava/lang/Object;+2
j  Main.funcAndVarIRGenerate([Ljava/lang/String;)V+113
j  Main.main([Ljava/lang/String;)V+1
v  ~StubRoutines::call_stub

siginfo: si_signo: 11 (SIGSEGV), si_code: 1 (SEGV_MAPERR), si_addr: 0x0000000000000000

Register to memory mapping:

RAX=0x00007fc9340113d0 points into unknown readable memory: 0x00007fc96c4d002a | 2a 00 4d 6c c9 7f 00 00
RBX=0x0 is NULL
RCX=0x000000000000002a is an unknown value
RDX=0x00007fc9340113d0 points into unknown readable memory: 0x00007fc96c4d002a | 2a 00 4d 6c c9 7f 00 00
RSP=0x00007fc9730ec5b0 is pointing into the stack for thread: 0x00007fc96c017800
RBP=0x00007fc96c4cb4f0 points into unknown readable memory: 0x00007fc96c4cb500 | 00 b5 4c 6c c9 7f 00 00
RSI=0x0 is NULL
RDI=0x00007fc96c4cb4f0 points into unknown readable memory: 0x00007fc96c4cb500 | 00 b5 4c 6c c9 7f 00 00
R8 =0x000000074614e0a0 points into unknown readable memory: 0x000000000000002a | 2a 00 00 00 00 00 00 00
R9 =0x00007fc96c017800 is a thread
R10=0xfffffffffffff55a is an unknown value
R11=0x00007fc8f2158870: LLVMBuildLoad+0x0000000000000000 in /root/.javacpp/cache/llvm-13.0.1-1.5.7-linux-x86_64.jar/org/bytedeco/llvm/linux-x86_64/libLLVM-13.so at 0x00007fc8f152c000
R12=0x0 is NULL
R13=0x0 is NULL
R14=0x00007fc9340113d0 points into unknown readable memory: 0x00007fc96c4d002a | 2a 00 4d 6c c9 7f 00 00
R15=0x00007fc96c017800 is a thread


Registers:
RAX=0x00007fc9340113d0, RBX=0x0000000000000000, RCX=0x000000000000002a, RDX=0x00007fc9340113d0
RSP=0x00007fc9730ec5b0, RBP=0x00007fc96c4cb4f0, RSI=0x0000000000000000, RDI=0x00007fc96c4cb4f0
R8 =0x000000074614e0a0, R9 =0x00007fc96c017800, R10=0xfffffffffffff55a, R11=0x00007fc8f2158870
R12=0x0000000000000000, R13=0x0000000000000000, R14=0x00007fc9340113d0, R15=0x00007fc96c017800
RIP=0x00007fc8f2158882, EFLAGS=0x0000000000010202, CSGSFS=0x002b000000000033, ERR=0x0000000000000004
  TRAPNO=0x000000000000000e

Top of Stack: (sp=0x00007fc9730ec5b0)
0x00007fc9730ec5b0:   0000000000000000 0000000000000000
0x00007fc9730ec5c0:   cafebabecafebabe 0000000000000000
0x00007fc9730ec5d0:   0000000000000000 0000000000000000
0x00007fc9730ec5e0:   0000000000000000 0000000000000000 

Instructions: (pc=0x00007fc8f2158882)
0x00007fc8f2158782:   89 c4 4c 8d 4c 24 40 e8 92 57 09 00 48 8b 7d 50
0x00007fc8f2158792:   48 8b 4d 30 4c 89 e6 48 8d 54 24 10 4c 8b 45 38
0x00007fc8f21587a2:   48 8b 07 ff 50 10 48 8b 5d 00 8b 6d 08 5a 59 48
0x00007fc8f21587b2:   c1 e5 04 48 01 dd 48 39 eb 74 1a 0f 1f 00 48 8b
0x00007fc8f21587c2:   53 08 8b 33 4c 89 e7 48 83 c3 10 e8 6e 16 0e 00
0x00007fc8f21587d2:   48 39 dd 75 e9 48 83 c4 68 4c 89 e0 5b 5d 41 5c
0x00007fc8f21587e2:   41 5d 41 5e 41 5f c3 0f 1f 80 00 00 00 00 41 54
0x00007fc8f21587f2:   b8 01 01 00 00 55 48 89 fd 48 89 f7 53 48 83 ec
0x00007fc8f2158802:   30 48 8b 75 30 66 89 44 24 20 e8 ef 24 09 00 48
0x00007fc8f2158812:   8b 7d 50 48 8b 4d 30 48 89 e2 49 89 c4 4c 8b 45
0x00007fc8f2158822:   38 48 8b 07 4c 89 e6 ff 50 10 48 8b 5d 00 8b 6d
0x00007fc8f2158832:   08 48 c1 e5 04 48 01 dd 48 39 eb 74 18 90 48 8b
0x00007fc8f2158842:   53 08 8b 33 4c 89 e7 48 83 c3 10 e8 ee 15 0e 00
0x00007fc8f2158852:   48 39 dd 75 e9 48 83 c4 30 4c 89 e0 5b 5d 41 5c
0x00007fc8f2158862:   c3 66 2e 0f 1f 84 00 00 00 00 00 0f 1f 00 41 56
0x00007fc8f2158872:   41 55 49 89 f5 41 54 55 48 89 fd 53 48 83 ec 60
0x00007fc8f2158882:   48 8b 06 80 3a 00 be 01 01 00 00 4c 8b 70 18 66
0x00007fc8f2158892:   89 74 24 20 74 09 48 89 14 24 c6 44 24 20 03 48
0x00007fc8f21588a2:   8b 7d 30 e8 d6 15 fc ff 48 89 c7 e8 4e 47 0e 00
0x00007fc8f21588b2:   4c 89 f6 48 89 c7 e8 b3 46 01 00 be 01 00 00 00
0x00007fc8f21588c2:   bf 40 00 00 00 89 c3 b8 01 01 00 00 66 89 44 24
0x00007fc8f21588d2:   50 e8 a8 0a 13 00 48 8d 4c 24 30 41 89 d9 45 31
0x00007fc8f21588e2:   c0 48 83 ec 08 48 89 c7 4c 89 ea 4c 89 f6 6a 00
0x00007fc8f21588f2:   49 89 c4 e8 26 5d 09 00 48 8b 7d 50 48 8b 4d 30
0x00007fc8f2158902:   4c 89 e6 48 8d 54 24 10 4c 8b 45 38 48 8b 07 ff
0x00007fc8f2158912:   50 10 48 8b 5d 00 8b 6d 08 5a 59 48 c1 e5 04 48
0x00007fc8f2158922:   01 dd 48 39 eb 74 1e 0f 1f 80 00 00 00 00 48 8b
0x00007fc8f2158932:   53 08 8b 33 4c 89 e7 48 83 c3 10 e8 fe 14 0e 00
0x00007fc8f2158942:   48 39 dd 75 e9 48 83 c4 60 4c 89 e0 5b 5d 41 5c
0x00007fc8f2158952:   41 5d 41 5e c3 66 0f 1f 84 00 00 00 00 00 41 56
0x00007fc8f2158962:   49 89 d6 41 55 49 89 f5 be 01 01 00 00 41 54 55
0x00007fc8f2158972:   48 89 fd 53 48 83 ec 60 80 39 00 66 89 74 24 20 


Stack slot to memory mapping:
stack at sp + 0 slots: 0x0 is NULL
stack at sp + 1 slots: 0x0 is NULL
stack at sp + 2 slots: 0xcafebabecafebabe is an unknown value
stack at sp + 3 slots: 0x0 is NULL
stack at sp + 4 slots: 0x0 is NULL
stack at sp + 5 slots: 0x0 is NULL
stack at sp + 6 slots: 0x0 is NULL
stack at sp + 7 slots: 0x0 is NULL


---------------  P R O C E S S  ---------------

Threads class SMR info:
_java_thread_list=0x00007fc8fc000b60, length=13, elements={
0x00007fc96c017800, 0x00007fc96c187800, 0x00007fc96c189800, 0x00007fc96c192000,
0x00007fc96c194000, 0x00007fc96c196000, 0x00007fc96c198000, 0x00007fc96c19a000,
0x00007fc96c1ee800, 0x00007fc96c1f3800, 0x00007fc914001800, 0x00007fc96c1f9800,
0x00007fc96c401000
}

Java Threads: ( => current thread )
=>0x00007fc96c017800 JavaThread "main" [_thread_in_native, id=3915, stack(0x00007fc972fee000,0x00007fc9730ef000)]
  0x00007fc96c187800 JavaThread "Reference Handler" daemon [_thread_blocked, id=3922, stack(0x00007fc9701b3000,0x00007fc9702b4000)]
  0x00007fc96c189800 JavaThread "Finalizer" daemon [_thread_blocked, id=3923, stack(0x00007fc9700b2000,0x00007fc9701b3000)]
  0x00007fc96c192000 JavaThread "Signal Dispatcher" daemon [_thread_blocked, id=3924, stack(0x00007fc9542a3000,0x00007fc9543a4000)]
  0x00007fc96c194000 JavaThread "Service Thread" daemon [_thread_blocked, id=3925, stack(0x00007fc9541a2000,0x00007fc9542a3000)]
  0x00007fc96c196000 JavaThread "C2 CompilerThread0" daemon [_thread_blocked, id=3926, stack(0x00007fc9540a1000,0x00007fc9541a2000)]
  0x00007fc96c198000 JavaThread "C1 CompilerThread0" daemon [_thread_blocked, id=3927, stack(0x00007fc94947f000,0x00007fc949580000)]
  0x00007fc96c19a000 JavaThread "Sweeper thread" daemon [_thread_blocked, id=3928, stack(0x00007fc94937e000,0x00007fc94947f000)]
  0x00007fc96c1ee800 JavaThread "JDWP Transport Listener: dt_socket" daemon [_thread_blocked, id=3929, stack(0x00007fc94927d000,0x00007fc94937e000)]
  0x00007fc96c1f3800 JavaThread "JDWP Event Helper Thread" daemon [_thread_blocked, id=3930, stack(0x00007fc94917c000,0x00007fc94927d000)]
  0x00007fc914001800 JavaThread "JDWP Command Reader" daemon [_thread_in_native, id=3970, stack(0x00007fc94907b000,0x00007fc94917c000)]
  0x00007fc96c1f9800 JavaThread "Common-Cleaner" daemon [_thread_blocked, id=3972, stack(0x00007fc948e78000,0x00007fc948f79000)]
  0x00007fc96c401000 JavaThread "JavaCPP Deallocator" daemon [_thread_blocked, id=3973, stack(0x00007fc948d77000,0x00007fc948e78000)]

Other Threads:
  0x00007fc96c184800 VMThread "VM Thread" [stack: 0x00007fc9702b6000,0x00007fc9703b6000] [id=3921]
  0x00007fc96c1f6000 WatcherThread [stack: 0x00007fc948f7b000,0x00007fc94907b000] [id=3971]
  0x00007fc96c02f800 GCTaskThread "GC Thread#0" [stack: 0x00007fc972c5a000,0x00007fc972d5a000] [id=3916]
  0x00007fc96c07b800 ConcurrentGCThread "G1 Main Marker" [stack: 0x00007fc97100c000,0x00007fc97110c000] [id=3917]
  0x00007fc96c07d800 ConcurrentGCThread "G1 Conc#0" [stack: 0x00007fc970f0a000,0x00007fc97100a000] [id=3918]
  0x00007fc96c14a800 ConcurrentGCThread "G1 Refine#0" [stack: 0x00007fc970600000,0x00007fc970700000] [id=3919]
  0x00007fc96c14c800 ConcurrentGCThread "G1 Young RemSet Sampling" [stack: 0x00007fc9704fe000,0x00007fc9705fe000] [id=3920]

Threads with active compile tasks:

VM state:not at safepoint (normal execution)

VM Mutex/Monitor currently owned by a thread: None

Heap address: 0x000000073b000000, size: 3152 MB, Compressed Oops mode: Zero based, Oop shift amount: 3
Narrow klass base: 0x0000000800000000, Narrow klass shift: 3
Compressed class space size: 1073741824 Address: 0x0000000840000000

Heap:
 garbage-first heap   total 204800K, used 20172K [0x000000073b000000, 0x0000000800000000)
  region size 1024K, 21 young (21504K), 0 survivors (0K)
 Metaspace       used 3646K, capacity 6704K, committed 6912K, reserved 1056768K
  class space    used 410K, capacity 700K, committed 768K, reserved 1048576K
Heap Regions: E=young(eden), S=young(survivor), O=old, HS=humongous(starts), HC=humongous(continues), CS=collection set, F=free, A=archive, TAMS=top-at-mark-start (previous, next)
|   0|0x000000073b000000, 0x000000073b000000, 0x000000073b100000|  0%| F|  |TAMS 0x000000073b000000, 0x000000073b000000| Untracked 
|   1|0x000000073b100000, 0x000000073b100000, 0x000000073b200000|  0%| F|  |TAMS 0x000000073b100000, 0x000000073b100000| Untracked 
|   2|0x000000073b200000, 0x000000073b200000, 0x000000073b300000|  0%| F|  |TAMS 0x000000073b200000, 0x000000073b200000| Untracked 
|   3|0x000000073b300000, 0x000000073b300000, 0x000000073b400000|  0%| F|  |TAMS 0x000000073b300000, 0x000000073b300000| Untracked 
|   4|0x000000073b400000, 0x000000073b400000, 0x000000073b500000|  0%| F|  |TAMS 0x000000073b400000, 0x000000073b400000| Untracked 
|   5|0x000000073b500000, 0x000000073b500000, 0x000000073b600000|  0%| F|  |TAMS 0x000000073b500000, 0x000000073b500000| Untracked 
|   6|0x000000073b600000, 0x000000073b600000, 0x000000073b700000|  0%| F|  |TAMS 0x000000073b600000, 0x000000073b600000| Untracked 
|   7|0x000000073b700000, 0x000000073b700000, 0x000000073b800000|  0%| F|  |TAMS 0x000000073b700000, 0x000000073b700000| Untracked 
|   8|0x000000073b800000, 0x000000073b800000, 0x000000073b900000|  0%| F|  |TAMS 0x000000073b800000, 0x000000073b800000| Untracked 
|   9|0x000000073b900000, 0x000000073b900000, 0x000000073ba00000|  0%| F|  |TAMS 0x000000073b900000, 0x000000073b900000| Untracked 
|  10|0x000000073ba00000, 0x000000073ba00000, 0x000000073bb00000|  0%| F|  |TAMS 0x000000073ba00000, 0x000000073ba00000| Untracked 
|  11|0x000000073bb00000, 0x000000073bb00000, 0x000000073bc00000|  0%| F|  |TAMS 0x000000073bb00000, 0x000000073bb00000| Untracked 
|  12|0x000000073bc00000, 0x000000073bc00000, 0x000000073bd00000|  0%| F|  |TAMS 0x000000073bc00000, 0x000000073bc00000| Untracked 
|  13|0x000000073bd00000, 0x000000073bd00000, 0x000000073be00000|  0%| F|  |TAMS 0x000000073bd00000, 0x000000073bd00000| Untracked 
|  14|0x000000073be00000, 0x000000073be00000, 0x000000073bf00000|  0%| F|  |TAMS 0x000000073be00000, 0x000000073be00000| Untracked 
|  15|0x000000073bf00000, 0x000000073bf00000, 0x000000073c000000|  0%| F|  |TAMS 0x000000073bf00000, 0x000000073bf00000| Untracked 
|  16|0x000000073c000000, 0x000000073c000000, 0x000000073c100000|  0%| F|  |TAMS 0x000000073c000000, 0x000000073c000000| Untracked 
|  17|0x000000073c100000, 0x000000073c100000, 0x000000073c200000|  0%| F|  |TAMS 0x000000073c100000, 0x000000073c100000| Untracked 
|  18|0x000000073c200000, 0x000000073c200000, 0x000000073c300000|  0%| F|  |TAMS 0x000000073c200000, 0x000000073c200000| Untracked 
|  19|0x000000073c300000, 0x000000073c300000, 0x000000073c400000|  0%| F|  |TAMS 0x000000073c300000, 0x000000073c300000| Untracked 
|  20|0x000000073c400000, 0x000000073c400000, 0x000000073c500000|  0%| F|  |TAMS 0x000000073c400000, 0x000000073c400000| Untracked 
|  21|0x000000073c500000, 0x000000073c500000, 0x000000073c600000|  0%| F|  |TAMS 0x000000073c500000, 0x000000073c500000| Untracked 
|  22|0x000000073c600000, 0x000000073c600000, 0x000000073c700000|  0%| F|  |TAMS 0x000000073c600000, 0x000000073c600000| Untracked 
|  23|0x000000073c700000, 0x000000073c700000, 0x000000073c800000|  0%| F|  |TAMS 0x000000073c700000, 0x000000073c700000| Untracked 
|  24|0x000000073c800000, 0x000000073c800000, 0x000000073c900000|  0%| F|  |TAMS 0x000000073c800000, 0x000000073c800000| Untracked 
|  25|0x000000073c900000, 0x000000073c900000, 0x000000073ca00000|  0%| F|  |TAMS 0x000000073c900000, 0x000000073c900000| Untracked 
|  26|0x000000073ca00000, 0x000000073ca00000, 0x000000073cb00000|  0%| F|  |TAMS 0x000000073ca00000, 0x000000073ca00000| Untracked 
|  27|0x000000073cb00000, 0x000000073cb00000, 0x000000073cc00000|  0%| F|  |TAMS 0x000000073cb00000, 0x000000073cb00000| Untracked 
|  28|0x000000073cc00000, 0x000000073cc00000, 0x000000073cd00000|  0%| F|  |TAMS 0x000000073cc00000, 0x000000073cc00000| Untracked 
|  29|0x000000073cd00000, 0x000000073cd00000, 0x000000073ce00000|  0%| F|  |TAMS 0x000000073cd00000, 0x000000073cd00000| Untracked 
|  30|0x000000073ce00000, 0x000000073ce00000, 0x000000073cf00000|  0%| F|  |TAMS 0x000000073ce00000, 0x000000073ce00000| Untracked 
|  31|0x000000073cf00000, 0x000000073cf00000, 0x000000073d000000|  0%| F|  |TAMS 0x000000073cf00000, 0x000000073cf00000| Untracked 
|  32|0x000000073d000000, 0x000000073d000000, 0x000000073d100000|  0%| F|  |TAMS 0x000000073d000000, 0x000000073d000000| Untracked 
|  33|0x000000073d100000, 0x000000073d100000, 0x000000073d200000|  0%| F|  |TAMS 0x000000073d100000, 0x000000073d100000| Untracked 
|  34|0x000000073d200000, 0x000000073d200000, 0x000000073d300000|  0%| F|  |TAMS 0x000000073d200000, 0x000000073d200000| Untracked 
|  35|0x000000073d300000, 0x000000073d300000, 0x000000073d400000|  0%| F|  |TAMS 0x000000073d300000, 0x000000073d300000| Untracked 
|  36|0x000000073d400000, 0x000000073d400000, 0x000000073d500000|  0%| F|  |TAMS 0x000000073d400000, 0x000000073d400000| Untracked 
|  37|0x000000073d500000, 0x000000073d500000, 0x000000073d600000|  0%| F|  |TAMS 0x000000073d500000, 0x000000073d500000| Untracked 
|  38|0x000000073d600000, 0x000000073d600000, 0x000000073d700000|  0%| F|  |TAMS 0x000000073d600000, 0x000000073d600000| Untracked 
|  39|0x000000073d700000, 0x000000073d700000, 0x000000073d800000|  0%| F|  |TAMS 0x000000073d700000, 0x000000073d700000| Untracked 
|  40|0x000000073d800000, 0x000000073d800000, 0x000000073d900000|  0%| F|  |TAMS 0x000000073d800000, 0x000000073d800000| Untracked 
|  41|0x000000073d900000, 0x000000073d900000, 0x000000073da00000|  0%| F|  |TAMS 0x000000073d900000, 0x000000073d900000| Untracked 
|  42|0x000000073da00000, 0x000000073da00000, 0x000000073db00000|  0%| F|  |TAMS 0x000000073da00000, 0x000000073da00000| Untracked 
|  43|0x000000073db00000, 0x000000073db00000, 0x000000073dc00000|  0%| F|  |TAMS 0x000000073db00000, 0x000000073db00000| Untracked 
|  44|0x000000073dc00000, 0x000000073dc00000, 0x000000073dd00000|  0%| F|  |TAMS 0x000000073dc00000, 0x000000073dc00000| Untracked 
|  45|0x000000073dd00000, 0x000000073dd00000, 0x000000073de00000|  0%| F|  |TAMS 0x000000073dd00000, 0x000000073dd00000| Untracked 
|  46|0x000000073de00000, 0x000000073de00000, 0x000000073df00000|  0%| F|  |TAMS 0x000000073de00000, 0x000000073de00000| Untracked 
|  47|0x000000073df00000, 0x000000073df00000, 0x000000073e000000|  0%| F|  |TAMS 0x000000073df00000, 0x000000073df00000| Untracked 
|  48|0x000000073e000000, 0x000000073e000000, 0x000000073e100000|  0%| F|  |TAMS 0x000000073e000000, 0x000000073e000000| Untracked 
|  49|0x000000073e100000, 0x000000073e100000, 0x000000073e200000|  0%| F|  |TAMS 0x000000073e100000, 0x000000073e100000| Untracked 
|  50|0x000000073e200000, 0x000000073e200000, 0x000000073e300000|  0%| F|  |TAMS 0x000000073e200000, 0x000000073e200000| Untracked 
|  51|0x000000073e300000, 0x000000073e300000, 0x000000073e400000|  0%| F|  |TAMS 0x000000073e300000, 0x000000073e300000| Untracked 
|  52|0x000000073e400000, 0x000000073e400000, 0x000000073e500000|  0%| F|  |TAMS 0x000000073e400000, 0x000000073e400000| Untracked 
|  53|0x000000073e500000, 0x000000073e500000, 0x000000073e600000|  0%| F|  |TAMS 0x000000073e500000, 0x000000073e500000| Untracked 
|  54|0x000000073e600000, 0x000000073e600000, 0x000000073e700000|  0%| F|  |TAMS 0x000000073e600000, 0x000000073e600000| Untracked 
|  55|0x000000073e700000, 0x000000073e700000, 0x000000073e800000|  0%| F|  |TAMS 0x000000073e700000, 0x000000073e700000| Untracked 
|  56|0x000000073e800000, 0x000000073e800000, 0x000000073e900000|  0%| F|  |TAMS 0x000000073e800000, 0x000000073e800000| Untracked 
|  57|0x000000073e900000, 0x000000073e900000, 0x000000073ea00000|  0%| F|  |TAMS 0x000000073e900000, 0x000000073e900000| Untracked 
|  58|0x000000073ea00000, 0x000000073ea00000, 0x000000073eb00000|  0%| F|  |TAMS 0x000000073ea00000, 0x000000073ea00000| Untracked 
|  59|0x000000073eb00000, 0x000000073eb00000, 0x000000073ec00000|  0%| F|  |TAMS 0x000000073eb00000, 0x000000073eb00000| Untracked 
|  60|0x000000073ec00000, 0x000000073ec00000, 0x000000073ed00000|  0%| F|  |TAMS 0x000000073ec00000, 0x000000073ec00000| Untracked 
|  61|0x000000073ed00000, 0x000000073ed00000, 0x000000073ee00000|  0%| F|  |TAMS 0x000000073ed00000, 0x000000073ed00000| Untracked 
|  62|0x000000073ee00000, 0x000000073ee00000, 0x000000073ef00000|  0%| F|  |TAMS 0x000000073ee00000, 0x000000073ee00000| Untracked 
|  63|0x000000073ef00000, 0x000000073ef00000, 0x000000073f000000|  0%| F|  |TAMS 0x000000073ef00000, 0x000000073ef00000| Untracked 
|  64|0x000000073f000000, 0x000000073f000000, 0x000000073f100000|  0%| F|  |TAMS 0x000000073f000000, 0x000000073f000000| Untracked 
|  65|0x000000073f100000, 0x000000073f100000, 0x000000073f200000|  0%| F|  |TAMS 0x000000073f100000, 0x000000073f100000| Untracked 
|  66|0x000000073f200000, 0x000000073f200000, 0x000000073f300000|  0%| F|  |TAMS 0x000000073f200000, 0x000000073f200000| Untracked 
|  67|0x000000073f300000, 0x000000073f300000, 0x000000073f400000|  0%| F|  |TAMS 0x000000073f300000, 0x000000073f300000| Untracked 
|  68|0x000000073f400000, 0x000000073f400000, 0x000000073f500000|  0%| F|  |TAMS 0x000000073f400000, 0x000000073f400000| Untracked 
|  69|0x000000073f500000, 0x000000073f500000, 0x000000073f600000|  0%| F|  |TAMS 0x000000073f500000, 0x000000073f500000| Untracked 
|  70|0x000000073f600000, 0x000000073f600000, 0x000000073f700000|  0%| F|  |TAMS 0x000000073f600000, 0x000000073f600000| Untracked 
|  71|0x000000073f700000, 0x000000073f700000, 0x000000073f800000|  0%| F|  |TAMS 0x000000073f700000, 0x000000073f700000| Untracked 
|  72|0x000000073f800000, 0x000000073f800000, 0x000000073f900000|  0%| F|  |TAMS 0x000000073f800000, 0x000000073f800000| Untracked 
|  73|0x000000073f900000, 0x000000073f900000, 0x000000073fa00000|  0%| F|  |TAMS 0x000000073f900000, 0x000000073f900000| Untracked 
|  74|0x000000073fa00000, 0x000000073fa00000, 0x000000073fb00000|  0%| F|  |TAMS 0x000000073fa00000, 0x000000073fa00000| Untracked 
|  75|0x000000073fb00000, 0x000000073fb00000, 0x000000073fc00000|  0%| F|  |TAMS 0x000000073fb00000, 0x000000073fb00000| Untracked 
|  76|0x000000073fc00000, 0x000000073fc00000, 0x000000073fd00000|  0%| F|  |TAMS 0x000000073fc00000, 0x000000073fc00000| Untracked 
|  77|0x000000073fd00000, 0x000000073fd00000, 0x000000073fe00000|  0%| F|  |TAMS 0x000000073fd00000, 0x000000073fd00000| Untracked 
|  78|0x000000073fe00000, 0x000000073fe00000, 0x000000073ff00000|  0%| F|  |TAMS 0x000000073fe00000, 0x000000073fe00000| Untracked 
|  79|0x000000073ff00000, 0x000000073ff00000, 0x0000000740000000|  0%| F|  |TAMS 0x000000073ff00000, 0x000000073ff00000| Untracked 
|  80|0x0000000740000000, 0x0000000740000000, 0x0000000740100000|  0%| F|  |TAMS 0x0000000740000000, 0x0000000740000000| Untracked 
|  81|0x0000000740100000, 0x0000000740100000, 0x0000000740200000|  0%| F|  |TAMS 0x0000000740100000, 0x0000000740100000| Untracked 
|  82|0x0000000740200000, 0x0000000740200000, 0x0000000740300000|  0%| F|  |TAMS 0x0000000740200000, 0x0000000740200000| Untracked 
|  83|0x0000000740300000, 0x0000000740300000, 0x0000000740400000|  0%| F|  |TAMS 0x0000000740300000, 0x0000000740300000| Untracked 
|  84|0x0000000740400000, 0x0000000740400000, 0x0000000740500000|  0%| F|  |TAMS 0x0000000740400000, 0x0000000740400000| Untracked 
|  85|0x0000000740500000, 0x0000000740500000, 0x0000000740600000|  0%| F|  |TAMS 0x0000000740500000, 0x0000000740500000| Untracked 
|  86|0x0000000740600000, 0x0000000740600000, 0x0000000740700000|  0%| F|  |TAMS 0x0000000740600000, 0x0000000740600000| Untracked 
|  87|0x0000000740700000, 0x0000000740700000, 0x0000000740800000|  0%| F|  |TAMS 0x0000000740700000, 0x0000000740700000| Untracked 
|  88|0x0000000740800000, 0x0000000740800000, 0x0000000740900000|  0%| F|  |TAMS 0x0000000740800000, 0x0000000740800000| Untracked 
|  89|0x0000000740900000, 0x0000000740900000, 0x0000000740a00000|  0%| F|  |TAMS 0x0000000740900000, 0x0000000740900000| Untracked 
|  90|0x0000000740a00000, 0x0000000740a00000, 0x0000000740b00000|  0%| F|  |TAMS 0x0000000740a00000, 0x0000000740a00000| Untracked 
|  91|0x0000000740b00000, 0x0000000740b00000, 0x0000000740c00000|  0%| F|  |TAMS 0x0000000740b00000, 0x0000000740b00000| Untracked 
|  92|0x0000000740c00000, 0x0000000740c00000, 0x0000000740d00000|  0%| F|  |TAMS 0x0000000740c00000, 0x0000000740c00000| Untracked 
|  93|0x0000000740d00000, 0x0000000740d00000, 0x0000000740e00000|  0%| F|  |TAMS 0x0000000740d00000, 0x0000000740d00000| Untracked 
|  94|0x0000000740e00000, 0x0000000740e00000, 0x0000000740f00000|  0%| F|  |TAMS 0x0000000740e00000, 0x0000000740e00000| Untracked 
|  95|0x0000000740f00000, 0x0000000740f00000, 0x0000000741000000|  0%| F|  |TAMS 0x0000000740f00000, 0x0000000740f00000| Untracked 
|  96|0x0000000741000000, 0x0000000741000000, 0x0000000741100000|  0%| F|  |TAMS 0x0000000741000000, 0x0000000741000000| Untracked 
|  97|0x0000000741100000, 0x0000000741100000, 0x0000000741200000|  0%| F|  |TAMS 0x0000000741100000, 0x0000000741100000| Untracked 
|  98|0x0000000741200000, 0x0000000741200000, 0x0000000741300000|  0%| F|  |TAMS 0x0000000741200000, 0x0000000741200000| Untracked 
|  99|0x0000000741300000, 0x0000000741300000, 0x0000000741400000|  0%| F|  |TAMS 0x0000000741300000, 0x0000000741300000| Untracked 
| 100|0x0000000741400000, 0x0000000741400000, 0x0000000741500000|  0%| F|  |TAMS 0x0000000741400000, 0x0000000741400000| Untracked 
| 101|0x0000000741500000, 0x0000000741500000, 0x0000000741600000|  0%| F|  |TAMS 0x0000000741500000, 0x0000000741500000| Untracked 
| 102|0x0000000741600000, 0x0000000741600000, 0x0000000741700000|  0%| F|  |TAMS 0x0000000741600000, 0x0000000741600000| Untracked 
| 103|0x0000000741700000, 0x0000000741700000, 0x0000000741800000|  0%| F|  |TAMS 0x0000000741700000, 0x0000000741700000| Untracked 
| 104|0x0000000741800000, 0x0000000741800000, 0x0000000741900000|  0%| F|  |TAMS 0x0000000741800000, 0x0000000741800000| Untracked 
| 105|0x0000000741900000, 0x0000000741900000, 0x0000000741a00000|  0%| F|  |TAMS 0x0000000741900000, 0x0000000741900000| Untracked 
| 106|0x0000000741a00000, 0x0000000741a00000, 0x0000000741b00000|  0%| F|  |TAMS 0x0000000741a00000, 0x0000000741a00000| Untracked 
| 107|0x0000000741b00000, 0x0000000741b00000, 0x0000000741c00000|  0%| F|  |TAMS 0x0000000741b00000, 0x0000000741b00000| Untracked 
| 108|0x0000000741c00000, 0x0000000741c00000, 0x0000000741d00000|  0%| F|  |TAMS 0x0000000741c00000, 0x0000000741c00000| Untracked 
| 109|0x0000000741d00000, 0x0000000741d00000, 0x0000000741e00000|  0%| F|  |TAMS 0x0000000741d00000, 0x0000000741d00000| Untracked 
| 110|0x0000000741e00000, 0x0000000741e00000, 0x0000000741f00000|  0%| F|  |TAMS 0x0000000741e00000, 0x0000000741e00000| Untracked 
| 111|0x0000000741f00000, 0x0000000741f00000, 0x0000000742000000|  0%| F|  |TAMS 0x0000000741f00000, 0x0000000741f00000| Untracked 
| 112|0x0000000742000000, 0x0000000742000000, 0x0000000742100000|  0%| F|  |TAMS 0x0000000742000000, 0x0000000742000000| Untracked 
| 113|0x0000000742100000, 0x0000000742100000, 0x0000000742200000|  0%| F|  |TAMS 0x0000000742100000, 0x0000000742100000| Untracked 
| 114|0x0000000742200000, 0x0000000742200000, 0x0000000742300000|  0%| F|  |TAMS 0x0000000742200000, 0x0000000742200000| Untracked 
| 115|0x0000000742300000, 0x0000000742300000, 0x0000000742400000|  0%| F|  |TAMS 0x0000000742300000, 0x0000000742300000| Untracked 
| 116|0x0000000742400000, 0x0000000742400000, 0x0000000742500000|  0%| F|  |TAMS 0x0000000742400000, 0x0000000742400000| Untracked 
| 117|0x0000000742500000, 0x0000000742500000, 0x0000000742600000|  0%| F|  |TAMS 0x0000000742500000, 0x0000000742500000| Untracked 
| 118|0x0000000742600000, 0x0000000742600000, 0x0000000742700000|  0%| F|  |TAMS 0x0000000742600000, 0x0000000742600000| Untracked 
| 119|0x0000000742700000, 0x0000000742700000, 0x0000000742800000|  0%| F|  |TAMS 0x0000000742700000, 0x0000000742700000| Untracked 
| 120|0x0000000742800000, 0x0000000742800000, 0x0000000742900000|  0%| F|  |TAMS 0x0000000742800000, 0x0000000742800000| Untracked 
| 121|0x0000000742900000, 0x0000000742900000, 0x0000000742a00000|  0%| F|  |TAMS 0x0000000742900000, 0x0000000742900000| Untracked 
| 122|0x0000000742a00000, 0x0000000742a00000, 0x0000000742b00000|  0%| F|  |TAMS 0x0000000742a00000, 0x0000000742a00000| Untracked 
| 123|0x0000000742b00000, 0x0000000742b00000, 0x0000000742c00000|  0%| F|  |TAMS 0x0000000742b00000, 0x0000000742b00000| Untracked 
| 124|0x0000000742c00000, 0x0000000742c00000, 0x0000000742d00000|  0%| F|  |TAMS 0x0000000742c00000, 0x0000000742c00000| Untracked 
| 125|0x0000000742d00000, 0x0000000742d00000, 0x0000000742e00000|  0%| F|  |TAMS 0x0000000742d00000, 0x0000000742d00000| Untracked 
| 126|0x0000000742e00000, 0x0000000742e00000, 0x0000000742f00000|  0%| F|  |TAMS 0x0000000742e00000, 0x0000000742e00000| Untracked 
| 127|0x0000000742f00000, 0x0000000742f00000, 0x0000000743000000|  0%| F|  |TAMS 0x0000000742f00000, 0x0000000742f00000| Untracked 
| 128|0x0000000743000000, 0x0000000743000000, 0x0000000743100000|  0%| F|  |TAMS 0x0000000743000000, 0x0000000743000000| Untracked 
| 129|0x0000000743100000, 0x0000000743100000, 0x0000000743200000|  0%| F|  |TAMS 0x0000000743100000, 0x0000000743100000| Untracked 
| 130|0x0000000743200000, 0x0000000743200000, 0x0000000743300000|  0%| F|  |TAMS 0x0000000743200000, 0x0000000743200000| Untracked 
| 131|0x0000000743300000, 0x0000000743300000, 0x0000000743400000|  0%| F|  |TAMS 0x0000000743300000, 0x0000000743300000| Untracked 
| 132|0x0000000743400000, 0x0000000743400000, 0x0000000743500000|  0%| F|  |TAMS 0x0000000743400000, 0x0000000743400000| Untracked 
| 133|0x0000000743500000, 0x0000000743500000, 0x0000000743600000|  0%| F|  |TAMS 0x0000000743500000, 0x0000000743500000| Untracked 
| 134|0x0000000743600000, 0x0000000743600000, 0x0000000743700000|  0%| F|  |TAMS 0x0000000743600000, 0x0000000743600000| Untracked 
| 135|0x0000000743700000, 0x0000000743700000, 0x0000000743800000|  0%| F|  |TAMS 0x0000000743700000, 0x0000000743700000| Untracked 
| 136|0x0000000743800000, 0x0000000743800000, 0x0000000743900000|  0%| F|  |TAMS 0x0000000743800000, 0x0000000743800000| Untracked 
| 137|0x0000000743900000, 0x0000000743900000, 0x0000000743a00000|  0%| F|  |TAMS 0x0000000743900000, 0x0000000743900000| Untracked 
| 138|0x0000000743a00000, 0x0000000743a00000, 0x0000000743b00000|  0%| F|  |TAMS 0x0000000743a00000, 0x0000000743a00000| Untracked 
| 139|0x0000000743b00000, 0x0000000743b00000, 0x0000000743c00000|  0%| F|  |TAMS 0x0000000743b00000, 0x0000000743b00000| Untracked 
| 140|0x0000000743c00000, 0x0000000743c00000, 0x0000000743d00000|  0%| F|  |TAMS 0x0000000743c00000, 0x0000000743c00000| Untracked 
| 141|0x0000000743d00000, 0x0000000743d00000, 0x0000000743e00000|  0%| F|  |TAMS 0x0000000743d00000, 0x0000000743d00000| Untracked 
| 142|0x0000000743e00000, 0x0000000743e00000, 0x0000000743f00000|  0%| F|  |TAMS 0x0000000743e00000, 0x0000000743e00000| Untracked 
| 143|0x0000000743f00000, 0x0000000743f00000, 0x0000000744000000|  0%| F|  |TAMS 0x0000000743f00000, 0x0000000743f00000| Untracked 
| 144|0x0000000744000000, 0x0000000744000000, 0x0000000744100000|  0%| F|  |TAMS 0x0000000744000000, 0x0000000744000000| Untracked 
| 145|0x0000000744100000, 0x0000000744100000, 0x0000000744200000|  0%| F|  |TAMS 0x0000000744100000, 0x0000000744100000| Untracked 
| 146|0x0000000744200000, 0x0000000744200000, 0x0000000744300000|  0%| F|  |TAMS 0x0000000744200000, 0x0000000744200000| Untracked 
| 147|0x0000000744300000, 0x0000000744300000, 0x0000000744400000|  0%| F|  |TAMS 0x0000000744300000, 0x0000000744300000| Untracked 
| 148|0x0000000744400000, 0x0000000744400000, 0x0000000744500000|  0%| F|  |TAMS 0x0000000744400000, 0x0000000744400000| Untracked 
| 149|0x0000000744500000, 0x0000000744500000, 0x0000000744600000|  0%| F|  |TAMS 0x0000000744500000, 0x0000000744500000| Untracked 
| 150|0x0000000744600000, 0x0000000744600000, 0x0000000744700000|  0%| F|  |TAMS 0x0000000744600000, 0x0000000744600000| Untracked 
| 151|0x0000000744700000, 0x0000000744700000, 0x0000000744800000|  0%| F|  |TAMS 0x0000000744700000, 0x0000000744700000| Untracked 
| 152|0x0000000744800000, 0x0000000744800000, 0x0000000744900000|  0%| F|  |TAMS 0x0000000744800000, 0x0000000744800000| Untracked 
| 153|0x0000000744900000, 0x0000000744900000, 0x0000000744a00000|  0%| F|  |TAMS 0x0000000744900000, 0x0000000744900000| Untracked 
| 154|0x0000000744a00000, 0x0000000744a00000, 0x0000000744b00000|  0%| F|  |TAMS 0x0000000744a00000, 0x0000000744a00000| Untracked 
| 155|0x0000000744b00000, 0x0000000744b00000, 0x0000000744c00000|  0%| F|  |TAMS 0x0000000744b00000, 0x0000000744b00000| Untracked 
| 156|0x0000000744c00000, 0x0000000744c00000, 0x0000000744d00000|  0%| F|  |TAMS 0x0000000744c00000, 0x0000000744c00000| Untracked 
| 157|0x0000000744d00000, 0x0000000744d00000, 0x0000000744e00000|  0%| F|  |TAMS 0x0000000744d00000, 0x0000000744d00000| Untracked 
| 158|0x0000000744e00000, 0x0000000744e00000, 0x0000000744f00000|  0%| F|  |TAMS 0x0000000744e00000, 0x0000000744e00000| Untracked 
| 159|0x0000000744f00000, 0x0000000744f00000, 0x0000000745000000|  0%| F|  |TAMS 0x0000000744f00000, 0x0000000744f00000| Untracked 
| 160|0x0000000745000000, 0x0000000745000000, 0x0000000745100000|  0%| F|  |TAMS 0x0000000745000000, 0x0000000745000000| Untracked 
| 161|0x0000000745100000, 0x0000000745100000, 0x0000000745200000|  0%| F|  |TAMS 0x0000000745100000, 0x0000000745100000| Untracked 
| 162|0x0000000745200000, 0x0000000745200000, 0x0000000745300000|  0%| F|  |TAMS 0x0000000745200000, 0x0000000745200000| Untracked 
| 163|0x0000000745300000, 0x0000000745300000, 0x0000000745400000|  0%| F|  |TAMS 0x0000000745300000, 0x0000000745300000| Untracked 
| 164|0x0000000745400000, 0x0000000745400000, 0x0000000745500000|  0%| F|  |TAMS 0x0000000745400000, 0x0000000745400000| Untracked 
| 165|0x0000000745500000, 0x0000000745500000, 0x0000000745600000|  0%| F|  |TAMS 0x0000000745500000, 0x0000000745500000| Untracked 
| 166|0x0000000745600000, 0x0000000745600000, 0x0000000745700000|  0%| F|  |TAMS 0x0000000745600000, 0x0000000745600000| Untracked 
| 167|0x0000000745700000, 0x0000000745700000, 0x0000000745800000|  0%| F|  |TAMS 0x0000000745700000, 0x0000000745700000| Untracked 
| 168|0x0000000745800000, 0x0000000745800000, 0x0000000745900000|  0%| F|  |TAMS 0x0000000745800000, 0x0000000745800000| Untracked 
| 169|0x0000000745900000, 0x0000000745900000, 0x0000000745a00000|  0%| F|  |TAMS 0x0000000745900000, 0x0000000745900000| Untracked 
| 170|0x0000000745a00000, 0x0000000745a00000, 0x0000000745b00000|  0%| F|  |TAMS 0x0000000745a00000, 0x0000000745a00000| Untracked 
| 171|0x0000000745b00000, 0x0000000745b00000, 0x0000000745c00000|  0%| F|  |TAMS 0x0000000745b00000, 0x0000000745b00000| Untracked 
| 172|0x0000000745c00000, 0x0000000745c00000, 0x0000000745d00000|  0%| F|  |TAMS 0x0000000745c00000, 0x0000000745c00000| Untracked 
| 173|0x0000000745d00000, 0x0000000745d00000, 0x0000000745e00000|  0%| F|  |TAMS 0x0000000745d00000, 0x0000000745d00000| Untracked 
| 174|0x0000000745e00000, 0x0000000745e00000, 0x0000000745f00000|  0%| F|  |TAMS 0x0000000745e00000, 0x0000000745e00000| Untracked 
| 175|0x0000000745f00000, 0x0000000745f00000, 0x0000000746000000|  0%| F|  |TAMS 0x0000000745f00000, 0x0000000745f00000| Untracked 
| 176|0x0000000746000000, 0x0000000746000000, 0x0000000746100000|  0%| F|  |TAMS 0x0000000746000000, 0x0000000746000000| Untracked 
| 177|0x0000000746100000, 0x000000074617b640, 0x0000000746200000| 48%| E|  |TAMS 0x0000000746100000, 0x0000000746100000| Complete 
| 178|0x0000000746200000, 0x0000000746300000, 0x0000000746300000|100%| E|CS|TAMS 0x0000000746200000, 0x0000000746200000| Complete 
| 179|0x0000000746300000, 0x0000000746400000, 0x0000000746400000|100%| E|CS|TAMS 0x0000000746300000, 0x0000000746300000| Complete 
| 180|0x0000000746400000, 0x0000000746500000, 0x0000000746500000|100%| E|CS|TAMS 0x0000000746400000, 0x0000000746400000| Complete 
| 181|0x0000000746500000, 0x0000000746600000, 0x0000000746600000|100%| E|CS|TAMS 0x0000000746500000, 0x0000000746500000| Complete 
| 182|0x0000000746600000, 0x0000000746700000, 0x0000000746700000|100%| E|CS|TAMS 0x0000000746600000, 0x0000000746600000| Complete 
| 183|0x0000000746700000, 0x0000000746800000, 0x0000000746800000|100%| E|CS|TAMS 0x0000000746700000, 0x0000000746700000| Complete 
| 184|0x0000000746800000, 0x0000000746900000, 0x0000000746900000|100%| E|CS|TAMS 0x0000000746800000, 0x0000000746800000| Complete 
| 185|0x0000000746900000, 0x0000000746a00000, 0x0000000746a00000|100%| E|CS|TAMS 0x0000000746900000, 0x0000000746900000| Complete 
| 186|0x0000000746a00000, 0x0000000746b00000, 0x0000000746b00000|100%| E|CS|TAMS 0x0000000746a00000, 0x0000000746a00000| Complete 
| 187|0x0000000746b00000, 0x0000000746c00000, 0x0000000746c00000|100%| E|CS|TAMS 0x0000000746b00000, 0x0000000746b00000| Complete 
| 188|0x0000000746c00000, 0x0000000746d00000, 0x0000000746d00000|100%| E|  |TAMS 0x0000000746c00000, 0x0000000746c00000| Complete 
| 189|0x0000000746d00000, 0x0000000746e00000, 0x0000000746e00000|100%| E|CS|TAMS 0x0000000746d00000, 0x0000000746d00000| Complete 
| 190|0x0000000746e00000, 0x0000000746f00000, 0x0000000746f00000|100%| E|CS|TAMS 0x0000000746e00000, 0x0000000746e00000| Complete 
| 191|0x0000000746f00000, 0x0000000747000000, 0x0000000747000000|100%| E|CS|TAMS 0x0000000746f00000, 0x0000000746f00000| Complete 
| 192|0x0000000747000000, 0x0000000747100000, 0x0000000747100000|100%| E|CS|TAMS 0x0000000747000000, 0x0000000747000000| Complete 
| 193|0x0000000747100000, 0x0000000747200000, 0x0000000747200000|100%| E|CS|TAMS 0x0000000747100000, 0x0000000747100000| Complete 
| 194|0x0000000747200000, 0x0000000747300000, 0x0000000747300000|100%| E|CS|TAMS 0x0000000747200000, 0x0000000747200000| Complete 
| 195|0x0000000747300000, 0x0000000747400000, 0x0000000747400000|100%| E|CS|TAMS 0x0000000747300000, 0x0000000747300000| Complete 
| 196|0x0000000747400000, 0x0000000747500000, 0x0000000747500000|100%| E|CS|TAMS 0x0000000747400000, 0x0000000747400000| Complete 
| 197|0x0000000747500000, 0x0000000747600000, 0x0000000747600000|100%| E|CS|TAMS 0x0000000747500000, 0x0000000747500000| Complete 
|2126|0x00000007bfe00000, 0x00000007bfe48000, 0x00000007bff00000| 28%|OA|  |TAMS 0x00000007bfe00000, 0x00000007bfe00000| Untracked 
|2127|0x00000007bff00000, 0x00000007bff6b000, 0x00000007c0000000| 41%|CA|  |TAMS 0x00000007bff00000, 0x00000007bff00000| Untracked 

Card table byte_map: [0x00007fc971800000,0x00007fc971e28000] _byte_map_base: 0x00007fc96de28000

Marking Bits (Prev, Next): (CMBitMap*) 0x00007fc96c06e448, (CMBitMap*) 0x00007fc96c06e480
 Prev Bits: [0x00007fc94cec0000, 0x00007fc950000000)
 Next Bits: [0x00007fc949d80000, 0x00007fc94cec0000)

Polling page: 0x00007fc974933000

Metaspace:

Usage:
  Non-class:      5.86 MB capacity,     3.16 MB ( 54%) used,     2.70 MB ( 46%) free+waste,     4.38 KB ( <1%) overhead. 
      Class:    700.00 KB capacity,   410.97 KB ( 59%) used,   286.91 KB ( 41%) free+waste,     2.12 KB ( <1%) overhead. 
       Both:      6.55 MB capacity,     3.56 MB ( 54%) used,     2.98 MB ( 46%) free+waste,     6.50 KB ( <1%) overhead. 

Virtual space:
  Non-class space:        8.00 MB reserved,       6.00 MB ( 75%) committed 
      Class space:        1.00 GB reserved,     768.00 KB ( <1%) committed 
             Both:        1.01 GB reserved,       6.75 MB ( <1%) committed 

Chunk freelists:
   Non-Class:  12.00 KB
       Class:  4.00 KB
        Both:  16.00 KB

MaxMetaspaceSize: unlimited
CompressedClassSpaceSize: 1.00 GB
Initial GC threshold: 20.80 MB
Current GC threshold: 20.80 MB
CDS: on

CodeHeap 'non-profiled nmethods': size=120032Kb used=212Kb max_used=212Kb free=119819Kb
 bounds [0x00007fc95c2c5000, 0x00007fc95c535000, 0x00007fc9637fd000]
CodeHeap 'profiled nmethods': size=120028Kb used=1262Kb max_used=1262Kb free=118765Kb
 bounds [0x00007fc954d8e000, 0x00007fc954ffe000, 0x00007fc95c2c5000]
CodeHeap 'non-nmethods': size=5700Kb used=1206Kb max_used=1226Kb free=4493Kb
 bounds [0x00007fc9547fd000, 0x00007fc954a6d000, 0x00007fc954d8e000]
 total_blobs=1050 nmethods=663 adapters=309
 compilation: enabled
              stopped_count=0, restarted_count=0
 full_count=0

Compilation events (20 events):
Event: 1.186 Thread 0x00007fc96c198000 nmethod 654 0x00007fc954ec5110 code [0x00007fc954ec5320, 0x00007fc954ec58c0]
Event: 1.186 Thread 0x00007fc96c198000  653       3       jdk.internal.loader.URLClassPath$JarLoader$2::getCodeSourceURL (8 bytes)
Event: 1.186 Thread 0x00007fc96c198000 nmethod 653 0x00007fc954ec5b10 code [0x00007fc954ec5cc0, 0x00007fc954ec5df0]
Event: 1.186 Thread 0x00007fc96c198000  651       1       java.util.zip.ZipEntry::getName (5 bytes)
Event: 1.186 Thread 0x00007fc96c198000 nmethod 651 0x00007fc95c2f3190 code [0x00007fc95c2f3340, 0x00007fc95c2f3410]
Event: 1.186 Thread 0x00007fc91826b000 nmethod 642 0x00007fc95c2f3490 code [0x00007fc95c2f3620, 0x00007fc95c2f3858]
Event: 1.187 Thread 0x00007fc96c198000  657       3       sun.reflect.annotation.AnnotationInvocationHandler::invoke (178 bytes)
Event: 1.188 Thread 0x00007fc91826b000  661       4       java.lang.String::indexOf (7 bytes)
Event: 1.188 Thread 0x00007fc96c198000 nmethod 657 0x00007fc954ec5e90 code [0x00007fc954ec61a0, 0x00007fc954ec7320]
Event: 1.188 Thread 0x00007fc96c198000  658       3       java.lang.reflect.Method::getParameterCount (6 bytes)
Event: 1.188 Thread 0x00007fc96c198000 nmethod 658 0x00007fc954ec7910 code [0x00007fc954ec7ac0, 0x00007fc954ec7bf0]
Event: 1.188 Thread 0x00007fc96c198000  660       3       java.lang.Character::isSurrogate (18 bytes)
Event: 1.189 Thread 0x00007fc96c198000 nmethod 660 0x00007fc954ec7c90 code [0x00007fc954ec7e40, 0x00007fc954ec7fb0]
Event: 1.191 Thread 0x00007fc91826b000 nmethod 661 0x00007fc95c2f3e10 code [0x00007fc95c2f3fa0, 0x00007fc95c2f4198]
Event: 1.192 Thread 0x00007fc96c196000 nmethod 608 0x00007fc95c2f4390 code [0x00007fc95c2f45a0, 0x00007fc95c2f5bd8]
Event: 1.232 Thread 0x00007fc91c322000 nmethod 656 0x00007fc95c2f6810 code [0x00007fc95c2f6ae0, 0x00007fc95c2f8e50]
Event: 4.025 Thread 0x00007fc96c198000  662       3       java.lang.AbstractStringBuilder::append (55 bytes)
Event: 4.026 Thread 0x00007fc96c198000 nmethod 662 0x00007fc954ec8010 code [0x00007fc954ec8200, 0x00007fc954ec8550]
Event: 4.026 Thread 0x00007fc96c198000  663       3       jdk.internal.loader.BuiltinClassLoader::isSealed (70 bytes)
Event: 4.026 Thread 0x00007fc96c198000 nmethod 663 0x00007fc954ec8690 code [0x00007fc954ec8920, 0x00007fc954ec9460]

GC Heap History (0 events):
No events

Deoptimization events (20 events):
Event: 1.057 Thread 0x00007fc96c017800 DEOPT PACKING pc=0x00007fc95c2d1f28 sp=0x00007fc9730ec4b0
Event: 1.057 Thread 0x00007fc96c017800 DEOPT UNPACKING pc=0x00007fc9548052a5 sp=0x00007fc9730ec438 mode 2
Event: 1.103 Thread 0x00007fc96c017800 DEOPT PACKING pc=0x00007fc954e25d0a sp=0x00007fc9730eb980
Event: 1.103 Thread 0x00007fc96c017800 DEOPT UNPACKING pc=0x00007fc9548469fa sp=0x00007fc9730eae28 mode 0
Event: 1.120 Thread 0x00007fc96c017800 DEOPT PACKING pc=0x00007fc954e6bfdc sp=0x00007fc9730ead70
Event: 1.120 Thread 0x00007fc96c017800 DEOPT UNPACKING pc=0x00007fc9548469fa sp=0x00007fc9730ea250 mode 1
Event: 1.120 Thread 0x00007fc96c017800 DEOPT PACKING pc=0x00007fc954e670f4 sp=0x00007fc9730ec560
Event: 1.120 Thread 0x00007fc96c017800 DEOPT UNPACKING pc=0x00007fc9548469fa sp=0x00007fc9730ebac8 mode 1
Event: 1.140 Thread 0x00007fc96c017800 Uncommon trap: trap_request=0xffffff4d fr.pc=0x00007fc95c2ea25c relative=0x000000000000019c
Event: 1.140 Thread 0x00007fc96c017800 Uncommon trap: reason=unstable_if action=reinterpret pc=0x00007fc95c2ea25c method=java.util.zip.ZipFile$Source.isMetaName([BII)Z @ 57 c2
Event: 1.140 Thread 0x00007fc96c017800 DEOPT PACKING pc=0x00007fc95c2ea25c sp=0x00007fc9730e90e0
Event: 1.140 Thread 0x00007fc96c017800 DEOPT UNPACKING pc=0x00007fc9548052a5 sp=0x00007fc9730e90a8 mode 2
Event: 1.461 Thread 0x00007fc96c017800 Uncommon trap: trap_request=0xffffff4d fr.pc=0x00007fc95c2f14a8 relative=0x00000000000005e8
Event: 1.461 Thread 0x00007fc96c017800 Uncommon trap: reason=unstable_if action=reinterpret pc=0x00007fc95c2f14a8 method=java.lang.Integer.getChars(II[B)I @ 25 c2
Event: 1.461 Thread 0x00007fc96c017800 DEOPT PACKING pc=0x00007fc95c2f14a8 sp=0x00007fc9730ec780
Event: 1.461 Thread 0x00007fc96c017800 DEOPT UNPACKING pc=0x00007fc9548052a5 sp=0x00007fc9730ec6c8 mode 2
Event: 4.260 Thread 0x00007fc96c017800 Uncommon trap: trap_request=0xffffff4d fr.pc=0x00007fc95c2f0bbc relative=0x000000000000011c
Event: 4.260 Thread 0x00007fc96c017800 Uncommon trap: reason=unstable_if action=reinterpret pc=0x00007fc95c2f0bbc method=java.lang.Integer.getChars(II[B)I @ 25 c2
Event: 4.260 Thread 0x00007fc96c017800 DEOPT PACKING pc=0x00007fc95c2f0bbc sp=0x00007fc9730ec0c0
Event: 4.260 Thread 0x00007fc96c017800 DEOPT UNPACKING pc=0x00007fc9548052a5 sp=0x00007fc9730ec078 mode 2

Classes redefined (0 events):
No events

Internal exceptions (20 events):
Event: 1.035 Thread 0x00007fc96c017800 Exception <a 'java/security/PrivilegedActionException'{0x0000000747146b00}> (0x0000000747146b00) thrown at [src/hotspot/share/prims/jvm.cpp, line 1304]
Event: 1.035 Thread 0x00007fc96c017800 Exception <a 'java/security/PrivilegedActionException'{0x0000000747146dd0}> (0x0000000747146dd0) thrown at [src/hotspot/share/prims/jvm.cpp, line 1304]
Event: 1.035 Thread 0x00007fc96c017800 Exception <a 'java/security/PrivilegedActionException'{0x0000000747147898}> (0x0000000747147898) thrown at [src/hotspot/share/prims/jvm.cpp, line 1304]
Event: 1.035 Thread 0x00007fc96c017800 Exception <a 'java/security/PrivilegedActionException'{0x0000000747147b68}> (0x0000000747147b68) thrown at [src/hotspot/share/prims/jvm.cpp, line 1304]
Event: 1.035 Thread 0x00007fc96c017800 Exception <a 'java/security/PrivilegedActionException'{0x0000000747148638}> (0x0000000747148638) thrown at [src/hotspot/share/prims/jvm.cpp, line 1304]
Event: 1.035 Thread 0x00007fc96c017800 Exception <a 'java/security/PrivilegedActionException'{0x0000000747148908}> (0x0000000747148908) thrown at [src/hotspot/share/prims/jvm.cpp, line 1304]
Event: 1.035 Thread 0x00007fc96c017800 Exception <a 'java/security/PrivilegedActionException'{0x00000007471493d8}> (0x00000007471493d8) thrown at [src/hotspot/share/prims/jvm.cpp, line 1304]
Event: 1.035 Thread 0x00007fc96c017800 Exception <a 'java/security/PrivilegedActionException'{0x00000007471496a8}> (0x00000007471496a8) thrown at [src/hotspot/share/prims/jvm.cpp, line 1304]
Event: 1.035 Thread 0x00007fc96c017800 Exception <a 'java/security/PrivilegedActionException'{0x000000074714a198}> (0x000000074714a198) thrown at [src/hotspot/share/prims/jvm.cpp, line 1304]
Event: 1.035 Thread 0x00007fc96c017800 Exception <a 'java/security/PrivilegedActionException'{0x000000074714a468}> (0x000000074714a468) thrown at [src/hotspot/share/prims/jvm.cpp, line 1304]
Event: 1.035 Thread 0x00007fc96c017800 Exception <a 'java/security/PrivilegedActionException'{0x000000074714af38}> (0x000000074714af38) thrown at [src/hotspot/share/prims/jvm.cpp, line 1304]
Event: 1.035 Thread 0x00007fc96c017800 Exception <a 'java/security/PrivilegedActionException'{0x000000074714b208}> (0x000000074714b208) thrown at [src/hotspot/share/prims/jvm.cpp, line 1304]
Event: 1.035 Thread 0x00007fc96c017800 Exception <a 'java/security/PrivilegedActionException'{0x000000074714bd00}> (0x000000074714bd00) thrown at [src/hotspot/share/prims/jvm.cpp, line 1304]
Event: 1.035 Thread 0x00007fc96c017800 Exception <a 'java/security/PrivilegedActionException'{0x000000074714bfd0}> (0x000000074714bfd0) thrown at [src/hotspot/share/prims/jvm.cpp, line 1304]
Event: 1.065 Thread 0x00007fc96c017800 Exception <a 'java/lang/NoSuchMethodError'{0x00000007470e0398}: 'int java.lang.invoke.DirectMethodHandle$Holder.invokeStaticInit(java.lang.Object, java.lang.Object, java.lang.Object, java.lang.Object)'> (0x00000007470e0398) thrown at [src/hotspot/share/interpreter/linkResolver.cpp, line 772]
Event: 1.067 Thread 0x00007fc96c017800 Exception <a 'java/lang/IncompatibleClassChangeError'{0x00000007470ea880}: Found class java.lang.Object, but interface was expected> (0x00000007470ea880) thrown at [src/hotspot/share/interpreter/linkResolver.cpp, line 839]
Event: 1.067 Thread 0x00007fc96c017800 Exception <a 'java/lang/NoSuchMethodError'{0x00000007470edad0}: 'void java.lang.invoke.DirectMethodHandle$Holder.invokeStaticInit(java.lang.Object, java.lang.Object)'> (0x00000007470edad0) thrown at [src/hotspot/share/interpreter/linkResolver.cpp, line 772]
Event: 1.069 Thread 0x00007fc96c017800 Exception <a 'java/lang/NoSuchMethodError'{0x00000007470f37a0}: 'int java.lang.invoke.DirectMethodHandle$Holder.invokeStaticInit(java.lang.Object, java.lang.Object)'> (0x00000007470f37a0) thrown at [src/hotspot/share/interpreter/linkResolver.cpp, line 772]
Event: 1.120 Thread 0x00007fc96c017800 Exception <a 'java/security/PrivilegedActionException'{0x0000000746e78d28}> (0x0000000746e78d28) thrown at [src/hotspot/share/prims/jvm.cpp, line 1304]
Event: 1.120 Thread 0x00007fc96c017800 Exception <a 'java/security/PrivilegedActionException'{0x0000000746e78ff8}> (0x0000000746e78ff8) thrown at [src/hotspot/share/prims/jvm.cpp, line 1304]

Events (20 events):
Event: 6.961 Executing VM operation: GetFrameCount
Event: 6.961 Executing VM operation: GetFrameCount done
Event: 6.961 Executing VM operation: GetStackTrace
Event: 6.961 Executing VM operation: GetStackTrace done
Event: 6.962 Executing VM operation: GetFrameCount
Event: 6.962 Executing VM operation: GetFrameCount done
Event: 6.962 Executing VM operation: GetStackTrace
Event: 6.963 Executing VM operation: GetStackTrace done
Event: 16.322 Executing VM operation: GetFrameCount
Event: 16.322 Executing VM operation: GetFrameCount done
Event: 16.323 Executing VM operation: SetFramePop
Event: 16.323 Executing VM operation: SetFramePop done
Event: 16.323 Executing VM operation: GetFrameLocation
Event: 16.323 Executing VM operation: GetFrameLocation done
Event: 16.323 Executing VM operation: GetCurrentLocation
Event: 16.323 Executing VM operation: GetCurrentLocation done
Event: 16.324 Executing VM operation: ChangeSingleStep
Event: 16.324 Executing VM operation: ChangeSingleStep done
Event: 16.324 Executing VM operation: ChangeSingleStep
Event: 16.324 Executing VM operation: ChangeSingleStep done


Dynamic libraries:
73b000000-747600000 rw-p 00000000 00:00 0 
747600000-7bfe00000 ---p 00000000 00:00 0 
7bfe00000-7bfe48000 rw-p 00b0a000 08:10 51914                            /usr/lib/jvm/java-11-openjdk-amd64/lib/server/classes.jsa
7bfe48000-7bff00000 rw-p 00000000 00:00 0 
7bff00000-7bff6b000 rw-p 00a9f000 08:10 51914                            /usr/lib/jvm/java-11-openjdk-amd64/lib/server/classes.jsa
7bff6b000-7c0000000 rw-p 00000000 00:00 0 
7c0000000-800000000 ---p 00000000 00:00 0 
800000000-800002000 rwxp 00001000 08:10 51914                            /usr/lib/jvm/java-11-openjdk-amd64/lib/server/classes.jsa
800002000-800a9e000 rw-p 00003000 08:10 51914                            /usr/lib/jvm/java-11-openjdk-amd64/lib/server/classes.jsa
840000000-8400c0000 rw-p 00000000 00:00 0 
8400c0000-880000000 ---p 00000000 00:00 0 
5577ae7bf000-5577ae7c0000 r--p 00000000 08:10 51492                      /usr/lib/jvm/java-11-openjdk-amd64/bin/java
5577ae7c0000-5577ae7c1000 r-xp 00001000 08:10 51492                      /usr/lib/jvm/java-11-openjdk-amd64/bin/java
5577ae7c1000-5577ae7c2000 r--p 00002000 08:10 51492                      /usr/lib/jvm/java-11-openjdk-amd64/bin/java
5577ae7c2000-5577ae7c3000 r--p 00002000 08:10 51492                      /usr/lib/jvm/java-11-openjdk-amd64/bin/java
5577ae7c3000-5577ae7c4000 rw-p 00003000 08:10 51492                      /usr/lib/jvm/java-11-openjdk-amd64/bin/java
5577ae87c000-5577ae89d000 rw-p 00000000 00:00 0                          [heap]
7fc8ec000000-7fc8ec1c6000 rw-p 00000000 00:00 0 
7fc8ec1c6000-7fc8f0000000 ---p 00000000 00:00 0 
7fc8f152c000-7fc8f1e52000 r--p 00000000 08:10 59050                      /root/.javacpp/cache/llvm-13.0.1-1.5.7-linux-x86_64.jar/org/bytedeco/llvm/linux-x86_64/libLLVM-13.so
7fc8f1e52000-7fc8f5815000 r-xp 00926000 08:10 59050                      /root/.javacpp/cache/llvm-13.0.1-1.5.7-linux-x86_64.jar/org/bytedeco/llvm/linux-x86_64/libLLVM-13.so
7fc8f5815000-7fc8f7a6a000 r--p 042e9000 08:10 59050                      /root/.javacpp/cache/llvm-13.0.1-1.5.7-linux-x86_64.jar/org/bytedeco/llvm/linux-x86_64/libLLVM-13.so
7fc8f7a6a000-7fc8f7f7f000 r--p 0653d000 08:10 59050                      /root/.javacpp/cache/llvm-13.0.1-1.5.7-linux-x86_64.jar/org/bytedeco/llvm/linux-x86_64/libLLVM-13.so
7fc8f7f7f000-7fc8f7f8a000 rw-p 06a52000 08:10 59050                      /root/.javacpp/cache/llvm-13.0.1-1.5.7-linux-x86_64.jar/org/bytedeco/llvm/linux-x86_64/libLLVM-13.so
7fc8f7f8a000-7fc8f8000000 rw-p 00000000 00:00 0 
7fc8f8000000-7fc8f8021000 rw-p 00000000 00:00 0 
7fc8f8021000-7fc8fc000000 ---p 00000000 00:00 0 
7fc8fc000000-7fc8fc085000 rw-p 00000000 00:00 0 
7fc8fc085000-7fc900000000 ---p 00000000 00:00 0 
7fc900000000-7fc900021000 rw-p 00000000 00:00 0 
7fc900021000-7fc904000000 ---p 00000000 00:00 0 
7fc904000000-7fc904021000 rw-p 00000000 00:00 0 
7fc904021000-7fc908000000 ---p 00000000 00:00 0 
7fc908000000-7fc908021000 rw-p 00000000 00:00 0 
7fc908021000-7fc90c000000 ---p 00000000 00:00 0 
7fc90c000000-7fc90c021000 rw-p 00000000 00:00 0 
7fc90c021000-7fc910000000 ---p 00000000 00:00 0 
7fc910000000-7fc910021000 rw-p 00000000 00:00 0 
7fc910021000-7fc914000000 ---p 00000000 00:00 0 
7fc914000000-7fc91402c000 rw-p 00000000 00:00 0 
7fc91402c000-7fc918000000 ---p 00000000 00:00 0 
7fc918000000-7fc9183c6000 rw-p 00000000 00:00 0 
7fc9183c6000-7fc91c000000 ---p 00000000 00:00 0 
7fc91c000000-7fc91c330000 rw-p 00000000 00:00 0 
7fc91c330000-7fc920000000 ---p 00000000 00:00 0 
7fc920000000-7fc920021000 rw-p 00000000 00:00 0 
7fc920021000-7fc924000000 ---p 00000000 00:00 0 
7fc924000000-7fc924021000 rw-p 00000000 00:00 0 
7fc924021000-7fc928000000 ---p 00000000 00:00 0 
7fc928000000-7fc928021000 rw-p 00000000 00:00 0 
7fc928021000-7fc92c000000 ---p 00000000 00:00 0 
7fc92c000000-7fc92c021000 rw-p 00000000 00:00 0 
7fc92c021000-7fc930000000 ---p 00000000 00:00 0 
7fc930000000-7fc930021000 rw-p 00000000 00:00 0 
7fc930021000-7fc934000000 ---p 00000000 00:00 0 
7fc934000000-7fc934022000 rw-p 00000000 00:00 0 
7fc934022000-7fc938000000 ---p 00000000 00:00 0 
7fc938000000-7fc938021000 rw-p 00000000 00:00 0 
7fc938021000-7fc93c000000 ---p 00000000 00:00 0 
7fc93c000000-7fc93c021000 rw-p 00000000 00:00 0 
7fc93c021000-7fc940000000 ---p 00000000 00:00 0 
7fc942000000-7fc944000000 rw-p 00000000 00:00 0 
7fc944000000-7fc944021000 rw-p 00000000 00:00 0 
7fc944021000-7fc948000000 ---p 00000000 00:00 0 
7fc948a6f000-7fc948a73000 ---p 00000000 00:00 0 
7fc948a73000-7fc948b70000 rw-p 00000000 00:00 0 
7fc948b70000-7fc948bd5000 r--p 00000000 08:10 59056                      /root/.javacpp/cache/llvm-13.0.1-1.5.7-linux-x86_64.jar/org/bytedeco/llvm/linux-x86_64/libjniLLVM.so
7fc948bd5000-7fc948c43000 r-xp 00065000 08:10 59056                      /root/.javacpp/cache/llvm-13.0.1-1.5.7-linux-x86_64.jar/org/bytedeco/llvm/linux-x86_64/libjniLLVM.so
7fc948c43000-7fc948c6e000 r--p 000d3000 08:10 59056                      /root/.javacpp/cache/llvm-13.0.1-1.5.7-linux-x86_64.jar/org/bytedeco/llvm/linux-x86_64/libjniLLVM.so
7fc948c6e000-7fc948c71000 r--p 000fd000 08:10 59056                      /root/.javacpp/cache/llvm-13.0.1-1.5.7-linux-x86_64.jar/org/bytedeco/llvm/linux-x86_64/libjniLLVM.so
7fc948c71000-7fc948c74000 rw-p 00100000 08:10 59056                      /root/.javacpp/cache/llvm-13.0.1-1.5.7-linux-x86_64.jar/org/bytedeco/llvm/linux-x86_64/libjniLLVM.so
7fc948c74000-7fc948c76000 rw-p 00000000 00:00 0 
7fc948c76000-7fc948c7a000 ---p 00000000 00:00 0 
7fc948c7a000-7fc948d77000 rw-p 00000000 00:00 0 
7fc948d77000-7fc948d7b000 ---p 00000000 00:00 0 
7fc948d7b000-7fc948e78000 rw-p 00000000 00:00 0 
7fc948e78000-7fc948e7c000 ---p 00000000 00:00 0 
7fc948e7c000-7fc948f79000 rw-p 00000000 00:00 0 
7fc948f79000-7fc948f7a000 ---p 00000000 00:00 0 
7fc948f7a000-7fc94907b000 rw-p 00000000 00:00 0 
7fc94907b000-7fc94907f000 ---p 00000000 00:00 0 
7fc94907f000-7fc94917c000 rw-p 00000000 00:00 0 
7fc94917c000-7fc949180000 ---p 00000000 00:00 0 
7fc949180000-7fc94927d000 rw-p 00000000 00:00 0 
7fc94927d000-7fc949281000 ---p 00000000 00:00 0 
7fc949281000-7fc94937e000 rw-p 00000000 00:00 0 
7fc94937e000-7fc949382000 ---p 00000000 00:00 0 
7fc949382000-7fc94947f000 rw-p 00000000 00:00 0 
7fc94947f000-7fc949483000 ---p 00000000 00:00 0 
7fc949483000-7fc949b80000 rw-p 00000000 00:00 0 
7fc949b80000-7fc949d80000 ---p 00000000 00:00 0 
7fc949d80000-7fc94a098000 rw-p 00000000 00:00 0 
7fc94a098000-7fc94beb8000 ---p 00000000 00:00 0 
7fc94beb8000-7fc94bec0000 rw-p 00000000 00:00 0 
7fc94bec0000-7fc94cec0000 ---p 00000000 00:00 0 
7fc94cec0000-7fc94d1d8000 rw-p 00000000 00:00 0 
7fc94d1d8000-7fc94eff8000 ---p 00000000 00:00 0 
7fc94eff8000-7fc94f000000 rw-p 00000000 00:00 0 
7fc94f000000-7fc950000000 ---p 00000000 00:00 0 
7fc950000000-7fc950021000 rw-p 00000000 00:00 0 
7fc950021000-7fc954000000 ---p 00000000 00:00 0 
7fc95407d000-7fc954084000 r--p 00000000 08:10 59052                      /root/.javacpp/cache/llvm-13.0.1-1.5.7-linux-x86_64.jar/org/bytedeco/llvm/linux-x86_64/libLTO.so.13
7fc954084000-7fc95408c000 r-xp 00007000 08:10 59052                      /root/.javacpp/cache/llvm-13.0.1-1.5.7-linux-x86_64.jar/org/bytedeco/llvm/linux-x86_64/libLTO.so.13
7fc95408c000-7fc95408e000 r--p 0000f000 08:10 59052                      /root/.javacpp/cache/llvm-13.0.1-1.5.7-linux-x86_64.jar/org/bytedeco/llvm/linux-x86_64/libLTO.so.13
7fc95408e000-7fc95408f000 r--p 00010000 08:10 59052                      /root/.javacpp/cache/llvm-13.0.1-1.5.7-linux-x86_64.jar/org/bytedeco/llvm/linux-x86_64/libLTO.so.13
7fc95408f000-7fc954090000 rw-p 00011000 08:10 59052                      /root/.javacpp/cache/llvm-13.0.1-1.5.7-linux-x86_64.jar/org/bytedeco/llvm/linux-x86_64/libLTO.so.13
7fc954090000-7fc954094000 r--p 00000000 08:10 59044                      /root/.javacpp/cache/javacpp-1.5.7-linux-x86_64.jar/org/bytedeco/javacpp/linux-x86_64/libjnijavacpp.so
7fc954094000-7fc95409b000 r-xp 00004000 08:10 59044                      /root/.javacpp/cache/javacpp-1.5.7-linux-x86_64.jar/org/bytedeco/javacpp/linux-x86_64/libjnijavacpp.so
7fc95409b000-7fc95409f000 r--p 0000b000 08:10 59044                      /root/.javacpp/cache/javacpp-1.5.7-linux-x86_64.jar/org/bytedeco/javacpp/linux-x86_64/libjnijavacpp.so
7fc95409f000-7fc9540a0000 r--p 0000e000 08:10 59044                      /root/.javacpp/cache/javacpp-1.5.7-linux-x86_64.jar/org/bytedeco/javacpp/linux-x86_64/libjnijavacpp.so
7fc9540a0000-7fc9540a1000 rw-p 0000f000 08:10 59044                      /root/.javacpp/cache/javacpp-1.5.7-linux-x86_64.jar/org/bytedeco/javacpp/linux-x86_64/libjnijavacpp.so
7fc9540a1000-7fc9540a5000 ---p 00000000 00:00 0 
7fc9540a5000-7fc9541a2000 rw-p 00000000 00:00 0 
7fc9541a2000-7fc9541a6000 ---p 00000000 00:00 0 
7fc9541a6000-7fc9542a3000 rw-p 00000000 00:00 0 
7fc9542a3000-7fc9542a7000 ---p 00000000 00:00 0 
7fc9542a7000-7fc9543a4000 rw-p 00000000 00:00 0 
7fc9543a4000-7fc954517000 r--p 00000000 08:10 12354                      /usr/lib/locale/C.UTF-8/LC_COLLATE
7fc954517000-7fc9547fd000 r--p 00000000 08:10 4119                       /usr/lib/locale/locale-archive
7fc9547fd000-7fc954a6d000 rwxp 00000000 00:00 0 
7fc954a6d000-7fc954d8e000 ---p 00000000 00:00 0 
7fc954d8e000-7fc954ffe000 rwxp 00000000 00:00 0 
7fc954ffe000-7fc95c2c5000 ---p 00000000 00:00 0 
7fc95c2c5000-7fc95c535000 rwxp 00000000 00:00 0 
7fc95c535000-7fc9637fd000 ---p 00000000 00:00 0 
7fc9637fd000-7fc96c000000 r--s 00000000 08:10 51651                      /usr/lib/jvm/java-11-openjdk-amd64/lib/modules
7fc96c000000-7fc96c4fb000 rw-p 00000000 00:00 0 
7fc96c4fb000-7fc970000000 ---p 00000000 00:00 0 
7fc970006000-7fc970007000 r--p 00000000 08:10 59054                      /root/.javacpp/cache/llvm-13.0.1-1.5.7-linux-x86_64.jar/org/bytedeco/llvm/linux-x86_64/libRemarks.so.13
7fc970007000-7fc970008000 r-xp 00001000 08:10 59054                      /root/.javacpp/cache/llvm-13.0.1-1.5.7-linux-x86_64.jar/org/bytedeco/llvm/linux-x86_64/libRemarks.so.13
7fc970008000-7fc970009000 r--p 00002000 08:10 59054                      /root/.javacpp/cache/llvm-13.0.1-1.5.7-linux-x86_64.jar/org/bytedeco/llvm/linux-x86_64/libRemarks.so.13
7fc970009000-7fc97000a000 r--p 00002000 08:10 59054                      /root/.javacpp/cache/llvm-13.0.1-1.5.7-linux-x86_64.jar/org/bytedeco/llvm/linux-x86_64/libRemarks.so.13
7fc97000a000-7fc97000b000 rw-p 00003000 08:10 59054                      /root/.javacpp/cache/llvm-13.0.1-1.5.7-linux-x86_64.jar/org/bytedeco/llvm/linux-x86_64/libRemarks.so.13
7fc97000b000-7fc97003c000 rw-p 00000000 00:00 0 
7fc97003c000-7fc970040000 r--p 00000000 08:10 51641                      /usr/lib/jvm/java-11-openjdk-amd64/lib/libnet.so
7fc970040000-7fc97004e000 r-xp 00004000 08:10 51641                      /usr/lib/jvm/java-11-openjdk-amd64/lib/libnet.so
7fc97004e000-7fc970052000 r--p 00012000 08:10 51641                      /usr/lib/jvm/java-11-openjdk-amd64/lib/libnet.so
7fc970052000-7fc970053000 r--p 00015000 08:10 51641                      /usr/lib/jvm/java-11-openjdk-amd64/lib/libnet.so
7fc970053000-7fc970054000 rw-p 00016000 08:10 51641                      /usr/lib/jvm/java-11-openjdk-amd64/lib/libnet.so
7fc970054000-7fc97005b000 r--p 00000000 08:10 51642                      /usr/lib/jvm/java-11-openjdk-amd64/lib/libnio.so
7fc97005b000-7fc970063000 r-xp 00007000 08:10 51642                      /usr/lib/jvm/java-11-openjdk-amd64/lib/libnio.so
7fc970063000-7fc970066000 r--p 0000f000 08:10 51642                      /usr/lib/jvm/java-11-openjdk-amd64/lib/libnio.so
7fc970066000-7fc970067000 r--p 00011000 08:10 51642                      /usr/lib/jvm/java-11-openjdk-amd64/lib/libnio.so
7fc970067000-7fc970068000 rw-p 00012000 08:10 51642                      /usr/lib/jvm/java-11-openjdk-amd64/lib/libnio.so
7fc970068000-7fc97006a000 r--p 00000000 08:10 51622                      /usr/lib/jvm/java-11-openjdk-amd64/lib/libdt_socket.so
7fc97006a000-7fc97006d000 r-xp 00002000 08:10 51622                      /usr/lib/jvm/java-11-openjdk-amd64/lib/libdt_socket.so
7fc97006d000-7fc97006e000 r--p 00005000 08:10 51622                      /usr/lib/jvm/java-11-openjdk-amd64/lib/libdt_socket.so
7fc97006e000-7fc97006f000 ---p 00006000 08:10 51622                      /usr/lib/jvm/java-11-openjdk-amd64/lib/libdt_socket.so
7fc97006f000-7fc970070000 r--p 00006000 08:10 51622                      /usr/lib/jvm/java-11-openjdk-amd64/lib/libdt_socket.so
7fc970070000-7fc970071000 rw-p 00007000 08:10 51622                      /usr/lib/jvm/java-11-openjdk-amd64/lib/libdt_socket.so
7fc970071000-7fc9700a3000 r--p 00000000 08:10 12355                      /usr/lib/locale/C.UTF-8/LC_CTYPE
7fc9700a3000-7fc9700a4000 r--p 00000000 08:10 12361                      /usr/lib/locale/C.UTF-8/LC_NUMERIC
7fc9700a4000-7fc9700a5000 r--p 00000000 08:10 12365                      /usr/lib/locale/C.UTF-8/LC_TIME
7fc9700a5000-7fc9700a6000 r--p 00000000 08:10 12359                      /usr/lib/locale/C.UTF-8/LC_MONETARY
7fc9700a6000-7fc9700a7000 r--p 00000000 08:10 12358                      /usr/lib/locale/C.UTF-8/LC_MESSAGES/SYS_LC_MESSAGES
7fc9700a7000-7fc9700a8000 r--p 00000000 08:10 12363                      /usr/lib/locale/C.UTF-8/LC_PAPER
7fc9700a8000-7fc9700a9000 r--p 00000000 08:10 12360                      /usr/lib/locale/C.UTF-8/LC_NAME
7fc9700a9000-7fc9700aa000 r--p 00000000 08:10 12353                      /usr/lib/locale/C.UTF-8/LC_ADDRESS
7fc9700aa000-7fc9700ab000 r--p 00000000 08:10 12364                      /usr/lib/locale/C.UTF-8/LC_TELEPHONE
7fc9700ab000-7fc9700b2000 r--s 00000000 08:10 47045                      /usr/lib/x86_64-linux-gnu/gconv/gconv-modules.cache
7fc9700b2000-7fc9700b6000 ---p 00000000 00:00 0 
7fc9700b6000-7fc9701b3000 rw-p 00000000 00:00 0 
7fc9701b3000-7fc9701b7000 ---p 00000000 00:00 0 
7fc9701b7000-7fc9702b4000 rw-p 00000000 00:00 0 
7fc9702b4000-7fc9702b5000 ---p 00000000 00:00 0 
7fc9702b5000-7fc9704fc000 rw-p 00000000 00:00 0 
7fc9704fc000-7fc9704fd000 ---p 00000000 00:00 0 
7fc9704fd000-7fc9705fe000 rw-p 00000000 00:00 0 
7fc9705fe000-7fc9705ff000 ---p 00000000 00:00 0 
7fc9705ff000-7fc970f08000 rw-p 00000000 00:00 0 
7fc970f08000-7fc970f09000 ---p 00000000 00:00 0 
7fc970f09000-7fc97100a000 rw-p 00000000 00:00 0 
7fc97100a000-7fc97100b000 ---p 00000000 00:00 0 
7fc97100b000-7fc97123b000 rw-p 00000000 00:00 0 
7fc97123b000-7fc9715ff000 ---p 00000000 00:00 0 
7fc9715ff000-7fc971600000 rw-p 00000000 00:00 0 
7fc971600000-7fc971800000 ---p 00000000 00:00 0 
7fc971800000-7fc971863000 rw-p 00000000 00:00 0 
7fc971863000-7fc971c27000 ---p 00000000 00:00 0 
7fc971c27000-7fc971c28000 rw-p 00000000 00:00 0 
7fc971c28000-7fc971e28000 ---p 00000000 00:00 0 
7fc971e28000-7fc971e8b000 rw-p 00000000 00:00 0 
7fc971e8b000-7fc97224f000 ---p 00000000 00:00 0 
7fc97224f000-7fc972250000 rw-p 00000000 00:00 0 
7fc972250000-7fc972450000 ---p 00000000 00:00 0 
7fc972450000-7fc972c58000 rw-p 00000000 00:00 0 
7fc972c58000-7fc972c59000 ---p 00000000 00:00 0 
7fc972c59000-7fc972d5f000 rw-p 00000000 00:00 0 
7fc972d5f000-7fc972e45000 ---p 00000000 00:00 0 
7fc972e45000-7fc972e4a000 rw-p 00000000 00:00 0 
7fc972e4a000-7fc972f30000 ---p 00000000 00:00 0 
7fc972f30000-7fc972f35000 rw-p 00000000 00:00 0 
7fc972f35000-7fc972f3c000 ---p 00000000 00:00 0 
7fc972f3c000-7fc972f3e000 r--p 00000000 08:10 51650                      /usr/lib/jvm/java-11-openjdk-amd64/lib/libzip.so
7fc972f3e000-7fc972f43000 r-xp 00002000 08:10 51650                      /usr/lib/jvm/java-11-openjdk-amd64/lib/libzip.so
7fc972f43000-7fc972f45000 r--p 00007000 08:10 51650                      /usr/lib/jvm/java-11-openjdk-amd64/lib/libzip.so
7fc972f45000-7fc972f46000 r--p 00008000 08:10 51650                      /usr/lib/jvm/java-11-openjdk-amd64/lib/libzip.so
7fc972f46000-7fc972f47000 rw-p 00009000 08:10 51650                      /usr/lib/jvm/java-11-openjdk-amd64/lib/libzip.so
7fc972f47000-7fc972f4a000 r--p 00000000 08:10 44390                      /usr/lib/x86_64-linux-gnu/libnss_files-2.31.so
7fc972f4a000-7fc972f51000 r-xp 00003000 08:10 44390                      /usr/lib/x86_64-linux-gnu/libnss_files-2.31.so
7fc972f51000-7fc972f53000 r--p 0000a000 08:10 44390                      /usr/lib/x86_64-linux-gnu/libnss_files-2.31.so
7fc972f53000-7fc972f54000 r--p 0000b000 08:10 44390                      /usr/lib/x86_64-linux-gnu/libnss_files-2.31.so
7fc972f54000-7fc972f55000 rw-p 0000c000 08:10 44390                      /usr/lib/x86_64-linux-gnu/libnss_files-2.31.so
7fc972f55000-7fc972f5b000 rw-p 00000000 00:00 0 
7fc972f5b000-7fc972f5c000 r--p 00000000 08:10 12357                      /usr/lib/locale/C.UTF-8/LC_MEASUREMENT
7fc972f5c000-7fc972f5e000 r--s 0000c000 08:10 23045                      /usr/share/java/java-atk-wrapper.jar
7fc972f5e000-7fc972f66000 rw-s 00000000 08:10 724                        /tmp/hsperfdata_root/3914
7fc972f66000-7fc972f68000 r--p 00000000 08:10 51632                      /usr/lib/jvm/java-11-openjdk-amd64/lib/libjdwp.so
7fc972f68000-7fc972f94000 r-xp 00002000 08:10 51632                      /usr/lib/jvm/java-11-openjdk-amd64/lib/libjdwp.so
7fc972f94000-7fc972fa2000 r--p 0002e000 08:10 51632                      /usr/lib/jvm/java-11-openjdk-amd64/lib/libjdwp.so
7fc972fa2000-7fc972fa3000 r--p 0003b000 08:10 51632                      /usr/lib/jvm/java-11-openjdk-amd64/lib/libjdwp.so
7fc972fa3000-7fc972fa4000 rw-p 0003c000 08:10 51632                      /usr/lib/jvm/java-11-openjdk-amd64/lib/libjdwp.so
7fc972fa4000-7fc972fb2000 r--p 00000000 08:10 51630                      /usr/lib/jvm/java-11-openjdk-amd64/lib/libjava.so
7fc972fb2000-7fc972fc8000 r-xp 0000e000 08:10 51630                      /usr/lib/jvm/java-11-openjdk-amd64/lib/libjava.so
7fc972fc8000-7fc972fcf000 r--p 00024000 08:10 51630                      /usr/lib/jvm/java-11-openjdk-amd64/lib/libjava.so
7fc972fcf000-7fc972fd0000 r--p 0002a000 08:10 51630                      /usr/lib/jvm/java-11-openjdk-amd64/lib/libjava.so
7fc972fd0000-7fc972fd1000 rw-p 0002b000 08:10 51630                      /usr/lib/jvm/java-11-openjdk-amd64/lib/libjava.so
7fc972fd1000-7fc972fd2000 rw-p 00000000 00:00 0 
7fc972fd2000-7fc972fd7000 r--p 00000000 08:10 51649                      /usr/lib/jvm/java-11-openjdk-amd64/lib/libverify.so
7fc972fd7000-7fc972fde000 r-xp 00005000 08:10 51649                      /usr/lib/jvm/java-11-openjdk-amd64/lib/libverify.so
7fc972fde000-7fc972fe0000 r--p 0000c000 08:10 51649                      /usr/lib/jvm/java-11-openjdk-amd64/lib/libverify.so
7fc972fe0000-7fc972fe1000 ---p 0000e000 08:10 51649                      /usr/lib/jvm/java-11-openjdk-amd64/lib/libverify.so
7fc972fe1000-7fc972fe3000 r--p 0000e000 08:10 51649                      /usr/lib/jvm/java-11-openjdk-amd64/lib/libverify.so
7fc972fe3000-7fc972fe4000 rw-p 00010000 08:10 51649                      /usr/lib/jvm/java-11-openjdk-amd64/lib/libverify.so
7fc972fe4000-7fc972fe6000 r--p 00000000 08:10 44399                      /usr/lib/x86_64-linux-gnu/librt-2.31.so
7fc972fe6000-7fc972fea000 r-xp 00002000 08:10 44399                      /usr/lib/x86_64-linux-gnu/librt-2.31.so
7fc972fea000-7fc972fec000 r--p 00006000 08:10 44399                      /usr/lib/x86_64-linux-gnu/librt-2.31.so
7fc972fec000-7fc972fed000 r--p 00007000 08:10 44399                      /usr/lib/x86_64-linux-gnu/librt-2.31.so
7fc972fed000-7fc972fee000 rw-p 00008000 08:10 44399                      /usr/lib/x86_64-linux-gnu/librt-2.31.so
7fc972fee000-7fc972ff2000 ---p 00000000 00:00 0 
7fc972ff2000-7fc9730ef000 rw-p 00000000 00:00 0 
7fc9730ef000-7fc9730f2000 r--p 00000000 08:10 26920                      /usr/lib/x86_64-linux-gnu/libgcc_s.so.1
7fc9730f2000-7fc973104000 r-xp 00003000 08:10 26920                      /usr/lib/x86_64-linux-gnu/libgcc_s.so.1
7fc973104000-7fc973108000 r--p 00015000 08:10 26920                      /usr/lib/x86_64-linux-gnu/libgcc_s.so.1
7fc973108000-7fc973109000 r--p 00018000 08:10 26920                      /usr/lib/x86_64-linux-gnu/libgcc_s.so.1
7fc973109000-7fc97310a000 rw-p 00019000 08:10 26920                      /usr/lib/x86_64-linux-gnu/libgcc_s.so.1
7fc97310a000-7fc973117000 r--p 00000000 08:10 44384                      /usr/lib/x86_64-linux-gnu/libm-2.31.so
7fc973117000-7fc9731be000 r-xp 0000d000 08:10 44384                      /usr/lib/x86_64-linux-gnu/libm-2.31.so
7fc9731be000-7fc973257000 r--p 000b4000 08:10 44384                      /usr/lib/x86_64-linux-gnu/libm-2.31.so
7fc973257000-7fc973258000 r--p 0014c000 08:10 44384                      /usr/lib/x86_64-linux-gnu/libm-2.31.so
7fc973258000-7fc973259000 rw-p 0014d000 08:10 44384                      /usr/lib/x86_64-linux-gnu/libm-2.31.so
7fc973259000-7fc9732ef000 r--p 00000000 08:10 27246                      /usr/lib/x86_64-linux-gnu/libstdc++.so.6.0.28
7fc9732ef000-7fc9733e0000 r-xp 00096000 08:10 27246                      /usr/lib/x86_64-linux-gnu/libstdc++.so.6.0.28
7fc9733e0000-7fc973429000 r--p 00187000 08:10 27246                      /usr/lib/x86_64-linux-gnu/libstdc++.so.6.0.28
7fc973429000-7fc97342a000 ---p 001d0000 08:10 27246                      /usr/lib/x86_64-linux-gnu/libstdc++.so.6.0.28
7fc97342a000-7fc973435000 r--p 001d0000 08:10 27246                      /usr/lib/x86_64-linux-gnu/libstdc++.so.6.0.28
7fc973435000-7fc973438000 rw-p 001db000 08:10 27246                      /usr/lib/x86_64-linux-gnu/libstdc++.so.6.0.28
7fc973438000-7fc97343b000 rw-p 00000000 00:00 0 
7fc97343b000-7fc9736bd000 r--p 00000000 08:10 51656                      /usr/lib/jvm/java-11-openjdk-amd64/lib/server/libjvm.so
7fc9736bd000-7fc974346000 r-xp 00282000 08:10 51656                      /usr/lib/jvm/java-11-openjdk-amd64/lib/server/libjvm.so
7fc974346000-7fc9745a3000 r--p 00f0b000 08:10 51656                      /usr/lib/jvm/java-11-openjdk-amd64/lib/server/libjvm.so
7fc9745a3000-7fc9745a4000 ---p 01168000 08:10 51656                      /usr/lib/jvm/java-11-openjdk-amd64/lib/server/libjvm.so
7fc9745a4000-7fc974668000 r--p 01168000 08:10 51656                      /usr/lib/jvm/java-11-openjdk-amd64/lib/server/libjvm.so
7fc974668000-7fc9746a3000 rw-p 0122c000 08:10 51656                      /usr/lib/jvm/java-11-openjdk-amd64/lib/server/libjvm.so
7fc9746a3000-7fc9746fc000 rw-p 00000000 00:00 0 
7fc9746fc000-7fc974702000 r--p 00000000 08:10 44396                      /usr/lib/x86_64-linux-gnu/libpthread-2.31.so
7fc974702000-7fc974713000 r-xp 00006000 08:10 44396                      /usr/lib/x86_64-linux-gnu/libpthread-2.31.so
7fc974713000-7fc974719000 r--p 00017000 08:10 44396                      /usr/lib/x86_64-linux-gnu/libpthread-2.31.so
7fc974719000-7fc97471a000 r--p 0001c000 08:10 44396                      /usr/lib/x86_64-linux-gnu/libpthread-2.31.so
7fc97471a000-7fc97471b000 rw-p 0001d000 08:10 44396                      /usr/lib/x86_64-linux-gnu/libpthread-2.31.so
7fc97471b000-7fc97471f000 rw-p 00000000 00:00 0 
7fc97471f000-7fc974720000 r--p 00000000 08:10 44383                      /usr/lib/x86_64-linux-gnu/libdl-2.31.so
7fc974720000-7fc974722000 r-xp 00001000 08:10 44383                      /usr/lib/x86_64-linux-gnu/libdl-2.31.so
7fc974722000-7fc974723000 r--p 00003000 08:10 44383                      /usr/lib/x86_64-linux-gnu/libdl-2.31.so
7fc974723000-7fc974724000 r--p 00003000 08:10 44383                      /usr/lib/x86_64-linux-gnu/libdl-2.31.so
7fc974724000-7fc974725000 rw-p 00004000 08:10 44383                      /usr/lib/x86_64-linux-gnu/libdl-2.31.so
7fc974725000-7fc974727000 r--p 00000000 08:10 11221                      /usr/lib/x86_64-linux-gnu/libz.so.1.2.11
7fc974727000-7fc974738000 r-xp 00002000 08:10 11221                      /usr/lib/x86_64-linux-gnu/libz.so.1.2.11
7fc974738000-7fc97473e000 r--p 00013000 08:10 11221                      /usr/lib/x86_64-linux-gnu/libz.so.1.2.11
7fc97473e000-7fc97473f000 ---p 00019000 08:10 11221                      /usr/lib/x86_64-linux-gnu/libz.so.1.2.11
7fc97473f000-7fc974740000 r--p 00019000 08:10 11221                      /usr/lib/x86_64-linux-gnu/libz.so.1.2.11
7fc974740000-7fc974741000 rw-p 0001a000 08:10 11221                      /usr/lib/x86_64-linux-gnu/libz.so.1.2.11
7fc974741000-7fc974763000 r--p 00000000 08:10 44382                      /usr/lib/x86_64-linux-gnu/libc-2.31.so
7fc974763000-7fc9748db000 r-xp 00022000 08:10 44382                      /usr/lib/x86_64-linux-gnu/libc-2.31.so
7fc9748db000-7fc974929000 r--p 0019a000 08:10 44382                      /usr/lib/x86_64-linux-gnu/libc-2.31.so
7fc974929000-7fc97492d000 r--p 001e7000 08:10 44382                      /usr/lib/x86_64-linux-gnu/libc-2.31.so
7fc97492d000-7fc97492f000 rw-p 001eb000 08:10 44382                      /usr/lib/x86_64-linux-gnu/libc-2.31.so
7fc97492f000-7fc974933000 rw-p 00000000 00:00 0 
7fc974933000-7fc974934000 ---p 00000000 00:00 0 
7fc974934000-7fc974935000 r--p 00000000 00:00 0 
7fc974935000-7fc974937000 r--p 00000000 08:10 51633                      /usr/lib/jvm/java-11-openjdk-amd64/lib/libjimage.so
7fc974937000-7fc97493a000 r-xp 00002000 08:10 51633                      /usr/lib/jvm/java-11-openjdk-amd64/lib/libjimage.so
7fc97493a000-7fc97493b000 r--p 00005000 08:10 51633                      /usr/lib/jvm/java-11-openjdk-amd64/lib/libjimage.so
7fc97493b000-7fc97493c000 ---p 00006000 08:10 51633                      /usr/lib/jvm/java-11-openjdk-amd64/lib/libjimage.so
7fc97493c000-7fc97493d000 r--p 00006000 08:10 51633                      /usr/lib/jvm/java-11-openjdk-amd64/lib/libjimage.so
7fc97493d000-7fc97493e000 rw-p 00007000 08:10 51633                      /usr/lib/jvm/java-11-openjdk-amd64/lib/libjimage.so
7fc97493e000-7fc974941000 r--p 00000000 08:10 51615                      /usr/lib/jvm/java-11-openjdk-amd64/lib/jli/libjli.so
7fc974941000-7fc97494b000 r-xp 00003000 08:10 51615                      /usr/lib/jvm/java-11-openjdk-amd64/lib/jli/libjli.so
7fc97494b000-7fc97494e000 r--p 0000d000 08:10 51615                      /usr/lib/jvm/java-11-openjdk-amd64/lib/jli/libjli.so
7fc97494e000-7fc97494f000 ---p 00010000 08:10 51615                      /usr/lib/jvm/java-11-openjdk-amd64/lib/jli/libjli.so
7fc97494f000-7fc974950000 r--p 00010000 08:10 51615                      /usr/lib/jvm/java-11-openjdk-amd64/lib/jli/libjli.so
7fc974950000-7fc974951000 rw-p 00011000 08:10 51615                      /usr/lib/jvm/java-11-openjdk-amd64/lib/jli/libjli.so
7fc974951000-7fc974953000 rw-p 00000000 00:00 0 
7fc974953000-7fc974954000 r--p 00000000 08:10 44378                      /usr/lib/x86_64-linux-gnu/ld-2.31.so
7fc974954000-7fc974977000 r-xp 00001000 08:10 44378                      /usr/lib/x86_64-linux-gnu/ld-2.31.so
7fc974977000-7fc97497f000 r--p 00024000 08:10 44378                      /usr/lib/x86_64-linux-gnu/ld-2.31.so
7fc97497f000-7fc974980000 r--p 00000000 08:10 12356                      /usr/lib/locale/C.UTF-8/LC_IDENTIFICATION
7fc974980000-7fc974981000 r--p 0002c000 08:10 44378                      /usr/lib/x86_64-linux-gnu/ld-2.31.so
7fc974981000-7fc974982000 rw-p 0002d000 08:10 44378                      /usr/lib/x86_64-linux-gnu/ld-2.31.so
7fc974982000-7fc974983000 rw-p 00000000 00:00 0 
7ffd3b64a000-7ffd3b66c000 rw-p 00000000 00:00 0                          [stack]
7ffd3b7df000-7ffd3b7e3000 r--p 00000000 00:00 0                          [vvar]
7ffd3b7e3000-7ffd3b7e4000 r-xp 00000000 00:00 0                          [vdso]


VM Arguments:
jvm_args: -agentlib:jdwp=transport=dt_socket,address=*:12345,suspend=y,server=y -Dfile.encoding=UTF-8 
java_command: Main ./tests/test1.sysy ./tests/test1_ans.txt
java_class_path (initial): /root/CompilerLab/Lab/target/classes:/usr/local/lib/antlr-4.10.1-complete.jar:/root/.m2/repository/org/bytedeco/llvm-platform/13.0.1-1.5.7/llvm-platform-13.0.1-1.5.7.jar:/root/.m2/repository/org/bytedeco/javacpp-platform/1.5.7/javacpp-platform-1.5.7.jar:/root/.m2/repository/org/bytedeco/javacpp/1.5.7/javacpp-1.5.7.jar:/root/.m2/repository/org/bytedeco/javacpp/1.5.7/javacpp-1.5.7-android-arm.jar:/root/.m2/repository/org/bytedeco/javacpp/1.5.7/javacpp-1.5.7-android-arm64.jar:/root/.m2/repository/org/bytedeco/javacpp/1.5.7/javacpp-1.5.7-android-x86.jar:/root/.m2/repository/org/bytedeco/javacpp/1.5.7/javacpp-1.5.7-android-x86_64.jar:/root/.m2/repository/org/bytedeco/javacpp/1.5.7/javacpp-1.5.7-ios-arm64.jar:/root/.m2/repository/org/bytedeco/javacpp/1.5.7/javacpp-1.5.7-ios-x86_64.jar:/root/.m2/repository/org/bytedeco/javacpp/1.5.7/javacpp-1.5.7-linux-armhf.jar:/root/.m2/repository/org/bytedeco/javacpp/1.5.7/javacpp-1.5.7-linux-arm64.jar:/root/.m2/repository/org/bytedeco/javacpp/1.5.7/javacpp-1.5.7-linux-ppc64le.jar:/root/.m2/repository/org/bytedeco/javacpp/1.5.7/javacpp-1.5.7-linux-x86.jar:/root/.m2/repository/org/bytedeco/javacpp/1.5.7/javacpp-1.5.7-linux-x86_64.jar:/root/.m2/repository/org/bytedeco/javacpp/1.5.7/javacpp-1.5.7-macosx-arm64.jar:/root/.m2/repository/org/bytedeco/javacpp/1.5.7/javacpp-1.5.7-macosx-x86_64.jar:/root/.m2/repository/org/bytedeco/javacpp/1.5.7/javacpp-1.5.7-windows-x86.jar:/root/.m2/repository/org/bytedeco/javacpp/1.5.7/javacpp-1.5.7-windows-x86_64.jar:/root/.m2/repository/org/bytedeco/llvm/13.0.1-1.5.7/llvm-13.0.1-1.5.7.jar:/root/.m2/repository/org/bytedeco/llvm/13.0.1-1.5.7/llvm-13.0.1-1.5.7-linux-x86.jar:/root/.m2/repository/org/bytedeco/llvm/13.0.1-1.5.7/llvm-13.0.1-1.5.7-linux-x86_64.jar:/root/.m2/repository/org/bytedeco/llvm/13.0.1-1.5.7/llvm-13.0.1-1.5.7-linux-armhf.jar:/root/.m2/repository/org/bytedeco/llvm/13.0.1-1.5.7/llvm-13.0.1-1.5.7-linux-arm64.jar:/root/.m2/repository/org/bytedeco/llvm/13.0.1-1.5.7/llv
Launcher Type: SUN_STANDARD

[Global flags]
     intx CICompilerCount                          = 4                                         {product} {ergonomic}
     uint ConcGCThreads                            = 2                                         {product} {ergonomic}
     uint G1ConcRefinementThreads                  = 8                                         {product} {ergonomic}
   size_t G1HeapRegionSize                         = 1048576                                   {product} {ergonomic}
    uintx GCDrainStackTargetSize                   = 64                                        {product} {ergonomic}
   size_t InitialHeapSize                          = 207618048                                 {product} {ergonomic}
   size_t MarkStackSize                            = 4194304                                   {product} {ergonomic}
   size_t MaxHeapSize                              = 3305111552                                {product} {ergonomic}
   size_t MaxNewSize                               = 1982857216                                {product} {ergonomic}
   size_t MinHeapDeltaBytes                        = 1048576                                   {product} {ergonomic}
    uintx NonNMethodCodeHeapSize                   = 5836300                                {pd product} {ergonomic}
    uintx NonProfiledCodeHeapSize                  = 122910970                              {pd product} {ergonomic}
    uintx ProfiledCodeHeapSize                     = 122910970                              {pd product} {ergonomic}
    uintx ReservedCodeCacheSize                    = 251658240                              {pd product} {ergonomic}
     bool SegmentedCodeCache                       = true                                      {product} {ergonomic}
     bool UseCompressedClassPointers               = true                                 {lp64_product} {ergonomic}
     bool UseCompressedOops                        = true                                 {lp64_product} {ergonomic}
     bool UseG1GC                                  = true                                      {product} {ergonomic}

Logging:
Log output configuration:
 #0: stdout all=warning uptime,level,tags
 #1: stderr all=off uptime,level,tags

Environment Variables:
PATH=/usr/local/sbin:/usr/local/bin:/usr/sbin:/usr/bin:/sbin:/bin:/usr/games:/usr/local/games:/usr/lib/wsl/lib:/mnt/c/Program Files (x86)/Common Files/Oracle/Java/javapath:/mnt/c/Python310/Scripts/:/mnt/c/Python310/:/mnt/c/Program Files/MySQL/MySQL Server 8.0/bin:/mnt/c/Windows/system32:/mnt/c/Windows:/mnt/c/Windows/System32/Wbem:/mnt/c/Windows/System32/WindowsPowerShell/v1.0/:/mnt/c/Windows/System32/OpenSSH/:/mnt/c/ProgramData/chocolatey/bin:/mnt/c/Program Files/Pandoc/:/mnt/d//Ne:/mnt/d/Applications/mingw-w64/x86_64-8.1.0-release-win32-seh-rt_v6-rev0/bin:/mnt/c/Program Files/Java/jdk-15.0.2/bin:/mnt/c/Program Files/Java/jdk-15.0.2/jre/bin:/mnt/d/Applications/scala/bin:/mnt/d/Applications/scala/jre/bin:/mnt/d/Applications/Prince/engine/bin:/mnt/d/Applications/Maven/apache-maven-3.8.6/bin:/mnt/c/Program Files/Git/cmd:/mnt/d//Tencent/web/dll:/mnt/d/Applications/nodejs/:/mnt/c/Users/20125/AppData/Local/Programs/Python/Python38/Scripts/:/mnt/c/Users/20125/AppData/Local/Programs/Python/Python38/:/mnt/c/Users/20125/AppData/Local/Microsoft/WindowsApps:/mnt/c/Program Files/JetBrains/IntelliJ IDEA 2021.3/bin:/mnt/c/Program Files/JetBrains/PyCharm 2021.3.1/bin:/mnt/d//JetBrains/WebStorm 2021.3.1/bin:/mnt/d//JetBrains/CLion 2021.3.2/bin:/mnt/c/Users/20125/AppData/Local/GitHubDesktop/bin:/mnt/d//JetBrains/DataGrip 2021.3.4/bin:/mnt/d/Applications/Microsoft VS Code/bin:/mnt/c/Users/20125/AppData/Local/JetBrains/Toolbox/scripts:/mnt/c/Program Files/jdk-15.0.2/jre/bin:/mnt/c/Program Files/jdk-15.0.2/bin:/mnt/c/Users/20125/AppData/Roaming/npm
SHELL=/bin/sh
HOSTTYPE=x86_64
LANG=C.UTF-8
TERM=xterm-256color

Signal Handlers:
SIGSEGV: [libjvm.so+0xe97eb0], sa_mask[0]=11111111011111111101111111111110, sa_flags=SA_RESTART|SA_SIGINFO
SIGBUS: [libjvm.so+0xe97eb0], sa_mask[0]=11111111011111111101111111111110, sa_flags=SA_RESTART|SA_SIGINFO
SIGFPE: [libjvm.so+0xe97eb0], sa_mask[0]=11111111011111111101111111111110, sa_flags=SA_RESTART|SA_SIGINFO
SIGPIPE: [libjvm.so+0xbde850], sa_mask[0]=11111111011111111101111111111110, sa_flags=SA_RESTART|SA_SIGINFO
SIGXFSZ: [libjvm.so+0xbde850], sa_mask[0]=11111111011111111101111111111110, sa_flags=SA_RESTART|SA_SIGINFO
SIGILL: [libjvm.so+0xe97eb0], sa_mask[0]=11111111011111111101111111111110, sa_flags=SA_RESTART|SA_SIGINFO
SIGUSR2: [libjvm.so+0xbde6f0], sa_mask[0]=00000000000000000000000000000000, sa_flags=SA_RESTART|SA_SIGINFO
SIGHUP: [libjvm.so+0xbde9e0], sa_mask[0]=11111111011111111101111111111110, sa_flags=SA_RESTART|SA_SIGINFO
SIGINT: [libjvm.so+0xbde9e0], sa_mask[0]=11111111011111111101111111111110, sa_flags=SA_RESTART|SA_SIGINFO
SIGTERM: [libjvm.so+0xbde9e0], sa_mask[0]=11111111011111111101111111111110, sa_flags=SA_RESTART|SA_SIGINFO
SIGQUIT: [libjvm.so+0xbde9e0], sa_mask[0]=11111111011111111101111111111110, sa_flags=SA_RESTART|SA_SIGINFO


---------------  S Y S T E M  ---------------

OS:DISTRIB_ID=Ubuntu
DISTRIB_RELEASE=20.04
DISTRIB_CODENAME=focal
DISTRIB_DESCRIPTION="Ubuntu 20.04.5 LTS"
uname:Linux 5.10.16.3-microsoft-standard-WSL2 #1 SMP Fri Apr 2 22:23:49 UTC 2021 x86_64
OS uptime: 0 days 9:53 hours
libc:glibc 2.31 NPTL 2.31 
rlimit (soft/hard): STACK 8192k/infinity , CORE 0k/infinity , NPROC 50409/50409 , NOFILE 4096/4096 , AS infinity/infinity , CPU infinity/infinity , DATA infinity/infinity , FSIZE infinity/infinity , MEMLOCK 64k/64k
load average:0.04 0.01 0.03

/proc/meminfo:
MemTotal:       12909048 kB
MemFree:        12439680 kB
MemAvailable:   12380500 kB
Buffers:           14580 kB
Cached:           149436 kB
SwapCached:            0 kB
Active:           120368 kB
Inactive:         228000 kB
Active(anon):         96 kB
Inactive(anon):   184312 kB
Active(file):     120272 kB
Inactive(file):    43688 kB
Unevictable:           0 kB
Mlocked:               0 kB
SwapTotal:       4194304 kB
SwapFree:        4194304 kB
Dirty:                12 kB
Writeback:             0 kB
AnonPages:        184340 kB
Mapped:            60488 kB
Shmem:                68 kB
KReclaimable:      19780 kB
Slab:              46536 kB
SReclaimable:      19780 kB
SUnreclaim:        26756 kB
KernelStack:        2912 kB
PageTables:         1724 kB
NFS_Unstable:          0 kB
Bounce:                0 kB
WritebackTmp:          0 kB
CommitLimit:    10648828 kB
Committed_AS:     680012 kB
VmallocTotal:   34359738367 kB
VmallocUsed:       22988 kB
VmallocChunk:          0 kB
Percpu:             2432 kB
AnonHugePages:     96256 kB
ShmemHugePages:        0 kB
ShmemPmdMapped:        0 kB
FileHugePages:         0 kB
FilePmdMapped:         0 kB
HugePages_Total:       0
HugePages_Free:        0
HugePages_Rsvd:        0
HugePages_Surp:        0
Hugepagesize:       2048 kB
Hugetlb:               0 kB
DirectMap4k:       17408 kB
DirectMap2M:     3784704 kB
DirectMap1G:     9437184 kB

/sys/kernel/mm/transparent_hugepage/enabled:
[always] madvise never
/sys/kernel/mm/transparent_hugepage/defrag (defrag/compaction efforts parameter):
always defer defer+madvise [madvise] never

Process Memory:
Virtual Size: 6459712K (peak: 14706636K)
Resident Set Size: 110284K (peak: 111184K) (anon: 55296K, file: 54988K, shmem: 0K)
Swapped out: 0K
C-Heap outstanding allocations: 23714K, retained: 9145K
glibc malloc tunables: (default)

/proc/sys/kernel/threads-max (system-wide limit on the number of threads):
100818
/proc/sys/vm/max_map_count (maximum number of memory map areas a process may have):
65530
/proc/sys/kernel/pid_max (system-wide limit on number of process identifiers):
32768

container (cgroup) information:
container_type: cgroupv1
cpu_cpuset_cpus: 0-7
cpu_memory_nodes: 0
active_processor_count: 8
cpu_quota: no quota
cpu_period: 100000
cpu_shares: no shares
memory_limit_in_bytes: unlimited
memory_and_swap_limit_in_bytes: unlimited
memory_soft_limit_in_bytes: unlimited
memory_usage_in_bytes: 348096 k
memory_max_usage_in_bytes: 938988 k
maximum number of tasks: not supported
current number of tasks: not supported

Hyper-V virtualization detected
Steal ticks since vm start: 0
Steal ticks percentage since vm start:  0.000

CPU:total 8 (initial active 8) (4 cores per cpu, 2 threads per core) family 6 model 140 stepping 1 microcode 0xffffffff, cmov, cx8, fxsr, mmx, sse, sse2, sse3, ssse3, sse4.1, sse4.2, popcnt, avx, avx2, aes, clmul, erms, 3dnowpref, lzcnt, ht, tsc, tscinvbit, bmi1, bmi2, adx, evex, sha, fma
CPU Model and flags from /proc/cpuinfo:
model name	: 11th Gen Intel(R) Core(TM) i7-1165G7 @ 2.80GHz
flags		: fpu vme de pse tsc msr pae mce cx8 apic sep mtrr pge mca cmov pat pse36 clflush mmx fxsr sse sse2 ss ht syscall nx pdpe1gb rdtscp lm constant_tsc rep_good nopl xtopology tsc_reliable nonstop_tsc cpuid pni pclmulqdq ssse3 fma cx16 pcid sse4_1 sse4_2 movbe popcnt aes xsave avx f16c rdrand hypervisor lahf_lm abm 3dnowprefetch invpcid_single ssbd ibrs ibpb stibp ibrs_enhanced fsgsbase bmi1 avx2 smep bmi2 erms invpcid avx512f avx512dq rdseed adx smap avx512ifma clflushopt clwb avx512cd sha_ni avx512bw avx512vl xsaveopt xsavec xgetbv1 xsaves avx512vbmi umip avx512_vbmi2 gfni vaes vpclmulqdq avx512_vnni avx512_bitalg avx512_vpopcntdq rdpid fsrm avx512_vp2intersect flush_l1d arch_capabilities
Online cpus:
0-7
Offline cpus:

BIOS frequency limitation:
<Not Available>
Frequency switch latency (ns):
<Not Available>
Available cpu frequencies:
<Not Available>
Current governor:
<Not Available>
Core performance/turbo boost:
<Not Available>

Memory: 4k page, physical 12909048k(12439680k free), swap 4194304k(4194304k free)

vm_info: OpenJDK 64-Bit Server VM (11.0.17+8-post-Ubuntu-1ubuntu220.04) for linux-amd64 JRE (11.0.17+8-post-Ubuntu-1ubuntu220.04), built on Oct 25 2022 09:30:51 by "unknown" with gcc 9.4.0

END.
