#
# A fatal error has been detected by the Java Runtime Environment:
#
#  SIGSEGV (0xb) at pc=0x00007f1c8216e11b, pid=10603, tid=10604
#
# JRE version: OpenJDK Runtime Environment (11.0.17+8) (build 11.0.17+8-post-Ubuntu-1ubuntu220.04)
# Java VM: OpenJDK 64-Bit Server VM (11.0.17+8-post-Ubuntu-1ubuntu220.04, mixed mode, sharing, tiered, compressed oops, g1 gc, linux-amd64)
# Problematic frame:
# C  [libLLVM-13.so+0xc4211b]  llvm::DataLayout::getPrefTypeAlign(llvm::Type*) const+0x1b
#
# No core dump will be written. Core dumps have been disabled. To enable core dumping, try "ulimit -c unlimited" before starting Java again
#
# If you would like to submit a bug report, please visit:
#   https://bugs.launchpad.net/ubuntu/+source/openjdk-lts
# The crash happened outside the Java Virtual Machine in native code.
# See problematic frame for where to report the bug.
#

---------------  S U M M A R Y ------------

Command Line: -Dfile.encoding=UTF-8 Main ./tests/test1.sysy ./tests/test1_ans.txt

Host: 11th Gen Intel(R) Core(TM) i7-1165G7 @ 2.80GHz, 8 cores, 12G, Ubuntu 20.04.5 LTS
Time: Wed Jan 18 11:56:48 2023 CST elapsed time: 4.819783 seconds (0d 0h 0m 4s)

---------------  T H R E A D  ---------------

Current thread (0x00007f1cf4016800):  JavaThread "main" [_thread_in_native, id=10604, stack(0x00007f1cf9fd8000,0x00007f1cfa0d9000)]

Stack: [0x00007f1cf9fd8000,0x00007f1cfa0d9000],  sp=0x00007f1cfa0d7190,  free space=1020k
Native frames: (J=compiled Java code, A=aot compiled Java code, j=interpreted, Vv=VM code, C=native code)
C  [libLLVM-13.so+0xc4211b]  llvm::DataLayout::getPrefTypeAlign(llvm::Type*) const+0x1b

Java frames: (J=compiled Java code, j=interpreted, Vv=VM code)
j  org.bytedeco.llvm.global.LLVM.LLVMBuildAlloca(Lorg/bytedeco/llvm/LLVM/LLVMBuilderRef;Lorg/bytedeco/llvm/LLVM/LLVMTypeRef;Ljava/lang/String;)Lorg/bytedeco/llvm/LLVM/LLVMValueRef;+0
j  FunctionAndVarIRVisitor.visitFuncDef(LSysYParser$FuncDefContext;)Lorg/bytedeco/llvm/LLVM/LLVMValueRef;+533
j  FunctionAndVarIRVisitor.visitFuncDef(LSysYParser$FuncDefContext;)Ljava/lang/Object;+2
j  SysYParser$FuncDefContext.accept(Lorg/antlr/v4/runtime/tree/ParseTreeVisitor;)Ljava/lang/Object;+12
j  org.antlr.v4.runtime.tree.AbstractParseTreeVisitor.visitChildren(Lorg/antlr/v4/runtime/tree/RuleNode;)Ljava/lang/Object;+46
j  SysYParserBaseVisitor.visitCompUnit(LSysYParser$CompUnitContext;)Ljava/lang/Object;+2
j  SysYParser$CompUnitContext.accept(Lorg/antlr/v4/runtime/tree/ParseTreeVisitor;)Ljava/lang/Object;+12
j  org.antlr.v4.runtime.tree.AbstractParseTreeVisitor.visitChildren(Lorg/antlr/v4/runtime/tree/RuleNode;)Ljava/lang/Object;+46
j  SysYParserBaseVisitor.visitProgram(LSysYParser$ProgramContext;)Ljava/lang/Object;+2
j  FunctionAndVarIRVisitor.visitProgram(LSysYParser$ProgramContext;)Lorg/bytedeco/llvm/LLVM/LLVMValueRef;+22
j  FunctionAndVarIRVisitor.visitProgram(LSysYParser$ProgramContext;)Ljava/lang/Object;+2
j  SysYParser$ProgramContext.accept(Lorg/antlr/v4/runtime/tree/ParseTreeVisitor;)Ljava/lang/Object;+12
j  org.antlr.v4.runtime.tree.AbstractParseTreeVisitor.visit(Lorg/antlr/v4/runtime/tree/ParseTree;)Ljava/lang/Object;+2
j  Main.funcAndVarIRGenerate([Ljava/lang/String;)V+76
j  Main.main([Ljava/lang/String;)V+1
v  ~StubRoutines::call_stub

siginfo: si_signo: 11 (SIGSEGV), si_code: 1 (SEGV_MAPERR), si_addr: 0x0000000000000008

Register to memory mapping:

RAX=0x00007f1cf44e8ea0 points into unknown readable memory: 0x000000000a000100 | 00 01 00 0a 00 00 00 00
RBX=0x00007f1cf44e8ea0 points into unknown readable memory: 0x000000000a000100 | 00 01 00 0a 00 00 00 00
RCX=0x00007f1c8582a788: <offset 0x00000000042fe788> in /root/.javacpp/cache/llvm-13.0.1-1.5.7-linux-x86_64.jar/org/bytedeco/llvm/linux-x86_64/libLLVM-13.so at 0x00007f1c8152c000
RDX=0x00007f1cf44f27b0 points into unknown readable memory: 0x0000000000000063 | 63 00 00 00 00 00 00 00
RSP=0x00007f1cfa0d7190 is pointing into the stack for thread: 0x00007f1cf4016800
RBP=0x0 is NULL
RSI=0x0 is NULL
RDI=0x00007f1cf44e8ea0 points into unknown readable memory: 0x000000000a000100 | 00 01 00 0a 00 00 00 00
R8 =0x0000000746119448 points into unknown readable memory: 0x0000000000000063 | 63 00 00 00 00 00 00 00
R9 =0x00007f1cf4016800 is a thread
R10=0xfffffffffffff55a is an unknown value
R11=0x00007f1c82158610: LLVMBuildAlloca+0x0000000000000000 in /root/.javacpp/cache/llvm-13.0.1-1.5.7-linux-x86_64.jar/org/bytedeco/llvm/linux-x86_64/libLLVM-13.so at 0x00007f1c8152c000
R12=0x00007f1cf44e8ea0 points into unknown readable memory: 0x000000000a000100 | 00 01 00 0a 00 00 00 00
R13=0x0 is NULL
R14=0x00007f1cf44f27b0 points into unknown readable memory: 0x0000000000000063 | 63 00 00 00 00 00 00 00
R15=0x00007f1cf4016800 is a thread


Registers:
RAX=0x00007f1cf44e8ea0, RBX=0x00007f1cf44e8ea0, RCX=0x00007f1c8582a788, RDX=0x00007f1cf44f27b0
RSP=0x00007f1cfa0d7190, RBP=0x0000000000000000, RSI=0x0000000000000000, RDI=0x00007f1cf44e8ea0
R8 =0x0000000746119448, R9 =0x00007f1cf4016800, R10=0xfffffffffffff55a, R11=0x00007f1c82158610
R12=0x00007f1cf44e8ea0, R13=0x0000000000000000, R14=0x00007f1cf44f27b0, R15=0x00007f1cf4016800
RIP=0x00007f1c8216e11b, EFLAGS=0x0000000000010206, CSGSFS=0x002b000000000033, ERR=0x0000000000000004
  TRAPNO=0x000000000000000e

Top of Stack: (sp=0x00007f1cfa0d7190)
0x00007f1cfa0d7190:   0000000000000000 0000000000000000
0x00007f1cfa0d71a0:   0000000000000000 0000000000000000
0x00007f1cfa0d71b0:   0000000000000000 0000000000000000
0x00007f1cfa0d71c0:   0000000000000000 0000000000000000 

Instructions: (pc=0x00007f1c8216e11b)
0x00007f1c8216e01b:   07 3b 71 08 4c 0f 44 c1 41 8b 40 04 c1 e0 03 e9
0x00007f1c8216e02b:   72 fe ff ff 4c 89 e7 e8 69 d4 ff ff e9 65 fe ff
0x00007f1c8216e03b:   ff 49 8b 84 24 d8 00 00 00 8b 40 04 c1 e0 03 e9
0x00007f1c8216e04b:   52 fe ff ff 8b 46 08 c1 e8 08 e9 47 fe ff ff b8
0x00007f1c8216e05b:   00 20 00 00 e9 3d fe ff ff b8 20 00 00 00 e9 33
0x00007f1c8216e06b:   fe ff ff 66 90 41 8b 01 c1 e8 08 44 39 c0 0f 85
0x00007f1c8216e07b:   59 f8 ff ff 41 0f b6 49 05 b8 01 00 00 00 48 d3
0x00007f1c8216e08b:   e0 e9 8c f9 ff ff 0f 1f 80 00 00 00 00 41 8b 00
0x00007f1c8216e09b:   c1 e8 08 44 39 c8 0f 85 19 f9 ff ff 41 0f b6 48
0x00007f1c8216e0ab:   05 b8 01 00 00 00 48 d3 e0 e9 64 f9 ff ff 0f 1f
0x00007f1c8216e0bb:   80 00 00 00 00 41 b9 50 00 00 00 e9 89 f8 ff ff
0x00007f1c8216e0cb:   0f 1f 44 00 00 48 89 c8 e9 e8 fa ff ff 0f 1f 84
0x00007f1c8216e0db:   00 00 00 00 00 48 89 c8 e9 c8 fc ff ff 48 89 f8
0x00007f1c8216e0eb:   e9 28 fe ff ff 48 89 f8 e9 ed fe ff ff 0f 1f 84
0x00007f1c8216e0fb:   00 00 00 00 00 41 57 48 8d 0d 7f c6 6b 03 41 56
0x00007f1c8216e10b:   41 55 41 54 49 89 fc 55 48 89 f5 53 48 83 ec 58
0x00007f1c8216e11b:   0f b6 56 08 48 89 d0 48 63 14 91 48 01 ca ff e2
0x00007f1c8216e12b:   0f 1f 44 00 00 83 e8 0a 48 8d 15 9e c6 6b 03 0f
0x00007f1c8216e13b:   b6 c0 48 63 04 82 48 01 d0 ff e0 41 b8 00 20 00
0x00007f1c8216e14b:   00 41 8b 54 24 48 4d 8b 4c 24 40 48 c1 e2 03 48
0x00007f1c8216e15b:   89 d0 4d 8d 14 11 48 c1 f8 03 48 85 d2 74 2f 66
0x00007f1c8216e16b:   0f 1f 44 00 00 48 89 c6 48 d1 fe 49 8d 14 f1 8b
0x00007f1c8216e17b:   0a 0f b6 3a c1 e9 08 83 ff 75 76 71 83 ff 76 75
0x00007f1c8216e18b:   05 41 39 c8 77 67 48 89 f0 48 85 c0 7f d7 4d 39
0x00007f1c8216e19b:   ca 74 0a 41 80 39 76 0f 84 98 07 00 00 4c 8b 75
0x00007f1c8216e1ab:   18 ba 01 00 00 00 4c 89 e7 bb 01 00 00 00 4c 89
0x00007f1c8216e1bb:   f6 e8 4f c9 ff ff 89 c1 48 d3 e3 41 0f b6 4e 08
0x00007f1c8216e1cb:   89 db 80 f9 13 0f 87 76 5d ce ff 48 8d 35 23 c6
0x00007f1c8216e1db:   6b 03 0f b6 d1 48 63 04 96 48 01 f0 ff e0 41 b8
0x00007f1c8216e1eb:   40 00 00 00 e9 58 ff ff ff 0f 1f 40 00 48 29 f0
0x00007f1c8216e1fb:   4c 8d 4a 08 48 83 e8 01 48 85 c0 0f 8f 64 ff ff
0x00007f1c8216e20b:   ff eb 8b 66 90 3c 04 0f 84 68 07 00 00 41 b9 80 


Stack slot to memory mapping:
stack at sp + 0 slots: 0x0 is NULL
stack at sp + 1 slots: 0x0 is NULL
stack at sp + 2 slots: 0x0 is NULL
stack at sp + 3 slots: 0x0 is NULL
stack at sp + 4 slots: 0x0 is NULL
stack at sp + 5 slots: 0x0 is NULL
stack at sp + 6 slots: 0x0 is NULL
stack at sp + 7 slots: 0x0 is NULL


---------------  P R O C E S S  ---------------

Threads class SMR info:
_java_thread_list=0x00007f1c8c000b60, length=11, elements={
0x00007f1cf4016800, 0x00007f1cf4186800, 0x00007f1cf4188800, 0x00007f1cf4191000,
0x00007f1cf4193000, 0x00007f1cf4195000, 0x00007f1cf4197000, 0x00007f1cf4199000,
0x00007f1cf41f4800, 0x00007f1cf43fd800, 0x00007f1ca4201800
}

Java Threads: ( => current thread )
=>0x00007f1cf4016800 JavaThread "main" [_thread_in_native, id=10604, stack(0x00007f1cf9fd8000,0x00007f1cfa0d9000)]
  0x00007f1cf4186800 JavaThread "Reference Handler" daemon [_thread_blocked, id=10611, stack(0x00007f1cd0ef6000,0x00007f1cd0ff7000)]
  0x00007f1cf4188800 JavaThread "Finalizer" daemon [_thread_blocked, id=10612, stack(0x00007f1cd0df5000,0x00007f1cd0ef6000)]
  0x00007f1cf4191000 JavaThread "Signal Dispatcher" daemon [_thread_blocked, id=10613, stack(0x00007f1cd089b000,0x00007f1cd099c000)]
  0x00007f1cf4193000 JavaThread "Service Thread" daemon [_thread_blocked, id=10614, stack(0x00007f1cd079a000,0x00007f1cd089b000)]
  0x00007f1cf4195000 JavaThread "C2 CompilerThread0" daemon [_thread_in_native, id=10615, stack(0x00007f1cd0699000,0x00007f1cd079a000)]
  0x00007f1cf4197000 JavaThread "C1 CompilerThread0" daemon [_thread_blocked, id=10616, stack(0x00007f1cd0598000,0x00007f1cd0699000)]
  0x00007f1cf4199000 JavaThread "Sweeper thread" daemon [_thread_blocked, id=10617, stack(0x00007f1cd0497000,0x00007f1cd0598000)]
  0x00007f1cf41f4800 JavaThread "Common-Cleaner" daemon [_thread_blocked, id=10619, stack(0x00007f1cd0294000,0x00007f1cd0395000)]
  0x00007f1cf43fd800 JavaThread "JavaCPP Deallocator" daemon [_thread_blocked, id=10626, stack(0x00007f1cd0139000,0x00007f1cd023a000)]
  0x00007f1ca4201800 JavaThread "C2 CompilerThread1" daemon [_thread_blocked, id=10630, stack(0x00007f1cd0038000,0x00007f1cd0139000)]

Other Threads:
  0x00007f1cf4183800 VMThread "VM Thread" [stack: 0x00007f1cd0ff9000,0x00007f1cd10f9000] [id=10610]
  0x00007f1cf41f2000 WatcherThread [stack: 0x00007f1cd0397000,0x00007f1cd0497000] [id=10618]
  0x00007f1cf402f000 GCTaskThread "GC Thread#0" [stack: 0x00007f1cf9c82000,0x00007f1cf9d82000] [id=10605]
  0x00007f1cf407a800 ConcurrentGCThread "G1 Main Marker" [stack: 0x00007f1cf8034000,0x00007f1cf8134000] [id=10606]
  0x00007f1cf407c800 ConcurrentGCThread "G1 Conc#0" [stack: 0x00007f1cdc6fd000,0x00007f1cdc7fd000] [id=10607]
  0x00007f1cf4149800 ConcurrentGCThread "G1 Refine#0" [stack: 0x00007f1cd1a7e000,0x00007f1cd1b7e000] [id=10608]
  0x00007f1cf414b800 ConcurrentGCThread "G1 Young RemSet Sampling" [stack: 0x00007f1cd197c000,0x00007f1cd1a7c000] [id=10609]

Threads with active compile tasks:
C2 CompilerThread0     4869  640       4       java.util.jar.JarFile::getVersionedEntry (85 bytes)

VM state:not at safepoint (normal execution)

VM Mutex/Monitor currently owned by a thread: None

Heap address: 0x000000073b000000, size: 3152 MB, Compressed Oops mode: Zero based, Oop shift amount: 3
Narrow klass base: 0x0000000800000000, Narrow klass shift: 3
Compressed class space size: 1073741824 Address: 0x0000000840000000

Heap:
 garbage-first heap   total 204800K, used 20172K [0x000000073b000000, 0x0000000800000000)
  region size 1024K, 21 young (21504K), 0 survivors (0K)
 Metaspace       used 3504K, capacity 6576K, committed 6912K, reserved 1056768K
  class space    used 402K, capacity 700K, committed 768K, reserved 1048576K
Heap Regions: E=young(eden), S=young(survivor), O=old, HS=humongous(starts), HC=humongous(continues), CS=collection set, F=free, A=archive, TAMS=top-at-mark-start (previous, next)
|   0|0x000000073b000000, 0x000000073b000000, 0x000000073b100000|  0%| F|  |TAMS 0x000000073b000000, 0x000000073b000000| Untracked 
|   1|0x000000073b100000, 0x000000073b100000, 0x000000073b200000|  0%| F|  |TAMS 0x000000073b100000, 0x000000073b100000| Untracked 
|   2|0x000000073b200000, 0x000000073b200000, 0x000000073b300000|  0%| F|  |TAMS 0x000000073b200000, 0x000000073b200000| Untracked 
|   3|0x000000073b300000, 0x000000073b300000, 0x000000073b400000|  0%| F|  |TAMS 0x000000073b300000, 0x000000073b300000| Untracked 
|   4|0x000000073b400000, 0x000000073b400000, 0x000000073b500000|  0%| F|  |TAMS 0x000000073b400000, 0x000000073b400000| Untracked 
|   5|0x000000073b500000, 0x000000073b500000, 0x000000073b600000|  0%| F|  |TAMS 0x000000073b500000, 0x000000073b500000| Untracked 
|   6|0x000000073b600000, 0x000000073b600000, 0x000000073b700000|  0%| F|  |TAMS 0x000000073b600000, 0x000000073b600000| Untracked 
|   7|0x000000073b700000, 0x000000073b700000, 0x000000073b800000|  0%| F|  |TAMS 0x000000073b700000, 0x000000073b700000| Untracked 
|   8|0x000000073b800000, 0x000000073b800000, 0x000000073b900000|  0%| F|  |TAMS 0x000000073b800000, 0x000000073b800000| Untracked 
|   9|0x000000073b900000, 0x000000073b900000, 0x000000073ba00000|  0%| F|  |TAMS 0x000000073b900000, 0x000000073b900000| Untracked 
|  10|0x000000073ba00000, 0x000000073ba00000, 0x000000073bb00000|  0%| F|  |TAMS 0x000000073ba00000, 0x000000073ba00000| Untracked 
|  11|0x000000073bb00000, 0x000000073bb00000, 0x000000073bc00000|  0%| F|  |TAMS 0x000000073bb00000, 0x000000073bb00000| Untracked 
|  12|0x000000073bc00000, 0x000000073bc00000, 0x000000073bd00000|  0%| F|  |TAMS 0x000000073bc00000, 0x000000073bc00000| Untracked 
|  13|0x000000073bd00000, 0x000000073bd00000, 0x000000073be00000|  0%| F|  |TAMS 0x000000073bd00000, 0x000000073bd00000| Untracked 
|  14|0x000000073be00000, 0x000000073be00000, 0x000000073bf00000|  0%| F|  |TAMS 0x000000073be00000, 0x000000073be00000| Untracked 
|  15|0x000000073bf00000, 0x000000073bf00000, 0x000000073c000000|  0%| F|  |TAMS 0x000000073bf00000, 0x000000073bf00000| Untracked 
|  16|0x000000073c000000, 0x000000073c000000, 0x000000073c100000|  0%| F|  |TAMS 0x000000073c000000, 0x000000073c000000| Untracked 
|  17|0x000000073c100000, 0x000000073c100000, 0x000000073c200000|  0%| F|  |TAMS 0x000000073c100000, 0x000000073c100000| Untracked 
|  18|0x000000073c200000, 0x000000073c200000, 0x000000073c300000|  0%| F|  |TAMS 0x000000073c200000, 0x000000073c200000| Untracked 
|  19|0x000000073c300000, 0x000000073c300000, 0x000000073c400000|  0%| F|  |TAMS 0x000000073c300000, 0x000000073c300000| Untracked 
|  20|0x000000073c400000, 0x000000073c400000, 0x000000073c500000|  0%| F|  |TAMS 0x000000073c400000, 0x000000073c400000| Untracked 
|  21|0x000000073c500000, 0x000000073c500000, 0x000000073c600000|  0%| F|  |TAMS 0x000000073c500000, 0x000000073c500000| Untracked 
|  22|0x000000073c600000, 0x000000073c600000, 0x000000073c700000|  0%| F|  |TAMS 0x000000073c600000, 0x000000073c600000| Untracked 
|  23|0x000000073c700000, 0x000000073c700000, 0x000000073c800000|  0%| F|  |TAMS 0x000000073c700000, 0x000000073c700000| Untracked 
|  24|0x000000073c800000, 0x000000073c800000, 0x000000073c900000|  0%| F|  |TAMS 0x000000073c800000, 0x000000073c800000| Untracked 
|  25|0x000000073c900000, 0x000000073c900000, 0x000000073ca00000|  0%| F|  |TAMS 0x000000073c900000, 0x000000073c900000| Untracked 
|  26|0x000000073ca00000, 0x000000073ca00000, 0x000000073cb00000|  0%| F|  |TAMS 0x000000073ca00000, 0x000000073ca00000| Untracked 
|  27|0x000000073cb00000, 0x000000073cb00000, 0x000000073cc00000|  0%| F|  |TAMS 0x000000073cb00000, 0x000000073cb00000| Untracked 
|  28|0x000000073cc00000, 0x000000073cc00000, 0x000000073cd00000|  0%| F|  |TAMS 0x000000073cc00000, 0x000000073cc00000| Untracked 
|  29|0x000000073cd00000, 0x000000073cd00000, 0x000000073ce00000|  0%| F|  |TAMS 0x000000073cd00000, 0x000000073cd00000| Untracked 
|  30|0x000000073ce00000, 0x000000073ce00000, 0x000000073cf00000|  0%| F|  |TAMS 0x000000073ce00000, 0x000000073ce00000| Untracked 
|  31|0x000000073cf00000, 0x000000073cf00000, 0x000000073d000000|  0%| F|  |TAMS 0x000000073cf00000, 0x000000073cf00000| Untracked 
|  32|0x000000073d000000, 0x000000073d000000, 0x000000073d100000|  0%| F|  |TAMS 0x000000073d000000, 0x000000073d000000| Untracked 
|  33|0x000000073d100000, 0x000000073d100000, 0x000000073d200000|  0%| F|  |TAMS 0x000000073d100000, 0x000000073d100000| Untracked 
|  34|0x000000073d200000, 0x000000073d200000, 0x000000073d300000|  0%| F|  |TAMS 0x000000073d200000, 0x000000073d200000| Untracked 
|  35|0x000000073d300000, 0x000000073d300000, 0x000000073d400000|  0%| F|  |TAMS 0x000000073d300000, 0x000000073d300000| Untracked 
|  36|0x000000073d400000, 0x000000073d400000, 0x000000073d500000|  0%| F|  |TAMS 0x000000073d400000, 0x000000073d400000| Untracked 
|  37|0x000000073d500000, 0x000000073d500000, 0x000000073d600000|  0%| F|  |TAMS 0x000000073d500000, 0x000000073d500000| Untracked 
|  38|0x000000073d600000, 0x000000073d600000, 0x000000073d700000|  0%| F|  |TAMS 0x000000073d600000, 0x000000073d600000| Untracked 
|  39|0x000000073d700000, 0x000000073d700000, 0x000000073d800000|  0%| F|  |TAMS 0x000000073d700000, 0x000000073d700000| Untracked 
|  40|0x000000073d800000, 0x000000073d800000, 0x000000073d900000|  0%| F|  |TAMS 0x000000073d800000, 0x000000073d800000| Untracked 
|  41|0x000000073d900000, 0x000000073d900000, 0x000000073da00000|  0%| F|  |TAMS 0x000000073d900000, 0x000000073d900000| Untracked 
|  42|0x000000073da00000, 0x000000073da00000, 0x000000073db00000|  0%| F|  |TAMS 0x000000073da00000, 0x000000073da00000| Untracked 
|  43|0x000000073db00000, 0x000000073db00000, 0x000000073dc00000|  0%| F|  |TAMS 0x000000073db00000, 0x000000073db00000| Untracked 
|  44|0x000000073dc00000, 0x000000073dc00000, 0x000000073dd00000|  0%| F|  |TAMS 0x000000073dc00000, 0x000000073dc00000| Untracked 
|  45|0x000000073dd00000, 0x000000073dd00000, 0x000000073de00000|  0%| F|  |TAMS 0x000000073dd00000, 0x000000073dd00000| Untracked 
|  46|0x000000073de00000, 0x000000073de00000, 0x000000073df00000|  0%| F|  |TAMS 0x000000073de00000, 0x000000073de00000| Untracked 
|  47|0x000000073df00000, 0x000000073df00000, 0x000000073e000000|  0%| F|  |TAMS 0x000000073df00000, 0x000000073df00000| Untracked 
|  48|0x000000073e000000, 0x000000073e000000, 0x000000073e100000|  0%| F|  |TAMS 0x000000073e000000, 0x000000073e000000| Untracked 
|  49|0x000000073e100000, 0x000000073e100000, 0x000000073e200000|  0%| F|  |TAMS 0x000000073e100000, 0x000000073e100000| Untracked 
|  50|0x000000073e200000, 0x000000073e200000, 0x000000073e300000|  0%| F|  |TAMS 0x000000073e200000, 0x000000073e200000| Untracked 
|  51|0x000000073e300000, 0x000000073e300000, 0x000000073e400000|  0%| F|  |TAMS 0x000000073e300000, 0x000000073e300000| Untracked 
|  52|0x000000073e400000, 0x000000073e400000, 0x000000073e500000|  0%| F|  |TAMS 0x000000073e400000, 0x000000073e400000| Untracked 
|  53|0x000000073e500000, 0x000000073e500000, 0x000000073e600000|  0%| F|  |TAMS 0x000000073e500000, 0x000000073e500000| Untracked 
|  54|0x000000073e600000, 0x000000073e600000, 0x000000073e700000|  0%| F|  |TAMS 0x000000073e600000, 0x000000073e600000| Untracked 
|  55|0x000000073e700000, 0x000000073e700000, 0x000000073e800000|  0%| F|  |TAMS 0x000000073e700000, 0x000000073e700000| Untracked 
|  56|0x000000073e800000, 0x000000073e800000, 0x000000073e900000|  0%| F|  |TAMS 0x000000073e800000, 0x000000073e800000| Untracked 
|  57|0x000000073e900000, 0x000000073e900000, 0x000000073ea00000|  0%| F|  |TAMS 0x000000073e900000, 0x000000073e900000| Untracked 
|  58|0x000000073ea00000, 0x000000073ea00000, 0x000000073eb00000|  0%| F|  |TAMS 0x000000073ea00000, 0x000000073ea00000| Untracked 
|  59|0x000000073eb00000, 0x000000073eb00000, 0x000000073ec00000|  0%| F|  |TAMS 0x000000073eb00000, 0x000000073eb00000| Untracked 
|  60|0x000000073ec00000, 0x000000073ec00000, 0x000000073ed00000|  0%| F|  |TAMS 0x000000073ec00000, 0x000000073ec00000| Untracked 
|  61|0x000000073ed00000, 0x000000073ed00000, 0x000000073ee00000|  0%| F|  |TAMS 0x000000073ed00000, 0x000000073ed00000| Untracked 
|  62|0x000000073ee00000, 0x000000073ee00000, 0x000000073ef00000|  0%| F|  |TAMS 0x000000073ee00000, 0x000000073ee00000| Untracked 
|  63|0x000000073ef00000, 0x000000073ef00000, 0x000000073f000000|  0%| F|  |TAMS 0x000000073ef00000, 0x000000073ef00000| Untracked 
|  64|0x000000073f000000, 0x000000073f000000, 0x000000073f100000|  0%| F|  |TAMS 0x000000073f000000, 0x000000073f000000| Untracked 
|  65|0x000000073f100000, 0x000000073f100000, 0x000000073f200000|  0%| F|  |TAMS 0x000000073f100000, 0x000000073f100000| Untracked 
|  66|0x000000073f200000, 0x000000073f200000, 0x000000073f300000|  0%| F|  |TAMS 0x000000073f200000, 0x000000073f200000| Untracked 
|  67|0x000000073f300000, 0x000000073f300000, 0x000000073f400000|  0%| F|  |TAMS 0x000000073f300000, 0x000000073f300000| Untracked 
|  68|0x000000073f400000, 0x000000073f400000, 0x000000073f500000|  0%| F|  |TAMS 0x000000073f400000, 0x000000073f400000| Untracked 
|  69|0x000000073f500000, 0x000000073f500000, 0x000000073f600000|  0%| F|  |TAMS 0x000000073f500000, 0x000000073f500000| Untracked 
|  70|0x000000073f600000, 0x000000073f600000, 0x000000073f700000|  0%| F|  |TAMS 0x000000073f600000, 0x000000073f600000| Untracked 
|  71|0x000000073f700000, 0x000000073f700000, 0x000000073f800000|  0%| F|  |TAMS 0x000000073f700000, 0x000000073f700000| Untracked 
|  72|0x000000073f800000, 0x000000073f800000, 0x000000073f900000|  0%| F|  |TAMS 0x000000073f800000, 0x000000073f800000| Untracked 
|  73|0x000000073f900000, 0x000000073f900000, 0x000000073fa00000|  0%| F|  |TAMS 0x000000073f900000, 0x000000073f900000| Untracked 
|  74|0x000000073fa00000, 0x000000073fa00000, 0x000000073fb00000|  0%| F|  |TAMS 0x000000073fa00000, 0x000000073fa00000| Untracked 
|  75|0x000000073fb00000, 0x000000073fb00000, 0x000000073fc00000|  0%| F|  |TAMS 0x000000073fb00000, 0x000000073fb00000| Untracked 
|  76|0x000000073fc00000, 0x000000073fc00000, 0x000000073fd00000|  0%| F|  |TAMS 0x000000073fc00000, 0x000000073fc00000| Untracked 
|  77|0x000000073fd00000, 0x000000073fd00000, 0x000000073fe00000|  0%| F|  |TAMS 0x000000073fd00000, 0x000000073fd00000| Untracked 
|  78|0x000000073fe00000, 0x000000073fe00000, 0x000000073ff00000|  0%| F|  |TAMS 0x000000073fe00000, 0x000000073fe00000| Untracked 
|  79|0x000000073ff00000, 0x000000073ff00000, 0x0000000740000000|  0%| F|  |TAMS 0x000000073ff00000, 0x000000073ff00000| Untracked 
|  80|0x0000000740000000, 0x0000000740000000, 0x0000000740100000|  0%| F|  |TAMS 0x0000000740000000, 0x0000000740000000| Untracked 
|  81|0x0000000740100000, 0x0000000740100000, 0x0000000740200000|  0%| F|  |TAMS 0x0000000740100000, 0x0000000740100000| Untracked 
|  82|0x0000000740200000, 0x0000000740200000, 0x0000000740300000|  0%| F|  |TAMS 0x0000000740200000, 0x0000000740200000| Untracked 
|  83|0x0000000740300000, 0x0000000740300000, 0x0000000740400000|  0%| F|  |TAMS 0x0000000740300000, 0x0000000740300000| Untracked 
|  84|0x0000000740400000, 0x0000000740400000, 0x0000000740500000|  0%| F|  |TAMS 0x0000000740400000, 0x0000000740400000| Untracked 
|  85|0x0000000740500000, 0x0000000740500000, 0x0000000740600000|  0%| F|  |TAMS 0x0000000740500000, 0x0000000740500000| Untracked 
|  86|0x0000000740600000, 0x0000000740600000, 0x0000000740700000|  0%| F|  |TAMS 0x0000000740600000, 0x0000000740600000| Untracked 
|  87|0x0000000740700000, 0x0000000740700000, 0x0000000740800000|  0%| F|  |TAMS 0x0000000740700000, 0x0000000740700000| Untracked 
|  88|0x0000000740800000, 0x0000000740800000, 0x0000000740900000|  0%| F|  |TAMS 0x0000000740800000, 0x0000000740800000| Untracked 
|  89|0x0000000740900000, 0x0000000740900000, 0x0000000740a00000|  0%| F|  |TAMS 0x0000000740900000, 0x0000000740900000| Untracked 
|  90|0x0000000740a00000, 0x0000000740a00000, 0x0000000740b00000|  0%| F|  |TAMS 0x0000000740a00000, 0x0000000740a00000| Untracked 
|  91|0x0000000740b00000, 0x0000000740b00000, 0x0000000740c00000|  0%| F|  |TAMS 0x0000000740b00000, 0x0000000740b00000| Untracked 
|  92|0x0000000740c00000, 0x0000000740c00000, 0x0000000740d00000|  0%| F|  |TAMS 0x0000000740c00000, 0x0000000740c00000| Untracked 
|  93|0x0000000740d00000, 0x0000000740d00000, 0x0000000740e00000|  0%| F|  |TAMS 0x0000000740d00000, 0x0000000740d00000| Untracked 
|  94|0x0000000740e00000, 0x0000000740e00000, 0x0000000740f00000|  0%| F|  |TAMS 0x0000000740e00000, 0x0000000740e00000| Untracked 
|  95|0x0000000740f00000, 0x0000000740f00000, 0x0000000741000000|  0%| F|  |TAMS 0x0000000740f00000, 0x0000000740f00000| Untracked 
|  96|0x0000000741000000, 0x0000000741000000, 0x0000000741100000|  0%| F|  |TAMS 0x0000000741000000, 0x0000000741000000| Untracked 
|  97|0x0000000741100000, 0x0000000741100000, 0x0000000741200000|  0%| F|  |TAMS 0x0000000741100000, 0x0000000741100000| Untracked 
|  98|0x0000000741200000, 0x0000000741200000, 0x0000000741300000|  0%| F|  |TAMS 0x0000000741200000, 0x0000000741200000| Untracked 
|  99|0x0000000741300000, 0x0000000741300000, 0x0000000741400000|  0%| F|  |TAMS 0x0000000741300000, 0x0000000741300000| Untracked 
| 100|0x0000000741400000, 0x0000000741400000, 0x0000000741500000|  0%| F|  |TAMS 0x0000000741400000, 0x0000000741400000| Untracked 
| 101|0x0000000741500000, 0x0000000741500000, 0x0000000741600000|  0%| F|  |TAMS 0x0000000741500000, 0x0000000741500000| Untracked 
| 102|0x0000000741600000, 0x0000000741600000, 0x0000000741700000|  0%| F|  |TAMS 0x0000000741600000, 0x0000000741600000| Untracked 
| 103|0x0000000741700000, 0x0000000741700000, 0x0000000741800000|  0%| F|  |TAMS 0x0000000741700000, 0x0000000741700000| Untracked 
| 104|0x0000000741800000, 0x0000000741800000, 0x0000000741900000|  0%| F|  |TAMS 0x0000000741800000, 0x0000000741800000| Untracked 
| 105|0x0000000741900000, 0x0000000741900000, 0x0000000741a00000|  0%| F|  |TAMS 0x0000000741900000, 0x0000000741900000| Untracked 
| 106|0x0000000741a00000, 0x0000000741a00000, 0x0000000741b00000|  0%| F|  |TAMS 0x0000000741a00000, 0x0000000741a00000| Untracked 
| 107|0x0000000741b00000, 0x0000000741b00000, 0x0000000741c00000|  0%| F|  |TAMS 0x0000000741b00000, 0x0000000741b00000| Untracked 
| 108|0x0000000741c00000, 0x0000000741c00000, 0x0000000741d00000|  0%| F|  |TAMS 0x0000000741c00000, 0x0000000741c00000| Untracked 
| 109|0x0000000741d00000, 0x0000000741d00000, 0x0000000741e00000|  0%| F|  |TAMS 0x0000000741d00000, 0x0000000741d00000| Untracked 
| 110|0x0000000741e00000, 0x0000000741e00000, 0x0000000741f00000|  0%| F|  |TAMS 0x0000000741e00000, 0x0000000741e00000| Untracked 
| 111|0x0000000741f00000, 0x0000000741f00000, 0x0000000742000000|  0%| F|  |TAMS 0x0000000741f00000, 0x0000000741f00000| Untracked 
| 112|0x0000000742000000, 0x0000000742000000, 0x0000000742100000|  0%| F|  |TAMS 0x0000000742000000, 0x0000000742000000| Untracked 
| 113|0x0000000742100000, 0x0000000742100000, 0x0000000742200000|  0%| F|  |TAMS 0x0000000742100000, 0x0000000742100000| Untracked 
| 114|0x0000000742200000, 0x0000000742200000, 0x0000000742300000|  0%| F|  |TAMS 0x0000000742200000, 0x0000000742200000| Untracked 
| 115|0x0000000742300000, 0x0000000742300000, 0x0000000742400000|  0%| F|  |TAMS 0x0000000742300000, 0x0000000742300000| Untracked 
| 116|0x0000000742400000, 0x0000000742400000, 0x0000000742500000|  0%| F|  |TAMS 0x0000000742400000, 0x0000000742400000| Untracked 
| 117|0x0000000742500000, 0x0000000742500000, 0x0000000742600000|  0%| F|  |TAMS 0x0000000742500000, 0x0000000742500000| Untracked 
| 118|0x0000000742600000, 0x0000000742600000, 0x0000000742700000|  0%| F|  |TAMS 0x0000000742600000, 0x0000000742600000| Untracked 
| 119|0x0000000742700000, 0x0000000742700000, 0x0000000742800000|  0%| F|  |TAMS 0x0000000742700000, 0x0000000742700000| Untracked 
| 120|0x0000000742800000, 0x0000000742800000, 0x0000000742900000|  0%| F|  |TAMS 0x0000000742800000, 0x0000000742800000| Untracked 
| 121|0x0000000742900000, 0x0000000742900000, 0x0000000742a00000|  0%| F|  |TAMS 0x0000000742900000, 0x0000000742900000| Untracked 
| 122|0x0000000742a00000, 0x0000000742a00000, 0x0000000742b00000|  0%| F|  |TAMS 0x0000000742a00000, 0x0000000742a00000| Untracked 
| 123|0x0000000742b00000, 0x0000000742b00000, 0x0000000742c00000|  0%| F|  |TAMS 0x0000000742b00000, 0x0000000742b00000| Untracked 
| 124|0x0000000742c00000, 0x0000000742c00000, 0x0000000742d00000|  0%| F|  |TAMS 0x0000000742c00000, 0x0000000742c00000| Untracked 
| 125|0x0000000742d00000, 0x0000000742d00000, 0x0000000742e00000|  0%| F|  |TAMS 0x0000000742d00000, 0x0000000742d00000| Untracked 
| 126|0x0000000742e00000, 0x0000000742e00000, 0x0000000742f00000|  0%| F|  |TAMS 0x0000000742e00000, 0x0000000742e00000| Untracked 
| 127|0x0000000742f00000, 0x0000000742f00000, 0x0000000743000000|  0%| F|  |TAMS 0x0000000742f00000, 0x0000000742f00000| Untracked 
| 128|0x0000000743000000, 0x0000000743000000, 0x0000000743100000|  0%| F|  |TAMS 0x0000000743000000, 0x0000000743000000| Untracked 
| 129|0x0000000743100000, 0x0000000743100000, 0x0000000743200000|  0%| F|  |TAMS 0x0000000743100000, 0x0000000743100000| Untracked 
| 130|0x0000000743200000, 0x0000000743200000, 0x0000000743300000|  0%| F|  |TAMS 0x0000000743200000, 0x0000000743200000| Untracked 
| 131|0x0000000743300000, 0x0000000743300000, 0x0000000743400000|  0%| F|  |TAMS 0x0000000743300000, 0x0000000743300000| Untracked 
| 132|0x0000000743400000, 0x0000000743400000, 0x0000000743500000|  0%| F|  |TAMS 0x0000000743400000, 0x0000000743400000| Untracked 
| 133|0x0000000743500000, 0x0000000743500000, 0x0000000743600000|  0%| F|  |TAMS 0x0000000743500000, 0x0000000743500000| Untracked 
| 134|0x0000000743600000, 0x0000000743600000, 0x0000000743700000|  0%| F|  |TAMS 0x0000000743600000, 0x0000000743600000| Untracked 
| 135|0x0000000743700000, 0x0000000743700000, 0x0000000743800000|  0%| F|  |TAMS 0x0000000743700000, 0x0000000743700000| Untracked 
| 136|0x0000000743800000, 0x0000000743800000, 0x0000000743900000|  0%| F|  |TAMS 0x0000000743800000, 0x0000000743800000| Untracked 
| 137|0x0000000743900000, 0x0000000743900000, 0x0000000743a00000|  0%| F|  |TAMS 0x0000000743900000, 0x0000000743900000| Untracked 
| 138|0x0000000743a00000, 0x0000000743a00000, 0x0000000743b00000|  0%| F|  |TAMS 0x0000000743a00000, 0x0000000743a00000| Untracked 
| 139|0x0000000743b00000, 0x0000000743b00000, 0x0000000743c00000|  0%| F|  |TAMS 0x0000000743b00000, 0x0000000743b00000| Untracked 
| 140|0x0000000743c00000, 0x0000000743c00000, 0x0000000743d00000|  0%| F|  |TAMS 0x0000000743c00000, 0x0000000743c00000| Untracked 
| 141|0x0000000743d00000, 0x0000000743d00000, 0x0000000743e00000|  0%| F|  |TAMS 0x0000000743d00000, 0x0000000743d00000| Untracked 
| 142|0x0000000743e00000, 0x0000000743e00000, 0x0000000743f00000|  0%| F|  |TAMS 0x0000000743e00000, 0x0000000743e00000| Untracked 
| 143|0x0000000743f00000, 0x0000000743f00000, 0x0000000744000000|  0%| F|  |TAMS 0x0000000743f00000, 0x0000000743f00000| Untracked 
| 144|0x0000000744000000, 0x0000000744000000, 0x0000000744100000|  0%| F|  |TAMS 0x0000000744000000, 0x0000000744000000| Untracked 
| 145|0x0000000744100000, 0x0000000744100000, 0x0000000744200000|  0%| F|  |TAMS 0x0000000744100000, 0x0000000744100000| Untracked 
| 146|0x0000000744200000, 0x0000000744200000, 0x0000000744300000|  0%| F|  |TAMS 0x0000000744200000, 0x0000000744200000| Untracked 
| 147|0x0000000744300000, 0x0000000744300000, 0x0000000744400000|  0%| F|  |TAMS 0x0000000744300000, 0x0000000744300000| Untracked 
| 148|0x0000000744400000, 0x0000000744400000, 0x0000000744500000|  0%| F|  |TAMS 0x0000000744400000, 0x0000000744400000| Untracked 
| 149|0x0000000744500000, 0x0000000744500000, 0x0000000744600000|  0%| F|  |TAMS 0x0000000744500000, 0x0000000744500000| Untracked 
| 150|0x0000000744600000, 0x0000000744600000, 0x0000000744700000|  0%| F|  |TAMS 0x0000000744600000, 0x0000000744600000| Untracked 
| 151|0x0000000744700000, 0x0000000744700000, 0x0000000744800000|  0%| F|  |TAMS 0x0000000744700000, 0x0000000744700000| Untracked 
| 152|0x0000000744800000, 0x0000000744800000, 0x0000000744900000|  0%| F|  |TAMS 0x0000000744800000, 0x0000000744800000| Untracked 
| 153|0x0000000744900000, 0x0000000744900000, 0x0000000744a00000|  0%| F|  |TAMS 0x0000000744900000, 0x0000000744900000| Untracked 
| 154|0x0000000744a00000, 0x0000000744a00000, 0x0000000744b00000|  0%| F|  |TAMS 0x0000000744a00000, 0x0000000744a00000| Untracked 
| 155|0x0000000744b00000, 0x0000000744b00000, 0x0000000744c00000|  0%| F|  |TAMS 0x0000000744b00000, 0x0000000744b00000| Untracked 
| 156|0x0000000744c00000, 0x0000000744c00000, 0x0000000744d00000|  0%| F|  |TAMS 0x0000000744c00000, 0x0000000744c00000| Untracked 
| 157|0x0000000744d00000, 0x0000000744d00000, 0x0000000744e00000|  0%| F|  |TAMS 0x0000000744d00000, 0x0000000744d00000| Untracked 
| 158|0x0000000744e00000, 0x0000000744e00000, 0x0000000744f00000|  0%| F|  |TAMS 0x0000000744e00000, 0x0000000744e00000| Untracked 
| 159|0x0000000744f00000, 0x0000000744f00000, 0x0000000745000000|  0%| F|  |TAMS 0x0000000744f00000, 0x0000000744f00000| Untracked 
| 160|0x0000000745000000, 0x0000000745000000, 0x0000000745100000|  0%| F|  |TAMS 0x0000000745000000, 0x0000000745000000| Untracked 
| 161|0x0000000745100000, 0x0000000745100000, 0x0000000745200000|  0%| F|  |TAMS 0x0000000745100000, 0x0000000745100000| Untracked 
| 162|0x0000000745200000, 0x0000000745200000, 0x0000000745300000|  0%| F|  |TAMS 0x0000000745200000, 0x0000000745200000| Untracked 
| 163|0x0000000745300000, 0x0000000745300000, 0x0000000745400000|  0%| F|  |TAMS 0x0000000745300000, 0x0000000745300000| Untracked 
| 164|0x0000000745400000, 0x0000000745400000, 0x0000000745500000|  0%| F|  |TAMS 0x0000000745400000, 0x0000000745400000| Untracked 
| 165|0x0000000745500000, 0x0000000745500000, 0x0000000745600000|  0%| F|  |TAMS 0x0000000745500000, 0x0000000745500000| Untracked 
| 166|0x0000000745600000, 0x0000000745600000, 0x0000000745700000|  0%| F|  |TAMS 0x0000000745600000, 0x0000000745600000| Untracked 
| 167|0x0000000745700000, 0x0000000745700000, 0x0000000745800000|  0%| F|  |TAMS 0x0000000745700000, 0x0000000745700000| Untracked 
| 168|0x0000000745800000, 0x0000000745800000, 0x0000000745900000|  0%| F|  |TAMS 0x0000000745800000, 0x0000000745800000| Untracked 
| 169|0x0000000745900000, 0x0000000745900000, 0x0000000745a00000|  0%| F|  |TAMS 0x0000000745900000, 0x0000000745900000| Untracked 
| 170|0x0000000745a00000, 0x0000000745a00000, 0x0000000745b00000|  0%| F|  |TAMS 0x0000000745a00000, 0x0000000745a00000| Untracked 
| 171|0x0000000745b00000, 0x0000000745b00000, 0x0000000745c00000|  0%| F|  |TAMS 0x0000000745b00000, 0x0000000745b00000| Untracked 
| 172|0x0000000745c00000, 0x0000000745c00000, 0x0000000745d00000|  0%| F|  |TAMS 0x0000000745c00000, 0x0000000745c00000| Untracked 
| 173|0x0000000745d00000, 0x0000000745d00000, 0x0000000745e00000|  0%| F|  |TAMS 0x0000000745d00000, 0x0000000745d00000| Untracked 
| 174|0x0000000745e00000, 0x0000000745e00000, 0x0000000745f00000|  0%| F|  |TAMS 0x0000000745e00000, 0x0000000745e00000| Untracked 
| 175|0x0000000745f00000, 0x0000000745f00000, 0x0000000746000000|  0%| F|  |TAMS 0x0000000745f00000, 0x0000000745f00000| Untracked 
| 176|0x0000000746000000, 0x0000000746000000, 0x0000000746100000|  0%| F|  |TAMS 0x0000000746000000, 0x0000000746000000| Untracked 
| 177|0x0000000746100000, 0x000000074617b650, 0x0000000746200000| 48%| E|  |TAMS 0x0000000746100000, 0x0000000746100000| Complete 
| 178|0x0000000746200000, 0x0000000746300000, 0x0000000746300000|100%| E|CS|TAMS 0x0000000746200000, 0x0000000746200000| Complete 
| 179|0x0000000746300000, 0x0000000746400000, 0x0000000746400000|100%| E|CS|TAMS 0x0000000746300000, 0x0000000746300000| Complete 
| 180|0x0000000746400000, 0x0000000746500000, 0x0000000746500000|100%| E|CS|TAMS 0x0000000746400000, 0x0000000746400000| Complete 
| 181|0x0000000746500000, 0x0000000746600000, 0x0000000746600000|100%| E|CS|TAMS 0x0000000746500000, 0x0000000746500000| Complete 
| 182|0x0000000746600000, 0x0000000746700000, 0x0000000746700000|100%| E|CS|TAMS 0x0000000746600000, 0x0000000746600000| Complete 
| 183|0x0000000746700000, 0x0000000746800000, 0x0000000746800000|100%| E|CS|TAMS 0x0000000746700000, 0x0000000746700000| Complete 
| 184|0x0000000746800000, 0x0000000746900000, 0x0000000746900000|100%| E|CS|TAMS 0x0000000746800000, 0x0000000746800000| Complete 
| 185|0x0000000746900000, 0x0000000746a00000, 0x0000000746a00000|100%| E|CS|TAMS 0x0000000746900000, 0x0000000746900000| Complete 
| 186|0x0000000746a00000, 0x0000000746b00000, 0x0000000746b00000|100%| E|CS|TAMS 0x0000000746a00000, 0x0000000746a00000| Complete 
| 187|0x0000000746b00000, 0x0000000746c00000, 0x0000000746c00000|100%| E|  |TAMS 0x0000000746b00000, 0x0000000746b00000| Complete 
| 188|0x0000000746c00000, 0x0000000746d00000, 0x0000000746d00000|100%| E|CS|TAMS 0x0000000746c00000, 0x0000000746c00000| Complete 
| 189|0x0000000746d00000, 0x0000000746e00000, 0x0000000746e00000|100%| E|CS|TAMS 0x0000000746d00000, 0x0000000746d00000| Complete 
| 190|0x0000000746e00000, 0x0000000746f00000, 0x0000000746f00000|100%| E|CS|TAMS 0x0000000746e00000, 0x0000000746e00000| Complete 
| 191|0x0000000746f00000, 0x0000000747000000, 0x0000000747000000|100%| E|CS|TAMS 0x0000000746f00000, 0x0000000746f00000| Complete 
| 192|0x0000000747000000, 0x0000000747100000, 0x0000000747100000|100%| E|CS|TAMS 0x0000000747000000, 0x0000000747000000| Complete 
| 193|0x0000000747100000, 0x0000000747200000, 0x0000000747200000|100%| E|CS|TAMS 0x0000000747100000, 0x0000000747100000| Complete 
| 194|0x0000000747200000, 0x0000000747300000, 0x0000000747300000|100%| E|CS|TAMS 0x0000000747200000, 0x0000000747200000| Complete 
| 195|0x0000000747300000, 0x0000000747400000, 0x0000000747400000|100%| E|CS|TAMS 0x0000000747300000, 0x0000000747300000| Complete 
| 196|0x0000000747400000, 0x0000000747500000, 0x0000000747500000|100%| E|CS|TAMS 0x0000000747400000, 0x0000000747400000| Complete 
| 197|0x0000000747500000, 0x0000000747600000, 0x0000000747600000|100%| E|CS|TAMS 0x0000000747500000, 0x0000000747500000| Complete 
|2126|0x00000007bfe00000, 0x00000007bfe48000, 0x00000007bff00000| 28%|OA|  |TAMS 0x00000007bfe00000, 0x00000007bfe00000| Untracked 
|2127|0x00000007bff00000, 0x00000007bff6b000, 0x00000007c0000000| 41%|CA|  |TAMS 0x00000007bff00000, 0x00000007bff00000| Untracked 

Card table byte_map: [0x00007f1cf8828000,0x00007f1cf8e50000] _byte_map_base: 0x00007f1cf4e50000

Marking Bits (Prev, Next): (CMBitMap*) 0x00007f1cf406d4f8, (CMBitMap*) 0x00007f1cf406d530
 Prev Bits: [0x00007f1cd4ec0000, 0x00007f1cd8000000)
 Next Bits: [0x00007f1cd1d80000, 0x00007f1cd4ec0000)

Polling page: 0x00007f1cfb91d000

Metaspace:

Usage:
  Non-class:      5.74 MB capacity,     3.03 MB ( 53%) used,     2.70 MB ( 47%) free+waste,     4.25 KB ( <1%) overhead. 
      Class:    700.00 KB capacity,   402.23 KB ( 57%) used,   295.65 KB ( 42%) free+waste,     2.12 KB ( <1%) overhead. 
       Both:      6.42 MB capacity,     3.42 MB ( 53%) used,     2.99 MB ( 47%) free+waste,     6.38 KB ( <1%) overhead. 

Virtual space:
  Non-class space:        8.00 MB reserved,       6.00 MB ( 75%) committed 
      Class space:        1.00 GB reserved,     768.00 KB ( <1%) committed 
             Both:        1.01 GB reserved,       6.75 MB ( <1%) committed 

Chunk freelists:
   Non-Class:  36.00 KB
       Class:  4.00 KB
        Both:  40.00 KB

MaxMetaspaceSize: unlimited
CompressedClassSpaceSize: 1.00 GB
Initial GC threshold: 20.80 MB
Current GC threshold: 20.80 MB
CDS: on

CodeHeap 'non-profiled nmethods': size=120032Kb used=180Kb max_used=180Kb free=119851Kb
 bounds [0x00007f1ce42c5000, 0x00007f1ce4535000, 0x00007f1ceb7fd000]
CodeHeap 'profiled nmethods': size=120028Kb used=1189Kb max_used=1189Kb free=118838Kb
 bounds [0x00007f1cdcd8e000, 0x00007f1cdcffe000, 0x00007f1ce42c5000]
CodeHeap 'non-nmethods': size=5700Kb used=1147Kb max_used=1171Kb free=4552Kb
 bounds [0x00007f1cdc7fd000, 0x00007f1cdca6d000, 0x00007f1cdcd8e000]
 total_blobs=1041 nmethods=646 adapters=309
 compilation: enabled
              stopped_count=0, restarted_count=0
 full_count=0

Compilation events (20 events):
Event: 4.650 Thread 0x00007f1cf4197000 nmethod 641 0x00007f1cdceab590 code [0x00007f1cdceab740, 0x00007f1cdceab880]
Event: 4.650 Thread 0x00007f1cf4197000  639       1       java.util.zip.ZipEntry::getName (5 bytes)
Event: 4.650 Thread 0x00007f1cf4197000 nmethod 639 0x00007f1ce42f1910 code [0x00007f1ce42f1ac0, 0x00007f1ce42f1b90]
Event: 4.650 Thread 0x00007f1cf4197000  647       3       sun.reflect.annotation.AnnotationInvocationHandler::invoke (178 bytes)
Event: 4.650 Thread 0x00007f1ca4201800  650       4       java.lang.String::indexOf (7 bytes)
Event: 4.670 Thread 0x00007f1cf4197000 nmethod 647 0x00007f1cdceab910 code [0x00007f1cdceabc20, 0x00007f1cdceacd80]
Event: 4.670 Thread 0x00007f1cf4197000  648       3       java.lang.reflect.Method::getParameterCount (6 bytes)
Event: 4.670 Thread 0x00007f1cf4197000 nmethod 648 0x00007f1cdcead310 code [0x00007f1cdcead4c0, 0x00007f1cdcead5f0]
Event: 4.670 Thread 0x00007f1cf4197000  649       3       java.net.URLStreamHandler::toExternalForm (156 bytes)
Event: 4.710 Thread 0x00007f1cf4197000 nmethod 649 0x00007f1cdcead690 code [0x00007f1cdceadb40, 0x00007f1cdceafbb0]
Event: 4.710 Thread 0x00007f1ca4201800 nmethod 650 0x00007f1ce42f1c10 code [0x00007f1ce42f1da0, 0x00007f1ce42f1f78]
Event: 4.710 Thread 0x00007f1cf4197000  652       3       java.lang.String::<init> (55 bytes)
Event: 4.710 Thread 0x00007f1cf4197000 nmethod 652 0x00007f1cdceb0590 code [0x00007f1cdceb0780, 0x00007f1cdceb0b20]
Event: 4.710 Thread 0x00007f1cf4197000  653   !   3       java.lang.StringCoding::decode (362 bytes)
Event: 4.750 Thread 0x00007f1cf4197000 nmethod 653 0x00007f1cdceb0c90 code [0x00007f1cdceb1180, 0x00007f1cdceb3cd0]
Event: 4.750 Thread 0x00007f1cf4197000  654       3       org.antlr.v4.runtime.misc.Interval::of (54 bytes)
Event: 4.750 Thread 0x00007f1cf4197000 nmethod 654 0x00007f1cdceb4b10 code [0x00007f1cdceb4d00, 0x00007f1cdceb5350]
Event: 4.750 Thread 0x00007f1cf4197000  651       3       java.lang.ClassLoader::definePackage (84 bytes)
Event: 4.770 Thread 0x00007f1cf4197000 nmethod 651 0x00007f1cdceb5590 code [0x00007f1cdceb58a0, 0x00007f1cdceb6a30]
Event: 4.770 Thread 0x00007f1cf4197000  655       3       java.nio.CharBuffer::arrayOffset (35 bytes)

GC Heap History (0 events):
No events

Deoptimization events (16 events):
Event: 2.090 Thread 0x00007f1cf4016800 Uncommon trap: trap_request=0xffffff4d fr.pc=0x00007f1ce42d0da0 relative=0x0000000000000360
Event: 2.090 Thread 0x00007f1cf4016800 Uncommon trap: reason=unstable_if action=reinterpret pc=0x00007f1ce42d0da0 method=java.lang.StringLatin1.indexOf([BI[BII)I @ 91 c2
Event: 2.090 Thread 0x00007f1cf4016800 DEOPT PACKING pc=0x00007f1ce42d0da0 sp=0x00007f1cfa0d4cd0
Event: 2.090 Thread 0x00007f1cf4016800 DEOPT UNPACKING pc=0x00007f1cdc8052a5 sp=0x00007f1cfa0d4c50 mode 2
Event: 2.120 Thread 0x00007f1cf4016800 DEOPT PACKING pc=0x00007f1cdcda1343 sp=0x00007f1cfa0d1d30
Event: 2.120 Thread 0x00007f1cf4016800 DEOPT UNPACKING pc=0x00007f1cdc8469fa sp=0x00007f1cfa0d1220 mode 0
Event: 2.160 Thread 0x00007f1cf4016800 DEOPT PACKING pc=0x00007f1cdcda1343 sp=0x00007f1cfa0d1d30
Event: 2.160 Thread 0x00007f1cf4016800 DEOPT UNPACKING pc=0x00007f1cdc8469fa sp=0x00007f1cfa0d1220 mode 0
Event: 2.330 Thread 0x00007f1cf4016800 DEOPT PACKING pc=0x00007f1cdcdf3330 sp=0x00007f1cfa0d64d0
Event: 2.330 Thread 0x00007f1cf4016800 DEOPT UNPACKING pc=0x00007f1cdc8469fa sp=0x00007f1cfa0d5960 mode 0
Event: 2.540 Thread 0x00007f1cf4016800 Uncommon trap: trap_request=0xffffff4d fr.pc=0x00007f1ce42d198c relative=0x000000000000024c
Event: 2.540 Thread 0x00007f1cf4016800 Uncommon trap: reason=unstable_if action=reinterpret pc=0x00007f1ce42d198c method=java.lang.String.startsWith(Ljava/lang/String;I)Z @ 14 c2
Event: 2.540 Thread 0x00007f1cf4016800 DEOPT PACKING pc=0x00007f1ce42d198c sp=0x00007f1cfa0d64d0
Event: 2.540 Thread 0x00007f1cf4016800 DEOPT UNPACKING pc=0x00007f1cdc8052a5 sp=0x00007f1cfa0d6458 mode 2
Event: 3.160 Thread 0x00007f1cf4016800 DEOPT PACKING pc=0x00007f1cdce1ce42 sp=0x00007f1cfa0d55a0
Event: 3.160 Thread 0x00007f1cf4016800 DEOPT UNPACKING pc=0x00007f1cdc8469fa sp=0x00007f1cfa0d4a28 mode 0

Classes redefined (0 events):
No events

Internal exceptions (20 events):
Event: 2.120 Thread 0x00007f1cf4016800 Exception <a 'java/security/PrivilegedActionException'{0x000000074712b748}> (0x000000074712b748) thrown at [src/hotspot/share/prims/jvm.cpp, line 1304]
Event: 2.120 Thread 0x00007f1cf4016800 Exception <a 'java/security/PrivilegedActionException'{0x000000074712ba18}> (0x000000074712ba18) thrown at [src/hotspot/share/prims/jvm.cpp, line 1304]
Event: 2.120 Thread 0x00007f1cf4016800 Exception <a 'java/security/PrivilegedActionException'{0x000000074712c4e0}> (0x000000074712c4e0) thrown at [src/hotspot/share/prims/jvm.cpp, line 1304]
Event: 2.120 Thread 0x00007f1cf4016800 Exception <a 'java/security/PrivilegedActionException'{0x000000074712c7b0}> (0x000000074712c7b0) thrown at [src/hotspot/share/prims/jvm.cpp, line 1304]
Event: 2.120 Thread 0x00007f1cf4016800 Exception <a 'java/security/PrivilegedActionException'{0x000000074712d280}> (0x000000074712d280) thrown at [src/hotspot/share/prims/jvm.cpp, line 1304]
Event: 2.120 Thread 0x00007f1cf4016800 Exception <a 'java/security/PrivilegedActionException'{0x000000074712d550}> (0x000000074712d550) thrown at [src/hotspot/share/prims/jvm.cpp, line 1304]
Event: 2.120 Thread 0x00007f1cf4016800 Exception <a 'java/security/PrivilegedActionException'{0x000000074712e020}> (0x000000074712e020) thrown at [src/hotspot/share/prims/jvm.cpp, line 1304]
Event: 2.120 Thread 0x00007f1cf4016800 Exception <a 'java/security/PrivilegedActionException'{0x000000074712e2f0}> (0x000000074712e2f0) thrown at [src/hotspot/share/prims/jvm.cpp, line 1304]
Event: 2.120 Thread 0x00007f1cf4016800 Exception <a 'java/security/PrivilegedActionException'{0x000000074712ede0}> (0x000000074712ede0) thrown at [src/hotspot/share/prims/jvm.cpp, line 1304]
Event: 2.120 Thread 0x00007f1cf4016800 Exception <a 'java/security/PrivilegedActionException'{0x000000074712f0b0}> (0x000000074712f0b0) thrown at [src/hotspot/share/prims/jvm.cpp, line 1304]
Event: 2.120 Thread 0x00007f1cf4016800 Exception <a 'java/security/PrivilegedActionException'{0x000000074712fb80}> (0x000000074712fb80) thrown at [src/hotspot/share/prims/jvm.cpp, line 1304]
Event: 2.120 Thread 0x00007f1cf4016800 Exception <a 'java/security/PrivilegedActionException'{0x000000074712fe50}> (0x000000074712fe50) thrown at [src/hotspot/share/prims/jvm.cpp, line 1304]
Event: 2.120 Thread 0x00007f1cf4016800 Exception <a 'java/security/PrivilegedActionException'{0x0000000747130948}> (0x0000000747130948) thrown at [src/hotspot/share/prims/jvm.cpp, line 1304]
Event: 2.120 Thread 0x00007f1cf4016800 Exception <a 'java/security/PrivilegedActionException'{0x0000000747130c18}> (0x0000000747130c18) thrown at [src/hotspot/share/prims/jvm.cpp, line 1304]
Event: 2.660 Thread 0x00007f1cf4016800 Exception <a 'java/lang/NoSuchMethodError'{0x00000007470c35c0}: 'int java.lang.invoke.DirectMethodHandle$Holder.invokeStaticInit(java.lang.Object, java.lang.Object, java.lang.Object, java.lang.Object)'> (0x00000007470c35c0) thrown at [src/hotspot/share/interpreter/linkResolver.cpp, line 772]
Event: 2.690 Thread 0x00007f1cf4016800 Exception <a 'java/lang/IncompatibleClassChangeError'{0x00000007470cdaa8}: Found class java.lang.Object, but interface was expected> (0x00000007470cdaa8) thrown at [src/hotspot/share/interpreter/linkResolver.cpp, line 839]
Event: 2.700 Thread 0x00007f1cf4016800 Exception <a 'java/lang/NoSuchMethodError'{0x00000007470d0cf8}: 'void java.lang.invoke.DirectMethodHandle$Holder.invokeStaticInit(java.lang.Object, java.lang.Object)'> (0x00000007470d0cf8) thrown at [src/hotspot/share/interpreter/linkResolver.cpp, line 772]
Event: 2.720 Thread 0x00007f1cf4016800 Exception <a 'java/lang/NoSuchMethodError'{0x00000007470d6e68}: 'int java.lang.invoke.DirectMethodHandle$Holder.invokeStaticInit(java.lang.Object, java.lang.Object)'> (0x00000007470d6e68) thrown at [src/hotspot/share/interpreter/linkResolver.cpp, line 772]
Event: 3.499 Thread 0x00007f1cf4016800 Exception <a 'java/security/PrivilegedActionException'{0x0000000746e5c468}> (0x0000000746e5c468) thrown at [src/hotspot/share/prims/jvm.cpp, line 1304]
Event: 3.500 Thread 0x00007f1cf4016800 Exception <a 'java/security/PrivilegedActionException'{0x0000000746e5c738}> (0x0000000746e5c738) thrown at [src/hotspot/share/prims/jvm.cpp, line 1304]

Events (20 events):
Event: 4.680 loading class symtable/symbol/BasicTypeSymbol
Event: 4.680 loading class symtable/symbol/BasicTypeSymbol done
Event: 4.690 loading class symtable/symbol/BaseSymbol
Event: 4.690 loading class symtable/symbol/BaseSymbol done
Event: 4.700 loading class symtable/type/BaseType
Event: 4.700 loading class symtable/type/BaseType done
Event: 4.710 loading class symtable/symbol/VariableSymbol
Event: 4.710 loading class symtable/symbol/VariableSymbol done
Event: 4.710 loading class symtable/type/ArrayType
Event: 4.710 loading class symtable/type/ArrayType done
Event: 4.720 loading class symtable/scope/FunctionScope
Event: 4.720 loading class symtable/scope/FunctionScope done
Event: 4.720 loading class symtable/type/FunctionType
Event: 4.720 loading class symtable/type/FunctionType done
Event: 4.720 loading class symtable/symbol/FunctionSymbol
Event: 4.720 loading class symtable/symbol/FunctionSymbol done
Event: 4.750 loading class org/bytedeco/javacpp/PointerScope
Event: 4.750 loading class org/bytedeco/javacpp/PointerScope done
Event: 4.760 loading class org/bytedeco/javacpp/PointerScope$1
Event: 4.760 loading class org/bytedeco/javacpp/PointerScope$1 done


Dynamic libraries:
73b000000-747600000 rw-p 00000000 00:00 0 
747600000-7bfe00000 ---p 00000000 00:00 0 
7bfe00000-7bfe48000 rw-p 00b0a000 08:10 51914                            /usr/lib/jvm/java-11-openjdk-amd64/lib/server/classes.jsa
7bfe48000-7bff00000 rw-p 00000000 00:00 0 
7bff00000-7bff6b000 rw-p 00a9f000 08:10 51914                            /usr/lib/jvm/java-11-openjdk-amd64/lib/server/classes.jsa
7bff6b000-7c0000000 rw-p 00000000 00:00 0 
7c0000000-800000000 ---p 00000000 00:00 0 
800000000-800002000 rwxp 00001000 08:10 51914                            /usr/lib/jvm/java-11-openjdk-amd64/lib/server/classes.jsa
800002000-8003cc000 rw-p 00003000 08:10 51914                            /usr/lib/jvm/java-11-openjdk-amd64/lib/server/classes.jsa
8003cc000-800a9d000 r--p 003cd000 08:10 51914                            /usr/lib/jvm/java-11-openjdk-amd64/lib/server/classes.jsa
800a9d000-800a9e000 rw-p 00a9e000 08:10 51914                            /usr/lib/jvm/java-11-openjdk-amd64/lib/server/classes.jsa
840000000-8400c0000 rw-p 00000000 00:00 0 
8400c0000-880000000 ---p 00000000 00:00 0 
55b702a4a000-55b702a4b000 r--p 00000000 08:10 51492                      /usr/lib/jvm/java-11-openjdk-amd64/bin/java
55b702a4b000-55b702a4c000 r-xp 00001000 08:10 51492                      /usr/lib/jvm/java-11-openjdk-amd64/bin/java
55b702a4c000-55b702a4d000 r--p 00002000 08:10 51492                      /usr/lib/jvm/java-11-openjdk-amd64/bin/java
55b702a4d000-55b702a4e000 r--p 00002000 08:10 51492                      /usr/lib/jvm/java-11-openjdk-amd64/bin/java
55b702a4e000-55b702a4f000 rw-p 00003000 08:10 51492                      /usr/lib/jvm/java-11-openjdk-amd64/bin/java
55b70469d000-55b7046be000 rw-p 00000000 00:00 0                          [heap]
7f1c8152c000-7f1c81e52000 r--p 00000000 08:10 59050                      /root/.javacpp/cache/llvm-13.0.1-1.5.7-linux-x86_64.jar/org/bytedeco/llvm/linux-x86_64/libLLVM-13.so
7f1c81e52000-7f1c85815000 r-xp 00926000 08:10 59050                      /root/.javacpp/cache/llvm-13.0.1-1.5.7-linux-x86_64.jar/org/bytedeco/llvm/linux-x86_64/libLLVM-13.so
7f1c85815000-7f1c87a6a000 r--p 042e9000 08:10 59050                      /root/.javacpp/cache/llvm-13.0.1-1.5.7-linux-x86_64.jar/org/bytedeco/llvm/linux-x86_64/libLLVM-13.so
7f1c87a6a000-7f1c87f7f000 r--p 0653d000 08:10 59050                      /root/.javacpp/cache/llvm-13.0.1-1.5.7-linux-x86_64.jar/org/bytedeco/llvm/linux-x86_64/libLLVM-13.so
7f1c87f7f000-7f1c87f8a000 rw-p 06a52000 08:10 59050                      /root/.javacpp/cache/llvm-13.0.1-1.5.7-linux-x86_64.jar/org/bytedeco/llvm/linux-x86_64/libLLVM-13.so
7f1c87f8a000-7f1c88000000 rw-p 00000000 00:00 0 
7f1c88000000-7f1c8804a000 rw-p 00000000 00:00 0 
7f1c8804a000-7f1c8c000000 ---p 00000000 00:00 0 
7f1c8c000000-7f1c8c024000 rw-p 00000000 00:00 0 
7f1c8c024000-7f1c90000000 ---p 00000000 00:00 0 
7f1c90000000-7f1c90021000 rw-p 00000000 00:00 0 
7f1c90021000-7f1c94000000 ---p 00000000 00:00 0 
7f1c94000000-7f1c94021000 rw-p 00000000 00:00 0 
7f1c94021000-7f1c98000000 ---p 00000000 00:00 0 
7f1c98000000-7f1c98021000 rw-p 00000000 00:00 0 
7f1c98021000-7f1c9c000000 ---p 00000000 00:00 0 
7f1c9c000000-7f1c9c021000 rw-p 00000000 00:00 0 
7f1c9c021000-7f1ca0000000 ---p 00000000 00:00 0 
7f1ca0000000-7f1ca03c3000 rw-p 00000000 00:00 0 
7f1ca03c3000-7f1ca4000000 ---p 00000000 00:00 0 
7f1ca4000000-7f1ca433e000 rw-p 00000000 00:00 0 
7f1ca433e000-7f1ca8000000 ---p 00000000 00:00 0 
7f1ca8000000-7f1ca8021000 rw-p 00000000 00:00 0 
7f1ca8021000-7f1cac000000 ---p 00000000 00:00 0 
7f1cac000000-7f1cac021000 rw-p 00000000 00:00 0 
7f1cac021000-7f1cb0000000 ---p 00000000 00:00 0 
7f1cb0000000-7f1cb0021000 rw-p 00000000 00:00 0 
7f1cb0021000-7f1cb4000000 ---p 00000000 00:00 0 
7f1cb4000000-7f1cb4021000 rw-p 00000000 00:00 0 
7f1cb4021000-7f1cb8000000 ---p 00000000 00:00 0 
7f1cb8000000-7f1cb8021000 rw-p 00000000 00:00 0 
7f1cb8021000-7f1cbc000000 ---p 00000000 00:00 0 
7f1cbc000000-7f1cbc021000 rw-p 00000000 00:00 0 
7f1cbc021000-7f1cc0000000 ---p 00000000 00:00 0 
7f1cc0000000-7f1cc0021000 rw-p 00000000 00:00 0 
7f1cc0021000-7f1cc4000000 ---p 00000000 00:00 0 
7f1cc4000000-7f1cc4021000 rw-p 00000000 00:00 0 
7f1cc4021000-7f1cc8000000 ---p 00000000 00:00 0 
7f1cc9df9000-7f1cc9e5e000 r--p 00000000 08:10 59056                      /root/.javacpp/cache/llvm-13.0.1-1.5.7-linux-x86_64.jar/org/bytedeco/llvm/linux-x86_64/libjniLLVM.so
7f1cc9e5e000-7f1cc9ecc000 r-xp 00065000 08:10 59056                      /root/.javacpp/cache/llvm-13.0.1-1.5.7-linux-x86_64.jar/org/bytedeco/llvm/linux-x86_64/libjniLLVM.so
7f1cc9ecc000-7f1cc9ef7000 r--p 000d3000 08:10 59056                      /root/.javacpp/cache/llvm-13.0.1-1.5.7-linux-x86_64.jar/org/bytedeco/llvm/linux-x86_64/libjniLLVM.so
7f1cc9ef7000-7f1cc9efa000 r--p 000fd000 08:10 59056                      /root/.javacpp/cache/llvm-13.0.1-1.5.7-linux-x86_64.jar/org/bytedeco/llvm/linux-x86_64/libjniLLVM.so
7f1cc9efa000-7f1cc9efd000 rw-p 00100000 08:10 59056                      /root/.javacpp/cache/llvm-13.0.1-1.5.7-linux-x86_64.jar/org/bytedeco/llvm/linux-x86_64/libjniLLVM.so
7f1cc9efd000-7f1cc9eff000 rw-p 00000000 00:00 0 
7f1cc9eff000-7f1cc9f03000 ---p 00000000 00:00 0 
7f1cc9f03000-7f1ccc000000 rw-p 00000000 00:00 0 
7f1ccc000000-7f1ccc021000 rw-p 00000000 00:00 0 
7f1ccc021000-7f1cd0000000 ---p 00000000 00:00 0 
7f1cd0025000-7f1cd002c000 r--p 00000000 08:10 59052                      /root/.javacpp/cache/llvm-13.0.1-1.5.7-linux-x86_64.jar/org/bytedeco/llvm/linux-x86_64/libLTO.so.13
7f1cd002c000-7f1cd0034000 r-xp 00007000 08:10 59052                      /root/.javacpp/cache/llvm-13.0.1-1.5.7-linux-x86_64.jar/org/bytedeco/llvm/linux-x86_64/libLTO.so.13
7f1cd0034000-7f1cd0036000 r--p 0000f000 08:10 59052                      /root/.javacpp/cache/llvm-13.0.1-1.5.7-linux-x86_64.jar/org/bytedeco/llvm/linux-x86_64/libLTO.so.13
7f1cd0036000-7f1cd0037000 r--p 00010000 08:10 59052                      /root/.javacpp/cache/llvm-13.0.1-1.5.7-linux-x86_64.jar/org/bytedeco/llvm/linux-x86_64/libLTO.so.13
7f1cd0037000-7f1cd0038000 rw-p 00011000 08:10 59052                      /root/.javacpp/cache/llvm-13.0.1-1.5.7-linux-x86_64.jar/org/bytedeco/llvm/linux-x86_64/libLTO.so.13
7f1cd0038000-7f1cd003c000 ---p 00000000 00:00 0 
7f1cd003c000-7f1cd0139000 rw-p 00000000 00:00 0 
7f1cd0139000-7f1cd013d000 ---p 00000000 00:00 0 
7f1cd013d000-7f1cd023a000 rw-p 00000000 00:00 0 
7f1cd023a000-7f1cd023e000 r--p 00000000 08:10 59044                      /root/.javacpp/cache/javacpp-1.5.7-linux-x86_64.jar/org/bytedeco/javacpp/linux-x86_64/libjnijavacpp.so
7f1cd023e000-7f1cd0245000 r-xp 00004000 08:10 59044                      /root/.javacpp/cache/javacpp-1.5.7-linux-x86_64.jar/org/bytedeco/javacpp/linux-x86_64/libjnijavacpp.so
7f1cd0245000-7f1cd0249000 r--p 0000b000 08:10 59044                      /root/.javacpp/cache/javacpp-1.5.7-linux-x86_64.jar/org/bytedeco/javacpp/linux-x86_64/libjnijavacpp.so
7f1cd0249000-7f1cd024a000 r--p 0000e000 08:10 59044                      /root/.javacpp/cache/javacpp-1.5.7-linux-x86_64.jar/org/bytedeco/javacpp/linux-x86_64/libjnijavacpp.so
7f1cd024a000-7f1cd024b000 rw-p 0000f000 08:10 59044                      /root/.javacpp/cache/javacpp-1.5.7-linux-x86_64.jar/org/bytedeco/javacpp/linux-x86_64/libjnijavacpp.so
7f1cd024b000-7f1cd027c000 rw-p 00000000 00:00 0 
7f1cd027c000-7f1cd0280000 r--p 00000000 08:10 51641                      /usr/lib/jvm/java-11-openjdk-amd64/lib/libnet.so
7f1cd0280000-7f1cd028e000 r-xp 00004000 08:10 51641                      /usr/lib/jvm/java-11-openjdk-amd64/lib/libnet.so
7f1cd028e000-7f1cd0292000 r--p 00012000 08:10 51641                      /usr/lib/jvm/java-11-openjdk-amd64/lib/libnet.so
7f1cd0292000-7f1cd0293000 r--p 00015000 08:10 51641                      /usr/lib/jvm/java-11-openjdk-amd64/lib/libnet.so
7f1cd0293000-7f1cd0294000 rw-p 00016000 08:10 51641                      /usr/lib/jvm/java-11-openjdk-amd64/lib/libnet.so
7f1cd0294000-7f1cd0298000 ---p 00000000 00:00 0 
7f1cd0298000-7f1cd0395000 rw-p 00000000 00:00 0 
7f1cd0395000-7f1cd0396000 ---p 00000000 00:00 0 
7f1cd0396000-7f1cd0497000 rw-p 00000000 00:00 0 
7f1cd0497000-7f1cd049b000 ---p 00000000 00:00 0 
7f1cd049b000-7f1cd0598000 rw-p 00000000 00:00 0 
7f1cd0598000-7f1cd059c000 ---p 00000000 00:00 0 
7f1cd059c000-7f1cd0699000 rw-p 00000000 00:00 0 
7f1cd0699000-7f1cd069d000 ---p 00000000 00:00 0 
7f1cd069d000-7f1cd079a000 rw-p 00000000 00:00 0 
7f1cd079a000-7f1cd079e000 ---p 00000000 00:00 0 
7f1cd079e000-7f1cd089b000 rw-p 00000000 00:00 0 
7f1cd089b000-7f1cd089f000 ---p 00000000 00:00 0 
7f1cd089f000-7f1cd099c000 rw-p 00000000 00:00 0 
7f1cd099c000-7f1cd0b0f000 r--p 00000000 08:10 12354                      /usr/lib/locale/C.UTF-8/LC_COLLATE
7f1cd0b0f000-7f1cd0df5000 r--p 00000000 08:10 4119                       /usr/lib/locale/locale-archive
7f1cd0df5000-7f1cd0df9000 ---p 00000000 00:00 0 
7f1cd0df9000-7f1cd0ef6000 rw-p 00000000 00:00 0 
7f1cd0ef6000-7f1cd0efa000 ---p 00000000 00:00 0 
7f1cd0efa000-7f1cd0ff7000 rw-p 00000000 00:00 0 
7f1cd0ff7000-7f1cd0ff8000 ---p 00000000 00:00 0 
7f1cd0ff8000-7f1cd177a000 rw-p 00000000 00:00 0 
7f1cd177a000-7f1cd197a000 ---p 00000000 00:00 0 
7f1cd197a000-7f1cd197b000 ---p 00000000 00:00 0 
7f1cd197b000-7f1cd1a7c000 rw-p 00000000 00:00 0 
7f1cd1a7c000-7f1cd1a7d000 ---p 00000000 00:00 0 
7f1cd1a7d000-7f1cd2098000 rw-p 00000000 00:00 0 
7f1cd2098000-7f1cd3eb8000 ---p 00000000 00:00 0 
7f1cd3eb8000-7f1cd3ec0000 rw-p 00000000 00:00 0 
7f1cd3ec0000-7f1cd4ec0000 ---p 00000000 00:00 0 
7f1cd4ec0000-7f1cd51d8000 rw-p 00000000 00:00 0 
7f1cd51d8000-7f1cd6ff8000 ---p 00000000 00:00 0 
7f1cd6ff8000-7f1cd7000000 rw-p 00000000 00:00 0 
7f1cd7000000-7f1cd8000000 ---p 00000000 00:00 0 
7f1cd8000000-7f1cd8021000 rw-p 00000000 00:00 0 
7f1cd8021000-7f1cdc000000 ---p 00000000 00:00 0 
7f1cdc006000-7f1cdc007000 r--p 00000000 08:10 59054                      /root/.javacpp/cache/llvm-13.0.1-1.5.7-linux-x86_64.jar/org/bytedeco/llvm/linux-x86_64/libRemarks.so.13
7f1cdc007000-7f1cdc008000 r-xp 00001000 08:10 59054                      /root/.javacpp/cache/llvm-13.0.1-1.5.7-linux-x86_64.jar/org/bytedeco/llvm/linux-x86_64/libRemarks.so.13
7f1cdc008000-7f1cdc009000 r--p 00002000 08:10 59054                      /root/.javacpp/cache/llvm-13.0.1-1.5.7-linux-x86_64.jar/org/bytedeco/llvm/linux-x86_64/libRemarks.so.13
7f1cdc009000-7f1cdc00a000 r--p 00002000 08:10 59054                      /root/.javacpp/cache/llvm-13.0.1-1.5.7-linux-x86_64.jar/org/bytedeco/llvm/linux-x86_64/libRemarks.so.13
7f1cdc00a000-7f1cdc00b000 rw-p 00003000 08:10 59054                      /root/.javacpp/cache/llvm-13.0.1-1.5.7-linux-x86_64.jar/org/bytedeco/llvm/linux-x86_64/libRemarks.so.13
7f1cdc00b000-7f1cdc012000 r--p 00000000 08:10 51642                      /usr/lib/jvm/java-11-openjdk-amd64/lib/libnio.so
7f1cdc012000-7f1cdc01a000 r-xp 00007000 08:10 51642                      /usr/lib/jvm/java-11-openjdk-amd64/lib/libnio.so
7f1cdc01a000-7f1cdc01d000 r--p 0000f000 08:10 51642                      /usr/lib/jvm/java-11-openjdk-amd64/lib/libnio.so
7f1cdc01d000-7f1cdc01e000 r--p 00011000 08:10 51642                      /usr/lib/jvm/java-11-openjdk-amd64/lib/libnio.so
7f1cdc01e000-7f1cdc01f000 rw-p 00012000 08:10 51642                      /usr/lib/jvm/java-11-openjdk-amd64/lib/libnio.so
7f1cdc01f000-7f1cdc051000 r--p 00000000 08:10 12355                      /usr/lib/locale/C.UTF-8/LC_CTYPE
7f1cdc051000-7f1cdc6fb000 rw-p 00000000 00:00 0 
7f1cdc6fb000-7f1cdc6fc000 ---p 00000000 00:00 0 
7f1cdc6fc000-7f1cdc7fd000 rw-p 00000000 00:00 0 
7f1cdc7fd000-7f1cdca6d000 rwxp 00000000 00:00 0 
7f1cdca6d000-7f1cdcd8e000 ---p 00000000 00:00 0 
7f1cdcd8e000-7f1cdcffe000 rwxp 00000000 00:00 0 
7f1cdcffe000-7f1ce42c5000 ---p 00000000 00:00 0 
7f1ce42c5000-7f1ce4535000 rwxp 00000000 00:00 0 
7f1ce4535000-7f1ceb7fd000 ---p 00000000 00:00 0 
7f1ceb7fd000-7f1cf4000000 r--s 00000000 08:10 51651                      /usr/lib/jvm/java-11-openjdk-amd64/lib/modules
7f1cf4000000-7f1cf44f5000 rw-p 00000000 00:00 0 
7f1cf44f5000-7f1cf8000000 ---p 00000000 00:00 0 
7f1cf8002000-7f1cf8003000 r--p 00000000 08:10 12361                      /usr/lib/locale/C.UTF-8/LC_NUMERIC
7f1cf8003000-7f1cf8004000 r--p 00000000 08:10 12365                      /usr/lib/locale/C.UTF-8/LC_TIME
7f1cf8004000-7f1cf8005000 r--p 00000000 08:10 12359                      /usr/lib/locale/C.UTF-8/LC_MONETARY
7f1cf8005000-7f1cf8006000 r--p 00000000 08:10 12358                      /usr/lib/locale/C.UTF-8/LC_MESSAGES/SYS_LC_MESSAGES
7f1cf8006000-7f1cf8007000 r--p 00000000 08:10 12363                      /usr/lib/locale/C.UTF-8/LC_PAPER
7f1cf8007000-7f1cf8008000 r--p 00000000 08:10 12360                      /usr/lib/locale/C.UTF-8/LC_NAME
7f1cf8008000-7f1cf8009000 r--p 00000000 08:10 12353                      /usr/lib/locale/C.UTF-8/LC_ADDRESS
7f1cf8009000-7f1cf800a000 r--p 00000000 08:10 12364                      /usr/lib/locale/C.UTF-8/LC_TELEPHONE
7f1cf800a000-7f1cf8011000 r--s 00000000 08:10 47045                      /usr/lib/x86_64-linux-gnu/gconv/gconv-modules.cache
7f1cf8011000-7f1cf8032000 rw-p 00000000 00:00 0 
7f1cf8032000-7f1cf8033000 ---p 00000000 00:00 0 
7f1cf8033000-7f1cf8263000 rw-p 00000000 00:00 0 
7f1cf8263000-7f1cf8627000 ---p 00000000 00:00 0 
7f1cf8627000-7f1cf8628000 rw-p 00000000 00:00 0 
7f1cf8628000-7f1cf8828000 ---p 00000000 00:00 0 
7f1cf8828000-7f1cf888b000 rw-p 00000000 00:00 0 
7f1cf888b000-7f1cf8c4f000 ---p 00000000 00:00 0 
7f1cf8c4f000-7f1cf8c50000 rw-p 00000000 00:00 0 
7f1cf8c50000-7f1cf8e50000 ---p 00000000 00:00 0 
7f1cf8e50000-7f1cf8eb3000 rw-p 00000000 00:00 0 
7f1cf8eb3000-7f1cf9277000 ---p 00000000 00:00 0 
7f1cf9277000-7f1cf9278000 rw-p 00000000 00:00 0 
7f1cf9278000-7f1cf9478000 ---p 00000000 00:00 0 
7f1cf9478000-7f1cf9c80000 rw-p 00000000 00:00 0 
7f1cf9c80000-7f1cf9c81000 ---p 00000000 00:00 0 
7f1cf9c81000-7f1cf9d87000 rw-p 00000000 00:00 0 
7f1cf9d87000-7f1cf9e6d000 ---p 00000000 00:00 0 
7f1cf9e6d000-7f1cf9e72000 rw-p 00000000 00:00 0 
7f1cf9e72000-7f1cf9f58000 ---p 00000000 00:00 0 
7f1cf9f58000-7f1cf9f5d000 rw-p 00000000 00:00 0 
7f1cf9f5d000-7f1cf9f64000 ---p 00000000 00:00 0 
7f1cf9f64000-7f1cf9f66000 r--p 00000000 08:10 51650                      /usr/lib/jvm/java-11-openjdk-amd64/lib/libzip.so
7f1cf9f66000-7f1cf9f6b000 r-xp 00002000 08:10 51650                      /usr/lib/jvm/java-11-openjdk-amd64/lib/libzip.so
7f1cf9f6b000-7f1cf9f6d000 r--p 00007000 08:10 51650                      /usr/lib/jvm/java-11-openjdk-amd64/lib/libzip.so
7f1cf9f6d000-7f1cf9f6e000 r--p 00008000 08:10 51650                      /usr/lib/jvm/java-11-openjdk-amd64/lib/libzip.so
7f1cf9f6e000-7f1cf9f6f000 rw-p 00009000 08:10 51650                      /usr/lib/jvm/java-11-openjdk-amd64/lib/libzip.so
7f1cf9f6f000-7f1cf9f72000 r--p 00000000 08:10 44390                      /usr/lib/x86_64-linux-gnu/libnss_files-2.31.so
7f1cf9f72000-7f1cf9f79000 r-xp 00003000 08:10 44390                      /usr/lib/x86_64-linux-gnu/libnss_files-2.31.so
7f1cf9f79000-7f1cf9f7b000 r--p 0000a000 08:10 44390                      /usr/lib/x86_64-linux-gnu/libnss_files-2.31.so
7f1cf9f7b000-7f1cf9f7c000 r--p 0000b000 08:10 44390                      /usr/lib/x86_64-linux-gnu/libnss_files-2.31.so
7f1cf9f7c000-7f1cf9f7d000 rw-p 0000c000 08:10 44390                      /usr/lib/x86_64-linux-gnu/libnss_files-2.31.so
7f1cf9f7d000-7f1cf9f83000 rw-p 00000000 00:00 0 
7f1cf9f83000-7f1cf9f84000 r--p 00000000 08:10 12357                      /usr/lib/locale/C.UTF-8/LC_MEASUREMENT
7f1cf9f84000-7f1cf9f86000 r--s 0000c000 08:10 23045                      /usr/share/java/java-atk-wrapper.jar
7f1cf9f86000-7f1cf9f8e000 rw-s 00000000 08:10 53366                      /tmp/hsperfdata_root/10603
7f1cf9f8e000-7f1cf9f9c000 r--p 00000000 08:10 51630                      /usr/lib/jvm/java-11-openjdk-amd64/lib/libjava.so
7f1cf9f9c000-7f1cf9fb2000 r-xp 0000e000 08:10 51630                      /usr/lib/jvm/java-11-openjdk-amd64/lib/libjava.so
7f1cf9fb2000-7f1cf9fb9000 r--p 00024000 08:10 51630                      /usr/lib/jvm/java-11-openjdk-amd64/lib/libjava.so
7f1cf9fb9000-7f1cf9fba000 r--p 0002a000 08:10 51630                      /usr/lib/jvm/java-11-openjdk-amd64/lib/libjava.so
7f1cf9fba000-7f1cf9fbb000 rw-p 0002b000 08:10 51630                      /usr/lib/jvm/java-11-openjdk-amd64/lib/libjava.so
7f1cf9fbb000-7f1cf9fbc000 rw-p 00000000 00:00 0 
7f1cf9fbc000-7f1cf9fc1000 r--p 00000000 08:10 51649                      /usr/lib/jvm/java-11-openjdk-amd64/lib/libverify.so
7f1cf9fc1000-7f1cf9fc8000 r-xp 00005000 08:10 51649                      /usr/lib/jvm/java-11-openjdk-amd64/lib/libverify.so
7f1cf9fc8000-7f1cf9fca000 r--p 0000c000 08:10 51649                      /usr/lib/jvm/java-11-openjdk-amd64/lib/libverify.so
7f1cf9fca000-7f1cf9fcb000 ---p 0000e000 08:10 51649                      /usr/lib/jvm/java-11-openjdk-amd64/lib/libverify.so
7f1cf9fcb000-7f1cf9fcd000 r--p 0000e000 08:10 51649                      /usr/lib/jvm/java-11-openjdk-amd64/lib/libverify.so
7f1cf9fcd000-7f1cf9fce000 rw-p 00010000 08:10 51649                      /usr/lib/jvm/java-11-openjdk-amd64/lib/libverify.so
7f1cf9fce000-7f1cf9fd0000 r--p 00000000 08:10 44399                      /usr/lib/x86_64-linux-gnu/librt-2.31.so
7f1cf9fd0000-7f1cf9fd4000 r-xp 00002000 08:10 44399                      /usr/lib/x86_64-linux-gnu/librt-2.31.so
7f1cf9fd4000-7f1cf9fd6000 r--p 00006000 08:10 44399                      /usr/lib/x86_64-linux-gnu/librt-2.31.so
7f1cf9fd6000-7f1cf9fd7000 r--p 00007000 08:10 44399                      /usr/lib/x86_64-linux-gnu/librt-2.31.so
7f1cf9fd7000-7f1cf9fd8000 rw-p 00008000 08:10 44399                      /usr/lib/x86_64-linux-gnu/librt-2.31.so
7f1cf9fd8000-7f1cf9fdc000 ---p 00000000 00:00 0 
7f1cf9fdc000-7f1cfa0d9000 rw-p 00000000 00:00 0 
7f1cfa0d9000-7f1cfa0dc000 r--p 00000000 08:10 26920                      /usr/lib/x86_64-linux-gnu/libgcc_s.so.1
7f1cfa0dc000-7f1cfa0ee000 r-xp 00003000 08:10 26920                      /usr/lib/x86_64-linux-gnu/libgcc_s.so.1
7f1cfa0ee000-7f1cfa0f2000 r--p 00015000 08:10 26920                      /usr/lib/x86_64-linux-gnu/libgcc_s.so.1
7f1cfa0f2000-7f1cfa0f3000 r--p 00018000 08:10 26920                      /usr/lib/x86_64-linux-gnu/libgcc_s.so.1
7f1cfa0f3000-7f1cfa0f4000 rw-p 00019000 08:10 26920                      /usr/lib/x86_64-linux-gnu/libgcc_s.so.1
7f1cfa0f4000-7f1cfa101000 r--p 00000000 08:10 44384                      /usr/lib/x86_64-linux-gnu/libm-2.31.so
7f1cfa101000-7f1cfa1a8000 r-xp 0000d000 08:10 44384                      /usr/lib/x86_64-linux-gnu/libm-2.31.so
7f1cfa1a8000-7f1cfa241000 r--p 000b4000 08:10 44384                      /usr/lib/x86_64-linux-gnu/libm-2.31.so
7f1cfa241000-7f1cfa242000 r--p 0014c000 08:10 44384                      /usr/lib/x86_64-linux-gnu/libm-2.31.so
7f1cfa242000-7f1cfa243000 rw-p 0014d000 08:10 44384                      /usr/lib/x86_64-linux-gnu/libm-2.31.so
7f1cfa243000-7f1cfa2d9000 r--p 00000000 08:10 27246                      /usr/lib/x86_64-linux-gnu/libstdc++.so.6.0.28
7f1cfa2d9000-7f1cfa3ca000 r-xp 00096000 08:10 27246                      /usr/lib/x86_64-linux-gnu/libstdc++.so.6.0.28
7f1cfa3ca000-7f1cfa413000 r--p 00187000 08:10 27246                      /usr/lib/x86_64-linux-gnu/libstdc++.so.6.0.28
7f1cfa413000-7f1cfa414000 ---p 001d0000 08:10 27246                      /usr/lib/x86_64-linux-gnu/libstdc++.so.6.0.28
7f1cfa414000-7f1cfa41f000 r--p 001d0000 08:10 27246                      /usr/lib/x86_64-linux-gnu/libstdc++.so.6.0.28
7f1cfa41f000-7f1cfa422000 rw-p 001db000 08:10 27246                      /usr/lib/x86_64-linux-gnu/libstdc++.so.6.0.28
7f1cfa422000-7f1cfa425000 rw-p 00000000 00:00 0 
7f1cfa425000-7f1cfa6a7000 r--p 00000000 08:10 51656                      /usr/lib/jvm/java-11-openjdk-amd64/lib/server/libjvm.so
7f1cfa6a7000-7f1cfb330000 r-xp 00282000 08:10 51656                      /usr/lib/jvm/java-11-openjdk-amd64/lib/server/libjvm.so
7f1cfb330000-7f1cfb58d000 r--p 00f0b000 08:10 51656                      /usr/lib/jvm/java-11-openjdk-amd64/lib/server/libjvm.so
7f1cfb58d000-7f1cfb58e000 ---p 01168000 08:10 51656                      /usr/lib/jvm/java-11-openjdk-amd64/lib/server/libjvm.so
7f1cfb58e000-7f1cfb652000 r--p 01168000 08:10 51656                      /usr/lib/jvm/java-11-openjdk-amd64/lib/server/libjvm.so
7f1cfb652000-7f1cfb68d000 rw-p 0122c000 08:10 51656                      /usr/lib/jvm/java-11-openjdk-amd64/lib/server/libjvm.so
7f1cfb68d000-7f1cfb6e6000 rw-p 00000000 00:00 0 
7f1cfb6e6000-7f1cfb6ec000 r--p 00000000 08:10 44396                      /usr/lib/x86_64-linux-gnu/libpthread-2.31.so
7f1cfb6ec000-7f1cfb6fd000 r-xp 00006000 08:10 44396                      /usr/lib/x86_64-linux-gnu/libpthread-2.31.so
7f1cfb6fd000-7f1cfb703000 r--p 00017000 08:10 44396                      /usr/lib/x86_64-linux-gnu/libpthread-2.31.so
7f1cfb703000-7f1cfb704000 r--p 0001c000 08:10 44396                      /usr/lib/x86_64-linux-gnu/libpthread-2.31.so
7f1cfb704000-7f1cfb705000 rw-p 0001d000 08:10 44396                      /usr/lib/x86_64-linux-gnu/libpthread-2.31.so
7f1cfb705000-7f1cfb709000 rw-p 00000000 00:00 0 
7f1cfb709000-7f1cfb70a000 r--p 00000000 08:10 44383                      /usr/lib/x86_64-linux-gnu/libdl-2.31.so
7f1cfb70a000-7f1cfb70c000 r-xp 00001000 08:10 44383                      /usr/lib/x86_64-linux-gnu/libdl-2.31.so
7f1cfb70c000-7f1cfb70d000 r--p 00003000 08:10 44383                      /usr/lib/x86_64-linux-gnu/libdl-2.31.so
7f1cfb70d000-7f1cfb70e000 r--p 00003000 08:10 44383                      /usr/lib/x86_64-linux-gnu/libdl-2.31.so
7f1cfb70e000-7f1cfb70f000 rw-p 00004000 08:10 44383                      /usr/lib/x86_64-linux-gnu/libdl-2.31.so
7f1cfb70f000-7f1cfb711000 r--p 00000000 08:10 11221                      /usr/lib/x86_64-linux-gnu/libz.so.1.2.11
7f1cfb711000-7f1cfb722000 r-xp 00002000 08:10 11221                      /usr/lib/x86_64-linux-gnu/libz.so.1.2.11
7f1cfb722000-7f1cfb728000 r--p 00013000 08:10 11221                      /usr/lib/x86_64-linux-gnu/libz.so.1.2.11
7f1cfb728000-7f1cfb729000 ---p 00019000 08:10 11221                      /usr/lib/x86_64-linux-gnu/libz.so.1.2.11
7f1cfb729000-7f1cfb72a000 r--p 00019000 08:10 11221                      /usr/lib/x86_64-linux-gnu/libz.so.1.2.11
7f1cfb72a000-7f1cfb72b000 rw-p 0001a000 08:10 11221                      /usr/lib/x86_64-linux-gnu/libz.so.1.2.11
7f1cfb72b000-7f1cfb74d000 r--p 00000000 08:10 44382                      /usr/lib/x86_64-linux-gnu/libc-2.31.so
7f1cfb74d000-7f1cfb8c5000 r-xp 00022000 08:10 44382                      /usr/lib/x86_64-linux-gnu/libc-2.31.so
7f1cfb8c5000-7f1cfb913000 r--p 0019a000 08:10 44382                      /usr/lib/x86_64-linux-gnu/libc-2.31.so
7f1cfb913000-7f1cfb917000 r--p 001e7000 08:10 44382                      /usr/lib/x86_64-linux-gnu/libc-2.31.so
7f1cfb917000-7f1cfb919000 rw-p 001eb000 08:10 44382                      /usr/lib/x86_64-linux-gnu/libc-2.31.so
7f1cfb919000-7f1cfb91d000 rw-p 00000000 00:00 0 
7f1cfb91d000-7f1cfb91e000 ---p 00000000 00:00 0 
7f1cfb91e000-7f1cfb91f000 r--p 00000000 00:00 0 
7f1cfb91f000-7f1cfb921000 r--p 00000000 08:10 51633                      /usr/lib/jvm/java-11-openjdk-amd64/lib/libjimage.so
7f1cfb921000-7f1cfb924000 r-xp 00002000 08:10 51633                      /usr/lib/jvm/java-11-openjdk-amd64/lib/libjimage.so
7f1cfb924000-7f1cfb925000 r--p 00005000 08:10 51633                      /usr/lib/jvm/java-11-openjdk-amd64/lib/libjimage.so
7f1cfb925000-7f1cfb926000 ---p 00006000 08:10 51633                      /usr/lib/jvm/java-11-openjdk-amd64/lib/libjimage.so
7f1cfb926000-7f1cfb927000 r--p 00006000 08:10 51633                      /usr/lib/jvm/java-11-openjdk-amd64/lib/libjimage.so
7f1cfb927000-7f1cfb928000 rw-p 00007000 08:10 51633                      /usr/lib/jvm/java-11-openjdk-amd64/lib/libjimage.so
7f1cfb928000-7f1cfb92b000 r--p 00000000 08:10 51615                      /usr/lib/jvm/java-11-openjdk-amd64/lib/jli/libjli.so
7f1cfb92b000-7f1cfb935000 r-xp 00003000 08:10 51615                      /usr/lib/jvm/java-11-openjdk-amd64/lib/jli/libjli.so
7f1cfb935000-7f1cfb938000 r--p 0000d000 08:10 51615                      /usr/lib/jvm/java-11-openjdk-amd64/lib/jli/libjli.so
7f1cfb938000-7f1cfb939000 ---p 00010000 08:10 51615                      /usr/lib/jvm/java-11-openjdk-amd64/lib/jli/libjli.so
7f1cfb939000-7f1cfb93a000 r--p 00010000 08:10 51615                      /usr/lib/jvm/java-11-openjdk-amd64/lib/jli/libjli.so
7f1cfb93a000-7f1cfb93b000 rw-p 00011000 08:10 51615                      /usr/lib/jvm/java-11-openjdk-amd64/lib/jli/libjli.so
7f1cfb93b000-7f1cfb93d000 rw-p 00000000 00:00 0 
7f1cfb93d000-7f1cfb93e000 r--p 00000000 08:10 44378                      /usr/lib/x86_64-linux-gnu/ld-2.31.so
7f1cfb93e000-7f1cfb961000 r-xp 00001000 08:10 44378                      /usr/lib/x86_64-linux-gnu/ld-2.31.so
7f1cfb961000-7f1cfb969000 r--p 00024000 08:10 44378                      /usr/lib/x86_64-linux-gnu/ld-2.31.so
7f1cfb969000-7f1cfb96a000 r--p 00000000 08:10 12356                      /usr/lib/locale/C.UTF-8/LC_IDENTIFICATION
7f1cfb96a000-7f1cfb96b000 r--p 0002c000 08:10 44378                      /usr/lib/x86_64-linux-gnu/ld-2.31.so
7f1cfb96b000-7f1cfb96c000 rw-p 0002d000 08:10 44378                      /usr/lib/x86_64-linux-gnu/ld-2.31.so
7f1cfb96c000-7f1cfb96d000 rw-p 00000000 00:00 0 
7ffd2280b000-7ffd2282d000 rw-p 00000000 00:00 0                          [stack]
7ffd22997000-7ffd2299b000 r--p 00000000 00:00 0                          [vvar]
7ffd2299b000-7ffd2299c000 r-xp 00000000 00:00 0                          [vdso]


VM Arguments:
jvm_args: -Dfile.encoding=UTF-8 
java_command: Main ./tests/test1.sysy ./tests/test1_ans.txt
java_class_path (initial): /root/CompilerLab/Lab/target/classes:/usr/local/lib/antlr-4.10.1-complete.jar:/root/.m2/repository/org/bytedeco/llvm-platform/13.0.1-1.5.7/llvm-platform-13.0.1-1.5.7.jar:/root/.m2/repository/org/bytedeco/javacpp-platform/1.5.7/javacpp-platform-1.5.7.jar:/root/.m2/repository/org/bytedeco/javacpp/1.5.7/javacpp-1.5.7.jar:/root/.m2/repository/org/bytedeco/javacpp/1.5.7/javacpp-1.5.7-android-arm.jar:/root/.m2/repository/org/bytedeco/javacpp/1.5.7/javacpp-1.5.7-android-arm64.jar:/root/.m2/repository/org/bytedeco/javacpp/1.5.7/javacpp-1.5.7-android-x86.jar:/root/.m2/repository/org/bytedeco/javacpp/1.5.7/javacpp-1.5.7-android-x86_64.jar:/root/.m2/repository/org/bytedeco/javacpp/1.5.7/javacpp-1.5.7-ios-arm64.jar:/root/.m2/repository/org/bytedeco/javacpp/1.5.7/javacpp-1.5.7-ios-x86_64.jar:/root/.m2/repository/org/bytedeco/javacpp/1.5.7/javacpp-1.5.7-linux-armhf.jar:/root/.m2/repository/org/bytedeco/javacpp/1.5.7/javacpp-1.5.7-linux-arm64.jar:/root/.m2/repository/org/bytedeco/javacpp/1.5.7/javacpp-1.5.7-linux-ppc64le.jar:/root/.m2/repository/org/bytedeco/javacpp/1.5.7/javacpp-1.5.7-linux-x86.jar:/root/.m2/repository/org/bytedeco/javacpp/1.5.7/javacpp-1.5.7-linux-x86_64.jar:/root/.m2/repository/org/bytedeco/javacpp/1.5.7/javacpp-1.5.7-macosx-arm64.jar:/root/.m2/repository/org/bytedeco/javacpp/1.5.7/javacpp-1.5.7-macosx-x86_64.jar:/root/.m2/repository/org/bytedeco/javacpp/1.5.7/javacpp-1.5.7-windows-x86.jar:/root/.m2/repository/org/bytedeco/javacpp/1.5.7/javacpp-1.5.7-windows-x86_64.jar:/root/.m2/repository/org/bytedeco/llvm/13.0.1-1.5.7/llvm-13.0.1-1.5.7.jar:/root/.m2/repository/org/bytedeco/llvm/13.0.1-1.5.7/llvm-13.0.1-1.5.7-linux-x86.jar:/root/.m2/repository/org/bytedeco/llvm/13.0.1-1.5.7/llvm-13.0.1-1.5.7-linux-x86_64.jar:/root/.m2/repository/org/bytedeco/llvm/13.0.1-1.5.7/llvm-13.0.1-1.5.7-linux-armhf.jar:/root/.m2/repository/org/bytedeco/llvm/13.0.1-1.5.7/llvm-13.0.1-1.5.7-linux-arm64.jar:/root/.m2/repository/org/bytedeco/llvm/13.0.1-1.5.7/llv
Launcher Type: SUN_STANDARD

[Global flags]
     intx CICompilerCount                          = 4                                         {product} {ergonomic}
     uint ConcGCThreads                            = 2                                         {product} {ergonomic}
     uint G1ConcRefinementThreads                  = 8                                         {product} {ergonomic}
   size_t G1HeapRegionSize                         = 1048576                                   {product} {ergonomic}
    uintx GCDrainStackTargetSize                   = 64                                        {product} {ergonomic}
   size_t InitialHeapSize                          = 207618048                                 {product} {ergonomic}
   size_t MarkStackSize                            = 4194304                                   {product} {ergonomic}
   size_t MaxHeapSize                              = 3305111552                                {product} {ergonomic}
   size_t MaxNewSize                               = 1982857216                                {product} {ergonomic}
   size_t MinHeapDeltaBytes                        = 1048576                                   {product} {ergonomic}
    uintx NonNMethodCodeHeapSize                   = 5836300                                {pd product} {ergonomic}
    uintx NonProfiledCodeHeapSize                  = 122910970                              {pd product} {ergonomic}
    uintx ProfiledCodeHeapSize                     = 122910970                              {pd product} {ergonomic}
    uintx ReservedCodeCacheSize                    = 251658240                              {pd product} {ergonomic}
     bool SegmentedCodeCache                       = true                                      {product} {ergonomic}
     bool UseCompressedClassPointers               = true                                 {lp64_product} {ergonomic}
     bool UseCompressedOops                        = true                                 {lp64_product} {ergonomic}
     bool UseG1GC                                  = true                                      {product} {ergonomic}

Logging:
Log output configuration:
 #0: stdout all=warning uptime,level,tags
 #1: stderr all=off uptime,level,tags

Environment Variables:
PATH=/usr/local/sbin:/usr/local/bin:/usr/sbin:/usr/bin:/sbin:/bin:/usr/games:/usr/local/games:/usr/lib/wsl/lib:/mnt/c/Program Files (x86)/Common Files/Oracle/Java/javapath:/mnt/c/Python310/Scripts/:/mnt/c/Python310/:/mnt/c/Program Files/MySQL/MySQL Server 8.0/bin:/mnt/c/Windows/system32:/mnt/c/Windows:/mnt/c/Windows/System32/Wbem:/mnt/c/Windows/System32/WindowsPowerShell/v1.0/:/mnt/c/Windows/System32/OpenSSH/:/mnt/c/ProgramData/chocolatey/bin:/mnt/c/Program Files/Pandoc/:/mnt/d//Ne:/mnt/d/Applications/mingw-w64/x86_64-8.1.0-release-win32-seh-rt_v6-rev0/bin:/mnt/c/Program Files/Java/jdk-15.0.2/bin:/mnt/c/Program Files/Java/jdk-15.0.2/jre/bin:/mnt/d/Applications/scala/bin:/mnt/d/Applications/scala/jre/bin:/mnt/d/Applications/Prince/engine/bin:/mnt/d/Applications/Maven/apache-maven-3.8.6/bin:/mnt/c/Program Files/Git/cmd:/mnt/d//Tencent/web/dll:/mnt/d/Applications/nodejs/:/mnt/c/Users/20125/AppData/Local/Programs/Python/Python38/Scripts/:/mnt/c/Users/20125/AppData/Local/Programs/Python/Python38/:/mnt/c/Users/20125/AppData/Local/Microsoft/WindowsApps:/mnt/c/Program Files/JetBrains/IntelliJ IDEA 2021.3/bin:/mnt/c/Program Files/JetBrains/PyCharm 2021.3.1/bin:/mnt/d//JetBrains/WebStorm 2021.3.1/bin:/mnt/d//JetBrains/CLion 2021.3.2/bin:/mnt/c/Users/20125/AppData/Local/GitHubDesktop/bin:/mnt/d//JetBrains/DataGrip 2021.3.4/bin:/mnt/d/Applications/Microsoft VS Code/bin:/mnt/c/Users/20125/AppData/Local/JetBrains/Toolbox/scripts:/mnt/c/Program Files/jdk-15.0.2/jre/bin:/mnt/c/Program Files/jdk-15.0.2/bin:/mnt/c/Users/20125/AppData/Roaming/npm
SHELL=/bin/sh
HOSTTYPE=x86_64
LANG=C.UTF-8
TERM=xterm-256color

Signal Handlers:
SIGSEGV: [libjvm.so+0xe97eb0], sa_mask[0]=11111111011111111101111111111110, sa_flags=SA_RESTART|SA_SIGINFO
SIGBUS: [libjvm.so+0xe97eb0], sa_mask[0]=11111111011111111101111111111110, sa_flags=SA_RESTART|SA_SIGINFO
SIGFPE: [libjvm.so+0xe97eb0], sa_mask[0]=11111111011111111101111111111110, sa_flags=SA_RESTART|SA_SIGINFO
SIGPIPE: [libjvm.so+0xbde850], sa_mask[0]=11111111011111111101111111111110, sa_flags=SA_RESTART|SA_SIGINFO
SIGXFSZ: [libjvm.so+0xbde850], sa_mask[0]=11111111011111111101111111111110, sa_flags=SA_RESTART|SA_SIGINFO
SIGILL: [libjvm.so+0xe97eb0], sa_mask[0]=11111111011111111101111111111110, sa_flags=SA_RESTART|SA_SIGINFO
SIGUSR2: [libjvm.so+0xbde6f0], sa_mask[0]=00000000000000000000000000000000, sa_flags=SA_RESTART|SA_SIGINFO
SIGHUP: [libjvm.so+0xbde9e0], sa_mask[0]=11111111011111111101111111111110, sa_flags=SA_RESTART|SA_SIGINFO
SIGINT: [libjvm.so+0xbde9e0], sa_mask[0]=11111111011111111101111111111110, sa_flags=SA_RESTART|SA_SIGINFO
SIGTERM: [libjvm.so+0xbde9e0], sa_mask[0]=11111111011111111101111111111110, sa_flags=SA_RESTART|SA_SIGINFO
SIGQUIT: [libjvm.so+0xbde9e0], sa_mask[0]=11111111011111111101111111111110, sa_flags=SA_RESTART|SA_SIGINFO


---------------  S Y S T E M  ---------------

OS:DISTRIB_ID=Ubuntu
DISTRIB_RELEASE=20.04
DISTRIB_CODENAME=focal
DISTRIB_DESCRIPTION="Ubuntu 20.04.5 LTS"
uname:Linux 5.10.16.3-microsoft-standard-WSL2 #1 SMP Fri Apr 2 22:23:49 UTC 2021 x86_64
OS uptime: 0 days 13:17 hours
libc:glibc 2.31 NPTL 2.31 
rlimit (soft/hard): STACK 8192k/infinity , CORE 0k/infinity , NPROC 50409/50409 , NOFILE 4096/4096 , AS infinity/infinity , CPU infinity/infinity , DATA infinity/infinity , FSIZE infinity/infinity , MEMLOCK 64k/64k
load average:1.46 0.69 0.41

/proc/meminfo:
MemTotal:       12909048 kB
MemFree:        12372648 kB
MemAvailable:   12359452 kB
Buffers:           18344 kB
Cached:           193884 kB
SwapCached:            0 kB
Active:           156856 kB
Inactive:         261912 kB
Active(anon):         96 kB
Inactive(anon):   206500 kB
Active(file):     156760 kB
Inactive(file):    55412 kB
Unevictable:           0 kB
Mlocked:               0 kB
SwapTotal:       4194304 kB
SwapFree:        4194304 kB
Dirty:                 8 kB
Writeback:             0 kB
AnonPages:        206616 kB
Mapped:            60188 kB
Shmem:                68 kB
KReclaimable:      20292 kB
Slab:              47124 kB
SReclaimable:      20292 kB
SUnreclaim:        26832 kB
KernelStack:        2832 kB
PageTables:         1692 kB
NFS_Unstable:          0 kB
Bounce:                0 kB
WritebackTmp:          0 kB
CommitLimit:    10648828 kB
Committed_AS:     670680 kB
VmallocTotal:   34359738367 kB
VmallocUsed:       22828 kB
VmallocChunk:          0 kB
Percpu:             2432 kB
AnonHugePages:    141312 kB
ShmemHugePages:        0 kB
ShmemPmdMapped:        0 kB
FileHugePages:         0 kB
FilePmdMapped:         0 kB
HugePages_Total:       0
HugePages_Free:        0
HugePages_Rsvd:        0
HugePages_Surp:        0
Hugepagesize:       2048 kB
Hugetlb:               0 kB
DirectMap4k:       17408 kB
DirectMap2M:     3784704 kB
DirectMap1G:     9437184 kB

/sys/kernel/mm/transparent_hugepage/enabled:
[always] madvise never
/sys/kernel/mm/transparent_hugepage/defrag (defrag/compaction efforts parameter):
always defer defer+madvise [madvise] never

Process Memory:
Virtual Size: 6260496K (peak: 14706388K)
Resident Set Size: 111284K (peak: 111284K) (anon: 55628K, file: 55656K, shmem: 0K)
Swapped out: 0K
C-Heap outstanding allocations: 30784K, retained: 2607K
glibc malloc tunables: (default)

/proc/sys/kernel/threads-max (system-wide limit on the number of threads):
100818
/proc/sys/vm/max_map_count (maximum number of memory map areas a process may have):
65530
/proc/sys/kernel/pid_max (system-wide limit on number of process identifiers):
32768

container (cgroup) information:
container_type: cgroupv1
cpu_cpuset_cpus: 0-7
cpu_memory_nodes: 0
active_processor_count: 8
cpu_quota: no quota
cpu_period: 100000
cpu_shares: no shares
memory_limit_in_bytes: unlimited
memory_and_swap_limit_in_bytes: unlimited
memory_soft_limit_in_bytes: unlimited
memory_usage_in_bytes: 418456 k
memory_max_usage_in_bytes: 1132688 k
maximum number of tasks: not supported
current number of tasks: not supported

Hyper-V virtualization detected
Steal ticks since vm start: 0
Steal ticks percentage since vm start:  0.000

CPU:total 8 (initial active 8) (4 cores per cpu, 2 threads per core) family 6 model 140 stepping 1 microcode 0xffffffff, cmov, cx8, fxsr, mmx, sse, sse2, sse3, ssse3, sse4.1, sse4.2, popcnt, avx, avx2, aes, clmul, erms, 3dnowpref, lzcnt, ht, tsc, tscinvbit, bmi1, bmi2, adx, evex, sha, fma
CPU Model and flags from /proc/cpuinfo:
model name	: 11th Gen Intel(R) Core(TM) i7-1165G7 @ 2.80GHz
flags		: fpu vme de pse tsc msr pae mce cx8 apic sep mtrr pge mca cmov pat pse36 clflush mmx fxsr sse sse2 ss ht syscall nx pdpe1gb rdtscp lm constant_tsc rep_good nopl xtopology tsc_reliable nonstop_tsc cpuid pni pclmulqdq ssse3 fma cx16 pcid sse4_1 sse4_2 movbe popcnt aes xsave avx f16c rdrand hypervisor lahf_lm abm 3dnowprefetch invpcid_single ssbd ibrs ibpb stibp ibrs_enhanced fsgsbase bmi1 avx2 smep bmi2 erms invpcid avx512f avx512dq rdseed adx smap avx512ifma clflushopt clwb avx512cd sha_ni avx512bw avx512vl xsaveopt xsavec xgetbv1 xsaves avx512vbmi umip avx512_vbmi2 gfni vaes vpclmulqdq avx512_vnni avx512_bitalg avx512_vpopcntdq rdpid fsrm avx512_vp2intersect flush_l1d arch_capabilities
Online cpus:
0-7
Offline cpus:

BIOS frequency limitation:
<Not Available>
Frequency switch latency (ns):
<Not Available>
Available cpu frequencies:
<Not Available>
Current governor:
<Not Available>
Core performance/turbo boost:
<Not Available>

Memory: 4k page, physical 12909048k(12372648k free), swap 4194304k(4194304k free)

vm_info: OpenJDK 64-Bit Server VM (11.0.17+8-post-Ubuntu-1ubuntu220.04) for linux-amd64 JRE (11.0.17+8-post-Ubuntu-1ubuntu220.04), built on Oct 25 2022 09:30:51 by "unknown" with gcc 9.4.0

END.
