#
# A fatal error has been detected by the Java Runtime Environment:
#
#  SIGSEGV (0xb) at pc=0x00007ff502158a66, pid=14613, tid=14614
#
# JRE version: OpenJDK Runtime Environment (11.0.17+8) (build 11.0.17+8-post-Ubuntu-1ubuntu220.04)
# Java VM: OpenJDK 64-Bit Server VM (11.0.17+8-post-Ubuntu-1ubuntu220.04, mixed mode, sharing, tiered, compressed oops, g1 gc, linux-amd64)
# Problematic frame:
# C  [libLLVM-13.so+0xc2ca66]  LLVMBuildStore+0x26
#
# No core dump will be written. Core dumps have been disabled. To enable core dumping, try "ulimit -c unlimited" before starting Java again
#
# If you would like to submit a bug report, please visit:
#   https://bugs.launchpad.net/ubuntu/+source/openjdk-lts
# The crash happened outside the Java Virtual Machine in native code.
# See problematic frame for where to report the bug.
#

---------------  S U M M A R Y ------------

Command Line: -Dfile.encoding=UTF-8 Main ./tests/test1.sysy ./tests/test1_ans.txt

Host: 11th Gen Intel(R) Core(TM) i7-1165G7 @ 2.80GHz, 8 cores, 12G, Ubuntu 20.04.3 LTS
Time: Sun Jan  8 13:31:59 2023 CST elapsed time: 0.275848 seconds (0d 0h 0m 0s)

---------------  T H R E A D  ---------------

Current thread (0x00007ff56c016800):  JavaThread "main" [_thread_in_native, id=14614, stack(0x00007ff5700b5000,0x00007ff5701b6000)]

Stack: [0x00007ff5700b5000,0x00007ff5701b6000],  sp=0x00007ff5701b3b50,  free space=1018k
Native frames: (J=compiled Java code, A=aot compiled Java code, j=interpreted, Vv=VM code, C=native code)
C  [libLLVM-13.so+0xc2ca66]  LLVMBuildStore+0x26

Java frames: (J=compiled Java code, j=interpreted, Vv=VM code)
j  org.bytedeco.llvm.global.LLVM.LLVMBuildStore(Lorg/bytedeco/llvm/LLVM/LLVMBuilderRef;Lorg/bytedeco/llvm/LLVM/LLVMValueRef;Lorg/bytedeco/llvm/LLVM/LLVMValueRef;)Lorg/bytedeco/llvm/LLVM/LLVMValueRef;+0
j  FunctionAndVarIRVisitor.visitVarDef(LSysYParser$VarDefContext;)Lorg/bytedeco/llvm/LLVM/LLVMValueRef;+59
j  FunctionAndVarIRVisitor.visitVarDef(LSysYParser$VarDefContext;)Ljava/lang/Object;+2
j  SysYParser$VarDefContext.accept(Lorg/antlr/v4/runtime/tree/ParseTreeVisitor;)Ljava/lang/Object;+12
j  org.antlr.v4.runtime.tree.AbstractParseTreeVisitor.visitChildren(Lorg/antlr/v4/runtime/tree/RuleNode;)Ljava/lang/Object;+46
j  SysYParserBaseVisitor.visitVarDecl(LSysYParser$VarDeclContext;)Ljava/lang/Object;+2
j  SysYParser$VarDeclContext.accept(Lorg/antlr/v4/runtime/tree/ParseTreeVisitor;)Ljava/lang/Object;+12
j  org.antlr.v4.runtime.tree.AbstractParseTreeVisitor.visitChildren(Lorg/antlr/v4/runtime/tree/RuleNode;)Ljava/lang/Object;+46
j  SysYParserBaseVisitor.visitDecl(LSysYParser$DeclContext;)Ljava/lang/Object;+2
j  SysYParser$DeclContext.accept(Lorg/antlr/v4/runtime/tree/ParseTreeVisitor;)Ljava/lang/Object;+12
j  org.antlr.v4.runtime.tree.AbstractParseTreeVisitor.visitChildren(Lorg/antlr/v4/runtime/tree/RuleNode;)Ljava/lang/Object;+46
j  SysYParserBaseVisitor.visitBlockItem(LSysYParser$BlockItemContext;)Ljava/lang/Object;+2
j  SysYParser$BlockItemContext.accept(Lorg/antlr/v4/runtime/tree/ParseTreeVisitor;)Ljava/lang/Object;+12
j  org.antlr.v4.runtime.tree.AbstractParseTreeVisitor.visitChildren(Lorg/antlr/v4/runtime/tree/RuleNode;)Ljava/lang/Object;+46
j  SysYParserBaseVisitor.visitBlock(LSysYParser$BlockContext;)Ljava/lang/Object;+2
j  SysYParser$BlockContext.accept(Lorg/antlr/v4/runtime/tree/ParseTreeVisitor;)Ljava/lang/Object;+12
j  org.antlr.v4.runtime.tree.AbstractParseTreeVisitor.visitChildren(Lorg/antlr/v4/runtime/tree/RuleNode;)Ljava/lang/Object;+46
j  SysYParserBaseVisitor.visitFuncDef(LSysYParser$FuncDefContext;)Ljava/lang/Object;+2
j  FunctionAndVarIRVisitor.visitFuncDef(LSysYParser$FuncDefContext;)Lorg/bytedeco/llvm/LLVM/LLVMValueRef;+115
j  FunctionAndVarIRVisitor.visitFuncDef(LSysYParser$FuncDefContext;)Ljava/lang/Object;+2
j  SysYParser$FuncDefContext.accept(Lorg/antlr/v4/runtime/tree/ParseTreeVisitor;)Ljava/lang/Object;+12
j  org.antlr.v4.runtime.tree.AbstractParseTreeVisitor.visitChildren(Lorg/antlr/v4/runtime/tree/RuleNode;)Ljava/lang/Object;+46
j  SysYParserBaseVisitor.visitCompUnit(LSysYParser$CompUnitContext;)Ljava/lang/Object;+2
j  SysYParser$CompUnitContext.accept(Lorg/antlr/v4/runtime/tree/ParseTreeVisitor;)Ljava/lang/Object;+12
j  org.antlr.v4.runtime.tree.AbstractParseTreeVisitor.visit(Lorg/antlr/v4/runtime/tree/ParseTree;)Ljava/lang/Object;+2
j  FunctionAndVarIRVisitor.visitProgram(LSysYParser$ProgramContext;)Lorg/bytedeco/llvm/LLVM/LLVMValueRef;+5
j  FunctionAndVarIRVisitor.visitProgram(LSysYParser$ProgramContext;)Ljava/lang/Object;+2
j  SysYParser$ProgramContext.accept(Lorg/antlr/v4/runtime/tree/ParseTreeVisitor;)Ljava/lang/Object;+12
j  org.antlr.v4.runtime.tree.AbstractParseTreeVisitor.visit(Lorg/antlr/v4/runtime/tree/ParseTree;)Ljava/lang/Object;+2
j  Main.funcAndVarIRGenerate([Ljava/lang/String;)V+76
j  Main.main([Ljava/lang/String;)V+1
v  ~StubRoutines::call_stub

siginfo: si_signo: 11 (SIGSEGV), si_code: 1 (SEGV_MAPERR), si_addr: 0x0000000000000000

Register to memory mapping:

RAX=0x00007ff56c503180 points into unknown readable memory: 0x000000000a000100 | 00 01 00 0a 00 00 00 00
RBX=0x0 is NULL
RCX=0x0 is NULL
RDX=0x00007ff56c40a3e0 points into unknown readable memory: 0x00007ff56c50a230 | 30 a2 50 6c f5 7f 00 00
RSP=0x00007ff5701b3b50 is pointing into the stack for thread: 0x00007ff56c016800
RBP=0x00007ff56c4e1b00 points into unknown readable memory: 0x00007ff56c4e1b10 | 10 1b 4e 6c f5 7f 00 00
RSI=0x0 is NULL
RDI=0x00007ff56c5030b0 points into unknown readable memory: 0x00007ff56c504900 | 00 49 50 6c f5 7f 00 00
R8 =0x00007ff5701b3c80 is pointing into the stack for thread: 0x00007ff56c016800
R9 =0x000000074610af00 is an oop: org.bytedeco.llvm.LLVM.LLVMValueRef 
{0x000000074610af00} - klass: 'org/bytedeco/llvm/LLVM/LLVMValueRef'
R10=0xfffffffffffff55a is an unknown value
R11=0x00007ff502158a40: LLVMBuildStore+0x0000000000000000 in /root/.javacpp/cache/llvm-13.0.1-1.5.7-linux-x86_64.jar/org/bytedeco/llvm/linux-x86_64/libLLVM-13.so at 0x00007ff50152c000
R12=0x00007ff56c4e1b00 points into unknown readable memory: 0x00007ff56c4e1b10 | 10 1b 4e 6c f5 7f 00 00
R13=0x0 is NULL
R14=0x00007ff56c40a3e0 points into unknown readable memory: 0x00007ff56c50a230 | 30 a2 50 6c f5 7f 00 00
R15=0x00007ff56c40a3e0 points into unknown readable memory: 0x00007ff56c50a230 | 30 a2 50 6c f5 7f 00 00


Registers:
RAX=0x00007ff56c503180, RBX=0x0000000000000000, RCX=0x0000000000000000, RDX=0x00007ff56c40a3e0
RSP=0x00007ff5701b3b50, RBP=0x00007ff56c4e1b00, RSI=0x0000000000000000, RDI=0x00007ff56c5030b0
R8 =0x00007ff5701b3c80, R9 =0x000000074610af00, R10=0xfffffffffffff55a, R11=0x00007ff502158a40
R12=0x00007ff56c4e1b00, R13=0x0000000000000000, R14=0x00007ff56c40a3e0, R15=0x00007ff56c40a3e0
RIP=0x00007ff502158a66, EFLAGS=0x0000000000010206, CSGSFS=0x002b000000000033, ERR=0x0000000000000004
  TRAPNO=0x000000000000000e

Top of Stack: (sp=0x00007ff5701b3b50)
0x00007ff5701b3b50:   0000000000000000 0000000000000000
0x00007ff5701b3b60:   0000000000000000 0000000000000000
0x00007ff5701b3b70:   0000000000000000 0000000000000000
0x00007ff5701b3b80:   0000000000000000 00007ff56c016b48 

Instructions: (pc=0x00007ff502158a66)
0x00007ff502158966:   55 49 89 f5 be 01 01 00 00 41 54 55 48 89 fd 53
0x00007ff502158976:   48 83 ec 60 80 39 00 66 89 74 24 20 74 09 48 89
0x00007ff502158986:   0c 24 c6 44 24 20 03 48 8b 7d 30 e8 ea 14 fc ff
0x00007ff502158996:   48 89 c7 e8 62 46 0e 00 4c 89 ee 48 89 c7 e8 c7
0x00007ff5021589a6:   45 01 00 be 01 00 00 00 bf 40 00 00 00 89 c3 b8
0x00007ff5021589b6:   01 01 00 00 66 89 44 24 50 e8 bc 09 13 00 48 8d
0x00007ff5021589c6:   4c 24 30 41 89 d9 45 31 c0 48 83 ec 08 48 89 c7
0x00007ff5021589d6:   4c 89 f2 4c 89 ee 6a 00 49 89 c4 e8 3a 5c 09 00
0x00007ff5021589e6:   48 8b 7d 50 48 8b 4d 30 4c 89 e6 48 8d 54 24 10
0x00007ff5021589f6:   4c 8b 45 38 48 8b 07 ff 50 10 48 8b 5d 00 8b 6d
0x00007ff502158a06:   08 5a 59 48 c1 e5 04 48 01 dd 48 39 eb 74 1a 0f
0x00007ff502158a16:   1f 00 48 8b 53 08 8b 33 4c 89 e7 48 83 c3 10 e8
0x00007ff502158a26:   16 14 0e 00 48 39 dd 75 e9 48 83 c4 60 4c 89 e0
0x00007ff502158a36:   5b 5d 41 5c 41 5d 41 5e c3 90 41 56 49 89 d6 41
0x00007ff502158a46:   55 49 89 f5 41 54 55 48 89 fd 53 48 83 ec 30 48
0x00007ff502158a56:   8b 7f 30 e8 22 14 fc ff 48 89 c7 e8 9a 45 0e 00
0x00007ff502158a66:   49 8b 75 00 48 89 c7 e8 fe 44 01 00 be 02 00 00
0x00007ff502158a76:   00 bf 40 00 00 00 89 c3 b8 01 01 00 00 66 89 44
0x00007ff502158a86:   24 20 e8 f3 08 13 00 41 89 d8 45 31 c9 31 c9 48
0x00007ff502158a96:   89 c7 4c 89 f2 4c 89 ee 49 89 c4 e8 6a 62 09 00
0x00007ff502158aa6:   48 8b 7d 50 48 8b 4d 30 48 89 e2 4c 8b 45 38 4c
0x00007ff502158ab6:   89 e6 48 8b 07 ff 50 10 48 8b 5d 00 8b 6d 08 48
0x00007ff502158ac6:   c1 e5 04 48 01 dd 48 39 eb 74 1e 0f 1f 80 00 00
0x00007ff502158ad6:   00 00 48 8b 53 08 8b 33 4c 89 e7 48 83 c3 10 e8
0x00007ff502158ae6:   56 13 0e 00 48 39 dd 75 e9 48 83 c4 30 4c 89 e0
0x00007ff502158af6:   5b 5d 41 5c 41 5d 41 5e c3 90 41 56 b8 01 01 00
0x00007ff502158b06:   00 41 55 41 89 f5 41 54 55 48 89 fd 53 48 83 ec
0x00007ff502158b16:   30 80 39 00 66 89 44 24 20 74 09 48 89 0c 24 c6
0x00007ff502158b26:   44 24 20 03 45 31 f6 85 d2 bf 40 00 00 00 41 0f
0x00007ff502158b36:   94 c6 31 f6 e8 41 08 13 00 48 8b 75 40 45 31 c0
0x00007ff502158b46:   44 89 f1 48 89 c7 44 89 ea 49 89 c4 e8 39 6f 09
0x00007ff502158b56:   00 48 8b 7d 50 48 8b 4d 30 48 89 e2 4c 8b 45 38 


Stack slot to memory mapping:
stack at sp + 0 slots: 0x0 is NULL
stack at sp + 1 slots: 0x0 is NULL
stack at sp + 2 slots: 0x0 is NULL
stack at sp + 3 slots: 0x0 is NULL
stack at sp + 4 slots: 0x0 is NULL
stack at sp + 5 slots: 0x0 is NULL
stack at sp + 6 slots: 0x0 is NULL
stack at sp + 7 slots: 0x00007ff56c016b48 points into unknown readable memory: 0x00007ff571735b40 | 40 5b 73 71 f5 7f 00 00


---------------  P R O C E S S  ---------------

Threads class SMR info:
_java_thread_list=0x00007ff518288e90, length=12, elements={
0x00007ff56c016800, 0x00007ff56c186800, 0x00007ff56c188800, 0x00007ff56c191000,
0x00007ff56c193000, 0x00007ff56c195000, 0x00007ff56c197000, 0x00007ff56c199000,
0x00007ff56c1dc000, 0x00007ff56c419800, 0x00007ff51c31c800, 0x00007ff518288000
}

Java Threads: ( => current thread )
=>0x00007ff56c016800 JavaThread "main" [_thread_in_native, id=14614, stack(0x00007ff5700b5000,0x00007ff5701b6000)]
  0x00007ff56c186800 JavaThread "Reference Handler" daemon [_thread_blocked, id=14622, stack(0x00007ff540ff2000,0x00007ff5410f3000)]
  0x00007ff56c188800 JavaThread "Finalizer" daemon [_thread_blocked, id=14623, stack(0x00007ff540ef1000,0x00007ff540ff2000)]
  0x00007ff56c191000 JavaThread "Signal Dispatcher" daemon [_thread_blocked, id=14624, stack(0x00007ff540965000,0x00007ff540a66000)]
  0x00007ff56c193000 JavaThread "Service Thread" daemon [_thread_blocked, id=14625, stack(0x00007ff540864000,0x00007ff540965000)]
  0x00007ff56c195000 JavaThread "C2 CompilerThread0" daemon [_thread_blocked, id=14626, stack(0x00007ff540763000,0x00007ff540864000)]
  0x00007ff56c197000 JavaThread "C1 CompilerThread0" daemon [_thread_blocked, id=14627, stack(0x00007ff540662000,0x00007ff540763000)]
  0x00007ff56c199000 JavaThread "Sweeper thread" daemon [_thread_blocked, id=14628, stack(0x00007ff540561000,0x00007ff540662000)]
  0x00007ff56c1dc000 JavaThread "Common-Cleaner" daemon [_thread_blocked, id=14631, stack(0x00007ff54035e000,0x00007ff54045f000)]
  0x00007ff56c419800 JavaThread "JavaCPP Deallocator" daemon [_thread_blocked, id=14640, stack(0x00007ff540203000,0x00007ff540304000)]
  0x00007ff51c31c800 JavaThread "C2 CompilerThread1" daemon [_thread_in_native, id=14643, stack(0x00007ff5400ef000,0x00007ff5401f0000)]
  0x00007ff518288000 JavaThread "C2 CompilerThread2" daemon [_thread_blocked, id=14644, stack(0x00007ff50142b000,0x00007ff50152c000)]

Other Threads:
  0x00007ff56c183800 VMThread "VM Thread" [stack: 0x00007ff5410f5000,0x00007ff5411f5000] [id=14621]
  0x00007ff56c1d9800 WatcherThread [stack: 0x00007ff540461000,0x00007ff540561000] [id=14630]
  0x00007ff56c02f000 GCTaskThread "GC Thread#0" [stack: 0x00007ff554527000,0x00007ff554627000] [id=14615]
  0x00007ff56c07a800 ConcurrentGCThread "G1 Main Marker" [stack: 0x00007ff548639000,0x00007ff548739000] [id=14616]
  0x00007ff56c07c800 ConcurrentGCThread "G1 Conc#0" [stack: 0x00007ff548537000,0x00007ff548637000] [id=14617]
  0x00007ff56c149800 ConcurrentGCThread "G1 Refine#0" [stack: 0x00007ff541bfd000,0x00007ff541cfd000] [id=14619]
  0x00007ff56c14b800 ConcurrentGCThread "G1 Young RemSet Sampling" [stack: 0x00007ff541afb000,0x00007ff541bfb000] [id=14620]

Threads with active compile tasks:
C2 CompilerThread1      278  649       4       java.util.jar.JarFile::getVersionedEntry (85 bytes)

VM state:not at safepoint (normal execution)

VM Mutex/Monitor currently owned by a thread: None

Heap address: 0x000000073b000000, size: 3152 MB, Compressed Oops mode: Zero based, Oop shift amount: 3
Narrow klass base: 0x0000000800000000, Narrow klass shift: 3
Compressed class space size: 1073741824 Address: 0x0000000840000000

Heap:
 garbage-first heap   total 204800K, used 20172K [0x000000073b000000, 0x0000000800000000)
  region size 1024K, 21 young (21504K), 0 survivors (0K)
 Metaspace       used 3433K, capacity 6480K, committed 6656K, reserved 1056768K
  class space    used 392K, capacity 668K, committed 768K, reserved 1048576K
Heap Regions: E=young(eden), S=young(survivor), O=old, HS=humongous(starts), HC=humongous(continues), CS=collection set, F=free, A=archive, TAMS=top-at-mark-start (previous, next)
|   0|0x000000073b000000, 0x000000073b000000, 0x000000073b100000|  0%| F|  |TAMS 0x000000073b000000, 0x000000073b000000| Untracked 
|   1|0x000000073b100000, 0x000000073b100000, 0x000000073b200000|  0%| F|  |TAMS 0x000000073b100000, 0x000000073b100000| Untracked 
|   2|0x000000073b200000, 0x000000073b200000, 0x000000073b300000|  0%| F|  |TAMS 0x000000073b200000, 0x000000073b200000| Untracked 
|   3|0x000000073b300000, 0x000000073b300000, 0x000000073b400000|  0%| F|  |TAMS 0x000000073b300000, 0x000000073b300000| Untracked 
|   4|0x000000073b400000, 0x000000073b400000, 0x000000073b500000|  0%| F|  |TAMS 0x000000073b400000, 0x000000073b400000| Untracked 
|   5|0x000000073b500000, 0x000000073b500000, 0x000000073b600000|  0%| F|  |TAMS 0x000000073b500000, 0x000000073b500000| Untracked 
|   6|0x000000073b600000, 0x000000073b600000, 0x000000073b700000|  0%| F|  |TAMS 0x000000073b600000, 0x000000073b600000| Untracked 
|   7|0x000000073b700000, 0x000000073b700000, 0x000000073b800000|  0%| F|  |TAMS 0x000000073b700000, 0x000000073b700000| Untracked 
|   8|0x000000073b800000, 0x000000073b800000, 0x000000073b900000|  0%| F|  |TAMS 0x000000073b800000, 0x000000073b800000| Untracked 
|   9|0x000000073b900000, 0x000000073b900000, 0x000000073ba00000|  0%| F|  |TAMS 0x000000073b900000, 0x000000073b900000| Untracked 
|  10|0x000000073ba00000, 0x000000073ba00000, 0x000000073bb00000|  0%| F|  |TAMS 0x000000073ba00000, 0x000000073ba00000| Untracked 
|  11|0x000000073bb00000, 0x000000073bb00000, 0x000000073bc00000|  0%| F|  |TAMS 0x000000073bb00000, 0x000000073bb00000| Untracked 
|  12|0x000000073bc00000, 0x000000073bc00000, 0x000000073bd00000|  0%| F|  |TAMS 0x000000073bc00000, 0x000000073bc00000| Untracked 
|  13|0x000000073bd00000, 0x000000073bd00000, 0x000000073be00000|  0%| F|  |TAMS 0x000000073bd00000, 0x000000073bd00000| Untracked 
|  14|0x000000073be00000, 0x000000073be00000, 0x000000073bf00000|  0%| F|  |TAMS 0x000000073be00000, 0x000000073be00000| Untracked 
|  15|0x000000073bf00000, 0x000000073bf00000, 0x000000073c000000|  0%| F|  |TAMS 0x000000073bf00000, 0x000000073bf00000| Untracked 
|  16|0x000000073c000000, 0x000000073c000000, 0x000000073c100000|  0%| F|  |TAMS 0x000000073c000000, 0x000000073c000000| Untracked 
|  17|0x000000073c100000, 0x000000073c100000, 0x000000073c200000|  0%| F|  |TAMS 0x000000073c100000, 0x000000073c100000| Untracked 
|  18|0x000000073c200000, 0x000000073c200000, 0x000000073c300000|  0%| F|  |TAMS 0x000000073c200000, 0x000000073c200000| Untracked 
|  19|0x000000073c300000, 0x000000073c300000, 0x000000073c400000|  0%| F|  |TAMS 0x000000073c300000, 0x000000073c300000| Untracked 
|  20|0x000000073c400000, 0x000000073c400000, 0x000000073c500000|  0%| F|  |TAMS 0x000000073c400000, 0x000000073c400000| Untracked 
|  21|0x000000073c500000, 0x000000073c500000, 0x000000073c600000|  0%| F|  |TAMS 0x000000073c500000, 0x000000073c500000| Untracked 
|  22|0x000000073c600000, 0x000000073c600000, 0x000000073c700000|  0%| F|  |TAMS 0x000000073c600000, 0x000000073c600000| Untracked 
|  23|0x000000073c700000, 0x000000073c700000, 0x000000073c800000|  0%| F|  |TAMS 0x000000073c700000, 0x000000073c700000| Untracked 
|  24|0x000000073c800000, 0x000000073c800000, 0x000000073c900000|  0%| F|  |TAMS 0x000000073c800000, 0x000000073c800000| Untracked 
|  25|0x000000073c900000, 0x000000073c900000, 0x000000073ca00000|  0%| F|  |TAMS 0x000000073c900000, 0x000000073c900000| Untracked 
|  26|0x000000073ca00000, 0x000000073ca00000, 0x000000073cb00000|  0%| F|  |TAMS 0x000000073ca00000, 0x000000073ca00000| Untracked 
|  27|0x000000073cb00000, 0x000000073cb00000, 0x000000073cc00000|  0%| F|  |TAMS 0x000000073cb00000, 0x000000073cb00000| Untracked 
|  28|0x000000073cc00000, 0x000000073cc00000, 0x000000073cd00000|  0%| F|  |TAMS 0x000000073cc00000, 0x000000073cc00000| Untracked 
|  29|0x000000073cd00000, 0x000000073cd00000, 0x000000073ce00000|  0%| F|  |TAMS 0x000000073cd00000, 0x000000073cd00000| Untracked 
|  30|0x000000073ce00000, 0x000000073ce00000, 0x000000073cf00000|  0%| F|  |TAMS 0x000000073ce00000, 0x000000073ce00000| Untracked 
|  31|0x000000073cf00000, 0x000000073cf00000, 0x000000073d000000|  0%| F|  |TAMS 0x000000073cf00000, 0x000000073cf00000| Untracked 
|  32|0x000000073d000000, 0x000000073d000000, 0x000000073d100000|  0%| F|  |TAMS 0x000000073d000000, 0x000000073d000000| Untracked 
|  33|0x000000073d100000, 0x000000073d100000, 0x000000073d200000|  0%| F|  |TAMS 0x000000073d100000, 0x000000073d100000| Untracked 
|  34|0x000000073d200000, 0x000000073d200000, 0x000000073d300000|  0%| F|  |TAMS 0x000000073d200000, 0x000000073d200000| Untracked 
|  35|0x000000073d300000, 0x000000073d300000, 0x000000073d400000|  0%| F|  |TAMS 0x000000073d300000, 0x000000073d300000| Untracked 
|  36|0x000000073d400000, 0x000000073d400000, 0x000000073d500000|  0%| F|  |TAMS 0x000000073d400000, 0x000000073d400000| Untracked 
|  37|0x000000073d500000, 0x000000073d500000, 0x000000073d600000|  0%| F|  |TAMS 0x000000073d500000, 0x000000073d500000| Untracked 
|  38|0x000000073d600000, 0x000000073d600000, 0x000000073d700000|  0%| F|  |TAMS 0x000000073d600000, 0x000000073d600000| Untracked 
|  39|0x000000073d700000, 0x000000073d700000, 0x000000073d800000|  0%| F|  |TAMS 0x000000073d700000, 0x000000073d700000| Untracked 
|  40|0x000000073d800000, 0x000000073d800000, 0x000000073d900000|  0%| F|  |TAMS 0x000000073d800000, 0x000000073d800000| Untracked 
|  41|0x000000073d900000, 0x000000073d900000, 0x000000073da00000|  0%| F|  |TAMS 0x000000073d900000, 0x000000073d900000| Untracked 
|  42|0x000000073da00000, 0x000000073da00000, 0x000000073db00000|  0%| F|  |TAMS 0x000000073da00000, 0x000000073da00000| Untracked 
|  43|0x000000073db00000, 0x000000073db00000, 0x000000073dc00000|  0%| F|  |TAMS 0x000000073db00000, 0x000000073db00000| Untracked 
|  44|0x000000073dc00000, 0x000000073dc00000, 0x000000073dd00000|  0%| F|  |TAMS 0x000000073dc00000, 0x000000073dc00000| Untracked 
|  45|0x000000073dd00000, 0x000000073dd00000, 0x000000073de00000|  0%| F|  |TAMS 0x000000073dd00000, 0x000000073dd00000| Untracked 
|  46|0x000000073de00000, 0x000000073de00000, 0x000000073df00000|  0%| F|  |TAMS 0x000000073de00000, 0x000000073de00000| Untracked 
|  47|0x000000073df00000, 0x000000073df00000, 0x000000073e000000|  0%| F|  |TAMS 0x000000073df00000, 0x000000073df00000| Untracked 
|  48|0x000000073e000000, 0x000000073e000000, 0x000000073e100000|  0%| F|  |TAMS 0x000000073e000000, 0x000000073e000000| Untracked 
|  49|0x000000073e100000, 0x000000073e100000, 0x000000073e200000|  0%| F|  |TAMS 0x000000073e100000, 0x000000073e100000| Untracked 
|  50|0x000000073e200000, 0x000000073e200000, 0x000000073e300000|  0%| F|  |TAMS 0x000000073e200000, 0x000000073e200000| Untracked 
|  51|0x000000073e300000, 0x000000073e300000, 0x000000073e400000|  0%| F|  |TAMS 0x000000073e300000, 0x000000073e300000| Untracked 
|  52|0x000000073e400000, 0x000000073e400000, 0x000000073e500000|  0%| F|  |TAMS 0x000000073e400000, 0x000000073e400000| Untracked 
|  53|0x000000073e500000, 0x000000073e500000, 0x000000073e600000|  0%| F|  |TAMS 0x000000073e500000, 0x000000073e500000| Untracked 
|  54|0x000000073e600000, 0x000000073e600000, 0x000000073e700000|  0%| F|  |TAMS 0x000000073e600000, 0x000000073e600000| Untracked 
|  55|0x000000073e700000, 0x000000073e700000, 0x000000073e800000|  0%| F|  |TAMS 0x000000073e700000, 0x000000073e700000| Untracked 
|  56|0x000000073e800000, 0x000000073e800000, 0x000000073e900000|  0%| F|  |TAMS 0x000000073e800000, 0x000000073e800000| Untracked 
|  57|0x000000073e900000, 0x000000073e900000, 0x000000073ea00000|  0%| F|  |TAMS 0x000000073e900000, 0x000000073e900000| Untracked 
|  58|0x000000073ea00000, 0x000000073ea00000, 0x000000073eb00000|  0%| F|  |TAMS 0x000000073ea00000, 0x000000073ea00000| Untracked 
|  59|0x000000073eb00000, 0x000000073eb00000, 0x000000073ec00000|  0%| F|  |TAMS 0x000000073eb00000, 0x000000073eb00000| Untracked 
|  60|0x000000073ec00000, 0x000000073ec00000, 0x000000073ed00000|  0%| F|  |TAMS 0x000000073ec00000, 0x000000073ec00000| Untracked 
|  61|0x000000073ed00000, 0x000000073ed00000, 0x000000073ee00000|  0%| F|  |TAMS 0x000000073ed00000, 0x000000073ed00000| Untracked 
|  62|0x000000073ee00000, 0x000000073ee00000, 0x000000073ef00000|  0%| F|  |TAMS 0x000000073ee00000, 0x000000073ee00000| Untracked 
|  63|0x000000073ef00000, 0x000000073ef00000, 0x000000073f000000|  0%| F|  |TAMS 0x000000073ef00000, 0x000000073ef00000| Untracked 
|  64|0x000000073f000000, 0x000000073f000000, 0x000000073f100000|  0%| F|  |TAMS 0x000000073f000000, 0x000000073f000000| Untracked 
|  65|0x000000073f100000, 0x000000073f100000, 0x000000073f200000|  0%| F|  |TAMS 0x000000073f100000, 0x000000073f100000| Untracked 
|  66|0x000000073f200000, 0x000000073f200000, 0x000000073f300000|  0%| F|  |TAMS 0x000000073f200000, 0x000000073f200000| Untracked 
|  67|0x000000073f300000, 0x000000073f300000, 0x000000073f400000|  0%| F|  |TAMS 0x000000073f300000, 0x000000073f300000| Untracked 
|  68|0x000000073f400000, 0x000000073f400000, 0x000000073f500000|  0%| F|  |TAMS 0x000000073f400000, 0x000000073f400000| Untracked 
|  69|0x000000073f500000, 0x000000073f500000, 0x000000073f600000|  0%| F|  |TAMS 0x000000073f500000, 0x000000073f500000| Untracked 
|  70|0x000000073f600000, 0x000000073f600000, 0x000000073f700000|  0%| F|  |TAMS 0x000000073f600000, 0x000000073f600000| Untracked 
|  71|0x000000073f700000, 0x000000073f700000, 0x000000073f800000|  0%| F|  |TAMS 0x000000073f700000, 0x000000073f700000| Untracked 
|  72|0x000000073f800000, 0x000000073f800000, 0x000000073f900000|  0%| F|  |TAMS 0x000000073f800000, 0x000000073f800000| Untracked 
|  73|0x000000073f900000, 0x000000073f900000, 0x000000073fa00000|  0%| F|  |TAMS 0x000000073f900000, 0x000000073f900000| Untracked 
|  74|0x000000073fa00000, 0x000000073fa00000, 0x000000073fb00000|  0%| F|  |TAMS 0x000000073fa00000, 0x000000073fa00000| Untracked 
|  75|0x000000073fb00000, 0x000000073fb00000, 0x000000073fc00000|  0%| F|  |TAMS 0x000000073fb00000, 0x000000073fb00000| Untracked 
|  76|0x000000073fc00000, 0x000000073fc00000, 0x000000073fd00000|  0%| F|  |TAMS 0x000000073fc00000, 0x000000073fc00000| Untracked 
|  77|0x000000073fd00000, 0x000000073fd00000, 0x000000073fe00000|  0%| F|  |TAMS 0x000000073fd00000, 0x000000073fd00000| Untracked 
|  78|0x000000073fe00000, 0x000000073fe00000, 0x000000073ff00000|  0%| F|  |TAMS 0x000000073fe00000, 0x000000073fe00000| Untracked 
|  79|0x000000073ff00000, 0x000000073ff00000, 0x0000000740000000|  0%| F|  |TAMS 0x000000073ff00000, 0x000000073ff00000| Untracked 
|  80|0x0000000740000000, 0x0000000740000000, 0x0000000740100000|  0%| F|  |TAMS 0x0000000740000000, 0x0000000740000000| Untracked 
|  81|0x0000000740100000, 0x0000000740100000, 0x0000000740200000|  0%| F|  |TAMS 0x0000000740100000, 0x0000000740100000| Untracked 
|  82|0x0000000740200000, 0x0000000740200000, 0x0000000740300000|  0%| F|  |TAMS 0x0000000740200000, 0x0000000740200000| Untracked 
|  83|0x0000000740300000, 0x0000000740300000, 0x0000000740400000|  0%| F|  |TAMS 0x0000000740300000, 0x0000000740300000| Untracked 
|  84|0x0000000740400000, 0x0000000740400000, 0x0000000740500000|  0%| F|  |TAMS 0x0000000740400000, 0x0000000740400000| Untracked 
|  85|0x0000000740500000, 0x0000000740500000, 0x0000000740600000|  0%| F|  |TAMS 0x0000000740500000, 0x0000000740500000| Untracked 
|  86|0x0000000740600000, 0x0000000740600000, 0x0000000740700000|  0%| F|  |TAMS 0x0000000740600000, 0x0000000740600000| Untracked 
|  87|0x0000000740700000, 0x0000000740700000, 0x0000000740800000|  0%| F|  |TAMS 0x0000000740700000, 0x0000000740700000| Untracked 
|  88|0x0000000740800000, 0x0000000740800000, 0x0000000740900000|  0%| F|  |TAMS 0x0000000740800000, 0x0000000740800000| Untracked 
|  89|0x0000000740900000, 0x0000000740900000, 0x0000000740a00000|  0%| F|  |TAMS 0x0000000740900000, 0x0000000740900000| Untracked 
|  90|0x0000000740a00000, 0x0000000740a00000, 0x0000000740b00000|  0%| F|  |TAMS 0x0000000740a00000, 0x0000000740a00000| Untracked 
|  91|0x0000000740b00000, 0x0000000740b00000, 0x0000000740c00000|  0%| F|  |TAMS 0x0000000740b00000, 0x0000000740b00000| Untracked 
|  92|0x0000000740c00000, 0x0000000740c00000, 0x0000000740d00000|  0%| F|  |TAMS 0x0000000740c00000, 0x0000000740c00000| Untracked 
|  93|0x0000000740d00000, 0x0000000740d00000, 0x0000000740e00000|  0%| F|  |TAMS 0x0000000740d00000, 0x0000000740d00000| Untracked 
|  94|0x0000000740e00000, 0x0000000740e00000, 0x0000000740f00000|  0%| F|  |TAMS 0x0000000740e00000, 0x0000000740e00000| Untracked 
|  95|0x0000000740f00000, 0x0000000740f00000, 0x0000000741000000|  0%| F|  |TAMS 0x0000000740f00000, 0x0000000740f00000| Untracked 
|  96|0x0000000741000000, 0x0000000741000000, 0x0000000741100000|  0%| F|  |TAMS 0x0000000741000000, 0x0000000741000000| Untracked 
|  97|0x0000000741100000, 0x0000000741100000, 0x0000000741200000|  0%| F|  |TAMS 0x0000000741100000, 0x0000000741100000| Untracked 
|  98|0x0000000741200000, 0x0000000741200000, 0x0000000741300000|  0%| F|  |TAMS 0x0000000741200000, 0x0000000741200000| Untracked 
|  99|0x0000000741300000, 0x0000000741300000, 0x0000000741400000|  0%| F|  |TAMS 0x0000000741300000, 0x0000000741300000| Untracked 
| 100|0x0000000741400000, 0x0000000741400000, 0x0000000741500000|  0%| F|  |TAMS 0x0000000741400000, 0x0000000741400000| Untracked 
| 101|0x0000000741500000, 0x0000000741500000, 0x0000000741600000|  0%| F|  |TAMS 0x0000000741500000, 0x0000000741500000| Untracked 
| 102|0x0000000741600000, 0x0000000741600000, 0x0000000741700000|  0%| F|  |TAMS 0x0000000741600000, 0x0000000741600000| Untracked 
| 103|0x0000000741700000, 0x0000000741700000, 0x0000000741800000|  0%| F|  |TAMS 0x0000000741700000, 0x0000000741700000| Untracked 
| 104|0x0000000741800000, 0x0000000741800000, 0x0000000741900000|  0%| F|  |TAMS 0x0000000741800000, 0x0000000741800000| Untracked 
| 105|0x0000000741900000, 0x0000000741900000, 0x0000000741a00000|  0%| F|  |TAMS 0x0000000741900000, 0x0000000741900000| Untracked 
| 106|0x0000000741a00000, 0x0000000741a00000, 0x0000000741b00000|  0%| F|  |TAMS 0x0000000741a00000, 0x0000000741a00000| Untracked 
| 107|0x0000000741b00000, 0x0000000741b00000, 0x0000000741c00000|  0%| F|  |TAMS 0x0000000741b00000, 0x0000000741b00000| Untracked 
| 108|0x0000000741c00000, 0x0000000741c00000, 0x0000000741d00000|  0%| F|  |TAMS 0x0000000741c00000, 0x0000000741c00000| Untracked 
| 109|0x0000000741d00000, 0x0000000741d00000, 0x0000000741e00000|  0%| F|  |TAMS 0x0000000741d00000, 0x0000000741d00000| Untracked 
| 110|0x0000000741e00000, 0x0000000741e00000, 0x0000000741f00000|  0%| F|  |TAMS 0x0000000741e00000, 0x0000000741e00000| Untracked 
| 111|0x0000000741f00000, 0x0000000741f00000, 0x0000000742000000|  0%| F|  |TAMS 0x0000000741f00000, 0x0000000741f00000| Untracked 
| 112|0x0000000742000000, 0x0000000742000000, 0x0000000742100000|  0%| F|  |TAMS 0x0000000742000000, 0x0000000742000000| Untracked 
| 113|0x0000000742100000, 0x0000000742100000, 0x0000000742200000|  0%| F|  |TAMS 0x0000000742100000, 0x0000000742100000| Untracked 
| 114|0x0000000742200000, 0x0000000742200000, 0x0000000742300000|  0%| F|  |TAMS 0x0000000742200000, 0x0000000742200000| Untracked 
| 115|0x0000000742300000, 0x0000000742300000, 0x0000000742400000|  0%| F|  |TAMS 0x0000000742300000, 0x0000000742300000| Untracked 
| 116|0x0000000742400000, 0x0000000742400000, 0x0000000742500000|  0%| F|  |TAMS 0x0000000742400000, 0x0000000742400000| Untracked 
| 117|0x0000000742500000, 0x0000000742500000, 0x0000000742600000|  0%| F|  |TAMS 0x0000000742500000, 0x0000000742500000| Untracked 
| 118|0x0000000742600000, 0x0000000742600000, 0x0000000742700000|  0%| F|  |TAMS 0x0000000742600000, 0x0000000742600000| Untracked 
| 119|0x0000000742700000, 0x0000000742700000, 0x0000000742800000|  0%| F|  |TAMS 0x0000000742700000, 0x0000000742700000| Untracked 
| 120|0x0000000742800000, 0x0000000742800000, 0x0000000742900000|  0%| F|  |TAMS 0x0000000742800000, 0x0000000742800000| Untracked 
| 121|0x0000000742900000, 0x0000000742900000, 0x0000000742a00000|  0%| F|  |TAMS 0x0000000742900000, 0x0000000742900000| Untracked 
| 122|0x0000000742a00000, 0x0000000742a00000, 0x0000000742b00000|  0%| F|  |TAMS 0x0000000742a00000, 0x0000000742a00000| Untracked 
| 123|0x0000000742b00000, 0x0000000742b00000, 0x0000000742c00000|  0%| F|  |TAMS 0x0000000742b00000, 0x0000000742b00000| Untracked 
| 124|0x0000000742c00000, 0x0000000742c00000, 0x0000000742d00000|  0%| F|  |TAMS 0x0000000742c00000, 0x0000000742c00000| Untracked 
| 125|0x0000000742d00000, 0x0000000742d00000, 0x0000000742e00000|  0%| F|  |TAMS 0x0000000742d00000, 0x0000000742d00000| Untracked 
| 126|0x0000000742e00000, 0x0000000742e00000, 0x0000000742f00000|  0%| F|  |TAMS 0x0000000742e00000, 0x0000000742e00000| Untracked 
| 127|0x0000000742f00000, 0x0000000742f00000, 0x0000000743000000|  0%| F|  |TAMS 0x0000000742f00000, 0x0000000742f00000| Untracked 
| 128|0x0000000743000000, 0x0000000743000000, 0x0000000743100000|  0%| F|  |TAMS 0x0000000743000000, 0x0000000743000000| Untracked 
| 129|0x0000000743100000, 0x0000000743100000, 0x0000000743200000|  0%| F|  |TAMS 0x0000000743100000, 0x0000000743100000| Untracked 
| 130|0x0000000743200000, 0x0000000743200000, 0x0000000743300000|  0%| F|  |TAMS 0x0000000743200000, 0x0000000743200000| Untracked 
| 131|0x0000000743300000, 0x0000000743300000, 0x0000000743400000|  0%| F|  |TAMS 0x0000000743300000, 0x0000000743300000| Untracked 
| 132|0x0000000743400000, 0x0000000743400000, 0x0000000743500000|  0%| F|  |TAMS 0x0000000743400000, 0x0000000743400000| Untracked 
| 133|0x0000000743500000, 0x0000000743500000, 0x0000000743600000|  0%| F|  |TAMS 0x0000000743500000, 0x0000000743500000| Untracked 
| 134|0x0000000743600000, 0x0000000743600000, 0x0000000743700000|  0%| F|  |TAMS 0x0000000743600000, 0x0000000743600000| Untracked 
| 135|0x0000000743700000, 0x0000000743700000, 0x0000000743800000|  0%| F|  |TAMS 0x0000000743700000, 0x0000000743700000| Untracked 
| 136|0x0000000743800000, 0x0000000743800000, 0x0000000743900000|  0%| F|  |TAMS 0x0000000743800000, 0x0000000743800000| Untracked 
| 137|0x0000000743900000, 0x0000000743900000, 0x0000000743a00000|  0%| F|  |TAMS 0x0000000743900000, 0x0000000743900000| Untracked 
| 138|0x0000000743a00000, 0x0000000743a00000, 0x0000000743b00000|  0%| F|  |TAMS 0x0000000743a00000, 0x0000000743a00000| Untracked 
| 139|0x0000000743b00000, 0x0000000743b00000, 0x0000000743c00000|  0%| F|  |TAMS 0x0000000743b00000, 0x0000000743b00000| Untracked 
| 140|0x0000000743c00000, 0x0000000743c00000, 0x0000000743d00000|  0%| F|  |TAMS 0x0000000743c00000, 0x0000000743c00000| Untracked 
| 141|0x0000000743d00000, 0x0000000743d00000, 0x0000000743e00000|  0%| F|  |TAMS 0x0000000743d00000, 0x0000000743d00000| Untracked 
| 142|0x0000000743e00000, 0x0000000743e00000, 0x0000000743f00000|  0%| F|  |TAMS 0x0000000743e00000, 0x0000000743e00000| Untracked 
| 143|0x0000000743f00000, 0x0000000743f00000, 0x0000000744000000|  0%| F|  |TAMS 0x0000000743f00000, 0x0000000743f00000| Untracked 
| 144|0x0000000744000000, 0x0000000744000000, 0x0000000744100000|  0%| F|  |TAMS 0x0000000744000000, 0x0000000744000000| Untracked 
| 145|0x0000000744100000, 0x0000000744100000, 0x0000000744200000|  0%| F|  |TAMS 0x0000000744100000, 0x0000000744100000| Untracked 
| 146|0x0000000744200000, 0x0000000744200000, 0x0000000744300000|  0%| F|  |TAMS 0x0000000744200000, 0x0000000744200000| Untracked 
| 147|0x0000000744300000, 0x0000000744300000, 0x0000000744400000|  0%| F|  |TAMS 0x0000000744300000, 0x0000000744300000| Untracked 
| 148|0x0000000744400000, 0x0000000744400000, 0x0000000744500000|  0%| F|  |TAMS 0x0000000744400000, 0x0000000744400000| Untracked 
| 149|0x0000000744500000, 0x0000000744500000, 0x0000000744600000|  0%| F|  |TAMS 0x0000000744500000, 0x0000000744500000| Untracked 
| 150|0x0000000744600000, 0x0000000744600000, 0x0000000744700000|  0%| F|  |TAMS 0x0000000744600000, 0x0000000744600000| Untracked 
| 151|0x0000000744700000, 0x0000000744700000, 0x0000000744800000|  0%| F|  |TAMS 0x0000000744700000, 0x0000000744700000| Untracked 
| 152|0x0000000744800000, 0x0000000744800000, 0x0000000744900000|  0%| F|  |TAMS 0x0000000744800000, 0x0000000744800000| Untracked 
| 153|0x0000000744900000, 0x0000000744900000, 0x0000000744a00000|  0%| F|  |TAMS 0x0000000744900000, 0x0000000744900000| Untracked 
| 154|0x0000000744a00000, 0x0000000744a00000, 0x0000000744b00000|  0%| F|  |TAMS 0x0000000744a00000, 0x0000000744a00000| Untracked 
| 155|0x0000000744b00000, 0x0000000744b00000, 0x0000000744c00000|  0%| F|  |TAMS 0x0000000744b00000, 0x0000000744b00000| Untracked 
| 156|0x0000000744c00000, 0x0000000744c00000, 0x0000000744d00000|  0%| F|  |TAMS 0x0000000744c00000, 0x0000000744c00000| Untracked 
| 157|0x0000000744d00000, 0x0000000744d00000, 0x0000000744e00000|  0%| F|  |TAMS 0x0000000744d00000, 0x0000000744d00000| Untracked 
| 158|0x0000000744e00000, 0x0000000744e00000, 0x0000000744f00000|  0%| F|  |TAMS 0x0000000744e00000, 0x0000000744e00000| Untracked 
| 159|0x0000000744f00000, 0x0000000744f00000, 0x0000000745000000|  0%| F|  |TAMS 0x0000000744f00000, 0x0000000744f00000| Untracked 
| 160|0x0000000745000000, 0x0000000745000000, 0x0000000745100000|  0%| F|  |TAMS 0x0000000745000000, 0x0000000745000000| Untracked 
| 161|0x0000000745100000, 0x0000000745100000, 0x0000000745200000|  0%| F|  |TAMS 0x0000000745100000, 0x0000000745100000| Untracked 
| 162|0x0000000745200000, 0x0000000745200000, 0x0000000745300000|  0%| F|  |TAMS 0x0000000745200000, 0x0000000745200000| Untracked 
| 163|0x0000000745300000, 0x0000000745300000, 0x0000000745400000|  0%| F|  |TAMS 0x0000000745300000, 0x0000000745300000| Untracked 
| 164|0x0000000745400000, 0x0000000745400000, 0x0000000745500000|  0%| F|  |TAMS 0x0000000745400000, 0x0000000745400000| Untracked 
| 165|0x0000000745500000, 0x0000000745500000, 0x0000000745600000|  0%| F|  |TAMS 0x0000000745500000, 0x0000000745500000| Untracked 
| 166|0x0000000745600000, 0x0000000745600000, 0x0000000745700000|  0%| F|  |TAMS 0x0000000745600000, 0x0000000745600000| Untracked 
| 167|0x0000000745700000, 0x0000000745700000, 0x0000000745800000|  0%| F|  |TAMS 0x0000000745700000, 0x0000000745700000| Untracked 
| 168|0x0000000745800000, 0x0000000745800000, 0x0000000745900000|  0%| F|  |TAMS 0x0000000745800000, 0x0000000745800000| Untracked 
| 169|0x0000000745900000, 0x0000000745900000, 0x0000000745a00000|  0%| F|  |TAMS 0x0000000745900000, 0x0000000745900000| Untracked 
| 170|0x0000000745a00000, 0x0000000745a00000, 0x0000000745b00000|  0%| F|  |TAMS 0x0000000745a00000, 0x0000000745a00000| Untracked 
| 171|0x0000000745b00000, 0x0000000745b00000, 0x0000000745c00000|  0%| F|  |TAMS 0x0000000745b00000, 0x0000000745b00000| Untracked 
| 172|0x0000000745c00000, 0x0000000745c00000, 0x0000000745d00000|  0%| F|  |TAMS 0x0000000745c00000, 0x0000000745c00000| Untracked 
| 173|0x0000000745d00000, 0x0000000745d00000, 0x0000000745e00000|  0%| F|  |TAMS 0x0000000745d00000, 0x0000000745d00000| Untracked 
| 174|0x0000000745e00000, 0x0000000745e00000, 0x0000000745f00000|  0%| F|  |TAMS 0x0000000745e00000, 0x0000000745e00000| Untracked 
| 175|0x0000000745f00000, 0x0000000745f00000, 0x0000000746000000|  0%| F|  |TAMS 0x0000000745f00000, 0x0000000745f00000| Untracked 
| 176|0x0000000746000000, 0x0000000746000000, 0x0000000746100000|  0%| F|  |TAMS 0x0000000746000000, 0x0000000746000000| Untracked 
| 177|0x0000000746100000, 0x000000074617b688, 0x0000000746200000| 48%| E|  |TAMS 0x0000000746100000, 0x0000000746100000| Complete 
| 178|0x0000000746200000, 0x0000000746300000, 0x0000000746300000|100%| E|CS|TAMS 0x0000000746200000, 0x0000000746200000| Complete 
| 179|0x0000000746300000, 0x0000000746400000, 0x0000000746400000|100%| E|CS|TAMS 0x0000000746300000, 0x0000000746300000| Complete 
| 180|0x0000000746400000, 0x0000000746500000, 0x0000000746500000|100%| E|CS|TAMS 0x0000000746400000, 0x0000000746400000| Complete 
| 181|0x0000000746500000, 0x0000000746600000, 0x0000000746600000|100%| E|CS|TAMS 0x0000000746500000, 0x0000000746500000| Complete 
| 182|0x0000000746600000, 0x0000000746700000, 0x0000000746700000|100%| E|CS|TAMS 0x0000000746600000, 0x0000000746600000| Complete 
| 183|0x0000000746700000, 0x0000000746800000, 0x0000000746800000|100%| E|CS|TAMS 0x0000000746700000, 0x0000000746700000| Complete 
| 184|0x0000000746800000, 0x0000000746900000, 0x0000000746900000|100%| E|CS|TAMS 0x0000000746800000, 0x0000000746800000| Complete 
| 185|0x0000000746900000, 0x0000000746a00000, 0x0000000746a00000|100%| E|CS|TAMS 0x0000000746900000, 0x0000000746900000| Complete 
| 186|0x0000000746a00000, 0x0000000746b00000, 0x0000000746b00000|100%| E|CS|TAMS 0x0000000746a00000, 0x0000000746a00000| Complete 
| 187|0x0000000746b00000, 0x0000000746c00000, 0x0000000746c00000|100%| E|  |TAMS 0x0000000746b00000, 0x0000000746b00000| Complete 
| 188|0x0000000746c00000, 0x0000000746d00000, 0x0000000746d00000|100%| E|CS|TAMS 0x0000000746c00000, 0x0000000746c00000| Complete 
| 189|0x0000000746d00000, 0x0000000746e00000, 0x0000000746e00000|100%| E|CS|TAMS 0x0000000746d00000, 0x0000000746d00000| Complete 
| 190|0x0000000746e00000, 0x0000000746f00000, 0x0000000746f00000|100%| E|CS|TAMS 0x0000000746e00000, 0x0000000746e00000| Complete 
| 191|0x0000000746f00000, 0x0000000747000000, 0x0000000747000000|100%| E|CS|TAMS 0x0000000746f00000, 0x0000000746f00000| Complete 
| 192|0x0000000747000000, 0x0000000747100000, 0x0000000747100000|100%| E|CS|TAMS 0x0000000747000000, 0x0000000747000000| Complete 
| 193|0x0000000747100000, 0x0000000747200000, 0x0000000747200000|100%| E|CS|TAMS 0x0000000747100000, 0x0000000747100000| Complete 
| 194|0x0000000747200000, 0x0000000747300000, 0x0000000747300000|100%| E|CS|TAMS 0x0000000747200000, 0x0000000747200000| Complete 
| 195|0x0000000747300000, 0x0000000747400000, 0x0000000747400000|100%| E|CS|TAMS 0x0000000747300000, 0x0000000747300000| Complete 
| 196|0x0000000747400000, 0x0000000747500000, 0x0000000747500000|100%| E|CS|TAMS 0x0000000747400000, 0x0000000747400000| Complete 
| 197|0x0000000747500000, 0x0000000747600000, 0x0000000747600000|100%| E|CS|TAMS 0x0000000747500000, 0x0000000747500000| Complete 
|2126|0x00000007bfe00000, 0x00000007bfe48000, 0x00000007bff00000| 28%|OA|  |TAMS 0x00000007bfe00000, 0x00000007bfe00000| Untracked 
|2127|0x00000007bff00000, 0x00000007bff6b000, 0x00000007c0000000| 41%|CA|  |TAMS 0x00000007bff00000, 0x00000007bff00000| Untracked 

Card table byte_map: [0x00007ff54f0ad000,0x00007ff54f6d5000] _byte_map_base: 0x00007ff54b6d5000

Marking Bits (Prev, Next): (CMBitMap*) 0x00007ff56c06d4f8, (CMBitMap*) 0x00007ff56c06d530
 Prev Bits: [0x00007ff54b945000, 0x00007ff54ea85000)
 Next Bits: [0x00007ff548805000, 0x00007ff54b945000)

Polling page: 0x00007ff5719fa000

Metaspace:

Usage:
  Non-class:      5.68 MB capacity,     2.97 MB ( 52%) used,     2.70 MB ( 48%) free+waste,     4.19 KB ( <1%) overhead. 
      Class:    668.00 KB capacity,   392.25 KB ( 59%) used,   273.69 KB ( 41%) free+waste,     2.06 KB ( <1%) overhead. 
       Both:      6.33 MB capacity,     3.35 MB ( 53%) used,     2.97 MB ( 47%) free+waste,     6.25 KB ( <1%) overhead. 

Virtual space:
  Non-class space:        8.00 MB reserved,       5.75 MB ( 72%) committed 
      Class space:        1.00 GB reserved,     768.00 KB ( <1%) committed 
             Both:        1.01 GB reserved,       6.50 MB ( <1%) committed 

Chunk freelists:
   Non-Class:  40.00 KB
       Class:  4.00 KB
        Both:  44.00 KB

MaxMetaspaceSize: unlimited
CompressedClassSpaceSize: 1.00 GB
Initial GC threshold: 20.80 MB
Current GC threshold: 20.80 MB
CDS: on

CodeHeap 'non-profiled nmethods': size=120032Kb used=182Kb max_used=182Kb free=119849Kb
 bounds [0x00007ff55c2c5000, 0x00007ff55c535000, 0x00007ff5637fd000]
CodeHeap 'profiled nmethods': size=120028Kb used=1209Kb max_used=1209Kb free=118818Kb
 bounds [0x00007ff554d8e000, 0x00007ff554ffe000, 0x00007ff55c2c5000]
CodeHeap 'non-nmethods': size=5700Kb used=1146Kb max_used=1160Kb free=4553Kb
 bounds [0x00007ff5547fd000, 0x00007ff554a6d000, 0x00007ff554d8e000]
 total_blobs=1061 nmethods=666 adapters=309
 compilation: enabled
              stopped_count=0, restarted_count=0
 full_count=0

Compilation events (20 events):
Event: 0.269 Thread 0x00007ff56c197000 nmethod 653 0x00007ff554eb2390 code [0x00007ff554eb25c0, 0x00007ff554eb2c10]
Event: 0.269 Thread 0x00007ff56c197000  654       3       java.lang.ref.Cleaner::register (25 bytes)
Event: 0.269 Thread 0x00007ff56c195000  656       4       java.util.Objects::requireNonNull (15 bytes)
Event: 0.269 Thread 0x00007ff56c197000 nmethod 654 0x00007ff554eb2e10 code [0x00007ff554eb3020, 0x00007ff554eb35a0]
Event: 0.269 Thread 0x00007ff56c197000  655       3       jdk.internal.ref.CleanerImpl$PhantomCleanableRef::<init> (12 bytes)
Event: 0.270 Thread 0x00007ff56c197000 nmethod 655 0x00007ff554eb3790 code [0x00007ff554eb3940, 0x00007ff554eb3b00]
Event: 0.270 Thread 0x00007ff56c197000  657       3       java.net.URL::getDefaultPort (8 bytes)
Event: 0.270 Thread 0x00007ff56c197000 nmethod 657 0x00007ff554eb3b90 code [0x00007ff554eb3d40, 0x00007ff554eb3f50]
Event: 0.270 Thread 0x00007ff56c195000 nmethod 656 0x00007ff55c2f1b90 code [0x00007ff55c2f1d20, 0x00007ff55c2f1d78]
Event: 0.270 Thread 0x00007ff56c197000  658       3       sun.net.util.URLUtil::urlNoFragString (114 bytes)
Event: 0.271 Thread 0x00007ff56c197000 nmethod 658 0x00007ff554eb4010 code [0x00007ff554eb4360, 0x00007ff554eb55e0]
Event: 0.271 Thread 0x00007ff56c197000  660       3       sun.reflect.annotation.AnnotationInvocationHandler::invoke (178 bytes)
Event: 0.271 Thread 0x00007ff518288000  663       4       java.lang.String::indexOf (7 bytes)
Event: 0.272 Thread 0x00007ff56c197000 nmethod 660 0x00007ff554eb5c10 code [0x00007ff554eb5f20, 0x00007ff554eb7080]
Event: 0.272 Thread 0x00007ff56c197000  662       3       java.lang.Character::isSurrogate (18 bytes)
Event: 0.272 Thread 0x00007ff56c197000 nmethod 662 0x00007ff554eb7610 code [0x00007ff554eb77c0, 0x00007ff554eb7930]
Event: 0.272 Thread 0x00007ff56c197000  659       1       sun.nio.fs.NativeBuffer::address (5 bytes)
Event: 0.272 Thread 0x00007ff56c197000 nmethod 659 0x00007ff55c2f2290 code [0x00007ff55c2f2440, 0x00007ff55c2f2510]
Event: 0.273 Thread 0x00007ff56c197000  664       3       java.net.URLStreamHandler::toExternalForm (156 bytes)
Event: 0.274 Thread 0x00007ff518288000 nmethod 663 0x00007ff55c2f2590 code [0x00007ff55c2f2720, 0x00007ff55c2f28f8]

GC Heap History (0 events):
No events

Deoptimization events (16 events):
Event: 0.080 Thread 0x00007ff56c016800 Uncommon trap: trap_request=0xffffff4d fr.pc=0x00007ff55c2ceb88 relative=0x0000000000000068
Event: 0.080 Thread 0x00007ff56c016800 Uncommon trap: reason=unstable_if action=reinterpret pc=0x00007ff55c2ceb88 method=java.lang.String.isLatin1()Z @ 10 c2
Event: 0.080 Thread 0x00007ff56c016800 DEOPT PACKING pc=0x00007ff55c2ceb88 sp=0x00007ff5701b4430
Event: 0.080 Thread 0x00007ff56c016800 DEOPT UNPACKING pc=0x00007ff5548052a5 sp=0x00007ff5701b43e0 mode 2
Event: 0.128 Thread 0x00007ff56c016800 Uncommon trap: trap_request=0xffffff4d fr.pc=0x00007ff55c2d1820 relative=0x0000000000000360
Event: 0.128 Thread 0x00007ff56c016800 Uncommon trap: reason=unstable_if action=reinterpret pc=0x00007ff55c2d1820 method=java.lang.StringLatin1.indexOf([BI[BII)I @ 91 c2
Event: 0.128 Thread 0x00007ff56c016800 DEOPT PACKING pc=0x00007ff55c2d1820 sp=0x00007ff5701b1a60
Event: 0.128 Thread 0x00007ff56c016800 DEOPT UNPACKING pc=0x00007ff5548052a5 sp=0x00007ff5701b19e0 mode 2
Event: 0.129 Thread 0x00007ff56c016800 DEOPT PACKING pc=0x00007ff554da74c3 sp=0x00007ff5701aed30
Event: 0.129 Thread 0x00007ff56c016800 DEOPT UNPACKING pc=0x00007ff5548469fa sp=0x00007ff5701ae220 mode 0
Event: 0.148 Thread 0x00007ff56c016800 Uncommon trap: trap_request=0xffffff4d fr.pc=0x00007ff55c2d1f8c relative=0x000000000000024c
Event: 0.148 Thread 0x00007ff56c016800 Uncommon trap: reason=unstable_if action=reinterpret pc=0x00007ff55c2d1f8c method=java.lang.String.startsWith(Ljava/lang/String;I)Z @ 14 c2
Event: 0.148 Thread 0x00007ff56c016800 DEOPT PACKING pc=0x00007ff55c2d1f8c sp=0x00007ff5701b34d0
Event: 0.148 Thread 0x00007ff56c016800 DEOPT UNPACKING pc=0x00007ff5548052a5 sp=0x00007ff5701b3458 mode 2
Event: 0.174 Thread 0x00007ff56c016800 DEOPT PACKING pc=0x00007ff554e1e542 sp=0x00007ff5701b24a0
Event: 0.174 Thread 0x00007ff56c016800 DEOPT UNPACKING pc=0x00007ff5548469fa sp=0x00007ff5701b1928 mode 0

Classes redefined (0 events):
No events

Internal exceptions (20 events):
Event: 0.129 Thread 0x00007ff56c016800 Exception <a 'java/security/PrivilegedActionException'{0x00000007472f8948}> (0x00000007472f8948) thrown at [src/hotspot/share/prims/jvm.cpp, line 1304]
Event: 0.129 Thread 0x00007ff56c016800 Exception <a 'java/security/PrivilegedActionException'{0x00000007472f8c18}> (0x00000007472f8c18) thrown at [src/hotspot/share/prims/jvm.cpp, line 1304]
Event: 0.129 Thread 0x00007ff56c016800 Exception <a 'java/security/PrivilegedActionException'{0x00000007472f96e0}> (0x00000007472f96e0) thrown at [src/hotspot/share/prims/jvm.cpp, line 1304]
Event: 0.129 Thread 0x00007ff56c016800 Exception <a 'java/security/PrivilegedActionException'{0x00000007472f99b0}> (0x00000007472f99b0) thrown at [src/hotspot/share/prims/jvm.cpp, line 1304]
Event: 0.129 Thread 0x00007ff56c016800 Exception <a 'java/security/PrivilegedActionException'{0x00000007472fa480}> (0x00000007472fa480) thrown at [src/hotspot/share/prims/jvm.cpp, line 1304]
Event: 0.129 Thread 0x00007ff56c016800 Exception <a 'java/security/PrivilegedActionException'{0x00000007472fa750}> (0x00000007472fa750) thrown at [src/hotspot/share/prims/jvm.cpp, line 1304]
Event: 0.129 Thread 0x00007ff56c016800 Exception <a 'java/security/PrivilegedActionException'{0x00000007472fb220}> (0x00000007472fb220) thrown at [src/hotspot/share/prims/jvm.cpp, line 1304]
Event: 0.129 Thread 0x00007ff56c016800 Exception <a 'java/security/PrivilegedActionException'{0x00000007472fb4f0}> (0x00000007472fb4f0) thrown at [src/hotspot/share/prims/jvm.cpp, line 1304]
Event: 0.129 Thread 0x00007ff56c016800 Exception <a 'java/security/PrivilegedActionException'{0x00000007472fbfe0}> (0x00000007472fbfe0) thrown at [src/hotspot/share/prims/jvm.cpp, line 1304]
Event: 0.129 Thread 0x00007ff56c016800 Exception <a 'java/security/PrivilegedActionException'{0x00000007472fc2b0}> (0x00000007472fc2b0) thrown at [src/hotspot/share/prims/jvm.cpp, line 1304]
Event: 0.129 Thread 0x00007ff56c016800 Exception <a 'java/security/PrivilegedActionException'{0x00000007472fcd80}> (0x00000007472fcd80) thrown at [src/hotspot/share/prims/jvm.cpp, line 1304]
Event: 0.129 Thread 0x00007ff56c016800 Exception <a 'java/security/PrivilegedActionException'{0x00000007472fd050}> (0x00000007472fd050) thrown at [src/hotspot/share/prims/jvm.cpp, line 1304]
Event: 0.129 Thread 0x00007ff56c016800 Exception <a 'java/security/PrivilegedActionException'{0x00000007472fdb48}> (0x00000007472fdb48) thrown at [src/hotspot/share/prims/jvm.cpp, line 1304]
Event: 0.129 Thread 0x00007ff56c016800 Exception <a 'java/security/PrivilegedActionException'{0x00000007472fde18}> (0x00000007472fde18) thrown at [src/hotspot/share/prims/jvm.cpp, line 1304]
Event: 0.155 Thread 0x00007ff56c016800 Exception <a 'java/lang/NoSuchMethodError'{0x000000074708b8c0}: 'int java.lang.invoke.DirectMethodHandle$Holder.invokeStaticInit(java.lang.Object, java.lang.Object, java.lang.Object, java.lang.Object)'> (0x000000074708b8c0) thrown at [src/hotspot/share/interpreter/linkResolver.cpp, line 772]
Event: 0.157 Thread 0x00007ff56c016800 Exception <a 'java/lang/IncompatibleClassChangeError'{0x0000000747095da8}: Found class java.lang.Object, but interface was expected> (0x0000000747095da8) thrown at [src/hotspot/share/interpreter/linkResolver.cpp, line 839]
Event: 0.158 Thread 0x00007ff56c016800 Exception <a 'java/lang/NoSuchMethodError'{0x0000000747098ff8}: 'void java.lang.invoke.DirectMethodHandle$Holder.invokeStaticInit(java.lang.Object, java.lang.Object)'> (0x0000000747098ff8) thrown at [src/hotspot/share/interpreter/linkResolver.cpp, line 772]
Event: 0.159 Thread 0x00007ff56c016800 Exception <a 'java/lang/NoSuchMethodError'{0x000000074709ecc8}: 'int java.lang.invoke.DirectMethodHandle$Holder.invokeStaticInit(java.lang.Object, java.lang.Object)'> (0x000000074709ecc8) thrown at [src/hotspot/share/interpreter/linkResolver.cpp, line 772]
Event: 0.209 Thread 0x00007ff56c016800 Exception <a 'java/security/PrivilegedActionException'{0x0000000746e245d8}> (0x0000000746e245d8) thrown at [src/hotspot/share/prims/jvm.cpp, line 1304]
Event: 0.209 Thread 0x00007ff56c016800 Exception <a 'java/security/PrivilegedActionException'{0x0000000746e248a8}> (0x0000000746e248a8) thrown at [src/hotspot/share/prims/jvm.cpp, line 1304]

Events (20 events):
Event: 0.269 loading class org/bytedeco/llvm/LLVM/LLVMRelocationIteratorRef
Event: 0.269 loading class org/bytedeco/llvm/LLVM/LLVMRelocationIteratorRef done
Event: 0.269 loading class org/bytedeco/llvm/LLVM/LLVMObjectFileRef
Event: 0.269 loading class org/bytedeco/llvm/LLVM/LLVMObjectFileRef done
Event: 0.269 loading class org/bytedeco/llvm/LLVM/LLVMTargetRef
Event: 0.269 loading class org/bytedeco/llvm/LLVM/LLVMTargetRef done
Event: 0.270 loading class org/bytedeco/llvm/LLVM/LLVMPassManagerBuilderRef
Event: 0.270 loading class org/bytedeco/llvm/LLVM/LLVMPassManagerBuilderRef done
Event: 0.270 loading class org/bytedeco/llvm/LLVM/LLVMPassBuilderOptionsRef
Event: 0.270 loading class org/bytedeco/llvm/LLVM/LLVMPassBuilderOptionsRef done
Event: 0.270 loading class org/bytedeco/llvm/LLVM/Pass
Event: 0.270 loading class org/bytedeco/llvm/LLVM/Pass done
Event: 0.270 loading class org/bytedeco/llvm/LLVM/LLVMNamedMDNodeRef
Event: 0.270 loading class org/bytedeco/llvm/LLVM/LLVMNamedMDNodeRef done
Event: 0.270 loading class org/bytedeco/llvm/LLVM/LLVMUseRef
Event: 0.270 loading class org/bytedeco/llvm/LLVM/LLVMUseRef done
Event: 0.274 loading class org/bytedeco/javacpp/PointerScope
Event: 0.274 loading class org/bytedeco/javacpp/PointerScope done
Event: 0.274 loading class org/bytedeco/javacpp/PointerScope$1
Event: 0.274 loading class org/bytedeco/javacpp/PointerScope$1 done


Dynamic libraries:
73b000000-747600000 rw-p 00000000 00:00 0 
747600000-7bfe00000 ---p 00000000 00:00 0 
7bfe00000-7bfe48000 rw-p 00b0a000 08:10 51914                            /usr/lib/jvm/java-11-openjdk-amd64/lib/server/classes.jsa
7bfe48000-7bff00000 rw-p 00000000 00:00 0 
7bff00000-7bff6b000 rw-p 00a9f000 08:10 51914                            /usr/lib/jvm/java-11-openjdk-amd64/lib/server/classes.jsa
7bff6b000-7c0000000 rw-p 00000000 00:00 0 
7c0000000-800000000 ---p 00000000 00:00 0 
800000000-800002000 rwxp 00001000 08:10 51914                            /usr/lib/jvm/java-11-openjdk-amd64/lib/server/classes.jsa
800002000-8003cc000 rw-p 00003000 08:10 51914                            /usr/lib/jvm/java-11-openjdk-amd64/lib/server/classes.jsa
8003cc000-800a9d000 r--p 003cd000 08:10 51914                            /usr/lib/jvm/java-11-openjdk-amd64/lib/server/classes.jsa
800a9d000-800a9e000 rw-p 00a9e000 08:10 51914                            /usr/lib/jvm/java-11-openjdk-amd64/lib/server/classes.jsa
840000000-8400c0000 rw-p 00000000 00:00 0 
8400c0000-880000000 ---p 00000000 00:00 0 
56535644c000-56535644d000 r--p 00000000 08:10 51492                      /usr/lib/jvm/java-11-openjdk-amd64/bin/java
56535644d000-56535644e000 r-xp 00001000 08:10 51492                      /usr/lib/jvm/java-11-openjdk-amd64/bin/java
56535644e000-56535644f000 r--p 00002000 08:10 51492                      /usr/lib/jvm/java-11-openjdk-amd64/bin/java
56535644f000-565356450000 r--p 00002000 08:10 51492                      /usr/lib/jvm/java-11-openjdk-amd64/bin/java
565356450000-565356451000 rw-p 00003000 08:10 51492                      /usr/lib/jvm/java-11-openjdk-amd64/bin/java
565356abb000-565356adc000 rw-p 00000000 00:00 0                          [heap]
7ff4f4000000-7ff4f403e000 rw-p 00000000 00:00 0 
7ff4f403e000-7ff4f8000000 ---p 00000000 00:00 0 
7ff4fc000000-7ff4fc0d5000 rw-p 00000000 00:00 0 
7ff4fc0d5000-7ff500000000 ---p 00000000 00:00 0 
7ff501325000-7ff50138a000 r--p 00000000 08:10 59056                      /root/.javacpp/cache/llvm-13.0.1-1.5.7-linux-x86_64.jar/org/bytedeco/llvm/linux-x86_64/libjniLLVM.so
7ff50138a000-7ff5013f8000 r-xp 00065000 08:10 59056                      /root/.javacpp/cache/llvm-13.0.1-1.5.7-linux-x86_64.jar/org/bytedeco/llvm/linux-x86_64/libjniLLVM.so
7ff5013f8000-7ff501423000 r--p 000d3000 08:10 59056                      /root/.javacpp/cache/llvm-13.0.1-1.5.7-linux-x86_64.jar/org/bytedeco/llvm/linux-x86_64/libjniLLVM.so
7ff501423000-7ff501426000 r--p 000fd000 08:10 59056                      /root/.javacpp/cache/llvm-13.0.1-1.5.7-linux-x86_64.jar/org/bytedeco/llvm/linux-x86_64/libjniLLVM.so
7ff501426000-7ff501429000 rw-p 00100000 08:10 59056                      /root/.javacpp/cache/llvm-13.0.1-1.5.7-linux-x86_64.jar/org/bytedeco/llvm/linux-x86_64/libjniLLVM.so
7ff501429000-7ff50142b000 rw-p 00000000 00:00 0 
7ff50142b000-7ff50142f000 ---p 00000000 00:00 0 
7ff50142f000-7ff50152c000 rw-p 00000000 00:00 0 
7ff50152c000-7ff501e52000 r--p 00000000 08:10 59050                      /root/.javacpp/cache/llvm-13.0.1-1.5.7-linux-x86_64.jar/org/bytedeco/llvm/linux-x86_64/libLLVM-13.so
7ff501e52000-7ff505815000 r-xp 00926000 08:10 59050                      /root/.javacpp/cache/llvm-13.0.1-1.5.7-linux-x86_64.jar/org/bytedeco/llvm/linux-x86_64/libLLVM-13.so
7ff505815000-7ff507a6a000 r--p 042e9000 08:10 59050                      /root/.javacpp/cache/llvm-13.0.1-1.5.7-linux-x86_64.jar/org/bytedeco/llvm/linux-x86_64/libLLVM-13.so
7ff507a6a000-7ff507f7f000 r--p 0653d000 08:10 59050                      /root/.javacpp/cache/llvm-13.0.1-1.5.7-linux-x86_64.jar/org/bytedeco/llvm/linux-x86_64/libLLVM-13.so
7ff507f7f000-7ff507f8a000 rw-p 06a52000 08:10 59050                      /root/.javacpp/cache/llvm-13.0.1-1.5.7-linux-x86_64.jar/org/bytedeco/llvm/linux-x86_64/libLLVM-13.so
7ff507f8a000-7ff508000000 rw-p 00000000 00:00 0 
7ff508000000-7ff508021000 rw-p 00000000 00:00 0 
7ff508021000-7ff50c000000 ---p 00000000 00:00 0 
7ff50c000000-7ff50c021000 rw-p 00000000 00:00 0 
7ff50c021000-7ff510000000 ---p 00000000 00:00 0 
7ff510000000-7ff510021000 rw-p 00000000 00:00 0 
7ff510021000-7ff514000000 ---p 00000000 00:00 0 
7ff514000000-7ff514021000 rw-p 00000000 00:00 0 
7ff514021000-7ff518000000 ---p 00000000 00:00 0 
7ff518000000-7ff518381000 rw-p 00000000 00:00 0 
7ff518381000-7ff51c000000 ---p 00000000 00:00 0 
7ff51c000000-7ff51c341000 rw-p 00000000 00:00 0 
7ff51c341000-7ff520000000 ---p 00000000 00:00 0 
7ff520000000-7ff520021000 rw-p 00000000 00:00 0 
7ff520021000-7ff524000000 ---p 00000000 00:00 0 
7ff524000000-7ff524021000 rw-p 00000000 00:00 0 
7ff524021000-7ff528000000 ---p 00000000 00:00 0 
7ff528000000-7ff528021000 rw-p 00000000 00:00 0 
7ff528021000-7ff52c000000 ---p 00000000 00:00 0 
7ff52c000000-7ff52c021000 rw-p 00000000 00:00 0 
7ff52c021000-7ff530000000 ---p 00000000 00:00 0 
7ff530000000-7ff530021000 rw-p 00000000 00:00 0 
7ff530021000-7ff534000000 ---p 00000000 00:00 0 
7ff534000000-7ff534021000 rw-p 00000000 00:00 0 
7ff534021000-7ff538000000 ---p 00000000 00:00 0 
7ff538000000-7ff538021000 rw-p 00000000 00:00 0 
7ff538021000-7ff53c000000 ---p 00000000 00:00 0 
7ff53c000000-7ff53c021000 rw-p 00000000 00:00 0 
7ff53c021000-7ff540000000 ---p 00000000 00:00 0 
7ff5400ef000-7ff5400f3000 ---p 00000000 00:00 0 
7ff5400f3000-7ff5401f0000 rw-p 00000000 00:00 0 
7ff5401f0000-7ff5401f7000 r--p 00000000 08:10 59052                      /root/.javacpp/cache/llvm-13.0.1-1.5.7-linux-x86_64.jar/org/bytedeco/llvm/linux-x86_64/libLTO.so.13
7ff5401f7000-7ff5401ff000 r-xp 00007000 08:10 59052                      /root/.javacpp/cache/llvm-13.0.1-1.5.7-linux-x86_64.jar/org/bytedeco/llvm/linux-x86_64/libLTO.so.13
7ff5401ff000-7ff540201000 r--p 0000f000 08:10 59052                      /root/.javacpp/cache/llvm-13.0.1-1.5.7-linux-x86_64.jar/org/bytedeco/llvm/linux-x86_64/libLTO.so.13
7ff540201000-7ff540202000 r--p 00010000 08:10 59052                      /root/.javacpp/cache/llvm-13.0.1-1.5.7-linux-x86_64.jar/org/bytedeco/llvm/linux-x86_64/libLTO.so.13
7ff540202000-7ff540203000 rw-p 00011000 08:10 59052                      /root/.javacpp/cache/llvm-13.0.1-1.5.7-linux-x86_64.jar/org/bytedeco/llvm/linux-x86_64/libLTO.so.13
7ff540203000-7ff540207000 ---p 00000000 00:00 0 
7ff540207000-7ff540304000 rw-p 00000000 00:00 0 
7ff540304000-7ff540308000 r--p 00000000 08:10 59044                      /root/.javacpp/cache/javacpp-1.5.7-linux-x86_64.jar/org/bytedeco/javacpp/linux-x86_64/libjnijavacpp.so
7ff540308000-7ff54030f000 r-xp 00004000 08:10 59044                      /root/.javacpp/cache/javacpp-1.5.7-linux-x86_64.jar/org/bytedeco/javacpp/linux-x86_64/libjnijavacpp.so
7ff54030f000-7ff540313000 r--p 0000b000 08:10 59044                      /root/.javacpp/cache/javacpp-1.5.7-linux-x86_64.jar/org/bytedeco/javacpp/linux-x86_64/libjnijavacpp.so
7ff540313000-7ff540314000 r--p 0000e000 08:10 59044                      /root/.javacpp/cache/javacpp-1.5.7-linux-x86_64.jar/org/bytedeco/javacpp/linux-x86_64/libjnijavacpp.so
7ff540314000-7ff540315000 rw-p 0000f000 08:10 59044                      /root/.javacpp/cache/javacpp-1.5.7-linux-x86_64.jar/org/bytedeco/javacpp/linux-x86_64/libjnijavacpp.so
7ff540315000-7ff540346000 rw-p 00000000 00:00 0 
7ff540346000-7ff54034a000 r--p 00000000 08:10 51641                      /usr/lib/jvm/java-11-openjdk-amd64/lib/libnet.so
7ff54034a000-7ff540358000 r-xp 00004000 08:10 51641                      /usr/lib/jvm/java-11-openjdk-amd64/lib/libnet.so
7ff540358000-7ff54035c000 r--p 00012000 08:10 51641                      /usr/lib/jvm/java-11-openjdk-amd64/lib/libnet.so
7ff54035c000-7ff54035d000 r--p 00015000 08:10 51641                      /usr/lib/jvm/java-11-openjdk-amd64/lib/libnet.so
7ff54035d000-7ff54035e000 rw-p 00016000 08:10 51641                      /usr/lib/jvm/java-11-openjdk-amd64/lib/libnet.so
7ff54035e000-7ff540362000 ---p 00000000 00:00 0 
7ff540362000-7ff54045f000 rw-p 00000000 00:00 0 
7ff54045f000-7ff540460000 ---p 00000000 00:00 0 
7ff540460000-7ff540561000 rw-p 00000000 00:00 0 
7ff540561000-7ff540565000 ---p 00000000 00:00 0 
7ff540565000-7ff540662000 rw-p 00000000 00:00 0 
7ff540662000-7ff540666000 ---p 00000000 00:00 0 
7ff540666000-7ff540763000 rw-p 00000000 00:00 0 
7ff540763000-7ff540767000 ---p 00000000 00:00 0 
7ff540767000-7ff540864000 rw-p 00000000 00:00 0 
7ff540864000-7ff540868000 ---p 00000000 00:00 0 
7ff540868000-7ff540965000 rw-p 00000000 00:00 0 
7ff540965000-7ff540969000 ---p 00000000 00:00 0 
7ff540969000-7ff540a66000 rw-p 00000000 00:00 0 
7ff540a66000-7ff540a98000 r--p 00000000 08:10 37760                      /usr/lib/locale/C.UTF-8/LC_CTYPE
7ff540a98000-7ff540c0b000 r--p 00000000 08:10 37759                      /usr/lib/locale/C.UTF-8/LC_COLLATE
7ff540c0b000-7ff540ef1000 r--p 00000000 08:10 37757                      /usr/lib/locale/locale-archive
7ff540ef1000-7ff540ef5000 ---p 00000000 00:00 0 
7ff540ef5000-7ff540ff2000 rw-p 00000000 00:00 0 
7ff540ff2000-7ff540ff6000 ---p 00000000 00:00 0 
7ff540ff6000-7ff5410f3000 rw-p 00000000 00:00 0 
7ff5410f3000-7ff5410f4000 ---p 00000000 00:00 0 
7ff5410f4000-7ff5418b9000 rw-p 00000000 00:00 0 
7ff5418b9000-7ff541af9000 ---p 00000000 00:00 0 
7ff541af9000-7ff541afa000 ---p 00000000 00:00 0 
7ff541afa000-7ff541bfb000 rw-p 00000000 00:00 0 
7ff541bfb000-7ff541bfc000 ---p 00000000 00:00 0 
7ff541bfc000-7ff544000000 rw-p 00000000 00:00 0 
7ff544000000-7ff544021000 rw-p 00000000 00:00 0 
7ff544021000-7ff548000000 ---p 00000000 00:00 0 
7ff54800f000-7ff548535000 rw-p 00000000 00:00 0 
7ff548535000-7ff548536000 ---p 00000000 00:00 0 
7ff548536000-7ff548637000 rw-p 00000000 00:00 0 
7ff548637000-7ff548638000 ---p 00000000 00:00 0 
7ff548638000-7ff548b1d000 rw-p 00000000 00:00 0 
7ff548b1d000-7ff54a93d000 ---p 00000000 00:00 0 
7ff54a93d000-7ff54a945000 rw-p 00000000 00:00 0 
7ff54a945000-7ff54b945000 ---p 00000000 00:00 0 
7ff54b945000-7ff54bc5d000 rw-p 00000000 00:00 0 
7ff54bc5d000-7ff54da7d000 ---p 00000000 00:00 0 
7ff54da7d000-7ff54da85000 rw-p 00000000 00:00 0 
7ff54da85000-7ff54ea85000 ---p 00000000 00:00 0 
7ff54ea85000-7ff54eae8000 rw-p 00000000 00:00 0 
7ff54eae8000-7ff54eeac000 ---p 00000000 00:00 0 
7ff54eeac000-7ff54eead000 rw-p 00000000 00:00 0 
7ff54eead000-7ff54f0ad000 ---p 00000000 00:00 0 
7ff54f0ad000-7ff54f110000 rw-p 00000000 00:00 0 
7ff54f110000-7ff54f4d4000 ---p 00000000 00:00 0 
7ff54f4d4000-7ff54f4d5000 rw-p 00000000 00:00 0 
7ff54f4d5000-7ff54f6d5000 ---p 00000000 00:00 0 
7ff54f6d5000-7ff54f738000 rw-p 00000000 00:00 0 
7ff54f738000-7ff54fafc000 ---p 00000000 00:00 0 
7ff54fafc000-7ff54fafd000 rw-p 00000000 00:00 0 
7ff54fafd000-7ff54fcfd000 ---p 00000000 00:00 0 
7ff54fcfd000-7ff550000000 rw-p 00000000 00:00 0 
7ff550000000-7ff550021000 rw-p 00000000 00:00 0 
7ff550021000-7ff554000000 ---p 00000000 00:00 0 
7ff554007000-7ff554008000 r--p 00000000 08:10 59054                      /root/.javacpp/cache/llvm-13.0.1-1.5.7-linux-x86_64.jar/org/bytedeco/llvm/linux-x86_64/libRemarks.so.13
7ff554008000-7ff554009000 r-xp 00001000 08:10 59054                      /root/.javacpp/cache/llvm-13.0.1-1.5.7-linux-x86_64.jar/org/bytedeco/llvm/linux-x86_64/libRemarks.so.13
7ff554009000-7ff55400a000 r--p 00002000 08:10 59054                      /root/.javacpp/cache/llvm-13.0.1-1.5.7-linux-x86_64.jar/org/bytedeco/llvm/linux-x86_64/libRemarks.so.13
7ff55400a000-7ff55400b000 r--p 00002000 08:10 59054                      /root/.javacpp/cache/llvm-13.0.1-1.5.7-linux-x86_64.jar/org/bytedeco/llvm/linux-x86_64/libRemarks.so.13
7ff55400b000-7ff55400c000 rw-p 00003000 08:10 59054                      /root/.javacpp/cache/llvm-13.0.1-1.5.7-linux-x86_64.jar/org/bytedeco/llvm/linux-x86_64/libRemarks.so.13
7ff55400c000-7ff554013000 r--p 00000000 08:10 51642                      /usr/lib/jvm/java-11-openjdk-amd64/lib/libnio.so
7ff554013000-7ff55401b000 r-xp 00007000 08:10 51642                      /usr/lib/jvm/java-11-openjdk-amd64/lib/libnio.so
7ff55401b000-7ff55401e000 r--p 0000f000 08:10 51642                      /usr/lib/jvm/java-11-openjdk-amd64/lib/libnio.so
7ff55401e000-7ff55401f000 r--p 00011000 08:10 51642                      /usr/lib/jvm/java-11-openjdk-amd64/lib/libnio.so
7ff55401f000-7ff554020000 rw-p 00012000 08:10 51642                      /usr/lib/jvm/java-11-openjdk-amd64/lib/libnio.so
7ff554020000-7ff554525000 rw-p 00000000 00:00 0 
7ff554525000-7ff554526000 ---p 00000000 00:00 0 
7ff554526000-7ff55462c000 rw-p 00000000 00:00 0 
7ff55462c000-7ff554712000 ---p 00000000 00:00 0 
7ff554712000-7ff554717000 rw-p 00000000 00:00 0 
7ff554717000-7ff5547fd000 ---p 00000000 00:00 0 
7ff5547fd000-7ff554a6d000 rwxp 00000000 00:00 0 
7ff554a6d000-7ff554d8e000 ---p 00000000 00:00 0 
7ff554d8e000-7ff554ffe000 rwxp 00000000 00:00 0 
7ff554ffe000-7ff55c2c5000 ---p 00000000 00:00 0 
7ff55c2c5000-7ff55c535000 rwxp 00000000 00:00 0 
7ff55c535000-7ff5637fd000 ---p 00000000 00:00 0 
7ff5637fd000-7ff56c000000 r--s 00000000 08:10 51651                      /usr/lib/jvm/java-11-openjdk-amd64/lib/modules
7ff56c000000-7ff56c50e000 rw-p 00000000 00:00 0 
7ff56c50e000-7ff570000000 ---p 00000000 00:00 0 
7ff570004000-7ff570005000 r--p 00000000 08:10 37766                      /usr/lib/locale/C.UTF-8/LC_NUMERIC
7ff570005000-7ff570006000 r--p 00000000 08:10 37769                      /usr/lib/locale/C.UTF-8/LC_TIME
7ff570006000-7ff570007000 r--p 00000000 08:10 37764                      /usr/lib/locale/C.UTF-8/LC_MONETARY
7ff570007000-7ff570008000 r--p 00000000 08:10 37770                      /usr/lib/locale/C.UTF-8/LC_MESSAGES/SYS_LC_MESSAGES
7ff570008000-7ff570009000 r--p 00000000 08:10 37767                      /usr/lib/locale/C.UTF-8/LC_PAPER
7ff570009000-7ff57000a000 r--p 00000000 08:10 37765                      /usr/lib/locale/C.UTF-8/LC_NAME
7ff57000a000-7ff57000b000 r--p 00000000 08:10 37758                      /usr/lib/locale/C.UTF-8/LC_ADDRESS
7ff57000b000-7ff57000c000 r--p 00000000 08:10 37768                      /usr/lib/locale/C.UTF-8/LC_TELEPHONE
7ff57000c000-7ff570013000 r--s 00000000 08:10 28968                      /usr/lib/x86_64-linux-gnu/gconv/gconv-modules.cache
7ff570013000-7ff570039000 rw-p 00000000 00:00 0 
7ff570039000-7ff570040000 ---p 00000000 00:00 0 
7ff570040000-7ff570042000 r--p 00000000 08:10 51650                      /usr/lib/jvm/java-11-openjdk-amd64/lib/libzip.so
7ff570042000-7ff570047000 r-xp 00002000 08:10 51650                      /usr/lib/jvm/java-11-openjdk-amd64/lib/libzip.so
7ff570047000-7ff570049000 r--p 00007000 08:10 51650                      /usr/lib/jvm/java-11-openjdk-amd64/lib/libzip.so
7ff570049000-7ff57004a000 r--p 00008000 08:10 51650                      /usr/lib/jvm/java-11-openjdk-amd64/lib/libzip.so
7ff57004a000-7ff57004b000 rw-p 00009000 08:10 51650                      /usr/lib/jvm/java-11-openjdk-amd64/lib/libzip.so
7ff57004b000-7ff57004e000 r--p 00000000 08:10 27115                      /usr/lib/x86_64-linux-gnu/libnss_files-2.31.so
7ff57004e000-7ff570055000 r-xp 00003000 08:10 27115                      /usr/lib/x86_64-linux-gnu/libnss_files-2.31.so
7ff570055000-7ff570057000 r--p 0000a000 08:10 27115                      /usr/lib/x86_64-linux-gnu/libnss_files-2.31.so
7ff570057000-7ff570058000 r--p 0000b000 08:10 27115                      /usr/lib/x86_64-linux-gnu/libnss_files-2.31.so
7ff570058000-7ff570059000 rw-p 0000c000 08:10 27115                      /usr/lib/x86_64-linux-gnu/libnss_files-2.31.so
7ff570059000-7ff57005f000 rw-p 00000000 00:00 0 
7ff57005f000-7ff570060000 r--p 00000000 08:10 37762                      /usr/lib/locale/C.UTF-8/LC_MEASUREMENT
7ff570060000-7ff570062000 r--s 0000c000 08:10 23045                      /usr/share/java/java-atk-wrapper.jar
7ff570062000-7ff57006a000 rw-s 00000000 08:10 59051                      /tmp/hsperfdata_root/14613
7ff57006a000-7ff570078000 r--p 00000000 08:10 51630                      /usr/lib/jvm/java-11-openjdk-amd64/lib/libjava.so
7ff570078000-7ff57008e000 r-xp 0000e000 08:10 51630                      /usr/lib/jvm/java-11-openjdk-amd64/lib/libjava.so
7ff57008e000-7ff570095000 r--p 00024000 08:10 51630                      /usr/lib/jvm/java-11-openjdk-amd64/lib/libjava.so
7ff570095000-7ff570096000 r--p 0002a000 08:10 51630                      /usr/lib/jvm/java-11-openjdk-amd64/lib/libjava.so
7ff570096000-7ff570097000 rw-p 0002b000 08:10 51630                      /usr/lib/jvm/java-11-openjdk-amd64/lib/libjava.so
7ff570097000-7ff570098000 rw-p 00000000 00:00 0 
7ff570098000-7ff57009d000 r--p 00000000 08:10 51649                      /usr/lib/jvm/java-11-openjdk-amd64/lib/libverify.so
7ff57009d000-7ff5700a4000 r-xp 00005000 08:10 51649                      /usr/lib/jvm/java-11-openjdk-amd64/lib/libverify.so
7ff5700a4000-7ff5700a6000 r--p 0000c000 08:10 51649                      /usr/lib/jvm/java-11-openjdk-amd64/lib/libverify.so
7ff5700a6000-7ff5700a7000 ---p 0000e000 08:10 51649                      /usr/lib/jvm/java-11-openjdk-amd64/lib/libverify.so
7ff5700a7000-7ff5700a9000 r--p 0000e000 08:10 51649                      /usr/lib/jvm/java-11-openjdk-amd64/lib/libverify.so
7ff5700a9000-7ff5700aa000 rw-p 00010000 08:10 51649                      /usr/lib/jvm/java-11-openjdk-amd64/lib/libverify.so
7ff5700aa000-7ff5700ad000 r--p 00000000 08:10 27205                      /usr/lib/x86_64-linux-gnu/librt-2.31.so
7ff5700ad000-7ff5700b1000 r-xp 00003000 08:10 27205                      /usr/lib/x86_64-linux-gnu/librt-2.31.so
7ff5700b1000-7ff5700b2000 r--p 00007000 08:10 27205                      /usr/lib/x86_64-linux-gnu/librt-2.31.so
7ff5700b2000-7ff5700b3000 ---p 00008000 08:10 27205                      /usr/lib/x86_64-linux-gnu/librt-2.31.so
7ff5700b3000-7ff5700b4000 r--p 00008000 08:10 27205                      /usr/lib/x86_64-linux-gnu/librt-2.31.so
7ff5700b4000-7ff5700b5000 rw-p 00009000 08:10 27205                      /usr/lib/x86_64-linux-gnu/librt-2.31.so
7ff5700b5000-7ff5700b9000 ---p 00000000 00:00 0 
7ff5700b9000-7ff5701b6000 rw-p 00000000 00:00 0 
7ff5701b6000-7ff5701b9000 r--p 00000000 08:10 26920                      /usr/lib/x86_64-linux-gnu/libgcc_s.so.1
7ff5701b9000-7ff5701cb000 r-xp 00003000 08:10 26920                      /usr/lib/x86_64-linux-gnu/libgcc_s.so.1
7ff5701cb000-7ff5701cf000 r--p 00015000 08:10 26920                      /usr/lib/x86_64-linux-gnu/libgcc_s.so.1
7ff5701cf000-7ff5701d0000 r--p 00018000 08:10 26920                      /usr/lib/x86_64-linux-gnu/libgcc_s.so.1
7ff5701d0000-7ff5701d1000 rw-p 00019000 08:10 26920                      /usr/lib/x86_64-linux-gnu/libgcc_s.so.1
7ff5701d1000-7ff5701e0000 r--p 00000000 08:10 27062                      /usr/lib/x86_64-linux-gnu/libm-2.31.so
7ff5701e0000-7ff570287000 r-xp 0000f000 08:10 27062                      /usr/lib/x86_64-linux-gnu/libm-2.31.so
7ff570287000-7ff57031e000 r--p 000b6000 08:10 27062                      /usr/lib/x86_64-linux-gnu/libm-2.31.so
7ff57031e000-7ff57031f000 r--p 0014c000 08:10 27062                      /usr/lib/x86_64-linux-gnu/libm-2.31.so
7ff57031f000-7ff570320000 rw-p 0014d000 08:10 27062                      /usr/lib/x86_64-linux-gnu/libm-2.31.so
7ff570320000-7ff5703b6000 r--p 00000000 08:10 27246                      /usr/lib/x86_64-linux-gnu/libstdc++.so.6.0.28
7ff5703b6000-7ff5704a7000 r-xp 00096000 08:10 27246                      /usr/lib/x86_64-linux-gnu/libstdc++.so.6.0.28
7ff5704a7000-7ff5704f0000 r--p 00187000 08:10 27246                      /usr/lib/x86_64-linux-gnu/libstdc++.so.6.0.28
7ff5704f0000-7ff5704f1000 ---p 001d0000 08:10 27246                      /usr/lib/x86_64-linux-gnu/libstdc++.so.6.0.28
7ff5704f1000-7ff5704fc000 r--p 001d0000 08:10 27246                      /usr/lib/x86_64-linux-gnu/libstdc++.so.6.0.28
7ff5704fc000-7ff5704ff000 rw-p 001db000 08:10 27246                      /usr/lib/x86_64-linux-gnu/libstdc++.so.6.0.28
7ff5704ff000-7ff570502000 rw-p 00000000 00:00 0 
7ff570502000-7ff570784000 r--p 00000000 08:10 51656                      /usr/lib/jvm/java-11-openjdk-amd64/lib/server/libjvm.so
7ff570784000-7ff57140d000 r-xp 00282000 08:10 51656                      /usr/lib/jvm/java-11-openjdk-amd64/lib/server/libjvm.so
7ff57140d000-7ff57166a000 r--p 00f0b000 08:10 51656                      /usr/lib/jvm/java-11-openjdk-amd64/lib/server/libjvm.so
7ff57166a000-7ff57166b000 ---p 01168000 08:10 51656                      /usr/lib/jvm/java-11-openjdk-amd64/lib/server/libjvm.so
7ff57166b000-7ff57172f000 r--p 01168000 08:10 51656                      /usr/lib/jvm/java-11-openjdk-amd64/lib/server/libjvm.so
7ff57172f000-7ff57176a000 rw-p 0122c000 08:10 51656                      /usr/lib/jvm/java-11-openjdk-amd64/lib/server/libjvm.so
7ff57176a000-7ff5717c3000 rw-p 00000000 00:00 0 
7ff5717c3000-7ff5717ca000 r--p 00000000 08:10 27189                      /usr/lib/x86_64-linux-gnu/libpthread-2.31.so
7ff5717ca000-7ff5717db000 r-xp 00007000 08:10 27189                      /usr/lib/x86_64-linux-gnu/libpthread-2.31.so
7ff5717db000-7ff5717e0000 r--p 00018000 08:10 27189                      /usr/lib/x86_64-linux-gnu/libpthread-2.31.so
7ff5717e0000-7ff5717e1000 r--p 0001c000 08:10 27189                      /usr/lib/x86_64-linux-gnu/libpthread-2.31.so
7ff5717e1000-7ff5717e2000 rw-p 0001d000 08:10 27189                      /usr/lib/x86_64-linux-gnu/libpthread-2.31.so
7ff5717e2000-7ff5717e6000 rw-p 00000000 00:00 0 
7ff5717e6000-7ff5717e7000 r--p 00000000 08:10 26843                      /usr/lib/x86_64-linux-gnu/libdl-2.31.so
7ff5717e7000-7ff5717e9000 r-xp 00001000 08:10 26843                      /usr/lib/x86_64-linux-gnu/libdl-2.31.so
7ff5717e9000-7ff5717ea000 r--p 00003000 08:10 26843                      /usr/lib/x86_64-linux-gnu/libdl-2.31.so
7ff5717ea000-7ff5717eb000 r--p 00003000 08:10 26843                      /usr/lib/x86_64-linux-gnu/libdl-2.31.so
7ff5717eb000-7ff5717ec000 rw-p 00004000 08:10 26843                      /usr/lib/x86_64-linux-gnu/libdl-2.31.so
7ff5717ec000-7ff5717ee000 r--p 00000000 08:10 27422                      /usr/lib/x86_64-linux-gnu/libz.so.1.2.11
7ff5717ee000-7ff5717ff000 r-xp 00002000 08:10 27422                      /usr/lib/x86_64-linux-gnu/libz.so.1.2.11
7ff5717ff000-7ff571805000 r--p 00013000 08:10 27422                      /usr/lib/x86_64-linux-gnu/libz.so.1.2.11
7ff571805000-7ff571806000 ---p 00019000 08:10 27422                      /usr/lib/x86_64-linux-gnu/libz.so.1.2.11
7ff571806000-7ff571807000 r--p 00019000 08:10 27422                      /usr/lib/x86_64-linux-gnu/libz.so.1.2.11
7ff571807000-7ff571808000 rw-p 0001a000 08:10 27422                      /usr/lib/x86_64-linux-gnu/libz.so.1.2.11
7ff571808000-7ff57182d000 r--p 00000000 08:10 26805                      /usr/lib/x86_64-linux-gnu/libc-2.31.so
7ff57182d000-7ff5719a5000 r-xp 00025000 08:10 26805                      /usr/lib/x86_64-linux-gnu/libc-2.31.so
7ff5719a5000-7ff5719ef000 r--p 0019d000 08:10 26805                      /usr/lib/x86_64-linux-gnu/libc-2.31.so
7ff5719ef000-7ff5719f0000 ---p 001e7000 08:10 26805                      /usr/lib/x86_64-linux-gnu/libc-2.31.so
7ff5719f0000-7ff5719f3000 r--p 001e7000 08:10 26805                      /usr/lib/x86_64-linux-gnu/libc-2.31.so
7ff5719f3000-7ff5719f6000 rw-p 001ea000 08:10 26805                      /usr/lib/x86_64-linux-gnu/libc-2.31.so
7ff5719f6000-7ff5719fa000 rw-p 00000000 00:00 0 
7ff5719fa000-7ff5719fb000 ---p 00000000 00:00 0 
7ff5719fb000-7ff5719fc000 r--p 00000000 00:00 0 
7ff5719fc000-7ff5719fe000 r--p 00000000 08:10 51633                      /usr/lib/jvm/java-11-openjdk-amd64/lib/libjimage.so
7ff5719fe000-7ff571a01000 r-xp 00002000 08:10 51633                      /usr/lib/jvm/java-11-openjdk-amd64/lib/libjimage.so
7ff571a01000-7ff571a02000 r--p 00005000 08:10 51633                      /usr/lib/jvm/java-11-openjdk-amd64/lib/libjimage.so
7ff571a02000-7ff571a03000 ---p 00006000 08:10 51633                      /usr/lib/jvm/java-11-openjdk-amd64/lib/libjimage.so
7ff571a03000-7ff571a04000 r--p 00006000 08:10 51633                      /usr/lib/jvm/java-11-openjdk-amd64/lib/libjimage.so
7ff571a04000-7ff571a05000 rw-p 00007000 08:10 51633                      /usr/lib/jvm/java-11-openjdk-amd64/lib/libjimage.so
7ff571a05000-7ff571a08000 r--p 00000000 08:10 51615                      /usr/lib/jvm/java-11-openjdk-amd64/lib/jli/libjli.so
7ff571a08000-7ff571a12000 r-xp 00003000 08:10 51615                      /usr/lib/jvm/java-11-openjdk-amd64/lib/jli/libjli.so
7ff571a12000-7ff571a15000 r--p 0000d000 08:10 51615                      /usr/lib/jvm/java-11-openjdk-amd64/lib/jli/libjli.so
7ff571a15000-7ff571a16000 ---p 00010000 08:10 51615                      /usr/lib/jvm/java-11-openjdk-amd64/lib/jli/libjli.so
7ff571a16000-7ff571a17000 r--p 00010000 08:10 51615                      /usr/lib/jvm/java-11-openjdk-amd64/lib/jli/libjli.so
7ff571a17000-7ff571a18000 rw-p 00011000 08:10 51615                      /usr/lib/jvm/java-11-openjdk-amd64/lib/jli/libjli.so
7ff571a18000-7ff571a1a000 rw-p 00000000 00:00 0 
7ff571a1a000-7ff571a1b000 r--p 00000000 08:10 26735                      /usr/lib/x86_64-linux-gnu/ld-2.31.so
7ff571a1b000-7ff571a3e000 r-xp 00001000 08:10 26735                      /usr/lib/x86_64-linux-gnu/ld-2.31.so
7ff571a3e000-7ff571a46000 r--p 00024000 08:10 26735                      /usr/lib/x86_64-linux-gnu/ld-2.31.so
7ff571a46000-7ff571a47000 r--p 00000000 08:10 37761                      /usr/lib/locale/C.UTF-8/LC_IDENTIFICATION
7ff571a47000-7ff571a48000 r--p 0002c000 08:10 26735                      /usr/lib/x86_64-linux-gnu/ld-2.31.so
7ff571a48000-7ff571a49000 rw-p 0002d000 08:10 26735                      /usr/lib/x86_64-linux-gnu/ld-2.31.so
7ff571a49000-7ff571a4a000 rw-p 00000000 00:00 0 
7ffd81d90000-7ffd81db2000 rw-p 00000000 00:00 0                          [stack]
7ffd81de6000-7ffd81dea000 r--p 00000000 00:00 0                          [vvar]
7ffd81dea000-7ffd81deb000 r-xp 00000000 00:00 0                          [vdso]


VM Arguments:
jvm_args: -Dfile.encoding=UTF-8 
java_command: Main ./tests/test1.sysy ./tests/test1_ans.txt
java_class_path (initial): /root/CompilerLab/Lab/target/classes:/usr/local/lib/antlr-4.10.1-complete.jar:/root/.m2/repository/org/bytedeco/llvm-platform/13.0.1-1.5.7/llvm-platform-13.0.1-1.5.7.jar:/root/.m2/repository/org/bytedeco/javacpp-platform/1.5.7/javacpp-platform-1.5.7.jar:/root/.m2/repository/org/bytedeco/javacpp/1.5.7/javacpp-1.5.7.jar:/root/.m2/repository/org/bytedeco/javacpp/1.5.7/javacpp-1.5.7-android-arm.jar:/root/.m2/repository/org/bytedeco/javacpp/1.5.7/javacpp-1.5.7-android-arm64.jar:/root/.m2/repository/org/bytedeco/javacpp/1.5.7/javacpp-1.5.7-android-x86.jar:/root/.m2/repository/org/bytedeco/javacpp/1.5.7/javacpp-1.5.7-android-x86_64.jar:/root/.m2/repository/org/bytedeco/javacpp/1.5.7/javacpp-1.5.7-ios-arm64.jar:/root/.m2/repository/org/bytedeco/javacpp/1.5.7/javacpp-1.5.7-ios-x86_64.jar:/root/.m2/repository/org/bytedeco/javacpp/1.5.7/javacpp-1.5.7-linux-armhf.jar:/root/.m2/repository/org/bytedeco/javacpp/1.5.7/javacpp-1.5.7-linux-arm64.jar:/root/.m2/repository/org/bytedeco/javacpp/1.5.7/javacpp-1.5.7-linux-ppc64le.jar:/root/.m2/repository/org/bytedeco/javacpp/1.5.7/javacpp-1.5.7-linux-x86.jar:/root/.m2/repository/org/bytedeco/javacpp/1.5.7/javacpp-1.5.7-linux-x86_64.jar:/root/.m2/repository/org/bytedeco/javacpp/1.5.7/javacpp-1.5.7-macosx-arm64.jar:/root/.m2/repository/org/bytedeco/javacpp/1.5.7/javacpp-1.5.7-macosx-x86_64.jar:/root/.m2/repository/org/bytedeco/javacpp/1.5.7/javacpp-1.5.7-windows-x86.jar:/root/.m2/repository/org/bytedeco/javacpp/1.5.7/javacpp-1.5.7-windows-x86_64.jar:/root/.m2/repository/org/bytedeco/llvm/13.0.1-1.5.7/llvm-13.0.1-1.5.7.jar:/root/.m2/repository/org/bytedeco/llvm/13.0.1-1.5.7/llvm-13.0.1-1.5.7-linux-x86.jar:/root/.m2/repository/org/bytedeco/llvm/13.0.1-1.5.7/llvm-13.0.1-1.5.7-linux-x86_64.jar:/root/.m2/repository/org/bytedeco/llvm/13.0.1-1.5.7/llvm-13.0.1-1.5.7-linux-armhf.jar:/root/.m2/repository/org/bytedeco/llvm/13.0.1-1.5.7/llvm-13.0.1-1.5.7-linux-arm64.jar:/root/.m2/repository/org/bytedeco/llvm/13.0.1-1.5.7/llv
Launcher Type: SUN_STANDARD

[Global flags]
     intx CICompilerCount                          = 4                                         {product} {ergonomic}
     uint ConcGCThreads                            = 2                                         {product} {ergonomic}
     uint G1ConcRefinementThreads                  = 8                                         {product} {ergonomic}
   size_t G1HeapRegionSize                         = 1048576                                   {product} {ergonomic}
    uintx GCDrainStackTargetSize                   = 64                                        {product} {ergonomic}
   size_t InitialHeapSize                          = 207618048                                 {product} {ergonomic}
   size_t MarkStackSize                            = 4194304                                   {product} {ergonomic}
   size_t MaxHeapSize                              = 3305111552                                {product} {ergonomic}
   size_t MaxNewSize                               = 1982857216                                {product} {ergonomic}
   size_t MinHeapDeltaBytes                        = 1048576                                   {product} {ergonomic}
    uintx NonNMethodCodeHeapSize                   = 5836300                                {pd product} {ergonomic}
    uintx NonProfiledCodeHeapSize                  = 122910970                              {pd product} {ergonomic}
    uintx ProfiledCodeHeapSize                     = 122910970                              {pd product} {ergonomic}
    uintx ReservedCodeCacheSize                    = 251658240                              {pd product} {ergonomic}
     bool SegmentedCodeCache                       = true                                      {product} {ergonomic}
     bool UseCompressedClassPointers               = true                                 {lp64_product} {ergonomic}
     bool UseCompressedOops                        = true                                 {lp64_product} {ergonomic}
     bool UseG1GC                                  = true                                      {product} {ergonomic}

Logging:
Log output configuration:
 #0: stdout all=warning uptime,level,tags
 #1: stderr all=off uptime,level,tags

Environment Variables:
PATH=/usr/local/sbin:/usr/local/bin:/usr/sbin:/usr/bin:/sbin:/bin:/usr/games:/usr/local/games:/usr/lib/wsl/lib:/mnt/c/Program Files (x86)/Common Files/Oracle/Java/javapath:/mnt/c/Python310/Scripts/:/mnt/c/Python310/:/mnt/c/Program Files/MySQL/MySQL Server 8.0/bin:/mnt/c/Windows/system32:/mnt/c/Windows:/mnt/c/Windows/System32/Wbem:/mnt/c/Windows/System32/WindowsPowerShell/v1.0/:/mnt/c/Windows/System32/OpenSSH/:/mnt/c/ProgramData/chocolatey/bin:/mnt/c/Program Files/Pandoc/:/mnt/d//Ne:/mnt/d/Applications/mingw-w64/x86_64-8.1.0-release-win32-seh-rt_v6-rev0/bin:/mnt/c/Program Files/Java/jdk-15.0.2/bin:/mnt/c/Program Files/Java/jdk-15.0.2/jre/bin:/mnt/d/Applications/scala/bin:/mnt/d/Applications/scala/jre/bin:/mnt/d/Applications/Prince/engine/bin:/mnt/d/Applications/Maven/apache-maven-3.8.6/bin:/mnt/c/Program Files/Git/cmd:/mnt/d//Tencent/web/dll:/mnt/d/Applications/nodejs/:/mnt/c/Users/20125/AppData/Local/Programs/Python/Python38/Scripts/:/mnt/c/Users/20125/AppData/Local/Programs/Python/Python38/:/mnt/c/Users/20125/AppData/Local/Microsoft/WindowsApps:/mnt/c/Program Files/JetBrains/IntelliJ IDEA 2021.3/bin:/mnt/c/Program Files/JetBrains/PyCharm 2021.3.1/bin:/mnt/d//JetBrains/WebStorm 2021.3.1/bin:/mnt/d//JetBrains/CLion 2021.3.2/bin:/mnt/c/Users/20125/AppData/Local/GitHubDesktop/bin:/mnt/d//JetBrains/DataGrip 2021.3.4/bin:/mnt/d/Applications/Microsoft VS Code/bin:/mnt/c/Users/20125/AppData/Local/JetBrains/Toolbox/scripts:/mnt/c/Program Files/jdk-15.0.2/jre/bin:/mnt/c/Program Files/jdk-15.0.2/bin:/mnt/c/Users/20125/AppData/Roaming/npm
SHELL=/bin/sh
HOSTTYPE=x86_64
LANG=C.UTF-8
TERM=xterm-256color

Signal Handlers:
SIGSEGV: [libjvm.so+0xe97eb0], sa_mask[0]=11111111011111111101111111111110, sa_flags=SA_RESTART|SA_SIGINFO
SIGBUS: [libjvm.so+0xe97eb0], sa_mask[0]=11111111011111111101111111111110, sa_flags=SA_RESTART|SA_SIGINFO
SIGFPE: [libjvm.so+0xe97eb0], sa_mask[0]=11111111011111111101111111111110, sa_flags=SA_RESTART|SA_SIGINFO
SIGPIPE: [libjvm.so+0xbde850], sa_mask[0]=11111111011111111101111111111110, sa_flags=SA_RESTART|SA_SIGINFO
SIGXFSZ: [libjvm.so+0xbde850], sa_mask[0]=11111111011111111101111111111110, sa_flags=SA_RESTART|SA_SIGINFO
SIGILL: [libjvm.so+0xe97eb0], sa_mask[0]=11111111011111111101111111111110, sa_flags=SA_RESTART|SA_SIGINFO
SIGUSR2: [libjvm.so+0xbde6f0], sa_mask[0]=00000000000000000000000000000000, sa_flags=SA_RESTART|SA_SIGINFO
SIGHUP: [libjvm.so+0xbde9e0], sa_mask[0]=11111111011111111101111111111110, sa_flags=SA_RESTART|SA_SIGINFO
SIGINT: [libjvm.so+0xbde9e0], sa_mask[0]=11111111011111111101111111111110, sa_flags=SA_RESTART|SA_SIGINFO
SIGTERM: [libjvm.so+0xbde9e0], sa_mask[0]=11111111011111111101111111111110, sa_flags=SA_RESTART|SA_SIGINFO
SIGQUIT: [libjvm.so+0xbde9e0], sa_mask[0]=11111111011111111101111111111110, sa_flags=SA_RESTART|SA_SIGINFO


---------------  S Y S T E M  ---------------

OS:DISTRIB_ID=Ubuntu
DISTRIB_RELEASE=20.04
DISTRIB_CODENAME=focal
DISTRIB_DESCRIPTION="Ubuntu 20.04.3 LTS"
uname:Linux 5.10.16.3-microsoft-standard-WSL2 #1 SMP Fri Apr 2 22:23:49 UTC 2021 x86_64
OS uptime: 0 days 15:24 hours
libc:glibc 2.31 NPTL 2.31 
rlimit (soft/hard): STACK 8192k/infinity , CORE 0k/infinity , NPROC 50409/50409 , NOFILE 4096/4096 , AS infinity/infinity , CPU infinity/infinity , DATA infinity/infinity , FSIZE infinity/infinity , MEMLOCK 64k/64k
load average:0.52 0.20 0.07

/proc/meminfo:
MemTotal:       12909048 kB
MemFree:        12458544 kB
MemAvailable:   12507812 kB
Buffers:           18600 kB
Cached:           255608 kB
SwapCached:            0 kB
Active:           149888 kB
Inactive:         183432 kB
Active(anon):         88 kB
Inactive(anon):    59088 kB
Active(file):     149800 kB
Inactive(file):   124344 kB
Unevictable:           0 kB
Mlocked:               0 kB
SwapTotal:       4194304 kB
SwapFree:        4194304 kB
Dirty:                92 kB
Writeback:             0 kB
AnonPages:         59212 kB
Mapped:            57856 kB
Shmem:                72 kB
KReclaimable:      21280 kB
Slab:              46724 kB
SReclaimable:      21280 kB
SUnreclaim:        25444 kB
KernelStack:        2336 kB
PageTables:          832 kB
NFS_Unstable:          0 kB
Bounce:                0 kB
WritebackTmp:          0 kB
CommitLimit:    10648828 kB
Committed_AS:     322328 kB
VmallocTotal:   34359738367 kB
VmallocUsed:       22404 kB
VmallocChunk:          0 kB
Percpu:             2432 kB
AnonHugePages:         0 kB
ShmemHugePages:        0 kB
ShmemPmdMapped:        0 kB
FileHugePages:         0 kB
FilePmdMapped:         0 kB
HugePages_Total:       0
HugePages_Free:        0
HugePages_Rsvd:        0
HugePages_Surp:        0
Hugepagesize:       2048 kB
Hugetlb:               0 kB
DirectMap4k:       17408 kB
DirectMap2M:     3784704 kB
DirectMap1G:     9437184 kB

/sys/kernel/mm/transparent_hugepage/enabled:
[always] madvise never
/sys/kernel/mm/transparent_hugepage/defrag (defrag/compaction efforts parameter):
always defer defer+madvise [madvise] never

Process Memory:
Virtual Size: 6259740K (peak: 14706392K)
Resident Set Size: 110688K (peak: 110980K) (anon: 55372K, file: 55316K, shmem: 0K)
Swapped out: 0K
C-Heap outstanding allocations: 29437K, retained: 3090K
glibc malloc tunables: (default)

/proc/sys/kernel/threads-max (system-wide limit on the number of threads):
100818
/proc/sys/vm/max_map_count (maximum number of memory map areas a process may have):
65530
/proc/sys/kernel/pid_max (system-wide limit on number of process identifiers):
32768

container (cgroup) information:
container_type: cgroupv1
cpu_cpuset_cpus: 0-7
cpu_memory_nodes: 0
active_processor_count: 8
cpu_quota: no quota
cpu_period: 100000
cpu_shares: no shares
memory_limit_in_bytes: unlimited
memory_and_swap_limit_in_bytes: unlimited
memory_soft_limit_in_bytes: unlimited
memory_usage_in_bytes: 333412 k
memory_max_usage_in_bytes: 78892 k
maximum number of tasks: not supported
current number of tasks: not supported

Hyper-V virtualization detected
Steal ticks since vm start: 0
Steal ticks percentage since vm start:  0.000

CPU:total 8 (initial active 8) (4 cores per cpu, 2 threads per core) family 6 model 140 stepping 1 microcode 0xffffffff, cmov, cx8, fxsr, mmx, sse, sse2, sse3, ssse3, sse4.1, sse4.2, popcnt, avx, avx2, aes, clmul, erms, 3dnowpref, lzcnt, ht, tsc, tscinvbit, bmi1, bmi2, adx, evex, sha, fma
CPU Model and flags from /proc/cpuinfo:
model name	: 11th Gen Intel(R) Core(TM) i7-1165G7 @ 2.80GHz
flags		: fpu vme de pse tsc msr pae mce cx8 apic sep mtrr pge mca cmov pat pse36 clflush mmx fxsr sse sse2 ss ht syscall nx pdpe1gb rdtscp lm constant_tsc rep_good nopl xtopology tsc_reliable nonstop_tsc cpuid pni pclmulqdq ssse3 fma cx16 pcid sse4_1 sse4_2 movbe popcnt aes xsave avx f16c rdrand hypervisor lahf_lm abm 3dnowprefetch invpcid_single ssbd ibrs ibpb stibp ibrs_enhanced fsgsbase bmi1 avx2 smep bmi2 erms invpcid avx512f avx512dq rdseed adx smap avx512ifma clflushopt clwb avx512cd sha_ni avx512bw avx512vl xsaveopt xsavec xgetbv1 xsaves avx512vbmi umip avx512_vbmi2 gfni vaes vpclmulqdq avx512_vnni avx512_bitalg avx512_vpopcntdq rdpid fsrm avx512_vp2intersect flush_l1d arch_capabilities
Online cpus:
0-7
Offline cpus:

BIOS frequency limitation:
<Not Available>
Frequency switch latency (ns):
<Not Available>
Available cpu frequencies:
<Not Available>
Current governor:
<Not Available>
Core performance/turbo boost:
<Not Available>

Memory: 4k page, physical 12909048k(12458284k free), swap 4194304k(4194304k free)

vm_info: OpenJDK 64-Bit Server VM (11.0.17+8-post-Ubuntu-1ubuntu220.04) for linux-amd64 JRE (11.0.17+8-post-Ubuntu-1ubuntu220.04), built on Oct 25 2022 09:30:51 by "unknown" with gcc 9.4.0

END.
