#
# A fatal error has been detected by the Java Runtime Environment:
#
#  SIGSEGV (0xb) at pc=0x00007f0bd6158882, pid=2641, tid=2643
#
# JRE version: OpenJDK Runtime Environment (11.0.17+8) (build 11.0.17+8-post-Ubuntu-1ubuntu220.04)
# Java VM: OpenJDK 64-Bit Server VM (11.0.17+8-post-Ubuntu-1ubuntu220.04, mixed mode, sharing, tiered, compressed oops, g1 gc, linux-amd64)
# Problematic frame:
# C  [libLLVM-13.so+0xc2c882]  LLVMBuildLoad+0x12
#
# No core dump will be written. Core dumps have been disabled. To enable core dumping, try "ulimit -c unlimited" before starting Java again
#
# If you would like to submit a bug report, please visit:
#   https://bugs.launchpad.net/ubuntu/+source/openjdk-lts
# The crash happened outside the Java Virtual Machine in native code.
# See problematic frame for where to report the bug.
#

---------------  S U M M A R Y ------------

Command Line: -agentlib:jdwp=transport=dt_socket,address=*:12345,suspend=y,server=y -Dfile.encoding=UTF-8 Main ./tests/test1.sysy ./tests/test1_ans.txt

Host: 11th Gen Intel(R) Core(TM) i7-1165G7 @ 2.80GHz, 8 cores, 12G, Ubuntu 20.04.5 LTS
Time: Tue Jan 17 23:19:55 2023 CST elapsed time: 288.617456 seconds (0d 0h 4m 48s)

---------------  T H R E A D  ---------------

Current thread (0x00007f0c50017800):  JavaThread "main" [_thread_in_native, id=2643, stack(0x00007f0c57348000,0x00007f0c57449000)]

Stack: [0x00007f0c57348000,0x00007f0c57449000],  sp=0x00007f0c574465b0,  free space=1017k
Native frames: (J=compiled Java code, A=aot compiled Java code, j=interpreted, Vv=VM code, C=native code)
C  [libLLVM-13.so+0xc2c882]  LLVMBuildLoad+0x12

Java frames: (J=compiled Java code, j=interpreted, Vv=VM code)
j  org.bytedeco.llvm.global.LLVM.LLVMBuildLoad(Lorg/bytedeco/llvm/LLVM/LLVMBuilderRef;Lorg/bytedeco/llvm/LLVM/LLVMValueRef;Ljava/lang/String;)Lorg/bytedeco/llvm/LLVM/LLVMValueRef;+0
j  FunctionAndVarIRVisitor.visitLValExp(LSysYParser$LValExpContext;)Lorg/bytedeco/llvm/LLVM/LLVMValueRef;+18
j  FunctionAndVarIRVisitor.visitLValExp(LSysYParser$LValExpContext;)Ljava/lang/Object;+2
j  SysYParser$LValExpContext.accept(Lorg/antlr/v4/runtime/tree/ParseTreeVisitor;)Ljava/lang/Object;+12
j  org.antlr.v4.runtime.tree.AbstractParseTreeVisitor.visit(Lorg/antlr/v4/runtime/tree/ParseTree;)Ljava/lang/Object;+2
j  FunctionAndVarIRVisitor.visitExpInitVal(LSysYParser$ExpInitValContext;)Lorg/bytedeco/llvm/LLVM/LLVMValueRef;+5
j  FunctionAndVarIRVisitor.visitExpInitVal(LSysYParser$ExpInitValContext;)Ljava/lang/Object;+2
j  SysYParser$ExpInitValContext.accept(Lorg/antlr/v4/runtime/tree/ParseTreeVisitor;)Ljava/lang/Object;+12
j  org.antlr.v4.runtime.tree.AbstractParseTreeVisitor.visit(Lorg/antlr/v4/runtime/tree/ParseTree;)Ljava/lang/Object;+2
j  FunctionAndVarIRVisitor.handleVar(LSysYParser$VarDefContext;Ljava/lang/String;)Lorg/bytedeco/llvm/LLVM/LLVMValueRef;+17
j  FunctionAndVarIRVisitor.visitVarDef(LSysYParser$VarDefContext;)Lorg/bytedeco/llvm/LLVM/LLVMValueRef;+36
j  FunctionAndVarIRVisitor.visitVarDef(LSysYParser$VarDefContext;)Ljava/lang/Object;+2
j  SysYParser$VarDefContext.accept(Lorg/antlr/v4/runtime/tree/ParseTreeVisitor;)Ljava/lang/Object;+12
j  org.antlr.v4.runtime.tree.AbstractParseTreeVisitor.visitChildren(Lorg/antlr/v4/runtime/tree/RuleNode;)Ljava/lang/Object;+46
j  SysYParserBaseVisitor.visitVarDecl(LSysYParser$VarDeclContext;)Ljava/lang/Object;+2
j  SysYParser$VarDeclContext.accept(Lorg/antlr/v4/runtime/tree/ParseTreeVisitor;)Ljava/lang/Object;+12
j  org.antlr.v4.runtime.tree.AbstractParseTreeVisitor.visitChildren(Lorg/antlr/v4/runtime/tree/RuleNode;)Ljava/lang/Object;+46
j  SysYParserBaseVisitor.visitDecl(LSysYParser$DeclContext;)Ljava/lang/Object;+2
j  SysYParser$DeclContext.accept(Lorg/antlr/v4/runtime/tree/ParseTreeVisitor;)Ljava/lang/Object;+12
j  org.antlr.v4.runtime.tree.AbstractParseTreeVisitor.visitChildren(Lorg/antlr/v4/runtime/tree/RuleNode;)Ljava/lang/Object;+46
j  SysYParserBaseVisitor.visitBlockItem(LSysYParser$BlockItemContext;)Ljava/lang/Object;+2
j  SysYParser$BlockItemContext.accept(Lorg/antlr/v4/runtime/tree/ParseTreeVisitor;)Ljava/lang/Object;+12
j  org.antlr.v4.runtime.tree.AbstractParseTreeVisitor.visitChildren(Lorg/antlr/v4/runtime/tree/RuleNode;)Ljava/lang/Object;+46
j  SysYParserBaseVisitor.visitBlock(LSysYParser$BlockContext;)Ljava/lang/Object;+2
j  FunctionAndVarIRVisitor.visitBlock(LSysYParser$BlockContext;)Lorg/bytedeco/llvm/LLVM/LLVMValueRef;+32
j  FunctionAndVarIRVisitor.visitBlock(LSysYParser$BlockContext;)Ljava/lang/Object;+2
j  SysYParser$BlockContext.accept(Lorg/antlr/v4/runtime/tree/ParseTreeVisitor;)Ljava/lang/Object;+12
j  org.antlr.v4.runtime.tree.AbstractParseTreeVisitor.visitChildren(Lorg/antlr/v4/runtime/tree/RuleNode;)Ljava/lang/Object;+46
j  SysYParserBaseVisitor.visitFuncDef(LSysYParser$FuncDefContext;)Ljava/lang/Object;+2
j  FunctionAndVarIRVisitor.visitFuncDef(LSysYParser$FuncDefContext;)Lorg/bytedeco/llvm/LLVM/LLVMValueRef;+333
j  FunctionAndVarIRVisitor.visitFuncDef(LSysYParser$FuncDefContext;)Ljava/lang/Object;+2
j  SysYParser$FuncDefContext.accept(Lorg/antlr/v4/runtime/tree/ParseTreeVisitor;)Ljava/lang/Object;+12
j  org.antlr.v4.runtime.tree.AbstractParseTreeVisitor.visitChildren(Lorg/antlr/v4/runtime/tree/RuleNode;)Ljava/lang/Object;+46
j  SysYParserBaseVisitor.visitCompUnit(LSysYParser$CompUnitContext;)Ljava/lang/Object;+2
j  SysYParser$CompUnitContext.accept(Lorg/antlr/v4/runtime/tree/ParseTreeVisitor;)Ljava/lang/Object;+12
j  org.antlr.v4.runtime.tree.AbstractParseTreeVisitor.visitChildren(Lorg/antlr/v4/runtime/tree/RuleNode;)Ljava/lang/Object;+46
j  SysYParserBaseVisitor.visitProgram(LSysYParser$ProgramContext;)Ljava/lang/Object;+2
j  FunctionAndVarIRVisitor.visitProgram(LSysYParser$ProgramContext;)Lorg/bytedeco/llvm/LLVM/LLVMValueRef;+2
j  FunctionAndVarIRVisitor.visitProgram(LSysYParser$ProgramContext;)Ljava/lang/Object;+2
j  SysYParser$ProgramContext.accept(Lorg/antlr/v4/runtime/tree/ParseTreeVisitor;)Ljava/lang/Object;+12
j  org.antlr.v4.runtime.tree.AbstractParseTreeVisitor.visit(Lorg/antlr/v4/runtime/tree/ParseTree;)Ljava/lang/Object;+2
j  Main.funcAndVarIRGenerate([Ljava/lang/String;)V+113
j  Main.main([Ljava/lang/String;)V+1
v  ~StubRoutines::call_stub

siginfo: si_signo: 11 (SIGSEGV), si_code: 1 (SEGV_MAPERR), si_addr: 0x0000000000000000

Register to memory mapping:

RAX=0x00007f0c50203320 points into unknown readable memory: 0x000000000000002a | 2a 00 00 00 00 00 00 00
RBX=0x0 is NULL
RCX=0x000000000000002a is an unknown value
RDX=0x00007f0c50203320 points into unknown readable memory: 0x000000000000002a | 2a 00 00 00 00 00 00 00
RSP=0x00007f0c574465b0 is pointing into the stack for thread: 0x00007f0c50017800
RBP=0x00007f0c5051c3e0 points into unknown readable memory: 0x00007f0c5051c3f0 | f0 c3 51 50 0c 7f 00 00
RSI=0x0 is NULL
RDI=0x00007f0c5051c3e0 points into unknown readable memory: 0x00007f0c5051c3f0 | f0 c3 51 50 0c 7f 00 00
R8 =0x00000007461d0870 points into unknown readable memory: 0x000000000000002a | 2a 00 00 00 00 00 00 00
R9 =0x00007f0c50017800 is a thread
R10=0xfffffffffffff55a is an unknown value
R11=0x00007f0bd6158870: LLVMBuildLoad+0x0000000000000000 in /root/.javacpp/cache/llvm-13.0.1-1.5.7-linux-x86_64.jar/org/bytedeco/llvm/linux-x86_64/libLLVM-13.so at 0x00007f0bd552c000
R12=0x0 is NULL
R13=0x0 is NULL
R14=0x00007f0c50203320 points into unknown readable memory: 0x000000000000002a | 2a 00 00 00 00 00 00 00
R15=0x00007f0c50017800 is a thread


Registers:
RAX=0x00007f0c50203320, RBX=0x0000000000000000, RCX=0x000000000000002a, RDX=0x00007f0c50203320
RSP=0x00007f0c574465b0, RBP=0x00007f0c5051c3e0, RSI=0x0000000000000000, RDI=0x00007f0c5051c3e0
R8 =0x00000007461d0870, R9 =0x00007f0c50017800, R10=0xfffffffffffff55a, R11=0x00007f0bd6158870
R12=0x0000000000000000, R13=0x0000000000000000, R14=0x00007f0c50203320, R15=0x00007f0c50017800
RIP=0x00007f0bd6158882, EFLAGS=0x0000000000010202, CSGSFS=0x002b000000000033, ERR=0x0000000000000004
  TRAPNO=0x000000000000000e

Top of Stack: (sp=0x00007f0c574465b0)
0x00007f0c574465b0:   0000000000000000 0000000000000000
0x00007f0c574465c0:   cafebabecafebabe 0000000000000000
0x00007f0c574465d0:   0000000000000000 0000000000000000
0x00007f0c574465e0:   0000000000000000 0000000000000000 

Instructions: (pc=0x00007f0bd6158882)
0x00007f0bd6158782:   89 c4 4c 8d 4c 24 40 e8 92 57 09 00 48 8b 7d 50
0x00007f0bd6158792:   48 8b 4d 30 4c 89 e6 48 8d 54 24 10 4c 8b 45 38
0x00007f0bd61587a2:   48 8b 07 ff 50 10 48 8b 5d 00 8b 6d 08 5a 59 48
0x00007f0bd61587b2:   c1 e5 04 48 01 dd 48 39 eb 74 1a 0f 1f 00 48 8b
0x00007f0bd61587c2:   53 08 8b 33 4c 89 e7 48 83 c3 10 e8 6e 16 0e 00
0x00007f0bd61587d2:   48 39 dd 75 e9 48 83 c4 68 4c 89 e0 5b 5d 41 5c
0x00007f0bd61587e2:   41 5d 41 5e 41 5f c3 0f 1f 80 00 00 00 00 41 54
0x00007f0bd61587f2:   b8 01 01 00 00 55 48 89 fd 48 89 f7 53 48 83 ec
0x00007f0bd6158802:   30 48 8b 75 30 66 89 44 24 20 e8 ef 24 09 00 48
0x00007f0bd6158812:   8b 7d 50 48 8b 4d 30 48 89 e2 49 89 c4 4c 8b 45
0x00007f0bd6158822:   38 48 8b 07 4c 89 e6 ff 50 10 48 8b 5d 00 8b 6d
0x00007f0bd6158832:   08 48 c1 e5 04 48 01 dd 48 39 eb 74 18 90 48 8b
0x00007f0bd6158842:   53 08 8b 33 4c 89 e7 48 83 c3 10 e8 ee 15 0e 00
0x00007f0bd6158852:   48 39 dd 75 e9 48 83 c4 30 4c 89 e0 5b 5d 41 5c
0x00007f0bd6158862:   c3 66 2e 0f 1f 84 00 00 00 00 00 0f 1f 00 41 56
0x00007f0bd6158872:   41 55 49 89 f5 41 54 55 48 89 fd 53 48 83 ec 60
0x00007f0bd6158882:   48 8b 06 80 3a 00 be 01 01 00 00 4c 8b 70 18 66
0x00007f0bd6158892:   89 74 24 20 74 09 48 89 14 24 c6 44 24 20 03 48
0x00007f0bd61588a2:   8b 7d 30 e8 d6 15 fc ff 48 89 c7 e8 4e 47 0e 00
0x00007f0bd61588b2:   4c 89 f6 48 89 c7 e8 b3 46 01 00 be 01 00 00 00
0x00007f0bd61588c2:   bf 40 00 00 00 89 c3 b8 01 01 00 00 66 89 44 24
0x00007f0bd61588d2:   50 e8 a8 0a 13 00 48 8d 4c 24 30 41 89 d9 45 31
0x00007f0bd61588e2:   c0 48 83 ec 08 48 89 c7 4c 89 ea 4c 89 f6 6a 00
0x00007f0bd61588f2:   49 89 c4 e8 26 5d 09 00 48 8b 7d 50 48 8b 4d 30
0x00007f0bd6158902:   4c 89 e6 48 8d 54 24 10 4c 8b 45 38 48 8b 07 ff
0x00007f0bd6158912:   50 10 48 8b 5d 00 8b 6d 08 5a 59 48 c1 e5 04 48
0x00007f0bd6158922:   01 dd 48 39 eb 74 1e 0f 1f 80 00 00 00 00 48 8b
0x00007f0bd6158932:   53 08 8b 33 4c 89 e7 48 83 c3 10 e8 fe 14 0e 00
0x00007f0bd6158942:   48 39 dd 75 e9 48 83 c4 60 4c 89 e0 5b 5d 41 5c
0x00007f0bd6158952:   41 5d 41 5e c3 66 0f 1f 84 00 00 00 00 00 41 56
0x00007f0bd6158962:   49 89 d6 41 55 49 89 f5 be 01 01 00 00 41 54 55
0x00007f0bd6158972:   48 89 fd 53 48 83 ec 60 80 39 00 66 89 74 24 20 


Stack slot to memory mapping:
stack at sp + 0 slots: 0x0 is NULL
stack at sp + 1 slots: 0x0 is NULL
stack at sp + 2 slots: 0xcafebabecafebabe is an unknown value
stack at sp + 3 slots: 0x0 is NULL
stack at sp + 4 slots: 0x0 is NULL
stack at sp + 5 slots: 0x0 is NULL
stack at sp + 6 slots: 0x0 is NULL
stack at sp + 7 slots: 0x0 is NULL


---------------  P R O C E S S  ---------------

Threads class SMR info:
_java_thread_list=0x00007f0bf0002400, length=12, elements={
0x00007f0c50017800, 0x00007f0c50187800, 0x00007f0c50189800, 0x00007f0c50192000,
0x00007f0c50194000, 0x00007f0c50196000, 0x00007f0c50198000, 0x00007f0c5019a000,
0x00007f0c50203800, 0x00007f0c5020a000, 0x00007f0c50454000, 0x00007f0bf8001800
}

Java Threads: ( => current thread )
=>0x00007f0c50017800 JavaThread "main" [_thread_in_native, id=2643, stack(0x00007f0c57348000,0x00007f0c57449000)]
  0x00007f0c50187800 JavaThread "Reference Handler" daemon [_thread_blocked, id=2650, stack(0x00007f0c384f6000,0x00007f0c385f7000)]
  0x00007f0c50189800 JavaThread "Finalizer" daemon [_thread_blocked, id=2651, stack(0x00007f0c383f5000,0x00007f0c384f6000)]
  0x00007f0c50192000 JavaThread "Signal Dispatcher" daemon [_thread_blocked, id=2652, stack(0x00007f0c2db0c000,0x00007f0c2dc0d000)]
  0x00007f0c50194000 JavaThread "Service Thread" daemon [_thread_blocked, id=2653, stack(0x00007f0c2da0b000,0x00007f0c2db0c000)]
  0x00007f0c50196000 JavaThread "C2 CompilerThread0" daemon [_thread_blocked, id=2654, stack(0x00007f0c2d90a000,0x00007f0c2da0b000)]
  0x00007f0c50198000 JavaThread "C1 CompilerThread0" daemon [_thread_blocked, id=2655, stack(0x00007f0c2d809000,0x00007f0c2d90a000)]
  0x00007f0c5019a000 JavaThread "Sweeper thread" daemon [_thread_blocked, id=2656, stack(0x00007f0c2d708000,0x00007f0c2d809000)]
  0x00007f0c50203800 JavaThread "JDWP Event Helper Thread" daemon [_thread_blocked, id=2659, stack(0x00007f0c2d506000,0x00007f0c2d607000)]
  0x00007f0c5020a000 JavaThread "Common-Cleaner" daemon [_thread_blocked, id=2706, stack(0x00007f0c2d202000,0x00007f0c2d303000)]
  0x00007f0c50454000 JavaThread "JavaCPP Deallocator" daemon [_thread_blocked, id=2710, stack(0x00007f0c2d101000,0x00007f0c2d202000)]
  0x00007f0bf8001800 JavaThread "JDWP Transport Listener: dt_socket" daemon [_thread_in_native, id=2992, stack(0x00007f0c2d405000,0x00007f0c2d506000)]

Other Threads:
  0x00007f0c50184800 VMThread "VM Thread" [stack: 0x00007f0c385f9000,0x00007f0c386f9000] [id=2649]
  0x00007f0c50206000 WatcherThread [stack: 0x00007f0c2d305000,0x00007f0c2d405000] [id=2705]
  0x00007f0c5002f800 GCTaskThread "GC Thread#0" [stack: 0x00007f0c56fb4000,0x00007f0c570b4000] [id=2644]
  0x00007f0c5007b800 ConcurrentGCThread "G1 Main Marker" [stack: 0x00007f0c55366000,0x00007f0c55466000] [id=2645]
  0x00007f0c5007d800 ConcurrentGCThread "G1 Conc#0" [stack: 0x00007f0c55264000,0x00007f0c55364000] [id=2646]
  0x00007f0c5014a800 ConcurrentGCThread "G1 Refine#0" [stack: 0x00007f0c5495a000,0x00007f0c54a5a000] [id=2647]
  0x00007f0c5014c800 ConcurrentGCThread "G1 Young RemSet Sampling" [stack: 0x00007f0c54858000,0x00007f0c54958000] [id=2648]

Threads with active compile tasks:

VM state:not at safepoint (normal execution)

VM Mutex/Monitor currently owned by a thread: None

Heap address: 0x000000073b000000, size: 3152 MB, Compressed Oops mode: Zero based, Oop shift amount: 3
Narrow klass base: 0x0000000800000000, Narrow klass shift: 3
Compressed class space size: 1073741824 Address: 0x0000000840000000

Heap:
 garbage-first heap   total 204800K, used 20172K [0x000000073b000000, 0x0000000800000000)
  region size 1024K, 21 young (21504K), 0 survivors (0K)
 Metaspace       used 3735K, capacity 6768K, committed 6912K, reserved 1056768K
  class space    used 412K, capacity 700K, committed 768K, reserved 1048576K
Heap Regions: E=young(eden), S=young(survivor), O=old, HS=humongous(starts), HC=humongous(continues), CS=collection set, F=free, A=archive, TAMS=top-at-mark-start (previous, next)
|   0|0x000000073b000000, 0x000000073b000000, 0x000000073b100000|  0%| F|  |TAMS 0x000000073b000000, 0x000000073b000000| Untracked 
|   1|0x000000073b100000, 0x000000073b100000, 0x000000073b200000|  0%| F|  |TAMS 0x000000073b100000, 0x000000073b100000| Untracked 
|   2|0x000000073b200000, 0x000000073b200000, 0x000000073b300000|  0%| F|  |TAMS 0x000000073b200000, 0x000000073b200000| Untracked 
|   3|0x000000073b300000, 0x000000073b300000, 0x000000073b400000|  0%| F|  |TAMS 0x000000073b300000, 0x000000073b300000| Untracked 
|   4|0x000000073b400000, 0x000000073b400000, 0x000000073b500000|  0%| F|  |TAMS 0x000000073b400000, 0x000000073b400000| Untracked 
|   5|0x000000073b500000, 0x000000073b500000, 0x000000073b600000|  0%| F|  |TAMS 0x000000073b500000, 0x000000073b500000| Untracked 
|   6|0x000000073b600000, 0x000000073b600000, 0x000000073b700000|  0%| F|  |TAMS 0x000000073b600000, 0x000000073b600000| Untracked 
|   7|0x000000073b700000, 0x000000073b700000, 0x000000073b800000|  0%| F|  |TAMS 0x000000073b700000, 0x000000073b700000| Untracked 
|   8|0x000000073b800000, 0x000000073b800000, 0x000000073b900000|  0%| F|  |TAMS 0x000000073b800000, 0x000000073b800000| Untracked 
|   9|0x000000073b900000, 0x000000073b900000, 0x000000073ba00000|  0%| F|  |TAMS 0x000000073b900000, 0x000000073b900000| Untracked 
|  10|0x000000073ba00000, 0x000000073ba00000, 0x000000073bb00000|  0%| F|  |TAMS 0x000000073ba00000, 0x000000073ba00000| Untracked 
|  11|0x000000073bb00000, 0x000000073bb00000, 0x000000073bc00000|  0%| F|  |TAMS 0x000000073bb00000, 0x000000073bb00000| Untracked 
|  12|0x000000073bc00000, 0x000000073bc00000, 0x000000073bd00000|  0%| F|  |TAMS 0x000000073bc00000, 0x000000073bc00000| Untracked 
|  13|0x000000073bd00000, 0x000000073bd00000, 0x000000073be00000|  0%| F|  |TAMS 0x000000073bd00000, 0x000000073bd00000| Untracked 
|  14|0x000000073be00000, 0x000000073be00000, 0x000000073bf00000|  0%| F|  |TAMS 0x000000073be00000, 0x000000073be00000| Untracked 
|  15|0x000000073bf00000, 0x000000073bf00000, 0x000000073c000000|  0%| F|  |TAMS 0x000000073bf00000, 0x000000073bf00000| Untracked 
|  16|0x000000073c000000, 0x000000073c000000, 0x000000073c100000|  0%| F|  |TAMS 0x000000073c000000, 0x000000073c000000| Untracked 
|  17|0x000000073c100000, 0x000000073c100000, 0x000000073c200000|  0%| F|  |TAMS 0x000000073c100000, 0x000000073c100000| Untracked 
|  18|0x000000073c200000, 0x000000073c200000, 0x000000073c300000|  0%| F|  |TAMS 0x000000073c200000, 0x000000073c200000| Untracked 
|  19|0x000000073c300000, 0x000000073c300000, 0x000000073c400000|  0%| F|  |TAMS 0x000000073c300000, 0x000000073c300000| Untracked 
|  20|0x000000073c400000, 0x000000073c400000, 0x000000073c500000|  0%| F|  |TAMS 0x000000073c400000, 0x000000073c400000| Untracked 
|  21|0x000000073c500000, 0x000000073c500000, 0x000000073c600000|  0%| F|  |TAMS 0x000000073c500000, 0x000000073c500000| Untracked 
|  22|0x000000073c600000, 0x000000073c600000, 0x000000073c700000|  0%| F|  |TAMS 0x000000073c600000, 0x000000073c600000| Untracked 
|  23|0x000000073c700000, 0x000000073c700000, 0x000000073c800000|  0%| F|  |TAMS 0x000000073c700000, 0x000000073c700000| Untracked 
|  24|0x000000073c800000, 0x000000073c800000, 0x000000073c900000|  0%| F|  |TAMS 0x000000073c800000, 0x000000073c800000| Untracked 
|  25|0x000000073c900000, 0x000000073c900000, 0x000000073ca00000|  0%| F|  |TAMS 0x000000073c900000, 0x000000073c900000| Untracked 
|  26|0x000000073ca00000, 0x000000073ca00000, 0x000000073cb00000|  0%| F|  |TAMS 0x000000073ca00000, 0x000000073ca00000| Untracked 
|  27|0x000000073cb00000, 0x000000073cb00000, 0x000000073cc00000|  0%| F|  |TAMS 0x000000073cb00000, 0x000000073cb00000| Untracked 
|  28|0x000000073cc00000, 0x000000073cc00000, 0x000000073cd00000|  0%| F|  |TAMS 0x000000073cc00000, 0x000000073cc00000| Untracked 
|  29|0x000000073cd00000, 0x000000073cd00000, 0x000000073ce00000|  0%| F|  |TAMS 0x000000073cd00000, 0x000000073cd00000| Untracked 
|  30|0x000000073ce00000, 0x000000073ce00000, 0x000000073cf00000|  0%| F|  |TAMS 0x000000073ce00000, 0x000000073ce00000| Untracked 
|  31|0x000000073cf00000, 0x000000073cf00000, 0x000000073d000000|  0%| F|  |TAMS 0x000000073cf00000, 0x000000073cf00000| Untracked 
|  32|0x000000073d000000, 0x000000073d000000, 0x000000073d100000|  0%| F|  |TAMS 0x000000073d000000, 0x000000073d000000| Untracked 
|  33|0x000000073d100000, 0x000000073d100000, 0x000000073d200000|  0%| F|  |TAMS 0x000000073d100000, 0x000000073d100000| Untracked 
|  34|0x000000073d200000, 0x000000073d200000, 0x000000073d300000|  0%| F|  |TAMS 0x000000073d200000, 0x000000073d200000| Untracked 
|  35|0x000000073d300000, 0x000000073d300000, 0x000000073d400000|  0%| F|  |TAMS 0x000000073d300000, 0x000000073d300000| Untracked 
|  36|0x000000073d400000, 0x000000073d400000, 0x000000073d500000|  0%| F|  |TAMS 0x000000073d400000, 0x000000073d400000| Untracked 
|  37|0x000000073d500000, 0x000000073d500000, 0x000000073d600000|  0%| F|  |TAMS 0x000000073d500000, 0x000000073d500000| Untracked 
|  38|0x000000073d600000, 0x000000073d600000, 0x000000073d700000|  0%| F|  |TAMS 0x000000073d600000, 0x000000073d600000| Untracked 
|  39|0x000000073d700000, 0x000000073d700000, 0x000000073d800000|  0%| F|  |TAMS 0x000000073d700000, 0x000000073d700000| Untracked 
|  40|0x000000073d800000, 0x000000073d800000, 0x000000073d900000|  0%| F|  |TAMS 0x000000073d800000, 0x000000073d800000| Untracked 
|  41|0x000000073d900000, 0x000000073d900000, 0x000000073da00000|  0%| F|  |TAMS 0x000000073d900000, 0x000000073d900000| Untracked 
|  42|0x000000073da00000, 0x000000073da00000, 0x000000073db00000|  0%| F|  |TAMS 0x000000073da00000, 0x000000073da00000| Untracked 
|  43|0x000000073db00000, 0x000000073db00000, 0x000000073dc00000|  0%| F|  |TAMS 0x000000073db00000, 0x000000073db00000| Untracked 
|  44|0x000000073dc00000, 0x000000073dc00000, 0x000000073dd00000|  0%| F|  |TAMS 0x000000073dc00000, 0x000000073dc00000| Untracked 
|  45|0x000000073dd00000, 0x000000073dd00000, 0x000000073de00000|  0%| F|  |TAMS 0x000000073dd00000, 0x000000073dd00000| Untracked 
|  46|0x000000073de00000, 0x000000073de00000, 0x000000073df00000|  0%| F|  |TAMS 0x000000073de00000, 0x000000073de00000| Untracked 
|  47|0x000000073df00000, 0x000000073df00000, 0x000000073e000000|  0%| F|  |TAMS 0x000000073df00000, 0x000000073df00000| Untracked 
|  48|0x000000073e000000, 0x000000073e000000, 0x000000073e100000|  0%| F|  |TAMS 0x000000073e000000, 0x000000073e000000| Untracked 
|  49|0x000000073e100000, 0x000000073e100000, 0x000000073e200000|  0%| F|  |TAMS 0x000000073e100000, 0x000000073e100000| Untracked 
|  50|0x000000073e200000, 0x000000073e200000, 0x000000073e300000|  0%| F|  |TAMS 0x000000073e200000, 0x000000073e200000| Untracked 
|  51|0x000000073e300000, 0x000000073e300000, 0x000000073e400000|  0%| F|  |TAMS 0x000000073e300000, 0x000000073e300000| Untracked 
|  52|0x000000073e400000, 0x000000073e400000, 0x000000073e500000|  0%| F|  |TAMS 0x000000073e400000, 0x000000073e400000| Untracked 
|  53|0x000000073e500000, 0x000000073e500000, 0x000000073e600000|  0%| F|  |TAMS 0x000000073e500000, 0x000000073e500000| Untracked 
|  54|0x000000073e600000, 0x000000073e600000, 0x000000073e700000|  0%| F|  |TAMS 0x000000073e600000, 0x000000073e600000| Untracked 
|  55|0x000000073e700000, 0x000000073e700000, 0x000000073e800000|  0%| F|  |TAMS 0x000000073e700000, 0x000000073e700000| Untracked 
|  56|0x000000073e800000, 0x000000073e800000, 0x000000073e900000|  0%| F|  |TAMS 0x000000073e800000, 0x000000073e800000| Untracked 
|  57|0x000000073e900000, 0x000000073e900000, 0x000000073ea00000|  0%| F|  |TAMS 0x000000073e900000, 0x000000073e900000| Untracked 
|  58|0x000000073ea00000, 0x000000073ea00000, 0x000000073eb00000|  0%| F|  |TAMS 0x000000073ea00000, 0x000000073ea00000| Untracked 
|  59|0x000000073eb00000, 0x000000073eb00000, 0x000000073ec00000|  0%| F|  |TAMS 0x000000073eb00000, 0x000000073eb00000| Untracked 
|  60|0x000000073ec00000, 0x000000073ec00000, 0x000000073ed00000|  0%| F|  |TAMS 0x000000073ec00000, 0x000000073ec00000| Untracked 
|  61|0x000000073ed00000, 0x000000073ed00000, 0x000000073ee00000|  0%| F|  |TAMS 0x000000073ed00000, 0x000000073ed00000| Untracked 
|  62|0x000000073ee00000, 0x000000073ee00000, 0x000000073ef00000|  0%| F|  |TAMS 0x000000073ee00000, 0x000000073ee00000| Untracked 
|  63|0x000000073ef00000, 0x000000073ef00000, 0x000000073f000000|  0%| F|  |TAMS 0x000000073ef00000, 0x000000073ef00000| Untracked 
|  64|0x000000073f000000, 0x000000073f000000, 0x000000073f100000|  0%| F|  |TAMS 0x000000073f000000, 0x000000073f000000| Untracked 
|  65|0x000000073f100000, 0x000000073f100000, 0x000000073f200000|  0%| F|  |TAMS 0x000000073f100000, 0x000000073f100000| Untracked 
|  66|0x000000073f200000, 0x000000073f200000, 0x000000073f300000|  0%| F|  |TAMS 0x000000073f200000, 0x000000073f200000| Untracked 
|  67|0x000000073f300000, 0x000000073f300000, 0x000000073f400000|  0%| F|  |TAMS 0x000000073f300000, 0x000000073f300000| Untracked 
|  68|0x000000073f400000, 0x000000073f400000, 0x000000073f500000|  0%| F|  |TAMS 0x000000073f400000, 0x000000073f400000| Untracked 
|  69|0x000000073f500000, 0x000000073f500000, 0x000000073f600000|  0%| F|  |TAMS 0x000000073f500000, 0x000000073f500000| Untracked 
|  70|0x000000073f600000, 0x000000073f600000, 0x000000073f700000|  0%| F|  |TAMS 0x000000073f600000, 0x000000073f600000| Untracked 
|  71|0x000000073f700000, 0x000000073f700000, 0x000000073f800000|  0%| F|  |TAMS 0x000000073f700000, 0x000000073f700000| Untracked 
|  72|0x000000073f800000, 0x000000073f800000, 0x000000073f900000|  0%| F|  |TAMS 0x000000073f800000, 0x000000073f800000| Untracked 
|  73|0x000000073f900000, 0x000000073f900000, 0x000000073fa00000|  0%| F|  |TAMS 0x000000073f900000, 0x000000073f900000| Untracked 
|  74|0x000000073fa00000, 0x000000073fa00000, 0x000000073fb00000|  0%| F|  |TAMS 0x000000073fa00000, 0x000000073fa00000| Untracked 
|  75|0x000000073fb00000, 0x000000073fb00000, 0x000000073fc00000|  0%| F|  |TAMS 0x000000073fb00000, 0x000000073fb00000| Untracked 
|  76|0x000000073fc00000, 0x000000073fc00000, 0x000000073fd00000|  0%| F|  |TAMS 0x000000073fc00000, 0x000000073fc00000| Untracked 
|  77|0x000000073fd00000, 0x000000073fd00000, 0x000000073fe00000|  0%| F|  |TAMS 0x000000073fd00000, 0x000000073fd00000| Untracked 
|  78|0x000000073fe00000, 0x000000073fe00000, 0x000000073ff00000|  0%| F|  |TAMS 0x000000073fe00000, 0x000000073fe00000| Untracked 
|  79|0x000000073ff00000, 0x000000073ff00000, 0x0000000740000000|  0%| F|  |TAMS 0x000000073ff00000, 0x000000073ff00000| Untracked 
|  80|0x0000000740000000, 0x0000000740000000, 0x0000000740100000|  0%| F|  |TAMS 0x0000000740000000, 0x0000000740000000| Untracked 
|  81|0x0000000740100000, 0x0000000740100000, 0x0000000740200000|  0%| F|  |TAMS 0x0000000740100000, 0x0000000740100000| Untracked 
|  82|0x0000000740200000, 0x0000000740200000, 0x0000000740300000|  0%| F|  |TAMS 0x0000000740200000, 0x0000000740200000| Untracked 
|  83|0x0000000740300000, 0x0000000740300000, 0x0000000740400000|  0%| F|  |TAMS 0x0000000740300000, 0x0000000740300000| Untracked 
|  84|0x0000000740400000, 0x0000000740400000, 0x0000000740500000|  0%| F|  |TAMS 0x0000000740400000, 0x0000000740400000| Untracked 
|  85|0x0000000740500000, 0x0000000740500000, 0x0000000740600000|  0%| F|  |TAMS 0x0000000740500000, 0x0000000740500000| Untracked 
|  86|0x0000000740600000, 0x0000000740600000, 0x0000000740700000|  0%| F|  |TAMS 0x0000000740600000, 0x0000000740600000| Untracked 
|  87|0x0000000740700000, 0x0000000740700000, 0x0000000740800000|  0%| F|  |TAMS 0x0000000740700000, 0x0000000740700000| Untracked 
|  88|0x0000000740800000, 0x0000000740800000, 0x0000000740900000|  0%| F|  |TAMS 0x0000000740800000, 0x0000000740800000| Untracked 
|  89|0x0000000740900000, 0x0000000740900000, 0x0000000740a00000|  0%| F|  |TAMS 0x0000000740900000, 0x0000000740900000| Untracked 
|  90|0x0000000740a00000, 0x0000000740a00000, 0x0000000740b00000|  0%| F|  |TAMS 0x0000000740a00000, 0x0000000740a00000| Untracked 
|  91|0x0000000740b00000, 0x0000000740b00000, 0x0000000740c00000|  0%| F|  |TAMS 0x0000000740b00000, 0x0000000740b00000| Untracked 
|  92|0x0000000740c00000, 0x0000000740c00000, 0x0000000740d00000|  0%| F|  |TAMS 0x0000000740c00000, 0x0000000740c00000| Untracked 
|  93|0x0000000740d00000, 0x0000000740d00000, 0x0000000740e00000|  0%| F|  |TAMS 0x0000000740d00000, 0x0000000740d00000| Untracked 
|  94|0x0000000740e00000, 0x0000000740e00000, 0x0000000740f00000|  0%| F|  |TAMS 0x0000000740e00000, 0x0000000740e00000| Untracked 
|  95|0x0000000740f00000, 0x0000000740f00000, 0x0000000741000000|  0%| F|  |TAMS 0x0000000740f00000, 0x0000000740f00000| Untracked 
|  96|0x0000000741000000, 0x0000000741000000, 0x0000000741100000|  0%| F|  |TAMS 0x0000000741000000, 0x0000000741000000| Untracked 
|  97|0x0000000741100000, 0x0000000741100000, 0x0000000741200000|  0%| F|  |TAMS 0x0000000741100000, 0x0000000741100000| Untracked 
|  98|0x0000000741200000, 0x0000000741200000, 0x0000000741300000|  0%| F|  |TAMS 0x0000000741200000, 0x0000000741200000| Untracked 
|  99|0x0000000741300000, 0x0000000741300000, 0x0000000741400000|  0%| F|  |TAMS 0x0000000741300000, 0x0000000741300000| Untracked 
| 100|0x0000000741400000, 0x0000000741400000, 0x0000000741500000|  0%| F|  |TAMS 0x0000000741400000, 0x0000000741400000| Untracked 
| 101|0x0000000741500000, 0x0000000741500000, 0x0000000741600000|  0%| F|  |TAMS 0x0000000741500000, 0x0000000741500000| Untracked 
| 102|0x0000000741600000, 0x0000000741600000, 0x0000000741700000|  0%| F|  |TAMS 0x0000000741600000, 0x0000000741600000| Untracked 
| 103|0x0000000741700000, 0x0000000741700000, 0x0000000741800000|  0%| F|  |TAMS 0x0000000741700000, 0x0000000741700000| Untracked 
| 104|0x0000000741800000, 0x0000000741800000, 0x0000000741900000|  0%| F|  |TAMS 0x0000000741800000, 0x0000000741800000| Untracked 
| 105|0x0000000741900000, 0x0000000741900000, 0x0000000741a00000|  0%| F|  |TAMS 0x0000000741900000, 0x0000000741900000| Untracked 
| 106|0x0000000741a00000, 0x0000000741a00000, 0x0000000741b00000|  0%| F|  |TAMS 0x0000000741a00000, 0x0000000741a00000| Untracked 
| 107|0x0000000741b00000, 0x0000000741b00000, 0x0000000741c00000|  0%| F|  |TAMS 0x0000000741b00000, 0x0000000741b00000| Untracked 
| 108|0x0000000741c00000, 0x0000000741c00000, 0x0000000741d00000|  0%| F|  |TAMS 0x0000000741c00000, 0x0000000741c00000| Untracked 
| 109|0x0000000741d00000, 0x0000000741d00000, 0x0000000741e00000|  0%| F|  |TAMS 0x0000000741d00000, 0x0000000741d00000| Untracked 
| 110|0x0000000741e00000, 0x0000000741e00000, 0x0000000741f00000|  0%| F|  |TAMS 0x0000000741e00000, 0x0000000741e00000| Untracked 
| 111|0x0000000741f00000, 0x0000000741f00000, 0x0000000742000000|  0%| F|  |TAMS 0x0000000741f00000, 0x0000000741f00000| Untracked 
| 112|0x0000000742000000, 0x0000000742000000, 0x0000000742100000|  0%| F|  |TAMS 0x0000000742000000, 0x0000000742000000| Untracked 
| 113|0x0000000742100000, 0x0000000742100000, 0x0000000742200000|  0%| F|  |TAMS 0x0000000742100000, 0x0000000742100000| Untracked 
| 114|0x0000000742200000, 0x0000000742200000, 0x0000000742300000|  0%| F|  |TAMS 0x0000000742200000, 0x0000000742200000| Untracked 
| 115|0x0000000742300000, 0x0000000742300000, 0x0000000742400000|  0%| F|  |TAMS 0x0000000742300000, 0x0000000742300000| Untracked 
| 116|0x0000000742400000, 0x0000000742400000, 0x0000000742500000|  0%| F|  |TAMS 0x0000000742400000, 0x0000000742400000| Untracked 
| 117|0x0000000742500000, 0x0000000742500000, 0x0000000742600000|  0%| F|  |TAMS 0x0000000742500000, 0x0000000742500000| Untracked 
| 118|0x0000000742600000, 0x0000000742600000, 0x0000000742700000|  0%| F|  |TAMS 0x0000000742600000, 0x0000000742600000| Untracked 
| 119|0x0000000742700000, 0x0000000742700000, 0x0000000742800000|  0%| F|  |TAMS 0x0000000742700000, 0x0000000742700000| Untracked 
| 120|0x0000000742800000, 0x0000000742800000, 0x0000000742900000|  0%| F|  |TAMS 0x0000000742800000, 0x0000000742800000| Untracked 
| 121|0x0000000742900000, 0x0000000742900000, 0x0000000742a00000|  0%| F|  |TAMS 0x0000000742900000, 0x0000000742900000| Untracked 
| 122|0x0000000742a00000, 0x0000000742a00000, 0x0000000742b00000|  0%| F|  |TAMS 0x0000000742a00000, 0x0000000742a00000| Untracked 
| 123|0x0000000742b00000, 0x0000000742b00000, 0x0000000742c00000|  0%| F|  |TAMS 0x0000000742b00000, 0x0000000742b00000| Untracked 
| 124|0x0000000742c00000, 0x0000000742c00000, 0x0000000742d00000|  0%| F|  |TAMS 0x0000000742c00000, 0x0000000742c00000| Untracked 
| 125|0x0000000742d00000, 0x0000000742d00000, 0x0000000742e00000|  0%| F|  |TAMS 0x0000000742d00000, 0x0000000742d00000| Untracked 
| 126|0x0000000742e00000, 0x0000000742e00000, 0x0000000742f00000|  0%| F|  |TAMS 0x0000000742e00000, 0x0000000742e00000| Untracked 
| 127|0x0000000742f00000, 0x0000000742f00000, 0x0000000743000000|  0%| F|  |TAMS 0x0000000742f00000, 0x0000000742f00000| Untracked 
| 128|0x0000000743000000, 0x0000000743000000, 0x0000000743100000|  0%| F|  |TAMS 0x0000000743000000, 0x0000000743000000| Untracked 
| 129|0x0000000743100000, 0x0000000743100000, 0x0000000743200000|  0%| F|  |TAMS 0x0000000743100000, 0x0000000743100000| Untracked 
| 130|0x0000000743200000, 0x0000000743200000, 0x0000000743300000|  0%| F|  |TAMS 0x0000000743200000, 0x0000000743200000| Untracked 
| 131|0x0000000743300000, 0x0000000743300000, 0x0000000743400000|  0%| F|  |TAMS 0x0000000743300000, 0x0000000743300000| Untracked 
| 132|0x0000000743400000, 0x0000000743400000, 0x0000000743500000|  0%| F|  |TAMS 0x0000000743400000, 0x0000000743400000| Untracked 
| 133|0x0000000743500000, 0x0000000743500000, 0x0000000743600000|  0%| F|  |TAMS 0x0000000743500000, 0x0000000743500000| Untracked 
| 134|0x0000000743600000, 0x0000000743600000, 0x0000000743700000|  0%| F|  |TAMS 0x0000000743600000, 0x0000000743600000| Untracked 
| 135|0x0000000743700000, 0x0000000743700000, 0x0000000743800000|  0%| F|  |TAMS 0x0000000743700000, 0x0000000743700000| Untracked 
| 136|0x0000000743800000, 0x0000000743800000, 0x0000000743900000|  0%| F|  |TAMS 0x0000000743800000, 0x0000000743800000| Untracked 
| 137|0x0000000743900000, 0x0000000743900000, 0x0000000743a00000|  0%| F|  |TAMS 0x0000000743900000, 0x0000000743900000| Untracked 
| 138|0x0000000743a00000, 0x0000000743a00000, 0x0000000743b00000|  0%| F|  |TAMS 0x0000000743a00000, 0x0000000743a00000| Untracked 
| 139|0x0000000743b00000, 0x0000000743b00000, 0x0000000743c00000|  0%| F|  |TAMS 0x0000000743b00000, 0x0000000743b00000| Untracked 
| 140|0x0000000743c00000, 0x0000000743c00000, 0x0000000743d00000|  0%| F|  |TAMS 0x0000000743c00000, 0x0000000743c00000| Untracked 
| 141|0x0000000743d00000, 0x0000000743d00000, 0x0000000743e00000|  0%| F|  |TAMS 0x0000000743d00000, 0x0000000743d00000| Untracked 
| 142|0x0000000743e00000, 0x0000000743e00000, 0x0000000743f00000|  0%| F|  |TAMS 0x0000000743e00000, 0x0000000743e00000| Untracked 
| 143|0x0000000743f00000, 0x0000000743f00000, 0x0000000744000000|  0%| F|  |TAMS 0x0000000743f00000, 0x0000000743f00000| Untracked 
| 144|0x0000000744000000, 0x0000000744000000, 0x0000000744100000|  0%| F|  |TAMS 0x0000000744000000, 0x0000000744000000| Untracked 
| 145|0x0000000744100000, 0x0000000744100000, 0x0000000744200000|  0%| F|  |TAMS 0x0000000744100000, 0x0000000744100000| Untracked 
| 146|0x0000000744200000, 0x0000000744200000, 0x0000000744300000|  0%| F|  |TAMS 0x0000000744200000, 0x0000000744200000| Untracked 
| 147|0x0000000744300000, 0x0000000744300000, 0x0000000744400000|  0%| F|  |TAMS 0x0000000744300000, 0x0000000744300000| Untracked 
| 148|0x0000000744400000, 0x0000000744400000, 0x0000000744500000|  0%| F|  |TAMS 0x0000000744400000, 0x0000000744400000| Untracked 
| 149|0x0000000744500000, 0x0000000744500000, 0x0000000744600000|  0%| F|  |TAMS 0x0000000744500000, 0x0000000744500000| Untracked 
| 150|0x0000000744600000, 0x0000000744600000, 0x0000000744700000|  0%| F|  |TAMS 0x0000000744600000, 0x0000000744600000| Untracked 
| 151|0x0000000744700000, 0x0000000744700000, 0x0000000744800000|  0%| F|  |TAMS 0x0000000744700000, 0x0000000744700000| Untracked 
| 152|0x0000000744800000, 0x0000000744800000, 0x0000000744900000|  0%| F|  |TAMS 0x0000000744800000, 0x0000000744800000| Untracked 
| 153|0x0000000744900000, 0x0000000744900000, 0x0000000744a00000|  0%| F|  |TAMS 0x0000000744900000, 0x0000000744900000| Untracked 
| 154|0x0000000744a00000, 0x0000000744a00000, 0x0000000744b00000|  0%| F|  |TAMS 0x0000000744a00000, 0x0000000744a00000| Untracked 
| 155|0x0000000744b00000, 0x0000000744b00000, 0x0000000744c00000|  0%| F|  |TAMS 0x0000000744b00000, 0x0000000744b00000| Untracked 
| 156|0x0000000744c00000, 0x0000000744c00000, 0x0000000744d00000|  0%| F|  |TAMS 0x0000000744c00000, 0x0000000744c00000| Untracked 
| 157|0x0000000744d00000, 0x0000000744d00000, 0x0000000744e00000|  0%| F|  |TAMS 0x0000000744d00000, 0x0000000744d00000| Untracked 
| 158|0x0000000744e00000, 0x0000000744e00000, 0x0000000744f00000|  0%| F|  |TAMS 0x0000000744e00000, 0x0000000744e00000| Untracked 
| 159|0x0000000744f00000, 0x0000000744f00000, 0x0000000745000000|  0%| F|  |TAMS 0x0000000744f00000, 0x0000000744f00000| Untracked 
| 160|0x0000000745000000, 0x0000000745000000, 0x0000000745100000|  0%| F|  |TAMS 0x0000000745000000, 0x0000000745000000| Untracked 
| 161|0x0000000745100000, 0x0000000745100000, 0x0000000745200000|  0%| F|  |TAMS 0x0000000745100000, 0x0000000745100000| Untracked 
| 162|0x0000000745200000, 0x0000000745200000, 0x0000000745300000|  0%| F|  |TAMS 0x0000000745200000, 0x0000000745200000| Untracked 
| 163|0x0000000745300000, 0x0000000745300000, 0x0000000745400000|  0%| F|  |TAMS 0x0000000745300000, 0x0000000745300000| Untracked 
| 164|0x0000000745400000, 0x0000000745400000, 0x0000000745500000|  0%| F|  |TAMS 0x0000000745400000, 0x0000000745400000| Untracked 
| 165|0x0000000745500000, 0x0000000745500000, 0x0000000745600000|  0%| F|  |TAMS 0x0000000745500000, 0x0000000745500000| Untracked 
| 166|0x0000000745600000, 0x0000000745600000, 0x0000000745700000|  0%| F|  |TAMS 0x0000000745600000, 0x0000000745600000| Untracked 
| 167|0x0000000745700000, 0x0000000745700000, 0x0000000745800000|  0%| F|  |TAMS 0x0000000745700000, 0x0000000745700000| Untracked 
| 168|0x0000000745800000, 0x0000000745800000, 0x0000000745900000|  0%| F|  |TAMS 0x0000000745800000, 0x0000000745800000| Untracked 
| 169|0x0000000745900000, 0x0000000745900000, 0x0000000745a00000|  0%| F|  |TAMS 0x0000000745900000, 0x0000000745900000| Untracked 
| 170|0x0000000745a00000, 0x0000000745a00000, 0x0000000745b00000|  0%| F|  |TAMS 0x0000000745a00000, 0x0000000745a00000| Untracked 
| 171|0x0000000745b00000, 0x0000000745b00000, 0x0000000745c00000|  0%| F|  |TAMS 0x0000000745b00000, 0x0000000745b00000| Untracked 
| 172|0x0000000745c00000, 0x0000000745c00000, 0x0000000745d00000|  0%| F|  |TAMS 0x0000000745c00000, 0x0000000745c00000| Untracked 
| 173|0x0000000745d00000, 0x0000000745d00000, 0x0000000745e00000|  0%| F|  |TAMS 0x0000000745d00000, 0x0000000745d00000| Untracked 
| 174|0x0000000745e00000, 0x0000000745e00000, 0x0000000745f00000|  0%| F|  |TAMS 0x0000000745e00000, 0x0000000745e00000| Untracked 
| 175|0x0000000745f00000, 0x0000000745f00000, 0x0000000746000000|  0%| F|  |TAMS 0x0000000745f00000, 0x0000000745f00000| Untracked 
| 176|0x0000000746000000, 0x0000000746000000, 0x0000000746100000|  0%| F|  |TAMS 0x0000000746000000, 0x0000000746000000| Untracked 
| 177|0x0000000746100000, 0x0000000746200000, 0x0000000746200000|100%| E|  |TAMS 0x0000000746100000, 0x0000000746100000| Complete 
| 178|0x0000000746200000, 0x0000000746300000, 0x0000000746300000|100%| E|CS|TAMS 0x0000000746200000, 0x0000000746200000| Complete 
| 179|0x0000000746300000, 0x0000000746400000, 0x0000000746400000|100%| E|CS|TAMS 0x0000000746300000, 0x0000000746300000| Complete 
| 180|0x0000000746400000, 0x0000000746500000, 0x0000000746500000|100%| E|CS|TAMS 0x0000000746400000, 0x0000000746400000| Complete 
| 181|0x0000000746500000, 0x0000000746600000, 0x0000000746600000|100%| E|CS|TAMS 0x0000000746500000, 0x0000000746500000| Complete 
| 182|0x0000000746600000, 0x0000000746700000, 0x0000000746700000|100%| E|CS|TAMS 0x0000000746600000, 0x0000000746600000| Complete 
| 183|0x0000000746700000, 0x0000000746800000, 0x0000000746800000|100%| E|CS|TAMS 0x0000000746700000, 0x0000000746700000| Complete 
| 184|0x0000000746800000, 0x0000000746900000, 0x0000000746900000|100%| E|CS|TAMS 0x0000000746800000, 0x0000000746800000| Complete 
| 185|0x0000000746900000, 0x0000000746a00000, 0x0000000746a00000|100%| E|CS|TAMS 0x0000000746900000, 0x0000000746900000| Complete 
| 186|0x0000000746a00000, 0x0000000746b00000, 0x0000000746b00000|100%| E|CS|TAMS 0x0000000746a00000, 0x0000000746a00000| Complete 
| 187|0x0000000746b00000, 0x0000000746c00000, 0x0000000746c00000|100%| E|  |TAMS 0x0000000746b00000, 0x0000000746b00000| Complete 
| 188|0x0000000746c00000, 0x0000000746d00000, 0x0000000746d00000|100%| E|CS|TAMS 0x0000000746c00000, 0x0000000746c00000| Complete 
| 189|0x0000000746d00000, 0x0000000746e00000, 0x0000000746e00000|100%| E|CS|TAMS 0x0000000746d00000, 0x0000000746d00000| Complete 
| 190|0x0000000746e00000, 0x0000000746f00000, 0x0000000746f00000|100%| E|CS|TAMS 0x0000000746e00000, 0x0000000746e00000| Complete 
| 191|0x0000000746f00000, 0x0000000747000000, 0x0000000747000000|100%| E|CS|TAMS 0x0000000746f00000, 0x0000000746f00000| Complete 
| 192|0x0000000747000000, 0x0000000747100000, 0x0000000747100000|100%| E|CS|TAMS 0x0000000747000000, 0x0000000747000000| Complete 
| 193|0x0000000747100000, 0x0000000747200000, 0x0000000747200000|100%| E|CS|TAMS 0x0000000747100000, 0x0000000747100000| Complete 
| 194|0x0000000747200000, 0x0000000747300000, 0x0000000747300000|100%| E|CS|TAMS 0x0000000747200000, 0x0000000747200000| Complete 
| 195|0x0000000747300000, 0x0000000747400000, 0x0000000747400000|100%| E|CS|TAMS 0x0000000747300000, 0x0000000747300000| Complete 
| 196|0x0000000747400000, 0x0000000747500000, 0x0000000747500000|100%| E|CS|TAMS 0x0000000747400000, 0x0000000747400000| Complete 
| 197|0x0000000747500000, 0x0000000747600000, 0x0000000747600000|100%| E|CS|TAMS 0x0000000747500000, 0x0000000747500000| Complete 
|2126|0x00000007bfe00000, 0x00000007bfe48000, 0x00000007bff00000| 28%|OA|  |TAMS 0x00000007bfe00000, 0x00000007bfe00000| Untracked 
|2127|0x00000007bff00000, 0x00000007bff6b000, 0x00000007c0000000| 41%|CA|  |TAMS 0x00000007bff00000, 0x00000007bff00000| Untracked 

Card table byte_map: [0x00007f0c55b5a000,0x00007f0c56182000] _byte_map_base: 0x00007f0c52182000

Marking Bits (Prev, Next): (CMBitMap*) 0x00007f0c5006e448, (CMBitMap*) 0x00007f0c5006e480
 Prev Bits: [0x00007f0c30ec0000, 0x00007f0c34000000)
 Next Bits: [0x00007f0c2dd80000, 0x00007f0c30ec0000)

Polling page: 0x00007f0c58c8d000

Metaspace:

Usage:
  Non-class:      5.93 MB capacity,     3.25 MB ( 55%) used,     2.68 MB ( 45%) free+waste,     4.44 KB ( <1%) overhead. 
      Class:    700.00 KB capacity,   412.52 KB ( 59%) used,   285.36 KB ( 41%) free+waste,     2.12 KB ( <1%) overhead. 
       Both:      6.61 MB capacity,     3.65 MB ( 55%) used,     2.95 MB ( 45%) free+waste,     6.56 KB ( <1%) overhead. 

Virtual space:
  Non-class space:        8.00 MB reserved,       6.00 MB ( 75%) committed 
      Class space:        1.00 GB reserved,     768.00 KB ( <1%) committed 
             Both:        1.01 GB reserved,       6.75 MB ( <1%) committed 

Chunk freelists:
   Non-Class:  60.00 KB
       Class:  4.00 KB
        Both:  64.00 KB

MaxMetaspaceSize: unlimited
CompressedClassSpaceSize: 1.00 GB
Initial GC threshold: 20.80 MB
Current GC threshold: 20.80 MB
CDS: on

CodeHeap 'non-profiled nmethods': size=120032Kb used=234Kb max_used=234Kb free=119797Kb
 bounds [0x00007f0c402c5000, 0x00007f0c40535000, 0x00007f0c477fd000]
CodeHeap 'profiled nmethods': size=120028Kb used=1379Kb max_used=1379Kb free=118648Kb
 bounds [0x00007f0c38d8e000, 0x00007f0c38ffe000, 0x00007f0c402c5000]
CodeHeap 'non-nmethods': size=5700Kb used=1207Kb max_used=1233Kb free=4493Kb
 bounds [0x00007f0c387fd000, 0x00007f0c38a6d000, 0x00007f0c38d8e000]
 total_blobs=1114 nmethods=727 adapters=309
 compilation: enabled
              stopped_count=0, restarted_count=0
 full_count=0

Compilation events (20 events):
Event: 1.206 Thread 0x00007f0c50198000  720       3       java.util.Arrays$ArrayItr::hasNext (18 bytes)
Event: 1.206 Thread 0x00007f0c50198000 nmethod 720 0x00007f0c38ee2690 code [0x00007f0c38ee2840, 0x00007f0c38ee29d0]
Event: 1.206 Thread 0x00007f0be0002800  721       4       java.lang.String::indexOf (7 bytes)
Event: 1.206 Thread 0x00007f0c50198000  718       3       sun.reflect.annotation.AnnotationInvocationHandler::invoke (178 bytes)
Event: 1.207 Thread 0x00007f0c50198000 nmethod 718 0x00007f0c38ee2a90 code [0x00007f0c38ee2da0, 0x00007f0c38ee3f20]
Event: 1.207 Thread 0x00007f0c50198000  719       3       java.lang.reflect.Method::getParameterCount (6 bytes)
Event: 1.207 Thread 0x00007f0c50198000 nmethod 719 0x00007f0c38ee4510 code [0x00007f0c38ee46c0, 0x00007f0c38ee47f0]
Event: 1.207 Thread 0x00007f0c50198000  722       3       java.nio.ByteBuffer::arrayOffset (35 bytes)
Event: 1.207 Thread 0x00007f0c50198000 nmethod 722 0x00007f0c38ee4890 code [0x00007f0c38ee4a80, 0x00007f0c38ee4d90]
Event: 1.209 Thread 0x00007f0be0002800 nmethod 721 0x00007f0c402fbb90 code [0x00007f0c402fbd20, 0x00007f0c402fbf18]
Event: 1.248 Thread 0x00007f0c50196000 nmethod 712 0x00007f0c402fc110 code [0x00007f0c402fc3a0, 0x00007f0c402fe320]
Event: 15.756 Thread 0x00007f0c50198000  724       3       java.lang.Integer::numberOfLeadingZeros (78 bytes)
Event: 15.756 Thread 0x00007f0c50196000  723       4       java.lang.StringBuilder::toString (35 bytes)
Event: 15.756 Thread 0x00007f0c50198000 nmethod 724 0x00007f0c38ee4f10 code [0x00007f0c38ee50c0, 0x00007f0c38ee5350]
Event: 15.757 Thread 0x00007f0c50198000  725       3       java.lang.Integer::getChars (131 bytes)
Event: 15.757 Thread 0x00007f0c50198000 nmethod 725 0x00007f0c38ee5410 code [0x00007f0c38ee5600, 0x00007f0c38ee5a30]
Event: 15.759 Thread 0x00007f0c50196000 nmethod 723 0x00007f0c402ff290 code [0x00007f0c402ff440, 0x00007f0c402ff858]
Event: 288.614 Thread 0x00007f0c50198000  726       3       java.util.HashMap$HashIterator::nextNode (100 bytes)
Event: 288.615 Thread 0x00007f0c50198000 nmethod 726 0x00007f0c38ee5d10 code [0x00007f0c38ee5f20, 0x00007f0c38ee64b0]
Event: 288.616 Thread 0x00007f0c50198000  727       3       java.lang.Class::cast (27 bytes)

GC Heap History (0 events):
No events

Deoptimization events (20 events):
Event: 1.071 Thread 0x00007f0c50017800 DEOPT PACKING pc=0x00007f0c402d1fa8 sp=0x00007f0c574464b0
Event: 1.071 Thread 0x00007f0c50017800 DEOPT UNPACKING pc=0x00007f0c388052a5 sp=0x00007f0c57446438 mode 2
Event: 1.114 Thread 0x00007f0c50017800 DEOPT PACKING pc=0x00007f0c38e4348a sp=0x00007f0c57445500
Event: 1.114 Thread 0x00007f0c50017800 DEOPT UNPACKING pc=0x00007f0c388469fa sp=0x00007f0c574449a8 mode 0
Event: 1.138 Thread 0x00007f0c50017800 DEOPT PACKING pc=0x00007f0c38e9095c sp=0x00007f0c57444d70
Event: 1.138 Thread 0x00007f0c50017800 DEOPT UNPACKING pc=0x00007f0c388469fa sp=0x00007f0c57444250 mode 1
Event: 1.138 Thread 0x00007f0c50017800 DEOPT PACKING pc=0x00007f0c38e88474 sp=0x00007f0c57446560
Event: 1.138 Thread 0x00007f0c50017800 DEOPT UNPACKING pc=0x00007f0c388469fa sp=0x00007f0c57445ac8 mode 1
Event: 1.159 Thread 0x00007f0c50017800 Uncommon trap: trap_request=0xffffff4d fr.pc=0x00007f0c402ef25c relative=0x000000000000019c
Event: 1.159 Thread 0x00007f0c50017800 Uncommon trap: reason=unstable_if action=reinterpret pc=0x00007f0c402ef25c method=java.util.zip.ZipFile$Source.isMetaName([BII)Z @ 57 c2
Event: 1.159 Thread 0x00007f0c50017800 DEOPT PACKING pc=0x00007f0c402ef25c sp=0x00007f0c574430e0
Event: 1.159 Thread 0x00007f0c50017800 DEOPT UNPACKING pc=0x00007f0c388052a5 sp=0x00007f0c574430a8 mode 2
Event: 1.992 Thread 0x00007f0c50017800 Uncommon trap: trap_request=0xffffff4d fr.pc=0x00007f0c402f7730 relative=0x00000000000005f0
Event: 1.992 Thread 0x00007f0c50017800 Uncommon trap: reason=unstable_if action=reinterpret pc=0x00007f0c402f7730 method=java.lang.Integer.getChars(II[B)I @ 25 c2
Event: 1.992 Thread 0x00007f0c50017800 DEOPT PACKING pc=0x00007f0c402f7730 sp=0x00007f0c57446780
Event: 1.992 Thread 0x00007f0c50017800 DEOPT UNPACKING pc=0x00007f0c388052a5 sp=0x00007f0c574466c8 mode 2
Event: 1.992 Thread 0x00007f0c50017800 Uncommon trap: trap_request=0xffffff4d fr.pc=0x00007f0c402f6b3c relative=0x000000000000011c
Event: 1.992 Thread 0x00007f0c50017800 Uncommon trap: reason=unstable_if action=reinterpret pc=0x00007f0c402f6b3c method=java.lang.Integer.getChars(II[B)I @ 25 c2
Event: 1.992 Thread 0x00007f0c50017800 DEOPT PACKING pc=0x00007f0c402f6b3c sp=0x00007f0c57446220
Event: 1.992 Thread 0x00007f0c50017800 DEOPT UNPACKING pc=0x00007f0c388052a5 sp=0x00007f0c574461d8 mode 2

Classes redefined (0 events):
No events

Internal exceptions (20 events):
Event: 1.040 Thread 0x00007f0c50017800 Exception <a 'java/security/PrivilegedActionException'{0x00000007471afd40}> (0x00000007471afd40) thrown at [src/hotspot/share/prims/jvm.cpp, line 1304]
Event: 1.040 Thread 0x00007f0c50017800 Exception <a 'java/security/PrivilegedActionException'{0x00000007471b0010}> (0x00000007471b0010) thrown at [src/hotspot/share/prims/jvm.cpp, line 1304]
Event: 1.040 Thread 0x00007f0c50017800 Exception <a 'java/security/PrivilegedActionException'{0x00000007471b0ad8}> (0x00000007471b0ad8) thrown at [src/hotspot/share/prims/jvm.cpp, line 1304]
Event: 1.040 Thread 0x00007f0c50017800 Exception <a 'java/security/PrivilegedActionException'{0x00000007471b0da8}> (0x00000007471b0da8) thrown at [src/hotspot/share/prims/jvm.cpp, line 1304]
Event: 1.040 Thread 0x00007f0c50017800 Exception <a 'java/security/PrivilegedActionException'{0x00000007471b1878}> (0x00000007471b1878) thrown at [src/hotspot/share/prims/jvm.cpp, line 1304]
Event: 1.041 Thread 0x00007f0c50017800 Exception <a 'java/security/PrivilegedActionException'{0x00000007471b1b48}> (0x00000007471b1b48) thrown at [src/hotspot/share/prims/jvm.cpp, line 1304]
Event: 1.041 Thread 0x00007f0c50017800 Exception <a 'java/security/PrivilegedActionException'{0x00000007471b2618}> (0x00000007471b2618) thrown at [src/hotspot/share/prims/jvm.cpp, line 1304]
Event: 1.041 Thread 0x00007f0c50017800 Exception <a 'java/security/PrivilegedActionException'{0x00000007471b28e8}> (0x00000007471b28e8) thrown at [src/hotspot/share/prims/jvm.cpp, line 1304]
Event: 1.041 Thread 0x00007f0c50017800 Exception <a 'java/security/PrivilegedActionException'{0x00000007471b33d8}> (0x00000007471b33d8) thrown at [src/hotspot/share/prims/jvm.cpp, line 1304]
Event: 1.041 Thread 0x00007f0c50017800 Exception <a 'java/security/PrivilegedActionException'{0x00000007471b36a8}> (0x00000007471b36a8) thrown at [src/hotspot/share/prims/jvm.cpp, line 1304]
Event: 1.041 Thread 0x00007f0c50017800 Exception <a 'java/security/PrivilegedActionException'{0x00000007471b4178}> (0x00000007471b4178) thrown at [src/hotspot/share/prims/jvm.cpp, line 1304]
Event: 1.041 Thread 0x00007f0c50017800 Exception <a 'java/security/PrivilegedActionException'{0x00000007471b4448}> (0x00000007471b4448) thrown at [src/hotspot/share/prims/jvm.cpp, line 1304]
Event: 1.041 Thread 0x00007f0c50017800 Exception <a 'java/security/PrivilegedActionException'{0x00000007471b4f40}> (0x00000007471b4f40) thrown at [src/hotspot/share/prims/jvm.cpp, line 1304]
Event: 1.041 Thread 0x00007f0c50017800 Exception <a 'java/security/PrivilegedActionException'{0x00000007471b5210}> (0x00000007471b5210) thrown at [src/hotspot/share/prims/jvm.cpp, line 1304]
Event: 1.081 Thread 0x00007f0c50017800 Exception <a 'java/lang/NoSuchMethodError'{0x0000000746f472d8}: 'int java.lang.invoke.DirectMethodHandle$Holder.invokeStaticInit(java.lang.Object, java.lang.Object, java.lang.Object, java.lang.Object)'> (0x0000000746f472d8) thrown at [src/hotspot/share/interpreter/linkResolver.cpp, line 772]
Event: 1.082 Thread 0x00007f0c50017800 Exception <a 'java/lang/IncompatibleClassChangeError'{0x0000000746f517c0}: Found class java.lang.Object, but interface was expected> (0x0000000746f517c0) thrown at [src/hotspot/share/interpreter/linkResolver.cpp, line 839]
Event: 1.083 Thread 0x00007f0c50017800 Exception <a 'java/lang/NoSuchMethodError'{0x0000000746f54a10}: 'void java.lang.invoke.DirectMethodHandle$Holder.invokeStaticInit(java.lang.Object, java.lang.Object)'> (0x0000000746f54a10) thrown at [src/hotspot/share/interpreter/linkResolver.cpp, line 772]
Event: 1.084 Thread 0x00007f0c50017800 Exception <a 'java/lang/NoSuchMethodError'{0x0000000746f5a6e0}: 'int java.lang.invoke.DirectMethodHandle$Holder.invokeStaticInit(java.lang.Object, java.lang.Object)'> (0x0000000746f5a6e0) thrown at [src/hotspot/share/interpreter/linkResolver.cpp, line 772]
Event: 1.138 Thread 0x00007f0c50017800 Exception <a 'java/security/PrivilegedActionException'{0x0000000746edf410}> (0x0000000746edf410) thrown at [src/hotspot/share/prims/jvm.cpp, line 1304]
Event: 1.138 Thread 0x00007f0c50017800 Exception <a 'java/security/PrivilegedActionException'{0x0000000746edf6e0}> (0x0000000746edf6e0) thrown at [src/hotspot/share/prims/jvm.cpp, line 1304]

Events (20 events):
Event: 165.860 Executing VM operation: GetFrameCount
Event: 165.861 Executing VM operation: GetFrameCount done
Event: 165.861 Executing VM operation: GetStackTrace
Event: 165.861 Executing VM operation: GetStackTrace done
Event: 165.865 Executing VM operation: GetFrameCount
Event: 165.865 Executing VM operation: GetFrameCount done
Event: 165.865 Executing VM operation: GetStackTrace
Event: 165.865 Executing VM operation: GetStackTrace done
Event: 288.613 Executing VM operation: ChangeBreakpoints
Event: 288.613 Executing VM operation: ChangeBreakpoints done
Event: 288.614 Thread 0x00007f0bf8001800 Thread exited: 0x00007f0bf8001800
Event: 288.614 Executing VM operation: ChangeBreakpoints
Event: 288.614 Executing VM operation: ChangeBreakpoints done
Event: 288.614 Thread 0x00007f0bf8001800 Thread added: 0x00007f0bf8001800
Event: 288.614 Protecting memory [0x00007f0c2d405000,0x00007f0c2d409000] with protection modes 0
Event: 288.614 Thread 0x00007f0c501ff000 Thread exited: 0x00007f0c501ff000
Event: 288.615 loading class org/bytedeco/javacpp/PointerScope
Event: 288.615 loading class org/bytedeco/javacpp/PointerScope done
Event: 288.616 loading class org/bytedeco/javacpp/PointerScope$1
Event: 288.616 loading class org/bytedeco/javacpp/PointerScope$1 done


Dynamic libraries:
73b000000-747600000 rw-p 00000000 00:00 0 
747600000-7bfe00000 ---p 00000000 00:00 0 
7bfe00000-7bfe48000 rw-p 00b0a000 08:10 51914                            /usr/lib/jvm/java-11-openjdk-amd64/lib/server/classes.jsa
7bfe48000-7bff00000 rw-p 00000000 00:00 0 
7bff00000-7bff6b000 rw-p 00a9f000 08:10 51914                            /usr/lib/jvm/java-11-openjdk-amd64/lib/server/classes.jsa
7bff6b000-7c0000000 rw-p 00000000 00:00 0 
7c0000000-800000000 ---p 00000000 00:00 0 
800000000-800002000 rwxp 00001000 08:10 51914                            /usr/lib/jvm/java-11-openjdk-amd64/lib/server/classes.jsa
800002000-800a9e000 rw-p 00003000 08:10 51914                            /usr/lib/jvm/java-11-openjdk-amd64/lib/server/classes.jsa
840000000-8400c0000 rw-p 00000000 00:00 0 
8400c0000-880000000 ---p 00000000 00:00 0 
55d60140a000-55d60140b000 r--p 00000000 08:10 51492                      /usr/lib/jvm/java-11-openjdk-amd64/bin/java
55d60140b000-55d60140c000 r-xp 00001000 08:10 51492                      /usr/lib/jvm/java-11-openjdk-amd64/bin/java
55d60140c000-55d60140d000 r--p 00002000 08:10 51492                      /usr/lib/jvm/java-11-openjdk-amd64/bin/java
55d60140d000-55d60140e000 r--p 00002000 08:10 51492                      /usr/lib/jvm/java-11-openjdk-amd64/bin/java
55d60140e000-55d60140f000 rw-p 00003000 08:10 51492                      /usr/lib/jvm/java-11-openjdk-amd64/bin/java
55d601b27000-55d601b48000 rw-p 00000000 00:00 0                          [heap]
7f0bd0000000-7f0bd00e7000 rw-p 00000000 00:00 0 
7f0bd00e7000-7f0bd4000000 ---p 00000000 00:00 0 
7f0bd552c000-7f0bd5e52000 r--p 00000000 08:10 59050                      /root/.javacpp/cache/llvm-13.0.1-1.5.7-linux-x86_64.jar/org/bytedeco/llvm/linux-x86_64/libLLVM-13.so
7f0bd5e52000-7f0bd9815000 r-xp 00926000 08:10 59050                      /root/.javacpp/cache/llvm-13.0.1-1.5.7-linux-x86_64.jar/org/bytedeco/llvm/linux-x86_64/libLLVM-13.so
7f0bd9815000-7f0bdba6a000 r--p 042e9000 08:10 59050                      /root/.javacpp/cache/llvm-13.0.1-1.5.7-linux-x86_64.jar/org/bytedeco/llvm/linux-x86_64/libLLVM-13.so
7f0bdba6a000-7f0bdbf7f000 r--p 0653d000 08:10 59050                      /root/.javacpp/cache/llvm-13.0.1-1.5.7-linux-x86_64.jar/org/bytedeco/llvm/linux-x86_64/libLLVM-13.so
7f0bdbf7f000-7f0bdbf8a000 rw-p 06a52000 08:10 59050                      /root/.javacpp/cache/llvm-13.0.1-1.5.7-linux-x86_64.jar/org/bytedeco/llvm/linux-x86_64/libLLVM-13.so
7f0bdbf8a000-7f0bdc000000 rw-p 00000000 00:00 0 
7f0bdc000000-7f0bdc021000 rw-p 00000000 00:00 0 
7f0bdc021000-7f0be0000000 ---p 00000000 00:00 0 
7f0be0000000-7f0be004b000 rw-p 00000000 00:00 0 
7f0be004b000-7f0be4000000 ---p 00000000 00:00 0 
7f0be4000000-7f0be4021000 rw-p 00000000 00:00 0 
7f0be4021000-7f0be8000000 ---p 00000000 00:00 0 
7f0be8000000-7f0be8021000 rw-p 00000000 00:00 0 
7f0be8021000-7f0bec000000 ---p 00000000 00:00 0 
7f0bec000000-7f0bec021000 rw-p 00000000 00:00 0 
7f0bec021000-7f0bf0000000 ---p 00000000 00:00 0 
7f0bf0000000-7f0bf0021000 rw-p 00000000 00:00 0 
7f0bf0021000-7f0bf4000000 ---p 00000000 00:00 0 
7f0bf4000000-7f0bf4021000 rw-p 00000000 00:00 0 
7f0bf4021000-7f0bf8000000 ---p 00000000 00:00 0 
7f0bf8000000-7f0bf8026000 rw-p 00000000 00:00 0 
7f0bf8026000-7f0bfc000000 ---p 00000000 00:00 0 
7f0bfc000000-7f0bfc403000 rw-p 00000000 00:00 0 
7f0bfc403000-7f0c00000000 ---p 00000000 00:00 0 
7f0c00000000-7f0c00384000 rw-p 00000000 00:00 0 
7f0c00384000-7f0c04000000 ---p 00000000 00:00 0 
7f0c04000000-7f0c04021000 rw-p 00000000 00:00 0 
7f0c04021000-7f0c08000000 ---p 00000000 00:00 0 
7f0c08000000-7f0c08021000 rw-p 00000000 00:00 0 
7f0c08021000-7f0c0c000000 ---p 00000000 00:00 0 
7f0c0c000000-7f0c0c021000 rw-p 00000000 00:00 0 
7f0c0c021000-7f0c10000000 ---p 00000000 00:00 0 
7f0c10000000-7f0c10021000 rw-p 00000000 00:00 0 
7f0c10021000-7f0c14000000 ---p 00000000 00:00 0 
7f0c14000000-7f0c14021000 rw-p 00000000 00:00 0 
7f0c14021000-7f0c18000000 ---p 00000000 00:00 0 
7f0c18000000-7f0c18021000 rw-p 00000000 00:00 0 
7f0c18021000-7f0c1c000000 ---p 00000000 00:00 0 
7f0c1c000000-7f0c1c021000 rw-p 00000000 00:00 0 
7f0c1c021000-7f0c20000000 ---p 00000000 00:00 0 
7f0c20000000-7f0c20021000 rw-p 00000000 00:00 0 
7f0c20021000-7f0c24000000 ---p 00000000 00:00 0 
7f0c26000000-7f0c28000000 rw-p 00000000 00:00 0 
7f0c28000000-7f0c28021000 rw-p 00000000 00:00 0 
7f0c28021000-7f0c2c000000 ---p 00000000 00:00 0 
7f0c2cdf9000-7f0c2ce5e000 r--p 00000000 08:10 59056                      /root/.javacpp/cache/llvm-13.0.1-1.5.7-linux-x86_64.jar/org/bytedeco/llvm/linux-x86_64/libjniLLVM.so
7f0c2ce5e000-7f0c2cecc000 r-xp 00065000 08:10 59056                      /root/.javacpp/cache/llvm-13.0.1-1.5.7-linux-x86_64.jar/org/bytedeco/llvm/linux-x86_64/libjniLLVM.so
7f0c2cecc000-7f0c2cef7000 r--p 000d3000 08:10 59056                      /root/.javacpp/cache/llvm-13.0.1-1.5.7-linux-x86_64.jar/org/bytedeco/llvm/linux-x86_64/libjniLLVM.so
7f0c2cef7000-7f0c2cefa000 r--p 000fd000 08:10 59056                      /root/.javacpp/cache/llvm-13.0.1-1.5.7-linux-x86_64.jar/org/bytedeco/llvm/linux-x86_64/libjniLLVM.so
7f0c2cefa000-7f0c2cefd000 rw-p 00100000 08:10 59056                      /root/.javacpp/cache/llvm-13.0.1-1.5.7-linux-x86_64.jar/org/bytedeco/llvm/linux-x86_64/libjniLLVM.so
7f0c2cefd000-7f0c2ceff000 rw-p 00000000 00:00 0 
7f0c2ceff000-7f0c2cf03000 ---p 00000000 00:00 0 
7f0c2cf03000-7f0c2d000000 rw-p 00000000 00:00 0 
7f0c2d000000-7f0c2d004000 ---p 00000000 00:00 0 
7f0c2d004000-7f0c2d101000 rw-p 00000000 00:00 0 
7f0c2d101000-7f0c2d105000 ---p 00000000 00:00 0 
7f0c2d105000-7f0c2d202000 rw-p 00000000 00:00 0 
7f0c2d202000-7f0c2d206000 ---p 00000000 00:00 0 
7f0c2d206000-7f0c2d303000 rw-p 00000000 00:00 0 
7f0c2d303000-7f0c2d304000 ---p 00000000 00:00 0 
7f0c2d304000-7f0c2d405000 rw-p 00000000 00:00 0 
7f0c2d405000-7f0c2d409000 ---p 00000000 00:00 0 
7f0c2d409000-7f0c2d506000 rw-p 00000000 00:00 0 
7f0c2d506000-7f0c2d50a000 ---p 00000000 00:00 0 
7f0c2d50a000-7f0c2d607000 rw-p 00000000 00:00 0 
7f0c2d607000-7f0c2d60b000 ---p 00000000 00:00 0 
7f0c2d60b000-7f0c2d708000 rw-p 00000000 00:00 0 
7f0c2d708000-7f0c2d70c000 ---p 00000000 00:00 0 
7f0c2d70c000-7f0c2d809000 rw-p 00000000 00:00 0 
7f0c2d809000-7f0c2d80d000 ---p 00000000 00:00 0 
7f0c2d80d000-7f0c2d90a000 rw-p 00000000 00:00 0 
7f0c2d90a000-7f0c2d90e000 ---p 00000000 00:00 0 
7f0c2d90e000-7f0c2da0b000 rw-p 00000000 00:00 0 
7f0c2da0b000-7f0c2da0f000 ---p 00000000 00:00 0 
7f0c2da0f000-7f0c2db0c000 rw-p 00000000 00:00 0 
7f0c2db0c000-7f0c2db10000 ---p 00000000 00:00 0 
7f0c2db10000-7f0c2dc0d000 rw-p 00000000 00:00 0 
7f0c2dc0d000-7f0c2dd80000 r--p 00000000 08:10 12354                      /usr/lib/locale/C.UTF-8/LC_COLLATE
7f0c2dd80000-7f0c2e098000 rw-p 00000000 00:00 0 
7f0c2e098000-7f0c2feb8000 ---p 00000000 00:00 0 
7f0c2feb8000-7f0c2fec0000 rw-p 00000000 00:00 0 
7f0c2fec0000-7f0c30ec0000 ---p 00000000 00:00 0 
7f0c30ec0000-7f0c311d8000 rw-p 00000000 00:00 0 
7f0c311d8000-7f0c32ff8000 ---p 00000000 00:00 0 
7f0c32ff8000-7f0c33000000 rw-p 00000000 00:00 0 
7f0c33000000-7f0c34000000 ---p 00000000 00:00 0 
7f0c34000000-7f0c34021000 rw-p 00000000 00:00 0 
7f0c34021000-7f0c38000000 ---p 00000000 00:00 0 
7f0c38053000-7f0c3805a000 r--p 00000000 08:10 59052                      /root/.javacpp/cache/llvm-13.0.1-1.5.7-linux-x86_64.jar/org/bytedeco/llvm/linux-x86_64/libLTO.so.13
7f0c3805a000-7f0c38062000 r-xp 00007000 08:10 59052                      /root/.javacpp/cache/llvm-13.0.1-1.5.7-linux-x86_64.jar/org/bytedeco/llvm/linux-x86_64/libLTO.so.13
7f0c38062000-7f0c38064000 r--p 0000f000 08:10 59052                      /root/.javacpp/cache/llvm-13.0.1-1.5.7-linux-x86_64.jar/org/bytedeco/llvm/linux-x86_64/libLTO.so.13
7f0c38064000-7f0c38065000 r--p 00010000 08:10 59052                      /root/.javacpp/cache/llvm-13.0.1-1.5.7-linux-x86_64.jar/org/bytedeco/llvm/linux-x86_64/libLTO.so.13
7f0c38065000-7f0c38066000 rw-p 00011000 08:10 59052                      /root/.javacpp/cache/llvm-13.0.1-1.5.7-linux-x86_64.jar/org/bytedeco/llvm/linux-x86_64/libLTO.so.13
7f0c38066000-7f0c3806a000 r--p 00000000 08:10 59044                      /root/.javacpp/cache/javacpp-1.5.7-linux-x86_64.jar/org/bytedeco/javacpp/linux-x86_64/libjnijavacpp.so
7f0c3806a000-7f0c38071000 r-xp 00004000 08:10 59044                      /root/.javacpp/cache/javacpp-1.5.7-linux-x86_64.jar/org/bytedeco/javacpp/linux-x86_64/libjnijavacpp.so
7f0c38071000-7f0c38075000 r--p 0000b000 08:10 59044                      /root/.javacpp/cache/javacpp-1.5.7-linux-x86_64.jar/org/bytedeco/javacpp/linux-x86_64/libjnijavacpp.so
7f0c38075000-7f0c38076000 r--p 0000e000 08:10 59044                      /root/.javacpp/cache/javacpp-1.5.7-linux-x86_64.jar/org/bytedeco/javacpp/linux-x86_64/libjnijavacpp.so
7f0c38076000-7f0c38077000 rw-p 0000f000 08:10 59044                      /root/.javacpp/cache/javacpp-1.5.7-linux-x86_64.jar/org/bytedeco/javacpp/linux-x86_64/libjnijavacpp.so
7f0c38077000-7f0c380a8000 rw-p 00000000 00:00 0 
7f0c380a8000-7f0c380ac000 r--p 00000000 08:10 51641                      /usr/lib/jvm/java-11-openjdk-amd64/lib/libnet.so
7f0c380ac000-7f0c380ba000 r-xp 00004000 08:10 51641                      /usr/lib/jvm/java-11-openjdk-amd64/lib/libnet.so
7f0c380ba000-7f0c380be000 r--p 00012000 08:10 51641                      /usr/lib/jvm/java-11-openjdk-amd64/lib/libnet.so
7f0c380be000-7f0c380bf000 r--p 00015000 08:10 51641                      /usr/lib/jvm/java-11-openjdk-amd64/lib/libnet.so
7f0c380bf000-7f0c380c0000 rw-p 00016000 08:10 51641                      /usr/lib/jvm/java-11-openjdk-amd64/lib/libnet.so
7f0c380c0000-7f0c380c7000 r--p 00000000 08:10 51642                      /usr/lib/jvm/java-11-openjdk-amd64/lib/libnio.so
7f0c380c7000-7f0c380cf000 r-xp 00007000 08:10 51642                      /usr/lib/jvm/java-11-openjdk-amd64/lib/libnio.so
7f0c380cf000-7f0c380d2000 r--p 0000f000 08:10 51642                      /usr/lib/jvm/java-11-openjdk-amd64/lib/libnio.so
7f0c380d2000-7f0c380d3000 r--p 00011000 08:10 51642                      /usr/lib/jvm/java-11-openjdk-amd64/lib/libnio.so
7f0c380d3000-7f0c380d4000 rw-p 00012000 08:10 51642                      /usr/lib/jvm/java-11-openjdk-amd64/lib/libnio.so
7f0c380d4000-7f0c380d6000 r--p 00000000 08:10 51622                      /usr/lib/jvm/java-11-openjdk-amd64/lib/libdt_socket.so
7f0c380d6000-7f0c380d9000 r-xp 00002000 08:10 51622                      /usr/lib/jvm/java-11-openjdk-amd64/lib/libdt_socket.so
7f0c380d9000-7f0c380da000 r--p 00005000 08:10 51622                      /usr/lib/jvm/java-11-openjdk-amd64/lib/libdt_socket.so
7f0c380da000-7f0c380db000 ---p 00006000 08:10 51622                      /usr/lib/jvm/java-11-openjdk-amd64/lib/libdt_socket.so
7f0c380db000-7f0c380dc000 r--p 00006000 08:10 51622                      /usr/lib/jvm/java-11-openjdk-amd64/lib/libdt_socket.so
7f0c380dc000-7f0c380dd000 rw-p 00007000 08:10 51622                      /usr/lib/jvm/java-11-openjdk-amd64/lib/libdt_socket.so
7f0c380dd000-7f0c3810f000 r--p 00000000 08:10 12355                      /usr/lib/locale/C.UTF-8/LC_CTYPE
7f0c3810f000-7f0c383f5000 r--p 00000000 08:10 4119                       /usr/lib/locale/locale-archive
7f0c383f5000-7f0c383f9000 ---p 00000000 00:00 0 
7f0c383f9000-7f0c384f6000 rw-p 00000000 00:00 0 
7f0c384f6000-7f0c384fa000 ---p 00000000 00:00 0 
7f0c384fa000-7f0c385f7000 rw-p 00000000 00:00 0 
7f0c385f7000-7f0c385f8000 ---p 00000000 00:00 0 
7f0c385f8000-7f0c387fd000 rw-p 00000000 00:00 0 
7f0c387fd000-7f0c38a6d000 rwxp 00000000 00:00 0 
7f0c38a6d000-7f0c38d8e000 ---p 00000000 00:00 0 
7f0c38d8e000-7f0c38ffe000 rwxp 00000000 00:00 0 
7f0c38ffe000-7f0c402c5000 ---p 00000000 00:00 0 
7f0c402c5000-7f0c40535000 rwxp 00000000 00:00 0 
7f0c40535000-7f0c477fd000 ---p 00000000 00:00 0 
7f0c477fd000-7f0c50000000 r--s 00000000 08:10 51651                      /usr/lib/jvm/java-11-openjdk-amd64/lib/modules
7f0c50000000-7f0c5054b000 rw-p 00000000 00:00 0 
7f0c5054b000-7f0c54000000 ---p 00000000 00:00 0 
7f0c54000000-7f0c54001000 r--p 00000000 08:10 59054                      /root/.javacpp/cache/llvm-13.0.1-1.5.7-linux-x86_64.jar/org/bytedeco/llvm/linux-x86_64/libRemarks.so.13
7f0c54001000-7f0c54002000 r-xp 00001000 08:10 59054                      /root/.javacpp/cache/llvm-13.0.1-1.5.7-linux-x86_64.jar/org/bytedeco/llvm/linux-x86_64/libRemarks.so.13
7f0c54002000-7f0c54003000 r--p 00002000 08:10 59054                      /root/.javacpp/cache/llvm-13.0.1-1.5.7-linux-x86_64.jar/org/bytedeco/llvm/linux-x86_64/libRemarks.so.13
7f0c54003000-7f0c54004000 r--p 00002000 08:10 59054                      /root/.javacpp/cache/llvm-13.0.1-1.5.7-linux-x86_64.jar/org/bytedeco/llvm/linux-x86_64/libRemarks.so.13
7f0c54004000-7f0c54005000 rw-p 00003000 08:10 59054                      /root/.javacpp/cache/llvm-13.0.1-1.5.7-linux-x86_64.jar/org/bytedeco/llvm/linux-x86_64/libRemarks.so.13
7f0c54005000-7f0c54006000 r--p 00000000 08:10 12361                      /usr/lib/locale/C.UTF-8/LC_NUMERIC
7f0c54006000-7f0c54007000 r--p 00000000 08:10 12365                      /usr/lib/locale/C.UTF-8/LC_TIME
7f0c54007000-7f0c54008000 r--p 00000000 08:10 12359                      /usr/lib/locale/C.UTF-8/LC_MONETARY
7f0c54008000-7f0c54009000 r--p 00000000 08:10 12358                      /usr/lib/locale/C.UTF-8/LC_MESSAGES/SYS_LC_MESSAGES
7f0c54009000-7f0c5400a000 r--p 00000000 08:10 12363                      /usr/lib/locale/C.UTF-8/LC_PAPER
7f0c5400a000-7f0c5400b000 r--p 00000000 08:10 12360                      /usr/lib/locale/C.UTF-8/LC_NAME
7f0c5400b000-7f0c5400c000 r--p 00000000 08:10 12353                      /usr/lib/locale/C.UTF-8/LC_ADDRESS
7f0c5400c000-7f0c5400d000 r--p 00000000 08:10 12364                      /usr/lib/locale/C.UTF-8/LC_TELEPHONE
7f0c5400d000-7f0c54014000 r--s 00000000 08:10 47045                      /usr/lib/x86_64-linux-gnu/gconv/gconv-modules.cache
7f0c54014000-7f0c54614000 rw-p 00000000 00:00 0 
7f0c54614000-7f0c54814000 ---p 00000000 00:00 0 
7f0c54814000-7f0c54856000 rw-p 00000000 00:00 0 
7f0c54856000-7f0c54857000 ---p 00000000 00:00 0 
7f0c54857000-7f0c54958000 rw-p 00000000 00:00 0 
7f0c54958000-7f0c54959000 ---p 00000000 00:00 0 
7f0c54959000-7f0c55262000 rw-p 00000000 00:00 0 
7f0c55262000-7f0c55263000 ---p 00000000 00:00 0 
7f0c55263000-7f0c55364000 rw-p 00000000 00:00 0 
7f0c55364000-7f0c55365000 ---p 00000000 00:00 0 
7f0c55365000-7f0c55595000 rw-p 00000000 00:00 0 
7f0c55595000-7f0c55959000 ---p 00000000 00:00 0 
7f0c55959000-7f0c5595a000 rw-p 00000000 00:00 0 
7f0c5595a000-7f0c55b5a000 ---p 00000000 00:00 0 
7f0c55b5a000-7f0c55bbd000 rw-p 00000000 00:00 0 
7f0c55bbd000-7f0c55f81000 ---p 00000000 00:00 0 
7f0c55f81000-7f0c55f82000 rw-p 00000000 00:00 0 
7f0c55f82000-7f0c56182000 ---p 00000000 00:00 0 
7f0c56182000-7f0c561e5000 rw-p 00000000 00:00 0 
7f0c561e5000-7f0c565a9000 ---p 00000000 00:00 0 
7f0c565a9000-7f0c565aa000 rw-p 00000000 00:00 0 
7f0c565aa000-7f0c567aa000 ---p 00000000 00:00 0 
7f0c567aa000-7f0c56fb2000 rw-p 00000000 00:00 0 
7f0c56fb2000-7f0c56fb3000 ---p 00000000 00:00 0 
7f0c56fb3000-7f0c570b9000 rw-p 00000000 00:00 0 
7f0c570b9000-7f0c5719f000 ---p 00000000 00:00 0 
7f0c5719f000-7f0c571a4000 rw-p 00000000 00:00 0 
7f0c571a4000-7f0c5728a000 ---p 00000000 00:00 0 
7f0c5728a000-7f0c5728f000 rw-p 00000000 00:00 0 
7f0c5728f000-7f0c57296000 ---p 00000000 00:00 0 
7f0c57296000-7f0c57298000 r--p 00000000 08:10 51650                      /usr/lib/jvm/java-11-openjdk-amd64/lib/libzip.so
7f0c57298000-7f0c5729d000 r-xp 00002000 08:10 51650                      /usr/lib/jvm/java-11-openjdk-amd64/lib/libzip.so
7f0c5729d000-7f0c5729f000 r--p 00007000 08:10 51650                      /usr/lib/jvm/java-11-openjdk-amd64/lib/libzip.so
7f0c5729f000-7f0c572a0000 r--p 00008000 08:10 51650                      /usr/lib/jvm/java-11-openjdk-amd64/lib/libzip.so
7f0c572a0000-7f0c572a1000 rw-p 00009000 08:10 51650                      /usr/lib/jvm/java-11-openjdk-amd64/lib/libzip.so
7f0c572a1000-7f0c572a4000 r--p 00000000 08:10 44390                      /usr/lib/x86_64-linux-gnu/libnss_files-2.31.so
7f0c572a4000-7f0c572ab000 r-xp 00003000 08:10 44390                      /usr/lib/x86_64-linux-gnu/libnss_files-2.31.so
7f0c572ab000-7f0c572ad000 r--p 0000a000 08:10 44390                      /usr/lib/x86_64-linux-gnu/libnss_files-2.31.so
7f0c572ad000-7f0c572ae000 r--p 0000b000 08:10 44390                      /usr/lib/x86_64-linux-gnu/libnss_files-2.31.so
7f0c572ae000-7f0c572af000 rw-p 0000c000 08:10 44390                      /usr/lib/x86_64-linux-gnu/libnss_files-2.31.so
7f0c572af000-7f0c572b5000 rw-p 00000000 00:00 0 
7f0c572b5000-7f0c572b6000 r--p 00000000 08:10 12357                      /usr/lib/locale/C.UTF-8/LC_MEASUREMENT
7f0c572b6000-7f0c572b8000 r--s 0000c000 08:10 23045                      /usr/share/java/java-atk-wrapper.jar
7f0c572b8000-7f0c572c0000 rw-s 00000000 08:10 724                        /tmp/hsperfdata_root/2641
7f0c572c0000-7f0c572c2000 r--p 00000000 08:10 51632                      /usr/lib/jvm/java-11-openjdk-amd64/lib/libjdwp.so
7f0c572c2000-7f0c572ee000 r-xp 00002000 08:10 51632                      /usr/lib/jvm/java-11-openjdk-amd64/lib/libjdwp.so
7f0c572ee000-7f0c572fc000 r--p 0002e000 08:10 51632                      /usr/lib/jvm/java-11-openjdk-amd64/lib/libjdwp.so
7f0c572fc000-7f0c572fd000 r--p 0003b000 08:10 51632                      /usr/lib/jvm/java-11-openjdk-amd64/lib/libjdwp.so
7f0c572fd000-7f0c572fe000 rw-p 0003c000 08:10 51632                      /usr/lib/jvm/java-11-openjdk-amd64/lib/libjdwp.so
7f0c572fe000-7f0c5730c000 r--p 00000000 08:10 51630                      /usr/lib/jvm/java-11-openjdk-amd64/lib/libjava.so
7f0c5730c000-7f0c57322000 r-xp 0000e000 08:10 51630                      /usr/lib/jvm/java-11-openjdk-amd64/lib/libjava.so
7f0c57322000-7f0c57329000 r--p 00024000 08:10 51630                      /usr/lib/jvm/java-11-openjdk-amd64/lib/libjava.so
7f0c57329000-7f0c5732a000 r--p 0002a000 08:10 51630                      /usr/lib/jvm/java-11-openjdk-amd64/lib/libjava.so
7f0c5732a000-7f0c5732b000 rw-p 0002b000 08:10 51630                      /usr/lib/jvm/java-11-openjdk-amd64/lib/libjava.so
7f0c5732b000-7f0c5732c000 rw-p 00000000 00:00 0 
7f0c5732c000-7f0c57331000 r--p 00000000 08:10 51649                      /usr/lib/jvm/java-11-openjdk-amd64/lib/libverify.so
7f0c57331000-7f0c57338000 r-xp 00005000 08:10 51649                      /usr/lib/jvm/java-11-openjdk-amd64/lib/libverify.so
7f0c57338000-7f0c5733a000 r--p 0000c000 08:10 51649                      /usr/lib/jvm/java-11-openjdk-amd64/lib/libverify.so
7f0c5733a000-7f0c5733b000 ---p 0000e000 08:10 51649                      /usr/lib/jvm/java-11-openjdk-amd64/lib/libverify.so
7f0c5733b000-7f0c5733d000 r--p 0000e000 08:10 51649                      /usr/lib/jvm/java-11-openjdk-amd64/lib/libverify.so
7f0c5733d000-7f0c5733e000 rw-p 00010000 08:10 51649                      /usr/lib/jvm/java-11-openjdk-amd64/lib/libverify.so
7f0c5733e000-7f0c57340000 r--p 00000000 08:10 44399                      /usr/lib/x86_64-linux-gnu/librt-2.31.so
7f0c57340000-7f0c57344000 r-xp 00002000 08:10 44399                      /usr/lib/x86_64-linux-gnu/librt-2.31.so
7f0c57344000-7f0c57346000 r--p 00006000 08:10 44399                      /usr/lib/x86_64-linux-gnu/librt-2.31.so
7f0c57346000-7f0c57347000 r--p 00007000 08:10 44399                      /usr/lib/x86_64-linux-gnu/librt-2.31.so
7f0c57347000-7f0c57348000 rw-p 00008000 08:10 44399                      /usr/lib/x86_64-linux-gnu/librt-2.31.so
7f0c57348000-7f0c5734c000 ---p 00000000 00:00 0 
7f0c5734c000-7f0c57449000 rw-p 00000000 00:00 0 
7f0c57449000-7f0c5744c000 r--p 00000000 08:10 26920                      /usr/lib/x86_64-linux-gnu/libgcc_s.so.1
7f0c5744c000-7f0c5745e000 r-xp 00003000 08:10 26920                      /usr/lib/x86_64-linux-gnu/libgcc_s.so.1
7f0c5745e000-7f0c57462000 r--p 00015000 08:10 26920                      /usr/lib/x86_64-linux-gnu/libgcc_s.so.1
7f0c57462000-7f0c57463000 r--p 00018000 08:10 26920                      /usr/lib/x86_64-linux-gnu/libgcc_s.so.1
7f0c57463000-7f0c57464000 rw-p 00019000 08:10 26920                      /usr/lib/x86_64-linux-gnu/libgcc_s.so.1
7f0c57464000-7f0c57471000 r--p 00000000 08:10 44384                      /usr/lib/x86_64-linux-gnu/libm-2.31.so
7f0c57471000-7f0c57518000 r-xp 0000d000 08:10 44384                      /usr/lib/x86_64-linux-gnu/libm-2.31.so
7f0c57518000-7f0c575b1000 r--p 000b4000 08:10 44384                      /usr/lib/x86_64-linux-gnu/libm-2.31.so
7f0c575b1000-7f0c575b2000 r--p 0014c000 08:10 44384                      /usr/lib/x86_64-linux-gnu/libm-2.31.so
7f0c575b2000-7f0c575b3000 rw-p 0014d000 08:10 44384                      /usr/lib/x86_64-linux-gnu/libm-2.31.so
7f0c575b3000-7f0c57649000 r--p 00000000 08:10 27246                      /usr/lib/x86_64-linux-gnu/libstdc++.so.6.0.28
7f0c57649000-7f0c5773a000 r-xp 00096000 08:10 27246                      /usr/lib/x86_64-linux-gnu/libstdc++.so.6.0.28
7f0c5773a000-7f0c57783000 r--p 00187000 08:10 27246                      /usr/lib/x86_64-linux-gnu/libstdc++.so.6.0.28
7f0c57783000-7f0c57784000 ---p 001d0000 08:10 27246                      /usr/lib/x86_64-linux-gnu/libstdc++.so.6.0.28
7f0c57784000-7f0c5778f000 r--p 001d0000 08:10 27246                      /usr/lib/x86_64-linux-gnu/libstdc++.so.6.0.28
7f0c5778f000-7f0c57792000 rw-p 001db000 08:10 27246                      /usr/lib/x86_64-linux-gnu/libstdc++.so.6.0.28
7f0c57792000-7f0c57795000 rw-p 00000000 00:00 0 
7f0c57795000-7f0c57a17000 r--p 00000000 08:10 51656                      /usr/lib/jvm/java-11-openjdk-amd64/lib/server/libjvm.so
7f0c57a17000-7f0c586a0000 r-xp 00282000 08:10 51656                      /usr/lib/jvm/java-11-openjdk-amd64/lib/server/libjvm.so
7f0c586a0000-7f0c588fd000 r--p 00f0b000 08:10 51656                      /usr/lib/jvm/java-11-openjdk-amd64/lib/server/libjvm.so
7f0c588fd000-7f0c588fe000 ---p 01168000 08:10 51656                      /usr/lib/jvm/java-11-openjdk-amd64/lib/server/libjvm.so
7f0c588fe000-7f0c589c2000 r--p 01168000 08:10 51656                      /usr/lib/jvm/java-11-openjdk-amd64/lib/server/libjvm.so
7f0c589c2000-7f0c589fd000 rw-p 0122c000 08:10 51656                      /usr/lib/jvm/java-11-openjdk-amd64/lib/server/libjvm.so
7f0c589fd000-7f0c58a56000 rw-p 00000000 00:00 0 
7f0c58a56000-7f0c58a5c000 r--p 00000000 08:10 44396                      /usr/lib/x86_64-linux-gnu/libpthread-2.31.so
7f0c58a5c000-7f0c58a6d000 r-xp 00006000 08:10 44396                      /usr/lib/x86_64-linux-gnu/libpthread-2.31.so
7f0c58a6d000-7f0c58a73000 r--p 00017000 08:10 44396                      /usr/lib/x86_64-linux-gnu/libpthread-2.31.so
7f0c58a73000-7f0c58a74000 r--p 0001c000 08:10 44396                      /usr/lib/x86_64-linux-gnu/libpthread-2.31.so
7f0c58a74000-7f0c58a75000 rw-p 0001d000 08:10 44396                      /usr/lib/x86_64-linux-gnu/libpthread-2.31.so
7f0c58a75000-7f0c58a79000 rw-p 00000000 00:00 0 
7f0c58a79000-7f0c58a7a000 r--p 00000000 08:10 44383                      /usr/lib/x86_64-linux-gnu/libdl-2.31.so
7f0c58a7a000-7f0c58a7c000 r-xp 00001000 08:10 44383                      /usr/lib/x86_64-linux-gnu/libdl-2.31.so
7f0c58a7c000-7f0c58a7d000 r--p 00003000 08:10 44383                      /usr/lib/x86_64-linux-gnu/libdl-2.31.so
7f0c58a7d000-7f0c58a7e000 r--p 00003000 08:10 44383                      /usr/lib/x86_64-linux-gnu/libdl-2.31.so
7f0c58a7e000-7f0c58a7f000 rw-p 00004000 08:10 44383                      /usr/lib/x86_64-linux-gnu/libdl-2.31.so
7f0c58a7f000-7f0c58a81000 r--p 00000000 08:10 11221                      /usr/lib/x86_64-linux-gnu/libz.so.1.2.11
7f0c58a81000-7f0c58a92000 r-xp 00002000 08:10 11221                      /usr/lib/x86_64-linux-gnu/libz.so.1.2.11
7f0c58a92000-7f0c58a98000 r--p 00013000 08:10 11221                      /usr/lib/x86_64-linux-gnu/libz.so.1.2.11
7f0c58a98000-7f0c58a99000 ---p 00019000 08:10 11221                      /usr/lib/x86_64-linux-gnu/libz.so.1.2.11
7f0c58a99000-7f0c58a9a000 r--p 00019000 08:10 11221                      /usr/lib/x86_64-linux-gnu/libz.so.1.2.11
7f0c58a9a000-7f0c58a9b000 rw-p 0001a000 08:10 11221                      /usr/lib/x86_64-linux-gnu/libz.so.1.2.11
7f0c58a9b000-7f0c58abd000 r--p 00000000 08:10 44382                      /usr/lib/x86_64-linux-gnu/libc-2.31.so
7f0c58abd000-7f0c58c35000 r-xp 00022000 08:10 44382                      /usr/lib/x86_64-linux-gnu/libc-2.31.so
7f0c58c35000-7f0c58c83000 r--p 0019a000 08:10 44382                      /usr/lib/x86_64-linux-gnu/libc-2.31.so
7f0c58c83000-7f0c58c87000 r--p 001e7000 08:10 44382                      /usr/lib/x86_64-linux-gnu/libc-2.31.so
7f0c58c87000-7f0c58c89000 rw-p 001eb000 08:10 44382                      /usr/lib/x86_64-linux-gnu/libc-2.31.so
7f0c58c89000-7f0c58c8d000 rw-p 00000000 00:00 0 
7f0c58c8d000-7f0c58c8e000 ---p 00000000 00:00 0 
7f0c58c8e000-7f0c58c8f000 r--p 00000000 00:00 0 
7f0c58c8f000-7f0c58c91000 r--p 00000000 08:10 51633                      /usr/lib/jvm/java-11-openjdk-amd64/lib/libjimage.so
7f0c58c91000-7f0c58c94000 r-xp 00002000 08:10 51633                      /usr/lib/jvm/java-11-openjdk-amd64/lib/libjimage.so
7f0c58c94000-7f0c58c95000 r--p 00005000 08:10 51633                      /usr/lib/jvm/java-11-openjdk-amd64/lib/libjimage.so
7f0c58c95000-7f0c58c96000 ---p 00006000 08:10 51633                      /usr/lib/jvm/java-11-openjdk-amd64/lib/libjimage.so
7f0c58c96000-7f0c58c97000 r--p 00006000 08:10 51633                      /usr/lib/jvm/java-11-openjdk-amd64/lib/libjimage.so
7f0c58c97000-7f0c58c98000 rw-p 00007000 08:10 51633                      /usr/lib/jvm/java-11-openjdk-amd64/lib/libjimage.so
7f0c58c98000-7f0c58c9b000 r--p 00000000 08:10 51615                      /usr/lib/jvm/java-11-openjdk-amd64/lib/jli/libjli.so
7f0c58c9b000-7f0c58ca5000 r-xp 00003000 08:10 51615                      /usr/lib/jvm/java-11-openjdk-amd64/lib/jli/libjli.so
7f0c58ca5000-7f0c58ca8000 r--p 0000d000 08:10 51615                      /usr/lib/jvm/java-11-openjdk-amd64/lib/jli/libjli.so
7f0c58ca8000-7f0c58ca9000 ---p 00010000 08:10 51615                      /usr/lib/jvm/java-11-openjdk-amd64/lib/jli/libjli.so
7f0c58ca9000-7f0c58caa000 r--p 00010000 08:10 51615                      /usr/lib/jvm/java-11-openjdk-amd64/lib/jli/libjli.so
7f0c58caa000-7f0c58cab000 rw-p 00011000 08:10 51615                      /usr/lib/jvm/java-11-openjdk-amd64/lib/jli/libjli.so
7f0c58cab000-7f0c58cad000 rw-p 00000000 00:00 0 
7f0c58cad000-7f0c58cae000 r--p 00000000 08:10 44378                      /usr/lib/x86_64-linux-gnu/ld-2.31.so
7f0c58cae000-7f0c58cd1000 r-xp 00001000 08:10 44378                      /usr/lib/x86_64-linux-gnu/ld-2.31.so
7f0c58cd1000-7f0c58cd9000 r--p 00024000 08:10 44378                      /usr/lib/x86_64-linux-gnu/ld-2.31.so
7f0c58cd9000-7f0c58cda000 r--p 00000000 08:10 12356                      /usr/lib/locale/C.UTF-8/LC_IDENTIFICATION
7f0c58cda000-7f0c58cdb000 r--p 0002c000 08:10 44378                      /usr/lib/x86_64-linux-gnu/ld-2.31.so
7f0c58cdb000-7f0c58cdc000 rw-p 0002d000 08:10 44378                      /usr/lib/x86_64-linux-gnu/ld-2.31.so
7f0c58cdc000-7f0c58cdd000 rw-p 00000000 00:00 0 
7ffebb39b000-7ffebb3bd000 rw-p 00000000 00:00 0                          [stack]
7ffebb3e7000-7ffebb3eb000 r--p 00000000 00:00 0                          [vvar]
7ffebb3eb000-7ffebb3ec000 r-xp 00000000 00:00 0                          [vdso]


VM Arguments:
jvm_args: -agentlib:jdwp=transport=dt_socket,address=*:12345,suspend=y,server=y -Dfile.encoding=UTF-8 
java_command: Main ./tests/test1.sysy ./tests/test1_ans.txt
java_class_path (initial): /root/CompilerLab/Lab/target/classes:/usr/local/lib/antlr-4.10.1-complete.jar:/root/.m2/repository/org/bytedeco/llvm-platform/13.0.1-1.5.7/llvm-platform-13.0.1-1.5.7.jar:/root/.m2/repository/org/bytedeco/javacpp-platform/1.5.7/javacpp-platform-1.5.7.jar:/root/.m2/repository/org/bytedeco/javacpp/1.5.7/javacpp-1.5.7.jar:/root/.m2/repository/org/bytedeco/javacpp/1.5.7/javacpp-1.5.7-android-arm.jar:/root/.m2/repository/org/bytedeco/javacpp/1.5.7/javacpp-1.5.7-android-arm64.jar:/root/.m2/repository/org/bytedeco/javacpp/1.5.7/javacpp-1.5.7-android-x86.jar:/root/.m2/repository/org/bytedeco/javacpp/1.5.7/javacpp-1.5.7-android-x86_64.jar:/root/.m2/repository/org/bytedeco/javacpp/1.5.7/javacpp-1.5.7-ios-arm64.jar:/root/.m2/repository/org/bytedeco/javacpp/1.5.7/javacpp-1.5.7-ios-x86_64.jar:/root/.m2/repository/org/bytedeco/javacpp/1.5.7/javacpp-1.5.7-linux-armhf.jar:/root/.m2/repository/org/bytedeco/javacpp/1.5.7/javacpp-1.5.7-linux-arm64.jar:/root/.m2/repository/org/bytedeco/javacpp/1.5.7/javacpp-1.5.7-linux-ppc64le.jar:/root/.m2/repository/org/bytedeco/javacpp/1.5.7/javacpp-1.5.7-linux-x86.jar:/root/.m2/repository/org/bytedeco/javacpp/1.5.7/javacpp-1.5.7-linux-x86_64.jar:/root/.m2/repository/org/bytedeco/javacpp/1.5.7/javacpp-1.5.7-macosx-arm64.jar:/root/.m2/repository/org/bytedeco/javacpp/1.5.7/javacpp-1.5.7-macosx-x86_64.jar:/root/.m2/repository/org/bytedeco/javacpp/1.5.7/javacpp-1.5.7-windows-x86.jar:/root/.m2/repository/org/bytedeco/javacpp/1.5.7/javacpp-1.5.7-windows-x86_64.jar:/root/.m2/repository/org/bytedeco/llvm/13.0.1-1.5.7/llvm-13.0.1-1.5.7.jar:/root/.m2/repository/org/bytedeco/llvm/13.0.1-1.5.7/llvm-13.0.1-1.5.7-linux-x86.jar:/root/.m2/repository/org/bytedeco/llvm/13.0.1-1.5.7/llvm-13.0.1-1.5.7-linux-x86_64.jar:/root/.m2/repository/org/bytedeco/llvm/13.0.1-1.5.7/llvm-13.0.1-1.5.7-linux-armhf.jar:/root/.m2/repository/org/bytedeco/llvm/13.0.1-1.5.7/llvm-13.0.1-1.5.7-linux-arm64.jar:/root/.m2/repository/org/bytedeco/llvm/13.0.1-1.5.7/llv
Launcher Type: SUN_STANDARD

[Global flags]
     intx CICompilerCount                          = 4                                         {product} {ergonomic}
     uint ConcGCThreads                            = 2                                         {product} {ergonomic}
     uint G1ConcRefinementThreads                  = 8                                         {product} {ergonomic}
   size_t G1HeapRegionSize                         = 1048576                                   {product} {ergonomic}
    uintx GCDrainStackTargetSize                   = 64                                        {product} {ergonomic}
   size_t InitialHeapSize                          = 207618048                                 {product} {ergonomic}
   size_t MarkStackSize                            = 4194304                                   {product} {ergonomic}
   size_t MaxHeapSize                              = 3305111552                                {product} {ergonomic}
   size_t MaxNewSize                               = 1982857216                                {product} {ergonomic}
   size_t MinHeapDeltaBytes                        = 1048576                                   {product} {ergonomic}
    uintx NonNMethodCodeHeapSize                   = 5836300                                {pd product} {ergonomic}
    uintx NonProfiledCodeHeapSize                  = 122910970                              {pd product} {ergonomic}
    uintx ProfiledCodeHeapSize                     = 122910970                              {pd product} {ergonomic}
    uintx ReservedCodeCacheSize                    = 251658240                              {pd product} {ergonomic}
     bool SegmentedCodeCache                       = true                                      {product} {ergonomic}
     bool UseCompressedClassPointers               = true                                 {lp64_product} {ergonomic}
     bool UseCompressedOops                        = true                                 {lp64_product} {ergonomic}
     bool UseG1GC                                  = true                                      {product} {ergonomic}

Logging:
Log output configuration:
 #0: stdout all=warning uptime,level,tags
 #1: stderr all=off uptime,level,tags

Environment Variables:
PATH=/usr/local/sbin:/usr/local/bin:/usr/sbin:/usr/bin:/sbin:/bin:/usr/games:/usr/local/games:/usr/lib/wsl/lib:/mnt/c/Program Files (x86)/Common Files/Oracle/Java/javapath:/mnt/c/Python310/Scripts/:/mnt/c/Python310/:/mnt/c/Program Files/MySQL/MySQL Server 8.0/bin:/mnt/c/Windows/system32:/mnt/c/Windows:/mnt/c/Windows/System32/Wbem:/mnt/c/Windows/System32/WindowsPowerShell/v1.0/:/mnt/c/Windows/System32/OpenSSH/:/mnt/c/ProgramData/chocolatey/bin:/mnt/c/Program Files/Pandoc/:/mnt/d//Ne:/mnt/d/Applications/mingw-w64/x86_64-8.1.0-release-win32-seh-rt_v6-rev0/bin:/mnt/c/Program Files/Java/jdk-15.0.2/bin:/mnt/c/Program Files/Java/jdk-15.0.2/jre/bin:/mnt/d/Applications/scala/bin:/mnt/d/Applications/scala/jre/bin:/mnt/d/Applications/Prince/engine/bin:/mnt/d/Applications/Maven/apache-maven-3.8.6/bin:/mnt/c/Program Files/Git/cmd:/mnt/d//Tencent/web/dll:/mnt/d/Applications/nodejs/:/mnt/c/Users/20125/AppData/Local/Programs/Python/Python38/Scripts/:/mnt/c/Users/20125/AppData/Local/Programs/Python/Python38/:/mnt/c/Users/20125/AppData/Local/Microsoft/WindowsApps:/mnt/c/Program Files/JetBrains/IntelliJ IDEA 2021.3/bin:/mnt/c/Program Files/JetBrains/PyCharm 2021.3.1/bin:/mnt/d//JetBrains/WebStorm 2021.3.1/bin:/mnt/d//JetBrains/CLion 2021.3.2/bin:/mnt/c/Users/20125/AppData/Local/GitHubDesktop/bin:/mnt/d//JetBrains/DataGrip 2021.3.4/bin:/mnt/d/Applications/Microsoft VS Code/bin:/mnt/c/Users/20125/AppData/Local/JetBrains/Toolbox/scripts:/mnt/c/Program Files/jdk-15.0.2/jre/bin:/mnt/c/Program Files/jdk-15.0.2/bin:/mnt/c/Users/20125/AppData/Roaming/npm
SHELL=/bin/sh
HOSTTYPE=x86_64
LANG=C.UTF-8
TERM=xterm-256color

Signal Handlers:
SIGSEGV: [libjvm.so+0xe97eb0], sa_mask[0]=11111111011111111101111111111110, sa_flags=SA_RESTART|SA_SIGINFO
SIGBUS: [libjvm.so+0xe97eb0], sa_mask[0]=11111111011111111101111111111110, sa_flags=SA_RESTART|SA_SIGINFO
SIGFPE: [libjvm.so+0xe97eb0], sa_mask[0]=11111111011111111101111111111110, sa_flags=SA_RESTART|SA_SIGINFO
SIGPIPE: [libjvm.so+0xbde850], sa_mask[0]=11111111011111111101111111111110, sa_flags=SA_RESTART|SA_SIGINFO
SIGXFSZ: [libjvm.so+0xbde850], sa_mask[0]=11111111011111111101111111111110, sa_flags=SA_RESTART|SA_SIGINFO
SIGILL: [libjvm.so+0xe97eb0], sa_mask[0]=11111111011111111101111111111110, sa_flags=SA_RESTART|SA_SIGINFO
SIGUSR2: [libjvm.so+0xbde6f0], sa_mask[0]=00000000000000000000000000000000, sa_flags=SA_RESTART|SA_SIGINFO
SIGHUP: [libjvm.so+0xbde9e0], sa_mask[0]=11111111011111111101111111111110, sa_flags=SA_RESTART|SA_SIGINFO
SIGINT: [libjvm.so+0xbde9e0], sa_mask[0]=11111111011111111101111111111110, sa_flags=SA_RESTART|SA_SIGINFO
SIGTERM: [libjvm.so+0xbde9e0], sa_mask[0]=11111111011111111101111111111110, sa_flags=SA_RESTART|SA_SIGINFO
SIGQUIT: [libjvm.so+0xbde9e0], sa_mask[0]=11111111011111111101111111111110, sa_flags=SA_RESTART|SA_SIGINFO


---------------  S Y S T E M  ---------------

OS:DISTRIB_ID=Ubuntu
DISTRIB_RELEASE=20.04
DISTRIB_CODENAME=focal
DISTRIB_DESCRIPTION="Ubuntu 20.04.5 LTS"
uname:Linux 5.10.16.3-microsoft-standard-WSL2 #1 SMP Fri Apr 2 22:23:49 UTC 2021 x86_64
OS uptime: 0 days 9:53 hours
libc:glibc 2.31 NPTL 2.31 
rlimit (soft/hard): STACK 8192k/infinity , CORE 0k/infinity , NPROC 50409/50409 , NOFILE 4096/4096 , AS infinity/infinity , CPU infinity/infinity , DATA infinity/infinity , FSIZE infinity/infinity , MEMLOCK 64k/64k
load average:0.08 0.02 0.03

/proc/meminfo:
MemTotal:       12909048 kB
MemFree:        12427720 kB
MemAvailable:   12368348 kB
Buffers:           14540 kB
Cached:           149228 kB
SwapCached:            0 kB
Active:           118936 kB
Inactive:         241808 kB
Active(anon):         96 kB
Inactive(anon):   196964 kB
Active(file):     118840 kB
Inactive(file):    44844 kB
Unevictable:           0 kB
Mlocked:               0 kB
SwapTotal:       4194304 kB
SwapFree:        4194304 kB
Dirty:                92 kB
Writeback:             0 kB
AnonPages:        196992 kB
Mapped:            60556 kB
Shmem:                68 kB
KReclaimable:      19672 kB
Slab:              46428 kB
SReclaimable:      19672 kB
SUnreclaim:        26756 kB
KernelStack:        2816 kB
PageTables:         1716 kB
NFS_Unstable:          0 kB
Bounce:                0 kB
WritebackTmp:          0 kB
CommitLimit:    10648828 kB
Committed_AS:     679212 kB
VmallocTotal:   34359738367 kB
VmallocUsed:       22924 kB
VmallocChunk:          0 kB
Percpu:             2432 kB
AnonHugePages:    126976 kB
ShmemHugePages:        0 kB
ShmemPmdMapped:        0 kB
FileHugePages:         0 kB
FilePmdMapped:         0 kB
HugePages_Total:       0
HugePages_Free:        0
HugePages_Rsvd:        0
HugePages_Surp:        0
Hugepagesize:       2048 kB
Hugetlb:               0 kB
DirectMap4k:       17408 kB
DirectMap2M:     3784704 kB
DirectMap1G:     9437184 kB

/sys/kernel/mm/transparent_hugepage/enabled:
[always] madvise never
/sys/kernel/mm/transparent_hugepage/defrag (defrag/compaction efforts parameter):
always defer defer+madvise [madvise] never

Process Memory:
Virtual Size: 6459712K (peak: 14706636K)
Resident Set Size: 124448K (peak: 124516K) (anon: 69304K, file: 55144K, shmem: 0K)
Swapped out: 0K
C-Heap outstanding allocations: 23634K, retained: 8229K
glibc malloc tunables: (default)

/proc/sys/kernel/threads-max (system-wide limit on the number of threads):
100818
/proc/sys/vm/max_map_count (maximum number of memory map areas a process may have):
65530
/proc/sys/kernel/pid_max (system-wide limit on number of process identifiers):
32768

container (cgroup) information:
container_type: cgroupv1
cpu_cpuset_cpus: 0-7
cpu_memory_nodes: 0
active_processor_count: 8
cpu_quota: no quota
cpu_period: 100000
cpu_shares: no shares
memory_limit_in_bytes: unlimited
memory_and_swap_limit_in_bytes: unlimited
memory_soft_limit_in_bytes: unlimited
memory_usage_in_bytes: 360272 k
memory_max_usage_in_bytes: 938988 k
maximum number of tasks: not supported
current number of tasks: not supported

Hyper-V virtualization detected
Steal ticks since vm start: 0
Steal ticks percentage since vm start:  0.000

CPU:total 8 (initial active 8) (4 cores per cpu, 2 threads per core) family 6 model 140 stepping 1 microcode 0xffffffff, cmov, cx8, fxsr, mmx, sse, sse2, sse3, ssse3, sse4.1, sse4.2, popcnt, avx, avx2, aes, clmul, erms, 3dnowpref, lzcnt, ht, tsc, tscinvbit, bmi1, bmi2, adx, evex, sha, fma
CPU Model and flags from /proc/cpuinfo:
model name	: 11th Gen Intel(R) Core(TM) i7-1165G7 @ 2.80GHz
flags		: fpu vme de pse tsc msr pae mce cx8 apic sep mtrr pge mca cmov pat pse36 clflush mmx fxsr sse sse2 ss ht syscall nx pdpe1gb rdtscp lm constant_tsc rep_good nopl xtopology tsc_reliable nonstop_tsc cpuid pni pclmulqdq ssse3 fma cx16 pcid sse4_1 sse4_2 movbe popcnt aes xsave avx f16c rdrand hypervisor lahf_lm abm 3dnowprefetch invpcid_single ssbd ibrs ibpb stibp ibrs_enhanced fsgsbase bmi1 avx2 smep bmi2 erms invpcid avx512f avx512dq rdseed adx smap avx512ifma clflushopt clwb avx512cd sha_ni avx512bw avx512vl xsaveopt xsavec xgetbv1 xsaves avx512vbmi umip avx512_vbmi2 gfni vaes vpclmulqdq avx512_vnni avx512_bitalg avx512_vpopcntdq rdpid fsrm avx512_vp2intersect flush_l1d arch_capabilities
Online cpus:
0-7
Offline cpus:

BIOS frequency limitation:
<Not Available>
Frequency switch latency (ns):
<Not Available>
Available cpu frequencies:
<Not Available>
Current governor:
<Not Available>
Core performance/turbo boost:
<Not Available>

Memory: 4k page, physical 12909048k(12427720k free), swap 4194304k(4194304k free)

vm_info: OpenJDK 64-Bit Server VM (11.0.17+8-post-Ubuntu-1ubuntu220.04) for linux-amd64 JRE (11.0.17+8-post-Ubuntu-1ubuntu220.04), built on Oct 25 2022 09:30:51 by "unknown" with gcc 9.4.0

END.
