#
# A fatal error has been detected by the Java Runtime Environment:
#
#  SIGSEGV (0xb) at pc=0x00007f2d6216e11b, pid=11025, tid=11026
#
# JRE version: OpenJDK Runtime Environment (11.0.17+8) (build 11.0.17+8-post-Ubuntu-1ubuntu220.04)
# Java VM: OpenJDK 64-Bit Server VM (11.0.17+8-post-Ubuntu-1ubuntu220.04, mixed mode, sharing, tiered, compressed oops, g1 gc, linux-amd64)
# Problematic frame:
# C  [libLLVM-13.so+0xc4211b]  llvm::DataLayout::getPrefTypeAlign(llvm::Type*) const+0x1b
#
# No core dump will be written. Core dumps have been disabled. To enable core dumping, try "ulimit -c unlimited" before starting Java again
#
# If you would like to submit a bug report, please visit:
#   https://bugs.launchpad.net/ubuntu/+source/openjdk-lts
# The crash happened outside the Java Virtual Machine in native code.
# See problematic frame for where to report the bug.
#

---------------  S U M M A R Y ------------

Command Line: -agentlib:jdwp=transport=dt_socket,address=*:12345,suspend=y,server=y -Dfile.encoding=UTF-8 Main ./tests/test1.sysy ./tests/test1_ans.txt

Host: 11th Gen Intel(R) Core(TM) i7-1165G7 @ 2.80GHz, 8 cores, 12G, Ubuntu 20.04.5 LTS
Time: Wed Jan 18 11:58:41 2023 CST elapsed time: 26.969870 seconds (0d 0h 0m 26s)

---------------  T H R E A D  ---------------

Current thread (0x00007f2ddc017800):  JavaThread "main" [_thread_in_native, id=11026, stack(0x00007f2de0ba1000,0x00007f2de0ca2000)]

Stack: [0x00007f2de0ba1000,0x00007f2de0ca2000],  sp=0x00007f2de0ca0190,  free space=1020k
Native frames: (J=compiled Java code, A=aot compiled Java code, j=interpreted, Vv=VM code, C=native code)
C  [libLLVM-13.so+0xc4211b]  llvm::DataLayout::getPrefTypeAlign(llvm::Type*) const+0x1b

Java frames: (J=compiled Java code, j=interpreted, Vv=VM code)
j  org.bytedeco.llvm.global.LLVM.LLVMBuildAlloca(Lorg/bytedeco/llvm/LLVM/LLVMBuilderRef;Lorg/bytedeco/llvm/LLVM/LLVMTypeRef;Ljava/lang/String;)Lorg/bytedeco/llvm/LLVM/LLVMValueRef;+0
j  FunctionAndVarIRVisitor.visitFuncDef(LSysYParser$FuncDefContext;)Lorg/bytedeco/llvm/LLVM/LLVMValueRef;+533
j  FunctionAndVarIRVisitor.visitFuncDef(LSysYParser$FuncDefContext;)Ljava/lang/Object;+2
j  SysYParser$FuncDefContext.accept(Lorg/antlr/v4/runtime/tree/ParseTreeVisitor;)Ljava/lang/Object;+12
j  org.antlr.v4.runtime.tree.AbstractParseTreeVisitor.visitChildren(Lorg/antlr/v4/runtime/tree/RuleNode;)Ljava/lang/Object;+46
j  SysYParserBaseVisitor.visitCompUnit(LSysYParser$CompUnitContext;)Ljava/lang/Object;+2
j  SysYParser$CompUnitContext.accept(Lorg/antlr/v4/runtime/tree/ParseTreeVisitor;)Ljava/lang/Object;+12
j  org.antlr.v4.runtime.tree.AbstractParseTreeVisitor.visitChildren(Lorg/antlr/v4/runtime/tree/RuleNode;)Ljava/lang/Object;+46
j  SysYParserBaseVisitor.visitProgram(LSysYParser$ProgramContext;)Ljava/lang/Object;+2
j  FunctionAndVarIRVisitor.visitProgram(LSysYParser$ProgramContext;)Lorg/bytedeco/llvm/LLVM/LLVMValueRef;+22
j  FunctionAndVarIRVisitor.visitProgram(LSysYParser$ProgramContext;)Ljava/lang/Object;+2
j  SysYParser$ProgramContext.accept(Lorg/antlr/v4/runtime/tree/ParseTreeVisitor;)Ljava/lang/Object;+12
j  org.antlr.v4.runtime.tree.AbstractParseTreeVisitor.visit(Lorg/antlr/v4/runtime/tree/ParseTree;)Ljava/lang/Object;+2
j  Main.funcAndVarIRGenerate([Ljava/lang/String;)V+76
j  Main.main([Ljava/lang/String;)V+1
v  ~StubRoutines::call_stub

siginfo: si_signo: 11 (SIGSEGV), si_code: 1 (SEGV_MAPERR), si_addr: 0x0000000000000010

Register to memory mapping:

RAX=0x00007f2ddc4bba80 points into unknown readable memory: 0x000000000a000100 | 00 01 00 0a 00 00 00 00
RBX=0x00007f2ddc4bba80 points into unknown readable memory: 0x000000000a000100 | 00 01 00 0a 00 00 00 00
RCX=0x00007f2d6582a788: <offset 0x00000000042fe788> in /root/.javacpp/cache/llvm-13.0.1-1.5.7-linux-x86_64.jar/org/bytedeco/llvm/linux-x86_64/libLLVM-13.so at 0x00007f2d6152c000
RDX=0x00007f2d8400dc40 points into unknown readable memory: 0x00007f2d84010063 | 63 00 01 84 2d 7f 00 00
RSP=0x00007f2de0ca0190 is pointing into the stack for thread: 0x00007f2ddc017800
RBP=0x0000000000000008 is an unknown value
RSI=0x0000000000000008 is an unknown value
RDI=0x00007f2ddc4bba80 points into unknown readable memory: 0x000000000a000100 | 00 01 00 0a 00 00 00 00
R8 =0x00000007461300e8 points into unknown readable memory: 0x0000000000000063 | 63 00 00 00 00 00 00 00
R9 =0x00007f2ddc017800 is a thread
R10=0xfffffffffffff55a is an unknown value
R11=0x00007f2d62158610: LLVMBuildAlloca+0x0000000000000000 in /root/.javacpp/cache/llvm-13.0.1-1.5.7-linux-x86_64.jar/org/bytedeco/llvm/linux-x86_64/libLLVM-13.so at 0x00007f2d6152c000
R12=0x00007f2ddc4bba80 points into unknown readable memory: 0x000000000a000100 | 00 01 00 0a 00 00 00 00
R13=0x0000000000000008 is an unknown value
R14=0x00007f2d8400dc40 points into unknown readable memory: 0x00007f2d84010063 | 63 00 01 84 2d 7f 00 00
R15=0x00007f2ddc017800 is a thread


Registers:
RAX=0x00007f2ddc4bba80, RBX=0x00007f2ddc4bba80, RCX=0x00007f2d6582a788, RDX=0x00007f2d8400dc40
RSP=0x00007f2de0ca0190, RBP=0x0000000000000008, RSI=0x0000000000000008, RDI=0x00007f2ddc4bba80
R8 =0x00000007461300e8, R9 =0x00007f2ddc017800, R10=0xfffffffffffff55a, R11=0x00007f2d62158610
R12=0x00007f2ddc4bba80, R13=0x0000000000000008, R14=0x00007f2d8400dc40, R15=0x00007f2ddc017800
RIP=0x00007f2d6216e11b, EFLAGS=0x0000000000010206, CSGSFS=0x002b000000000033, ERR=0x0000000000000004
  TRAPNO=0x000000000000000e

Top of Stack: (sp=0x00007f2de0ca0190)
0x00007f2de0ca0190:   0000000000000000 0000000000000000
0x00007f2de0ca01a0:   0000000000000000 0000000000000000
0x00007f2de0ca01b0:   0000000000000000 0000000000000000
0x00007f2de0ca01c0:   0000000000000000 0000000000000000 

Instructions: (pc=0x00007f2d6216e11b)
0x00007f2d6216e01b:   07 3b 71 08 4c 0f 44 c1 41 8b 40 04 c1 e0 03 e9
0x00007f2d6216e02b:   72 fe ff ff 4c 89 e7 e8 69 d4 ff ff e9 65 fe ff
0x00007f2d6216e03b:   ff 49 8b 84 24 d8 00 00 00 8b 40 04 c1 e0 03 e9
0x00007f2d6216e04b:   52 fe ff ff 8b 46 08 c1 e8 08 e9 47 fe ff ff b8
0x00007f2d6216e05b:   00 20 00 00 e9 3d fe ff ff b8 20 00 00 00 e9 33
0x00007f2d6216e06b:   fe ff ff 66 90 41 8b 01 c1 e8 08 44 39 c0 0f 85
0x00007f2d6216e07b:   59 f8 ff ff 41 0f b6 49 05 b8 01 00 00 00 48 d3
0x00007f2d6216e08b:   e0 e9 8c f9 ff ff 0f 1f 80 00 00 00 00 41 8b 00
0x00007f2d6216e09b:   c1 e8 08 44 39 c8 0f 85 19 f9 ff ff 41 0f b6 48
0x00007f2d6216e0ab:   05 b8 01 00 00 00 48 d3 e0 e9 64 f9 ff ff 0f 1f
0x00007f2d6216e0bb:   80 00 00 00 00 41 b9 50 00 00 00 e9 89 f8 ff ff
0x00007f2d6216e0cb:   0f 1f 44 00 00 48 89 c8 e9 e8 fa ff ff 0f 1f 84
0x00007f2d6216e0db:   00 00 00 00 00 48 89 c8 e9 c8 fc ff ff 48 89 f8
0x00007f2d6216e0eb:   e9 28 fe ff ff 48 89 f8 e9 ed fe ff ff 0f 1f 84
0x00007f2d6216e0fb:   00 00 00 00 00 41 57 48 8d 0d 7f c6 6b 03 41 56
0x00007f2d6216e10b:   41 55 41 54 49 89 fc 55 48 89 f5 53 48 83 ec 58
0x00007f2d6216e11b:   0f b6 56 08 48 89 d0 48 63 14 91 48 01 ca ff e2
0x00007f2d6216e12b:   0f 1f 44 00 00 83 e8 0a 48 8d 15 9e c6 6b 03 0f
0x00007f2d6216e13b:   b6 c0 48 63 04 82 48 01 d0 ff e0 41 b8 00 20 00
0x00007f2d6216e14b:   00 41 8b 54 24 48 4d 8b 4c 24 40 48 c1 e2 03 48
0x00007f2d6216e15b:   89 d0 4d 8d 14 11 48 c1 f8 03 48 85 d2 74 2f 66
0x00007f2d6216e16b:   0f 1f 44 00 00 48 89 c6 48 d1 fe 49 8d 14 f1 8b
0x00007f2d6216e17b:   0a 0f b6 3a c1 e9 08 83 ff 75 76 71 83 ff 76 75
0x00007f2d6216e18b:   05 41 39 c8 77 67 48 89 f0 48 85 c0 7f d7 4d 39
0x00007f2d6216e19b:   ca 74 0a 41 80 39 76 0f 84 98 07 00 00 4c 8b 75
0x00007f2d6216e1ab:   18 ba 01 00 00 00 4c 89 e7 bb 01 00 00 00 4c 89
0x00007f2d6216e1bb:   f6 e8 4f c9 ff ff 89 c1 48 d3 e3 41 0f b6 4e 08
0x00007f2d6216e1cb:   89 db 80 f9 13 0f 87 76 5d ce ff 48 8d 35 23 c6
0x00007f2d6216e1db:   6b 03 0f b6 d1 48 63 04 96 48 01 f0 ff e0 41 b8
0x00007f2d6216e1eb:   40 00 00 00 e9 58 ff ff ff 0f 1f 40 00 48 29 f0
0x00007f2d6216e1fb:   4c 8d 4a 08 48 83 e8 01 48 85 c0 0f 8f 64 ff ff
0x00007f2d6216e20b:   ff eb 8b 66 90 3c 04 0f 84 68 07 00 00 41 b9 80 


Stack slot to memory mapping:
stack at sp + 0 slots: 0x0 is NULL
stack at sp + 1 slots: 0x0 is NULL
stack at sp + 2 slots: 0x0 is NULL
stack at sp + 3 slots: 0x0 is NULL
stack at sp + 4 slots: 0x0 is NULL
stack at sp + 5 slots: 0x0 is NULL
stack at sp + 6 slots: 0x0 is NULL
stack at sp + 7 slots: 0x0 is NULL


---------------  P R O C E S S  ---------------

Threads class SMR info:
_java_thread_list=0x00007f2d7c0022b0, length=13, elements={
0x00007f2ddc017800, 0x00007f2ddc187800, 0x00007f2ddc189800, 0x00007f2ddc192000,
0x00007f2ddc194000, 0x00007f2ddc196000, 0x00007f2ddc198000, 0x00007f2ddc19a000,
0x00007f2ddc1fb800, 0x00007f2ddc201800, 0x00007f2ddc3d1800, 0x00007f2d90001000,
0x00007f2d84001800
}

Java Threads: ( => current thread )
=>0x00007f2ddc017800 JavaThread "main" [_thread_in_native, id=11026, stack(0x00007f2de0ba1000,0x00007f2de0ca2000)]
  0x00007f2ddc187800 JavaThread "Reference Handler" daemon [_thread_blocked, id=11033, stack(0x00007f2db82d9000,0x00007f2db83da000)]
  0x00007f2ddc189800 JavaThread "Finalizer" daemon [_thread_blocked, id=11034, stack(0x00007f2db81d8000,0x00007f2db82d9000)]
  0x00007f2ddc192000 JavaThread "Signal Dispatcher" daemon [_thread_blocked, id=11035, stack(0x00007f2db1419000,0x00007f2db151a000)]
  0x00007f2ddc194000 JavaThread "Service Thread" daemon [_thread_blocked, id=11036, stack(0x00007f2db1318000,0x00007f2db1419000)]
  0x00007f2ddc196000 JavaThread "C2 CompilerThread0" daemon [_thread_blocked, id=11037, stack(0x00007f2db1217000,0x00007f2db1318000)]
  0x00007f2ddc198000 JavaThread "C1 CompilerThread0" daemon [_thread_blocked, id=11038, stack(0x00007f2db1116000,0x00007f2db1217000)]
  0x00007f2ddc19a000 JavaThread "Sweeper thread" daemon [_thread_blocked, id=11039, stack(0x00007f2db1015000,0x00007f2db1116000)]
  0x00007f2ddc1fb800 JavaThread "JDWP Event Helper Thread" daemon [_thread_blocked, id=11042, stack(0x00007f2db0e13000,0x00007f2db0f14000)]
  0x00007f2ddc201800 JavaThread "Common-Cleaner" daemon [_thread_blocked, id=11046, stack(0x00007f2db0b0f000,0x00007f2db0c10000)]
  0x00007f2ddc3d1800 JavaThread "JavaCPP Deallocator" daemon [_thread_blocked, id=11054, stack(0x00007f2db09c5000,0x00007f2db0ac6000)]
  0x00007f2d90001000 JavaThread "SIGHUP handler" daemon [_thread_blocked, id=11074, stack(0x00007f2db0d12000,0x00007f2db0e13000)]
  0x00007f2d84001800 JavaThread "JDWP Transport Listener: dt_socket" daemon [_thread_in_native, id=11075, stack(0x00007f2db08b1000,0x00007f2db09b2000)]

Other Threads:
  0x00007f2ddc184800 VMThread "VM Thread" [stack: 0x00007f2db83dc000,0x00007f2db84dc000] [id=11032]
  0x00007f2ddc1fe000 WatcherThread [stack: 0x00007f2db0c12000,0x00007f2db0d12000] [id=11045]
  0x00007f2ddc02f800 GCTaskThread "GC Thread#0" [stack: 0x00007f2de080d000,0x00007f2de090d000] [id=11027]
  0x00007f2ddc07b800 ConcurrentGCThread "G1 Main Marker" [stack: 0x00007f2dc4009000,0x00007f2dc4109000] [id=11028]
  0x00007f2ddc07d800 ConcurrentGCThread "G1 Conc#0" [stack: 0x00007f2db9030000,0x00007f2db9130000] [id=11029]
  0x00007f2ddc14a800 ConcurrentGCThread "G1 Refine#0" [stack: 0x00007f2db8726000,0x00007f2db8826000] [id=11030]
  0x00007f2ddc14c800 ConcurrentGCThread "G1 Young RemSet Sampling" [stack: 0x00007f2db8624000,0x00007f2db8724000] [id=11031]

Threads with active compile tasks:

VM state:not at safepoint (normal execution)

VM Mutex/Monitor currently owned by a thread: None

Heap address: 0x000000073b000000, size: 3152 MB, Compressed Oops mode: Zero based, Oop shift amount: 3
Narrow klass base: 0x0000000800000000, Narrow klass shift: 3
Compressed class space size: 1073741824 Address: 0x0000000840000000

Heap:
 garbage-first heap   total 204800K, used 20172K [0x000000073b000000, 0x0000000800000000)
  region size 1024K, 21 young (21504K), 0 survivors (0K)
 Metaspace       used 3577K, capacity 6640K, committed 6912K, reserved 1056768K
  class space    used 405K, capacity 700K, committed 768K, reserved 1048576K
Heap Regions: E=young(eden), S=young(survivor), O=old, HS=humongous(starts), HC=humongous(continues), CS=collection set, F=free, A=archive, TAMS=top-at-mark-start (previous, next)
|   0|0x000000073b000000, 0x000000073b000000, 0x000000073b100000|  0%| F|  |TAMS 0x000000073b000000, 0x000000073b000000| Untracked 
|   1|0x000000073b100000, 0x000000073b100000, 0x000000073b200000|  0%| F|  |TAMS 0x000000073b100000, 0x000000073b100000| Untracked 
|   2|0x000000073b200000, 0x000000073b200000, 0x000000073b300000|  0%| F|  |TAMS 0x000000073b200000, 0x000000073b200000| Untracked 
|   3|0x000000073b300000, 0x000000073b300000, 0x000000073b400000|  0%| F|  |TAMS 0x000000073b300000, 0x000000073b300000| Untracked 
|   4|0x000000073b400000, 0x000000073b400000, 0x000000073b500000|  0%| F|  |TAMS 0x000000073b400000, 0x000000073b400000| Untracked 
|   5|0x000000073b500000, 0x000000073b500000, 0x000000073b600000|  0%| F|  |TAMS 0x000000073b500000, 0x000000073b500000| Untracked 
|   6|0x000000073b600000, 0x000000073b600000, 0x000000073b700000|  0%| F|  |TAMS 0x000000073b600000, 0x000000073b600000| Untracked 
|   7|0x000000073b700000, 0x000000073b700000, 0x000000073b800000|  0%| F|  |TAMS 0x000000073b700000, 0x000000073b700000| Untracked 
|   8|0x000000073b800000, 0x000000073b800000, 0x000000073b900000|  0%| F|  |TAMS 0x000000073b800000, 0x000000073b800000| Untracked 
|   9|0x000000073b900000, 0x000000073b900000, 0x000000073ba00000|  0%| F|  |TAMS 0x000000073b900000, 0x000000073b900000| Untracked 
|  10|0x000000073ba00000, 0x000000073ba00000, 0x000000073bb00000|  0%| F|  |TAMS 0x000000073ba00000, 0x000000073ba00000| Untracked 
|  11|0x000000073bb00000, 0x000000073bb00000, 0x000000073bc00000|  0%| F|  |TAMS 0x000000073bb00000, 0x000000073bb00000| Untracked 
|  12|0x000000073bc00000, 0x000000073bc00000, 0x000000073bd00000|  0%| F|  |TAMS 0x000000073bc00000, 0x000000073bc00000| Untracked 
|  13|0x000000073bd00000, 0x000000073bd00000, 0x000000073be00000|  0%| F|  |TAMS 0x000000073bd00000, 0x000000073bd00000| Untracked 
|  14|0x000000073be00000, 0x000000073be00000, 0x000000073bf00000|  0%| F|  |TAMS 0x000000073be00000, 0x000000073be00000| Untracked 
|  15|0x000000073bf00000, 0x000000073bf00000, 0x000000073c000000|  0%| F|  |TAMS 0x000000073bf00000, 0x000000073bf00000| Untracked 
|  16|0x000000073c000000, 0x000000073c000000, 0x000000073c100000|  0%| F|  |TAMS 0x000000073c000000, 0x000000073c000000| Untracked 
|  17|0x000000073c100000, 0x000000073c100000, 0x000000073c200000|  0%| F|  |TAMS 0x000000073c100000, 0x000000073c100000| Untracked 
|  18|0x000000073c200000, 0x000000073c200000, 0x000000073c300000|  0%| F|  |TAMS 0x000000073c200000, 0x000000073c200000| Untracked 
|  19|0x000000073c300000, 0x000000073c300000, 0x000000073c400000|  0%| F|  |TAMS 0x000000073c300000, 0x000000073c300000| Untracked 
|  20|0x000000073c400000, 0x000000073c400000, 0x000000073c500000|  0%| F|  |TAMS 0x000000073c400000, 0x000000073c400000| Untracked 
|  21|0x000000073c500000, 0x000000073c500000, 0x000000073c600000|  0%| F|  |TAMS 0x000000073c500000, 0x000000073c500000| Untracked 
|  22|0x000000073c600000, 0x000000073c600000, 0x000000073c700000|  0%| F|  |TAMS 0x000000073c600000, 0x000000073c600000| Untracked 
|  23|0x000000073c700000, 0x000000073c700000, 0x000000073c800000|  0%| F|  |TAMS 0x000000073c700000, 0x000000073c700000| Untracked 
|  24|0x000000073c800000, 0x000000073c800000, 0x000000073c900000|  0%| F|  |TAMS 0x000000073c800000, 0x000000073c800000| Untracked 
|  25|0x000000073c900000, 0x000000073c900000, 0x000000073ca00000|  0%| F|  |TAMS 0x000000073c900000, 0x000000073c900000| Untracked 
|  26|0x000000073ca00000, 0x000000073ca00000, 0x000000073cb00000|  0%| F|  |TAMS 0x000000073ca00000, 0x000000073ca00000| Untracked 
|  27|0x000000073cb00000, 0x000000073cb00000, 0x000000073cc00000|  0%| F|  |TAMS 0x000000073cb00000, 0x000000073cb00000| Untracked 
|  28|0x000000073cc00000, 0x000000073cc00000, 0x000000073cd00000|  0%| F|  |TAMS 0x000000073cc00000, 0x000000073cc00000| Untracked 
|  29|0x000000073cd00000, 0x000000073cd00000, 0x000000073ce00000|  0%| F|  |TAMS 0x000000073cd00000, 0x000000073cd00000| Untracked 
|  30|0x000000073ce00000, 0x000000073ce00000, 0x000000073cf00000|  0%| F|  |TAMS 0x000000073ce00000, 0x000000073ce00000| Untracked 
|  31|0x000000073cf00000, 0x000000073cf00000, 0x000000073d000000|  0%| F|  |TAMS 0x000000073cf00000, 0x000000073cf00000| Untracked 
|  32|0x000000073d000000, 0x000000073d000000, 0x000000073d100000|  0%| F|  |TAMS 0x000000073d000000, 0x000000073d000000| Untracked 
|  33|0x000000073d100000, 0x000000073d100000, 0x000000073d200000|  0%| F|  |TAMS 0x000000073d100000, 0x000000073d100000| Untracked 
|  34|0x000000073d200000, 0x000000073d200000, 0x000000073d300000|  0%| F|  |TAMS 0x000000073d200000, 0x000000073d200000| Untracked 
|  35|0x000000073d300000, 0x000000073d300000, 0x000000073d400000|  0%| F|  |TAMS 0x000000073d300000, 0x000000073d300000| Untracked 
|  36|0x000000073d400000, 0x000000073d400000, 0x000000073d500000|  0%| F|  |TAMS 0x000000073d400000, 0x000000073d400000| Untracked 
|  37|0x000000073d500000, 0x000000073d500000, 0x000000073d600000|  0%| F|  |TAMS 0x000000073d500000, 0x000000073d500000| Untracked 
|  38|0x000000073d600000, 0x000000073d600000, 0x000000073d700000|  0%| F|  |TAMS 0x000000073d600000, 0x000000073d600000| Untracked 
|  39|0x000000073d700000, 0x000000073d700000, 0x000000073d800000|  0%| F|  |TAMS 0x000000073d700000, 0x000000073d700000| Untracked 
|  40|0x000000073d800000, 0x000000073d800000, 0x000000073d900000|  0%| F|  |TAMS 0x000000073d800000, 0x000000073d800000| Untracked 
|  41|0x000000073d900000, 0x000000073d900000, 0x000000073da00000|  0%| F|  |TAMS 0x000000073d900000, 0x000000073d900000| Untracked 
|  42|0x000000073da00000, 0x000000073da00000, 0x000000073db00000|  0%| F|  |TAMS 0x000000073da00000, 0x000000073da00000| Untracked 
|  43|0x000000073db00000, 0x000000073db00000, 0x000000073dc00000|  0%| F|  |TAMS 0x000000073db00000, 0x000000073db00000| Untracked 
|  44|0x000000073dc00000, 0x000000073dc00000, 0x000000073dd00000|  0%| F|  |TAMS 0x000000073dc00000, 0x000000073dc00000| Untracked 
|  45|0x000000073dd00000, 0x000000073dd00000, 0x000000073de00000|  0%| F|  |TAMS 0x000000073dd00000, 0x000000073dd00000| Untracked 
|  46|0x000000073de00000, 0x000000073de00000, 0x000000073df00000|  0%| F|  |TAMS 0x000000073de00000, 0x000000073de00000| Untracked 
|  47|0x000000073df00000, 0x000000073df00000, 0x000000073e000000|  0%| F|  |TAMS 0x000000073df00000, 0x000000073df00000| Untracked 
|  48|0x000000073e000000, 0x000000073e000000, 0x000000073e100000|  0%| F|  |TAMS 0x000000073e000000, 0x000000073e000000| Untracked 
|  49|0x000000073e100000, 0x000000073e100000, 0x000000073e200000|  0%| F|  |TAMS 0x000000073e100000, 0x000000073e100000| Untracked 
|  50|0x000000073e200000, 0x000000073e200000, 0x000000073e300000|  0%| F|  |TAMS 0x000000073e200000, 0x000000073e200000| Untracked 
|  51|0x000000073e300000, 0x000000073e300000, 0x000000073e400000|  0%| F|  |TAMS 0x000000073e300000, 0x000000073e300000| Untracked 
|  52|0x000000073e400000, 0x000000073e400000, 0x000000073e500000|  0%| F|  |TAMS 0x000000073e400000, 0x000000073e400000| Untracked 
|  53|0x000000073e500000, 0x000000073e500000, 0x000000073e600000|  0%| F|  |TAMS 0x000000073e500000, 0x000000073e500000| Untracked 
|  54|0x000000073e600000, 0x000000073e600000, 0x000000073e700000|  0%| F|  |TAMS 0x000000073e600000, 0x000000073e600000| Untracked 
|  55|0x000000073e700000, 0x000000073e700000, 0x000000073e800000|  0%| F|  |TAMS 0x000000073e700000, 0x000000073e700000| Untracked 
|  56|0x000000073e800000, 0x000000073e800000, 0x000000073e900000|  0%| F|  |TAMS 0x000000073e800000, 0x000000073e800000| Untracked 
|  57|0x000000073e900000, 0x000000073e900000, 0x000000073ea00000|  0%| F|  |TAMS 0x000000073e900000, 0x000000073e900000| Untracked 
|  58|0x000000073ea00000, 0x000000073ea00000, 0x000000073eb00000|  0%| F|  |TAMS 0x000000073ea00000, 0x000000073ea00000| Untracked 
|  59|0x000000073eb00000, 0x000000073eb00000, 0x000000073ec00000|  0%| F|  |TAMS 0x000000073eb00000, 0x000000073eb00000| Untracked 
|  60|0x000000073ec00000, 0x000000073ec00000, 0x000000073ed00000|  0%| F|  |TAMS 0x000000073ec00000, 0x000000073ec00000| Untracked 
|  61|0x000000073ed00000, 0x000000073ed00000, 0x000000073ee00000|  0%| F|  |TAMS 0x000000073ed00000, 0x000000073ed00000| Untracked 
|  62|0x000000073ee00000, 0x000000073ee00000, 0x000000073ef00000|  0%| F|  |TAMS 0x000000073ee00000, 0x000000073ee00000| Untracked 
|  63|0x000000073ef00000, 0x000000073ef00000, 0x000000073f000000|  0%| F|  |TAMS 0x000000073ef00000, 0x000000073ef00000| Untracked 
|  64|0x000000073f000000, 0x000000073f000000, 0x000000073f100000|  0%| F|  |TAMS 0x000000073f000000, 0x000000073f000000| Untracked 
|  65|0x000000073f100000, 0x000000073f100000, 0x000000073f200000|  0%| F|  |TAMS 0x000000073f100000, 0x000000073f100000| Untracked 
|  66|0x000000073f200000, 0x000000073f200000, 0x000000073f300000|  0%| F|  |TAMS 0x000000073f200000, 0x000000073f200000| Untracked 
|  67|0x000000073f300000, 0x000000073f300000, 0x000000073f400000|  0%| F|  |TAMS 0x000000073f300000, 0x000000073f300000| Untracked 
|  68|0x000000073f400000, 0x000000073f400000, 0x000000073f500000|  0%| F|  |TAMS 0x000000073f400000, 0x000000073f400000| Untracked 
|  69|0x000000073f500000, 0x000000073f500000, 0x000000073f600000|  0%| F|  |TAMS 0x000000073f500000, 0x000000073f500000| Untracked 
|  70|0x000000073f600000, 0x000000073f600000, 0x000000073f700000|  0%| F|  |TAMS 0x000000073f600000, 0x000000073f600000| Untracked 
|  71|0x000000073f700000, 0x000000073f700000, 0x000000073f800000|  0%| F|  |TAMS 0x000000073f700000, 0x000000073f700000| Untracked 
|  72|0x000000073f800000, 0x000000073f800000, 0x000000073f900000|  0%| F|  |TAMS 0x000000073f800000, 0x000000073f800000| Untracked 
|  73|0x000000073f900000, 0x000000073f900000, 0x000000073fa00000|  0%| F|  |TAMS 0x000000073f900000, 0x000000073f900000| Untracked 
|  74|0x000000073fa00000, 0x000000073fa00000, 0x000000073fb00000|  0%| F|  |TAMS 0x000000073fa00000, 0x000000073fa00000| Untracked 
|  75|0x000000073fb00000, 0x000000073fb00000, 0x000000073fc00000|  0%| F|  |TAMS 0x000000073fb00000, 0x000000073fb00000| Untracked 
|  76|0x000000073fc00000, 0x000000073fc00000, 0x000000073fd00000|  0%| F|  |TAMS 0x000000073fc00000, 0x000000073fc00000| Untracked 
|  77|0x000000073fd00000, 0x000000073fd00000, 0x000000073fe00000|  0%| F|  |TAMS 0x000000073fd00000, 0x000000073fd00000| Untracked 
|  78|0x000000073fe00000, 0x000000073fe00000, 0x000000073ff00000|  0%| F|  |TAMS 0x000000073fe00000, 0x000000073fe00000| Untracked 
|  79|0x000000073ff00000, 0x000000073ff00000, 0x0000000740000000|  0%| F|  |TAMS 0x000000073ff00000, 0x000000073ff00000| Untracked 
|  80|0x0000000740000000, 0x0000000740000000, 0x0000000740100000|  0%| F|  |TAMS 0x0000000740000000, 0x0000000740000000| Untracked 
|  81|0x0000000740100000, 0x0000000740100000, 0x0000000740200000|  0%| F|  |TAMS 0x0000000740100000, 0x0000000740100000| Untracked 
|  82|0x0000000740200000, 0x0000000740200000, 0x0000000740300000|  0%| F|  |TAMS 0x0000000740200000, 0x0000000740200000| Untracked 
|  83|0x0000000740300000, 0x0000000740300000, 0x0000000740400000|  0%| F|  |TAMS 0x0000000740300000, 0x0000000740300000| Untracked 
|  84|0x0000000740400000, 0x0000000740400000, 0x0000000740500000|  0%| F|  |TAMS 0x0000000740400000, 0x0000000740400000| Untracked 
|  85|0x0000000740500000, 0x0000000740500000, 0x0000000740600000|  0%| F|  |TAMS 0x0000000740500000, 0x0000000740500000| Untracked 
|  86|0x0000000740600000, 0x0000000740600000, 0x0000000740700000|  0%| F|  |TAMS 0x0000000740600000, 0x0000000740600000| Untracked 
|  87|0x0000000740700000, 0x0000000740700000, 0x0000000740800000|  0%| F|  |TAMS 0x0000000740700000, 0x0000000740700000| Untracked 
|  88|0x0000000740800000, 0x0000000740800000, 0x0000000740900000|  0%| F|  |TAMS 0x0000000740800000, 0x0000000740800000| Untracked 
|  89|0x0000000740900000, 0x0000000740900000, 0x0000000740a00000|  0%| F|  |TAMS 0x0000000740900000, 0x0000000740900000| Untracked 
|  90|0x0000000740a00000, 0x0000000740a00000, 0x0000000740b00000|  0%| F|  |TAMS 0x0000000740a00000, 0x0000000740a00000| Untracked 
|  91|0x0000000740b00000, 0x0000000740b00000, 0x0000000740c00000|  0%| F|  |TAMS 0x0000000740b00000, 0x0000000740b00000| Untracked 
|  92|0x0000000740c00000, 0x0000000740c00000, 0x0000000740d00000|  0%| F|  |TAMS 0x0000000740c00000, 0x0000000740c00000| Untracked 
|  93|0x0000000740d00000, 0x0000000740d00000, 0x0000000740e00000|  0%| F|  |TAMS 0x0000000740d00000, 0x0000000740d00000| Untracked 
|  94|0x0000000740e00000, 0x0000000740e00000, 0x0000000740f00000|  0%| F|  |TAMS 0x0000000740e00000, 0x0000000740e00000| Untracked 
|  95|0x0000000740f00000, 0x0000000740f00000, 0x0000000741000000|  0%| F|  |TAMS 0x0000000740f00000, 0x0000000740f00000| Untracked 
|  96|0x0000000741000000, 0x0000000741000000, 0x0000000741100000|  0%| F|  |TAMS 0x0000000741000000, 0x0000000741000000| Untracked 
|  97|0x0000000741100000, 0x0000000741100000, 0x0000000741200000|  0%| F|  |TAMS 0x0000000741100000, 0x0000000741100000| Untracked 
|  98|0x0000000741200000, 0x0000000741200000, 0x0000000741300000|  0%| F|  |TAMS 0x0000000741200000, 0x0000000741200000| Untracked 
|  99|0x0000000741300000, 0x0000000741300000, 0x0000000741400000|  0%| F|  |TAMS 0x0000000741300000, 0x0000000741300000| Untracked 
| 100|0x0000000741400000, 0x0000000741400000, 0x0000000741500000|  0%| F|  |TAMS 0x0000000741400000, 0x0000000741400000| Untracked 
| 101|0x0000000741500000, 0x0000000741500000, 0x0000000741600000|  0%| F|  |TAMS 0x0000000741500000, 0x0000000741500000| Untracked 
| 102|0x0000000741600000, 0x0000000741600000, 0x0000000741700000|  0%| F|  |TAMS 0x0000000741600000, 0x0000000741600000| Untracked 
| 103|0x0000000741700000, 0x0000000741700000, 0x0000000741800000|  0%| F|  |TAMS 0x0000000741700000, 0x0000000741700000| Untracked 
| 104|0x0000000741800000, 0x0000000741800000, 0x0000000741900000|  0%| F|  |TAMS 0x0000000741800000, 0x0000000741800000| Untracked 
| 105|0x0000000741900000, 0x0000000741900000, 0x0000000741a00000|  0%| F|  |TAMS 0x0000000741900000, 0x0000000741900000| Untracked 
| 106|0x0000000741a00000, 0x0000000741a00000, 0x0000000741b00000|  0%| F|  |TAMS 0x0000000741a00000, 0x0000000741a00000| Untracked 
| 107|0x0000000741b00000, 0x0000000741b00000, 0x0000000741c00000|  0%| F|  |TAMS 0x0000000741b00000, 0x0000000741b00000| Untracked 
| 108|0x0000000741c00000, 0x0000000741c00000, 0x0000000741d00000|  0%| F|  |TAMS 0x0000000741c00000, 0x0000000741c00000| Untracked 
| 109|0x0000000741d00000, 0x0000000741d00000, 0x0000000741e00000|  0%| F|  |TAMS 0x0000000741d00000, 0x0000000741d00000| Untracked 
| 110|0x0000000741e00000, 0x0000000741e00000, 0x0000000741f00000|  0%| F|  |TAMS 0x0000000741e00000, 0x0000000741e00000| Untracked 
| 111|0x0000000741f00000, 0x0000000741f00000, 0x0000000742000000|  0%| F|  |TAMS 0x0000000741f00000, 0x0000000741f00000| Untracked 
| 112|0x0000000742000000, 0x0000000742000000, 0x0000000742100000|  0%| F|  |TAMS 0x0000000742000000, 0x0000000742000000| Untracked 
| 113|0x0000000742100000, 0x0000000742100000, 0x0000000742200000|  0%| F|  |TAMS 0x0000000742100000, 0x0000000742100000| Untracked 
| 114|0x0000000742200000, 0x0000000742200000, 0x0000000742300000|  0%| F|  |TAMS 0x0000000742200000, 0x0000000742200000| Untracked 
| 115|0x0000000742300000, 0x0000000742300000, 0x0000000742400000|  0%| F|  |TAMS 0x0000000742300000, 0x0000000742300000| Untracked 
| 116|0x0000000742400000, 0x0000000742400000, 0x0000000742500000|  0%| F|  |TAMS 0x0000000742400000, 0x0000000742400000| Untracked 
| 117|0x0000000742500000, 0x0000000742500000, 0x0000000742600000|  0%| F|  |TAMS 0x0000000742500000, 0x0000000742500000| Untracked 
| 118|0x0000000742600000, 0x0000000742600000, 0x0000000742700000|  0%| F|  |TAMS 0x0000000742600000, 0x0000000742600000| Untracked 
| 119|0x0000000742700000, 0x0000000742700000, 0x0000000742800000|  0%| F|  |TAMS 0x0000000742700000, 0x0000000742700000| Untracked 
| 120|0x0000000742800000, 0x0000000742800000, 0x0000000742900000|  0%| F|  |TAMS 0x0000000742800000, 0x0000000742800000| Untracked 
| 121|0x0000000742900000, 0x0000000742900000, 0x0000000742a00000|  0%| F|  |TAMS 0x0000000742900000, 0x0000000742900000| Untracked 
| 122|0x0000000742a00000, 0x0000000742a00000, 0x0000000742b00000|  0%| F|  |TAMS 0x0000000742a00000, 0x0000000742a00000| Untracked 
| 123|0x0000000742b00000, 0x0000000742b00000, 0x0000000742c00000|  0%| F|  |TAMS 0x0000000742b00000, 0x0000000742b00000| Untracked 
| 124|0x0000000742c00000, 0x0000000742c00000, 0x0000000742d00000|  0%| F|  |TAMS 0x0000000742c00000, 0x0000000742c00000| Untracked 
| 125|0x0000000742d00000, 0x0000000742d00000, 0x0000000742e00000|  0%| F|  |TAMS 0x0000000742d00000, 0x0000000742d00000| Untracked 
| 126|0x0000000742e00000, 0x0000000742e00000, 0x0000000742f00000|  0%| F|  |TAMS 0x0000000742e00000, 0x0000000742e00000| Untracked 
| 127|0x0000000742f00000, 0x0000000742f00000, 0x0000000743000000|  0%| F|  |TAMS 0x0000000742f00000, 0x0000000742f00000| Untracked 
| 128|0x0000000743000000, 0x0000000743000000, 0x0000000743100000|  0%| F|  |TAMS 0x0000000743000000, 0x0000000743000000| Untracked 
| 129|0x0000000743100000, 0x0000000743100000, 0x0000000743200000|  0%| F|  |TAMS 0x0000000743100000, 0x0000000743100000| Untracked 
| 130|0x0000000743200000, 0x0000000743200000, 0x0000000743300000|  0%| F|  |TAMS 0x0000000743200000, 0x0000000743200000| Untracked 
| 131|0x0000000743300000, 0x0000000743300000, 0x0000000743400000|  0%| F|  |TAMS 0x0000000743300000, 0x0000000743300000| Untracked 
| 132|0x0000000743400000, 0x0000000743400000, 0x0000000743500000|  0%| F|  |TAMS 0x0000000743400000, 0x0000000743400000| Untracked 
| 133|0x0000000743500000, 0x0000000743500000, 0x0000000743600000|  0%| F|  |TAMS 0x0000000743500000, 0x0000000743500000| Untracked 
| 134|0x0000000743600000, 0x0000000743600000, 0x0000000743700000|  0%| F|  |TAMS 0x0000000743600000, 0x0000000743600000| Untracked 
| 135|0x0000000743700000, 0x0000000743700000, 0x0000000743800000|  0%| F|  |TAMS 0x0000000743700000, 0x0000000743700000| Untracked 
| 136|0x0000000743800000, 0x0000000743800000, 0x0000000743900000|  0%| F|  |TAMS 0x0000000743800000, 0x0000000743800000| Untracked 
| 137|0x0000000743900000, 0x0000000743900000, 0x0000000743a00000|  0%| F|  |TAMS 0x0000000743900000, 0x0000000743900000| Untracked 
| 138|0x0000000743a00000, 0x0000000743a00000, 0x0000000743b00000|  0%| F|  |TAMS 0x0000000743a00000, 0x0000000743a00000| Untracked 
| 139|0x0000000743b00000, 0x0000000743b00000, 0x0000000743c00000|  0%| F|  |TAMS 0x0000000743b00000, 0x0000000743b00000| Untracked 
| 140|0x0000000743c00000, 0x0000000743c00000, 0x0000000743d00000|  0%| F|  |TAMS 0x0000000743c00000, 0x0000000743c00000| Untracked 
| 141|0x0000000743d00000, 0x0000000743d00000, 0x0000000743e00000|  0%| F|  |TAMS 0x0000000743d00000, 0x0000000743d00000| Untracked 
| 142|0x0000000743e00000, 0x0000000743e00000, 0x0000000743f00000|  0%| F|  |TAMS 0x0000000743e00000, 0x0000000743e00000| Untracked 
| 143|0x0000000743f00000, 0x0000000743f00000, 0x0000000744000000|  0%| F|  |TAMS 0x0000000743f00000, 0x0000000743f00000| Untracked 
| 144|0x0000000744000000, 0x0000000744000000, 0x0000000744100000|  0%| F|  |TAMS 0x0000000744000000, 0x0000000744000000| Untracked 
| 145|0x0000000744100000, 0x0000000744100000, 0x0000000744200000|  0%| F|  |TAMS 0x0000000744100000, 0x0000000744100000| Untracked 
| 146|0x0000000744200000, 0x0000000744200000, 0x0000000744300000|  0%| F|  |TAMS 0x0000000744200000, 0x0000000744200000| Untracked 
| 147|0x0000000744300000, 0x0000000744300000, 0x0000000744400000|  0%| F|  |TAMS 0x0000000744300000, 0x0000000744300000| Untracked 
| 148|0x0000000744400000, 0x0000000744400000, 0x0000000744500000|  0%| F|  |TAMS 0x0000000744400000, 0x0000000744400000| Untracked 
| 149|0x0000000744500000, 0x0000000744500000, 0x0000000744600000|  0%| F|  |TAMS 0x0000000744500000, 0x0000000744500000| Untracked 
| 150|0x0000000744600000, 0x0000000744600000, 0x0000000744700000|  0%| F|  |TAMS 0x0000000744600000, 0x0000000744600000| Untracked 
| 151|0x0000000744700000, 0x0000000744700000, 0x0000000744800000|  0%| F|  |TAMS 0x0000000744700000, 0x0000000744700000| Untracked 
| 152|0x0000000744800000, 0x0000000744800000, 0x0000000744900000|  0%| F|  |TAMS 0x0000000744800000, 0x0000000744800000| Untracked 
| 153|0x0000000744900000, 0x0000000744900000, 0x0000000744a00000|  0%| F|  |TAMS 0x0000000744900000, 0x0000000744900000| Untracked 
| 154|0x0000000744a00000, 0x0000000744a00000, 0x0000000744b00000|  0%| F|  |TAMS 0x0000000744a00000, 0x0000000744a00000| Untracked 
| 155|0x0000000744b00000, 0x0000000744b00000, 0x0000000744c00000|  0%| F|  |TAMS 0x0000000744b00000, 0x0000000744b00000| Untracked 
| 156|0x0000000744c00000, 0x0000000744c00000, 0x0000000744d00000|  0%| F|  |TAMS 0x0000000744c00000, 0x0000000744c00000| Untracked 
| 157|0x0000000744d00000, 0x0000000744d00000, 0x0000000744e00000|  0%| F|  |TAMS 0x0000000744d00000, 0x0000000744d00000| Untracked 
| 158|0x0000000744e00000, 0x0000000744e00000, 0x0000000744f00000|  0%| F|  |TAMS 0x0000000744e00000, 0x0000000744e00000| Untracked 
| 159|0x0000000744f00000, 0x0000000744f00000, 0x0000000745000000|  0%| F|  |TAMS 0x0000000744f00000, 0x0000000744f00000| Untracked 
| 160|0x0000000745000000, 0x0000000745000000, 0x0000000745100000|  0%| F|  |TAMS 0x0000000745000000, 0x0000000745000000| Untracked 
| 161|0x0000000745100000, 0x0000000745100000, 0x0000000745200000|  0%| F|  |TAMS 0x0000000745100000, 0x0000000745100000| Untracked 
| 162|0x0000000745200000, 0x0000000745200000, 0x0000000745300000|  0%| F|  |TAMS 0x0000000745200000, 0x0000000745200000| Untracked 
| 163|0x0000000745300000, 0x0000000745300000, 0x0000000745400000|  0%| F|  |TAMS 0x0000000745300000, 0x0000000745300000| Untracked 
| 164|0x0000000745400000, 0x0000000745400000, 0x0000000745500000|  0%| F|  |TAMS 0x0000000745400000, 0x0000000745400000| Untracked 
| 165|0x0000000745500000, 0x0000000745500000, 0x0000000745600000|  0%| F|  |TAMS 0x0000000745500000, 0x0000000745500000| Untracked 
| 166|0x0000000745600000, 0x0000000745600000, 0x0000000745700000|  0%| F|  |TAMS 0x0000000745600000, 0x0000000745600000| Untracked 
| 167|0x0000000745700000, 0x0000000745700000, 0x0000000745800000|  0%| F|  |TAMS 0x0000000745700000, 0x0000000745700000| Untracked 
| 168|0x0000000745800000, 0x0000000745800000, 0x0000000745900000|  0%| F|  |TAMS 0x0000000745800000, 0x0000000745800000| Untracked 
| 169|0x0000000745900000, 0x0000000745900000, 0x0000000745a00000|  0%| F|  |TAMS 0x0000000745900000, 0x0000000745900000| Untracked 
| 170|0x0000000745a00000, 0x0000000745a00000, 0x0000000745b00000|  0%| F|  |TAMS 0x0000000745a00000, 0x0000000745a00000| Untracked 
| 171|0x0000000745b00000, 0x0000000745b00000, 0x0000000745c00000|  0%| F|  |TAMS 0x0000000745b00000, 0x0000000745b00000| Untracked 
| 172|0x0000000745c00000, 0x0000000745c00000, 0x0000000745d00000|  0%| F|  |TAMS 0x0000000745c00000, 0x0000000745c00000| Untracked 
| 173|0x0000000745d00000, 0x0000000745d00000, 0x0000000745e00000|  0%| F|  |TAMS 0x0000000745d00000, 0x0000000745d00000| Untracked 
| 174|0x0000000745e00000, 0x0000000745e00000, 0x0000000745f00000|  0%| F|  |TAMS 0x0000000745e00000, 0x0000000745e00000| Untracked 
| 175|0x0000000745f00000, 0x0000000745f00000, 0x0000000746000000|  0%| F|  |TAMS 0x0000000745f00000, 0x0000000745f00000| Untracked 
| 176|0x0000000746000000, 0x0000000746000000, 0x0000000746100000|  0%| F|  |TAMS 0x0000000746000000, 0x0000000746000000| Untracked 
| 177|0x0000000746100000, 0x0000000746200000, 0x0000000746200000|100%| E|  |TAMS 0x0000000746100000, 0x0000000746100000| Complete 
| 178|0x0000000746200000, 0x0000000746300000, 0x0000000746300000|100%| E|CS|TAMS 0x0000000746200000, 0x0000000746200000| Complete 
| 179|0x0000000746300000, 0x0000000746400000, 0x0000000746400000|100%| E|CS|TAMS 0x0000000746300000, 0x0000000746300000| Complete 
| 180|0x0000000746400000, 0x0000000746500000, 0x0000000746500000|100%| E|CS|TAMS 0x0000000746400000, 0x0000000746400000| Complete 
| 181|0x0000000746500000, 0x0000000746600000, 0x0000000746600000|100%| E|CS|TAMS 0x0000000746500000, 0x0000000746500000| Complete 
| 182|0x0000000746600000, 0x0000000746700000, 0x0000000746700000|100%| E|CS|TAMS 0x0000000746600000, 0x0000000746600000| Complete 
| 183|0x0000000746700000, 0x0000000746800000, 0x0000000746800000|100%| E|CS|TAMS 0x0000000746700000, 0x0000000746700000| Complete 
| 184|0x0000000746800000, 0x0000000746900000, 0x0000000746900000|100%| E|CS|TAMS 0x0000000746800000, 0x0000000746800000| Complete 
| 185|0x0000000746900000, 0x0000000746a00000, 0x0000000746a00000|100%| E|CS|TAMS 0x0000000746900000, 0x0000000746900000| Complete 
| 186|0x0000000746a00000, 0x0000000746b00000, 0x0000000746b00000|100%| E|CS|TAMS 0x0000000746a00000, 0x0000000746a00000| Complete 
| 187|0x0000000746b00000, 0x0000000746c00000, 0x0000000746c00000|100%| E|  |TAMS 0x0000000746b00000, 0x0000000746b00000| Complete 
| 188|0x0000000746c00000, 0x0000000746d00000, 0x0000000746d00000|100%| E|CS|TAMS 0x0000000746c00000, 0x0000000746c00000| Complete 
| 189|0x0000000746d00000, 0x0000000746e00000, 0x0000000746e00000|100%| E|CS|TAMS 0x0000000746d00000, 0x0000000746d00000| Complete 
| 190|0x0000000746e00000, 0x0000000746f00000, 0x0000000746f00000|100%| E|CS|TAMS 0x0000000746e00000, 0x0000000746e00000| Complete 
| 191|0x0000000746f00000, 0x0000000747000000, 0x0000000747000000|100%| E|CS|TAMS 0x0000000746f00000, 0x0000000746f00000| Complete 
| 192|0x0000000747000000, 0x0000000747100000, 0x0000000747100000|100%| E|CS|TAMS 0x0000000747000000, 0x0000000747000000| Complete 
| 193|0x0000000747100000, 0x0000000747200000, 0x0000000747200000|100%| E|CS|TAMS 0x0000000747100000, 0x0000000747100000| Complete 
| 194|0x0000000747200000, 0x0000000747300000, 0x0000000747300000|100%| E|CS|TAMS 0x0000000747200000, 0x0000000747200000| Complete 
| 195|0x0000000747300000, 0x0000000747400000, 0x0000000747400000|100%| E|CS|TAMS 0x0000000747300000, 0x0000000747300000| Complete 
| 196|0x0000000747400000, 0x0000000747500000, 0x0000000747500000|100%| E|CS|TAMS 0x0000000747400000, 0x0000000747400000| Complete 
| 197|0x0000000747500000, 0x0000000747600000, 0x0000000747600000|100%| E|CS|TAMS 0x0000000747500000, 0x0000000747500000| Complete 
|2126|0x00000007bfe00000, 0x00000007bfe48000, 0x00000007bff00000| 28%|OA|  |TAMS 0x00000007bfe00000, 0x00000007bfe00000| Untracked 
|2127|0x00000007bff00000, 0x00000007bff6b000, 0x00000007c0000000| 41%|CA|  |TAMS 0x00000007bff00000, 0x00000007bff00000| Untracked 

Card table byte_map: [0x00007f2dbf9d8000,0x00007f2dc0000000] _byte_map_base: 0x00007f2dbc000000

Marking Bits (Prev, Next): (CMBitMap*) 0x00007f2ddc06e448, (CMBitMap*) 0x00007f2ddc06e480
 Prev Bits: [0x00007f2dbc270000, 0x00007f2dbf3b0000)
 Next Bits: [0x00007f2db9130000, 0x00007f2dbc270000)

Polling page: 0x00007f2de24e6000

Metaspace:

Usage:
  Non-class:      5.80 MB capacity,     3.10 MB ( 53%) used,     2.70 MB ( 47%) free+waste,     4.31 KB ( <1%) overhead. 
      Class:    700.00 KB capacity,   405.95 KB ( 58%) used,   291.93 KB ( 42%) free+waste,     2.12 KB ( <1%) overhead. 
       Both:      6.48 MB capacity,     3.49 MB ( 54%) used,     2.98 MB ( 46%) free+waste,     6.44 KB ( <1%) overhead. 

Virtual space:
  Non-class space:        8.00 MB reserved,       6.00 MB ( 75%) committed 
      Class space:        1.00 GB reserved,     768.00 KB ( <1%) committed 
             Both:        1.01 GB reserved,       6.75 MB ( <1%) committed 

Chunk freelists:
   Non-Class:  12.00 KB
       Class:  4.00 KB
        Both:  16.00 KB

MaxMetaspaceSize: unlimited
CompressedClassSpaceSize: 1.00 GB
Initial GC threshold: 20.80 MB
Current GC threshold: 20.80 MB
CDS: on

CodeHeap 'non-profiled nmethods': size=120032Kb used=202Kb max_used=202Kb free=119829Kb
 bounds [0x00007f2dcc2c5000, 0x00007f2dcc535000, 0x00007f2dd37fd000]
CodeHeap 'profiled nmethods': size=120028Kb used=1259Kb max_used=1259Kb free=118769Kb
 bounds [0x00007f2dc4d8e000, 0x00007f2dc4ffe000, 0x00007f2dcc2c5000]
CodeHeap 'non-nmethods': size=5700Kb used=1205Kb max_used=1226Kb free=4494Kb
 bounds [0x00007f2dc47fd000, 0x00007f2dc4a6d000, 0x00007f2dc4d8e000]
 total_blobs=1044 nmethods=657 adapters=309
 compilation: enabled
              stopped_count=0, restarted_count=0
 full_count=0

Compilation events (20 events):
Event: 8.950 Thread 0x00007f2d8c2a5000 nmethod 643 0x00007f2dcc2f2190 code [0x00007f2dcc2f2340, 0x00007f2dcc2f2898]
Event: 8.970 Thread 0x00007f2d8c2a5000  663  s!   4       jdk.internal.loader.URLClassPath::getLoader (194 bytes)
Event: 8.970 Thread 0x00007f2ddc198000  664   !   3       jdk.internal.loader.URLClassPath$JarLoader::checkResource (78 bytes)
Event: 8.990 Thread 0x00007f2ddc198000 nmethod 664 0x00007f2dc4ebca10 code [0x00007f2dc4ebcc60, 0x00007f2dc4ebd6a0]
Event: 8.990 Thread 0x00007f2ddc198000  665       3       java.net.URLStreamHandler::toExternalForm (156 bytes)
Event: 9.050 Thread 0x00007f2ddc198000 nmethod 665 0x00007f2dc4ebdb10 code [0x00007f2dc4ebdfc0, 0x00007f2dc4ec00b0]
Event: 9.050 Thread 0x00007f2ddc198000  666       3       sun.reflect.annotation.AnnotationInvocationHandler::invoke (178 bytes)
Event: 9.080 Thread 0x00007f2ddc198000 nmethod 666 0x00007f2dc4ec0b10 code [0x00007f2dc4ec0e20, 0x00007f2dc4ec1fa0]
Event: 9.080 Thread 0x00007f2ddc198000  667       3       java.lang.reflect.Method::getParameterCount (6 bytes)
Event: 9.080 Thread 0x00007f2ddc198000 nmethod 667 0x00007f2dc4ec2590 code [0x00007f2dc4ec2740, 0x00007f2dc4ec2870]
Event: 9.080 Thread 0x00007f2ddc198000  669       3       java.lang.ClassLoader::definePackage (84 bytes)
Event: 9.110 Thread 0x00007f2ddc198000 nmethod 669 0x00007f2dc4ec2910 code [0x00007f2dc4ec2c20, 0x00007f2dc4ec3dd0]
Event: 9.110 Thread 0x00007f2ddc198000  670       3       java.lang.String::<init> (55 bytes)
Event: 9.120 Thread 0x00007f2ddc198000 nmethod 670 0x00007f2dc4ec4390 code [0x00007f2dc4ec4580, 0x00007f2dc4ec4920]
Event: 9.120 Thread 0x00007f2ddc198000  671   !   3       java.lang.StringCoding::decode (362 bytes)
Event: 9.190 Thread 0x00007f2ddc198000 nmethod 671 0x00007f2dc4ec4b10 code [0x00007f2dc4ec5020, 0x00007f2dc4ec7c10]
Event: 9.260 Thread 0x00007f2ddc196000 nmethod 660 0x00007f2dcc2f2b10 code [0x00007f2dcc2f2d00, 0x00007f2dcc2f3828]
Event: 9.260 Thread 0x00007f2ddc196000  668       4       java.lang.String::indexOf (7 bytes)
Event: 9.330 Thread 0x00007f2ddc196000 nmethod 668 0x00007f2dcc2f3b90 code [0x00007f2dcc2f3d20, 0x00007f2dcc2f3f18]
Event: 10.330 Thread 0x00007f2d8c2a5000 nmethod 663 0x00007f2dcc2f4110 code [0x00007f2dcc2f43e0, 0x00007f2dcc2f6690]

GC Heap History (0 events):
No events

Deoptimization events (20 events):
Event: 6.550 Thread 0x00007f2ddc017800 DEOPT PACKING pc=0x00007f2dc4e21b0a sp=0x00007f2de0c9d8e0
Event: 6.550 Thread 0x00007f2ddc017800 DEOPT UNPACKING pc=0x00007f2dc48469fa sp=0x00007f2de0c9cd88 mode 0
Event: 6.960 Thread 0x00007f2ddc017800 DEOPT PACKING pc=0x00007f2dc4e65174 sp=0x00007f2de0c9f570
Event: 6.960 Thread 0x00007f2ddc017800 DEOPT UNPACKING pc=0x00007f2dc48469fa sp=0x00007f2de0c9ead8 mode 1
Event: 7.660 Thread 0x00007f2ddc017800 Uncommon trap: trap_request=0xffffff4d fr.pc=0x00007f2dcc2e905c relative=0x000000000000019c
Event: 7.660 Thread 0x00007f2ddc017800 Uncommon trap: reason=unstable_if action=reinterpret pc=0x00007f2dcc2e905c method=java.util.zip.ZipFile$Source.isMetaName([BII)Z @ 57 c2
Event: 7.660 Thread 0x00007f2ddc017800 DEOPT PACKING pc=0x00007f2dcc2e905c sp=0x00007f2de0c9c0f0
Event: 7.660 Thread 0x00007f2ddc017800 DEOPT UNPACKING pc=0x00007f2dc48052a5 sp=0x00007f2de0c9c0b8 mode 2
Event: 10.520 Thread 0x00007f2ddc017800 Uncommon trap: trap_request=0xffffff4d fr.pc=0x00007f2dcc2f0e28 relative=0x00000000000005e8
Event: 10.520 Thread 0x00007f2ddc017800 Uncommon trap: reason=unstable_if action=reinterpret pc=0x00007f2dcc2f0e28 method=java.lang.Integer.getChars(II[B)I @ 25 c2
Event: 10.520 Thread 0x00007f2ddc017800 DEOPT PACKING pc=0x00007f2dcc2f0e28 sp=0x00007f2de0c9fa00
Event: 10.520 Thread 0x00007f2ddc017800 DEOPT UNPACKING pc=0x00007f2dc48052a5 sp=0x00007f2de0c9f948 mode 2
Event: 10.520 Thread 0x00007f2ddc017800 Uncommon trap: trap_request=0xffffff4d fr.pc=0x00007f2dcc2ef1bc relative=0x000000000000011c
Event: 10.520 Thread 0x00007f2ddc017800 Uncommon trap: reason=unstable_if action=reinterpret pc=0x00007f2dcc2ef1bc method=java.lang.Integer.getChars(II[B)I @ 25 c2
Event: 10.520 Thread 0x00007f2ddc017800 DEOPT PACKING pc=0x00007f2dcc2ef1bc sp=0x00007f2de0c9f980
Event: 10.520 Thread 0x00007f2ddc017800 DEOPT UNPACKING pc=0x00007f2dc48052a5 sp=0x00007f2de0c9f938 mode 2
Event: 10.530 Thread 0x00007f2ddc017800 Uncommon trap: trap_request=0xffffff4d fr.pc=0x00007f2dcc2eee40 relative=0x00000000000000a0
Event: 10.530 Thread 0x00007f2ddc017800 Uncommon trap: reason=unstable_if action=reinterpret pc=0x00007f2dcc2eee40 method=java.lang.Integer.stringSize(I)I @ 3 c2
Event: 10.530 Thread 0x00007f2ddc017800 DEOPT PACKING pc=0x00007f2dcc2eee40 sp=0x00007f2de0c9f5d0
Event: 10.530 Thread 0x00007f2ddc017800 DEOPT UNPACKING pc=0x00007f2dc48052a5 sp=0x00007f2de0c9f578 mode 2

Classes redefined (0 events):
No events

Internal exceptions (20 events):
Event: 4.340 Thread 0x00007f2ddc017800 Exception <a 'java/security/PrivilegedActionException'{0x000000074712cbb8}> (0x000000074712cbb8) thrown at [src/hotspot/share/prims/jvm.cpp, line 1304]
Event: 4.340 Thread 0x00007f2ddc017800 Exception <a 'java/security/PrivilegedActionException'{0x000000074712ce88}> (0x000000074712ce88) thrown at [src/hotspot/share/prims/jvm.cpp, line 1304]
Event: 4.340 Thread 0x00007f2ddc017800 Exception <a 'java/security/PrivilegedActionException'{0x000000074712d950}> (0x000000074712d950) thrown at [src/hotspot/share/prims/jvm.cpp, line 1304]
Event: 4.340 Thread 0x00007f2ddc017800 Exception <a 'java/security/PrivilegedActionException'{0x000000074712dc20}> (0x000000074712dc20) thrown at [src/hotspot/share/prims/jvm.cpp, line 1304]
Event: 4.340 Thread 0x00007f2ddc017800 Exception <a 'java/security/PrivilegedActionException'{0x000000074712e6f0}> (0x000000074712e6f0) thrown at [src/hotspot/share/prims/jvm.cpp, line 1304]
Event: 4.340 Thread 0x00007f2ddc017800 Exception <a 'java/security/PrivilegedActionException'{0x000000074712e9c0}> (0x000000074712e9c0) thrown at [src/hotspot/share/prims/jvm.cpp, line 1304]
Event: 4.340 Thread 0x00007f2ddc017800 Exception <a 'java/security/PrivilegedActionException'{0x000000074712f490}> (0x000000074712f490) thrown at [src/hotspot/share/prims/jvm.cpp, line 1304]
Event: 4.340 Thread 0x00007f2ddc017800 Exception <a 'java/security/PrivilegedActionException'{0x000000074712f760}> (0x000000074712f760) thrown at [src/hotspot/share/prims/jvm.cpp, line 1304]
Event: 4.340 Thread 0x00007f2ddc017800 Exception <a 'java/security/PrivilegedActionException'{0x0000000747130250}> (0x0000000747130250) thrown at [src/hotspot/share/prims/jvm.cpp, line 1304]
Event: 4.340 Thread 0x00007f2ddc017800 Exception <a 'java/security/PrivilegedActionException'{0x0000000747130520}> (0x0000000747130520) thrown at [src/hotspot/share/prims/jvm.cpp, line 1304]
Event: 4.340 Thread 0x00007f2ddc017800 Exception <a 'java/security/PrivilegedActionException'{0x0000000747130ff0}> (0x0000000747130ff0) thrown at [src/hotspot/share/prims/jvm.cpp, line 1304]
Event: 4.340 Thread 0x00007f2ddc017800 Exception <a 'java/security/PrivilegedActionException'{0x00000007471312c0}> (0x00000007471312c0) thrown at [src/hotspot/share/prims/jvm.cpp, line 1304]
Event: 4.340 Thread 0x00007f2ddc017800 Exception <a 'java/security/PrivilegedActionException'{0x0000000747131db8}> (0x0000000747131db8) thrown at [src/hotspot/share/prims/jvm.cpp, line 1304]
Event: 4.340 Thread 0x00007f2ddc017800 Exception <a 'java/security/PrivilegedActionException'{0x0000000747132088}> (0x0000000747132088) thrown at [src/hotspot/share/prims/jvm.cpp, line 1304]
Event: 5.340 Thread 0x00007f2ddc017800 Exception <a 'java/lang/NoSuchMethodError'{0x00000007470c62a0}: 'int java.lang.invoke.DirectMethodHandle$Holder.invokeStaticInit(java.lang.Object, java.lang.Object, java.lang.Object, java.lang.Object)'> (0x00000007470c62a0) thrown at [src/hotspot/share/interpreter/linkResolver.cpp, line 772]
Event: 5.390 Thread 0x00007f2ddc017800 Exception <a 'java/lang/IncompatibleClassChangeError'{0x00000007470d0788}: Found class java.lang.Object, but interface was expected> (0x00000007470d0788) thrown at [src/hotspot/share/interpreter/linkResolver.cpp, line 839]
Event: 5.410 Thread 0x00007f2ddc017800 Exception <a 'java/lang/NoSuchMethodError'{0x00000007470d39d8}: 'void java.lang.invoke.DirectMethodHandle$Holder.invokeStaticInit(java.lang.Object, java.lang.Object)'> (0x00000007470d39d8) thrown at [src/hotspot/share/interpreter/linkResolver.cpp, line 772]
Event: 5.440 Thread 0x00007f2ddc017800 Exception <a 'java/lang/NoSuchMethodError'{0x00000007470d96a8}: 'int java.lang.invoke.DirectMethodHandle$Holder.invokeStaticInit(java.lang.Object, java.lang.Object)'> (0x00000007470d96a8) thrown at [src/hotspot/share/interpreter/linkResolver.cpp, line 772]
Event: 6.960 Thread 0x00007f2ddc017800 Exception <a 'java/security/PrivilegedActionException'{0x0000000746e5e788}> (0x0000000746e5e788) thrown at [src/hotspot/share/prims/jvm.cpp, line 1304]
Event: 6.960 Thread 0x00007f2ddc017800 Exception <a 'java/security/PrivilegedActionException'{0x0000000746e5ea58}> (0x0000000746e5ea58) thrown at [src/hotspot/share/prims/jvm.cpp, line 1304]

Events (20 events):
Event: 18.540 Executing VM operation: GetStackTrace done
Event: 18.560 Executing VM operation: GetOrSetLocal
Event: 18.560 Executing VM operation: GetOrSetLocal done
Event: 18.570 Executing VM operation: GetOrSetLocal
Event: 18.570 Executing VM operation: GetOrSetLocal done
Event: 18.720 Executing VM operation: GetFrameLocation
Event: 18.720 Executing VM operation: GetFrameLocation done
Event: 18.720 Executing VM operation: GetOrSetLocal
Event: 18.730 Executing VM operation: GetOrSetLocal done
Event: 18.750 Executing VM operation: GetFrameCount
Event: 18.750 Executing VM operation: GetFrameCount done
Event: 18.750 Executing VM operation: GetStackTrace
Event: 18.760 Executing VM operation: GetStackTrace done
Event: 26.870 Executing VM operation: ChangeBreakpoints
Event: 26.890 Executing VM operation: ChangeBreakpoints done
Event: 26.890 Thread 0x00007f2d84001800 Thread exited: 0x00007f2d84001800
Event: 26.890 Executing VM operation: ChangeBreakpoints
Event: 26.910 Executing VM operation: ChangeBreakpoints done
Event: 26.930 loading class jdk/internal/misc/Signal$1
Event: 26.930 loading class jdk/internal/misc/Signal$1 done


Dynamic libraries:
73b000000-747600000 rw-p 00000000 00:00 0 
747600000-7bfe00000 ---p 00000000 00:00 0 
7bfe00000-7bfe48000 rw-p 00b0a000 08:10 51914                            /usr/lib/jvm/java-11-openjdk-amd64/lib/server/classes.jsa
7bfe48000-7bff00000 rw-p 00000000 00:00 0 
7bff00000-7bff6b000 rw-p 00a9f000 08:10 51914                            /usr/lib/jvm/java-11-openjdk-amd64/lib/server/classes.jsa
7bff6b000-7c0000000 rw-p 00000000 00:00 0 
7c0000000-800000000 ---p 00000000 00:00 0 
800000000-800002000 rwxp 00001000 08:10 51914                            /usr/lib/jvm/java-11-openjdk-amd64/lib/server/classes.jsa
800002000-800a9e000 rw-p 00003000 08:10 51914                            /usr/lib/jvm/java-11-openjdk-amd64/lib/server/classes.jsa
840000000-8400c0000 rw-p 00000000 00:00 0 
8400c0000-880000000 ---p 00000000 00:00 0 
556ca4c66000-556ca4c67000 r--p 00000000 08:10 51492                      /usr/lib/jvm/java-11-openjdk-amd64/bin/java
556ca4c67000-556ca4c68000 r-xp 00001000 08:10 51492                      /usr/lib/jvm/java-11-openjdk-amd64/bin/java
556ca4c68000-556ca4c69000 r--p 00002000 08:10 51492                      /usr/lib/jvm/java-11-openjdk-amd64/bin/java
556ca4c69000-556ca4c6a000 r--p 00002000 08:10 51492                      /usr/lib/jvm/java-11-openjdk-amd64/bin/java
556ca4c6a000-556ca4c6b000 rw-p 00003000 08:10 51492                      /usr/lib/jvm/java-11-openjdk-amd64/bin/java
556ca5f7d000-556ca5f9e000 rw-p 00000000 00:00 0                          [heap]
7f2d5c000000-7f2d5c0df000 rw-p 00000000 00:00 0 
7f2d5c0df000-7f2d60000000 ---p 00000000 00:00 0 
7f2d6152c000-7f2d61e52000 r--p 00000000 08:10 59050                      /root/.javacpp/cache/llvm-13.0.1-1.5.7-linux-x86_64.jar/org/bytedeco/llvm/linux-x86_64/libLLVM-13.so
7f2d61e52000-7f2d65815000 r-xp 00926000 08:10 59050                      /root/.javacpp/cache/llvm-13.0.1-1.5.7-linux-x86_64.jar/org/bytedeco/llvm/linux-x86_64/libLLVM-13.so
7f2d65815000-7f2d67a6a000 r--p 042e9000 08:10 59050                      /root/.javacpp/cache/llvm-13.0.1-1.5.7-linux-x86_64.jar/org/bytedeco/llvm/linux-x86_64/libLLVM-13.so
7f2d67a6a000-7f2d67f7f000 r--p 0653d000 08:10 59050                      /root/.javacpp/cache/llvm-13.0.1-1.5.7-linux-x86_64.jar/org/bytedeco/llvm/linux-x86_64/libLLVM-13.so
7f2d67f7f000-7f2d67f8a000 rw-p 06a52000 08:10 59050                      /root/.javacpp/cache/llvm-13.0.1-1.5.7-linux-x86_64.jar/org/bytedeco/llvm/linux-x86_64/libLLVM-13.so
7f2d67f8a000-7f2d68000000 rw-p 00000000 00:00 0 
7f2d68000000-7f2d68021000 rw-p 00000000 00:00 0 
7f2d68021000-7f2d6c000000 ---p 00000000 00:00 0 
7f2d6c000000-7f2d6c25a000 rw-p 00000000 00:00 0 
7f2d6c25a000-7f2d70000000 ---p 00000000 00:00 0 
7f2d70000000-7f2d70021000 rw-p 00000000 00:00 0 
7f2d70021000-7f2d74000000 ---p 00000000 00:00 0 
7f2d74000000-7f2d74021000 rw-p 00000000 00:00 0 
7f2d74021000-7f2d78000000 ---p 00000000 00:00 0 
7f2d78000000-7f2d78021000 rw-p 00000000 00:00 0 
7f2d78021000-7f2d7c000000 ---p 00000000 00:00 0 
7f2d7c000000-7f2d7c021000 rw-p 00000000 00:00 0 
7f2d7c021000-7f2d80000000 ---p 00000000 00:00 0 
7f2d80000000-7f2d80021000 rw-p 00000000 00:00 0 
7f2d80021000-7f2d84000000 ---p 00000000 00:00 0 
7f2d84000000-7f2d84027000 rw-p 00000000 00:00 0 
7f2d84027000-7f2d88000000 ---p 00000000 00:00 0 
7f2d88000000-7f2d88327000 rw-p 00000000 00:00 0 
7f2d88327000-7f2d8c000000 ---p 00000000 00:00 0 
7f2d8c000000-7f2d8c328000 rw-p 00000000 00:00 0 
7f2d8c328000-7f2d90000000 ---p 00000000 00:00 0 
7f2d90000000-7f2d90021000 rw-p 00000000 00:00 0 
7f2d90021000-7f2d94000000 ---p 00000000 00:00 0 
7f2d94000000-7f2d94021000 rw-p 00000000 00:00 0 
7f2d94021000-7f2d98000000 ---p 00000000 00:00 0 
7f2d98000000-7f2d98021000 rw-p 00000000 00:00 0 
7f2d98021000-7f2d9c000000 ---p 00000000 00:00 0 
7f2d9c000000-7f2d9c021000 rw-p 00000000 00:00 0 
7f2d9c021000-7f2da0000000 ---p 00000000 00:00 0 
7f2da0000000-7f2da0021000 rw-p 00000000 00:00 0 
7f2da0021000-7f2da4000000 ---p 00000000 00:00 0 
7f2da4000000-7f2da4021000 rw-p 00000000 00:00 0 
7f2da4021000-7f2da8000000 ---p 00000000 00:00 0 
7f2da8000000-7f2da8021000 rw-p 00000000 00:00 0 
7f2da8021000-7f2dac000000 ---p 00000000 00:00 0 
7f2dac000000-7f2dac021000 rw-p 00000000 00:00 0 
7f2dac021000-7f2db0000000 ---p 00000000 00:00 0 
7f2db06a5000-7f2db070a000 r--p 00000000 08:10 59056                      /root/.javacpp/cache/llvm-13.0.1-1.5.7-linux-x86_64.jar/org/bytedeco/llvm/linux-x86_64/libjniLLVM.so
7f2db070a000-7f2db0778000 r-xp 00065000 08:10 59056                      /root/.javacpp/cache/llvm-13.0.1-1.5.7-linux-x86_64.jar/org/bytedeco/llvm/linux-x86_64/libjniLLVM.so
7f2db0778000-7f2db07a3000 r--p 000d3000 08:10 59056                      /root/.javacpp/cache/llvm-13.0.1-1.5.7-linux-x86_64.jar/org/bytedeco/llvm/linux-x86_64/libjniLLVM.so
7f2db07a3000-7f2db07a6000 r--p 000fd000 08:10 59056                      /root/.javacpp/cache/llvm-13.0.1-1.5.7-linux-x86_64.jar/org/bytedeco/llvm/linux-x86_64/libjniLLVM.so
7f2db07a6000-7f2db07a9000 rw-p 00100000 08:10 59056                      /root/.javacpp/cache/llvm-13.0.1-1.5.7-linux-x86_64.jar/org/bytedeco/llvm/linux-x86_64/libjniLLVM.so
7f2db07a9000-7f2db07ab000 rw-p 00000000 00:00 0 
7f2db07ab000-7f2db07ac000 r--p 00000000 08:10 59054                      /root/.javacpp/cache/llvm-13.0.1-1.5.7-linux-x86_64.jar/org/bytedeco/llvm/linux-x86_64/libRemarks.so.13
7f2db07ac000-7f2db07ad000 r-xp 00001000 08:10 59054                      /root/.javacpp/cache/llvm-13.0.1-1.5.7-linux-x86_64.jar/org/bytedeco/llvm/linux-x86_64/libRemarks.so.13
7f2db07ad000-7f2db07ae000 r--p 00002000 08:10 59054                      /root/.javacpp/cache/llvm-13.0.1-1.5.7-linux-x86_64.jar/org/bytedeco/llvm/linux-x86_64/libRemarks.so.13
7f2db07ae000-7f2db07af000 r--p 00002000 08:10 59054                      /root/.javacpp/cache/llvm-13.0.1-1.5.7-linux-x86_64.jar/org/bytedeco/llvm/linux-x86_64/libRemarks.so.13
7f2db07af000-7f2db07b0000 rw-p 00003000 08:10 59054                      /root/.javacpp/cache/llvm-13.0.1-1.5.7-linux-x86_64.jar/org/bytedeco/llvm/linux-x86_64/libRemarks.so.13
7f2db07b0000-7f2db07b4000 ---p 00000000 00:00 0 
7f2db07b4000-7f2db08b1000 rw-p 00000000 00:00 0 
7f2db08b1000-7f2db08b5000 ---p 00000000 00:00 0 
7f2db08b5000-7f2db09b2000 rw-p 00000000 00:00 0 
7f2db09b2000-7f2db09b9000 r--p 00000000 08:10 59052                      /root/.javacpp/cache/llvm-13.0.1-1.5.7-linux-x86_64.jar/org/bytedeco/llvm/linux-x86_64/libLTO.so.13
7f2db09b9000-7f2db09c1000 r-xp 00007000 08:10 59052                      /root/.javacpp/cache/llvm-13.0.1-1.5.7-linux-x86_64.jar/org/bytedeco/llvm/linux-x86_64/libLTO.so.13
7f2db09c1000-7f2db09c3000 r--p 0000f000 08:10 59052                      /root/.javacpp/cache/llvm-13.0.1-1.5.7-linux-x86_64.jar/org/bytedeco/llvm/linux-x86_64/libLTO.so.13
7f2db09c3000-7f2db09c4000 r--p 00010000 08:10 59052                      /root/.javacpp/cache/llvm-13.0.1-1.5.7-linux-x86_64.jar/org/bytedeco/llvm/linux-x86_64/libLTO.so.13
7f2db09c4000-7f2db09c5000 rw-p 00011000 08:10 59052                      /root/.javacpp/cache/llvm-13.0.1-1.5.7-linux-x86_64.jar/org/bytedeco/llvm/linux-x86_64/libLTO.so.13
7f2db09c5000-7f2db09c9000 ---p 00000000 00:00 0 
7f2db09c9000-7f2db0af7000 rw-p 00000000 00:00 0 
7f2db0af7000-7f2db0afb000 r--p 00000000 08:10 51641                      /usr/lib/jvm/java-11-openjdk-amd64/lib/libnet.so
7f2db0afb000-7f2db0b09000 r-xp 00004000 08:10 51641                      /usr/lib/jvm/java-11-openjdk-amd64/lib/libnet.so
7f2db0b09000-7f2db0b0d000 r--p 00012000 08:10 51641                      /usr/lib/jvm/java-11-openjdk-amd64/lib/libnet.so
7f2db0b0d000-7f2db0b0e000 r--p 00015000 08:10 51641                      /usr/lib/jvm/java-11-openjdk-amd64/lib/libnet.so
7f2db0b0e000-7f2db0b0f000 rw-p 00016000 08:10 51641                      /usr/lib/jvm/java-11-openjdk-amd64/lib/libnet.so
7f2db0b0f000-7f2db0b13000 ---p 00000000 00:00 0 
7f2db0b13000-7f2db0c10000 rw-p 00000000 00:00 0 
7f2db0c10000-7f2db0c11000 ---p 00000000 00:00 0 
7f2db0c11000-7f2db0d12000 rw-p 00000000 00:00 0 
7f2db0d12000-7f2db0d16000 ---p 00000000 00:00 0 
7f2db0d16000-7f2db0e13000 rw-p 00000000 00:00 0 
7f2db0e13000-7f2db0e17000 ---p 00000000 00:00 0 
7f2db0e17000-7f2db0f14000 rw-p 00000000 00:00 0 
7f2db0f14000-7f2db0f18000 ---p 00000000 00:00 0 
7f2db0f18000-7f2db1015000 rw-p 00000000 00:00 0 
7f2db1015000-7f2db1019000 ---p 00000000 00:00 0 
7f2db1019000-7f2db1116000 rw-p 00000000 00:00 0 
7f2db1116000-7f2db111a000 ---p 00000000 00:00 0 
7f2db111a000-7f2db1217000 rw-p 00000000 00:00 0 
7f2db1217000-7f2db121b000 ---p 00000000 00:00 0 
7f2db121b000-7f2db1318000 rw-p 00000000 00:00 0 
7f2db1318000-7f2db131c000 ---p 00000000 00:00 0 
7f2db131c000-7f2db1419000 rw-p 00000000 00:00 0 
7f2db1419000-7f2db141d000 ---p 00000000 00:00 0 
7f2db141d000-7f2db151a000 rw-p 00000000 00:00 0 
7f2db151a000-7f2db1800000 r--p 00000000 08:10 4119                       /usr/lib/locale/locale-archive
7f2db1800000-7f2db1e00000 rw-p 00000000 00:00 0 
7f2db1e00000-7f2db2000000 ---p 00000000 00:00 0 
7f2db2000000-7f2db4000000 rw-p 00000000 00:00 0 
7f2db4000000-7f2db4021000 rw-p 00000000 00:00 0 
7f2db4021000-7f2db8000000 ---p 00000000 00:00 0 
7f2db8000000-7f2db8004000 r--p 00000000 08:10 59044                      /root/.javacpp/cache/javacpp-1.5.7-linux-x86_64.jar/org/bytedeco/javacpp/linux-x86_64/libjnijavacpp.so
7f2db8004000-7f2db800b000 r-xp 00004000 08:10 59044                      /root/.javacpp/cache/javacpp-1.5.7-linux-x86_64.jar/org/bytedeco/javacpp/linux-x86_64/libjnijavacpp.so
7f2db800b000-7f2db800f000 r--p 0000b000 08:10 59044                      /root/.javacpp/cache/javacpp-1.5.7-linux-x86_64.jar/org/bytedeco/javacpp/linux-x86_64/libjnijavacpp.so
7f2db800f000-7f2db8010000 r--p 0000e000 08:10 59044                      /root/.javacpp/cache/javacpp-1.5.7-linux-x86_64.jar/org/bytedeco/javacpp/linux-x86_64/libjnijavacpp.so
7f2db8010000-7f2db8011000 rw-p 0000f000 08:10 59044                      /root/.javacpp/cache/javacpp-1.5.7-linux-x86_64.jar/org/bytedeco/javacpp/linux-x86_64/libjnijavacpp.so
7f2db8011000-7f2db8018000 r--p 00000000 08:10 51642                      /usr/lib/jvm/java-11-openjdk-amd64/lib/libnio.so
7f2db8018000-7f2db8020000 r-xp 00007000 08:10 51642                      /usr/lib/jvm/java-11-openjdk-amd64/lib/libnio.so
7f2db8020000-7f2db8023000 r--p 0000f000 08:10 51642                      /usr/lib/jvm/java-11-openjdk-amd64/lib/libnio.so
7f2db8023000-7f2db8024000 r--p 00011000 08:10 51642                      /usr/lib/jvm/java-11-openjdk-amd64/lib/libnio.so
7f2db8024000-7f2db8025000 rw-p 00012000 08:10 51642                      /usr/lib/jvm/java-11-openjdk-amd64/lib/libnio.so
7f2db8025000-7f2db8027000 r--p 00000000 08:10 51622                      /usr/lib/jvm/java-11-openjdk-amd64/lib/libdt_socket.so
7f2db8027000-7f2db802a000 r-xp 00002000 08:10 51622                      /usr/lib/jvm/java-11-openjdk-amd64/lib/libdt_socket.so
7f2db802a000-7f2db802b000 r--p 00005000 08:10 51622                      /usr/lib/jvm/java-11-openjdk-amd64/lib/libdt_socket.so
7f2db802b000-7f2db802c000 ---p 00006000 08:10 51622                      /usr/lib/jvm/java-11-openjdk-amd64/lib/libdt_socket.so
7f2db802c000-7f2db802d000 r--p 00006000 08:10 51622                      /usr/lib/jvm/java-11-openjdk-amd64/lib/libdt_socket.so
7f2db802d000-7f2db802e000 rw-p 00007000 08:10 51622                      /usr/lib/jvm/java-11-openjdk-amd64/lib/libdt_socket.so
7f2db802e000-7f2db8060000 r--p 00000000 08:10 12355                      /usr/lib/locale/C.UTF-8/LC_CTYPE
7f2db8060000-7f2db8061000 r--p 00000000 08:10 12361                      /usr/lib/locale/C.UTF-8/LC_NUMERIC
7f2db8061000-7f2db8062000 r--p 00000000 08:10 12365                      /usr/lib/locale/C.UTF-8/LC_TIME
7f2db8062000-7f2db81d5000 r--p 00000000 08:10 12354                      /usr/lib/locale/C.UTF-8/LC_COLLATE
7f2db81d5000-7f2db81d6000 r--p 00000000 08:10 12359                      /usr/lib/locale/C.UTF-8/LC_MONETARY
7f2db81d6000-7f2db81d7000 r--p 00000000 08:10 12358                      /usr/lib/locale/C.UTF-8/LC_MESSAGES/SYS_LC_MESSAGES
7f2db81d7000-7f2db81d8000 r--p 00000000 08:10 12363                      /usr/lib/locale/C.UTF-8/LC_PAPER
7f2db81d8000-7f2db81dc000 ---p 00000000 00:00 0 
7f2db81dc000-7f2db82d9000 rw-p 00000000 00:00 0 
7f2db82d9000-7f2db82dd000 ---p 00000000 00:00 0 
7f2db82dd000-7f2db83da000 rw-p 00000000 00:00 0 
7f2db83da000-7f2db83db000 ---p 00000000 00:00 0 
7f2db83db000-7f2db8622000 rw-p 00000000 00:00 0 
7f2db8622000-7f2db8623000 ---p 00000000 00:00 0 
7f2db8623000-7f2db8724000 rw-p 00000000 00:00 0 
7f2db8724000-7f2db8725000 ---p 00000000 00:00 0 
7f2db8725000-7f2db902e000 rw-p 00000000 00:00 0 
7f2db902e000-7f2db902f000 ---p 00000000 00:00 0 
7f2db902f000-7f2db9448000 rw-p 00000000 00:00 0 
7f2db9448000-7f2dbb268000 ---p 00000000 00:00 0 
7f2dbb268000-7f2dbb270000 rw-p 00000000 00:00 0 
7f2dbb270000-7f2dbc270000 ---p 00000000 00:00 0 
7f2dbc270000-7f2dbc588000 rw-p 00000000 00:00 0 
7f2dbc588000-7f2dbe3a8000 ---p 00000000 00:00 0 
7f2dbe3a8000-7f2dbe3b0000 rw-p 00000000 00:00 0 
7f2dbe3b0000-7f2dbf3b0000 ---p 00000000 00:00 0 
7f2dbf3b0000-7f2dbf413000 rw-p 00000000 00:00 0 
7f2dbf413000-7f2dbf7d7000 ---p 00000000 00:00 0 
7f2dbf7d7000-7f2dbf7d8000 rw-p 00000000 00:00 0 
7f2dbf7d8000-7f2dbf9d8000 ---p 00000000 00:00 0 
7f2dbf9d8000-7f2dbfa3b000 rw-p 00000000 00:00 0 
7f2dbfa3b000-7f2dbfdff000 ---p 00000000 00:00 0 
7f2dbfdff000-7f2dbfe00000 rw-p 00000000 00:00 0 
7f2dbfe00000-7f2dc0000000 ---p 00000000 00:00 0 
7f2dc0000000-7f2dc0021000 rw-p 00000000 00:00 0 
7f2dc0021000-7f2dc4000000 ---p 00000000 00:00 0 
7f2dc4000000-7f2dc4007000 r--s 00000000 08:10 47045                      /usr/lib/x86_64-linux-gnu/gconv/gconv-modules.cache
7f2dc4007000-7f2dc4008000 ---p 00000000 00:00 0 
7f2dc4008000-7f2dc4238000 rw-p 00000000 00:00 0 
7f2dc4238000-7f2dc45fc000 ---p 00000000 00:00 0 
7f2dc45fc000-7f2dc45fd000 rw-p 00000000 00:00 0 
7f2dc45fd000-7f2dc47fd000 ---p 00000000 00:00 0 
7f2dc47fd000-7f2dc4a6d000 rwxp 00000000 00:00 0 
7f2dc4a6d000-7f2dc4d8e000 ---p 00000000 00:00 0 
7f2dc4d8e000-7f2dc4ffe000 rwxp 00000000 00:00 0 
7f2dc4ffe000-7f2dcc2c5000 ---p 00000000 00:00 0 
7f2dcc2c5000-7f2dcc535000 rwxp 00000000 00:00 0 
7f2dcc535000-7f2dd37fd000 ---p 00000000 00:00 0 
7f2dd37fd000-7f2ddc000000 r--s 00000000 08:10 51651                      /usr/lib/jvm/java-11-openjdk-amd64/lib/modules
7f2ddc000000-7f2ddc4d2000 rw-p 00000000 00:00 0 
7f2ddc4d2000-7f2de0000000 ---p 00000000 00:00 0 
7f2de0000000-7f2de0001000 r--p 00000000 08:10 12360                      /usr/lib/locale/C.UTF-8/LC_NAME
7f2de0001000-7f2de0002000 r--p 00000000 08:10 12353                      /usr/lib/locale/C.UTF-8/LC_ADDRESS
7f2de0002000-7f2de0003000 r--p 00000000 08:10 12364                      /usr/lib/locale/C.UTF-8/LC_TELEPHONE
7f2de0003000-7f2de080b000 rw-p 00000000 00:00 0 
7f2de080b000-7f2de080c000 ---p 00000000 00:00 0 
7f2de080c000-7f2de0912000 rw-p 00000000 00:00 0 
7f2de0912000-7f2de09f8000 ---p 00000000 00:00 0 
7f2de09f8000-7f2de09fd000 rw-p 00000000 00:00 0 
7f2de09fd000-7f2de0ae3000 ---p 00000000 00:00 0 
7f2de0ae3000-7f2de0ae8000 rw-p 00000000 00:00 0 
7f2de0ae8000-7f2de0aef000 ---p 00000000 00:00 0 
7f2de0aef000-7f2de0af1000 r--p 00000000 08:10 51650                      /usr/lib/jvm/java-11-openjdk-amd64/lib/libzip.so
7f2de0af1000-7f2de0af6000 r-xp 00002000 08:10 51650                      /usr/lib/jvm/java-11-openjdk-amd64/lib/libzip.so
7f2de0af6000-7f2de0af8000 r--p 00007000 08:10 51650                      /usr/lib/jvm/java-11-openjdk-amd64/lib/libzip.so
7f2de0af8000-7f2de0af9000 r--p 00008000 08:10 51650                      /usr/lib/jvm/java-11-openjdk-amd64/lib/libzip.so
7f2de0af9000-7f2de0afa000 rw-p 00009000 08:10 51650                      /usr/lib/jvm/java-11-openjdk-amd64/lib/libzip.so
7f2de0afa000-7f2de0afd000 r--p 00000000 08:10 44390                      /usr/lib/x86_64-linux-gnu/libnss_files-2.31.so
7f2de0afd000-7f2de0b04000 r-xp 00003000 08:10 44390                      /usr/lib/x86_64-linux-gnu/libnss_files-2.31.so
7f2de0b04000-7f2de0b06000 r--p 0000a000 08:10 44390                      /usr/lib/x86_64-linux-gnu/libnss_files-2.31.so
7f2de0b06000-7f2de0b07000 r--p 0000b000 08:10 44390                      /usr/lib/x86_64-linux-gnu/libnss_files-2.31.so
7f2de0b07000-7f2de0b08000 rw-p 0000c000 08:10 44390                      /usr/lib/x86_64-linux-gnu/libnss_files-2.31.so
7f2de0b08000-7f2de0b0e000 rw-p 00000000 00:00 0 
7f2de0b0e000-7f2de0b0f000 r--p 00000000 08:10 12357                      /usr/lib/locale/C.UTF-8/LC_MEASUREMENT
7f2de0b0f000-7f2de0b11000 r--s 0000c000 08:10 23045                      /usr/share/java/java-atk-wrapper.jar
7f2de0b11000-7f2de0b19000 rw-s 00000000 08:10 53366                      /tmp/hsperfdata_root/11025
7f2de0b19000-7f2de0b1b000 r--p 00000000 08:10 51632                      /usr/lib/jvm/java-11-openjdk-amd64/lib/libjdwp.so
7f2de0b1b000-7f2de0b47000 r-xp 00002000 08:10 51632                      /usr/lib/jvm/java-11-openjdk-amd64/lib/libjdwp.so
7f2de0b47000-7f2de0b55000 r--p 0002e000 08:10 51632                      /usr/lib/jvm/java-11-openjdk-amd64/lib/libjdwp.so
7f2de0b55000-7f2de0b56000 r--p 0003b000 08:10 51632                      /usr/lib/jvm/java-11-openjdk-amd64/lib/libjdwp.so
7f2de0b56000-7f2de0b57000 rw-p 0003c000 08:10 51632                      /usr/lib/jvm/java-11-openjdk-amd64/lib/libjdwp.so
7f2de0b57000-7f2de0b65000 r--p 00000000 08:10 51630                      /usr/lib/jvm/java-11-openjdk-amd64/lib/libjava.so
7f2de0b65000-7f2de0b7b000 r-xp 0000e000 08:10 51630                      /usr/lib/jvm/java-11-openjdk-amd64/lib/libjava.so
7f2de0b7b000-7f2de0b82000 r--p 00024000 08:10 51630                      /usr/lib/jvm/java-11-openjdk-amd64/lib/libjava.so
7f2de0b82000-7f2de0b83000 r--p 0002a000 08:10 51630                      /usr/lib/jvm/java-11-openjdk-amd64/lib/libjava.so
7f2de0b83000-7f2de0b84000 rw-p 0002b000 08:10 51630                      /usr/lib/jvm/java-11-openjdk-amd64/lib/libjava.so
7f2de0b84000-7f2de0b85000 rw-p 00000000 00:00 0 
7f2de0b85000-7f2de0b8a000 r--p 00000000 08:10 51649                      /usr/lib/jvm/java-11-openjdk-amd64/lib/libverify.so
7f2de0b8a000-7f2de0b91000 r-xp 00005000 08:10 51649                      /usr/lib/jvm/java-11-openjdk-amd64/lib/libverify.so
7f2de0b91000-7f2de0b93000 r--p 0000c000 08:10 51649                      /usr/lib/jvm/java-11-openjdk-amd64/lib/libverify.so
7f2de0b93000-7f2de0b94000 ---p 0000e000 08:10 51649                      /usr/lib/jvm/java-11-openjdk-amd64/lib/libverify.so
7f2de0b94000-7f2de0b96000 r--p 0000e000 08:10 51649                      /usr/lib/jvm/java-11-openjdk-amd64/lib/libverify.so
7f2de0b96000-7f2de0b97000 rw-p 00010000 08:10 51649                      /usr/lib/jvm/java-11-openjdk-amd64/lib/libverify.so
7f2de0b97000-7f2de0b99000 r--p 00000000 08:10 44399                      /usr/lib/x86_64-linux-gnu/librt-2.31.so
7f2de0b99000-7f2de0b9d000 r-xp 00002000 08:10 44399                      /usr/lib/x86_64-linux-gnu/librt-2.31.so
7f2de0b9d000-7f2de0b9f000 r--p 00006000 08:10 44399                      /usr/lib/x86_64-linux-gnu/librt-2.31.so
7f2de0b9f000-7f2de0ba0000 r--p 00007000 08:10 44399                      /usr/lib/x86_64-linux-gnu/librt-2.31.so
7f2de0ba0000-7f2de0ba1000 rw-p 00008000 08:10 44399                      /usr/lib/x86_64-linux-gnu/librt-2.31.so
7f2de0ba1000-7f2de0ba5000 ---p 00000000 00:00 0 
7f2de0ba5000-7f2de0ca2000 rw-p 00000000 00:00 0 
7f2de0ca2000-7f2de0ca5000 r--p 00000000 08:10 26920                      /usr/lib/x86_64-linux-gnu/libgcc_s.so.1
7f2de0ca5000-7f2de0cb7000 r-xp 00003000 08:10 26920                      /usr/lib/x86_64-linux-gnu/libgcc_s.so.1
7f2de0cb7000-7f2de0cbb000 r--p 00015000 08:10 26920                      /usr/lib/x86_64-linux-gnu/libgcc_s.so.1
7f2de0cbb000-7f2de0cbc000 r--p 00018000 08:10 26920                      /usr/lib/x86_64-linux-gnu/libgcc_s.so.1
7f2de0cbc000-7f2de0cbd000 rw-p 00019000 08:10 26920                      /usr/lib/x86_64-linux-gnu/libgcc_s.so.1
7f2de0cbd000-7f2de0cca000 r--p 00000000 08:10 44384                      /usr/lib/x86_64-linux-gnu/libm-2.31.so
7f2de0cca000-7f2de0d71000 r-xp 0000d000 08:10 44384                      /usr/lib/x86_64-linux-gnu/libm-2.31.so
7f2de0d71000-7f2de0e0a000 r--p 000b4000 08:10 44384                      /usr/lib/x86_64-linux-gnu/libm-2.31.so
7f2de0e0a000-7f2de0e0b000 r--p 0014c000 08:10 44384                      /usr/lib/x86_64-linux-gnu/libm-2.31.so
7f2de0e0b000-7f2de0e0c000 rw-p 0014d000 08:10 44384                      /usr/lib/x86_64-linux-gnu/libm-2.31.so
7f2de0e0c000-7f2de0ea2000 r--p 00000000 08:10 27246                      /usr/lib/x86_64-linux-gnu/libstdc++.so.6.0.28
7f2de0ea2000-7f2de0f93000 r-xp 00096000 08:10 27246                      /usr/lib/x86_64-linux-gnu/libstdc++.so.6.0.28
7f2de0f93000-7f2de0fdc000 r--p 00187000 08:10 27246                      /usr/lib/x86_64-linux-gnu/libstdc++.so.6.0.28
7f2de0fdc000-7f2de0fdd000 ---p 001d0000 08:10 27246                      /usr/lib/x86_64-linux-gnu/libstdc++.so.6.0.28
7f2de0fdd000-7f2de0fe8000 r--p 001d0000 08:10 27246                      /usr/lib/x86_64-linux-gnu/libstdc++.so.6.0.28
7f2de0fe8000-7f2de0feb000 rw-p 001db000 08:10 27246                      /usr/lib/x86_64-linux-gnu/libstdc++.so.6.0.28
7f2de0feb000-7f2de0fee000 rw-p 00000000 00:00 0 
7f2de0fee000-7f2de1270000 r--p 00000000 08:10 51656                      /usr/lib/jvm/java-11-openjdk-amd64/lib/server/libjvm.so
7f2de1270000-7f2de1ef9000 r-xp 00282000 08:10 51656                      /usr/lib/jvm/java-11-openjdk-amd64/lib/server/libjvm.so
7f2de1ef9000-7f2de2156000 r--p 00f0b000 08:10 51656                      /usr/lib/jvm/java-11-openjdk-amd64/lib/server/libjvm.so
7f2de2156000-7f2de2157000 ---p 01168000 08:10 51656                      /usr/lib/jvm/java-11-openjdk-amd64/lib/server/libjvm.so
7f2de2157000-7f2de221b000 r--p 01168000 08:10 51656                      /usr/lib/jvm/java-11-openjdk-amd64/lib/server/libjvm.so
7f2de221b000-7f2de2256000 rw-p 0122c000 08:10 51656                      /usr/lib/jvm/java-11-openjdk-amd64/lib/server/libjvm.so
7f2de2256000-7f2de22af000 rw-p 00000000 00:00 0 
7f2de22af000-7f2de22b5000 r--p 00000000 08:10 44396                      /usr/lib/x86_64-linux-gnu/libpthread-2.31.so
7f2de22b5000-7f2de22c6000 r-xp 00006000 08:10 44396                      /usr/lib/x86_64-linux-gnu/libpthread-2.31.so
7f2de22c6000-7f2de22cc000 r--p 00017000 08:10 44396                      /usr/lib/x86_64-linux-gnu/libpthread-2.31.so
7f2de22cc000-7f2de22cd000 r--p 0001c000 08:10 44396                      /usr/lib/x86_64-linux-gnu/libpthread-2.31.so
7f2de22cd000-7f2de22ce000 rw-p 0001d000 08:10 44396                      /usr/lib/x86_64-linux-gnu/libpthread-2.31.so
7f2de22ce000-7f2de22d2000 rw-p 00000000 00:00 0 
7f2de22d2000-7f2de22d3000 r--p 00000000 08:10 44383                      /usr/lib/x86_64-linux-gnu/libdl-2.31.so
7f2de22d3000-7f2de22d5000 r-xp 00001000 08:10 44383                      /usr/lib/x86_64-linux-gnu/libdl-2.31.so
7f2de22d5000-7f2de22d6000 r--p 00003000 08:10 44383                      /usr/lib/x86_64-linux-gnu/libdl-2.31.so
7f2de22d6000-7f2de22d7000 r--p 00003000 08:10 44383                      /usr/lib/x86_64-linux-gnu/libdl-2.31.so
7f2de22d7000-7f2de22d8000 rw-p 00004000 08:10 44383                      /usr/lib/x86_64-linux-gnu/libdl-2.31.so
7f2de22d8000-7f2de22da000 r--p 00000000 08:10 11221                      /usr/lib/x86_64-linux-gnu/libz.so.1.2.11
7f2de22da000-7f2de22eb000 r-xp 00002000 08:10 11221                      /usr/lib/x86_64-linux-gnu/libz.so.1.2.11
7f2de22eb000-7f2de22f1000 r--p 00013000 08:10 11221                      /usr/lib/x86_64-linux-gnu/libz.so.1.2.11
7f2de22f1000-7f2de22f2000 ---p 00019000 08:10 11221                      /usr/lib/x86_64-linux-gnu/libz.so.1.2.11
7f2de22f2000-7f2de22f3000 r--p 00019000 08:10 11221                      /usr/lib/x86_64-linux-gnu/libz.so.1.2.11
7f2de22f3000-7f2de22f4000 rw-p 0001a000 08:10 11221                      /usr/lib/x86_64-linux-gnu/libz.so.1.2.11
7f2de22f4000-7f2de2316000 r--p 00000000 08:10 44382                      /usr/lib/x86_64-linux-gnu/libc-2.31.so
7f2de2316000-7f2de248e000 r-xp 00022000 08:10 44382                      /usr/lib/x86_64-linux-gnu/libc-2.31.so
7f2de248e000-7f2de24dc000 r--p 0019a000 08:10 44382                      /usr/lib/x86_64-linux-gnu/libc-2.31.so
7f2de24dc000-7f2de24e0000 r--p 001e7000 08:10 44382                      /usr/lib/x86_64-linux-gnu/libc-2.31.so
7f2de24e0000-7f2de24e2000 rw-p 001eb000 08:10 44382                      /usr/lib/x86_64-linux-gnu/libc-2.31.so
7f2de24e2000-7f2de24e6000 rw-p 00000000 00:00 0 
7f2de24e6000-7f2de24e7000 ---p 00000000 00:00 0 
7f2de24e7000-7f2de24e8000 r--p 00000000 00:00 0 
7f2de24e8000-7f2de24ea000 r--p 00000000 08:10 51633                      /usr/lib/jvm/java-11-openjdk-amd64/lib/libjimage.so
7f2de24ea000-7f2de24ed000 r-xp 00002000 08:10 51633                      /usr/lib/jvm/java-11-openjdk-amd64/lib/libjimage.so
7f2de24ed000-7f2de24ee000 r--p 00005000 08:10 51633                      /usr/lib/jvm/java-11-openjdk-amd64/lib/libjimage.so
7f2de24ee000-7f2de24ef000 ---p 00006000 08:10 51633                      /usr/lib/jvm/java-11-openjdk-amd64/lib/libjimage.so
7f2de24ef000-7f2de24f0000 r--p 00006000 08:10 51633                      /usr/lib/jvm/java-11-openjdk-amd64/lib/libjimage.so
7f2de24f0000-7f2de24f1000 rw-p 00007000 08:10 51633                      /usr/lib/jvm/java-11-openjdk-amd64/lib/libjimage.so
7f2de24f1000-7f2de24f4000 r--p 00000000 08:10 51615                      /usr/lib/jvm/java-11-openjdk-amd64/lib/jli/libjli.so
7f2de24f4000-7f2de24fe000 r-xp 00003000 08:10 51615                      /usr/lib/jvm/java-11-openjdk-amd64/lib/jli/libjli.so
7f2de24fe000-7f2de2501000 r--p 0000d000 08:10 51615                      /usr/lib/jvm/java-11-openjdk-amd64/lib/jli/libjli.so
7f2de2501000-7f2de2502000 ---p 00010000 08:10 51615                      /usr/lib/jvm/java-11-openjdk-amd64/lib/jli/libjli.so
7f2de2502000-7f2de2503000 r--p 00010000 08:10 51615                      /usr/lib/jvm/java-11-openjdk-amd64/lib/jli/libjli.so
7f2de2503000-7f2de2504000 rw-p 00011000 08:10 51615                      /usr/lib/jvm/java-11-openjdk-amd64/lib/jli/libjli.so
7f2de2504000-7f2de2506000 rw-p 00000000 00:00 0 
7f2de2506000-7f2de2507000 r--p 00000000 08:10 44378                      /usr/lib/x86_64-linux-gnu/ld-2.31.so
7f2de2507000-7f2de252a000 r-xp 00001000 08:10 44378                      /usr/lib/x86_64-linux-gnu/ld-2.31.so
7f2de252a000-7f2de2532000 r--p 00024000 08:10 44378                      /usr/lib/x86_64-linux-gnu/ld-2.31.so
7f2de2532000-7f2de2533000 r--p 00000000 08:10 12356                      /usr/lib/locale/C.UTF-8/LC_IDENTIFICATION
7f2de2533000-7f2de2534000 r--p 0002c000 08:10 44378                      /usr/lib/x86_64-linux-gnu/ld-2.31.so
7f2de2534000-7f2de2535000 rw-p 0002d000 08:10 44378                      /usr/lib/x86_64-linux-gnu/ld-2.31.so
7f2de2535000-7f2de2536000 rw-p 00000000 00:00 0 
7fffc0549000-7fffc056b000 rw-p 00000000 00:00 0                          [stack]
7fffc0572000-7fffc0576000 r--p 00000000 00:00 0                          [vvar]
7fffc0576000-7fffc0577000 r-xp 00000000 00:00 0                          [vdso]


VM Arguments:
jvm_args: -agentlib:jdwp=transport=dt_socket,address=*:12345,suspend=y,server=y -Dfile.encoding=UTF-8 
java_command: Main ./tests/test1.sysy ./tests/test1_ans.txt
java_class_path (initial): /root/CompilerLab/Lab/target/classes:/usr/local/lib/antlr-4.10.1-complete.jar:/root/.m2/repository/org/bytedeco/llvm-platform/13.0.1-1.5.7/llvm-platform-13.0.1-1.5.7.jar:/root/.m2/repository/org/bytedeco/javacpp-platform/1.5.7/javacpp-platform-1.5.7.jar:/root/.m2/repository/org/bytedeco/javacpp/1.5.7/javacpp-1.5.7.jar:/root/.m2/repository/org/bytedeco/javacpp/1.5.7/javacpp-1.5.7-android-arm.jar:/root/.m2/repository/org/bytedeco/javacpp/1.5.7/javacpp-1.5.7-android-arm64.jar:/root/.m2/repository/org/bytedeco/javacpp/1.5.7/javacpp-1.5.7-android-x86.jar:/root/.m2/repository/org/bytedeco/javacpp/1.5.7/javacpp-1.5.7-android-x86_64.jar:/root/.m2/repository/org/bytedeco/javacpp/1.5.7/javacpp-1.5.7-ios-arm64.jar:/root/.m2/repository/org/bytedeco/javacpp/1.5.7/javacpp-1.5.7-ios-x86_64.jar:/root/.m2/repository/org/bytedeco/javacpp/1.5.7/javacpp-1.5.7-linux-armhf.jar:/root/.m2/repository/org/bytedeco/javacpp/1.5.7/javacpp-1.5.7-linux-arm64.jar:/root/.m2/repository/org/bytedeco/javacpp/1.5.7/javacpp-1.5.7-linux-ppc64le.jar:/root/.m2/repository/org/bytedeco/javacpp/1.5.7/javacpp-1.5.7-linux-x86.jar:/root/.m2/repository/org/bytedeco/javacpp/1.5.7/javacpp-1.5.7-linux-x86_64.jar:/root/.m2/repository/org/bytedeco/javacpp/1.5.7/javacpp-1.5.7-macosx-arm64.jar:/root/.m2/repository/org/bytedeco/javacpp/1.5.7/javacpp-1.5.7-macosx-x86_64.jar:/root/.m2/repository/org/bytedeco/javacpp/1.5.7/javacpp-1.5.7-windows-x86.jar:/root/.m2/repository/org/bytedeco/javacpp/1.5.7/javacpp-1.5.7-windows-x86_64.jar:/root/.m2/repository/org/bytedeco/llvm/13.0.1-1.5.7/llvm-13.0.1-1.5.7.jar:/root/.m2/repository/org/bytedeco/llvm/13.0.1-1.5.7/llvm-13.0.1-1.5.7-linux-x86.jar:/root/.m2/repository/org/bytedeco/llvm/13.0.1-1.5.7/llvm-13.0.1-1.5.7-linux-x86_64.jar:/root/.m2/repository/org/bytedeco/llvm/13.0.1-1.5.7/llvm-13.0.1-1.5.7-linux-armhf.jar:/root/.m2/repository/org/bytedeco/llvm/13.0.1-1.5.7/llvm-13.0.1-1.5.7-linux-arm64.jar:/root/.m2/repository/org/bytedeco/llvm/13.0.1-1.5.7/llv
Launcher Type: SUN_STANDARD

[Global flags]
     intx CICompilerCount                          = 4                                         {product} {ergonomic}
     uint ConcGCThreads                            = 2                                         {product} {ergonomic}
     uint G1ConcRefinementThreads                  = 8                                         {product} {ergonomic}
   size_t G1HeapRegionSize                         = 1048576                                   {product} {ergonomic}
    uintx GCDrainStackTargetSize                   = 64                                        {product} {ergonomic}
   size_t InitialHeapSize                          = 207618048                                 {product} {ergonomic}
   size_t MarkStackSize                            = 4194304                                   {product} {ergonomic}
   size_t MaxHeapSize                              = 3305111552                                {product} {ergonomic}
   size_t MaxNewSize                               = 1982857216                                {product} {ergonomic}
   size_t MinHeapDeltaBytes                        = 1048576                                   {product} {ergonomic}
    uintx NonNMethodCodeHeapSize                   = 5836300                                {pd product} {ergonomic}
    uintx NonProfiledCodeHeapSize                  = 122910970                              {pd product} {ergonomic}
    uintx ProfiledCodeHeapSize                     = 122910970                              {pd product} {ergonomic}
    uintx ReservedCodeCacheSize                    = 251658240                              {pd product} {ergonomic}
     bool SegmentedCodeCache                       = true                                      {product} {ergonomic}
     bool UseCompressedClassPointers               = true                                 {lp64_product} {ergonomic}
     bool UseCompressedOops                        = true                                 {lp64_product} {ergonomic}
     bool UseG1GC                                  = true                                      {product} {ergonomic}

Logging:
Log output configuration:
 #0: stdout all=warning uptime,level,tags
 #1: stderr all=off uptime,level,tags

Environment Variables:
PATH=/usr/local/sbin:/usr/local/bin:/usr/sbin:/usr/bin:/sbin:/bin:/usr/games:/usr/local/games:/usr/lib/wsl/lib:/mnt/c/Program Files (x86)/Common Files/Oracle/Java/javapath:/mnt/c/Python310/Scripts/:/mnt/c/Python310/:/mnt/c/Program Files/MySQL/MySQL Server 8.0/bin:/mnt/c/Windows/system32:/mnt/c/Windows:/mnt/c/Windows/System32/Wbem:/mnt/c/Windows/System32/WindowsPowerShell/v1.0/:/mnt/c/Windows/System32/OpenSSH/:/mnt/c/ProgramData/chocolatey/bin:/mnt/c/Program Files/Pandoc/:/mnt/d//Ne:/mnt/d/Applications/mingw-w64/x86_64-8.1.0-release-win32-seh-rt_v6-rev0/bin:/mnt/c/Program Files/Java/jdk-15.0.2/bin:/mnt/c/Program Files/Java/jdk-15.0.2/jre/bin:/mnt/d/Applications/scala/bin:/mnt/d/Applications/scala/jre/bin:/mnt/d/Applications/Prince/engine/bin:/mnt/d/Applications/Maven/apache-maven-3.8.6/bin:/mnt/c/Program Files/Git/cmd:/mnt/d//Tencent/web/dll:/mnt/d/Applications/nodejs/:/mnt/c/Users/20125/AppData/Local/Programs/Python/Python38/Scripts/:/mnt/c/Users/20125/AppData/Local/Programs/Python/Python38/:/mnt/c/Users/20125/AppData/Local/Microsoft/WindowsApps:/mnt/c/Program Files/JetBrains/IntelliJ IDEA 2021.3/bin:/mnt/c/Program Files/JetBrains/PyCharm 2021.3.1/bin:/mnt/d//JetBrains/WebStorm 2021.3.1/bin:/mnt/d//JetBrains/CLion 2021.3.2/bin:/mnt/c/Users/20125/AppData/Local/GitHubDesktop/bin:/mnt/d//JetBrains/DataGrip 2021.3.4/bin:/mnt/d/Applications/Microsoft VS Code/bin:/mnt/c/Users/20125/AppData/Local/JetBrains/Toolbox/scripts:/mnt/c/Program Files/jdk-15.0.2/jre/bin:/mnt/c/Program Files/jdk-15.0.2/bin:/mnt/c/Users/20125/AppData/Roaming/npm
SHELL=/bin/sh
HOSTTYPE=x86_64
LANG=C.UTF-8
TERM=xterm-256color

Signal Handlers:
SIGSEGV: [libjvm.so+0xe97eb0], sa_mask[0]=11111111011111111101111111111110, sa_flags=SA_RESTART|SA_SIGINFO
SIGBUS: [libjvm.so+0xe97eb0], sa_mask[0]=11111111011111111101111111111110, sa_flags=SA_RESTART|SA_SIGINFO
SIGFPE: [libjvm.so+0xe97eb0], sa_mask[0]=11111111011111111101111111111110, sa_flags=SA_RESTART|SA_SIGINFO
SIGPIPE: [libjvm.so+0xbde850], sa_mask[0]=11111111011111111101111111111110, sa_flags=SA_RESTART|SA_SIGINFO
SIGXFSZ: [libjvm.so+0xbde850], sa_mask[0]=11111111011111111101111111111110, sa_flags=SA_RESTART|SA_SIGINFO
SIGILL: [libjvm.so+0xe97eb0], sa_mask[0]=11111111011111111101111111111110, sa_flags=SA_RESTART|SA_SIGINFO
SIGUSR2: [libjvm.so+0xbde6f0], sa_mask[0]=00000000000000000000000000000000, sa_flags=SA_RESTART|SA_SIGINFO
SIGHUP: [libjvm.so+0xbde9e0], sa_mask[0]=11111111011111111101111111111110, sa_flags=SA_RESTART|SA_SIGINFO
SIGINT: [libjvm.so+0xbde9e0], sa_mask[0]=11111111011111111101111111111110, sa_flags=SA_RESTART|SA_SIGINFO
SIGTERM: [libjvm.so+0xbde9e0], sa_mask[0]=11111111011111111101111111111110, sa_flags=SA_RESTART|SA_SIGINFO
SIGQUIT: [libjvm.so+0xbde9e0], sa_mask[0]=11111111011111111101111111111110, sa_flags=SA_RESTART|SA_SIGINFO


---------------  S Y S T E M  ---------------

OS:DISTRIB_ID=Ubuntu
DISTRIB_RELEASE=20.04
DISTRIB_CODENAME=focal
DISTRIB_DESCRIPTION="Ubuntu 20.04.5 LTS"
uname:Linux 5.10.16.3-microsoft-standard-WSL2 #1 SMP Fri Apr 2 22:23:49 UTC 2021 x86_64
OS uptime: 0 days 13:19 hours
libc:glibc 2.31 NPTL 2.31 
rlimit (soft/hard): STACK 8192k/infinity , CORE 0k/infinity , NPROC 50409/50409 , NOFILE 4096/4096 , AS infinity/infinity , CPU infinity/infinity , DATA infinity/infinity , FSIZE infinity/infinity , MEMLOCK 64k/64k
load average:1.79 1.10 0.60

/proc/meminfo:
MemTotal:       12909048 kB
MemFree:        12371972 kB
MemAvailable:   12359012 kB
Buffers:           18496 kB
Cached:           194024 kB
SwapCached:            0 kB
Active:           157080 kB
Inactive:         261644 kB
Active(anon):         92 kB
Inactive(anon):   206208 kB
Active(file):     156988 kB
Inactive(file):    55436 kB
Unevictable:           0 kB
Mlocked:               0 kB
SwapTotal:       4194304 kB
SwapFree:        4194304 kB
Dirty:                60 kB
Writeback:             0 kB
AnonPages:        206252 kB
Mapped:            60596 kB
Shmem:                68 kB
KReclaimable:      20260 kB
Slab:              47116 kB
SReclaimable:      20260 kB
SUnreclaim:        26856 kB
KernelStack:        2800 kB
PageTables:         1644 kB
NFS_Unstable:          0 kB
Bounce:                0 kB
WritebackTmp:          0 kB
CommitLimit:    10648828 kB
Committed_AS:     677596 kB
VmallocTotal:   34359738367 kB
VmallocUsed:       22852 kB
VmallocChunk:          0 kB
Percpu:             2432 kB
AnonHugePages:    143360 kB
ShmemHugePages:        0 kB
ShmemPmdMapped:        0 kB
FileHugePages:         0 kB
FilePmdMapped:         0 kB
HugePages_Total:       0
HugePages_Free:        0
HugePages_Rsvd:        0
HugePages_Surp:        0
Hugepagesize:       2048 kB
Hugetlb:               0 kB
DirectMap4k:       17408 kB
DirectMap2M:     3784704 kB
DirectMap1G:     9437184 kB

/sys/kernel/mm/transparent_hugepage/enabled:
[always] madvise never
/sys/kernel/mm/transparent_hugepage/defrag (defrag/compaction efforts parameter):
always defer defer+madvise [madvise] never

Process Memory:
Virtual Size: 6459712K (peak: 14706636K)
Resident Set Size: 111728K (peak: 112868K) (anon: 55712K, file: 56016K, shmem: 0K)
Swapped out: 0K
C-Heap outstanding allocations: 23548K, retained: 9927K
glibc malloc tunables: (default)

/proc/sys/kernel/threads-max (system-wide limit on the number of threads):
100818
/proc/sys/vm/max_map_count (maximum number of memory map areas a process may have):
65530
/proc/sys/kernel/pid_max (system-wide limit on number of process identifiers):
32768

container (cgroup) information:
container_type: cgroupv1
cpu_cpuset_cpus: 0-7
cpu_memory_nodes: 0
active_processor_count: 8
cpu_quota: no quota
cpu_period: 100000
cpu_shares: no shares
memory_limit_in_bytes: unlimited
memory_and_swap_limit_in_bytes: unlimited
memory_soft_limit_in_bytes: unlimited
memory_usage_in_bytes: 418804 k
memory_max_usage_in_bytes: 1186544 k
maximum number of tasks: not supported
current number of tasks: not supported

Hyper-V virtualization detected
Steal ticks since vm start: 0
Steal ticks percentage since vm start:  0.000

CPU:total 8 (initial active 8) (4 cores per cpu, 2 threads per core) family 6 model 140 stepping 1 microcode 0xffffffff, cmov, cx8, fxsr, mmx, sse, sse2, sse3, ssse3, sse4.1, sse4.2, popcnt, avx, avx2, aes, clmul, erms, 3dnowpref, lzcnt, ht, tsc, tscinvbit, bmi1, bmi2, adx, evex, sha, fma
CPU Model and flags from /proc/cpuinfo:
model name	: 11th Gen Intel(R) Core(TM) i7-1165G7 @ 2.80GHz
flags		: fpu vme de pse tsc msr pae mce cx8 apic sep mtrr pge mca cmov pat pse36 clflush mmx fxsr sse sse2 ss ht syscall nx pdpe1gb rdtscp lm constant_tsc rep_good nopl xtopology tsc_reliable nonstop_tsc cpuid pni pclmulqdq ssse3 fma cx16 pcid sse4_1 sse4_2 movbe popcnt aes xsave avx f16c rdrand hypervisor lahf_lm abm 3dnowprefetch invpcid_single ssbd ibrs ibpb stibp ibrs_enhanced fsgsbase bmi1 avx2 smep bmi2 erms invpcid avx512f avx512dq rdseed adx smap avx512ifma clflushopt clwb avx512cd sha_ni avx512bw avx512vl xsaveopt xsavec xgetbv1 xsaves avx512vbmi umip avx512_vbmi2 gfni vaes vpclmulqdq avx512_vnni avx512_bitalg avx512_vpopcntdq rdpid fsrm avx512_vp2intersect flush_l1d arch_capabilities
Online cpus:
0-7
Offline cpus:

BIOS frequency limitation:
<Not Available>
Frequency switch latency (ns):
<Not Available>
Available cpu frequencies:
<Not Available>
Current governor:
<Not Available>
Core performance/turbo boost:
<Not Available>

Memory: 4k page, physical 12909048k(12371972k free), swap 4194304k(4194304k free)

vm_info: OpenJDK 64-Bit Server VM (11.0.17+8-post-Ubuntu-1ubuntu220.04) for linux-amd64 JRE (11.0.17+8-post-Ubuntu-1ubuntu220.04), built on Oct 25 2022 09:30:51 by "unknown" with gcc 9.4.0

END.
